[Fri Apr 14 18:24:02 2023|main.py|INFO] Task: raw_CNN_noAug_MSE_lr0.3
[Fri Apr 14 18:24:02 2023|main.py|INFO] Using device: cuda
[Fri Apr 14 18:24:02 2023|main.py|INFO] Using config: config/raw_CNN_noAug_MSE_lr0.3.yaml
[Fri Apr 14 18:24:02 2023|main.py|INFO] Train path: data/training_images_full_train.npz
[Fri Apr 14 18:24:02 2023|main.py|INFO] Test path: data/training_images_full_test.npz
[Fri Apr 14 18:24:02 2023|main.py|INFO] Train augment: False
[Fri Apr 14 18:24:02 2023|main.py|INFO] Learning rate: 0.3
[Fri Apr 14 18:24:02 2023|main.py|INFO] Batch size: 16
[Fri Apr 14 18:24:02 2023|main.py|INFO] Num epochs: 100
[Fri Apr 14 18:24:02 2023|main.py|INFO] Save model: True
[Fri Apr 14 18:24:02 2023|main.py|INFO] Loss: MSE
[Fri Apr 14 18:24:02 2023|main.py|INFO] Log path: logs/raw_CNN_noAug_MSE_lr0.3/2023-04-14_18-24-02.log
[Fri Apr 14 18:24:02 2023|main.py|INFO] Writer path: runs/raw_CNN_noAug_MSE_lr0.3/2023-04-14_18-24-02
[Fri Apr 14 18:24:02 2023|main.py|INFO] Model name: resnet18
[Fri Apr 14 18:24:02 2023|main.py|INFO] Num outputs: 88
[Fri Apr 14 18:24:02 2023|main.py|INFO] Pretrained: True
[Fri Apr 14 18:24:02 2023|main.py|INFO] Load model: False
[Fri Apr 14 18:24:02 2023|main.py|INFO] Load path: None
[Fri Apr 14 18:24:02 2023|main.py|INFO] Loading data...
[Fri Apr 14 18:24:02 2023|main.py|INFO] Load dataset for raw_CNN_noAug_MSE_lr0.3
[Fri Apr 14 18:24:03 2023|main.py|INFO] Initializing network resnet18 with 88 outputs...
[Fri Apr 14 18:24:08 2023|main.py|INFO] Network: ResNet(
  (conv1): Conv2d(3, 64, kernel_size=(7, 7), stride=(2, 2), padding=(3, 3), bias=False)
  (bn1): BatchNorm2d(64, eps=1e-05, momentum=0.1, affine=True, track_running_stats=True)
  (relu): ReLU(inplace=True)
  (maxpool): MaxPool2d(kernel_size=3, stride=2, padding=1, dilation=1, ceil_mode=False)
  (layer1): Sequential(
    (0): BasicBlock(
      (conv1): Conv2d(64, 64, kernel_size=(3, 3), stride=(1, 1), padding=(1, 1), bias=False)
      (bn1): BatchNorm2d(64, eps=1e-05, momentum=0.1, affine=True, track_running_stats=True)
      (relu): ReLU(inplace=True)
      (conv2): Conv2d(64, 64, kernel_size=(3, 3), stride=(1, 1), padding=(1, 1), bias=False)
      (bn2): BatchNorm2d(64, eps=1e-05, momentum=0.1, affine=True, track_running_stats=True)
    )
    (1): BasicBlock(
      (conv1): Conv2d(64, 64, kernel_size=(3, 3), stride=(1, 1), padding=(1, 1), bias=False)
      (bn1): BatchNorm2d(64, eps=1e-05, momentum=0.1, affine=True, track_running_stats=True)
      (relu): ReLU(inplace=True)
      (conv2): Conv2d(64, 64, kernel_size=(3, 3), stride=(1, 1), padding=(1, 1), bias=False)
      (bn2): BatchNorm2d(64, eps=1e-05, momentum=0.1, affine=True, track_running_stats=True)
    )
  )
  (layer2): Sequential(
    (0): BasicBlock(
      (conv1): Conv2d(64, 128, kernel_size=(3, 3), stride=(2, 2), padding=(1, 1), bias=False)
      (bn1): BatchNorm2d(128, eps=1e-05, momentum=0.1, affine=True, track_running_stats=True)
      (relu): ReLU(inplace=True)
      (conv2): Conv2d(128, 128, kernel_size=(3, 3), stride=(1, 1), padding=(1, 1), bias=False)
      (bn2): BatchNorm2d(128, eps=1e-05, momentum=0.1, affine=True, track_running_stats=True)
      (downsample): Sequential(
        (0): Conv2d(64, 128, kernel_size=(1, 1), stride=(2, 2), bias=False)
        (1): BatchNorm2d(128, eps=1e-05, momentum=0.1, affine=True, track_running_stats=True)
      )
    )
    (1): BasicBlock(
      (conv1): Conv2d(128, 128, kernel_size=(3, 3), stride=(1, 1), padding=(1, 1), bias=False)
      (bn1): BatchNorm2d(128, eps=1e-05, momentum=0.1, affine=True, track_running_stats=True)
      (relu): ReLU(inplace=True)
      (conv2): Conv2d(128, 128, kernel_size=(3, 3), stride=(1, 1), padding=(1, 1), bias=False)
      (bn2): BatchNorm2d(128, eps=1e-05, momentum=0.1, affine=True, track_running_stats=True)
    )
  )
  (layer3): Sequential(
    (0): BasicBlock(
      (conv1): Conv2d(128, 256, kernel_size=(3, 3), stride=(2, 2), padding=(1, 1), bias=False)
      (bn1): BatchNorm2d(256, eps=1e-05, momentum=0.1, affine=True, track_running_stats=True)
      (relu): ReLU(inplace=True)
      (conv2): Conv2d(256, 256, kernel_size=(3, 3), stride=(1, 1), padding=(1, 1), bias=False)
      (bn2): BatchNorm2d(256, eps=1e-05, momentum=0.1, affine=True, track_running_stats=True)
      (downsample): Sequential(
        (0): Conv2d(128, 256, kernel_size=(1, 1), stride=(2, 2), bias=False)
        (1): BatchNorm2d(256, eps=1e-05, momentum=0.1, affine=True, track_running_stats=True)
      )
    )
    (1): BasicBlock(
      (conv1): Conv2d(256, 256, kernel_size=(3, 3), stride=(1, 1), padding=(1, 1), bias=False)
      (bn1): BatchNorm2d(256, eps=1e-05, momentum=0.1, affine=True, track_running_stats=True)
      (relu): ReLU(inplace=True)
      (conv2): Conv2d(256, 256, kernel_size=(3, 3), stride=(1, 1), padding=(1, 1), bias=False)
      (bn2): BatchNorm2d(256, eps=1e-05, momentum=0.1, affine=True, track_running_stats=True)
    )
  )
  (layer4): Sequential(
    (0): BasicBlock(
      (conv1): Conv2d(256, 512, kernel_size=(3, 3), stride=(2, 2), padding=(1, 1), bias=False)
      (bn1): BatchNorm2d(512, eps=1e-05, momentum=0.1, affine=True, track_running_stats=True)
      (relu): ReLU(inplace=True)
      (conv2): Conv2d(512, 512, kernel_size=(3, 3), stride=(1, 1), padding=(1, 1), bias=False)
      (bn2): BatchNorm2d(512, eps=1e-05, momentum=0.1, affine=True, track_running_stats=True)
      (downsample): Sequential(
        (0): Conv2d(256, 512, kernel_size=(1, 1), stride=(2, 2), bias=False)
        (1): BatchNorm2d(512, eps=1e-05, momentum=0.1, affine=True, track_running_stats=True)
      )
    )
    (1): BasicBlock(
      (conv1): Conv2d(512, 512, kernel_size=(3, 3), stride=(1, 1), padding=(1, 1), bias=False)
      (bn1): BatchNorm2d(512, eps=1e-05, momentum=0.1, affine=True, track_running_stats=True)
      (relu): ReLU(inplace=True)
      (conv2): Conv2d(512, 512, kernel_size=(3, 3), stride=(1, 1), padding=(1, 1), bias=False)
      (bn2): BatchNorm2d(512, eps=1e-05, momentum=0.1, affine=True, track_running_stats=True)
    )
  )
  (avgpool): AdaptiveAvgPool2d(output_size=(1, 1))
  (fc): Linear(in_features=512, out_features=88, bias=True)
)
[Fri Apr 14 18:24:08 2023|main.py|INFO] Initializing loss and optimizer...
[Fri Apr 14 18:24:08 2023|main.py|INFO] Loss: MSE
[Fri Apr 14 18:24:08 2023|main.py|INFO] Optimizer: Adam
[Fri Apr 14 18:24:08 2023|main.py|INFO] Initializing tensorboard writer at: runs/raw_CNN_noAug_MSE_lr0.3/2023-04-14_18-24-02
[Fri Apr 14 18:24:08 2023|main.py|INFO] Training network...
[Fri Apr 14 18:24:17 2023|main.py|INFO] EPOCH [1/100] Train NME: 4.63606
[Fri Apr 14 18:24:17 2023|main.py|INFO] EPOCH [1/100] Test NME: 2.31838
[Fri Apr 14 18:24:17 2023|main.py|INFO] EPOCH [1/100] Learning rate: 0.30000
[Fri Apr 14 18:24:17 2023|main.py|INFO] EPOCH [1/100] NME improved from 1000.00000 to 2.31838
[Fri Apr 14 18:24:17 2023|main.py|INFO] EPOCH [1/100] Saving model to: checkpoints/raw_CNN_noAug_MSE_lr0.3/2023-04-14_18-24-17_epoch_1_NME_2.31838.pth.tar
[Fri Apr 14 18:24:21 2023|main.py|INFO] EPOCH [2/100] Train NME: 2.26680
[Fri Apr 14 18:24:22 2023|main.py|INFO] EPOCH [2/100] Test NME: 2.27779
[Fri Apr 14 18:24:22 2023|main.py|INFO] EPOCH [2/100] Learning rate: 0.24000
[Fri Apr 14 18:24:22 2023|main.py|INFO] EPOCH [2/100] NME improved from 2.31838 to 2.27779
[Fri Apr 14 18:24:22 2023|main.py|INFO] EPOCH [2/100] Saving model to: checkpoints/raw_CNN_noAug_MSE_lr0.3/2023-04-14_18-24-22_epoch_2_NME_2.27779.pth.tar
[Fri Apr 14 18:24:25 2023|main.py|INFO] EPOCH [3/100] Train NME: 2.24280
[Fri Apr 14 18:24:26 2023|main.py|INFO] EPOCH [3/100] Test NME: 2.29334
[Fri Apr 14 18:24:26 2023|main.py|INFO] EPOCH [3/100] Learning rate: 0.19200
[Fri Apr 14 18:24:30 2023|main.py|INFO] EPOCH [4/100] Train NME: 2.25151
[Fri Apr 14 18:24:31 2023|main.py|INFO] EPOCH [4/100] Test NME: 2.30050
[Fri Apr 14 18:24:31 2023|main.py|INFO] EPOCH [4/100] Learning rate: 0.15360
[Fri Apr 14 18:24:34 2023|main.py|INFO] EPOCH [5/100] Train NME: 2.23123
[Fri Apr 14 18:24:35 2023|main.py|INFO] EPOCH [5/100] Test NME: 2.13697
[Fri Apr 14 18:24:35 2023|main.py|INFO] EPOCH [5/100] Learning rate: 0.12288
[Fri Apr 14 18:24:35 2023|main.py|INFO] EPOCH [5/100] NME improved from 2.27779 to 2.13697
[Fri Apr 14 18:24:35 2023|main.py|INFO] EPOCH [5/100] Saving model to: checkpoints/raw_CNN_noAug_MSE_lr0.3/2023-04-14_18-24-35_epoch_5_NME_2.13697.pth.tar
[Fri Apr 14 18:24:39 2023|main.py|INFO] EPOCH [6/100] Train NME: 2.21541
[Fri Apr 14 18:24:39 2023|main.py|INFO] EPOCH [6/100] Test NME: 2.08120
[Fri Apr 14 18:24:39 2023|main.py|INFO] EPOCH [6/100] Learning rate: 0.09830
[Fri Apr 14 18:24:39 2023|main.py|INFO] EPOCH [6/100] NME improved from 2.13697 to 2.08120
[Fri Apr 14 18:24:39 2023|main.py|INFO] EPOCH [6/100] Saving model to: checkpoints/raw_CNN_noAug_MSE_lr0.3/2023-04-14_18-24-39_epoch_6_NME_2.08120.pth.tar
[Fri Apr 14 18:24:43 2023|main.py|INFO] EPOCH [7/100] Train NME: 2.13374
[Fri Apr 14 18:24:44 2023|main.py|INFO] EPOCH [7/100] Test NME: 2.09850
[Fri Apr 14 18:24:44 2023|main.py|INFO] EPOCH [7/100] Learning rate: 0.07864
[Fri Apr 14 18:24:47 2023|main.py|INFO] EPOCH [8/100] Train NME: 2.10842
[Fri Apr 14 18:24:48 2023|main.py|INFO] EPOCH [8/100] Test NME: 2.17533
[Fri Apr 14 18:24:48 2023|main.py|INFO] EPOCH [8/100] Learning rate: 0.06291
[Fri Apr 14 18:24:52 2023|main.py|INFO] EPOCH [9/100] Train NME: 2.04633
[Fri Apr 14 18:24:52 2023|main.py|INFO] EPOCH [9/100] Test NME: 2.00983
[Fri Apr 14 18:24:52 2023|main.py|INFO] EPOCH [9/100] Learning rate: 0.05033
[Fri Apr 14 18:24:52 2023|main.py|INFO] EPOCH [9/100] NME improved from 2.08120 to 2.00983
[Fri Apr 14 18:24:52 2023|main.py|INFO] EPOCH [9/100] Saving model to: checkpoints/raw_CNN_noAug_MSE_lr0.3/2023-04-14_18-24-52_epoch_9_NME_2.00983.pth.tar
[Fri Apr 14 18:24:56 2023|main.py|INFO] EPOCH [10/100] Train NME: 2.02402
[Fri Apr 14 18:24:57 2023|main.py|INFO] EPOCH [10/100] Test NME: 1.94550
[Fri Apr 14 18:24:57 2023|main.py|INFO] EPOCH [10/100] Learning rate: 0.04027
[Fri Apr 14 18:24:57 2023|main.py|INFO] EPOCH [10/100] NME improved from 2.00983 to 1.94550
[Fri Apr 14 18:24:57 2023|main.py|INFO] EPOCH [10/100] Saving model to: checkpoints/raw_CNN_noAug_MSE_lr0.3/2023-04-14_18-24-57_epoch_10_NME_1.94550.pth.tar
[Fri Apr 14 18:25:01 2023|main.py|INFO] EPOCH [11/100] Train NME: 1.99457
[Fri Apr 14 18:25:01 2023|main.py|INFO] EPOCH [11/100] Test NME: 1.92128
[Fri Apr 14 18:25:01 2023|main.py|INFO] EPOCH [11/100] Learning rate: 0.03221
[Fri Apr 14 18:25:01 2023|main.py|INFO] EPOCH [11/100] NME improved from 1.94550 to 1.92128
[Fri Apr 14 18:25:01 2023|main.py|INFO] EPOCH [11/100] Saving model to: checkpoints/raw_CNN_noAug_MSE_lr0.3/2023-04-14_18-25-01_epoch_11_NME_1.92128.pth.tar
[Fri Apr 14 18:25:05 2023|main.py|INFO] EPOCH [12/100] Train NME: 1.93682
[Fri Apr 14 18:25:05 2023|main.py|INFO] EPOCH [12/100] Test NME: 1.96887
[Fri Apr 14 18:25:05 2023|main.py|INFO] EPOCH [12/100] Learning rate: 0.02577
[Fri Apr 14 18:25:09 2023|main.py|INFO] EPOCH [13/100] Train NME: 1.89705
[Fri Apr 14 18:25:10 2023|main.py|INFO] EPOCH [13/100] Test NME: 1.81925
[Fri Apr 14 18:25:10 2023|main.py|INFO] EPOCH [13/100] Learning rate: 0.02062
[Fri Apr 14 18:25:10 2023|main.py|INFO] EPOCH [13/100] NME improved from 1.92128 to 1.81925
[Fri Apr 14 18:25:10 2023|main.py|INFO] EPOCH [13/100] Saving model to: checkpoints/raw_CNN_noAug_MSE_lr0.3/2023-04-14_18-25-10_epoch_13_NME_1.81925.pth.tar
[Fri Apr 14 18:25:14 2023|main.py|INFO] EPOCH [14/100] Train NME: 1.83170
[Fri Apr 14 18:25:14 2023|main.py|INFO] EPOCH [14/100] Test NME: 1.85998
[Fri Apr 14 18:25:14 2023|main.py|INFO] EPOCH [14/100] Learning rate: 0.01649
[Fri Apr 14 18:25:18 2023|main.py|INFO] EPOCH [15/100] Train NME: 1.78719
[Fri Apr 14 18:25:18 2023|main.py|INFO] EPOCH [15/100] Test NME: 1.78113
[Fri Apr 14 18:25:18 2023|main.py|INFO] EPOCH [15/100] Learning rate: 0.01319
[Fri Apr 14 18:25:18 2023|main.py|INFO] EPOCH [15/100] NME improved from 1.81925 to 1.78113
[Fri Apr 14 18:25:18 2023|main.py|INFO] EPOCH [15/100] Saving model to: checkpoints/raw_CNN_noAug_MSE_lr0.3/2023-04-14_18-25-18_epoch_15_NME_1.78113.pth.tar
[Fri Apr 14 18:25:22 2023|main.py|INFO] EPOCH [16/100] Train NME: 1.73393
[Fri Apr 14 18:25:23 2023|main.py|INFO] EPOCH [16/100] Test NME: 1.72981
[Fri Apr 14 18:25:23 2023|main.py|INFO] EPOCH [16/100] Learning rate: 0.01056
[Fri Apr 14 18:25:23 2023|main.py|INFO] EPOCH [16/100] NME improved from 1.78113 to 1.72981
[Fri Apr 14 18:25:23 2023|main.py|INFO] EPOCH [16/100] Saving model to: checkpoints/raw_CNN_noAug_MSE_lr0.3/2023-04-14_18-25-23_epoch_16_NME_1.72981.pth.tar
[Fri Apr 14 18:25:27 2023|main.py|INFO] EPOCH [17/100] Train NME: 1.71178
[Fri Apr 14 18:25:27 2023|main.py|INFO] EPOCH [17/100] Test NME: 1.70355
[Fri Apr 14 18:25:27 2023|main.py|INFO] EPOCH [17/100] Learning rate: 0.00844
[Fri Apr 14 18:25:27 2023|main.py|INFO] EPOCH [17/100] NME improved from 1.72981 to 1.70355
[Fri Apr 14 18:25:27 2023|main.py|INFO] EPOCH [17/100] Saving model to: checkpoints/raw_CNN_noAug_MSE_lr0.3/2023-04-14_18-25-27_epoch_17_NME_1.70355.pth.tar
[Fri Apr 14 18:25:32 2023|main.py|INFO] EPOCH [18/100] Train NME: 1.66958
[Fri Apr 14 18:25:32 2023|main.py|INFO] EPOCH [18/100] Test NME: 1.69421
[Fri Apr 14 18:25:32 2023|main.py|INFO] EPOCH [18/100] Learning rate: 0.00676
[Fri Apr 14 18:25:32 2023|main.py|INFO] EPOCH [18/100] NME improved from 1.70355 to 1.69421
[Fri Apr 14 18:25:32 2023|main.py|INFO] EPOCH [18/100] Saving model to: checkpoints/raw_CNN_noAug_MSE_lr0.3/2023-04-14_18-25-32_epoch_18_NME_1.69421.pth.tar
[Fri Apr 14 18:25:36 2023|main.py|INFO] EPOCH [19/100] Train NME: 1.64093
[Fri Apr 14 18:25:37 2023|main.py|INFO] EPOCH [19/100] Test NME: 1.67015
[Fri Apr 14 18:25:37 2023|main.py|INFO] EPOCH [19/100] Learning rate: 0.00540
[Fri Apr 14 18:25:37 2023|main.py|INFO] EPOCH [19/100] NME improved from 1.69421 to 1.67015
[Fri Apr 14 18:25:37 2023|main.py|INFO] EPOCH [19/100] Saving model to: checkpoints/raw_CNN_noAug_MSE_lr0.3/2023-04-14_18-25-37_epoch_19_NME_1.67015.pth.tar
[Fri Apr 14 18:25:41 2023|main.py|INFO] EPOCH [20/100] Train NME: 1.62173
[Fri Apr 14 18:25:41 2023|main.py|INFO] EPOCH [20/100] Test NME: 1.68673
[Fri Apr 14 18:25:41 2023|main.py|INFO] EPOCH [20/100] Learning rate: 0.00432
[Fri Apr 14 18:25:45 2023|main.py|INFO] EPOCH [21/100] Train NME: 1.61869
[Fri Apr 14 18:25:46 2023|main.py|INFO] EPOCH [21/100] Test NME: 1.64010
[Fri Apr 14 18:25:46 2023|main.py|INFO] EPOCH [21/100] Learning rate: 0.00346
[Fri Apr 14 18:25:46 2023|main.py|INFO] EPOCH [21/100] NME improved from 1.67015 to 1.64010
[Fri Apr 14 18:25:46 2023|main.py|INFO] EPOCH [21/100] Saving model to: checkpoints/raw_CNN_noAug_MSE_lr0.3/2023-04-14_18-25-46_epoch_21_NME_1.64010.pth.tar
[Fri Apr 14 18:25:50 2023|main.py|INFO] EPOCH [22/100] Train NME: 1.58720
[Fri Apr 14 18:25:50 2023|main.py|INFO] EPOCH [22/100] Test NME: 1.64158
[Fri Apr 14 18:25:50 2023|main.py|INFO] EPOCH [22/100] Learning rate: 0.00277
[Fri Apr 14 18:25:54 2023|main.py|INFO] EPOCH [23/100] Train NME: 1.58628
[Fri Apr 14 18:25:55 2023|main.py|INFO] EPOCH [23/100] Test NME: 1.63233
[Fri Apr 14 18:25:55 2023|main.py|INFO] EPOCH [23/100] Learning rate: 0.00221
[Fri Apr 14 18:25:55 2023|main.py|INFO] EPOCH [23/100] NME improved from 1.64010 to 1.63233
[Fri Apr 14 18:25:55 2023|main.py|INFO] EPOCH [23/100] Saving model to: checkpoints/raw_CNN_noAug_MSE_lr0.3/2023-04-14_18-25-55_epoch_23_NME_1.63233.pth.tar
[Fri Apr 14 18:25:59 2023|main.py|INFO] EPOCH [24/100] Train NME: 1.57996
[Fri Apr 14 18:25:59 2023|main.py|INFO] EPOCH [24/100] Test NME: 1.62842
[Fri Apr 14 18:25:59 2023|main.py|INFO] EPOCH [24/100] Learning rate: 0.00177
[Fri Apr 14 18:25:59 2023|main.py|INFO] EPOCH [24/100] NME improved from 1.63233 to 1.62842
[Fri Apr 14 18:25:59 2023|main.py|INFO] EPOCH [24/100] Saving model to: checkpoints/raw_CNN_noAug_MSE_lr0.3/2023-04-14_18-25-59_epoch_24_NME_1.62842.pth.tar
[Fri Apr 14 18:26:04 2023|main.py|INFO] EPOCH [25/100] Train NME: 1.56286
[Fri Apr 14 18:26:04 2023|main.py|INFO] EPOCH [25/100] Test NME: 1.62127
[Fri Apr 14 18:26:04 2023|main.py|INFO] EPOCH [25/100] Learning rate: 0.00142
[Fri Apr 14 18:26:04 2023|main.py|INFO] EPOCH [25/100] NME improved from 1.62842 to 1.62127
[Fri Apr 14 18:26:04 2023|main.py|INFO] EPOCH [25/100] Saving model to: checkpoints/raw_CNN_noAug_MSE_lr0.3/2023-04-14_18-26-04_epoch_25_NME_1.62127.pth.tar
[Fri Apr 14 18:26:08 2023|main.py|INFO] EPOCH [26/100] Train NME: 1.56920
[Fri Apr 14 18:26:09 2023|main.py|INFO] EPOCH [26/100] Test NME: 1.62248
[Fri Apr 14 18:26:09 2023|main.py|INFO] EPOCH [26/100] Learning rate: 0.00113
[Fri Apr 14 18:26:13 2023|main.py|INFO] EPOCH [27/100] Train NME: 1.57275
[Fri Apr 14 18:26:13 2023|main.py|INFO] EPOCH [27/100] Test NME: 1.61444
[Fri Apr 14 18:26:13 2023|main.py|INFO] EPOCH [27/100] Learning rate: 0.00091
[Fri Apr 14 18:26:13 2023|main.py|INFO] EPOCH [27/100] NME improved from 1.62127 to 1.61444
[Fri Apr 14 18:26:13 2023|main.py|INFO] EPOCH [27/100] Saving model to: checkpoints/raw_CNN_noAug_MSE_lr0.3/2023-04-14_18-26-13_epoch_27_NME_1.61444.pth.tar
[Fri Apr 14 18:26:17 2023|main.py|INFO] EPOCH [28/100] Train NME: 1.54842
[Fri Apr 14 18:26:18 2023|main.py|INFO] EPOCH [28/100] Test NME: 1.61098
[Fri Apr 14 18:26:18 2023|main.py|INFO] EPOCH [28/100] Learning rate: 0.00073
[Fri Apr 14 18:26:18 2023|main.py|INFO] EPOCH [28/100] NME improved from 1.61444 to 1.61098
[Fri Apr 14 18:26:18 2023|main.py|INFO] EPOCH [28/100] Saving model to: checkpoints/raw_CNN_noAug_MSE_lr0.3/2023-04-14_18-26-18_epoch_28_NME_1.61098.pth.tar
[Fri Apr 14 18:26:22 2023|main.py|INFO] EPOCH [29/100] Train NME: 1.55737
[Fri Apr 14 18:26:22 2023|main.py|INFO] EPOCH [29/100] Test NME: 1.61149
[Fri Apr 14 18:26:22 2023|main.py|INFO] EPOCH [29/100] Learning rate: 0.00058
[Fri Apr 14 18:26:26 2023|main.py|INFO] EPOCH [30/100] Train NME: 1.55785
[Fri Apr 14 18:26:27 2023|main.py|INFO] EPOCH [30/100] Test NME: 1.61415
[Fri Apr 14 18:26:27 2023|main.py|INFO] EPOCH [30/100] Learning rate: 0.00046
[Fri Apr 14 18:26:31 2023|main.py|INFO] EPOCH [31/100] Train NME: 1.55972
[Fri Apr 14 18:26:31 2023|main.py|INFO] EPOCH [31/100] Test NME: 1.61805
[Fri Apr 14 18:26:31 2023|main.py|INFO] EPOCH [31/100] Learning rate: 0.00037
[Fri Apr 14 18:26:35 2023|main.py|INFO] EPOCH [32/100] Train NME: 1.54751
[Fri Apr 14 18:26:36 2023|main.py|INFO] EPOCH [32/100] Test NME: 1.61747
[Fri Apr 14 18:26:36 2023|main.py|INFO] EPOCH [32/100] Learning rate: 0.00030
[Fri Apr 14 18:26:39 2023|main.py|INFO] EPOCH [33/100] Train NME: 1.55600
[Fri Apr 14 18:26:40 2023|main.py|INFO] EPOCH [33/100] Test NME: 1.61417
[Fri Apr 14 18:26:40 2023|main.py|INFO] EPOCH [33/100] Learning rate: 0.00024
[Fri Apr 14 18:26:44 2023|main.py|INFO] EPOCH [34/100] Train NME: 1.54063
[Fri Apr 14 18:26:45 2023|main.py|INFO] EPOCH [34/100] Test NME: 1.61075
[Fri Apr 14 18:26:45 2023|main.py|INFO] EPOCH [34/100] Learning rate: 0.00019
[Fri Apr 14 18:26:45 2023|main.py|INFO] EPOCH [34/100] NME improved from 1.61098 to 1.61075
[Fri Apr 14 18:26:45 2023|main.py|INFO] EPOCH [34/100] Saving model to: checkpoints/raw_CNN_noAug_MSE_lr0.3/2023-04-14_18-26-45_epoch_34_NME_1.61075.pth.tar
[Fri Apr 14 18:26:48 2023|main.py|INFO] EPOCH [35/100] Train NME: 1.54622
[Fri Apr 14 18:26:49 2023|main.py|INFO] EPOCH [35/100] Test NME: 1.61218
[Fri Apr 14 18:26:49 2023|main.py|INFO] EPOCH [35/100] Learning rate: 0.00015
[Fri Apr 14 18:26:53 2023|main.py|INFO] EPOCH [36/100] Train NME: 1.55149
[Fri Apr 14 18:26:54 2023|main.py|INFO] EPOCH [36/100] Test NME: 1.61238
[Fri Apr 14 18:26:54 2023|main.py|INFO] EPOCH [36/100] Learning rate: 0.00012
[Fri Apr 14 18:26:57 2023|main.py|INFO] EPOCH [37/100] Train NME: 1.54581
[Fri Apr 14 18:26:58 2023|main.py|INFO] EPOCH [37/100] Test NME: 1.61137
[Fri Apr 14 18:26:58 2023|main.py|INFO] EPOCH [37/100] Learning rate: 0.00010
[Fri Apr 14 18:27:02 2023|main.py|INFO] EPOCH [38/100] Train NME: 1.54046
[Fri Apr 14 18:27:02 2023|main.py|INFO] EPOCH [38/100] Test NME: 1.60828
[Fri Apr 14 18:27:02 2023|main.py|INFO] EPOCH [38/100] Learning rate: 0.00008
[Fri Apr 14 18:27:02 2023|main.py|INFO] EPOCH [38/100] NME improved from 1.61075 to 1.60828
[Fri Apr 14 18:27:02 2023|main.py|INFO] EPOCH [38/100] Saving model to: checkpoints/raw_CNN_noAug_MSE_lr0.3/2023-04-14_18-27-02_epoch_38_NME_1.60828.pth.tar
[Fri Apr 14 18:27:06 2023|main.py|INFO] EPOCH [39/100] Train NME: 1.53434
[Fri Apr 14 18:27:06 2023|main.py|INFO] EPOCH [39/100] Test NME: 1.61543
[Fri Apr 14 18:27:06 2023|main.py|INFO] EPOCH [39/100] Learning rate: 0.00006
[Fri Apr 14 18:27:10 2023|main.py|INFO] EPOCH [40/100] Train NME: 1.54971
[Fri Apr 14 18:27:11 2023|main.py|INFO] EPOCH [40/100] Test NME: 1.61036
[Fri Apr 14 18:27:11 2023|main.py|INFO] EPOCH [40/100] Learning rate: 0.00005
[Fri Apr 14 18:27:15 2023|main.py|INFO] EPOCH [41/100] Train NME: 1.53863
[Fri Apr 14 18:27:15 2023|main.py|INFO] EPOCH [41/100] Test NME: 1.61217
[Fri Apr 14 18:27:15 2023|main.py|INFO] EPOCH [41/100] Learning rate: 0.00004
[Fri Apr 14 18:27:19 2023|main.py|INFO] EPOCH [42/100] Train NME: 1.54443
[Fri Apr 14 18:27:19 2023|main.py|INFO] EPOCH [42/100] Test NME: 1.60829
[Fri Apr 14 18:27:19 2023|main.py|INFO] EPOCH [42/100] Learning rate: 0.00003
[Fri Apr 14 18:27:23 2023|main.py|INFO] EPOCH [43/100] Train NME: 1.53274
[Fri Apr 14 18:27:23 2023|main.py|INFO] EPOCH [43/100] Test NME: 1.60672
[Fri Apr 14 18:27:23 2023|main.py|INFO] EPOCH [43/100] Learning rate: 0.00003
[Fri Apr 14 18:27:23 2023|main.py|INFO] EPOCH [43/100] NME improved from 1.60828 to 1.60672
[Fri Apr 14 18:27:23 2023|main.py|INFO] EPOCH [43/100] Saving model to: checkpoints/raw_CNN_noAug_MSE_lr0.3/2023-04-14_18-27-23_epoch_43_NME_1.60672.pth.tar
[Fri Apr 14 18:27:27 2023|main.py|INFO] EPOCH [44/100] Train NME: 1.53467
[Fri Apr 14 18:27:28 2023|main.py|INFO] EPOCH [44/100] Test NME: 1.61154
[Fri Apr 14 18:27:28 2023|main.py|INFO] EPOCH [44/100] Learning rate: 0.00002
[Fri Apr 14 18:27:32 2023|main.py|INFO] EPOCH [45/100] Train NME: 1.54182
[Fri Apr 14 18:27:32 2023|main.py|INFO] EPOCH [45/100] Test NME: 1.61536
[Fri Apr 14 18:27:32 2023|main.py|INFO] EPOCH [45/100] Learning rate: 0.00002
[Fri Apr 14 18:27:36 2023|main.py|INFO] EPOCH [46/100] Train NME: 1.54430
[Fri Apr 14 18:27:36 2023|main.py|INFO] EPOCH [46/100] Test NME: 1.60819
[Fri Apr 14 18:27:36 2023|main.py|INFO] EPOCH [46/100] Learning rate: 0.00001
[Fri Apr 14 18:27:40 2023|main.py|INFO] EPOCH [47/100] Train NME: 1.53877
[Fri Apr 14 18:27:41 2023|main.py|INFO] EPOCH [47/100] Test NME: 1.60926
[Fri Apr 14 18:27:41 2023|main.py|INFO] EPOCH [47/100] Learning rate: 0.00001
[Fri Apr 14 18:27:44 2023|main.py|INFO] EPOCH [48/100] Train NME: 1.53963
[Fri Apr 14 18:27:45 2023|main.py|INFO] EPOCH [48/100] Test NME: 1.60994
[Fri Apr 14 18:27:45 2023|main.py|INFO] EPOCH [48/100] Learning rate: 0.00001
[Fri Apr 14 18:27:48 2023|main.py|INFO] EPOCH [49/100] Train NME: 1.53647
[Fri Apr 14 18:27:49 2023|main.py|INFO] EPOCH [49/100] Test NME: 1.61171
[Fri Apr 14 18:27:49 2023|main.py|INFO] EPOCH [49/100] Learning rate: 0.00001
[Fri Apr 14 18:27:53 2023|main.py|INFO] EPOCH [50/100] Train NME: 1.55574
[Fri Apr 14 18:27:53 2023|main.py|INFO] EPOCH [50/100] Test NME: 1.61010
[Fri Apr 14 18:27:53 2023|main.py|INFO] EPOCH [50/100] Learning rate: 0.00001
[Fri Apr 14 18:27:57 2023|main.py|INFO] EPOCH [51/100] Train NME: 1.54430
[Fri Apr 14 18:27:57 2023|main.py|INFO] EPOCH [51/100] Test NME: 1.60985
[Fri Apr 14 18:27:57 2023|main.py|INFO] EPOCH [51/100] Learning rate: 0.00000
[Fri Apr 14 18:28:01 2023|main.py|INFO] EPOCH [52/100] Train NME: 1.54446
[Fri Apr 14 18:28:02 2023|main.py|INFO] EPOCH [52/100] Test NME: 1.60821
[Fri Apr 14 18:28:02 2023|main.py|INFO] EPOCH [52/100] Learning rate: 0.00000
[Fri Apr 14 18:28:06 2023|main.py|INFO] EPOCH [53/100] Train NME: 1.54016
[Fri Apr 14 18:28:06 2023|main.py|INFO] EPOCH [53/100] Test NME: 1.61110
[Fri Apr 14 18:28:06 2023|main.py|INFO] EPOCH [53/100] Learning rate: 0.00000
[Fri Apr 14 18:28:10 2023|main.py|INFO] EPOCH [54/100] Train NME: 1.53830
[Fri Apr 14 18:28:10 2023|main.py|INFO] EPOCH [54/100] Test NME: 1.60426
[Fri Apr 14 18:28:10 2023|main.py|INFO] EPOCH [54/100] Learning rate: 0.00000
[Fri Apr 14 18:28:10 2023|main.py|INFO] EPOCH [54/100] NME improved from 1.60672 to 1.60426
[Fri Apr 14 18:28:10 2023|main.py|INFO] EPOCH [54/100] Saving model to: checkpoints/raw_CNN_noAug_MSE_lr0.3/2023-04-14_18-28-10_epoch_54_NME_1.60426.pth.tar
[Fri Apr 14 18:28:14 2023|main.py|INFO] EPOCH [55/100] Train NME: 1.53935
[Fri Apr 14 18:28:15 2023|main.py|INFO] EPOCH [55/100] Test NME: 1.60558
[Fri Apr 14 18:28:15 2023|main.py|INFO] EPOCH [55/100] Learning rate: 0.00000
[Fri Apr 14 18:28:18 2023|main.py|INFO] EPOCH [56/100] Train NME: 1.53295
[Fri Apr 14 18:28:19 2023|main.py|INFO] EPOCH [56/100] Test NME: 1.61033
[Fri Apr 14 18:28:19 2023|main.py|INFO] EPOCH [56/100] Learning rate: 0.00000
[Fri Apr 14 18:28:23 2023|main.py|INFO] EPOCH [57/100] Train NME: 1.54944
[Fri Apr 14 18:28:23 2023|main.py|INFO] EPOCH [57/100] Test NME: 1.60854
[Fri Apr 14 18:28:23 2023|main.py|INFO] EPOCH [57/100] Learning rate: 0.00000
[Fri Apr 14 18:28:27 2023|main.py|INFO] EPOCH [58/100] Train NME: 1.53990
[Fri Apr 14 18:28:27 2023|main.py|INFO] EPOCH [58/100] Test NME: 1.61092
[Fri Apr 14 18:28:27 2023|main.py|INFO] EPOCH [58/100] Learning rate: 0.00000
[Fri Apr 14 18:28:31 2023|main.py|INFO] EPOCH [59/100] Train NME: 1.54095
[Fri Apr 14 18:28:32 2023|main.py|INFO] EPOCH [59/100] Test NME: 1.61009
[Fri Apr 14 18:28:32 2023|main.py|INFO] EPOCH [59/100] Learning rate: 0.00000
[Fri Apr 14 18:28:35 2023|main.py|INFO] EPOCH [60/100] Train NME: 1.55005
[Fri Apr 14 18:28:36 2023|main.py|INFO] EPOCH [60/100] Test NME: 1.61068
[Fri Apr 14 18:28:36 2023|main.py|INFO] EPOCH [60/100] Learning rate: 0.00000
[Fri Apr 14 18:28:40 2023|main.py|INFO] EPOCH [61/100] Train NME: 1.54787
[Fri Apr 14 18:28:41 2023|main.py|INFO] EPOCH [61/100] Test NME: 1.61721
[Fri Apr 14 18:28:41 2023|main.py|INFO] EPOCH [61/100] Learning rate: 0.00000
[Fri Apr 14 18:28:44 2023|main.py|INFO] EPOCH [62/100] Train NME: 1.53317
[Fri Apr 14 18:28:45 2023|main.py|INFO] EPOCH [62/100] Test NME: 1.60981
[Fri Apr 14 18:28:45 2023|main.py|INFO] EPOCH [62/100] Learning rate: 0.00000
[Fri Apr 14 18:28:49 2023|main.py|INFO] EPOCH [63/100] Train NME: 1.55616
[Fri Apr 14 18:28:49 2023|main.py|INFO] EPOCH [63/100] Test NME: 1.60489
[Fri Apr 14 18:28:49 2023|main.py|INFO] EPOCH [63/100] Learning rate: 0.00000
[Fri Apr 14 18:28:53 2023|main.py|INFO] EPOCH [64/100] Train NME: 1.53857
[Fri Apr 14 18:28:53 2023|main.py|INFO] EPOCH [64/100] Test NME: 1.60652
[Fri Apr 14 18:28:53 2023|main.py|INFO] EPOCH [64/100] Learning rate: 0.00000
[Fri Apr 14 18:28:57 2023|main.py|INFO] EPOCH [65/100] Train NME: 1.54198
[Fri Apr 14 18:28:58 2023|main.py|INFO] EPOCH [65/100] Test NME: 1.60509
[Fri Apr 14 18:28:58 2023|main.py|INFO] EPOCH [65/100] Learning rate: 0.00000
[Fri Apr 14 18:29:02 2023|main.py|INFO] EPOCH [66/100] Train NME: 1.54586
[Fri Apr 14 18:29:02 2023|main.py|INFO] EPOCH [66/100] Test NME: 1.61252
[Fri Apr 14 18:29:02 2023|main.py|INFO] EPOCH [66/100] Learning rate: 0.00000
[Fri Apr 14 18:29:06 2023|main.py|INFO] EPOCH [67/100] Train NME: 1.54467
[Fri Apr 14 18:29:07 2023|main.py|INFO] EPOCH [67/100] Test NME: 1.61508
[Fri Apr 14 18:29:07 2023|main.py|INFO] EPOCH [67/100] Learning rate: 0.00000
[Fri Apr 14 18:29:11 2023|main.py|INFO] EPOCH [68/100] Train NME: 1.53740
[Fri Apr 14 18:29:11 2023|main.py|INFO] EPOCH [68/100] Test NME: 1.60828
[Fri Apr 14 18:29:11 2023|main.py|INFO] EPOCH [68/100] Learning rate: 0.00000
[Fri Apr 14 18:29:15 2023|main.py|INFO] EPOCH [69/100] Train NME: 1.54334
[Fri Apr 14 18:29:16 2023|main.py|INFO] EPOCH [69/100] Test NME: 1.60674
[Fri Apr 14 18:29:16 2023|main.py|INFO] EPOCH [69/100] Learning rate: 0.00000
[Fri Apr 14 18:29:20 2023|main.py|INFO] EPOCH [70/100] Train NME: 1.54370
[Fri Apr 14 18:29:20 2023|main.py|INFO] EPOCH [70/100] Test NME: 1.60804
[Fri Apr 14 18:29:20 2023|main.py|INFO] EPOCH [70/100] Learning rate: 0.00000
[Fri Apr 14 18:29:24 2023|main.py|INFO] EPOCH [71/100] Train NME: 1.54588
[Fri Apr 14 18:29:25 2023|main.py|INFO] EPOCH [71/100] Test NME: 1.60816
[Fri Apr 14 18:29:25 2023|main.py|INFO] EPOCH [71/100] Learning rate: 0.00000
[Fri Apr 14 18:29:29 2023|main.py|INFO] EPOCH [72/100] Train NME: 1.53940
[Fri Apr 14 18:29:29 2023|main.py|INFO] EPOCH [72/100] Test NME: 1.61278
[Fri Apr 14 18:29:29 2023|main.py|INFO] EPOCH [72/100] Learning rate: 0.00000
[Fri Apr 14 18:29:33 2023|main.py|INFO] EPOCH [73/100] Train NME: 1.54668
[Fri Apr 14 18:29:34 2023|main.py|INFO] EPOCH [73/100] Test NME: 1.61738
[Fri Apr 14 18:29:34 2023|main.py|INFO] EPOCH [73/100] Learning rate: 0.00000
[Fri Apr 14 18:29:37 2023|main.py|INFO] EPOCH [74/100] Train NME: 1.55080
[Fri Apr 14 18:29:38 2023|main.py|INFO] EPOCH [74/100] Test NME: 1.62252
[Fri Apr 14 18:29:38 2023|main.py|INFO] EPOCH [74/100] Learning rate: 0.00000
[Fri Apr 14 18:29:42 2023|main.py|INFO] EPOCH [75/100] Train NME: 1.55328
[Fri Apr 14 18:29:42 2023|main.py|INFO] EPOCH [75/100] Test NME: 1.60983
[Fri Apr 14 18:29:42 2023|main.py|INFO] EPOCH [75/100] Learning rate: 0.00000
[Fri Apr 14 18:29:46 2023|main.py|INFO] EPOCH [76/100] Train NME: 1.55056
[Fri Apr 14 18:29:47 2023|main.py|INFO] EPOCH [76/100] Test NME: 1.60897
[Fri Apr 14 18:29:47 2023|main.py|INFO] EPOCH [76/100] Learning rate: 0.00000
[Fri Apr 14 18:29:51 2023|main.py|INFO] EPOCH [77/100] Train NME: 1.54793
[Fri Apr 14 18:29:52 2023|main.py|INFO] EPOCH [77/100] Test NME: 1.60712
[Fri Apr 14 18:29:52 2023|main.py|INFO] EPOCH [77/100] Learning rate: 0.00000
[Fri Apr 14 18:29:56 2023|main.py|INFO] EPOCH [78/100] Train NME: 1.54019
[Fri Apr 14 18:29:56 2023|main.py|INFO] EPOCH [78/100] Test NME: 1.61477
[Fri Apr 14 18:29:56 2023|main.py|INFO] EPOCH [78/100] Learning rate: 0.00000
[Fri Apr 14 18:30:00 2023|main.py|INFO] EPOCH [79/100] Train NME: 1.54961
[Fri Apr 14 18:30:00 2023|main.py|INFO] EPOCH [79/100] Test NME: 1.60934
[Fri Apr 14 18:30:00 2023|main.py|INFO] EPOCH [79/100] Learning rate: 0.00000
[Fri Apr 14 18:30:04 2023|main.py|INFO] EPOCH [80/100] Train NME: 1.54914
[Fri Apr 14 18:30:05 2023|main.py|INFO] EPOCH [80/100] Test NME: 1.61459
[Fri Apr 14 18:30:05 2023|main.py|INFO] EPOCH [80/100] Learning rate: 0.00000
[Fri Apr 14 18:30:09 2023|main.py|INFO] EPOCH [81/100] Train NME: 1.54938
[Fri Apr 14 18:30:09 2023|main.py|INFO] EPOCH [81/100] Test NME: 1.60878
[Fri Apr 14 18:30:09 2023|main.py|INFO] EPOCH [81/100] Learning rate: 0.00000
[Fri Apr 14 18:30:13 2023|main.py|INFO] EPOCH [82/100] Train NME: 1.54841
[Fri Apr 14 18:30:14 2023|main.py|INFO] EPOCH [82/100] Test NME: 1.61092
[Fri Apr 14 18:30:14 2023|main.py|INFO] EPOCH [82/100] Learning rate: 0.00000
[Fri Apr 14 18:30:18 2023|main.py|INFO] EPOCH [83/100] Train NME: 1.53623
[Fri Apr 14 18:30:19 2023|main.py|INFO] EPOCH [83/100] Test NME: 1.61233
[Fri Apr 14 18:30:19 2023|main.py|INFO] EPOCH [83/100] Learning rate: 0.00000
[Fri Apr 14 18:30:23 2023|main.py|INFO] EPOCH [84/100] Train NME: 1.54710
[Fri Apr 14 18:30:23 2023|main.py|INFO] EPOCH [84/100] Test NME: 1.60718
[Fri Apr 14 18:30:23 2023|main.py|INFO] EPOCH [84/100] Learning rate: 0.00000
[Fri Apr 14 18:30:27 2023|main.py|INFO] EPOCH [85/100] Train NME: 1.53441
[Fri Apr 14 18:30:28 2023|main.py|INFO] EPOCH [85/100] Test NME: 1.61080
[Fri Apr 14 18:30:28 2023|main.py|INFO] EPOCH [85/100] Learning rate: 0.00000
[Fri Apr 14 18:30:32 2023|main.py|INFO] EPOCH [86/100] Train NME: 1.54123
[Fri Apr 14 18:30:32 2023|main.py|INFO] EPOCH [86/100] Test NME: 1.60824
[Fri Apr 14 18:30:32 2023|main.py|INFO] EPOCH [86/100] Learning rate: 0.00000
[Fri Apr 14 18:30:36 2023|main.py|INFO] EPOCH [87/100] Train NME: 1.53713
[Fri Apr 14 18:30:37 2023|main.py|INFO] EPOCH [87/100] Test NME: 1.61503
[Fri Apr 14 18:30:37 2023|main.py|INFO] EPOCH [87/100] Learning rate: 0.00000
[Fri Apr 14 18:30:40 2023|main.py|INFO] EPOCH [88/100] Train NME: 1.54325
[Fri Apr 14 18:30:41 2023|main.py|INFO] EPOCH [88/100] Test NME: 1.61108
[Fri Apr 14 18:30:41 2023|main.py|INFO] EPOCH [88/100] Learning rate: 0.00000
[Fri Apr 14 18:30:45 2023|main.py|INFO] EPOCH [89/100] Train NME: 1.54341
[Fri Apr 14 18:30:45 2023|main.py|INFO] EPOCH [89/100] Test NME: 1.60860
[Fri Apr 14 18:30:45 2023|main.py|INFO] EPOCH [89/100] Learning rate: 0.00000
[Fri Apr 14 18:30:49 2023|main.py|INFO] EPOCH [90/100] Train NME: 1.53072
[Fri Apr 14 18:30:50 2023|main.py|INFO] EPOCH [90/100] Test NME: 1.61402
[Fri Apr 14 18:30:50 2023|main.py|INFO] EPOCH [90/100] Learning rate: 0.00000
[Fri Apr 14 18:30:54 2023|main.py|INFO] EPOCH [91/100] Train NME: 1.53962
[Fri Apr 14 18:30:54 2023|main.py|INFO] EPOCH [91/100] Test NME: 1.60997
[Fri Apr 14 18:30:54 2023|main.py|INFO] EPOCH [91/100] Learning rate: 0.00000
[Fri Apr 14 18:30:58 2023|main.py|INFO] EPOCH [92/100] Train NME: 1.53276
[Fri Apr 14 18:30:58 2023|main.py|INFO] EPOCH [92/100] Test NME: 1.60785
[Fri Apr 14 18:30:58 2023|main.py|INFO] EPOCH [92/100] Learning rate: 0.00000
[Fri Apr 14 18:31:02 2023|main.py|INFO] EPOCH [93/100] Train NME: 1.55101
[Fri Apr 14 18:31:03 2023|main.py|INFO] EPOCH [93/100] Test NME: 1.61289
[Fri Apr 14 18:31:03 2023|main.py|INFO] EPOCH [93/100] Learning rate: 0.00000
[Fri Apr 14 18:31:07 2023|main.py|INFO] EPOCH [94/100] Train NME: 1.54392
[Fri Apr 14 18:31:07 2023|main.py|INFO] EPOCH [94/100] Test NME: 1.61397
[Fri Apr 14 18:31:07 2023|main.py|INFO] EPOCH [94/100] Learning rate: 0.00000
[Fri Apr 14 18:31:11 2023|main.py|INFO] EPOCH [95/100] Train NME: 1.54350
[Fri Apr 14 18:31:11 2023|main.py|INFO] EPOCH [95/100] Test NME: 1.62508
[Fri Apr 14 18:31:11 2023|main.py|INFO] EPOCH [95/100] Learning rate: 0.00000
[Fri Apr 14 18:31:15 2023|main.py|INFO] EPOCH [96/100] Train NME: 1.54401
[Fri Apr 14 18:31:16 2023|main.py|INFO] EPOCH [96/100] Test NME: 1.61134
[Fri Apr 14 18:31:16 2023|main.py|INFO] EPOCH [96/100] Learning rate: 0.00000
[Fri Apr 14 18:31:20 2023|main.py|INFO] EPOCH [97/100] Train NME: 1.53016
[Fri Apr 14 18:31:20 2023|main.py|INFO] EPOCH [97/100] Test NME: 1.60374
[Fri Apr 14 18:31:20 2023|main.py|INFO] EPOCH [97/100] Learning rate: 0.00000
[Fri Apr 14 18:31:20 2023|main.py|INFO] EPOCH [97/100] NME improved from 1.60426 to 1.60374
[Fri Apr 14 18:31:20 2023|main.py|INFO] EPOCH [97/100] Saving model to: checkpoints/raw_CNN_noAug_MSE_lr0.3/2023-04-14_18-31-20_epoch_97_NME_1.60374.pth.tar
[Fri Apr 14 18:31:24 2023|main.py|INFO] EPOCH [98/100] Train NME: 1.54150
[Fri Apr 14 18:31:25 2023|main.py|INFO] EPOCH [98/100] Test NME: 1.61124
[Fri Apr 14 18:31:25 2023|main.py|INFO] EPOCH [98/100] Learning rate: 0.00000
[Fri Apr 14 18:31:29 2023|main.py|INFO] EPOCH [99/100] Train NME: 1.54158
[Fri Apr 14 18:31:30 2023|main.py|INFO] EPOCH [99/100] Test NME: 1.60715
[Fri Apr 14 18:31:30 2023|main.py|INFO] EPOCH [99/100] Learning rate: 0.00000
[Fri Apr 14 18:31:33 2023|main.py|INFO] EPOCH [100/100] Train NME: 1.54817
[Fri Apr 14 18:31:34 2023|main.py|INFO] EPOCH [100/100] Test NME: 1.60797
[Fri Apr 14 18:31:34 2023|main.py|INFO] EPOCH [100/100] Learning rate: 0.00000
