[Sun Apr 16 15:34:25 2023|main.py|INFO] Task: raw_CNN_noAug_Wing_lr0.3_B16
[Sun Apr 16 15:34:25 2023|main.py|INFO] Using device: cuda
[Sun Apr 16 15:34:25 2023|main.py|INFO] Using config: config\raw_CNN_noAug_Wing\raw_CNN_noAug_Wing_lr0.3_B16.yaml
[Sun Apr 16 15:34:25 2023|main.py|INFO] Train path: data/training_images_full_train.npz
[Sun Apr 16 15:34:25 2023|main.py|INFO] Test path: data/training_images_full_test.npz
[Sun Apr 16 15:34:25 2023|main.py|INFO] Train augment: False
[Sun Apr 16 15:34:25 2023|main.py|INFO] Learning rate: 0.3
[Sun Apr 16 15:34:25 2023|main.py|INFO] Batch size: 16
[Sun Apr 16 15:34:25 2023|main.py|INFO] Num epochs: 100
[Sun Apr 16 15:34:25 2023|main.py|INFO] Save model: True
[Sun Apr 16 15:34:25 2023|main.py|INFO] Loss: Wing
[Sun Apr 16 15:34:25 2023|main.py|INFO] Log path: logs/raw_CNN_noAug_Wing_lr0.3_B16/2023-04-16_15-34-25.log
[Sun Apr 16 15:34:25 2023|main.py|INFO] Writer path: runs/raw_CNN_noAug_Wing_lr0.3_B16/2023-04-16_15-34-25
[Sun Apr 16 15:34:25 2023|main.py|INFO] Model name: resnet18
[Sun Apr 16 15:34:25 2023|main.py|INFO] Num outputs: 88
[Sun Apr 16 15:34:25 2023|main.py|INFO] Pretrained: True
[Sun Apr 16 15:34:25 2023|main.py|INFO] Load model: False
[Sun Apr 16 15:34:25 2023|main.py|INFO] Load path: None
[Sun Apr 16 15:34:25 2023|main.py|INFO] Loading data...
[Sun Apr 16 15:34:25 2023|main.py|INFO] Load dataset for raw_CNN_noAug_Wing_lr0.3_B16
[Sun Apr 16 15:34:27 2023|main.py|INFO] Initializing network resnet18 with 88 outputs...
[Sun Apr 16 15:34:28 2023|main.py|INFO] Network: ResNet(
  (conv1): Conv2d(3, 64, kernel_size=(7, 7), stride=(2, 2), padding=(3, 3), bias=False)
  (bn1): BatchNorm2d(64, eps=1e-05, momentum=0.1, affine=True, track_running_stats=True)
  (relu): ReLU(inplace=True)
  (maxpool): MaxPool2d(kernel_size=3, stride=2, padding=1, dilation=1, ceil_mode=False)
  (layer1): Sequential(
    (0): BasicBlock(
      (conv1): Conv2d(64, 64, kernel_size=(3, 3), stride=(1, 1), padding=(1, 1), bias=False)
      (bn1): BatchNorm2d(64, eps=1e-05, momentum=0.1, affine=True, track_running_stats=True)
      (relu): ReLU(inplace=True)
      (conv2): Conv2d(64, 64, kernel_size=(3, 3), stride=(1, 1), padding=(1, 1), bias=False)
      (bn2): BatchNorm2d(64, eps=1e-05, momentum=0.1, affine=True, track_running_stats=True)
    )
    (1): BasicBlock(
      (conv1): Conv2d(64, 64, kernel_size=(3, 3), stride=(1, 1), padding=(1, 1), bias=False)
      (bn1): BatchNorm2d(64, eps=1e-05, momentum=0.1, affine=True, track_running_stats=True)
      (relu): ReLU(inplace=True)
      (conv2): Conv2d(64, 64, kernel_size=(3, 3), stride=(1, 1), padding=(1, 1), bias=False)
      (bn2): BatchNorm2d(64, eps=1e-05, momentum=0.1, affine=True, track_running_stats=True)
    )
  )
  (layer2): Sequential(
    (0): BasicBlock(
      (conv1): Conv2d(64, 128, kernel_size=(3, 3), stride=(2, 2), padding=(1, 1), bias=False)
      (bn1): BatchNorm2d(128, eps=1e-05, momentum=0.1, affine=True, track_running_stats=True)
      (relu): ReLU(inplace=True)
      (conv2): Conv2d(128, 128, kernel_size=(3, 3), stride=(1, 1), padding=(1, 1), bias=False)
      (bn2): BatchNorm2d(128, eps=1e-05, momentum=0.1, affine=True, track_running_stats=True)
      (downsample): Sequential(
        (0): Conv2d(64, 128, kernel_size=(1, 1), stride=(2, 2), bias=False)
        (1): BatchNorm2d(128, eps=1e-05, momentum=0.1, affine=True, track_running_stats=True)
      )
    )
    (1): BasicBlock(
      (conv1): Conv2d(128, 128, kernel_size=(3, 3), stride=(1, 1), padding=(1, 1), bias=False)
      (bn1): BatchNorm2d(128, eps=1e-05, momentum=0.1, affine=True, track_running_stats=True)
      (relu): ReLU(inplace=True)
      (conv2): Conv2d(128, 128, kernel_size=(3, 3), stride=(1, 1), padding=(1, 1), bias=False)
      (bn2): BatchNorm2d(128, eps=1e-05, momentum=0.1, affine=True, track_running_stats=True)
    )
  )
  (layer3): Sequential(
    (0): BasicBlock(
      (conv1): Conv2d(128, 256, kernel_size=(3, 3), stride=(2, 2), padding=(1, 1), bias=False)
      (bn1): BatchNorm2d(256, eps=1e-05, momentum=0.1, affine=True, track_running_stats=True)
      (relu): ReLU(inplace=True)
      (conv2): Conv2d(256, 256, kernel_size=(3, 3), stride=(1, 1), padding=(1, 1), bias=False)
      (bn2): BatchNorm2d(256, eps=1e-05, momentum=0.1, affine=True, track_running_stats=True)
      (downsample): Sequential(
        (0): Conv2d(128, 256, kernel_size=(1, 1), stride=(2, 2), bias=False)
        (1): BatchNorm2d(256, eps=1e-05, momentum=0.1, affine=True, track_running_stats=True)
      )
    )
    (1): BasicBlock(
      (conv1): Conv2d(256, 256, kernel_size=(3, 3), stride=(1, 1), padding=(1, 1), bias=False)
      (bn1): BatchNorm2d(256, eps=1e-05, momentum=0.1, affine=True, track_running_stats=True)
      (relu): ReLU(inplace=True)
      (conv2): Conv2d(256, 256, kernel_size=(3, 3), stride=(1, 1), padding=(1, 1), bias=False)
      (bn2): BatchNorm2d(256, eps=1e-05, momentum=0.1, affine=True, track_running_stats=True)
    )
  )
  (layer4): Sequential(
    (0): BasicBlock(
      (conv1): Conv2d(256, 512, kernel_size=(3, 3), stride=(2, 2), padding=(1, 1), bias=False)
      (bn1): BatchNorm2d(512, eps=1e-05, momentum=0.1, affine=True, track_running_stats=True)
      (relu): ReLU(inplace=True)
      (conv2): Conv2d(512, 512, kernel_size=(3, 3), stride=(1, 1), padding=(1, 1), bias=False)
      (bn2): BatchNorm2d(512, eps=1e-05, momentum=0.1, affine=True, track_running_stats=True)
      (downsample): Sequential(
        (0): Conv2d(256, 512, kernel_size=(1, 1), stride=(2, 2), bias=False)
        (1): BatchNorm2d(512, eps=1e-05, momentum=0.1, affine=True, track_running_stats=True)
      )
    )
    (1): BasicBlock(
      (conv1): Conv2d(512, 512, kernel_size=(3, 3), stride=(1, 1), padding=(1, 1), bias=False)
      (bn1): BatchNorm2d(512, eps=1e-05, momentum=0.1, affine=True, track_running_stats=True)
      (relu): ReLU(inplace=True)
      (conv2): Conv2d(512, 512, kernel_size=(3, 3), stride=(1, 1), padding=(1, 1), bias=False)
      (bn2): BatchNorm2d(512, eps=1e-05, momentum=0.1, affine=True, track_running_stats=True)
    )
  )
  (avgpool): AdaptiveAvgPool2d(output_size=(1, 1))
  (fc): Linear(in_features=512, out_features=88, bias=True)
)
[Sun Apr 16 15:34:28 2023|main.py|INFO] Initializing loss and optimizer...
[Sun Apr 16 15:34:28 2023|main.py|INFO] Loss: Wing
[Sun Apr 16 15:34:28 2023|main.py|INFO] Optimizer: Adam
[Sun Apr 16 15:34:28 2023|main.py|INFO] Initializing tensorboard writer at: runs/raw_CNN_noAug_Wing_lr0.3_B16/2023-04-16_15-34-25
[Sun Apr 16 15:34:28 2023|main.py|INFO] Training network...
[Sun Apr 16 15:34:49 2023|main.py|INFO] EPOCH [1/100] Train NME: 0.30000
[Sun Apr 16 15:34:50 2023|main.py|INFO] EPOCH [1/100] Test NME: 0.16441
[Sun Apr 16 15:34:50 2023|main.py|INFO] EPOCH [1/100] Learning rate: 0.30000
[Sun Apr 16 15:34:50 2023|main.py|INFO] EPOCH [1/100] NME improved from 1000.00000 to 0.16441
[Sun Apr 16 15:34:50 2023|main.py|INFO] EPOCH [1/100] Saving model to: checkpoints/raw_CNN_noAug_Wing_lr0.3_B16/2023-04-16_15-34-50_epoch_1_NME_0.16441.pth.tar
[Sun Apr 16 15:35:02 2023|main.py|INFO] EPOCH [2/100] Train NME: 0.17918
[Sun Apr 16 15:35:03 2023|main.py|INFO] EPOCH [2/100] Test NME: 0.16066
[Sun Apr 16 15:35:03 2023|main.py|INFO] EPOCH [2/100] Learning rate: 0.24000
[Sun Apr 16 15:35:03 2023|main.py|INFO] EPOCH [2/100] NME improved from 0.16441 to 0.16066
[Sun Apr 16 15:35:03 2023|main.py|INFO] EPOCH [2/100] Saving model to: checkpoints/raw_CNN_noAug_Wing_lr0.3_B16/2023-04-16_15-35-03_epoch_2_NME_0.16066.pth.tar
[Sun Apr 16 15:35:14 2023|main.py|INFO] EPOCH [3/100] Train NME: 0.15710
[Sun Apr 16 15:35:15 2023|main.py|INFO] EPOCH [3/100] Test NME: 0.14468
[Sun Apr 16 15:35:15 2023|main.py|INFO] EPOCH [3/100] Learning rate: 0.19200
[Sun Apr 16 15:35:15 2023|main.py|INFO] EPOCH [3/100] NME improved from 0.16066 to 0.14468
[Sun Apr 16 15:35:15 2023|main.py|INFO] EPOCH [3/100] Saving model to: checkpoints/raw_CNN_noAug_Wing_lr0.3_B16/2023-04-16_15-35-15_epoch_3_NME_0.14468.pth.tar
[Sun Apr 16 15:35:26 2023|main.py|INFO] EPOCH [4/100] Train NME: 0.15589
[Sun Apr 16 15:35:27 2023|main.py|INFO] EPOCH [4/100] Test NME: 0.14674
[Sun Apr 16 15:35:27 2023|main.py|INFO] EPOCH [4/100] Learning rate: 0.15360
[Sun Apr 16 15:35:38 2023|main.py|INFO] EPOCH [5/100] Train NME: 0.14671
[Sun Apr 16 15:35:39 2023|main.py|INFO] EPOCH [5/100] Test NME: 0.13570
[Sun Apr 16 15:35:39 2023|main.py|INFO] EPOCH [5/100] Learning rate: 0.12288
[Sun Apr 16 15:35:39 2023|main.py|INFO] EPOCH [5/100] NME improved from 0.14468 to 0.13570
[Sun Apr 16 15:35:39 2023|main.py|INFO] EPOCH [5/100] Saving model to: checkpoints/raw_CNN_noAug_Wing_lr0.3_B16/2023-04-16_15-35-39_epoch_5_NME_0.13570.pth.tar
[Sun Apr 16 15:35:51 2023|main.py|INFO] EPOCH [6/100] Train NME: 0.14094
[Sun Apr 16 15:35:52 2023|main.py|INFO] EPOCH [6/100] Test NME: 0.13302
[Sun Apr 16 15:35:52 2023|main.py|INFO] EPOCH [6/100] Learning rate: 0.09830
[Sun Apr 16 15:35:52 2023|main.py|INFO] EPOCH [6/100] NME improved from 0.13570 to 0.13302
[Sun Apr 16 15:35:52 2023|main.py|INFO] EPOCH [6/100] Saving model to: checkpoints/raw_CNN_noAug_Wing_lr0.3_B16/2023-04-16_15-35-52_epoch_6_NME_0.13302.pth.tar
[Sun Apr 16 15:36:03 2023|main.py|INFO] EPOCH [7/100] Train NME: 0.13602
[Sun Apr 16 15:36:04 2023|main.py|INFO] EPOCH [7/100] Test NME: 0.13325
[Sun Apr 16 15:36:04 2023|main.py|INFO] EPOCH [7/100] Learning rate: 0.07864
[Sun Apr 16 15:36:16 2023|main.py|INFO] EPOCH [8/100] Train NME: 0.13320
[Sun Apr 16 15:36:17 2023|main.py|INFO] EPOCH [8/100] Test NME: 0.13002
[Sun Apr 16 15:36:17 2023|main.py|INFO] EPOCH [8/100] Learning rate: 0.06291
[Sun Apr 16 15:36:17 2023|main.py|INFO] EPOCH [8/100] NME improved from 0.13302 to 0.13002
[Sun Apr 16 15:36:17 2023|main.py|INFO] EPOCH [8/100] Saving model to: checkpoints/raw_CNN_noAug_Wing_lr0.3_B16/2023-04-16_15-36-17_epoch_8_NME_0.13002.pth.tar
[Sun Apr 16 15:36:28 2023|main.py|INFO] EPOCH [9/100] Train NME: 0.12830
[Sun Apr 16 15:36:29 2023|main.py|INFO] EPOCH [9/100] Test NME: 0.12088
[Sun Apr 16 15:36:29 2023|main.py|INFO] EPOCH [9/100] Learning rate: 0.05033
[Sun Apr 16 15:36:29 2023|main.py|INFO] EPOCH [9/100] NME improved from 0.13002 to 0.12088
[Sun Apr 16 15:36:29 2023|main.py|INFO] EPOCH [9/100] Saving model to: checkpoints/raw_CNN_noAug_Wing_lr0.3_B16/2023-04-16_15-36-29_epoch_9_NME_0.12088.pth.tar
[Sun Apr 16 15:36:40 2023|main.py|INFO] EPOCH [10/100] Train NME: 0.12275
[Sun Apr 16 15:36:41 2023|main.py|INFO] EPOCH [10/100] Test NME: 0.11875
[Sun Apr 16 15:36:41 2023|main.py|INFO] EPOCH [10/100] Learning rate: 0.04027
[Sun Apr 16 15:36:41 2023|main.py|INFO] EPOCH [10/100] NME improved from 0.12088 to 0.11875
[Sun Apr 16 15:36:41 2023|main.py|INFO] EPOCH [10/100] Saving model to: checkpoints/raw_CNN_noAug_Wing_lr0.3_B16/2023-04-16_15-36-41_epoch_10_NME_0.11875.pth.tar
[Sun Apr 16 15:36:53 2023|main.py|INFO] EPOCH [11/100] Train NME: 0.11559
[Sun Apr 16 15:36:54 2023|main.py|INFO] EPOCH [11/100] Test NME: 0.11409
[Sun Apr 16 15:36:54 2023|main.py|INFO] EPOCH [11/100] Learning rate: 0.03221
[Sun Apr 16 15:36:54 2023|main.py|INFO] EPOCH [11/100] NME improved from 0.11875 to 0.11409
[Sun Apr 16 15:36:54 2023|main.py|INFO] EPOCH [11/100] Saving model to: checkpoints/raw_CNN_noAug_Wing_lr0.3_B16/2023-04-16_15-36-54_epoch_11_NME_0.11409.pth.tar
[Sun Apr 16 15:37:05 2023|main.py|INFO] EPOCH [12/100] Train NME: 0.10612
[Sun Apr 16 15:37:06 2023|main.py|INFO] EPOCH [12/100] Test NME: 0.10826
[Sun Apr 16 15:37:06 2023|main.py|INFO] EPOCH [12/100] Learning rate: 0.02577
[Sun Apr 16 15:37:06 2023|main.py|INFO] EPOCH [12/100] NME improved from 0.11409 to 0.10826
[Sun Apr 16 15:37:06 2023|main.py|INFO] EPOCH [12/100] Saving model to: checkpoints/raw_CNN_noAug_Wing_lr0.3_B16/2023-04-16_15-37-06_epoch_12_NME_0.10826.pth.tar
[Sun Apr 16 15:37:18 2023|main.py|INFO] EPOCH [13/100] Train NME: 0.10266
[Sun Apr 16 15:37:19 2023|main.py|INFO] EPOCH [13/100] Test NME: 0.10415
[Sun Apr 16 15:37:19 2023|main.py|INFO] EPOCH [13/100] Learning rate: 0.02062
[Sun Apr 16 15:37:19 2023|main.py|INFO] EPOCH [13/100] NME improved from 0.10826 to 0.10415
[Sun Apr 16 15:37:19 2023|main.py|INFO] EPOCH [13/100] Saving model to: checkpoints/raw_CNN_noAug_Wing_lr0.3_B16/2023-04-16_15-37-19_epoch_13_NME_0.10415.pth.tar
[Sun Apr 16 15:37:31 2023|main.py|INFO] EPOCH [14/100] Train NME: 0.09872
[Sun Apr 16 15:37:32 2023|main.py|INFO] EPOCH [14/100] Test NME: 0.10009
[Sun Apr 16 15:37:32 2023|main.py|INFO] EPOCH [14/100] Learning rate: 0.01649
[Sun Apr 16 15:37:32 2023|main.py|INFO] EPOCH [14/100] NME improved from 0.10415 to 0.10009
[Sun Apr 16 15:37:32 2023|main.py|INFO] EPOCH [14/100] Saving model to: checkpoints/raw_CNN_noAug_Wing_lr0.3_B16/2023-04-16_15-37-32_epoch_14_NME_0.10009.pth.tar
[Sun Apr 16 15:37:43 2023|main.py|INFO] EPOCH [15/100] Train NME: 0.09620
[Sun Apr 16 15:37:44 2023|main.py|INFO] EPOCH [15/100] Test NME: 0.09790
[Sun Apr 16 15:37:44 2023|main.py|INFO] EPOCH [15/100] Learning rate: 0.01319
[Sun Apr 16 15:37:44 2023|main.py|INFO] EPOCH [15/100] NME improved from 0.10009 to 0.09790
[Sun Apr 16 15:37:44 2023|main.py|INFO] EPOCH [15/100] Saving model to: checkpoints/raw_CNN_noAug_Wing_lr0.3_B16/2023-04-16_15-37-44_epoch_15_NME_0.09790.pth.tar
[Sun Apr 16 15:37:56 2023|main.py|INFO] EPOCH [16/100] Train NME: 0.09338
[Sun Apr 16 15:37:57 2023|main.py|INFO] EPOCH [16/100] Test NME: 0.09474
[Sun Apr 16 15:37:57 2023|main.py|INFO] EPOCH [16/100] Learning rate: 0.01056
[Sun Apr 16 15:37:57 2023|main.py|INFO] EPOCH [16/100] NME improved from 0.09790 to 0.09474
[Sun Apr 16 15:37:57 2023|main.py|INFO] EPOCH [16/100] Saving model to: checkpoints/raw_CNN_noAug_Wing_lr0.3_B16/2023-04-16_15-37-57_epoch_16_NME_0.09474.pth.tar
[Sun Apr 16 15:38:08 2023|main.py|INFO] EPOCH [17/100] Train NME: 0.09190
[Sun Apr 16 15:38:10 2023|main.py|INFO] EPOCH [17/100] Test NME: 0.09502
[Sun Apr 16 15:38:10 2023|main.py|INFO] EPOCH [17/100] Learning rate: 0.00844
[Sun Apr 16 15:38:22 2023|main.py|INFO] EPOCH [18/100] Train NME: 0.09107
[Sun Apr 16 15:38:23 2023|main.py|INFO] EPOCH [18/100] Test NME: 0.09314
[Sun Apr 16 15:38:23 2023|main.py|INFO] EPOCH [18/100] Learning rate: 0.00676
[Sun Apr 16 15:38:23 2023|main.py|INFO] EPOCH [18/100] NME improved from 0.09474 to 0.09314
[Sun Apr 16 15:38:23 2023|main.py|INFO] EPOCH [18/100] Saving model to: checkpoints/raw_CNN_noAug_Wing_lr0.3_B16/2023-04-16_15-38-23_epoch_18_NME_0.09314.pth.tar
[Sun Apr 16 15:38:34 2023|main.py|INFO] EPOCH [19/100] Train NME: 0.08953
[Sun Apr 16 15:38:36 2023|main.py|INFO] EPOCH [19/100] Test NME: 0.09156
[Sun Apr 16 15:38:36 2023|main.py|INFO] EPOCH [19/100] Learning rate: 0.00540
[Sun Apr 16 15:38:36 2023|main.py|INFO] EPOCH [19/100] NME improved from 0.09314 to 0.09156
[Sun Apr 16 15:38:36 2023|main.py|INFO] EPOCH [19/100] Saving model to: checkpoints/raw_CNN_noAug_Wing_lr0.3_B16/2023-04-16_15-38-36_epoch_19_NME_0.09156.pth.tar
[Sun Apr 16 15:38:47 2023|main.py|INFO] EPOCH [20/100] Train NME: 0.08939
[Sun Apr 16 15:38:48 2023|main.py|INFO] EPOCH [20/100] Test NME: 0.09142
[Sun Apr 16 15:38:48 2023|main.py|INFO] EPOCH [20/100] Learning rate: 0.00432
[Sun Apr 16 15:38:48 2023|main.py|INFO] EPOCH [20/100] NME improved from 0.09156 to 0.09142
[Sun Apr 16 15:38:48 2023|main.py|INFO] EPOCH [20/100] Saving model to: checkpoints/raw_CNN_noAug_Wing_lr0.3_B16/2023-04-16_15-38-48_epoch_20_NME_0.09142.pth.tar
[Sun Apr 16 15:38:59 2023|main.py|INFO] EPOCH [21/100] Train NME: 0.08815
[Sun Apr 16 15:39:00 2023|main.py|INFO] EPOCH [21/100] Test NME: 0.08970
[Sun Apr 16 15:39:00 2023|main.py|INFO] EPOCH [21/100] Learning rate: 0.00346
[Sun Apr 16 15:39:00 2023|main.py|INFO] EPOCH [21/100] NME improved from 0.09142 to 0.08970
[Sun Apr 16 15:39:00 2023|main.py|INFO] EPOCH [21/100] Saving model to: checkpoints/raw_CNN_noAug_Wing_lr0.3_B16/2023-04-16_15-39-00_epoch_21_NME_0.08970.pth.tar
[Sun Apr 16 15:39:12 2023|main.py|INFO] EPOCH [22/100] Train NME: 0.08763
[Sun Apr 16 15:39:13 2023|main.py|INFO] EPOCH [22/100] Test NME: 0.08920
[Sun Apr 16 15:39:13 2023|main.py|INFO] EPOCH [22/100] Learning rate: 0.00277
[Sun Apr 16 15:39:13 2023|main.py|INFO] EPOCH [22/100] NME improved from 0.08970 to 0.08920
[Sun Apr 16 15:39:13 2023|main.py|INFO] EPOCH [22/100] Saving model to: checkpoints/raw_CNN_noAug_Wing_lr0.3_B16/2023-04-16_15-39-13_epoch_22_NME_0.08920.pth.tar
[Sun Apr 16 15:39:25 2023|main.py|INFO] EPOCH [23/100] Train NME: 0.08759
[Sun Apr 16 15:39:26 2023|main.py|INFO] EPOCH [23/100] Test NME: 0.08985
[Sun Apr 16 15:39:26 2023|main.py|INFO] EPOCH [23/100] Learning rate: 0.00221
[Sun Apr 16 15:39:38 2023|main.py|INFO] EPOCH [24/100] Train NME: 0.08609
[Sun Apr 16 15:39:39 2023|main.py|INFO] EPOCH [24/100] Test NME: 0.08930
[Sun Apr 16 15:39:39 2023|main.py|INFO] EPOCH [24/100] Learning rate: 0.00177
[Sun Apr 16 15:39:50 2023|main.py|INFO] EPOCH [25/100] Train NME: 0.08606
[Sun Apr 16 15:39:51 2023|main.py|INFO] EPOCH [25/100] Test NME: 0.08919
[Sun Apr 16 15:39:51 2023|main.py|INFO] EPOCH [25/100] Learning rate: 0.00142
[Sun Apr 16 15:39:51 2023|main.py|INFO] EPOCH [25/100] NME improved from 0.08920 to 0.08919
[Sun Apr 16 15:39:51 2023|main.py|INFO] EPOCH [25/100] Saving model to: checkpoints/raw_CNN_noAug_Wing_lr0.3_B16/2023-04-16_15-39-51_epoch_25_NME_0.08919.pth.tar
[Sun Apr 16 15:40:03 2023|main.py|INFO] EPOCH [26/100] Train NME: 0.08624
[Sun Apr 16 15:40:04 2023|main.py|INFO] EPOCH [26/100] Test NME: 0.08904
[Sun Apr 16 15:40:04 2023|main.py|INFO] EPOCH [26/100] Learning rate: 0.00113
[Sun Apr 16 15:40:04 2023|main.py|INFO] EPOCH [26/100] NME improved from 0.08919 to 0.08904
[Sun Apr 16 15:40:04 2023|main.py|INFO] EPOCH [26/100] Saving model to: checkpoints/raw_CNN_noAug_Wing_lr0.3_B16/2023-04-16_15-40-04_epoch_26_NME_0.08904.pth.tar
[Sun Apr 16 15:40:16 2023|main.py|INFO] EPOCH [27/100] Train NME: 0.08531
[Sun Apr 16 15:40:17 2023|main.py|INFO] EPOCH [27/100] Test NME: 0.08873
[Sun Apr 16 15:40:17 2023|main.py|INFO] EPOCH [27/100] Learning rate: 0.00091
[Sun Apr 16 15:40:17 2023|main.py|INFO] EPOCH [27/100] NME improved from 0.08904 to 0.08873
[Sun Apr 16 15:40:17 2023|main.py|INFO] EPOCH [27/100] Saving model to: checkpoints/raw_CNN_noAug_Wing_lr0.3_B16/2023-04-16_15-40-17_epoch_27_NME_0.08873.pth.tar
[Sun Apr 16 15:40:29 2023|main.py|INFO] EPOCH [28/100] Train NME: 0.08522
[Sun Apr 16 15:40:30 2023|main.py|INFO] EPOCH [28/100] Test NME: 0.08936
[Sun Apr 16 15:40:30 2023|main.py|INFO] EPOCH [28/100] Learning rate: 0.00073
[Sun Apr 16 15:40:41 2023|main.py|INFO] EPOCH [29/100] Train NME: 0.08474
[Sun Apr 16 15:40:43 2023|main.py|INFO] EPOCH [29/100] Test NME: 0.08863
[Sun Apr 16 15:40:43 2023|main.py|INFO] EPOCH [29/100] Learning rate: 0.00058
[Sun Apr 16 15:40:43 2023|main.py|INFO] EPOCH [29/100] NME improved from 0.08873 to 0.08863
[Sun Apr 16 15:40:43 2023|main.py|INFO] EPOCH [29/100] Saving model to: checkpoints/raw_CNN_noAug_Wing_lr0.3_B16/2023-04-16_15-40-43_epoch_29_NME_0.08863.pth.tar
[Sun Apr 16 15:40:54 2023|main.py|INFO] EPOCH [30/100] Train NME: 0.08479
[Sun Apr 16 15:40:55 2023|main.py|INFO] EPOCH [30/100] Test NME: 0.08825
[Sun Apr 16 15:40:55 2023|main.py|INFO] EPOCH [30/100] Learning rate: 0.00046
[Sun Apr 16 15:40:55 2023|main.py|INFO] EPOCH [30/100] NME improved from 0.08863 to 0.08825
[Sun Apr 16 15:40:55 2023|main.py|INFO] EPOCH [30/100] Saving model to: checkpoints/raw_CNN_noAug_Wing_lr0.3_B16/2023-04-16_15-40-55_epoch_30_NME_0.08825.pth.tar
[Sun Apr 16 15:41:07 2023|main.py|INFO] EPOCH [31/100] Train NME: 0.08492
[Sun Apr 16 15:41:08 2023|main.py|INFO] EPOCH [31/100] Test NME: 0.08833
[Sun Apr 16 15:41:08 2023|main.py|INFO] EPOCH [31/100] Learning rate: 0.00037
[Sun Apr 16 15:41:20 2023|main.py|INFO] EPOCH [32/100] Train NME: 0.08598
[Sun Apr 16 15:41:22 2023|main.py|INFO] EPOCH [32/100] Test NME: 0.08891
[Sun Apr 16 15:41:22 2023|main.py|INFO] EPOCH [32/100] Learning rate: 0.00030
[Sun Apr 16 15:41:34 2023|main.py|INFO] EPOCH [33/100] Train NME: 0.08479
[Sun Apr 16 15:41:35 2023|main.py|INFO] EPOCH [33/100] Test NME: 0.08874
[Sun Apr 16 15:41:35 2023|main.py|INFO] EPOCH [33/100] Learning rate: 0.00024
[Sun Apr 16 15:41:46 2023|main.py|INFO] EPOCH [34/100] Train NME: 0.08483
[Sun Apr 16 15:41:47 2023|main.py|INFO] EPOCH [34/100] Test NME: 0.08962
[Sun Apr 16 15:41:47 2023|main.py|INFO] EPOCH [34/100] Learning rate: 0.00019
[Sun Apr 16 15:41:59 2023|main.py|INFO] EPOCH [35/100] Train NME: 0.08526
[Sun Apr 16 15:42:00 2023|main.py|INFO] EPOCH [35/100] Test NME: 0.08820
[Sun Apr 16 15:42:00 2023|main.py|INFO] EPOCH [35/100] Learning rate: 0.00015
[Sun Apr 16 15:42:00 2023|main.py|INFO] EPOCH [35/100] NME improved from 0.08825 to 0.08820
[Sun Apr 16 15:42:00 2023|main.py|INFO] EPOCH [35/100] Saving model to: checkpoints/raw_CNN_noAug_Wing_lr0.3_B16/2023-04-16_15-42-00_epoch_35_NME_0.08820.pth.tar
[Sun Apr 16 15:42:11 2023|main.py|INFO] EPOCH [36/100] Train NME: 0.08493
[Sun Apr 16 15:42:12 2023|main.py|INFO] EPOCH [36/100] Test NME: 0.08804
[Sun Apr 16 15:42:12 2023|main.py|INFO] EPOCH [36/100] Learning rate: 0.00012
[Sun Apr 16 15:42:12 2023|main.py|INFO] EPOCH [36/100] NME improved from 0.08820 to 0.08804
[Sun Apr 16 15:42:12 2023|main.py|INFO] EPOCH [36/100] Saving model to: checkpoints/raw_CNN_noAug_Wing_lr0.3_B16/2023-04-16_15-42-12_epoch_36_NME_0.08804.pth.tar
[Sun Apr 16 15:42:23 2023|main.py|INFO] EPOCH [37/100] Train NME: 0.08427
[Sun Apr 16 15:42:24 2023|main.py|INFO] EPOCH [37/100] Test NME: 0.08845
[Sun Apr 16 15:42:24 2023|main.py|INFO] EPOCH [37/100] Learning rate: 0.00010
[Sun Apr 16 15:42:35 2023|main.py|INFO] EPOCH [38/100] Train NME: 0.08473
[Sun Apr 16 15:42:36 2023|main.py|INFO] EPOCH [38/100] Test NME: 0.08845
[Sun Apr 16 15:42:36 2023|main.py|INFO] EPOCH [38/100] Learning rate: 0.00008
[Sun Apr 16 15:42:47 2023|main.py|INFO] EPOCH [39/100] Train NME: 0.08434
[Sun Apr 16 15:42:48 2023|main.py|INFO] EPOCH [39/100] Test NME: 0.08836
[Sun Apr 16 15:42:48 2023|main.py|INFO] EPOCH [39/100] Learning rate: 0.00006
[Sun Apr 16 15:42:59 2023|main.py|INFO] EPOCH [40/100] Train NME: 0.08510
[Sun Apr 16 15:43:00 2023|main.py|INFO] EPOCH [40/100] Test NME: 0.08809
[Sun Apr 16 15:43:00 2023|main.py|INFO] EPOCH [40/100] Learning rate: 0.00005
[Sun Apr 16 15:43:12 2023|main.py|INFO] EPOCH [41/100] Train NME: 0.08435
[Sun Apr 16 15:43:13 2023|main.py|INFO] EPOCH [41/100] Test NME: 0.08833
[Sun Apr 16 15:43:13 2023|main.py|INFO] EPOCH [41/100] Learning rate: 0.00004
[Sun Apr 16 15:43:24 2023|main.py|INFO] EPOCH [42/100] Train NME: 0.08468
[Sun Apr 16 15:43:26 2023|main.py|INFO] EPOCH [42/100] Test NME: 0.08816
[Sun Apr 16 15:43:26 2023|main.py|INFO] EPOCH [42/100] Learning rate: 0.00003
[Sun Apr 16 15:43:37 2023|main.py|INFO] EPOCH [43/100] Train NME: 0.08456
[Sun Apr 16 15:43:38 2023|main.py|INFO] EPOCH [43/100] Test NME: 0.08821
[Sun Apr 16 15:43:38 2023|main.py|INFO] EPOCH [43/100] Learning rate: 0.00003
[Sun Apr 16 15:43:49 2023|main.py|INFO] EPOCH [44/100] Train NME: 0.08529
[Sun Apr 16 15:43:50 2023|main.py|INFO] EPOCH [44/100] Test NME: 0.08815
[Sun Apr 16 15:43:50 2023|main.py|INFO] EPOCH [44/100] Learning rate: 0.00002
[Sun Apr 16 15:44:01 2023|main.py|INFO] EPOCH [45/100] Train NME: 0.08430
[Sun Apr 16 15:44:02 2023|main.py|INFO] EPOCH [45/100] Test NME: 0.08819
[Sun Apr 16 15:44:02 2023|main.py|INFO] EPOCH [45/100] Learning rate: 0.00002
[Sun Apr 16 15:44:13 2023|main.py|INFO] EPOCH [46/100] Train NME: 0.08465
[Sun Apr 16 15:44:14 2023|main.py|INFO] EPOCH [46/100] Test NME: 0.08895
[Sun Apr 16 15:44:14 2023|main.py|INFO] EPOCH [46/100] Learning rate: 0.00001
[Sun Apr 16 15:44:25 2023|main.py|INFO] EPOCH [47/100] Train NME: 0.08457
[Sun Apr 16 15:44:26 2023|main.py|INFO] EPOCH [47/100] Test NME: 0.08826
[Sun Apr 16 15:44:26 2023|main.py|INFO] EPOCH [47/100] Learning rate: 0.00001
[Sun Apr 16 15:44:37 2023|main.py|INFO] EPOCH [48/100] Train NME: 0.08558
[Sun Apr 16 15:44:38 2023|main.py|INFO] EPOCH [48/100] Test NME: 0.08813
[Sun Apr 16 15:44:38 2023|main.py|INFO] EPOCH [48/100] Learning rate: 0.00001
[Sun Apr 16 15:44:49 2023|main.py|INFO] EPOCH [49/100] Train NME: 0.08437
[Sun Apr 16 15:44:50 2023|main.py|INFO] EPOCH [49/100] Test NME: 0.08882
[Sun Apr 16 15:44:50 2023|main.py|INFO] EPOCH [49/100] Learning rate: 0.00001
[Sun Apr 16 15:45:01 2023|main.py|INFO] EPOCH [50/100] Train NME: 0.08488
[Sun Apr 16 15:45:02 2023|main.py|INFO] EPOCH [50/100] Test NME: 0.08820
[Sun Apr 16 15:45:02 2023|main.py|INFO] EPOCH [50/100] Learning rate: 0.00001
[Sun Apr 16 15:45:14 2023|main.py|INFO] EPOCH [51/100] Train NME: 0.08583
[Sun Apr 16 15:45:15 2023|main.py|INFO] EPOCH [51/100] Test NME: 0.08826
[Sun Apr 16 15:45:15 2023|main.py|INFO] EPOCH [51/100] Learning rate: 0.00000
[Sun Apr 16 15:45:26 2023|main.py|INFO] EPOCH [52/100] Train NME: 0.08382
[Sun Apr 16 15:45:27 2023|main.py|INFO] EPOCH [52/100] Test NME: 0.08843
[Sun Apr 16 15:45:27 2023|main.py|INFO] EPOCH [52/100] Learning rate: 0.00000
[Sun Apr 16 15:45:39 2023|main.py|INFO] EPOCH [53/100] Train NME: 0.08460
[Sun Apr 16 15:45:40 2023|main.py|INFO] EPOCH [53/100] Test NME: 0.08837
[Sun Apr 16 15:45:40 2023|main.py|INFO] EPOCH [53/100] Learning rate: 0.00000
[Sun Apr 16 15:45:51 2023|main.py|INFO] EPOCH [54/100] Train NME: 0.08446
[Sun Apr 16 15:45:53 2023|main.py|INFO] EPOCH [54/100] Test NME: 0.08809
[Sun Apr 16 15:45:53 2023|main.py|INFO] EPOCH [54/100] Learning rate: 0.00000
[Sun Apr 16 15:46:03 2023|main.py|INFO] EPOCH [55/100] Train NME: 0.08390
[Sun Apr 16 15:46:04 2023|main.py|INFO] EPOCH [55/100] Test NME: 0.08822
[Sun Apr 16 15:46:04 2023|main.py|INFO] EPOCH [55/100] Learning rate: 0.00000
[Sun Apr 16 15:46:16 2023|main.py|INFO] EPOCH [56/100] Train NME: 0.08410
[Sun Apr 16 15:46:17 2023|main.py|INFO] EPOCH [56/100] Test NME: 0.08862
[Sun Apr 16 15:46:17 2023|main.py|INFO] EPOCH [56/100] Learning rate: 0.00000
[Sun Apr 16 15:46:28 2023|main.py|INFO] EPOCH [57/100] Train NME: 0.08379
[Sun Apr 16 15:46:29 2023|main.py|INFO] EPOCH [57/100] Test NME: 0.08831
[Sun Apr 16 15:46:29 2023|main.py|INFO] EPOCH [57/100] Learning rate: 0.00000
[Sun Apr 16 15:46:40 2023|main.py|INFO] EPOCH [58/100] Train NME: 0.08457
[Sun Apr 16 15:46:42 2023|main.py|INFO] EPOCH [58/100] Test NME: 0.08860
[Sun Apr 16 15:46:42 2023|main.py|INFO] EPOCH [58/100] Learning rate: 0.00000
[Sun Apr 16 15:47:21 2023|main.py|INFO] EPOCH [59/100] Train NME: 0.08454
[Sun Apr 16 15:47:27 2023|main.py|INFO] EPOCH [59/100] Test NME: 0.08829
[Sun Apr 16 15:47:27 2023|main.py|INFO] EPOCH [59/100] Learning rate: 0.00000
[Sun Apr 16 15:49:42 2023|main.py|INFO] EPOCH [60/100] Train NME: 0.08368
[Sun Apr 16 15:49:47 2023|main.py|INFO] EPOCH [60/100] Test NME: 0.08820
[Sun Apr 16 15:49:47 2023|main.py|INFO] EPOCH [60/100] Learning rate: 0.00000
[Sun Apr 16 15:52:07 2023|main.py|INFO] EPOCH [61/100] Train NME: 0.08470
[Sun Apr 16 15:52:13 2023|main.py|INFO] EPOCH [61/100] Test NME: 0.08826
[Sun Apr 16 15:52:13 2023|main.py|INFO] EPOCH [61/100] Learning rate: 0.00000
[Sun Apr 16 15:54:24 2023|main.py|INFO] EPOCH [62/100] Train NME: 0.08470
[Sun Apr 16 15:54:31 2023|main.py|INFO] EPOCH [62/100] Test NME: 0.08901
[Sun Apr 16 15:54:31 2023|main.py|INFO] EPOCH [62/100] Learning rate: 0.00000
[Sun Apr 16 15:56:52 2023|main.py|INFO] EPOCH [63/100] Train NME: 0.08370
[Sun Apr 16 15:56:57 2023|main.py|INFO] EPOCH [63/100] Test NME: 0.08839
[Sun Apr 16 15:56:57 2023|main.py|INFO] EPOCH [63/100] Learning rate: 0.00000
[Sun Apr 16 15:59:16 2023|main.py|INFO] EPOCH [64/100] Train NME: 0.08388
[Sun Apr 16 15:59:26 2023|main.py|INFO] EPOCH [64/100] Test NME: 0.08808
[Sun Apr 16 15:59:26 2023|main.py|INFO] EPOCH [64/100] Learning rate: 0.00000
[Sun Apr 16 16:01:50 2023|main.py|INFO] EPOCH [65/100] Train NME: 0.08599
[Sun Apr 16 16:02:01 2023|main.py|INFO] EPOCH [65/100] Test NME: 0.08825
[Sun Apr 16 16:02:01 2023|main.py|INFO] EPOCH [65/100] Learning rate: 0.00000
[Sun Apr 16 16:04:28 2023|main.py|INFO] EPOCH [66/100] Train NME: 0.08526
[Sun Apr 16 16:04:39 2023|main.py|INFO] EPOCH [66/100] Test NME: 0.09016
[Sun Apr 16 16:04:39 2023|main.py|INFO] EPOCH [66/100] Learning rate: 0.00000
[Sun Apr 16 16:07:05 2023|main.py|INFO] EPOCH [67/100] Train NME: 0.08479
[Sun Apr 16 16:07:16 2023|main.py|INFO] EPOCH [67/100] Test NME: 0.08816
[Sun Apr 16 16:07:16 2023|main.py|INFO] EPOCH [67/100] Learning rate: 0.00000
[Sun Apr 16 16:09:42 2023|main.py|INFO] EPOCH [68/100] Train NME: 0.08520
[Sun Apr 16 16:09:53 2023|main.py|INFO] EPOCH [68/100] Test NME: 0.08822
[Sun Apr 16 16:09:53 2023|main.py|INFO] EPOCH [68/100] Learning rate: 0.00000
[Sun Apr 16 16:12:19 2023|main.py|INFO] EPOCH [69/100] Train NME: 0.08545
[Sun Apr 16 16:12:30 2023|main.py|INFO] EPOCH [69/100] Test NME: 0.08810
[Sun Apr 16 16:12:30 2023|main.py|INFO] EPOCH [69/100] Learning rate: 0.00000
[Sun Apr 16 16:14:56 2023|main.py|INFO] EPOCH [70/100] Train NME: 0.08419
[Sun Apr 16 16:15:07 2023|main.py|INFO] EPOCH [70/100] Test NME: 0.08830
[Sun Apr 16 16:15:07 2023|main.py|INFO] EPOCH [70/100] Learning rate: 0.00000
[Sun Apr 16 16:17:34 2023|main.py|INFO] EPOCH [71/100] Train NME: 0.08473
[Sun Apr 16 16:17:45 2023|main.py|INFO] EPOCH [71/100] Test NME: 0.08803
[Sun Apr 16 16:17:45 2023|main.py|INFO] EPOCH [71/100] Learning rate: 0.00000
[Sun Apr 16 16:17:45 2023|main.py|INFO] EPOCH [71/100] NME improved from 0.08804 to 0.08803
[Sun Apr 16 16:17:45 2023|main.py|INFO] EPOCH [71/100] Saving model to: checkpoints/raw_CNN_noAug_Wing_lr0.3_B16/2023-04-16_16-17-45_epoch_71_NME_0.08803.pth.tar
[Sun Apr 16 16:20:14 2023|main.py|INFO] EPOCH [72/100] Train NME: 0.08457
[Sun Apr 16 16:20:25 2023|main.py|INFO] EPOCH [72/100] Test NME: 0.08828
[Sun Apr 16 16:20:25 2023|main.py|INFO] EPOCH [72/100] Learning rate: 0.00000
[Sun Apr 16 16:22:52 2023|main.py|INFO] EPOCH [73/100] Train NME: 0.08467
[Sun Apr 16 16:23:03 2023|main.py|INFO] EPOCH [73/100] Test NME: 0.08831
[Sun Apr 16 16:23:03 2023|main.py|INFO] EPOCH [73/100] Learning rate: 0.00000
[Sun Apr 16 16:25:30 2023|main.py|INFO] EPOCH [74/100] Train NME: 0.08391
[Sun Apr 16 16:25:41 2023|main.py|INFO] EPOCH [74/100] Test NME: 0.08817
[Sun Apr 16 16:25:41 2023|main.py|INFO] EPOCH [74/100] Learning rate: 0.00000
[Sun Apr 16 16:28:06 2023|main.py|INFO] EPOCH [75/100] Train NME: 0.08533
[Sun Apr 16 16:28:17 2023|main.py|INFO] EPOCH [75/100] Test NME: 0.08824
[Sun Apr 16 16:28:17 2023|main.py|INFO] EPOCH [75/100] Learning rate: 0.00000
[Sun Apr 16 16:30:45 2023|main.py|INFO] EPOCH [76/100] Train NME: 0.08449
[Sun Apr 16 16:30:56 2023|main.py|INFO] EPOCH [76/100] Test NME: 0.08826
[Sun Apr 16 16:30:56 2023|main.py|INFO] EPOCH [76/100] Learning rate: 0.00000
[Sun Apr 16 16:33:23 2023|main.py|INFO] EPOCH [77/100] Train NME: 0.08429
[Sun Apr 16 16:33:34 2023|main.py|INFO] EPOCH [77/100] Test NME: 0.08863
[Sun Apr 16 16:33:34 2023|main.py|INFO] EPOCH [77/100] Learning rate: 0.00000
[Sun Apr 16 16:36:00 2023|main.py|INFO] EPOCH [78/100] Train NME: 0.08420
[Sun Apr 16 16:36:11 2023|main.py|INFO] EPOCH [78/100] Test NME: 0.08865
[Sun Apr 16 16:36:11 2023|main.py|INFO] EPOCH [78/100] Learning rate: 0.00000
[Sun Apr 16 16:38:49 2023|main.py|INFO] EPOCH [79/100] Train NME: 0.08517
[Sun Apr 16 16:39:03 2023|main.py|INFO] EPOCH [79/100] Test NME: 0.08794
[Sun Apr 16 16:39:03 2023|main.py|INFO] EPOCH [79/100] Learning rate: 0.00000
[Sun Apr 16 16:39:03 2023|main.py|INFO] EPOCH [79/100] NME improved from 0.08803 to 0.08794
[Sun Apr 16 16:39:03 2023|main.py|INFO] EPOCH [79/100] Saving model to: checkpoints/raw_CNN_noAug_Wing_lr0.3_B16/2023-04-16_16-39-03_epoch_79_NME_0.08794.pth.tar
[Sun Apr 16 16:41:29 2023|main.py|INFO] EPOCH [80/100] Train NME: 0.08511
[Sun Apr 16 16:41:40 2023|main.py|INFO] EPOCH [80/100] Test NME: 0.08941
[Sun Apr 16 16:41:40 2023|main.py|INFO] EPOCH [80/100] Learning rate: 0.00000
[Sun Apr 16 16:44:17 2023|main.py|INFO] EPOCH [81/100] Train NME: 0.08418
[Sun Apr 16 16:44:28 2023|main.py|INFO] EPOCH [81/100] Test NME: 0.08860
[Sun Apr 16 16:44:28 2023|main.py|INFO] EPOCH [81/100] Learning rate: 0.00000
[Sun Apr 16 16:46:56 2023|main.py|INFO] EPOCH [82/100] Train NME: 0.08490
[Sun Apr 16 16:47:07 2023|main.py|INFO] EPOCH [82/100] Test NME: 0.08812
[Sun Apr 16 16:47:07 2023|main.py|INFO] EPOCH [82/100] Learning rate: 0.00000
[Sun Apr 16 16:49:33 2023|main.py|INFO] EPOCH [83/100] Train NME: 0.08501
[Sun Apr 16 16:49:44 2023|main.py|INFO] EPOCH [83/100] Test NME: 0.08813
[Sun Apr 16 16:49:44 2023|main.py|INFO] EPOCH [83/100] Learning rate: 0.00000
[Sun Apr 16 16:52:10 2023|main.py|INFO] EPOCH [84/100] Train NME: 0.08404
[Sun Apr 16 16:52:22 2023|main.py|INFO] EPOCH [84/100] Test NME: 0.08832
[Sun Apr 16 16:52:22 2023|main.py|INFO] EPOCH [84/100] Learning rate: 0.00000
[Sun Apr 16 16:54:48 2023|main.py|INFO] EPOCH [85/100] Train NME: 0.08445
[Sun Apr 16 16:55:00 2023|main.py|INFO] EPOCH [85/100] Test NME: 0.08846
[Sun Apr 16 16:55:00 2023|main.py|INFO] EPOCH [85/100] Learning rate: 0.00000
[Sun Apr 16 16:57:26 2023|main.py|INFO] EPOCH [86/100] Train NME: 0.08470
[Sun Apr 16 16:57:37 2023|main.py|INFO] EPOCH [86/100] Test NME: 0.08856
[Sun Apr 16 16:57:37 2023|main.py|INFO] EPOCH [86/100] Learning rate: 0.00000
[Sun Apr 16 17:00:04 2023|main.py|INFO] EPOCH [87/100] Train NME: 0.08383
[Sun Apr 16 17:00:14 2023|main.py|INFO] EPOCH [87/100] Test NME: 0.08814
[Sun Apr 16 17:00:14 2023|main.py|INFO] EPOCH [87/100] Learning rate: 0.00000
[Sun Apr 16 17:02:20 2023|main.py|INFO] EPOCH [88/100] Train NME: 0.08455
[Sun Apr 16 17:02:21 2023|main.py|INFO] EPOCH [88/100] Test NME: 0.08843
[Sun Apr 16 17:02:21 2023|main.py|INFO] EPOCH [88/100] Learning rate: 0.00000
[Sun Apr 16 17:02:32 2023|main.py|INFO] EPOCH [89/100] Train NME: 0.08391
[Sun Apr 16 17:02:33 2023|main.py|INFO] EPOCH [89/100] Test NME: 0.08856
[Sun Apr 16 17:02:33 2023|main.py|INFO] EPOCH [89/100] Learning rate: 0.00000
[Sun Apr 16 17:02:43 2023|main.py|INFO] EPOCH [90/100] Train NME: 0.08455
[Sun Apr 16 17:02:44 2023|main.py|INFO] EPOCH [90/100] Test NME: 0.08835
[Sun Apr 16 17:02:44 2023|main.py|INFO] EPOCH [90/100] Learning rate: 0.00000
[Sun Apr 16 17:02:55 2023|main.py|INFO] EPOCH [91/100] Train NME: 0.08424
[Sun Apr 16 17:02:56 2023|main.py|INFO] EPOCH [91/100] Test NME: 0.08870
[Sun Apr 16 17:02:56 2023|main.py|INFO] EPOCH [91/100] Learning rate: 0.00000
[Sun Apr 16 17:03:06 2023|main.py|INFO] EPOCH [92/100] Train NME: 0.08436
[Sun Apr 16 17:03:07 2023|main.py|INFO] EPOCH [92/100] Test NME: 0.08813
[Sun Apr 16 17:03:07 2023|main.py|INFO] EPOCH [92/100] Learning rate: 0.00000
[Sun Apr 16 17:03:18 2023|main.py|INFO] EPOCH [93/100] Train NME: 0.08436
[Sun Apr 16 17:03:19 2023|main.py|INFO] EPOCH [93/100] Test NME: 0.08814
[Sun Apr 16 17:03:19 2023|main.py|INFO] EPOCH [93/100] Learning rate: 0.00000
[Sun Apr 16 17:03:30 2023|main.py|INFO] EPOCH [94/100] Train NME: 0.08505
[Sun Apr 16 17:03:31 2023|main.py|INFO] EPOCH [94/100] Test NME: 0.08851
[Sun Apr 16 17:03:31 2023|main.py|INFO] EPOCH [94/100] Learning rate: 0.00000
[Sun Apr 16 17:03:41 2023|main.py|INFO] EPOCH [95/100] Train NME: 0.08493
[Sun Apr 16 17:03:43 2023|main.py|INFO] EPOCH [95/100] Test NME: 0.08811
[Sun Apr 16 17:03:43 2023|main.py|INFO] EPOCH [95/100] Learning rate: 0.00000
[Sun Apr 16 17:03:53 2023|main.py|INFO] EPOCH [96/100] Train NME: 0.08410
[Sun Apr 16 17:03:54 2023|main.py|INFO] EPOCH [96/100] Test NME: 0.08838
[Sun Apr 16 17:03:54 2023|main.py|INFO] EPOCH [96/100] Learning rate: 0.00000
[Sun Apr 16 17:04:05 2023|main.py|INFO] EPOCH [97/100] Train NME: 0.08494
[Sun Apr 16 17:04:06 2023|main.py|INFO] EPOCH [97/100] Test NME: 0.08847
[Sun Apr 16 17:04:06 2023|main.py|INFO] EPOCH [97/100] Learning rate: 0.00000
[Sun Apr 16 17:04:16 2023|main.py|INFO] EPOCH [98/100] Train NME: 0.08422
[Sun Apr 16 17:04:18 2023|main.py|INFO] EPOCH [98/100] Test NME: 0.08818
[Sun Apr 16 17:04:18 2023|main.py|INFO] EPOCH [98/100] Learning rate: 0.00000
[Sun Apr 16 17:04:28 2023|main.py|INFO] EPOCH [99/100] Train NME: 0.08429
[Sun Apr 16 17:04:30 2023|main.py|INFO] EPOCH [99/100] Test NME: 0.08875
[Sun Apr 16 17:04:30 2023|main.py|INFO] EPOCH [99/100] Learning rate: 0.00000
[Sun Apr 16 17:04:40 2023|main.py|INFO] EPOCH [100/100] Train NME: 0.08394
[Sun Apr 16 17:04:41 2023|main.py|INFO] EPOCH [100/100] Test NME: 0.08824
[Sun Apr 16 17:04:41 2023|main.py|INFO] EPOCH [100/100] Learning rate: 0.00000
