[Fri Apr 21 20:37:15 2023|main.py|INFO] Task: raw_CNN_noAug_Wing_lr0.2_B4
[Fri Apr 21 20:37:15 2023|main.py|INFO] Using device: cuda
[Fri Apr 21 20:37:15 2023|main.py|INFO] Using config: config\raw_CNN_noAug_Wing\raw_CNN_noAug_Wing_lr0.2_B4.yaml
[Fri Apr 21 20:37:15 2023|main.py|INFO] Train path: data/training_images_full_train.npz
[Fri Apr 21 20:37:15 2023|main.py|INFO] Test path: data/training_images_full_test.npz
[Fri Apr 21 20:37:15 2023|main.py|INFO] Train augment: False
[Fri Apr 21 20:37:15 2023|main.py|INFO] Learning rate: 0.2
[Fri Apr 21 20:37:15 2023|main.py|INFO] Batch size: 4
[Fri Apr 21 20:37:15 2023|main.py|INFO] Num epochs: 100
[Fri Apr 21 20:37:15 2023|main.py|INFO] Save model: True
[Fri Apr 21 20:37:15 2023|main.py|INFO] Loss: Wing
[Fri Apr 21 20:37:15 2023|main.py|INFO] Log path: logs/raw_CNN_noAug_Wing_lr0.2_B4/2023-04-21_20-37-15.log
[Fri Apr 21 20:37:15 2023|main.py|INFO] Writer path: runs/raw_CNN_noAug_Wing_lr0.2_B4/2023-04-21_20-37-15
[Fri Apr 21 20:37:15 2023|main.py|INFO] Model name: resnet18
[Fri Apr 21 20:37:15 2023|main.py|INFO] Num outputs: 88
[Fri Apr 21 20:37:15 2023|main.py|INFO] Pretrained: True
[Fri Apr 21 20:37:15 2023|main.py|INFO] Load model: False
[Fri Apr 21 20:37:15 2023|main.py|INFO] Load path: None
[Fri Apr 21 20:37:15 2023|main.py|INFO] Loading data...
[Fri Apr 21 20:37:15 2023|main.py|INFO] Load dataset for raw_CNN_noAug_Wing_lr0.2_B4
