[Sun Apr 16 05:22:06 2023|main.py|INFO] Task: raw_CNN_noAug_MSE_lr0.2_B4
[Sun Apr 16 05:22:06 2023|main.py|INFO] Using device: cuda
[Sun Apr 16 05:22:06 2023|main.py|INFO] Using config: config\raw_CNN_noAug_MSE\raw_CNN_noAug_MSE_lr0.2_B4.yaml
[Sun Apr 16 05:22:06 2023|main.py|INFO] Train path: data/training_images_full_train.npz
[Sun Apr 16 05:22:06 2023|main.py|INFO] Test path: data/training_images_full_test.npz
[Sun Apr 16 05:22:06 2023|main.py|INFO] Train augment: False
[Sun Apr 16 05:22:06 2023|main.py|INFO] Learning rate: 0.2
[Sun Apr 16 05:22:06 2023|main.py|INFO] Batch size: 4
[Sun Apr 16 05:22:06 2023|main.py|INFO] Num epochs: 100
[Sun Apr 16 05:22:06 2023|main.py|INFO] Save model: True
[Sun Apr 16 05:22:06 2023|main.py|INFO] Loss: MSE
[Sun Apr 16 05:22:06 2023|main.py|INFO] Log path: logs/raw_CNN_noAug_MSE_lr0.2_B4/2023-04-16_05-22-06.log
[Sun Apr 16 05:22:06 2023|main.py|INFO] Writer path: runs/raw_CNN_noAug_MSE_lr0.2_B4/2023-04-16_05-22-06
[Sun Apr 16 05:22:06 2023|main.py|INFO] Model name: resnet18
[Sun Apr 16 05:22:06 2023|main.py|INFO] Num outputs: 88
[Sun Apr 16 05:22:06 2023|main.py|INFO] Pretrained: True
[Sun Apr 16 05:22:06 2023|main.py|INFO] Load model: False
[Sun Apr 16 05:22:06 2023|main.py|INFO] Load path: None
[Sun Apr 16 05:22:06 2023|main.py|INFO] Loading data...
[Sun Apr 16 05:22:06 2023|main.py|INFO] Load dataset for raw_CNN_noAug_MSE_lr0.2_B4
[Sun Apr 16 05:22:07 2023|main.py|INFO] Initializing network resnet18 with 88 outputs...
[Sun Apr 16 05:22:08 2023|main.py|INFO] Network: ResNet(
  (conv1): Conv2d(3, 64, kernel_size=(7, 7), stride=(2, 2), padding=(3, 3), bias=False)
  (bn1): BatchNorm2d(64, eps=1e-05, momentum=0.1, affine=True, track_running_stats=True)
  (relu): ReLU(inplace=True)
  (maxpool): MaxPool2d(kernel_size=3, stride=2, padding=1, dilation=1, ceil_mode=False)
  (layer1): Sequential(
    (0): BasicBlock(
      (conv1): Conv2d(64, 64, kernel_size=(3, 3), stride=(1, 1), padding=(1, 1), bias=False)
      (bn1): BatchNorm2d(64, eps=1e-05, momentum=0.1, affine=True, track_running_stats=True)
      (relu): ReLU(inplace=True)
      (conv2): Conv2d(64, 64, kernel_size=(3, 3), stride=(1, 1), padding=(1, 1), bias=False)
      (bn2): BatchNorm2d(64, eps=1e-05, momentum=0.1, affine=True, track_running_stats=True)
    )
    (1): BasicBlock(
      (conv1): Conv2d(64, 64, kernel_size=(3, 3), stride=(1, 1), padding=(1, 1), bias=False)
      (bn1): BatchNorm2d(64, eps=1e-05, momentum=0.1, affine=True, track_running_stats=True)
      (relu): ReLU(inplace=True)
      (conv2): Conv2d(64, 64, kernel_size=(3, 3), stride=(1, 1), padding=(1, 1), bias=False)
      (bn2): BatchNorm2d(64, eps=1e-05, momentum=0.1, affine=True, track_running_stats=True)
    )
  )
  (layer2): Sequential(
    (0): BasicBlock(
      (conv1): Conv2d(64, 128, kernel_size=(3, 3), stride=(2, 2), padding=(1, 1), bias=False)
      (bn1): BatchNorm2d(128, eps=1e-05, momentum=0.1, affine=True, track_running_stats=True)
      (relu): ReLU(inplace=True)
      (conv2): Conv2d(128, 128, kernel_size=(3, 3), stride=(1, 1), padding=(1, 1), bias=False)
      (bn2): BatchNorm2d(128, eps=1e-05, momentum=0.1, affine=True, track_running_stats=True)
      (downsample): Sequential(
        (0): Conv2d(64, 128, kernel_size=(1, 1), stride=(2, 2), bias=False)
        (1): BatchNorm2d(128, eps=1e-05, momentum=0.1, affine=True, track_running_stats=True)
      )
    )
    (1): BasicBlock(
      (conv1): Conv2d(128, 128, kernel_size=(3, 3), stride=(1, 1), padding=(1, 1), bias=False)
      (bn1): BatchNorm2d(128, eps=1e-05, momentum=0.1, affine=True, track_running_stats=True)
      (relu): ReLU(inplace=True)
      (conv2): Conv2d(128, 128, kernel_size=(3, 3), stride=(1, 1), padding=(1, 1), bias=False)
      (bn2): BatchNorm2d(128, eps=1e-05, momentum=0.1, affine=True, track_running_stats=True)
    )
  )
  (layer3): Sequential(
    (0): BasicBlock(
      (conv1): Conv2d(128, 256, kernel_size=(3, 3), stride=(2, 2), padding=(1, 1), bias=False)
      (bn1): BatchNorm2d(256, eps=1e-05, momentum=0.1, affine=True, track_running_stats=True)
      (relu): ReLU(inplace=True)
      (conv2): Conv2d(256, 256, kernel_size=(3, 3), stride=(1, 1), padding=(1, 1), bias=False)
      (bn2): BatchNorm2d(256, eps=1e-05, momentum=0.1, affine=True, track_running_stats=True)
      (downsample): Sequential(
        (0): Conv2d(128, 256, kernel_size=(1, 1), stride=(2, 2), bias=False)
        (1): BatchNorm2d(256, eps=1e-05, momentum=0.1, affine=True, track_running_stats=True)
      )
    )
    (1): BasicBlock(
      (conv1): Conv2d(256, 256, kernel_size=(3, 3), stride=(1, 1), padding=(1, 1), bias=False)
      (bn1): BatchNorm2d(256, eps=1e-05, momentum=0.1, affine=True, track_running_stats=True)
      (relu): ReLU(inplace=True)
      (conv2): Conv2d(256, 256, kernel_size=(3, 3), stride=(1, 1), padding=(1, 1), bias=False)
      (bn2): BatchNorm2d(256, eps=1e-05, momentum=0.1, affine=True, track_running_stats=True)
    )
  )
  (layer4): Sequential(
    (0): BasicBlock(
      (conv1): Conv2d(256, 512, kernel_size=(3, 3), stride=(2, 2), padding=(1, 1), bias=False)
      (bn1): BatchNorm2d(512, eps=1e-05, momentum=0.1, affine=True, track_running_stats=True)
      (relu): ReLU(inplace=True)
      (conv2): Conv2d(512, 512, kernel_size=(3, 3), stride=(1, 1), padding=(1, 1), bias=False)
      (bn2): BatchNorm2d(512, eps=1e-05, momentum=0.1, affine=True, track_running_stats=True)
      (downsample): Sequential(
        (0): Conv2d(256, 512, kernel_size=(1, 1), stride=(2, 2), bias=False)
        (1): BatchNorm2d(512, eps=1e-05, momentum=0.1, affine=True, track_running_stats=True)
      )
    )
    (1): BasicBlock(
      (conv1): Conv2d(512, 512, kernel_size=(3, 3), stride=(1, 1), padding=(1, 1), bias=False)
      (bn1): BatchNorm2d(512, eps=1e-05, momentum=0.1, affine=True, track_running_stats=True)
      (relu): ReLU(inplace=True)
      (conv2): Conv2d(512, 512, kernel_size=(3, 3), stride=(1, 1), padding=(1, 1), bias=False)
      (bn2): BatchNorm2d(512, eps=1e-05, momentum=0.1, affine=True, track_running_stats=True)
    )
  )
  (avgpool): AdaptiveAvgPool2d(output_size=(1, 1))
  (fc): Linear(in_features=512, out_features=88, bias=True)
)
[Sun Apr 16 05:22:08 2023|main.py|INFO] Initializing loss and optimizer...
[Sun Apr 16 05:22:08 2023|main.py|INFO] Loss: MSE
[Sun Apr 16 05:22:08 2023|main.py|INFO] Optimizer: Adam
[Sun Apr 16 05:22:08 2023|main.py|INFO] Initializing tensorboard writer at: runs/raw_CNN_noAug_MSE_lr0.2_B4/2023-04-16_05-22-06
[Sun Apr 16 05:22:08 2023|main.py|INFO] Training network...
[Sun Apr 16 05:22:19 2023|main.py|INFO] EPOCH [1/100] Train NME: 0.22275
[Sun Apr 16 05:22:20 2023|main.py|INFO] EPOCH [1/100] Test NME: 0.14187
[Sun Apr 16 05:22:20 2023|main.py|INFO] EPOCH [1/100] Learning rate: 0.20000
[Sun Apr 16 05:22:20 2023|main.py|INFO] EPOCH [1/100] NME improved from 1000.00000 to 0.14187
[Sun Apr 16 05:22:20 2023|main.py|INFO] EPOCH [1/100] Saving model to: checkpoints/raw_CNN_noAug_MSE_lr0.2_B4/2023-04-16_05-22-20_epoch_1_NME_0.14187.pth.tar
[Sun Apr 16 05:22:29 2023|main.py|INFO] EPOCH [2/100] Train NME: 0.15075
[Sun Apr 16 05:22:30 2023|main.py|INFO] EPOCH [2/100] Test NME: 0.12989
[Sun Apr 16 05:22:30 2023|main.py|INFO] EPOCH [2/100] Learning rate: 0.16000
[Sun Apr 16 05:22:30 2023|main.py|INFO] EPOCH [2/100] NME improved from 0.14187 to 0.12989
[Sun Apr 16 05:22:30 2023|main.py|INFO] EPOCH [2/100] Saving model to: checkpoints/raw_CNN_noAug_MSE_lr0.2_B4/2023-04-16_05-22-30_epoch_2_NME_0.12989.pth.tar
[Sun Apr 16 05:22:39 2023|main.py|INFO] EPOCH [3/100] Train NME: 0.14023
[Sun Apr 16 05:22:40 2023|main.py|INFO] EPOCH [3/100] Test NME: 0.13893
[Sun Apr 16 05:22:40 2023|main.py|INFO] EPOCH [3/100] Learning rate: 0.12800
[Sun Apr 16 05:22:48 2023|main.py|INFO] EPOCH [4/100] Train NME: 0.12847
[Sun Apr 16 05:22:49 2023|main.py|INFO] EPOCH [4/100] Test NME: 0.14242
[Sun Apr 16 05:22:49 2023|main.py|INFO] EPOCH [4/100] Learning rate: 0.10240
[Sun Apr 16 05:22:58 2023|main.py|INFO] EPOCH [5/100] Train NME: 0.11784
[Sun Apr 16 05:22:59 2023|main.py|INFO] EPOCH [5/100] Test NME: 0.13267
[Sun Apr 16 05:22:59 2023|main.py|INFO] EPOCH [5/100] Learning rate: 0.08192
[Sun Apr 16 05:23:08 2023|main.py|INFO] EPOCH [6/100] Train NME: 0.10972
[Sun Apr 16 05:23:09 2023|main.py|INFO] EPOCH [6/100] Test NME: 0.10443
[Sun Apr 16 05:23:09 2023|main.py|INFO] EPOCH [6/100] Learning rate: 0.06554
[Sun Apr 16 05:23:09 2023|main.py|INFO] EPOCH [6/100] NME improved from 0.12989 to 0.10443
[Sun Apr 16 05:23:09 2023|main.py|INFO] EPOCH [6/100] Saving model to: checkpoints/raw_CNN_noAug_MSE_lr0.2_B4/2023-04-16_05-23-09_epoch_6_NME_0.10443.pth.tar
[Sun Apr 16 05:23:18 2023|main.py|INFO] EPOCH [7/100] Train NME: 0.09908
[Sun Apr 16 05:23:18 2023|main.py|INFO] EPOCH [7/100] Test NME: 0.09057
[Sun Apr 16 05:23:18 2023|main.py|INFO] EPOCH [7/100] Learning rate: 0.05243
[Sun Apr 16 05:23:18 2023|main.py|INFO] EPOCH [7/100] NME improved from 0.10443 to 0.09057
[Sun Apr 16 05:23:18 2023|main.py|INFO] EPOCH [7/100] Saving model to: checkpoints/raw_CNN_noAug_MSE_lr0.2_B4/2023-04-16_05-23-18_epoch_7_NME_0.09057.pth.tar
[Sun Apr 16 05:23:27 2023|main.py|INFO] EPOCH [8/100] Train NME: 0.08885
[Sun Apr 16 05:23:28 2023|main.py|INFO] EPOCH [8/100] Test NME: 0.08330
[Sun Apr 16 05:23:28 2023|main.py|INFO] EPOCH [8/100] Learning rate: 0.04194
[Sun Apr 16 05:23:28 2023|main.py|INFO] EPOCH [8/100] NME improved from 0.09057 to 0.08330
[Sun Apr 16 05:23:28 2023|main.py|INFO] EPOCH [8/100] Saving model to: checkpoints/raw_CNN_noAug_MSE_lr0.2_B4/2023-04-16_05-23-28_epoch_8_NME_0.08330.pth.tar
[Sun Apr 16 05:23:37 2023|main.py|INFO] EPOCH [9/100] Train NME: 0.08236
[Sun Apr 16 05:23:38 2023|main.py|INFO] EPOCH [9/100] Test NME: 0.07856
[Sun Apr 16 05:23:38 2023|main.py|INFO] EPOCH [9/100] Learning rate: 0.03355
[Sun Apr 16 05:23:38 2023|main.py|INFO] EPOCH [9/100] NME improved from 0.08330 to 0.07856
[Sun Apr 16 05:23:38 2023|main.py|INFO] EPOCH [9/100] Saving model to: checkpoints/raw_CNN_noAug_MSE_lr0.2_B4/2023-04-16_05-23-38_epoch_9_NME_0.07856.pth.tar
[Sun Apr 16 05:23:48 2023|main.py|INFO] EPOCH [10/100] Train NME: 0.07666
[Sun Apr 16 05:23:49 2023|main.py|INFO] EPOCH [10/100] Test NME: 0.07589
[Sun Apr 16 05:23:49 2023|main.py|INFO] EPOCH [10/100] Learning rate: 0.02684
[Sun Apr 16 05:23:49 2023|main.py|INFO] EPOCH [10/100] NME improved from 0.07856 to 0.07589
[Sun Apr 16 05:23:49 2023|main.py|INFO] EPOCH [10/100] Saving model to: checkpoints/raw_CNN_noAug_MSE_lr0.2_B4/2023-04-16_05-23-49_epoch_10_NME_0.07589.pth.tar
[Sun Apr 16 05:23:58 2023|main.py|INFO] EPOCH [11/100] Train NME: 0.07274
[Sun Apr 16 05:23:59 2023|main.py|INFO] EPOCH [11/100] Test NME: 0.07485
[Sun Apr 16 05:23:59 2023|main.py|INFO] EPOCH [11/100] Learning rate: 0.02147
[Sun Apr 16 05:23:59 2023|main.py|INFO] EPOCH [11/100] NME improved from 0.07589 to 0.07485
[Sun Apr 16 05:23:59 2023|main.py|INFO] EPOCH [11/100] Saving model to: checkpoints/raw_CNN_noAug_MSE_lr0.2_B4/2023-04-16_05-23-59_epoch_11_NME_0.07485.pth.tar
[Sun Apr 16 05:24:07 2023|main.py|INFO] EPOCH [12/100] Train NME: 0.06959
[Sun Apr 16 05:24:08 2023|main.py|INFO] EPOCH [12/100] Test NME: 0.07748
[Sun Apr 16 05:24:08 2023|main.py|INFO] EPOCH [12/100] Learning rate: 0.01718
[Sun Apr 16 05:24:17 2023|main.py|INFO] EPOCH [13/100] Train NME: 0.06708
[Sun Apr 16 05:24:18 2023|main.py|INFO] EPOCH [13/100] Test NME: 0.07436
[Sun Apr 16 05:24:18 2023|main.py|INFO] EPOCH [13/100] Learning rate: 0.01374
[Sun Apr 16 05:24:18 2023|main.py|INFO] EPOCH [13/100] NME improved from 0.07485 to 0.07436
[Sun Apr 16 05:24:18 2023|main.py|INFO] EPOCH [13/100] Saving model to: checkpoints/raw_CNN_noAug_MSE_lr0.2_B4/2023-04-16_05-24-18_epoch_13_NME_0.07436.pth.tar
[Sun Apr 16 05:24:27 2023|main.py|INFO] EPOCH [14/100] Train NME: 0.06577
[Sun Apr 16 05:24:28 2023|main.py|INFO] EPOCH [14/100] Test NME: 0.06870
[Sun Apr 16 05:24:28 2023|main.py|INFO] EPOCH [14/100] Learning rate: 0.01100
[Sun Apr 16 05:24:28 2023|main.py|INFO] EPOCH [14/100] NME improved from 0.07436 to 0.06870
[Sun Apr 16 05:24:28 2023|main.py|INFO] EPOCH [14/100] Saving model to: checkpoints/raw_CNN_noAug_MSE_lr0.2_B4/2023-04-16_05-24-28_epoch_14_NME_0.06870.pth.tar
[Sun Apr 16 05:24:37 2023|main.py|INFO] EPOCH [15/100] Train NME: 0.06361
[Sun Apr 16 05:24:38 2023|main.py|INFO] EPOCH [15/100] Test NME: 0.06958
[Sun Apr 16 05:24:38 2023|main.py|INFO] EPOCH [15/100] Learning rate: 0.00880
[Sun Apr 16 05:24:46 2023|main.py|INFO] EPOCH [16/100] Train NME: 0.06183
[Sun Apr 16 05:24:47 2023|main.py|INFO] EPOCH [16/100] Test NME: 0.07243
[Sun Apr 16 05:24:47 2023|main.py|INFO] EPOCH [16/100] Learning rate: 0.00704
[Sun Apr 16 05:24:56 2023|main.py|INFO] EPOCH [17/100] Train NME: 0.06101
[Sun Apr 16 05:24:57 2023|main.py|INFO] EPOCH [17/100] Test NME: 0.07056
[Sun Apr 16 05:24:57 2023|main.py|INFO] EPOCH [17/100] Learning rate: 0.00563
[Sun Apr 16 05:25:06 2023|main.py|INFO] EPOCH [18/100] Train NME: 0.05937
[Sun Apr 16 05:25:06 2023|main.py|INFO] EPOCH [18/100] Test NME: 0.06794
[Sun Apr 16 05:25:06 2023|main.py|INFO] EPOCH [18/100] Learning rate: 0.00450
[Sun Apr 16 05:25:06 2023|main.py|INFO] EPOCH [18/100] NME improved from 0.06870 to 0.06794
[Sun Apr 16 05:25:06 2023|main.py|INFO] EPOCH [18/100] Saving model to: checkpoints/raw_CNN_noAug_MSE_lr0.2_B4/2023-04-16_05-25-06_epoch_18_NME_0.06794.pth.tar
[Sun Apr 16 05:25:16 2023|main.py|INFO] EPOCH [19/100] Train NME: 0.05790
[Sun Apr 16 05:25:17 2023|main.py|INFO] EPOCH [19/100] Test NME: 0.06783
[Sun Apr 16 05:25:17 2023|main.py|INFO] EPOCH [19/100] Learning rate: 0.00360
[Sun Apr 16 05:25:17 2023|main.py|INFO] EPOCH [19/100] NME improved from 0.06794 to 0.06783
[Sun Apr 16 05:25:17 2023|main.py|INFO] EPOCH [19/100] Saving model to: checkpoints/raw_CNN_noAug_MSE_lr0.2_B4/2023-04-16_05-25-17_epoch_19_NME_0.06783.pth.tar
[Sun Apr 16 05:25:26 2023|main.py|INFO] EPOCH [20/100] Train NME: 0.05716
[Sun Apr 16 05:25:27 2023|main.py|INFO] EPOCH [20/100] Test NME: 0.06612
[Sun Apr 16 05:25:27 2023|main.py|INFO] EPOCH [20/100] Learning rate: 0.00288
[Sun Apr 16 05:25:27 2023|main.py|INFO] EPOCH [20/100] NME improved from 0.06783 to 0.06612
[Sun Apr 16 05:25:27 2023|main.py|INFO] EPOCH [20/100] Saving model to: checkpoints/raw_CNN_noAug_MSE_lr0.2_B4/2023-04-16_05-25-27_epoch_20_NME_0.06612.pth.tar
[Sun Apr 16 05:25:35 2023|main.py|INFO] EPOCH [21/100] Train NME: 0.05654
[Sun Apr 16 05:25:36 2023|main.py|INFO] EPOCH [21/100] Test NME: 0.06672
[Sun Apr 16 05:25:36 2023|main.py|INFO] EPOCH [21/100] Learning rate: 0.00231
[Sun Apr 16 05:25:45 2023|main.py|INFO] EPOCH [22/100] Train NME: 0.05588
[Sun Apr 16 05:25:45 2023|main.py|INFO] EPOCH [22/100] Test NME: 0.06671
[Sun Apr 16 05:25:45 2023|main.py|INFO] EPOCH [22/100] Learning rate: 0.00184
[Sun Apr 16 05:25:54 2023|main.py|INFO] EPOCH [23/100] Train NME: 0.05562
[Sun Apr 16 05:25:55 2023|main.py|INFO] EPOCH [23/100] Test NME: 0.06637
[Sun Apr 16 05:25:55 2023|main.py|INFO] EPOCH [23/100] Learning rate: 0.00148
[Sun Apr 16 05:26:05 2023|main.py|INFO] EPOCH [24/100] Train NME: 0.05485
[Sun Apr 16 05:26:06 2023|main.py|INFO] EPOCH [24/100] Test NME: 0.06606
[Sun Apr 16 05:26:06 2023|main.py|INFO] EPOCH [24/100] Learning rate: 0.00118
[Sun Apr 16 05:26:06 2023|main.py|INFO] EPOCH [24/100] NME improved from 0.06612 to 0.06606
[Sun Apr 16 05:26:06 2023|main.py|INFO] EPOCH [24/100] Saving model to: checkpoints/raw_CNN_noAug_MSE_lr0.2_B4/2023-04-16_05-26-06_epoch_24_NME_0.06606.pth.tar
[Sun Apr 16 05:26:22 2023|main.py|INFO] EPOCH [25/100] Train NME: 0.05452
[Sun Apr 16 05:26:24 2023|main.py|INFO] EPOCH [25/100] Test NME: 0.06531
[Sun Apr 16 05:26:24 2023|main.py|INFO] EPOCH [25/100] Learning rate: 0.00094
[Sun Apr 16 05:26:24 2023|main.py|INFO] EPOCH [25/100] NME improved from 0.06606 to 0.06531
[Sun Apr 16 05:26:24 2023|main.py|INFO] EPOCH [25/100] Saving model to: checkpoints/raw_CNN_noAug_MSE_lr0.2_B4/2023-04-16_05-26-24_epoch_25_NME_0.06531.pth.tar
[Sun Apr 16 05:26:39 2023|main.py|INFO] EPOCH [26/100] Train NME: 0.05460
[Sun Apr 16 05:26:41 2023|main.py|INFO] EPOCH [26/100] Test NME: 0.06530
[Sun Apr 16 05:26:41 2023|main.py|INFO] EPOCH [26/100] Learning rate: 0.00076
[Sun Apr 16 05:26:41 2023|main.py|INFO] EPOCH [26/100] NME improved from 0.06531 to 0.06530
[Sun Apr 16 05:26:41 2023|main.py|INFO] EPOCH [26/100] Saving model to: checkpoints/raw_CNN_noAug_MSE_lr0.2_B4/2023-04-16_05-26-41_epoch_26_NME_0.06530.pth.tar
[Sun Apr 16 05:26:56 2023|main.py|INFO] EPOCH [27/100] Train NME: 0.05388
[Sun Apr 16 05:26:58 2023|main.py|INFO] EPOCH [27/100] Test NME: 0.06574
[Sun Apr 16 05:26:58 2023|main.py|INFO] EPOCH [27/100] Learning rate: 0.00060
[Sun Apr 16 05:27:14 2023|main.py|INFO] EPOCH [28/100] Train NME: 0.05396
[Sun Apr 16 05:27:15 2023|main.py|INFO] EPOCH [28/100] Test NME: 0.06559
[Sun Apr 16 05:27:15 2023|main.py|INFO] EPOCH [28/100] Learning rate: 0.00048
[Sun Apr 16 05:27:31 2023|main.py|INFO] EPOCH [29/100] Train NME: 0.05368
[Sun Apr 16 05:27:32 2023|main.py|INFO] EPOCH [29/100] Test NME: 0.06567
[Sun Apr 16 05:27:32 2023|main.py|INFO] EPOCH [29/100] Learning rate: 0.00039
[Sun Apr 16 05:27:48 2023|main.py|INFO] EPOCH [30/100] Train NME: 0.05373
[Sun Apr 16 05:27:50 2023|main.py|INFO] EPOCH [30/100] Test NME: 0.06542
[Sun Apr 16 05:27:50 2023|main.py|INFO] EPOCH [30/100] Learning rate: 0.00031
[Sun Apr 16 05:28:05 2023|main.py|INFO] EPOCH [31/100] Train NME: 0.05356
[Sun Apr 16 05:28:07 2023|main.py|INFO] EPOCH [31/100] Test NME: 0.06563
[Sun Apr 16 05:28:07 2023|main.py|INFO] EPOCH [31/100] Learning rate: 0.00025
[Sun Apr 16 05:28:23 2023|main.py|INFO] EPOCH [32/100] Train NME: 0.05330
[Sun Apr 16 05:28:24 2023|main.py|INFO] EPOCH [32/100] Test NME: 0.06535
[Sun Apr 16 05:28:24 2023|main.py|INFO] EPOCH [32/100] Learning rate: 0.00020
[Sun Apr 16 05:28:40 2023|main.py|INFO] EPOCH [33/100] Train NME: 0.05343
[Sun Apr 16 05:28:41 2023|main.py|INFO] EPOCH [33/100] Test NME: 0.06544
[Sun Apr 16 05:28:41 2023|main.py|INFO] EPOCH [33/100] Learning rate: 0.00016
[Sun Apr 16 05:28:57 2023|main.py|INFO] EPOCH [34/100] Train NME: 0.05320
[Sun Apr 16 05:28:58 2023|main.py|INFO] EPOCH [34/100] Test NME: 0.06568
[Sun Apr 16 05:28:58 2023|main.py|INFO] EPOCH [34/100] Learning rate: 0.00013
[Sun Apr 16 05:29:14 2023|main.py|INFO] EPOCH [35/100] Train NME: 0.05333
[Sun Apr 16 05:29:15 2023|main.py|INFO] EPOCH [35/100] Test NME: 0.06545
[Sun Apr 16 05:29:15 2023|main.py|INFO] EPOCH [35/100] Learning rate: 0.00010
[Sun Apr 16 05:29:31 2023|main.py|INFO] EPOCH [36/100] Train NME: 0.05290
[Sun Apr 16 05:29:33 2023|main.py|INFO] EPOCH [36/100] Test NME: 0.06600
[Sun Apr 16 05:29:33 2023|main.py|INFO] EPOCH [36/100] Learning rate: 0.00008
[Sun Apr 16 05:29:48 2023|main.py|INFO] EPOCH [37/100] Train NME: 0.05336
[Sun Apr 16 05:29:50 2023|main.py|INFO] EPOCH [37/100] Test NME: 0.06540
[Sun Apr 16 05:29:50 2023|main.py|INFO] EPOCH [37/100] Learning rate: 0.00006
[Sun Apr 16 05:30:05 2023|main.py|INFO] EPOCH [38/100] Train NME: 0.05281
[Sun Apr 16 05:30:07 2023|main.py|INFO] EPOCH [38/100] Test NME: 0.06544
[Sun Apr 16 05:30:07 2023|main.py|INFO] EPOCH [38/100] Learning rate: 0.00005
[Sun Apr 16 05:30:23 2023|main.py|INFO] EPOCH [39/100] Train NME: 0.05302
[Sun Apr 16 05:30:24 2023|main.py|INFO] EPOCH [39/100] Test NME: 0.06514
[Sun Apr 16 05:30:24 2023|main.py|INFO] EPOCH [39/100] Learning rate: 0.00004
[Sun Apr 16 05:30:24 2023|main.py|INFO] EPOCH [39/100] NME improved from 0.06530 to 0.06514
[Sun Apr 16 05:30:24 2023|main.py|INFO] EPOCH [39/100] Saving model to: checkpoints/raw_CNN_noAug_MSE_lr0.2_B4/2023-04-16_05-30-24_epoch_39_NME_0.06514.pth.tar
[Sun Apr 16 05:30:40 2023|main.py|INFO] EPOCH [40/100] Train NME: 0.05277
[Sun Apr 16 05:30:42 2023|main.py|INFO] EPOCH [40/100] Test NME: 0.06594
[Sun Apr 16 05:30:42 2023|main.py|INFO] EPOCH [40/100] Learning rate: 0.00003
[Sun Apr 16 05:30:57 2023|main.py|INFO] EPOCH [41/100] Train NME: 0.05290
[Sun Apr 16 05:30:59 2023|main.py|INFO] EPOCH [41/100] Test NME: 0.06554
[Sun Apr 16 05:30:59 2023|main.py|INFO] EPOCH [41/100] Learning rate: 0.00003
[Sun Apr 16 05:31:15 2023|main.py|INFO] EPOCH [42/100] Train NME: 0.05318
[Sun Apr 16 05:31:16 2023|main.py|INFO] EPOCH [42/100] Test NME: 0.06562
[Sun Apr 16 05:31:16 2023|main.py|INFO] EPOCH [42/100] Learning rate: 0.00002
[Sun Apr 16 05:31:32 2023|main.py|INFO] EPOCH [43/100] Train NME: 0.05283
[Sun Apr 16 05:31:33 2023|main.py|INFO] EPOCH [43/100] Test NME: 0.06595
[Sun Apr 16 05:31:33 2023|main.py|INFO] EPOCH [43/100] Learning rate: 0.00002
[Sun Apr 16 05:31:49 2023|main.py|INFO] EPOCH [44/100] Train NME: 0.05272
[Sun Apr 16 05:31:51 2023|main.py|INFO] EPOCH [44/100] Test NME: 0.06558
[Sun Apr 16 05:31:51 2023|main.py|INFO] EPOCH [44/100] Learning rate: 0.00001
[Sun Apr 16 05:32:07 2023|main.py|INFO] EPOCH [45/100] Train NME: 0.05302
[Sun Apr 16 05:32:08 2023|main.py|INFO] EPOCH [45/100] Test NME: 0.06559
[Sun Apr 16 05:32:08 2023|main.py|INFO] EPOCH [45/100] Learning rate: 0.00001
[Sun Apr 16 05:32:24 2023|main.py|INFO] EPOCH [46/100] Train NME: 0.05280
[Sun Apr 16 05:32:25 2023|main.py|INFO] EPOCH [46/100] Test NME: 0.06530
[Sun Apr 16 05:32:25 2023|main.py|INFO] EPOCH [46/100] Learning rate: 0.00001
[Sun Apr 16 05:32:41 2023|main.py|INFO] EPOCH [47/100] Train NME: 0.05312
[Sun Apr 16 05:32:42 2023|main.py|INFO] EPOCH [47/100] Test NME: 0.06562
[Sun Apr 16 05:32:42 2023|main.py|INFO] EPOCH [47/100] Learning rate: 0.00001
[Sun Apr 16 05:32:58 2023|main.py|INFO] EPOCH [48/100] Train NME: 0.05285
[Sun Apr 16 05:33:00 2023|main.py|INFO] EPOCH [48/100] Test NME: 0.06592
[Sun Apr 16 05:33:00 2023|main.py|INFO] EPOCH [48/100] Learning rate: 0.00001
[Sun Apr 16 05:33:15 2023|main.py|INFO] EPOCH [49/100] Train NME: 0.05307
[Sun Apr 16 05:33:17 2023|main.py|INFO] EPOCH [49/100] Test NME: 0.06549
[Sun Apr 16 05:33:17 2023|main.py|INFO] EPOCH [49/100] Learning rate: 0.00000
[Sun Apr 16 05:33:32 2023|main.py|INFO] EPOCH [50/100] Train NME: 0.05285
[Sun Apr 16 05:33:34 2023|main.py|INFO] EPOCH [50/100] Test NME: 0.06540
[Sun Apr 16 05:33:34 2023|main.py|INFO] EPOCH [50/100] Learning rate: 0.00000
[Sun Apr 16 05:33:50 2023|main.py|INFO] EPOCH [51/100] Train NME: 0.05262
[Sun Apr 16 05:33:51 2023|main.py|INFO] EPOCH [51/100] Test NME: 0.06529
[Sun Apr 16 05:33:51 2023|main.py|INFO] EPOCH [51/100] Learning rate: 0.00000
[Sun Apr 16 05:34:06 2023|main.py|INFO] EPOCH [52/100] Train NME: 0.05300
[Sun Apr 16 05:34:08 2023|main.py|INFO] EPOCH [52/100] Test NME: 0.06554
[Sun Apr 16 05:34:08 2023|main.py|INFO] EPOCH [52/100] Learning rate: 0.00000
[Sun Apr 16 05:34:23 2023|main.py|INFO] EPOCH [53/100] Train NME: 0.05278
[Sun Apr 16 05:34:25 2023|main.py|INFO] EPOCH [53/100] Test NME: 0.06547
[Sun Apr 16 05:34:25 2023|main.py|INFO] EPOCH [53/100] Learning rate: 0.00000
[Sun Apr 16 05:34:42 2023|main.py|INFO] EPOCH [54/100] Train NME: 0.05265
[Sun Apr 16 05:34:43 2023|main.py|INFO] EPOCH [54/100] Test NME: 0.06565
[Sun Apr 16 05:34:43 2023|main.py|INFO] EPOCH [54/100] Learning rate: 0.00000
[Sun Apr 16 05:34:59 2023|main.py|INFO] EPOCH [55/100] Train NME: 0.05287
[Sun Apr 16 05:35:00 2023|main.py|INFO] EPOCH [55/100] Test NME: 0.06643
[Sun Apr 16 05:35:00 2023|main.py|INFO] EPOCH [55/100] Learning rate: 0.00000
[Sun Apr 16 05:35:16 2023|main.py|INFO] EPOCH [56/100] Train NME: 0.05266
[Sun Apr 16 05:35:18 2023|main.py|INFO] EPOCH [56/100] Test NME: 0.06553
[Sun Apr 16 05:35:18 2023|main.py|INFO] EPOCH [56/100] Learning rate: 0.00000
[Sun Apr 16 05:35:34 2023|main.py|INFO] EPOCH [57/100] Train NME: 0.05293
[Sun Apr 16 05:35:35 2023|main.py|INFO] EPOCH [57/100] Test NME: 0.06578
[Sun Apr 16 05:35:35 2023|main.py|INFO] EPOCH [57/100] Learning rate: 0.00000
[Sun Apr 16 05:35:51 2023|main.py|INFO] EPOCH [58/100] Train NME: 0.05318
[Sun Apr 16 05:35:52 2023|main.py|INFO] EPOCH [58/100] Test NME: 0.06579
[Sun Apr 16 05:35:52 2023|main.py|INFO] EPOCH [58/100] Learning rate: 0.00000
[Sun Apr 16 05:36:08 2023|main.py|INFO] EPOCH [59/100] Train NME: 0.05284
[Sun Apr 16 05:36:09 2023|main.py|INFO] EPOCH [59/100] Test NME: 0.06560
[Sun Apr 16 05:36:09 2023|main.py|INFO] EPOCH [59/100] Learning rate: 0.00000
[Sun Apr 16 05:36:25 2023|main.py|INFO] EPOCH [60/100] Train NME: 0.05306
[Sun Apr 16 05:36:26 2023|main.py|INFO] EPOCH [60/100] Test NME: 0.06552
[Sun Apr 16 05:36:26 2023|main.py|INFO] EPOCH [60/100] Learning rate: 0.00000
[Sun Apr 16 05:36:42 2023|main.py|INFO] EPOCH [61/100] Train NME: 0.05293
[Sun Apr 16 05:36:44 2023|main.py|INFO] EPOCH [61/100] Test NME: 0.06537
[Sun Apr 16 05:36:44 2023|main.py|INFO] EPOCH [61/100] Learning rate: 0.00000
[Sun Apr 16 05:37:01 2023|main.py|INFO] EPOCH [62/100] Train NME: 0.05290
[Sun Apr 16 05:37:03 2023|main.py|INFO] EPOCH [62/100] Test NME: 0.06558
[Sun Apr 16 05:37:03 2023|main.py|INFO] EPOCH [62/100] Learning rate: 0.00000
[Sun Apr 16 05:37:19 2023|main.py|INFO] EPOCH [63/100] Train NME: 0.05277
[Sun Apr 16 05:37:21 2023|main.py|INFO] EPOCH [63/100] Test NME: 0.06612
[Sun Apr 16 05:37:21 2023|main.py|INFO] EPOCH [63/100] Learning rate: 0.00000
[Sun Apr 16 05:37:38 2023|main.py|INFO] EPOCH [64/100] Train NME: 0.05282
[Sun Apr 16 05:37:39 2023|main.py|INFO] EPOCH [64/100] Test NME: 0.06594
[Sun Apr 16 05:37:39 2023|main.py|INFO] EPOCH [64/100] Learning rate: 0.00000
[Sun Apr 16 05:38:02 2023|main.py|INFO] EPOCH [65/100] Train NME: 0.05296
[Sun Apr 16 05:38:04 2023|main.py|INFO] EPOCH [65/100] Test NME: 0.06577
[Sun Apr 16 05:38:04 2023|main.py|INFO] EPOCH [65/100] Learning rate: 0.00000
[Sun Apr 16 05:38:26 2023|main.py|INFO] EPOCH [66/100] Train NME: 0.05268
[Sun Apr 16 05:38:29 2023|main.py|INFO] EPOCH [66/100] Test NME: 0.06571
[Sun Apr 16 05:38:29 2023|main.py|INFO] EPOCH [66/100] Learning rate: 0.00000
[Sun Apr 16 05:38:52 2023|main.py|INFO] EPOCH [67/100] Train NME: 0.05258
[Sun Apr 16 05:38:55 2023|main.py|INFO] EPOCH [67/100] Test NME: 0.06578
[Sun Apr 16 05:38:55 2023|main.py|INFO] EPOCH [67/100] Learning rate: 0.00000
[Sun Apr 16 05:39:17 2023|main.py|INFO] EPOCH [68/100] Train NME: 0.05262
[Sun Apr 16 05:39:20 2023|main.py|INFO] EPOCH [68/100] Test NME: 0.06533
[Sun Apr 16 05:39:20 2023|main.py|INFO] EPOCH [68/100] Learning rate: 0.00000
[Sun Apr 16 05:39:42 2023|main.py|INFO] EPOCH [69/100] Train NME: 0.05306
[Sun Apr 16 05:39:45 2023|main.py|INFO] EPOCH [69/100] Test NME: 0.06587
[Sun Apr 16 05:39:45 2023|main.py|INFO] EPOCH [69/100] Learning rate: 0.00000
[Sun Apr 16 05:40:08 2023|main.py|INFO] EPOCH [70/100] Train NME: 0.05282
[Sun Apr 16 05:40:10 2023|main.py|INFO] EPOCH [70/100] Test NME: 0.06571
[Sun Apr 16 05:40:10 2023|main.py|INFO] EPOCH [70/100] Learning rate: 0.00000
[Sun Apr 16 05:40:32 2023|main.py|INFO] EPOCH [71/100] Train NME: 0.05303
[Sun Apr 16 05:40:35 2023|main.py|INFO] EPOCH [71/100] Test NME: 0.06536
[Sun Apr 16 05:40:35 2023|main.py|INFO] EPOCH [71/100] Learning rate: 0.00000
[Sun Apr 16 05:40:57 2023|main.py|INFO] EPOCH [72/100] Train NME: 0.05290
[Sun Apr 16 05:41:00 2023|main.py|INFO] EPOCH [72/100] Test NME: 0.06579
[Sun Apr 16 05:41:00 2023|main.py|INFO] EPOCH [72/100] Learning rate: 0.00000
[Sun Apr 16 05:41:22 2023|main.py|INFO] EPOCH [73/100] Train NME: 0.05278
[Sun Apr 16 05:41:25 2023|main.py|INFO] EPOCH [73/100] Test NME: 0.06574
[Sun Apr 16 05:41:25 2023|main.py|INFO] EPOCH [73/100] Learning rate: 0.00000
[Sun Apr 16 05:41:47 2023|main.py|INFO] EPOCH [74/100] Train NME: 0.05305
[Sun Apr 16 05:41:50 2023|main.py|INFO] EPOCH [74/100] Test NME: 0.06548
[Sun Apr 16 05:41:50 2023|main.py|INFO] EPOCH [74/100] Learning rate: 0.00000
[Sun Apr 16 05:42:12 2023|main.py|INFO] EPOCH [75/100] Train NME: 0.05281
[Sun Apr 16 05:42:15 2023|main.py|INFO] EPOCH [75/100] Test NME: 0.06513
[Sun Apr 16 05:42:15 2023|main.py|INFO] EPOCH [75/100] Learning rate: 0.00000
[Sun Apr 16 05:42:15 2023|main.py|INFO] EPOCH [75/100] NME improved from 0.06514 to 0.06513
[Sun Apr 16 05:42:15 2023|main.py|INFO] EPOCH [75/100] Saving model to: checkpoints/raw_CNN_noAug_MSE_lr0.2_B4/2023-04-16_05-42-15_epoch_75_NME_0.06513.pth.tar
[Sun Apr 16 05:42:38 2023|main.py|INFO] EPOCH [76/100] Train NME: 0.05302
[Sun Apr 16 05:42:40 2023|main.py|INFO] EPOCH [76/100] Test NME: 0.06542
[Sun Apr 16 05:42:40 2023|main.py|INFO] EPOCH [76/100] Learning rate: 0.00000
[Sun Apr 16 05:43:03 2023|main.py|INFO] EPOCH [77/100] Train NME: 0.05310
[Sun Apr 16 05:43:05 2023|main.py|INFO] EPOCH [77/100] Test NME: 0.06571
[Sun Apr 16 05:43:05 2023|main.py|INFO] EPOCH [77/100] Learning rate: 0.00000
[Sun Apr 16 05:43:28 2023|main.py|INFO] EPOCH [78/100] Train NME: 0.05300
[Sun Apr 16 05:43:30 2023|main.py|INFO] EPOCH [78/100] Test NME: 0.06534
[Sun Apr 16 05:43:30 2023|main.py|INFO] EPOCH [78/100] Learning rate: 0.00000
[Sun Apr 16 05:43:52 2023|main.py|INFO] EPOCH [79/100] Train NME: 0.05295
[Sun Apr 16 05:43:55 2023|main.py|INFO] EPOCH [79/100] Test NME: 0.06555
[Sun Apr 16 05:43:55 2023|main.py|INFO] EPOCH [79/100] Learning rate: 0.00000
[Sun Apr 16 05:44:17 2023|main.py|INFO] EPOCH [80/100] Train NME: 0.05278
[Sun Apr 16 05:44:20 2023|main.py|INFO] EPOCH [80/100] Test NME: 0.06562
[Sun Apr 16 05:44:20 2023|main.py|INFO] EPOCH [80/100] Learning rate: 0.00000
[Sun Apr 16 05:44:43 2023|main.py|INFO] EPOCH [81/100] Train NME: 0.05287
[Sun Apr 16 05:44:46 2023|main.py|INFO] EPOCH [81/100] Test NME: 0.06573
[Sun Apr 16 05:44:46 2023|main.py|INFO] EPOCH [81/100] Learning rate: 0.00000
[Sun Apr 16 05:45:08 2023|main.py|INFO] EPOCH [82/100] Train NME: 0.05302
[Sun Apr 16 05:45:11 2023|main.py|INFO] EPOCH [82/100] Test NME: 0.06557
[Sun Apr 16 05:45:11 2023|main.py|INFO] EPOCH [82/100] Learning rate: 0.00000
[Sun Apr 16 05:45:34 2023|main.py|INFO] EPOCH [83/100] Train NME: 0.05299
[Sun Apr 16 05:45:36 2023|main.py|INFO] EPOCH [83/100] Test NME: 0.06546
[Sun Apr 16 05:45:36 2023|main.py|INFO] EPOCH [83/100] Learning rate: 0.00000
[Sun Apr 16 05:45:58 2023|main.py|INFO] EPOCH [84/100] Train NME: 0.05296
[Sun Apr 16 05:46:01 2023|main.py|INFO] EPOCH [84/100] Test NME: 0.06535
[Sun Apr 16 05:46:01 2023|main.py|INFO] EPOCH [84/100] Learning rate: 0.00000
[Sun Apr 16 05:46:23 2023|main.py|INFO] EPOCH [85/100] Train NME: 0.05279
[Sun Apr 16 05:46:25 2023|main.py|INFO] EPOCH [85/100] Test NME: 0.06572
[Sun Apr 16 05:46:25 2023|main.py|INFO] EPOCH [85/100] Learning rate: 0.00000
[Sun Apr 16 05:46:48 2023|main.py|INFO] EPOCH [86/100] Train NME: 0.05305
[Sun Apr 16 05:46:51 2023|main.py|INFO] EPOCH [86/100] Test NME: 0.06594
[Sun Apr 16 05:46:51 2023|main.py|INFO] EPOCH [86/100] Learning rate: 0.00000
[Sun Apr 16 05:47:13 2023|main.py|INFO] EPOCH [87/100] Train NME: 0.05301
[Sun Apr 16 05:47:16 2023|main.py|INFO] EPOCH [87/100] Test NME: 0.06593
[Sun Apr 16 05:47:16 2023|main.py|INFO] EPOCH [87/100] Learning rate: 0.00000
[Sun Apr 16 05:47:38 2023|main.py|INFO] EPOCH [88/100] Train NME: 0.05314
[Sun Apr 16 05:47:40 2023|main.py|INFO] EPOCH [88/100] Test NME: 0.06583
[Sun Apr 16 05:47:40 2023|main.py|INFO] EPOCH [88/100] Learning rate: 0.00000
[Sun Apr 16 05:48:03 2023|main.py|INFO] EPOCH [89/100] Train NME: 0.05297
[Sun Apr 16 05:48:06 2023|main.py|INFO] EPOCH [89/100] Test NME: 0.06560
[Sun Apr 16 05:48:06 2023|main.py|INFO] EPOCH [89/100] Learning rate: 0.00000
[Sun Apr 16 05:48:28 2023|main.py|INFO] EPOCH [90/100] Train NME: 0.05307
[Sun Apr 16 05:48:31 2023|main.py|INFO] EPOCH [90/100] Test NME: 0.06574
[Sun Apr 16 05:48:31 2023|main.py|INFO] EPOCH [90/100] Learning rate: 0.00000
[Sun Apr 16 05:48:53 2023|main.py|INFO] EPOCH [91/100] Train NME: 0.05309
[Sun Apr 16 05:48:56 2023|main.py|INFO] EPOCH [91/100] Test NME: 0.06540
[Sun Apr 16 05:48:56 2023|main.py|INFO] EPOCH [91/100] Learning rate: 0.00000
[Sun Apr 16 05:49:19 2023|main.py|INFO] EPOCH [92/100] Train NME: 0.05293
[Sun Apr 16 05:49:21 2023|main.py|INFO] EPOCH [92/100] Test NME: 0.06572
[Sun Apr 16 05:49:21 2023|main.py|INFO] EPOCH [92/100] Learning rate: 0.00000
[Sun Apr 16 05:49:43 2023|main.py|INFO] EPOCH [93/100] Train NME: 0.05289
[Sun Apr 16 05:49:46 2023|main.py|INFO] EPOCH [93/100] Test NME: 0.06580
[Sun Apr 16 05:49:46 2023|main.py|INFO] EPOCH [93/100] Learning rate: 0.00000
[Sun Apr 16 05:50:09 2023|main.py|INFO] EPOCH [94/100] Train NME: 0.05313
[Sun Apr 16 05:50:11 2023|main.py|INFO] EPOCH [94/100] Test NME: 0.06635
[Sun Apr 16 05:50:11 2023|main.py|INFO] EPOCH [94/100] Learning rate: 0.00000
[Sun Apr 16 05:50:33 2023|main.py|INFO] EPOCH [95/100] Train NME: 0.05311
[Sun Apr 16 05:50:36 2023|main.py|INFO] EPOCH [95/100] Test NME: 0.06579
[Sun Apr 16 05:50:36 2023|main.py|INFO] EPOCH [95/100] Learning rate: 0.00000
[Sun Apr 16 05:50:58 2023|main.py|INFO] EPOCH [96/100] Train NME: 0.05255
[Sun Apr 16 05:51:00 2023|main.py|INFO] EPOCH [96/100] Test NME: 0.06574
[Sun Apr 16 05:51:00 2023|main.py|INFO] EPOCH [96/100] Learning rate: 0.00000
[Sun Apr 16 05:51:23 2023|main.py|INFO] EPOCH [97/100] Train NME: 0.05292
[Sun Apr 16 05:51:25 2023|main.py|INFO] EPOCH [97/100] Test NME: 0.06705
[Sun Apr 16 05:51:25 2023|main.py|INFO] EPOCH [97/100] Learning rate: 0.00000
[Sun Apr 16 05:51:48 2023|main.py|INFO] EPOCH [98/100] Train NME: 0.05311
[Sun Apr 16 05:51:50 2023|main.py|INFO] EPOCH [98/100] Test NME: 0.06557
[Sun Apr 16 05:51:50 2023|main.py|INFO] EPOCH [98/100] Learning rate: 0.00000
[Sun Apr 16 05:52:14 2023|main.py|INFO] EPOCH [99/100] Train NME: 0.05282
[Sun Apr 16 05:52:16 2023|main.py|INFO] EPOCH [99/100] Test NME: 0.06589
[Sun Apr 16 05:52:16 2023|main.py|INFO] EPOCH [99/100] Learning rate: 0.00000
[Sun Apr 16 05:52:39 2023|main.py|INFO] EPOCH [100/100] Train NME: 0.05249
[Sun Apr 16 05:52:41 2023|main.py|INFO] EPOCH [100/100] Test NME: 0.06565
[Sun Apr 16 05:52:41 2023|main.py|INFO] EPOCH [100/100] Learning rate: 0.00000
