[Sat Apr 22 00:24:26 2023|main.py|INFO] Task: Cas_Stage2_noAug_MSE-S1_noAug_MSE-lr0.5_B2
[Sat Apr 22 00:24:26 2023|main.py|INFO] Training cascade stage 2
[Sat Apr 22 00:24:26 2023|main.py|INFO] Stage 1 model: resnet18
[Sat Apr 22 00:24:26 2023|main.py|INFO] Stage 1 model path: checkpoints/Cas_Stage1_noAug_MSE/Cas_Stage1_noAug_MSE_lr0.5_B2/2023-04-20_18-11-00_epoch_68_NME_0.03373.pth.tar
[Sat Apr 22 00:24:26 2023|main.py|INFO] Using device: cuda
[Sat Apr 22 00:24:26 2023|main.py|INFO] Using config: config\Cas_Stage2_noAug_MSE-S1_noAug_MSE\Cas_Stage2_noAug_MSE-S1_noAug_MSE-lr0.5_B2.yaml
[Sat Apr 22 00:24:26 2023|main.py|INFO] Train path: data/training_images_full_train.npz
[Sat Apr 22 00:24:26 2023|main.py|INFO] Test path: data/training_images_full_test.npz
[Sat Apr 22 00:24:26 2023|main.py|INFO] Train augment: False
[Sat Apr 22 00:24:26 2023|main.py|INFO] Learning rate: 0.5
[Sat Apr 22 00:24:26 2023|main.py|INFO] Batch size: 2
[Sat Apr 22 00:24:26 2023|main.py|INFO] Num epochs: 120
[Sat Apr 22 00:24:26 2023|main.py|INFO] Save model: True
[Sat Apr 22 00:24:26 2023|main.py|INFO] Loss: MSE
[Sat Apr 22 00:24:26 2023|main.py|INFO] Log path: logs/Cas_Stage2_noAug_MSE-S1_noAug_MSE-lr0.5_B2/2023-04-22_00-24-26.log
[Sat Apr 22 00:24:26 2023|main.py|INFO] Writer path: runs/Cas_Stage2_noAug_MSE-S1_noAug_MSE-lr0.5_B2/2023-04-22_00-24-26
[Sat Apr 22 00:24:26 2023|main.py|INFO] Model name: resnet50
[Sat Apr 22 00:24:26 2023|main.py|INFO] Num outputs: 88
[Sat Apr 22 00:24:26 2023|main.py|INFO] Pretrained: True
[Sat Apr 22 00:24:26 2023|main.py|INFO] Load model: False
[Sat Apr 22 00:24:26 2023|main.py|INFO] Load path: None
[Sat Apr 22 00:24:26 2023|main.py|INFO] Loading data...
[Sat Apr 22 00:24:26 2023|main.py|INFO] Load stage 1 model
[Sat Apr 22 00:24:29 2023|main.py|INFO] Load dataset for cascade stage 2
[Sat Apr 22 00:24:31 2023|main.py|INFO] Initializing network resnet50 with 88 outputs...
[Sat Apr 22 00:24:32 2023|main.py|INFO] Network: ResNet(
  (conv1): Conv2d(3, 64, kernel_size=(7, 7), stride=(2, 2), padding=(3, 3), bias=False)
  (bn1): BatchNorm2d(64, eps=1e-05, momentum=0.1, affine=True, track_running_stats=True)
  (relu): ReLU(inplace=True)
  (maxpool): MaxPool2d(kernel_size=3, stride=2, padding=1, dilation=1, ceil_mode=False)
  (layer1): Sequential(
    (0): BottleNeck(
      (conv1): Conv2d(64, 64, kernel_size=(1, 1), stride=(1, 1), bias=False)
      (bn1): BatchNorm2d(64, eps=1e-05, momentum=0.1, affine=True, track_running_stats=True)
      (relu): ReLU(inplace=True)
      (conv2): Conv2d(64, 64, kernel_size=(3, 3), stride=(1, 1), padding=(1, 1), bias=False)
      (bn2): BatchNorm2d(64, eps=1e-05, momentum=0.1, affine=True, track_running_stats=True)
      (conv3): Conv2d(64, 256, kernel_size=(1, 1), stride=(1, 1), bias=False)
      (bn3): BatchNorm2d(256, eps=1e-05, momentum=0.1, affine=True, track_running_stats=True)
      (downsample): Sequential(
        (0): Conv2d(64, 256, kernel_size=(1, 1), stride=(1, 1), bias=False)
        (1): BatchNorm2d(256, eps=1e-05, momentum=0.1, affine=True, track_running_stats=True)
      )
    )
    (1): BottleNeck(
      (conv1): Conv2d(256, 64, kernel_size=(1, 1), stride=(1, 1), bias=False)
      (bn1): BatchNorm2d(64, eps=1e-05, momentum=0.1, affine=True, track_running_stats=True)
      (relu): ReLU(inplace=True)
      (conv2): Conv2d(64, 64, kernel_size=(3, 3), stride=(1, 1), padding=(1, 1), bias=False)
      (bn2): BatchNorm2d(64, eps=1e-05, momentum=0.1, affine=True, track_running_stats=True)
      (conv3): Conv2d(64, 256, kernel_size=(1, 1), stride=(1, 1), bias=False)
      (bn3): BatchNorm2d(256, eps=1e-05, momentum=0.1, affine=True, track_running_stats=True)
    )
    (2): BottleNeck(
      (conv1): Conv2d(256, 64, kernel_size=(1, 1), stride=(1, 1), bias=False)
      (bn1): BatchNorm2d(64, eps=1e-05, momentum=0.1, affine=True, track_running_stats=True)
      (relu): ReLU(inplace=True)
      (conv2): Conv2d(64, 64, kernel_size=(3, 3), stride=(1, 1), padding=(1, 1), bias=False)
      (bn2): BatchNorm2d(64, eps=1e-05, momentum=0.1, affine=True, track_running_stats=True)
      (conv3): Conv2d(64, 256, kernel_size=(1, 1), stride=(1, 1), bias=False)
      (bn3): BatchNorm2d(256, eps=1e-05, momentum=0.1, affine=True, track_running_stats=True)
    )
  )
  (layer2): Sequential(
    (0): BottleNeck(
      (conv1): Conv2d(256, 128, kernel_size=(1, 1), stride=(1, 1), bias=False)
      (bn1): BatchNorm2d(128, eps=1e-05, momentum=0.1, affine=True, track_running_stats=True)
      (relu): ReLU(inplace=True)
      (conv2): Conv2d(128, 128, kernel_size=(3, 3), stride=(2, 2), padding=(1, 1), bias=False)
      (bn2): BatchNorm2d(128, eps=1e-05, momentum=0.1, affine=True, track_running_stats=True)
      (conv3): Conv2d(128, 512, kernel_size=(1, 1), stride=(1, 1), bias=False)
      (bn3): BatchNorm2d(512, eps=1e-05, momentum=0.1, affine=True, track_running_stats=True)
      (downsample): Sequential(
        (0): Conv2d(256, 512, kernel_size=(1, 1), stride=(2, 2), bias=False)
        (1): BatchNorm2d(512, eps=1e-05, momentum=0.1, affine=True, track_running_stats=True)
      )
    )
    (1): BottleNeck(
      (conv1): Conv2d(512, 128, kernel_size=(1, 1), stride=(1, 1), bias=False)
      (bn1): BatchNorm2d(128, eps=1e-05, momentum=0.1, affine=True, track_running_stats=True)
      (relu): ReLU(inplace=True)
      (conv2): Conv2d(128, 128, kernel_size=(3, 3), stride=(1, 1), padding=(1, 1), bias=False)
      (bn2): BatchNorm2d(128, eps=1e-05, momentum=0.1, affine=True, track_running_stats=True)
      (conv3): Conv2d(128, 512, kernel_size=(1, 1), stride=(1, 1), bias=False)
      (bn3): BatchNorm2d(512, eps=1e-05, momentum=0.1, affine=True, track_running_stats=True)
    )
    (2): BottleNeck(
      (conv1): Conv2d(512, 128, kernel_size=(1, 1), stride=(1, 1), bias=False)
      (bn1): BatchNorm2d(128, eps=1e-05, momentum=0.1, affine=True, track_running_stats=True)
      (relu): ReLU(inplace=True)
      (conv2): Conv2d(128, 128, kernel_size=(3, 3), stride=(1, 1), padding=(1, 1), bias=False)
      (bn2): BatchNorm2d(128, eps=1e-05, momentum=0.1, affine=True, track_running_stats=True)
      (conv3): Conv2d(128, 512, kernel_size=(1, 1), stride=(1, 1), bias=False)
      (bn3): BatchNorm2d(512, eps=1e-05, momentum=0.1, affine=True, track_running_stats=True)
    )
    (3): BottleNeck(
      (conv1): Conv2d(512, 128, kernel_size=(1, 1), stride=(1, 1), bias=False)
      (bn1): BatchNorm2d(128, eps=1e-05, momentum=0.1, affine=True, track_running_stats=True)
      (relu): ReLU(inplace=True)
      (conv2): Conv2d(128, 128, kernel_size=(3, 3), stride=(1, 1), padding=(1, 1), bias=False)
      (bn2): BatchNorm2d(128, eps=1e-05, momentum=0.1, affine=True, track_running_stats=True)
      (conv3): Conv2d(128, 512, kernel_size=(1, 1), stride=(1, 1), bias=False)
      (bn3): BatchNorm2d(512, eps=1e-05, momentum=0.1, affine=True, track_running_stats=True)
    )
  )
  (layer3): Sequential(
    (0): BottleNeck(
      (conv1): Conv2d(512, 256, kernel_size=(1, 1), stride=(1, 1), bias=False)
      (bn1): BatchNorm2d(256, eps=1e-05, momentum=0.1, affine=True, track_running_stats=True)
      (relu): ReLU(inplace=True)
      (conv2): Conv2d(256, 256, kernel_size=(3, 3), stride=(2, 2), padding=(1, 1), bias=False)
      (bn2): BatchNorm2d(256, eps=1e-05, momentum=0.1, affine=True, track_running_stats=True)
      (conv3): Conv2d(256, 1024, kernel_size=(1, 1), stride=(1, 1), bias=False)
      (bn3): BatchNorm2d(1024, eps=1e-05, momentum=0.1, affine=True, track_running_stats=True)
      (downsample): Sequential(
        (0): Conv2d(512, 1024, kernel_size=(1, 1), stride=(2, 2), bias=False)
        (1): BatchNorm2d(1024, eps=1e-05, momentum=0.1, affine=True, track_running_stats=True)
      )
    )
    (1): BottleNeck(
      (conv1): Conv2d(1024, 256, kernel_size=(1, 1), stride=(1, 1), bias=False)
      (bn1): BatchNorm2d(256, eps=1e-05, momentum=0.1, affine=True, track_running_stats=True)
      (relu): ReLU(inplace=True)
      (conv2): Conv2d(256, 256, kernel_size=(3, 3), stride=(1, 1), padding=(1, 1), bias=False)
      (bn2): BatchNorm2d(256, eps=1e-05, momentum=0.1, affine=True, track_running_stats=True)
      (conv3): Conv2d(256, 1024, kernel_size=(1, 1), stride=(1, 1), bias=False)
      (bn3): BatchNorm2d(1024, eps=1e-05, momentum=0.1, affine=True, track_running_stats=True)
    )
    (2): BottleNeck(
      (conv1): Conv2d(1024, 256, kernel_size=(1, 1), stride=(1, 1), bias=False)
      (bn1): BatchNorm2d(256, eps=1e-05, momentum=0.1, affine=True, track_running_stats=True)
      (relu): ReLU(inplace=True)
      (conv2): Conv2d(256, 256, kernel_size=(3, 3), stride=(1, 1), padding=(1, 1), bias=False)
      (bn2): BatchNorm2d(256, eps=1e-05, momentum=0.1, affine=True, track_running_stats=True)
      (conv3): Conv2d(256, 1024, kernel_size=(1, 1), stride=(1, 1), bias=False)
      (bn3): BatchNorm2d(1024, eps=1e-05, momentum=0.1, affine=True, track_running_stats=True)
    )
    (3): BottleNeck(
      (conv1): Conv2d(1024, 256, kernel_size=(1, 1), stride=(1, 1), bias=False)
      (bn1): BatchNorm2d(256, eps=1e-05, momentum=0.1, affine=True, track_running_stats=True)
      (relu): ReLU(inplace=True)
      (conv2): Conv2d(256, 256, kernel_size=(3, 3), stride=(1, 1), padding=(1, 1), bias=False)
      (bn2): BatchNorm2d(256, eps=1e-05, momentum=0.1, affine=True, track_running_stats=True)
      (conv3): Conv2d(256, 1024, kernel_size=(1, 1), stride=(1, 1), bias=False)
      (bn3): BatchNorm2d(1024, eps=1e-05, momentum=0.1, affine=True, track_running_stats=True)
    )
    (4): BottleNeck(
      (conv1): Conv2d(1024, 256, kernel_size=(1, 1), stride=(1, 1), bias=False)
      (bn1): BatchNorm2d(256, eps=1e-05, momentum=0.1, affine=True, track_running_stats=True)
      (relu): ReLU(inplace=True)
      (conv2): Conv2d(256, 256, kernel_size=(3, 3), stride=(1, 1), padding=(1, 1), bias=False)
      (bn2): BatchNorm2d(256, eps=1e-05, momentum=0.1, affine=True, track_running_stats=True)
      (conv3): Conv2d(256, 1024, kernel_size=(1, 1), stride=(1, 1), bias=False)
      (bn3): BatchNorm2d(1024, eps=1e-05, momentum=0.1, affine=True, track_running_stats=True)
    )
    (5): BottleNeck(
      (conv1): Conv2d(1024, 256, kernel_size=(1, 1), stride=(1, 1), bias=False)
      (bn1): BatchNorm2d(256, eps=1e-05, momentum=0.1, affine=True, track_running_stats=True)
      (relu): ReLU(inplace=True)
      (conv2): Conv2d(256, 256, kernel_size=(3, 3), stride=(1, 1), padding=(1, 1), bias=False)
      (bn2): BatchNorm2d(256, eps=1e-05, momentum=0.1, affine=True, track_running_stats=True)
      (conv3): Conv2d(256, 1024, kernel_size=(1, 1), stride=(1, 1), bias=False)
      (bn3): BatchNorm2d(1024, eps=1e-05, momentum=0.1, affine=True, track_running_stats=True)
    )
  )
  (layer4): Sequential(
    (0): BottleNeck(
      (conv1): Conv2d(1024, 512, kernel_size=(1, 1), stride=(1, 1), bias=False)
      (bn1): BatchNorm2d(512, eps=1e-05, momentum=0.1, affine=True, track_running_stats=True)
      (relu): ReLU(inplace=True)
      (conv2): Conv2d(512, 512, kernel_size=(3, 3), stride=(2, 2), padding=(1, 1), bias=False)
      (bn2): BatchNorm2d(512, eps=1e-05, momentum=0.1, affine=True, track_running_stats=True)
      (conv3): Conv2d(512, 2048, kernel_size=(1, 1), stride=(1, 1), bias=False)
      (bn3): BatchNorm2d(2048, eps=1e-05, momentum=0.1, affine=True, track_running_stats=True)
      (downsample): Sequential(
        (0): Conv2d(1024, 2048, kernel_size=(1, 1), stride=(2, 2), bias=False)
        (1): BatchNorm2d(2048, eps=1e-05, momentum=0.1, affine=True, track_running_stats=True)
      )
    )
    (1): BottleNeck(
      (conv1): Conv2d(2048, 512, kernel_size=(1, 1), stride=(1, 1), bias=False)
      (bn1): BatchNorm2d(512, eps=1e-05, momentum=0.1, affine=True, track_running_stats=True)
      (relu): ReLU(inplace=True)
      (conv2): Conv2d(512, 512, kernel_size=(3, 3), stride=(1, 1), padding=(1, 1), bias=False)
      (bn2): BatchNorm2d(512, eps=1e-05, momentum=0.1, affine=True, track_running_stats=True)
      (conv3): Conv2d(512, 2048, kernel_size=(1, 1), stride=(1, 1), bias=False)
      (bn3): BatchNorm2d(2048, eps=1e-05, momentum=0.1, affine=True, track_running_stats=True)
    )
    (2): BottleNeck(
      (conv1): Conv2d(2048, 512, kernel_size=(1, 1), stride=(1, 1), bias=False)
      (bn1): BatchNorm2d(512, eps=1e-05, momentum=0.1, affine=True, track_running_stats=True)
      (relu): ReLU(inplace=True)
      (conv2): Conv2d(512, 512, kernel_size=(3, 3), stride=(1, 1), padding=(1, 1), bias=False)
      (bn2): BatchNorm2d(512, eps=1e-05, momentum=0.1, affine=True, track_running_stats=True)
      (conv3): Conv2d(512, 2048, kernel_size=(1, 1), stride=(1, 1), bias=False)
      (bn3): BatchNorm2d(2048, eps=1e-05, momentum=0.1, affine=True, track_running_stats=True)
    )
  )
  (avgpool): AdaptiveAvgPool2d(output_size=(1, 1))
  (fc): Linear(in_features=2048, out_features=88, bias=True)
)
[Sat Apr 22 00:24:32 2023|main.py|INFO] Initializing loss and optimizer...
[Sat Apr 22 00:24:32 2023|main.py|INFO] Loss: MSE
[Sat Apr 22 00:24:32 2023|main.py|INFO] Optimizer: Adam
[Sat Apr 22 00:24:32 2023|main.py|INFO] Initializing tensorboard writer at: runs/Cas_Stage2_noAug_MSE-S1_noAug_MSE-lr0.5_B2/2023-04-22_00-24-26
[Sat Apr 22 00:24:32 2023|main.py|INFO] Training network...
[Sat Apr 22 00:25:11 2023|main.py|INFO] EPOCH [1/120] Train NME: 0.72447
[Sat Apr 22 00:25:16 2023|main.py|INFO] EPOCH [1/120] Test NME: 3.88291
[Sat Apr 22 00:25:16 2023|main.py|INFO] EPOCH [1/120] Learning rate: 0.50000
[Sat Apr 22 00:25:16 2023|main.py|INFO] EPOCH [1/120] NME improved from 1000.00000 to 3.88291
[Sat Apr 22 00:25:16 2023|main.py|INFO] EPOCH [1/120] Saving model to: checkpoints/Cas_Stage2_noAug_MSE-S1_noAug_MSE-lr0.5_B2/2023-04-22_00-25-16_epoch_1_NME_3.88291.pth.tar
[Sat Apr 22 00:25:55 2023|main.py|INFO] EPOCH [2/120] Train NME: 0.13741
[Sat Apr 22 00:26:00 2023|main.py|INFO] EPOCH [2/120] Test NME: 0.91038
[Sat Apr 22 00:26:00 2023|main.py|INFO] EPOCH [2/120] Learning rate: 0.40000
[Sat Apr 22 00:26:00 2023|main.py|INFO] EPOCH [2/120] NME improved from 3.88291 to 0.91038
[Sat Apr 22 00:26:00 2023|main.py|INFO] EPOCH [2/120] Saving model to: checkpoints/Cas_Stage2_noAug_MSE-S1_noAug_MSE-lr0.5_B2/2023-04-22_00-26-00_epoch_2_NME_0.91038.pth.tar
[Sat Apr 22 00:26:39 2023|main.py|INFO] EPOCH [3/120] Train NME: 0.12073
[Sat Apr 22 00:26:44 2023|main.py|INFO] EPOCH [3/120] Test NME: 1.43767
[Sat Apr 22 00:26:44 2023|main.py|INFO] EPOCH [3/120] Learning rate: 0.32000
[Sat Apr 22 00:27:24 2023|main.py|INFO] EPOCH [4/120] Train NME: 0.11792
[Sat Apr 22 00:27:29 2023|main.py|INFO] EPOCH [4/120] Test NME: 0.55885
[Sat Apr 22 00:27:29 2023|main.py|INFO] EPOCH [4/120] Learning rate: 0.25600
[Sat Apr 22 00:27:29 2023|main.py|INFO] EPOCH [4/120] NME improved from 0.91038 to 0.55885
[Sat Apr 22 00:27:29 2023|main.py|INFO] EPOCH [4/120] Saving model to: checkpoints/Cas_Stage2_noAug_MSE-S1_noAug_MSE-lr0.5_B2/2023-04-22_00-27-29_epoch_4_NME_0.55885.pth.tar
[Sat Apr 22 00:28:10 2023|main.py|INFO] EPOCH [5/120] Train NME: 0.11562
[Sat Apr 22 00:28:15 2023|main.py|INFO] EPOCH [5/120] Test NME: 0.82905
[Sat Apr 22 00:28:15 2023|main.py|INFO] EPOCH [5/120] Learning rate: 0.20480
[Sat Apr 22 00:28:55 2023|main.py|INFO] EPOCH [6/120] Train NME: 0.11353
[Sat Apr 22 00:29:01 2023|main.py|INFO] EPOCH [6/120] Test NME: 1.09063
[Sat Apr 22 00:29:01 2023|main.py|INFO] EPOCH [6/120] Learning rate: 0.16384
[Sat Apr 22 00:29:41 2023|main.py|INFO] EPOCH [7/120] Train NME: 0.11162
[Sat Apr 22 00:29:46 2023|main.py|INFO] EPOCH [7/120] Test NME: 0.56666
[Sat Apr 22 00:29:46 2023|main.py|INFO] EPOCH [7/120] Learning rate: 0.13107
[Sat Apr 22 00:30:27 2023|main.py|INFO] EPOCH [8/120] Train NME: 0.11405
[Sat Apr 22 00:30:32 2023|main.py|INFO] EPOCH [8/120] Test NME: 0.94412
[Sat Apr 22 00:30:32 2023|main.py|INFO] EPOCH [8/120] Learning rate: 0.10486
[Sat Apr 22 00:31:13 2023|main.py|INFO] EPOCH [9/120] Train NME: 0.11185
[Sat Apr 22 00:31:18 2023|main.py|INFO] EPOCH [9/120] Test NME: 0.49860
[Sat Apr 22 00:31:18 2023|main.py|INFO] EPOCH [9/120] Learning rate: 0.08389
[Sat Apr 22 00:31:18 2023|main.py|INFO] EPOCH [9/120] NME improved from 0.55885 to 0.49860
[Sat Apr 22 00:31:18 2023|main.py|INFO] EPOCH [9/120] Saving model to: checkpoints/Cas_Stage2_noAug_MSE-S1_noAug_MSE-lr0.5_B2/2023-04-22_00-31-18_epoch_9_NME_0.49860.pth.tar
[Sat Apr 22 00:31:59 2023|main.py|INFO] EPOCH [10/120] Train NME: 0.11139
[Sat Apr 22 00:32:04 2023|main.py|INFO] EPOCH [10/120] Test NME: 0.77156
[Sat Apr 22 00:32:04 2023|main.py|INFO] EPOCH [10/120] Learning rate: 0.06711
[Sat Apr 22 00:32:46 2023|main.py|INFO] EPOCH [11/120] Train NME: 0.11163
[Sat Apr 22 00:32:51 2023|main.py|INFO] EPOCH [11/120] Test NME: 0.36214
[Sat Apr 22 00:32:51 2023|main.py|INFO] EPOCH [11/120] Learning rate: 0.05369
[Sat Apr 22 00:32:51 2023|main.py|INFO] EPOCH [11/120] NME improved from 0.49860 to 0.36214
[Sat Apr 22 00:32:51 2023|main.py|INFO] EPOCH [11/120] Saving model to: checkpoints/Cas_Stage2_noAug_MSE-S1_noAug_MSE-lr0.5_B2/2023-04-22_00-32-51_epoch_11_NME_0.36214.pth.tar
[Sat Apr 22 00:33:32 2023|main.py|INFO] EPOCH [12/120] Train NME: 0.11189
[Sat Apr 22 00:33:37 2023|main.py|INFO] EPOCH [12/120] Test NME: 0.36952
[Sat Apr 22 00:33:37 2023|main.py|INFO] EPOCH [12/120] Learning rate: 0.04295
[Sat Apr 22 00:34:18 2023|main.py|INFO] EPOCH [13/120] Train NME: 0.10857
[Sat Apr 22 00:34:23 2023|main.py|INFO] EPOCH [13/120] Test NME: 1.23889
[Sat Apr 22 00:34:23 2023|main.py|INFO] EPOCH [13/120] Learning rate: 0.03436
[Sat Apr 22 00:35:04 2023|main.py|INFO] EPOCH [14/120] Train NME: 0.10901
[Sat Apr 22 00:35:10 2023|main.py|INFO] EPOCH [14/120] Test NME: 0.26464
[Sat Apr 22 00:35:10 2023|main.py|INFO] EPOCH [14/120] Learning rate: 0.02749
[Sat Apr 22 00:35:10 2023|main.py|INFO] EPOCH [14/120] NME improved from 0.36214 to 0.26464
[Sat Apr 22 00:35:10 2023|main.py|INFO] EPOCH [14/120] Saving model to: checkpoints/Cas_Stage2_noAug_MSE-S1_noAug_MSE-lr0.5_B2/2023-04-22_00-35-10_epoch_14_NME_0.26464.pth.tar
[Sat Apr 22 00:35:51 2023|main.py|INFO] EPOCH [15/120] Train NME: 0.10559
[Sat Apr 22 00:35:57 2023|main.py|INFO] EPOCH [15/120] Test NME: 0.28483
[Sat Apr 22 00:35:57 2023|main.py|INFO] EPOCH [15/120] Learning rate: 0.02199
[Sat Apr 22 00:36:37 2023|main.py|INFO] EPOCH [16/120] Train NME: 0.10441
[Sat Apr 22 00:36:43 2023|main.py|INFO] EPOCH [16/120] Test NME: 0.49208
[Sat Apr 22 00:36:43 2023|main.py|INFO] EPOCH [16/120] Learning rate: 0.01759
[Sat Apr 22 00:37:24 2023|main.py|INFO] EPOCH [17/120] Train NME: 0.10364
[Sat Apr 22 00:37:29 2023|main.py|INFO] EPOCH [17/120] Test NME: 0.23407
[Sat Apr 22 00:37:29 2023|main.py|INFO] EPOCH [17/120] Learning rate: 0.01407
[Sat Apr 22 00:37:29 2023|main.py|INFO] EPOCH [17/120] NME improved from 0.26464 to 0.23407
[Sat Apr 22 00:37:29 2023|main.py|INFO] EPOCH [17/120] Saving model to: checkpoints/Cas_Stage2_noAug_MSE-S1_noAug_MSE-lr0.5_B2/2023-04-22_00-37-29_epoch_17_NME_0.23407.pth.tar
[Sat Apr 22 00:38:11 2023|main.py|INFO] EPOCH [18/120] Train NME: 0.10109
[Sat Apr 22 00:38:17 2023|main.py|INFO] EPOCH [18/120] Test NME: 0.22150
[Sat Apr 22 00:38:17 2023|main.py|INFO] EPOCH [18/120] Learning rate: 0.01126
[Sat Apr 22 00:38:17 2023|main.py|INFO] EPOCH [18/120] NME improved from 0.23407 to 0.22150
[Sat Apr 22 00:38:17 2023|main.py|INFO] EPOCH [18/120] Saving model to: checkpoints/Cas_Stage2_noAug_MSE-S1_noAug_MSE-lr0.5_B2/2023-04-22_00-38-17_epoch_18_NME_0.22150.pth.tar
[Sat Apr 22 00:38:58 2023|main.py|INFO] EPOCH [19/120] Train NME: 0.09743
[Sat Apr 22 00:39:03 2023|main.py|INFO] EPOCH [19/120] Test NME: 0.27397
[Sat Apr 22 00:39:03 2023|main.py|INFO] EPOCH [19/120] Learning rate: 0.00901
[Sat Apr 22 00:39:44 2023|main.py|INFO] EPOCH [20/120] Train NME: 0.09600
[Sat Apr 22 00:39:50 2023|main.py|INFO] EPOCH [20/120] Test NME: 0.19614
[Sat Apr 22 00:39:50 2023|main.py|INFO] EPOCH [20/120] Learning rate: 0.00721
[Sat Apr 22 00:39:50 2023|main.py|INFO] EPOCH [20/120] NME improved from 0.22150 to 0.19614
[Sat Apr 22 00:39:50 2023|main.py|INFO] EPOCH [20/120] Saving model to: checkpoints/Cas_Stage2_noAug_MSE-S1_noAug_MSE-lr0.5_B2/2023-04-22_00-39-50_epoch_20_NME_0.19614.pth.tar
[Sat Apr 22 00:40:31 2023|main.py|INFO] EPOCH [21/120] Train NME: 0.09516
[Sat Apr 22 00:40:37 2023|main.py|INFO] EPOCH [21/120] Test NME: 0.53459
[Sat Apr 22 00:40:37 2023|main.py|INFO] EPOCH [21/120] Learning rate: 0.00576
[Sat Apr 22 00:41:18 2023|main.py|INFO] EPOCH [22/120] Train NME: 0.09197
[Sat Apr 22 00:41:23 2023|main.py|INFO] EPOCH [22/120] Test NME: 0.32945
[Sat Apr 22 00:41:23 2023|main.py|INFO] EPOCH [22/120] Learning rate: 0.00461
[Sat Apr 22 00:42:04 2023|main.py|INFO] EPOCH [23/120] Train NME: 0.09217
[Sat Apr 22 00:42:10 2023|main.py|INFO] EPOCH [23/120] Test NME: 0.20376
[Sat Apr 22 00:42:10 2023|main.py|INFO] EPOCH [23/120] Learning rate: 0.00369
[Sat Apr 22 00:42:51 2023|main.py|INFO] EPOCH [24/120] Train NME: 0.09125
[Sat Apr 22 00:42:56 2023|main.py|INFO] EPOCH [24/120] Test NME: 0.49235
[Sat Apr 22 00:42:56 2023|main.py|INFO] EPOCH [24/120] Learning rate: 0.00295
[Sat Apr 22 00:43:37 2023|main.py|INFO] EPOCH [25/120] Train NME: 0.08960
[Sat Apr 22 00:43:43 2023|main.py|INFO] EPOCH [25/120] Test NME: 0.19845
[Sat Apr 22 00:43:43 2023|main.py|INFO] EPOCH [25/120] Learning rate: 0.00236
[Sat Apr 22 00:44:24 2023|main.py|INFO] EPOCH [26/120] Train NME: 0.08996
[Sat Apr 22 00:44:29 2023|main.py|INFO] EPOCH [26/120] Test NME: 0.30109
[Sat Apr 22 00:44:29 2023|main.py|INFO] EPOCH [26/120] Learning rate: 0.00189
[Sat Apr 22 00:45:10 2023|main.py|INFO] EPOCH [27/120] Train NME: 0.08810
[Sat Apr 22 00:45:16 2023|main.py|INFO] EPOCH [27/120] Test NME: 0.37860
[Sat Apr 22 00:45:16 2023|main.py|INFO] EPOCH [27/120] Learning rate: 0.00151
[Sat Apr 22 00:45:57 2023|main.py|INFO] EPOCH [28/120] Train NME: 0.08750
[Sat Apr 22 00:46:02 2023|main.py|INFO] EPOCH [28/120] Test NME: 0.16384
[Sat Apr 22 00:46:02 2023|main.py|INFO] EPOCH [28/120] Learning rate: 0.00121
[Sat Apr 22 00:46:02 2023|main.py|INFO] EPOCH [28/120] NME improved from 0.19614 to 0.16384
[Sat Apr 22 00:46:02 2023|main.py|INFO] EPOCH [28/120] Saving model to: checkpoints/Cas_Stage2_noAug_MSE-S1_noAug_MSE-lr0.5_B2/2023-04-22_00-46-02_epoch_28_NME_0.16384.pth.tar
[Sat Apr 22 00:46:43 2023|main.py|INFO] EPOCH [29/120] Train NME: 0.08663
[Sat Apr 22 00:46:49 2023|main.py|INFO] EPOCH [29/120] Test NME: 0.21112
[Sat Apr 22 00:46:49 2023|main.py|INFO] EPOCH [29/120] Learning rate: 0.00097
[Sat Apr 22 00:47:30 2023|main.py|INFO] EPOCH [30/120] Train NME: 0.08696
[Sat Apr 22 00:47:36 2023|main.py|INFO] EPOCH [30/120] Test NME: 0.13324
[Sat Apr 22 00:47:36 2023|main.py|INFO] EPOCH [30/120] Learning rate: 0.00077
[Sat Apr 22 00:47:36 2023|main.py|INFO] EPOCH [30/120] NME improved from 0.16384 to 0.13324
[Sat Apr 22 00:47:36 2023|main.py|INFO] EPOCH [30/120] Saving model to: checkpoints/Cas_Stage2_noAug_MSE-S1_noAug_MSE-lr0.5_B2/2023-04-22_00-47-36_epoch_30_NME_0.13324.pth.tar
[Sat Apr 22 00:48:18 2023|main.py|INFO] EPOCH [31/120] Train NME: 0.08640
[Sat Apr 22 00:48:23 2023|main.py|INFO] EPOCH [31/120] Test NME: 0.19810
[Sat Apr 22 00:48:23 2023|main.py|INFO] EPOCH [31/120] Learning rate: 0.00062
[Sat Apr 22 00:49:04 2023|main.py|INFO] EPOCH [32/120] Train NME: 0.08645
[Sat Apr 22 00:49:10 2023|main.py|INFO] EPOCH [32/120] Test NME: 0.23112
[Sat Apr 22 00:49:10 2023|main.py|INFO] EPOCH [32/120] Learning rate: 0.00050
[Sat Apr 22 00:49:51 2023|main.py|INFO] EPOCH [33/120] Train NME: 0.08605
[Sat Apr 22 00:49:56 2023|main.py|INFO] EPOCH [33/120] Test NME: 0.41817
[Sat Apr 22 00:49:56 2023|main.py|INFO] EPOCH [33/120] Learning rate: 0.00040
[Sat Apr 22 00:50:37 2023|main.py|INFO] EPOCH [34/120] Train NME: 0.08496
[Sat Apr 22 00:50:43 2023|main.py|INFO] EPOCH [34/120] Test NME: 0.20742
[Sat Apr 22 00:50:43 2023|main.py|INFO] EPOCH [34/120] Learning rate: 0.00032
[Sat Apr 22 00:51:24 2023|main.py|INFO] EPOCH [35/120] Train NME: 0.08522
[Sat Apr 22 00:51:29 2023|main.py|INFO] EPOCH [35/120] Test NME: 0.25499
[Sat Apr 22 00:51:29 2023|main.py|INFO] EPOCH [35/120] Learning rate: 0.00025
[Sat Apr 22 00:52:10 2023|main.py|INFO] EPOCH [36/120] Train NME: 0.08494
[Sat Apr 22 00:52:16 2023|main.py|INFO] EPOCH [36/120] Test NME: 0.18934
[Sat Apr 22 00:52:16 2023|main.py|INFO] EPOCH [36/120] Learning rate: 0.00020
[Sat Apr 22 00:52:57 2023|main.py|INFO] EPOCH [37/120] Train NME: 0.08515
[Sat Apr 22 00:53:03 2023|main.py|INFO] EPOCH [37/120] Test NME: 0.27459
[Sat Apr 22 00:53:03 2023|main.py|INFO] EPOCH [37/120] Learning rate: 0.00016
[Sat Apr 22 00:53:44 2023|main.py|INFO] EPOCH [38/120] Train NME: 0.08495
[Sat Apr 22 00:53:49 2023|main.py|INFO] EPOCH [38/120] Test NME: 0.17342
[Sat Apr 22 00:53:49 2023|main.py|INFO] EPOCH [38/120] Learning rate: 0.00013
[Sat Apr 22 00:54:30 2023|main.py|INFO] EPOCH [39/120] Train NME: 0.08435
[Sat Apr 22 00:54:36 2023|main.py|INFO] EPOCH [39/120] Test NME: 0.45365
[Sat Apr 22 00:54:36 2023|main.py|INFO] EPOCH [39/120] Learning rate: 0.00010
[Sat Apr 22 00:55:17 2023|main.py|INFO] EPOCH [40/120] Train NME: 0.08515
[Sat Apr 22 00:55:22 2023|main.py|INFO] EPOCH [40/120] Test NME: 0.25807
[Sat Apr 22 00:55:22 2023|main.py|INFO] EPOCH [40/120] Learning rate: 0.00008
[Sat Apr 22 00:56:03 2023|main.py|INFO] EPOCH [41/120] Train NME: 0.08455
[Sat Apr 22 00:56:09 2023|main.py|INFO] EPOCH [41/120] Test NME: 0.19066
[Sat Apr 22 00:56:09 2023|main.py|INFO] EPOCH [41/120] Learning rate: 0.00007
[Sat Apr 22 00:56:50 2023|main.py|INFO] EPOCH [42/120] Train NME: 0.08506
[Sat Apr 22 00:56:55 2023|main.py|INFO] EPOCH [42/120] Test NME: 0.37944
[Sat Apr 22 00:56:55 2023|main.py|INFO] EPOCH [42/120] Learning rate: 0.00005
[Sat Apr 22 00:57:36 2023|main.py|INFO] EPOCH [43/120] Train NME: 0.08545
[Sat Apr 22 00:57:41 2023|main.py|INFO] EPOCH [43/120] Test NME: 0.22630
[Sat Apr 22 00:57:41 2023|main.py|INFO] EPOCH [43/120] Learning rate: 0.00004
[Sat Apr 22 00:58:23 2023|main.py|INFO] EPOCH [44/120] Train NME: 0.08546
[Sat Apr 22 00:58:28 2023|main.py|INFO] EPOCH [44/120] Test NME: 0.30532
[Sat Apr 22 00:58:28 2023|main.py|INFO] EPOCH [44/120] Learning rate: 0.00003
[Sat Apr 22 00:59:09 2023|main.py|INFO] EPOCH [45/120] Train NME: 0.08486
[Sat Apr 22 00:59:14 2023|main.py|INFO] EPOCH [45/120] Test NME: 0.36414
[Sat Apr 22 00:59:14 2023|main.py|INFO] EPOCH [45/120] Learning rate: 0.00003
[Sat Apr 22 00:59:55 2023|main.py|INFO] EPOCH [46/120] Train NME: 0.08461
[Sat Apr 22 01:00:01 2023|main.py|INFO] EPOCH [46/120] Test NME: 0.23458
[Sat Apr 22 01:00:01 2023|main.py|INFO] EPOCH [46/120] Learning rate: 0.00002
[Sat Apr 22 01:00:42 2023|main.py|INFO] EPOCH [47/120] Train NME: 0.08471
[Sat Apr 22 01:00:48 2023|main.py|INFO] EPOCH [47/120] Test NME: 0.30186
[Sat Apr 22 01:00:48 2023|main.py|INFO] EPOCH [47/120] Learning rate: 0.00002
[Sat Apr 22 01:01:29 2023|main.py|INFO] EPOCH [48/120] Train NME: 0.08504
[Sat Apr 22 01:01:34 2023|main.py|INFO] EPOCH [48/120] Test NME: 0.35555
[Sat Apr 22 01:01:34 2023|main.py|INFO] EPOCH [48/120] Learning rate: 0.00001
[Sat Apr 22 01:02:15 2023|main.py|INFO] EPOCH [49/120] Train NME: 0.08369
[Sat Apr 22 01:02:21 2023|main.py|INFO] EPOCH [49/120] Test NME: 0.34501
[Sat Apr 22 01:02:21 2023|main.py|INFO] EPOCH [49/120] Learning rate: 0.00001
[Sat Apr 22 01:03:02 2023|main.py|INFO] EPOCH [50/120] Train NME: 0.08452
[Sat Apr 22 01:03:07 2023|main.py|INFO] EPOCH [50/120] Test NME: 0.24527
[Sat Apr 22 01:03:07 2023|main.py|INFO] EPOCH [50/120] Learning rate: 0.00001
[Sat Apr 22 01:03:48 2023|main.py|INFO] EPOCH [51/120] Train NME: 0.08453
[Sat Apr 22 01:03:54 2023|main.py|INFO] EPOCH [51/120] Test NME: 0.11267
[Sat Apr 22 01:03:54 2023|main.py|INFO] EPOCH [51/120] Learning rate: 0.00001
[Sat Apr 22 01:03:54 2023|main.py|INFO] EPOCH [51/120] NME improved from 0.13324 to 0.11267
[Sat Apr 22 01:03:54 2023|main.py|INFO] EPOCH [51/120] Saving model to: checkpoints/Cas_Stage2_noAug_MSE-S1_noAug_MSE-lr0.5_B2/2023-04-22_01-03-54_epoch_51_NME_0.11267.pth.tar
[Sat Apr 22 01:04:35 2023|main.py|INFO] EPOCH [52/120] Train NME: 0.08493
[Sat Apr 22 01:04:41 2023|main.py|INFO] EPOCH [52/120] Test NME: 0.23393
[Sat Apr 22 01:04:41 2023|main.py|INFO] EPOCH [52/120] Learning rate: 0.00001
[Sat Apr 22 01:05:22 2023|main.py|INFO] EPOCH [53/120] Train NME: 0.08511
[Sat Apr 22 01:05:27 2023|main.py|INFO] EPOCH [53/120] Test NME: 0.17649
[Sat Apr 22 01:05:27 2023|main.py|INFO] EPOCH [53/120] Learning rate: 0.00000
[Sat Apr 22 01:06:08 2023|main.py|INFO] EPOCH [54/120] Train NME: 0.08469
[Sat Apr 22 01:06:14 2023|main.py|INFO] EPOCH [54/120] Test NME: 0.23282
[Sat Apr 22 01:06:14 2023|main.py|INFO] EPOCH [54/120] Learning rate: 0.00000
[Sat Apr 22 01:06:55 2023|main.py|INFO] EPOCH [55/120] Train NME: 0.08513
[Sat Apr 22 01:07:00 2023|main.py|INFO] EPOCH [55/120] Test NME: 0.26998
[Sat Apr 22 01:07:00 2023|main.py|INFO] EPOCH [55/120] Learning rate: 0.00000
[Sat Apr 22 01:07:41 2023|main.py|INFO] EPOCH [56/120] Train NME: 0.08468
[Sat Apr 22 01:07:47 2023|main.py|INFO] EPOCH [56/120] Test NME: 0.32407
[Sat Apr 22 01:07:47 2023|main.py|INFO] EPOCH [56/120] Learning rate: 0.00000
[Sat Apr 22 01:08:28 2023|main.py|INFO] EPOCH [57/120] Train NME: 0.08576
[Sat Apr 22 01:08:33 2023|main.py|INFO] EPOCH [57/120] Test NME: 0.16836
[Sat Apr 22 01:08:33 2023|main.py|INFO] EPOCH [57/120] Learning rate: 0.00000
[Sat Apr 22 01:09:14 2023|main.py|INFO] EPOCH [58/120] Train NME: 0.08414
[Sat Apr 22 01:09:20 2023|main.py|INFO] EPOCH [58/120] Test NME: 0.15623
[Sat Apr 22 01:09:20 2023|main.py|INFO] EPOCH [58/120] Learning rate: 0.00000
[Sat Apr 22 01:10:01 2023|main.py|INFO] EPOCH [59/120] Train NME: 0.08387
[Sat Apr 22 01:10:06 2023|main.py|INFO] EPOCH [59/120] Test NME: 0.22786
[Sat Apr 22 01:10:06 2023|main.py|INFO] EPOCH [59/120] Learning rate: 0.00000
[Sat Apr 22 01:10:47 2023|main.py|INFO] EPOCH [60/120] Train NME: 0.08417
[Sat Apr 22 01:10:53 2023|main.py|INFO] EPOCH [60/120] Test NME: 0.17771
[Sat Apr 22 01:10:53 2023|main.py|INFO] EPOCH [60/120] Learning rate: 0.00000
[Sat Apr 22 01:11:34 2023|main.py|INFO] EPOCH [61/120] Train NME: 0.08499
[Sat Apr 22 01:11:39 2023|main.py|INFO] EPOCH [61/120] Test NME: 0.16393
[Sat Apr 22 01:11:39 2023|main.py|INFO] EPOCH [61/120] Learning rate: 0.00000
[Sat Apr 22 01:12:21 2023|main.py|INFO] EPOCH [62/120] Train NME: 0.08456
[Sat Apr 22 01:12:26 2023|main.py|INFO] EPOCH [62/120] Test NME: 0.18411
[Sat Apr 22 01:12:26 2023|main.py|INFO] EPOCH [62/120] Learning rate: 0.00000
[Sat Apr 22 01:13:07 2023|main.py|INFO] EPOCH [63/120] Train NME: 0.08501
[Sat Apr 22 01:13:13 2023|main.py|INFO] EPOCH [63/120] Test NME: 0.24550
[Sat Apr 22 01:13:13 2023|main.py|INFO] EPOCH [63/120] Learning rate: 0.00000
[Sat Apr 22 01:13:54 2023|main.py|INFO] EPOCH [64/120] Train NME: 0.08440
[Sat Apr 22 01:13:59 2023|main.py|INFO] EPOCH [64/120] Test NME: 0.33242
[Sat Apr 22 01:13:59 2023|main.py|INFO] EPOCH [64/120] Learning rate: 0.00000
[Sat Apr 22 01:14:41 2023|main.py|INFO] EPOCH [65/120] Train NME: 0.08445
[Sat Apr 22 01:14:46 2023|main.py|INFO] EPOCH [65/120] Test NME: 0.26584
[Sat Apr 22 01:14:46 2023|main.py|INFO] EPOCH [65/120] Learning rate: 0.00000
[Sat Apr 22 01:15:28 2023|main.py|INFO] EPOCH [66/120] Train NME: 0.08444
[Sat Apr 22 01:15:34 2023|main.py|INFO] EPOCH [66/120] Test NME: 0.20021
[Sat Apr 22 01:15:34 2023|main.py|INFO] EPOCH [66/120] Learning rate: 0.00000
[Sat Apr 22 01:16:15 2023|main.py|INFO] EPOCH [67/120] Train NME: 0.08459
[Sat Apr 22 01:16:20 2023|main.py|INFO] EPOCH [67/120] Test NME: 0.12917
[Sat Apr 22 01:16:20 2023|main.py|INFO] EPOCH [67/120] Learning rate: 0.00000
[Sat Apr 22 01:17:03 2023|main.py|INFO] EPOCH [68/120] Train NME: 0.08471
[Sat Apr 22 01:17:09 2023|main.py|INFO] EPOCH [68/120] Test NME: 0.22277
[Sat Apr 22 01:17:09 2023|main.py|INFO] EPOCH [68/120] Learning rate: 0.00000
[Sat Apr 22 01:17:50 2023|main.py|INFO] EPOCH [69/120] Train NME: 0.08493
[Sat Apr 22 01:17:55 2023|main.py|INFO] EPOCH [69/120] Test NME: 0.24919
[Sat Apr 22 01:17:55 2023|main.py|INFO] EPOCH [69/120] Learning rate: 0.00000
[Sat Apr 22 01:18:38 2023|main.py|INFO] EPOCH [70/120] Train NME: 0.08583
[Sat Apr 22 01:18:44 2023|main.py|INFO] EPOCH [70/120] Test NME: 0.16682
[Sat Apr 22 01:18:44 2023|main.py|INFO] EPOCH [70/120] Learning rate: 0.00000
[Sat Apr 22 01:19:28 2023|main.py|INFO] EPOCH [71/120] Train NME: 0.08430
[Sat Apr 22 01:19:35 2023|main.py|INFO] EPOCH [71/120] Test NME: 0.17124
[Sat Apr 22 01:19:35 2023|main.py|INFO] EPOCH [71/120] Learning rate: 0.00000
[Sat Apr 22 01:20:19 2023|main.py|INFO] EPOCH [72/120] Train NME: 0.08454
[Sat Apr 22 01:20:25 2023|main.py|INFO] EPOCH [72/120] Test NME: 0.21699
[Sat Apr 22 01:20:25 2023|main.py|INFO] EPOCH [72/120] Learning rate: 0.00000
[Sat Apr 22 01:21:10 2023|main.py|INFO] EPOCH [73/120] Train NME: 0.08439
[Sat Apr 22 01:21:15 2023|main.py|INFO] EPOCH [73/120] Test NME: 0.19557
[Sat Apr 22 01:21:15 2023|main.py|INFO] EPOCH [73/120] Learning rate: 0.00000
[Sat Apr 22 01:22:00 2023|main.py|INFO] EPOCH [74/120] Train NME: 0.08478
[Sat Apr 22 01:22:06 2023|main.py|INFO] EPOCH [74/120] Test NME: 0.25673
[Sat Apr 22 01:22:06 2023|main.py|INFO] EPOCH [74/120] Learning rate: 0.00000
[Sat Apr 22 01:22:51 2023|main.py|INFO] EPOCH [75/120] Train NME: 0.08411
[Sat Apr 22 01:22:56 2023|main.py|INFO] EPOCH [75/120] Test NME: 0.51045
[Sat Apr 22 01:22:56 2023|main.py|INFO] EPOCH [75/120] Learning rate: 0.00000
[Sat Apr 22 01:23:41 2023|main.py|INFO] EPOCH [76/120] Train NME: 0.08463
[Sat Apr 22 01:23:47 2023|main.py|INFO] EPOCH [76/120] Test NME: 0.29385
[Sat Apr 22 01:23:47 2023|main.py|INFO] EPOCH [76/120] Learning rate: 0.00000
[Sat Apr 22 01:24:32 2023|main.py|INFO] EPOCH [77/120] Train NME: 0.08430
[Sat Apr 22 01:24:37 2023|main.py|INFO] EPOCH [77/120] Test NME: 0.17426
[Sat Apr 22 01:24:37 2023|main.py|INFO] EPOCH [77/120] Learning rate: 0.00000
[Sat Apr 22 01:25:22 2023|main.py|INFO] EPOCH [78/120] Train NME: 0.08411
[Sat Apr 22 01:25:28 2023|main.py|INFO] EPOCH [78/120] Test NME: 0.37163
[Sat Apr 22 01:25:28 2023|main.py|INFO] EPOCH [78/120] Learning rate: 0.00000
[Sat Apr 22 01:26:14 2023|main.py|INFO] EPOCH [79/120] Train NME: 0.08438
[Sat Apr 22 01:26:19 2023|main.py|INFO] EPOCH [79/120] Test NME: 0.25485
[Sat Apr 22 01:26:19 2023|main.py|INFO] EPOCH [79/120] Learning rate: 0.00000
[Sat Apr 22 01:27:04 2023|main.py|INFO] EPOCH [80/120] Train NME: 0.08443
[Sat Apr 22 01:27:10 2023|main.py|INFO] EPOCH [80/120] Test NME: 0.15432
[Sat Apr 22 01:27:10 2023|main.py|INFO] EPOCH [80/120] Learning rate: 0.00000
[Sat Apr 22 01:27:54 2023|main.py|INFO] EPOCH [81/120] Train NME: 0.08478
[Sat Apr 22 01:28:00 2023|main.py|INFO] EPOCH [81/120] Test NME: 0.27895
[Sat Apr 22 01:28:00 2023|main.py|INFO] EPOCH [81/120] Learning rate: 0.00000
[Sat Apr 22 01:28:45 2023|main.py|INFO] EPOCH [82/120] Train NME: 0.08511
[Sat Apr 22 01:28:51 2023|main.py|INFO] EPOCH [82/120] Test NME: 0.44640
[Sat Apr 22 01:28:51 2023|main.py|INFO] EPOCH [82/120] Learning rate: 0.00000
[Sat Apr 22 01:29:36 2023|main.py|INFO] EPOCH [83/120] Train NME: 0.08463
[Sat Apr 22 01:29:41 2023|main.py|INFO] EPOCH [83/120] Test NME: 0.19588
[Sat Apr 22 01:29:41 2023|main.py|INFO] EPOCH [83/120] Learning rate: 0.00000
[Sat Apr 22 01:30:26 2023|main.py|INFO] EPOCH [84/120] Train NME: 0.08464
[Sat Apr 22 01:30:32 2023|main.py|INFO] EPOCH [84/120] Test NME: 0.84770
[Sat Apr 22 01:30:32 2023|main.py|INFO] EPOCH [84/120] Learning rate: 0.00000
[Sat Apr 22 01:31:16 2023|main.py|INFO] EPOCH [85/120] Train NME: 0.08476
[Sat Apr 22 01:31:22 2023|main.py|INFO] EPOCH [85/120] Test NME: 0.22603
[Sat Apr 22 01:31:22 2023|main.py|INFO] EPOCH [85/120] Learning rate: 0.00000
[Sat Apr 22 01:32:07 2023|main.py|INFO] EPOCH [86/120] Train NME: 0.08449
[Sat Apr 22 01:32:12 2023|main.py|INFO] EPOCH [86/120] Test NME: 0.16834
[Sat Apr 22 01:32:12 2023|main.py|INFO] EPOCH [86/120] Learning rate: 0.00000
[Sat Apr 22 01:32:57 2023|main.py|INFO] EPOCH [87/120] Train NME: 0.08438
[Sat Apr 22 01:33:03 2023|main.py|INFO] EPOCH [87/120] Test NME: 0.45836
[Sat Apr 22 01:33:03 2023|main.py|INFO] EPOCH [87/120] Learning rate: 0.00000
[Sat Apr 22 01:33:47 2023|main.py|INFO] EPOCH [88/120] Train NME: 0.08502
[Sat Apr 22 01:33:53 2023|main.py|INFO] EPOCH [88/120] Test NME: 0.23938
[Sat Apr 22 01:33:53 2023|main.py|INFO] EPOCH [88/120] Learning rate: 0.00000
[Sat Apr 22 01:34:38 2023|main.py|INFO] EPOCH [89/120] Train NME: 0.08432
[Sat Apr 22 01:34:43 2023|main.py|INFO] EPOCH [89/120] Test NME: 0.21057
[Sat Apr 22 01:34:43 2023|main.py|INFO] EPOCH [89/120] Learning rate: 0.00000
[Sat Apr 22 01:35:28 2023|main.py|INFO] EPOCH [90/120] Train NME: 0.08478
[Sat Apr 22 01:35:34 2023|main.py|INFO] EPOCH [90/120] Test NME: 0.53563
[Sat Apr 22 01:35:34 2023|main.py|INFO] EPOCH [90/120] Learning rate: 0.00000
[Sat Apr 22 01:36:18 2023|main.py|INFO] EPOCH [91/120] Train NME: 0.08414
[Sat Apr 22 01:36:24 2023|main.py|INFO] EPOCH [91/120] Test NME: 0.14119
[Sat Apr 22 01:36:24 2023|main.py|INFO] EPOCH [91/120] Learning rate: 0.00000
[Sat Apr 22 01:37:09 2023|main.py|INFO] EPOCH [92/120] Train NME: 0.08431
[Sat Apr 22 01:37:15 2023|main.py|INFO] EPOCH [92/120] Test NME: 0.11641
[Sat Apr 22 01:37:15 2023|main.py|INFO] EPOCH [92/120] Learning rate: 0.00000
[Sat Apr 22 01:37:59 2023|main.py|INFO] EPOCH [93/120] Train NME: 0.08449
[Sat Apr 22 01:38:05 2023|main.py|INFO] EPOCH [93/120] Test NME: 0.22320
[Sat Apr 22 01:38:05 2023|main.py|INFO] EPOCH [93/120] Learning rate: 0.00000
[Sat Apr 22 01:38:50 2023|main.py|INFO] EPOCH [94/120] Train NME: 0.08391
[Sat Apr 22 01:38:55 2023|main.py|INFO] EPOCH [94/120] Test NME: 0.27714
[Sat Apr 22 01:38:55 2023|main.py|INFO] EPOCH [94/120] Learning rate: 0.00000
[Sat Apr 22 01:39:40 2023|main.py|INFO] EPOCH [95/120] Train NME: 0.08436
[Sat Apr 22 01:39:46 2023|main.py|INFO] EPOCH [95/120] Test NME: 0.26823
[Sat Apr 22 01:39:46 2023|main.py|INFO] EPOCH [95/120] Learning rate: 0.00000
[Sat Apr 22 01:40:31 2023|main.py|INFO] EPOCH [96/120] Train NME: 0.08456
[Sat Apr 22 01:40:36 2023|main.py|INFO] EPOCH [96/120] Test NME: 0.17734
[Sat Apr 22 01:40:36 2023|main.py|INFO] EPOCH [96/120] Learning rate: 0.00000
[Sat Apr 22 01:41:21 2023|main.py|INFO] EPOCH [97/120] Train NME: 0.08431
[Sat Apr 22 01:41:27 2023|main.py|INFO] EPOCH [97/120] Test NME: 0.26876
[Sat Apr 22 01:41:27 2023|main.py|INFO] EPOCH [97/120] Learning rate: 0.00000
[Sat Apr 22 01:42:11 2023|main.py|INFO] EPOCH [98/120] Train NME: 0.08545
[Sat Apr 22 01:42:17 2023|main.py|INFO] EPOCH [98/120] Test NME: 0.13079
[Sat Apr 22 01:42:17 2023|main.py|INFO] EPOCH [98/120] Learning rate: 0.00000
[Sat Apr 22 01:43:01 2023|main.py|INFO] EPOCH [99/120] Train NME: 0.08461
[Sat Apr 22 01:43:07 2023|main.py|INFO] EPOCH [99/120] Test NME: 0.35534
[Sat Apr 22 01:43:07 2023|main.py|INFO] EPOCH [99/120] Learning rate: 0.00000
[Sat Apr 22 01:43:52 2023|main.py|INFO] EPOCH [100/120] Train NME: 0.08434
[Sat Apr 22 01:43:58 2023|main.py|INFO] EPOCH [100/120] Test NME: 0.31270
[Sat Apr 22 01:43:58 2023|main.py|INFO] EPOCH [100/120] Learning rate: 0.00000
[Sat Apr 22 01:44:43 2023|main.py|INFO] EPOCH [101/120] Train NME: 0.08450
[Sat Apr 22 01:44:49 2023|main.py|INFO] EPOCH [101/120] Test NME: 0.32608
[Sat Apr 22 01:44:49 2023|main.py|INFO] EPOCH [101/120] Learning rate: 0.00000
[Sat Apr 22 01:45:34 2023|main.py|INFO] EPOCH [102/120] Train NME: 0.08419
[Sat Apr 22 01:45:39 2023|main.py|INFO] EPOCH [102/120] Test NME: 0.33745
[Sat Apr 22 01:45:39 2023|main.py|INFO] EPOCH [102/120] Learning rate: 0.00000
[Sat Apr 22 01:46:25 2023|main.py|INFO] EPOCH [103/120] Train NME: 0.08446
[Sat Apr 22 01:46:31 2023|main.py|INFO] EPOCH [103/120] Test NME: 0.31797
[Sat Apr 22 01:46:31 2023|main.py|INFO] EPOCH [103/120] Learning rate: 0.00000
[Sat Apr 22 01:47:16 2023|main.py|INFO] EPOCH [104/120] Train NME: 0.08499
[Sat Apr 22 01:47:22 2023|main.py|INFO] EPOCH [104/120] Test NME: 0.22271
[Sat Apr 22 01:47:22 2023|main.py|INFO] EPOCH [104/120] Learning rate: 0.00000
[Sat Apr 22 01:48:06 2023|main.py|INFO] EPOCH [105/120] Train NME: 0.08461
[Sat Apr 22 01:48:12 2023|main.py|INFO] EPOCH [105/120] Test NME: 0.24956
[Sat Apr 22 01:48:12 2023|main.py|INFO] EPOCH [105/120] Learning rate: 0.00000
[Sat Apr 22 01:48:56 2023|main.py|INFO] EPOCH [106/120] Train NME: 0.08422
[Sat Apr 22 01:49:02 2023|main.py|INFO] EPOCH [106/120] Test NME: 0.16617
[Sat Apr 22 01:49:02 2023|main.py|INFO] EPOCH [106/120] Learning rate: 0.00000
[Sat Apr 22 01:49:46 2023|main.py|INFO] EPOCH [107/120] Train NME: 0.08475
[Sat Apr 22 01:49:52 2023|main.py|INFO] EPOCH [107/120] Test NME: 0.42284
[Sat Apr 22 01:49:52 2023|main.py|INFO] EPOCH [107/120] Learning rate: 0.00000
[Sat Apr 22 01:50:37 2023|main.py|INFO] EPOCH [108/120] Train NME: 0.08490
[Sat Apr 22 01:50:43 2023|main.py|INFO] EPOCH [108/120] Test NME: 0.43290
[Sat Apr 22 01:50:43 2023|main.py|INFO] EPOCH [108/120] Learning rate: 0.00000
[Sat Apr 22 01:51:27 2023|main.py|INFO] EPOCH [109/120] Train NME: 0.08456
[Sat Apr 22 01:51:33 2023|main.py|INFO] EPOCH [109/120] Test NME: 0.22853
[Sat Apr 22 01:51:33 2023|main.py|INFO] EPOCH [109/120] Learning rate: 0.00000
[Sat Apr 22 01:52:18 2023|main.py|INFO] EPOCH [110/120] Train NME: 0.08471
[Sat Apr 22 01:52:23 2023|main.py|INFO] EPOCH [110/120] Test NME: 0.28327
[Sat Apr 22 01:52:23 2023|main.py|INFO] EPOCH [110/120] Learning rate: 0.00000
[Sat Apr 22 01:53:08 2023|main.py|INFO] EPOCH [111/120] Train NME: 0.08453
[Sat Apr 22 01:53:14 2023|main.py|INFO] EPOCH [111/120] Test NME: 0.36867
[Sat Apr 22 01:53:14 2023|main.py|INFO] EPOCH [111/120] Learning rate: 0.00000
[Sat Apr 22 01:53:59 2023|main.py|INFO] EPOCH [112/120] Train NME: 0.08431
[Sat Apr 22 01:54:05 2023|main.py|INFO] EPOCH [112/120] Test NME: 0.27427
[Sat Apr 22 01:54:05 2023|main.py|INFO] EPOCH [112/120] Learning rate: 0.00000
[Sat Apr 22 01:54:49 2023|main.py|INFO] EPOCH [113/120] Train NME: 0.08470
[Sat Apr 22 01:54:55 2023|main.py|INFO] EPOCH [113/120] Test NME: 0.27131
[Sat Apr 22 01:54:55 2023|main.py|INFO] EPOCH [113/120] Learning rate: 0.00000
[Sat Apr 22 01:55:40 2023|main.py|INFO] EPOCH [114/120] Train NME: 0.08433
[Sat Apr 22 01:55:46 2023|main.py|INFO] EPOCH [114/120] Test NME: 0.18443
[Sat Apr 22 01:55:46 2023|main.py|INFO] EPOCH [114/120] Learning rate: 0.00000
[Sat Apr 22 01:56:31 2023|main.py|INFO] EPOCH [115/120] Train NME: 0.08545
[Sat Apr 22 01:56:36 2023|main.py|INFO] EPOCH [115/120] Test NME: 0.25176
[Sat Apr 22 01:56:36 2023|main.py|INFO] EPOCH [115/120] Learning rate: 0.00000
[Sat Apr 22 01:57:21 2023|main.py|INFO] EPOCH [116/120] Train NME: 0.08519
[Sat Apr 22 01:57:27 2023|main.py|INFO] EPOCH [116/120] Test NME: 0.22923
[Sat Apr 22 01:57:27 2023|main.py|INFO] EPOCH [116/120] Learning rate: 0.00000
[Sat Apr 22 01:58:11 2023|main.py|INFO] EPOCH [117/120] Train NME: 0.08471
[Sat Apr 22 01:58:17 2023|main.py|INFO] EPOCH [117/120] Test NME: 0.20138
[Sat Apr 22 01:58:17 2023|main.py|INFO] EPOCH [117/120] Learning rate: 0.00000
[Sat Apr 22 01:59:02 2023|main.py|INFO] EPOCH [118/120] Train NME: 0.08469
[Sat Apr 22 01:59:08 2023|main.py|INFO] EPOCH [118/120] Test NME: 0.41014
[Sat Apr 22 01:59:08 2023|main.py|INFO] EPOCH [118/120] Learning rate: 0.00000
[Sat Apr 22 01:59:52 2023|main.py|INFO] EPOCH [119/120] Train NME: 0.08528
[Sat Apr 22 01:59:58 2023|main.py|INFO] EPOCH [119/120] Test NME: 0.19768
[Sat Apr 22 01:59:58 2023|main.py|INFO] EPOCH [119/120] Learning rate: 0.00000
[Sat Apr 22 02:00:43 2023|main.py|INFO] EPOCH [120/120] Train NME: 0.08487
[Sat Apr 22 02:00:49 2023|main.py|INFO] EPOCH [120/120] Test NME: 0.13691
[Sat Apr 22 02:00:49 2023|main.py|INFO] EPOCH [120/120] Learning rate: 0.00000
