[Fri Apr 21 02:11:16 2023|main.py|INFO] Task: Cas_Stage1_noAug_MSE_lr0.6_B2
[Fri Apr 21 02:11:16 2023|main.py|INFO] Training cascade stage 1
[Fri Apr 21 02:11:16 2023|main.py|INFO] Using device: cuda
[Fri Apr 21 02:11:16 2023|main.py|INFO] Using config: config\Cas_Stage1_noAug_MSE\Cas_Stage1_noAug_MSE_lr0.6_B2.yaml
[Fri Apr 21 02:11:16 2023|main.py|INFO] Train path: data/training_images_full_train.npz
[Fri Apr 21 02:11:16 2023|main.py|INFO] Train path 2: data/training_images_subset.npz
[Fri Apr 21 02:11:16 2023|main.py|INFO] Test path: data/training_images_full_test.npz
[Fri Apr 21 02:11:16 2023|main.py|INFO] Train augment: False
[Fri Apr 21 02:11:16 2023|main.py|INFO] Learning rate: 0.6
[Fri Apr 21 02:11:16 2023|main.py|INFO] Batch size: 2
[Fri Apr 21 02:11:16 2023|main.py|INFO] Num epochs: 100
[Fri Apr 21 02:11:16 2023|main.py|INFO] Save model: True
[Fri Apr 21 02:11:16 2023|main.py|INFO] Loss: MSE
[Fri Apr 21 02:11:16 2023|main.py|INFO] Log path: logs/Cas_Stage1_noAug_MSE_lr0.6_B2/2023-04-21_02-11-16.log
[Fri Apr 21 02:11:16 2023|main.py|INFO] Writer path: runs/Cas_Stage1_noAug_MSE_lr0.6_B2/2023-04-21_02-11-16
[Fri Apr 21 02:11:16 2023|main.py|INFO] Model name: resnet18
[Fri Apr 21 02:11:16 2023|main.py|INFO] Num outputs: 10
[Fri Apr 21 02:11:16 2023|main.py|INFO] Pretrained: True
[Fri Apr 21 02:11:16 2023|main.py|INFO] Load model: False
[Fri Apr 21 02:11:16 2023|main.py|INFO] Load path: None
[Fri Apr 21 02:11:16 2023|main.py|INFO] Loading data...
[Fri Apr 21 02:11:16 2023|main.py|INFO] Load dataset for cascade stage 1
[Fri Apr 21 02:11:20 2023|main.py|INFO] Initializing network resnet18 with 10 outputs...
[Fri Apr 21 02:11:21 2023|main.py|INFO] Network: ResNet(
  (conv1): Conv2d(3, 64, kernel_size=(7, 7), stride=(2, 2), padding=(3, 3), bias=False)
  (bn1): BatchNorm2d(64, eps=1e-05, momentum=0.1, affine=True, track_running_stats=True)
  (relu): ReLU(inplace=True)
  (maxpool): MaxPool2d(kernel_size=3, stride=2, padding=1, dilation=1, ceil_mode=False)
  (layer1): Sequential(
    (0): BasicBlock(
      (conv1): Conv2d(64, 64, kernel_size=(3, 3), stride=(1, 1), padding=(1, 1), bias=False)
      (bn1): BatchNorm2d(64, eps=1e-05, momentum=0.1, affine=True, track_running_stats=True)
      (relu): ReLU(inplace=True)
      (conv2): Conv2d(64, 64, kernel_size=(3, 3), stride=(1, 1), padding=(1, 1), bias=False)
      (bn2): BatchNorm2d(64, eps=1e-05, momentum=0.1, affine=True, track_running_stats=True)
    )
    (1): BasicBlock(
      (conv1): Conv2d(64, 64, kernel_size=(3, 3), stride=(1, 1), padding=(1, 1), bias=False)
      (bn1): BatchNorm2d(64, eps=1e-05, momentum=0.1, affine=True, track_running_stats=True)
      (relu): ReLU(inplace=True)
      (conv2): Conv2d(64, 64, kernel_size=(3, 3), stride=(1, 1), padding=(1, 1), bias=False)
      (bn2): BatchNorm2d(64, eps=1e-05, momentum=0.1, affine=True, track_running_stats=True)
    )
  )
  (layer2): Sequential(
    (0): BasicBlock(
      (conv1): Conv2d(64, 128, kernel_size=(3, 3), stride=(2, 2), padding=(1, 1), bias=False)
      (bn1): BatchNorm2d(128, eps=1e-05, momentum=0.1, affine=True, track_running_stats=True)
      (relu): ReLU(inplace=True)
      (conv2): Conv2d(128, 128, kernel_size=(3, 3), stride=(1, 1), padding=(1, 1), bias=False)
      (bn2): BatchNorm2d(128, eps=1e-05, momentum=0.1, affine=True, track_running_stats=True)
      (downsample): Sequential(
        (0): Conv2d(64, 128, kernel_size=(1, 1), stride=(2, 2), bias=False)
        (1): BatchNorm2d(128, eps=1e-05, momentum=0.1, affine=True, track_running_stats=True)
      )
    )
    (1): BasicBlock(
      (conv1): Conv2d(128, 128, kernel_size=(3, 3), stride=(1, 1), padding=(1, 1), bias=False)
      (bn1): BatchNorm2d(128, eps=1e-05, momentum=0.1, affine=True, track_running_stats=True)
      (relu): ReLU(inplace=True)
      (conv2): Conv2d(128, 128, kernel_size=(3, 3), stride=(1, 1), padding=(1, 1), bias=False)
      (bn2): BatchNorm2d(128, eps=1e-05, momentum=0.1, affine=True, track_running_stats=True)
    )
  )
  (layer3): Sequential(
    (0): BasicBlock(
      (conv1): Conv2d(128, 256, kernel_size=(3, 3), stride=(2, 2), padding=(1, 1), bias=False)
      (bn1): BatchNorm2d(256, eps=1e-05, momentum=0.1, affine=True, track_running_stats=True)
      (relu): ReLU(inplace=True)
      (conv2): Conv2d(256, 256, kernel_size=(3, 3), stride=(1, 1), padding=(1, 1), bias=False)
      (bn2): BatchNorm2d(256, eps=1e-05, momentum=0.1, affine=True, track_running_stats=True)
      (downsample): Sequential(
        (0): Conv2d(128, 256, kernel_size=(1, 1), stride=(2, 2), bias=False)
        (1): BatchNorm2d(256, eps=1e-05, momentum=0.1, affine=True, track_running_stats=True)
      )
    )
    (1): BasicBlock(
      (conv1): Conv2d(256, 256, kernel_size=(3, 3), stride=(1, 1), padding=(1, 1), bias=False)
      (bn1): BatchNorm2d(256, eps=1e-05, momentum=0.1, affine=True, track_running_stats=True)
      (relu): ReLU(inplace=True)
      (conv2): Conv2d(256, 256, kernel_size=(3, 3), stride=(1, 1), padding=(1, 1), bias=False)
      (bn2): BatchNorm2d(256, eps=1e-05, momentum=0.1, affine=True, track_running_stats=True)
    )
  )
  (layer4): Sequential(
    (0): BasicBlock(
      (conv1): Conv2d(256, 512, kernel_size=(3, 3), stride=(2, 2), padding=(1, 1), bias=False)
      (bn1): BatchNorm2d(512, eps=1e-05, momentum=0.1, affine=True, track_running_stats=True)
      (relu): ReLU(inplace=True)
      (conv2): Conv2d(512, 512, kernel_size=(3, 3), stride=(1, 1), padding=(1, 1), bias=False)
      (bn2): BatchNorm2d(512, eps=1e-05, momentum=0.1, affine=True, track_running_stats=True)
      (downsample): Sequential(
        (0): Conv2d(256, 512, kernel_size=(1, 1), stride=(2, 2), bias=False)
        (1): BatchNorm2d(512, eps=1e-05, momentum=0.1, affine=True, track_running_stats=True)
      )
    )
    (1): BasicBlock(
      (conv1): Conv2d(512, 512, kernel_size=(3, 3), stride=(1, 1), padding=(1, 1), bias=False)
      (bn1): BatchNorm2d(512, eps=1e-05, momentum=0.1, affine=True, track_running_stats=True)
      (relu): ReLU(inplace=True)
      (conv2): Conv2d(512, 512, kernel_size=(3, 3), stride=(1, 1), padding=(1, 1), bias=False)
      (bn2): BatchNorm2d(512, eps=1e-05, momentum=0.1, affine=True, track_running_stats=True)
    )
  )
  (avgpool): AdaptiveAvgPool2d(output_size=(1, 1))
  (fc): Linear(in_features=512, out_features=10, bias=True)
)
[Fri Apr 21 02:11:21 2023|main.py|INFO] Initializing loss and optimizer...
[Fri Apr 21 02:11:21 2023|main.py|INFO] Loss: MSE
[Fri Apr 21 02:11:21 2023|main.py|INFO] Optimizer: Adam
[Fri Apr 21 02:11:21 2023|main.py|INFO] Initializing tensorboard writer at: runs/Cas_Stage1_noAug_MSE_lr0.6_B2/2023-04-21_02-11-16
[Fri Apr 21 02:11:21 2023|main.py|INFO] Training network...
[Fri Apr 21 02:11:56 2023|main.py|INFO] EPOCH [1/100] Train NME: 0.17691
[Fri Apr 21 02:11:58 2023|main.py|INFO] EPOCH [1/100] Test NME: 0.13561
[Fri Apr 21 02:11:58 2023|main.py|INFO] EPOCH [1/100] Learning rate: 0.60000
[Fri Apr 21 02:11:58 2023|main.py|INFO] EPOCH [1/100] NME improved from 1000.00000 to 0.13561
[Fri Apr 21 02:11:58 2023|main.py|INFO] EPOCH [1/100] Saving model to: checkpoints/Cas_Stage1_noAug_MSE_lr0.6_B2/2023-04-21_02-11-58_epoch_1_NME_0.13561.pth.tar
[Fri Apr 21 02:12:31 2023|main.py|INFO] EPOCH [2/100] Train NME: 0.14952
[Fri Apr 21 02:12:33 2023|main.py|INFO] EPOCH [2/100] Test NME: 0.16444
[Fri Apr 21 02:12:33 2023|main.py|INFO] EPOCH [2/100] Learning rate: 0.48000
[Fri Apr 21 02:13:08 2023|main.py|INFO] EPOCH [3/100] Train NME: 0.14327
[Fri Apr 21 02:13:09 2023|main.py|INFO] EPOCH [3/100] Test NME: 0.13439
[Fri Apr 21 02:13:09 2023|main.py|INFO] EPOCH [3/100] Learning rate: 0.38400
[Fri Apr 21 02:13:09 2023|main.py|INFO] EPOCH [3/100] NME improved from 0.13561 to 0.13439
[Fri Apr 21 02:13:09 2023|main.py|INFO] EPOCH [3/100] Saving model to: checkpoints/Cas_Stage1_noAug_MSE_lr0.6_B2/2023-04-21_02-13-09_epoch_3_NME_0.13439.pth.tar
[Fri Apr 21 02:13:46 2023|main.py|INFO] EPOCH [4/100] Train NME: 0.13783
[Fri Apr 21 02:13:48 2023|main.py|INFO] EPOCH [4/100] Test NME: 0.14208
[Fri Apr 21 02:13:48 2023|main.py|INFO] EPOCH [4/100] Learning rate: 0.30720
[Fri Apr 21 02:14:24 2023|main.py|INFO] EPOCH [5/100] Train NME: 0.13574
[Fri Apr 21 02:14:26 2023|main.py|INFO] EPOCH [5/100] Test NME: 0.13401
[Fri Apr 21 02:14:26 2023|main.py|INFO] EPOCH [5/100] Learning rate: 0.24576
[Fri Apr 21 02:14:26 2023|main.py|INFO] EPOCH [5/100] NME improved from 0.13439 to 0.13401
[Fri Apr 21 02:14:26 2023|main.py|INFO] EPOCH [5/100] Saving model to: checkpoints/Cas_Stage1_noAug_MSE_lr0.6_B2/2023-04-21_02-14-26_epoch_5_NME_0.13401.pth.tar
[Fri Apr 21 02:15:03 2023|main.py|INFO] EPOCH [6/100] Train NME: 0.13157
[Fri Apr 21 02:15:05 2023|main.py|INFO] EPOCH [6/100] Test NME: 0.12940
[Fri Apr 21 02:15:05 2023|main.py|INFO] EPOCH [6/100] Learning rate: 0.19661
[Fri Apr 21 02:15:05 2023|main.py|INFO] EPOCH [6/100] NME improved from 0.13401 to 0.12940
[Fri Apr 21 02:15:05 2023|main.py|INFO] EPOCH [6/100] Saving model to: checkpoints/Cas_Stage1_noAug_MSE_lr0.6_B2/2023-04-21_02-15-05_epoch_6_NME_0.12940.pth.tar
[Fri Apr 21 02:15:41 2023|main.py|INFO] EPOCH [7/100] Train NME: 0.12710
[Fri Apr 21 02:15:43 2023|main.py|INFO] EPOCH [7/100] Test NME: 0.12093
[Fri Apr 21 02:15:43 2023|main.py|INFO] EPOCH [7/100] Learning rate: 0.15729
[Fri Apr 21 02:15:43 2023|main.py|INFO] EPOCH [7/100] NME improved from 0.12940 to 0.12093
[Fri Apr 21 02:15:43 2023|main.py|INFO] EPOCH [7/100] Saving model to: checkpoints/Cas_Stage1_noAug_MSE_lr0.6_B2/2023-04-21_02-15-43_epoch_7_NME_0.12093.pth.tar
[Fri Apr 21 02:16:17 2023|main.py|INFO] EPOCH [8/100] Train NME: 0.12449
[Fri Apr 21 02:16:19 2023|main.py|INFO] EPOCH [8/100] Test NME: 0.12492
[Fri Apr 21 02:16:19 2023|main.py|INFO] EPOCH [8/100] Learning rate: 0.12583
[Fri Apr 21 02:16:53 2023|main.py|INFO] EPOCH [9/100] Train NME: 0.12206
[Fri Apr 21 02:16:54 2023|main.py|INFO] EPOCH [9/100] Test NME: 0.11037
[Fri Apr 21 02:16:54 2023|main.py|INFO] EPOCH [9/100] Learning rate: 0.10066
[Fri Apr 21 02:16:54 2023|main.py|INFO] EPOCH [9/100] NME improved from 0.12093 to 0.11037
[Fri Apr 21 02:16:54 2023|main.py|INFO] EPOCH [9/100] Saving model to: checkpoints/Cas_Stage1_noAug_MSE_lr0.6_B2/2023-04-21_02-16-54_epoch_9_NME_0.11037.pth.tar
[Fri Apr 21 02:17:32 2023|main.py|INFO] EPOCH [10/100] Train NME: 0.09086
[Fri Apr 21 02:17:33 2023|main.py|INFO] EPOCH [10/100] Test NME: 0.08575
[Fri Apr 21 02:17:33 2023|main.py|INFO] EPOCH [10/100] Learning rate: 0.08053
[Fri Apr 21 02:17:33 2023|main.py|INFO] EPOCH [10/100] NME improved from 0.11037 to 0.08575
[Fri Apr 21 02:17:33 2023|main.py|INFO] EPOCH [10/100] Saving model to: checkpoints/Cas_Stage1_noAug_MSE_lr0.6_B2/2023-04-21_02-17-33_epoch_10_NME_0.08575.pth.tar
[Fri Apr 21 02:18:10 2023|main.py|INFO] EPOCH [11/100] Train NME: 0.07269
[Fri Apr 21 02:18:12 2023|main.py|INFO] EPOCH [11/100] Test NME: 0.06972
[Fri Apr 21 02:18:12 2023|main.py|INFO] EPOCH [11/100] Learning rate: 0.06442
[Fri Apr 21 02:18:12 2023|main.py|INFO] EPOCH [11/100] NME improved from 0.08575 to 0.06972
[Fri Apr 21 02:18:12 2023|main.py|INFO] EPOCH [11/100] Saving model to: checkpoints/Cas_Stage1_noAug_MSE_lr0.6_B2/2023-04-21_02-18-12_epoch_11_NME_0.06972.pth.tar
[Fri Apr 21 02:18:50 2023|main.py|INFO] EPOCH [12/100] Train NME: 0.06234
[Fri Apr 21 02:18:52 2023|main.py|INFO] EPOCH [12/100] Test NME: 0.05746
[Fri Apr 21 02:18:52 2023|main.py|INFO] EPOCH [12/100] Learning rate: 0.05154
[Fri Apr 21 02:18:52 2023|main.py|INFO] EPOCH [12/100] NME improved from 0.06972 to 0.05746
[Fri Apr 21 02:18:52 2023|main.py|INFO] EPOCH [12/100] Saving model to: checkpoints/Cas_Stage1_noAug_MSE_lr0.6_B2/2023-04-21_02-18-52_epoch_12_NME_0.05746.pth.tar
[Fri Apr 21 02:19:28 2023|main.py|INFO] EPOCH [13/100] Train NME: 0.05276
[Fri Apr 21 02:19:30 2023|main.py|INFO] EPOCH [13/100] Test NME: 0.04982
[Fri Apr 21 02:19:30 2023|main.py|INFO] EPOCH [13/100] Learning rate: 0.04123
[Fri Apr 21 02:19:30 2023|main.py|INFO] EPOCH [13/100] NME improved from 0.05746 to 0.04982
[Fri Apr 21 02:19:30 2023|main.py|INFO] EPOCH [13/100] Saving model to: checkpoints/Cas_Stage1_noAug_MSE_lr0.6_B2/2023-04-21_02-19-30_epoch_13_NME_0.04982.pth.tar
[Fri Apr 21 02:20:06 2023|main.py|INFO] EPOCH [14/100] Train NME: 0.04804
[Fri Apr 21 02:20:08 2023|main.py|INFO] EPOCH [14/100] Test NME: 0.04753
[Fri Apr 21 02:20:08 2023|main.py|INFO] EPOCH [14/100] Learning rate: 0.03299
[Fri Apr 21 02:20:08 2023|main.py|INFO] EPOCH [14/100] NME improved from 0.04982 to 0.04753
[Fri Apr 21 02:20:08 2023|main.py|INFO] EPOCH [14/100] Saving model to: checkpoints/Cas_Stage1_noAug_MSE_lr0.6_B2/2023-04-21_02-20-08_epoch_14_NME_0.04753.pth.tar
[Fri Apr 21 02:20:45 2023|main.py|INFO] EPOCH [15/100] Train NME: 0.04461
[Fri Apr 21 02:20:47 2023|main.py|INFO] EPOCH [15/100] Test NME: 0.04780
[Fri Apr 21 02:20:47 2023|main.py|INFO] EPOCH [15/100] Learning rate: 0.02639
[Fri Apr 21 02:21:22 2023|main.py|INFO] EPOCH [16/100] Train NME: 0.04196
[Fri Apr 21 02:21:24 2023|main.py|INFO] EPOCH [16/100] Test NME: 0.04665
[Fri Apr 21 02:21:24 2023|main.py|INFO] EPOCH [16/100] Learning rate: 0.02111
[Fri Apr 21 02:21:24 2023|main.py|INFO] EPOCH [16/100] NME improved from 0.04753 to 0.04665
[Fri Apr 21 02:21:24 2023|main.py|INFO] EPOCH [16/100] Saving model to: checkpoints/Cas_Stage1_noAug_MSE_lr0.6_B2/2023-04-21_02-21-24_epoch_16_NME_0.04665.pth.tar
[Fri Apr 21 02:21:59 2023|main.py|INFO] EPOCH [17/100] Train NME: 0.04037
[Fri Apr 21 02:22:01 2023|main.py|INFO] EPOCH [17/100] Test NME: 0.04248
[Fri Apr 21 02:22:01 2023|main.py|INFO] EPOCH [17/100] Learning rate: 0.01689
[Fri Apr 21 02:22:01 2023|main.py|INFO] EPOCH [17/100] NME improved from 0.04665 to 0.04248
[Fri Apr 21 02:22:01 2023|main.py|INFO] EPOCH [17/100] Saving model to: checkpoints/Cas_Stage1_noAug_MSE_lr0.6_B2/2023-04-21_02-22-01_epoch_17_NME_0.04248.pth.tar
[Fri Apr 21 02:22:35 2023|main.py|INFO] EPOCH [18/100] Train NME: 0.03881
[Fri Apr 21 02:22:37 2023|main.py|INFO] EPOCH [18/100] Test NME: 0.04469
[Fri Apr 21 02:22:37 2023|main.py|INFO] EPOCH [18/100] Learning rate: 0.01351
[Fri Apr 21 02:23:12 2023|main.py|INFO] EPOCH [19/100] Train NME: 0.03739
[Fri Apr 21 02:23:14 2023|main.py|INFO] EPOCH [19/100] Test NME: 0.04405
[Fri Apr 21 02:23:14 2023|main.py|INFO] EPOCH [19/100] Learning rate: 0.01081
[Fri Apr 21 02:23:48 2023|main.py|INFO] EPOCH [20/100] Train NME: 0.03649
[Fri Apr 21 02:23:50 2023|main.py|INFO] EPOCH [20/100] Test NME: 0.04192
[Fri Apr 21 02:23:50 2023|main.py|INFO] EPOCH [20/100] Learning rate: 0.00865
[Fri Apr 21 02:23:50 2023|main.py|INFO] EPOCH [20/100] NME improved from 0.04248 to 0.04192
[Fri Apr 21 02:23:50 2023|main.py|INFO] EPOCH [20/100] Saving model to: checkpoints/Cas_Stage1_noAug_MSE_lr0.6_B2/2023-04-21_02-23-50_epoch_20_NME_0.04192.pth.tar
[Fri Apr 21 02:24:26 2023|main.py|INFO] EPOCH [21/100] Train NME: 0.03545
[Fri Apr 21 02:24:27 2023|main.py|INFO] EPOCH [21/100] Test NME: 0.04322
[Fri Apr 21 02:24:27 2023|main.py|INFO] EPOCH [21/100] Learning rate: 0.00692
[Fri Apr 21 02:25:03 2023|main.py|INFO] EPOCH [22/100] Train NME: 0.03464
[Fri Apr 21 02:25:05 2023|main.py|INFO] EPOCH [22/100] Test NME: 0.04402
[Fri Apr 21 02:25:05 2023|main.py|INFO] EPOCH [22/100] Learning rate: 0.00553
[Fri Apr 21 02:25:45 2023|main.py|INFO] EPOCH [23/100] Train NME: 0.03416
[Fri Apr 21 02:25:47 2023|main.py|INFO] EPOCH [23/100] Test NME: 0.04066
[Fri Apr 21 02:25:47 2023|main.py|INFO] EPOCH [23/100] Learning rate: 0.00443
[Fri Apr 21 02:25:47 2023|main.py|INFO] EPOCH [23/100] NME improved from 0.04192 to 0.04066
[Fri Apr 21 02:25:47 2023|main.py|INFO] EPOCH [23/100] Saving model to: checkpoints/Cas_Stage1_noAug_MSE_lr0.6_B2/2023-04-21_02-25-47_epoch_23_NME_0.04066.pth.tar
[Fri Apr 21 02:26:22 2023|main.py|INFO] EPOCH [24/100] Train NME: 0.03353
[Fri Apr 21 02:26:24 2023|main.py|INFO] EPOCH [24/100] Test NME: 0.04072
[Fri Apr 21 02:26:24 2023|main.py|INFO] EPOCH [24/100] Learning rate: 0.00354
[Fri Apr 21 02:27:00 2023|main.py|INFO] EPOCH [25/100] Train NME: 0.03310
[Fri Apr 21 02:27:02 2023|main.py|INFO] EPOCH [25/100] Test NME: 0.04051
[Fri Apr 21 02:27:02 2023|main.py|INFO] EPOCH [25/100] Learning rate: 0.00283
[Fri Apr 21 02:27:02 2023|main.py|INFO] EPOCH [25/100] NME improved from 0.04066 to 0.04051
[Fri Apr 21 02:27:02 2023|main.py|INFO] EPOCH [25/100] Saving model to: checkpoints/Cas_Stage1_noAug_MSE_lr0.6_B2/2023-04-21_02-27-02_epoch_25_NME_0.04051.pth.tar
[Fri Apr 21 02:27:51 2023|main.py|INFO] EPOCH [26/100] Train NME: 0.03273
[Fri Apr 21 02:27:53 2023|main.py|INFO] EPOCH [26/100] Test NME: 0.04156
[Fri Apr 21 02:27:53 2023|main.py|INFO] EPOCH [26/100] Learning rate: 0.00227
[Fri Apr 21 02:29:12 2023|main.py|INFO] EPOCH [27/100] Train NME: 0.03243
[Fri Apr 21 02:29:14 2023|main.py|INFO] EPOCH [27/100] Test NME: 0.04087
[Fri Apr 21 02:29:14 2023|main.py|INFO] EPOCH [27/100] Learning rate: 0.00181
[Fri Apr 21 02:30:30 2023|main.py|INFO] EPOCH [28/100] Train NME: 0.03219
[Fri Apr 21 02:30:31 2023|main.py|INFO] EPOCH [28/100] Test NME: 0.04007
[Fri Apr 21 02:30:31 2023|main.py|INFO] EPOCH [28/100] Learning rate: 0.00145
[Fri Apr 21 02:30:31 2023|main.py|INFO] EPOCH [28/100] NME improved from 0.04051 to 0.04007
[Fri Apr 21 02:30:31 2023|main.py|INFO] EPOCH [28/100] Saving model to: checkpoints/Cas_Stage1_noAug_MSE_lr0.6_B2/2023-04-21_02-30-31_epoch_28_NME_0.04007.pth.tar
[Fri Apr 21 02:31:46 2023|main.py|INFO] EPOCH [29/100] Train NME: 0.03204
[Fri Apr 21 02:31:48 2023|main.py|INFO] EPOCH [29/100] Test NME: 0.04024
[Fri Apr 21 02:31:48 2023|main.py|INFO] EPOCH [29/100] Learning rate: 0.00116
[Fri Apr 21 02:33:01 2023|main.py|INFO] EPOCH [30/100] Train NME: 0.03177
[Fri Apr 21 02:33:03 2023|main.py|INFO] EPOCH [30/100] Test NME: 0.04002
[Fri Apr 21 02:33:03 2023|main.py|INFO] EPOCH [30/100] Learning rate: 0.00093
[Fri Apr 21 02:33:03 2023|main.py|INFO] EPOCH [30/100] NME improved from 0.04007 to 0.04002
[Fri Apr 21 02:33:03 2023|main.py|INFO] EPOCH [30/100] Saving model to: checkpoints/Cas_Stage1_noAug_MSE_lr0.6_B2/2023-04-21_02-33-03_epoch_30_NME_0.04002.pth.tar
[Fri Apr 21 02:34:18 2023|main.py|INFO] EPOCH [31/100] Train NME: 0.03174
[Fri Apr 21 02:34:20 2023|main.py|INFO] EPOCH [31/100] Test NME: 0.04076
[Fri Apr 21 02:34:20 2023|main.py|INFO] EPOCH [31/100] Learning rate: 0.00074
[Fri Apr 21 02:35:34 2023|main.py|INFO] EPOCH [32/100] Train NME: 0.03154
[Fri Apr 21 02:35:35 2023|main.py|INFO] EPOCH [32/100] Test NME: 0.04024
[Fri Apr 21 02:35:35 2023|main.py|INFO] EPOCH [32/100] Learning rate: 0.00059
[Fri Apr 21 02:36:50 2023|main.py|INFO] EPOCH [33/100] Train NME: 0.03149
[Fri Apr 21 02:36:51 2023|main.py|INFO] EPOCH [33/100] Test NME: 0.04049
[Fri Apr 21 02:36:51 2023|main.py|INFO] EPOCH [33/100] Learning rate: 0.00048
[Fri Apr 21 02:38:05 2023|main.py|INFO] EPOCH [34/100] Train NME: 0.03129
[Fri Apr 21 02:38:07 2023|main.py|INFO] EPOCH [34/100] Test NME: 0.04010
[Fri Apr 21 02:38:07 2023|main.py|INFO] EPOCH [34/100] Learning rate: 0.00038
[Fri Apr 21 02:39:20 2023|main.py|INFO] EPOCH [35/100] Train NME: 0.03144
[Fri Apr 21 02:39:21 2023|main.py|INFO] EPOCH [35/100] Test NME: 0.04034
[Fri Apr 21 02:39:21 2023|main.py|INFO] EPOCH [35/100] Learning rate: 0.00030
[Fri Apr 21 02:40:35 2023|main.py|INFO] EPOCH [36/100] Train NME: 0.03133
[Fri Apr 21 02:40:37 2023|main.py|INFO] EPOCH [36/100] Test NME: 0.03951
[Fri Apr 21 02:40:37 2023|main.py|INFO] EPOCH [36/100] Learning rate: 0.00024
[Fri Apr 21 02:40:37 2023|main.py|INFO] EPOCH [36/100] NME improved from 0.04002 to 0.03951
[Fri Apr 21 02:40:37 2023|main.py|INFO] EPOCH [36/100] Saving model to: checkpoints/Cas_Stage1_noAug_MSE_lr0.6_B2/2023-04-21_02-40-37_epoch_36_NME_0.03951.pth.tar
[Fri Apr 21 02:41:51 2023|main.py|INFO] EPOCH [37/100] Train NME: 0.03140
[Fri Apr 21 02:41:53 2023|main.py|INFO] EPOCH [37/100] Test NME: 0.04047
[Fri Apr 21 02:41:53 2023|main.py|INFO] EPOCH [37/100] Learning rate: 0.00019
[Fri Apr 21 02:43:08 2023|main.py|INFO] EPOCH [38/100] Train NME: 0.03121
[Fri Apr 21 02:43:09 2023|main.py|INFO] EPOCH [38/100] Test NME: 0.04043
[Fri Apr 21 02:43:09 2023|main.py|INFO] EPOCH [38/100] Learning rate: 0.00016
[Fri Apr 21 02:44:24 2023|main.py|INFO] EPOCH [39/100] Train NME: 0.03122
[Fri Apr 21 02:44:26 2023|main.py|INFO] EPOCH [39/100] Test NME: 0.04022
[Fri Apr 21 02:44:26 2023|main.py|INFO] EPOCH [39/100] Learning rate: 0.00012
[Fri Apr 21 02:45:40 2023|main.py|INFO] EPOCH [40/100] Train NME: 0.03118
[Fri Apr 21 02:45:43 2023|main.py|INFO] EPOCH [40/100] Test NME: 0.04015
[Fri Apr 21 02:45:43 2023|main.py|INFO] EPOCH [40/100] Learning rate: 0.00010
[Fri Apr 21 02:46:57 2023|main.py|INFO] EPOCH [41/100] Train NME: 0.03113
[Fri Apr 21 02:46:58 2023|main.py|INFO] EPOCH [41/100] Test NME: 0.04033
[Fri Apr 21 02:46:58 2023|main.py|INFO] EPOCH [41/100] Learning rate: 0.00008
[Fri Apr 21 02:48:12 2023|main.py|INFO] EPOCH [42/100] Train NME: 0.03118
[Fri Apr 21 02:48:14 2023|main.py|INFO] EPOCH [42/100] Test NME: 0.03991
[Fri Apr 21 02:48:14 2023|main.py|INFO] EPOCH [42/100] Learning rate: 0.00006
[Fri Apr 21 02:49:29 2023|main.py|INFO] EPOCH [43/100] Train NME: 0.03107
[Fri Apr 21 02:49:31 2023|main.py|INFO] EPOCH [43/100] Test NME: 0.04002
[Fri Apr 21 02:49:31 2023|main.py|INFO] EPOCH [43/100] Learning rate: 0.00005
[Fri Apr 21 02:50:45 2023|main.py|INFO] EPOCH [44/100] Train NME: 0.03116
[Fri Apr 21 02:50:47 2023|main.py|INFO] EPOCH [44/100] Test NME: 0.03985
[Fri Apr 21 02:50:47 2023|main.py|INFO] EPOCH [44/100] Learning rate: 0.00004
[Fri Apr 21 02:52:01 2023|main.py|INFO] EPOCH [45/100] Train NME: 0.03115
[Fri Apr 21 02:52:03 2023|main.py|INFO] EPOCH [45/100] Test NME: 0.04020
[Fri Apr 21 02:52:03 2023|main.py|INFO] EPOCH [45/100] Learning rate: 0.00003
[Fri Apr 21 02:53:17 2023|main.py|INFO] EPOCH [46/100] Train NME: 0.03108
[Fri Apr 21 02:53:19 2023|main.py|INFO] EPOCH [46/100] Test NME: 0.04013
[Fri Apr 21 02:53:19 2023|main.py|INFO] EPOCH [46/100] Learning rate: 0.00003
[Fri Apr 21 02:54:33 2023|main.py|INFO] EPOCH [47/100] Train NME: 0.03113
[Fri Apr 21 02:54:35 2023|main.py|INFO] EPOCH [47/100] Test NME: 0.03987
[Fri Apr 21 02:54:35 2023|main.py|INFO] EPOCH [47/100] Learning rate: 0.00002
[Fri Apr 21 02:55:50 2023|main.py|INFO] EPOCH [48/100] Train NME: 0.03110
[Fri Apr 21 02:55:52 2023|main.py|INFO] EPOCH [48/100] Test NME: 0.04010
[Fri Apr 21 02:55:52 2023|main.py|INFO] EPOCH [48/100] Learning rate: 0.00002
[Fri Apr 21 02:57:09 2023|main.py|INFO] EPOCH [49/100] Train NME: 0.03112
[Fri Apr 21 02:57:11 2023|main.py|INFO] EPOCH [49/100] Test NME: 0.04005
[Fri Apr 21 02:57:11 2023|main.py|INFO] EPOCH [49/100] Learning rate: 0.00001
[Fri Apr 21 02:58:24 2023|main.py|INFO] EPOCH [50/100] Train NME: 0.03109
[Fri Apr 21 02:58:26 2023|main.py|INFO] EPOCH [50/100] Test NME: 0.04076
[Fri Apr 21 02:58:26 2023|main.py|INFO] EPOCH [50/100] Learning rate: 0.00001
[Fri Apr 21 02:59:40 2023|main.py|INFO] EPOCH [51/100] Train NME: 0.03118
[Fri Apr 21 02:59:41 2023|main.py|INFO] EPOCH [51/100] Test NME: 0.04061
[Fri Apr 21 02:59:41 2023|main.py|INFO] EPOCH [51/100] Learning rate: 0.00001
[Fri Apr 21 03:00:54 2023|main.py|INFO] EPOCH [52/100] Train NME: 0.03123
[Fri Apr 21 03:00:56 2023|main.py|INFO] EPOCH [52/100] Test NME: 0.04010
[Fri Apr 21 03:00:56 2023|main.py|INFO] EPOCH [52/100] Learning rate: 0.00001
[Fri Apr 21 03:02:09 2023|main.py|INFO] EPOCH [53/100] Train NME: 0.03112
[Fri Apr 21 03:02:11 2023|main.py|INFO] EPOCH [53/100] Test NME: 0.04003
[Fri Apr 21 03:02:11 2023|main.py|INFO] EPOCH [53/100] Learning rate: 0.00001
[Fri Apr 21 03:03:24 2023|main.py|INFO] EPOCH [54/100] Train NME: 0.03121
[Fri Apr 21 03:03:26 2023|main.py|INFO] EPOCH [54/100] Test NME: 0.04009
[Fri Apr 21 03:03:26 2023|main.py|INFO] EPOCH [54/100] Learning rate: 0.00000
[Fri Apr 21 03:04:39 2023|main.py|INFO] EPOCH [55/100] Train NME: 0.03113
[Fri Apr 21 03:04:41 2023|main.py|INFO] EPOCH [55/100] Test NME: 0.04057
[Fri Apr 21 03:04:41 2023|main.py|INFO] EPOCH [55/100] Learning rate: 0.00000
[Fri Apr 21 03:05:54 2023|main.py|INFO] EPOCH [56/100] Train NME: 0.03127
[Fri Apr 21 03:05:56 2023|main.py|INFO] EPOCH [56/100] Test NME: 0.04022
[Fri Apr 21 03:05:56 2023|main.py|INFO] EPOCH [56/100] Learning rate: 0.00000
[Fri Apr 21 03:07:09 2023|main.py|INFO] EPOCH [57/100] Train NME: 0.03115
[Fri Apr 21 03:07:11 2023|main.py|INFO] EPOCH [57/100] Test NME: 0.04051
[Fri Apr 21 03:07:11 2023|main.py|INFO] EPOCH [57/100] Learning rate: 0.00000
[Fri Apr 21 03:08:25 2023|main.py|INFO] EPOCH [58/100] Train NME: 0.03104
[Fri Apr 21 03:08:27 2023|main.py|INFO] EPOCH [58/100] Test NME: 0.04004
[Fri Apr 21 03:08:27 2023|main.py|INFO] EPOCH [58/100] Learning rate: 0.00000
[Fri Apr 21 03:09:41 2023|main.py|INFO] EPOCH [59/100] Train NME: 0.03114
[Fri Apr 21 03:09:42 2023|main.py|INFO] EPOCH [59/100] Test NME: 0.04026
[Fri Apr 21 03:09:42 2023|main.py|INFO] EPOCH [59/100] Learning rate: 0.00000
[Fri Apr 21 03:10:56 2023|main.py|INFO] EPOCH [60/100] Train NME: 0.03111
[Fri Apr 21 03:10:58 2023|main.py|INFO] EPOCH [60/100] Test NME: 0.04015
[Fri Apr 21 03:10:58 2023|main.py|INFO] EPOCH [60/100] Learning rate: 0.00000
[Fri Apr 21 03:12:11 2023|main.py|INFO] EPOCH [61/100] Train NME: 0.03111
[Fri Apr 21 03:12:13 2023|main.py|INFO] EPOCH [61/100] Test NME: 0.04013
[Fri Apr 21 03:12:13 2023|main.py|INFO] EPOCH [61/100] Learning rate: 0.00000
[Fri Apr 21 03:13:27 2023|main.py|INFO] EPOCH [62/100] Train NME: 0.03108
[Fri Apr 21 03:13:29 2023|main.py|INFO] EPOCH [62/100] Test NME: 0.03997
[Fri Apr 21 03:13:29 2023|main.py|INFO] EPOCH [62/100] Learning rate: 0.00000
[Fri Apr 21 03:14:42 2023|main.py|INFO] EPOCH [63/100] Train NME: 0.03110
[Fri Apr 21 03:14:44 2023|main.py|INFO] EPOCH [63/100] Test NME: 0.04030
[Fri Apr 21 03:14:44 2023|main.py|INFO] EPOCH [63/100] Learning rate: 0.00000
[Fri Apr 21 03:15:58 2023|main.py|INFO] EPOCH [64/100] Train NME: 0.03112
[Fri Apr 21 03:16:01 2023|main.py|INFO] EPOCH [64/100] Test NME: 0.03974
[Fri Apr 21 03:16:01 2023|main.py|INFO] EPOCH [64/100] Learning rate: 0.00000
[Fri Apr 21 03:17:14 2023|main.py|INFO] EPOCH [65/100] Train NME: 0.03114
[Fri Apr 21 03:17:16 2023|main.py|INFO] EPOCH [65/100] Test NME: 0.03962
[Fri Apr 21 03:17:16 2023|main.py|INFO] EPOCH [65/100] Learning rate: 0.00000
[Fri Apr 21 03:18:29 2023|main.py|INFO] EPOCH [66/100] Train NME: 0.03111
[Fri Apr 21 03:18:31 2023|main.py|INFO] EPOCH [66/100] Test NME: 0.04005
[Fri Apr 21 03:18:31 2023|main.py|INFO] EPOCH [66/100] Learning rate: 0.00000
[Fri Apr 21 03:19:44 2023|main.py|INFO] EPOCH [67/100] Train NME: 0.03120
[Fri Apr 21 03:19:46 2023|main.py|INFO] EPOCH [67/100] Test NME: 0.04027
[Fri Apr 21 03:19:46 2023|main.py|INFO] EPOCH [67/100] Learning rate: 0.00000
[Fri Apr 21 03:21:00 2023|main.py|INFO] EPOCH [68/100] Train NME: 0.03118
[Fri Apr 21 03:21:02 2023|main.py|INFO] EPOCH [68/100] Test NME: 0.03951
[Fri Apr 21 03:21:02 2023|main.py|INFO] EPOCH [68/100] Learning rate: 0.00000
[Fri Apr 21 03:22:17 2023|main.py|INFO] EPOCH [69/100] Train NME: 0.03115
[Fri Apr 21 03:22:19 2023|main.py|INFO] EPOCH [69/100] Test NME: 0.03971
[Fri Apr 21 03:22:19 2023|main.py|INFO] EPOCH [69/100] Learning rate: 0.00000
[Fri Apr 21 03:23:34 2023|main.py|INFO] EPOCH [70/100] Train NME: 0.03113
[Fri Apr 21 03:23:36 2023|main.py|INFO] EPOCH [70/100] Test NME: 0.04012
[Fri Apr 21 03:23:36 2023|main.py|INFO] EPOCH [70/100] Learning rate: 0.00000
[Fri Apr 21 03:24:50 2023|main.py|INFO] EPOCH [71/100] Train NME: 0.03107
[Fri Apr 21 03:24:51 2023|main.py|INFO] EPOCH [71/100] Test NME: 0.04019
[Fri Apr 21 03:24:51 2023|main.py|INFO] EPOCH [71/100] Learning rate: 0.00000
[Fri Apr 21 03:26:05 2023|main.py|INFO] EPOCH [72/100] Train NME: 0.03112
[Fri Apr 21 03:26:07 2023|main.py|INFO] EPOCH [72/100] Test NME: 0.04030
[Fri Apr 21 03:26:07 2023|main.py|INFO] EPOCH [72/100] Learning rate: 0.00000
[Fri Apr 21 03:27:20 2023|main.py|INFO] EPOCH [73/100] Train NME: 0.03121
[Fri Apr 21 03:27:25 2023|main.py|INFO] EPOCH [73/100] Test NME: 0.03999
[Fri Apr 21 03:27:25 2023|main.py|INFO] EPOCH [73/100] Learning rate: 0.00000
[Fri Apr 21 03:28:39 2023|main.py|INFO] EPOCH [74/100] Train NME: 0.03116
[Fri Apr 21 03:28:41 2023|main.py|INFO] EPOCH [74/100] Test NME: 0.04032
[Fri Apr 21 03:28:41 2023|main.py|INFO] EPOCH [74/100] Learning rate: 0.00000
[Fri Apr 21 03:29:24 2023|main.py|INFO] EPOCH [75/100] Train NME: 0.03111
[Fri Apr 21 03:29:26 2023|main.py|INFO] EPOCH [75/100] Test NME: 0.04049
[Fri Apr 21 03:29:26 2023|main.py|INFO] EPOCH [75/100] Learning rate: 0.00000
[Fri Apr 21 03:29:59 2023|main.py|INFO] EPOCH [76/100] Train NME: 0.03108
[Fri Apr 21 03:30:00 2023|main.py|INFO] EPOCH [76/100] Test NME: 0.04005
[Fri Apr 21 03:30:00 2023|main.py|INFO] EPOCH [76/100] Learning rate: 0.00000
[Fri Apr 21 03:30:34 2023|main.py|INFO] EPOCH [77/100] Train NME: 0.03114
[Fri Apr 21 03:30:36 2023|main.py|INFO] EPOCH [77/100] Test NME: 0.04037
[Fri Apr 21 03:30:36 2023|main.py|INFO] EPOCH [77/100] Learning rate: 0.00000
[Fri Apr 21 03:31:10 2023|main.py|INFO] EPOCH [78/100] Train NME: 0.03114
[Fri Apr 21 03:31:11 2023|main.py|INFO] EPOCH [78/100] Test NME: 0.04000
[Fri Apr 21 03:31:11 2023|main.py|INFO] EPOCH [78/100] Learning rate: 0.00000
[Fri Apr 21 03:31:46 2023|main.py|INFO] EPOCH [79/100] Train NME: 0.03108
[Fri Apr 21 03:31:48 2023|main.py|INFO] EPOCH [79/100] Test NME: 0.03975
[Fri Apr 21 03:31:48 2023|main.py|INFO] EPOCH [79/100] Learning rate: 0.00000
[Fri Apr 21 03:32:20 2023|main.py|INFO] EPOCH [80/100] Train NME: 0.03117
[Fri Apr 21 03:32:22 2023|main.py|INFO] EPOCH [80/100] Test NME: 0.04011
[Fri Apr 21 03:32:22 2023|main.py|INFO] EPOCH [80/100] Learning rate: 0.00000
[Fri Apr 21 03:32:55 2023|main.py|INFO] EPOCH [81/100] Train NME: 0.03105
[Fri Apr 21 03:32:57 2023|main.py|INFO] EPOCH [81/100] Test NME: 0.04007
[Fri Apr 21 03:32:57 2023|main.py|INFO] EPOCH [81/100] Learning rate: 0.00000
[Fri Apr 21 03:33:30 2023|main.py|INFO] EPOCH [82/100] Train NME: 0.03111
[Fri Apr 21 03:33:32 2023|main.py|INFO] EPOCH [82/100] Test NME: 0.03990
[Fri Apr 21 03:33:32 2023|main.py|INFO] EPOCH [82/100] Learning rate: 0.00000
[Fri Apr 21 03:34:05 2023|main.py|INFO] EPOCH [83/100] Train NME: 0.03107
[Fri Apr 21 03:34:07 2023|main.py|INFO] EPOCH [83/100] Test NME: 0.03945
[Fri Apr 21 03:34:07 2023|main.py|INFO] EPOCH [83/100] Learning rate: 0.00000
[Fri Apr 21 03:34:07 2023|main.py|INFO] EPOCH [83/100] NME improved from 0.03951 to 0.03945
[Fri Apr 21 03:34:07 2023|main.py|INFO] EPOCH [83/100] Saving model to: checkpoints/Cas_Stage1_noAug_MSE_lr0.6_B2/2023-04-21_03-34-07_epoch_83_NME_0.03945.pth.tar
[Fri Apr 21 03:34:41 2023|main.py|INFO] EPOCH [84/100] Train NME: 0.03113
[Fri Apr 21 03:34:42 2023|main.py|INFO] EPOCH [84/100] Test NME: 0.04008
[Fri Apr 21 03:34:42 2023|main.py|INFO] EPOCH [84/100] Learning rate: 0.00000
[Fri Apr 21 03:35:16 2023|main.py|INFO] EPOCH [85/100] Train NME: 0.03118
[Fri Apr 21 03:35:18 2023|main.py|INFO] EPOCH [85/100] Test NME: 0.04035
[Fri Apr 21 03:35:18 2023|main.py|INFO] EPOCH [85/100] Learning rate: 0.00000
[Fri Apr 21 03:35:53 2023|main.py|INFO] EPOCH [86/100] Train NME: 0.03112
[Fri Apr 21 03:35:55 2023|main.py|INFO] EPOCH [86/100] Test NME: 0.03998
[Fri Apr 21 03:35:55 2023|main.py|INFO] EPOCH [86/100] Learning rate: 0.00000
[Fri Apr 21 03:36:28 2023|main.py|INFO] EPOCH [87/100] Train NME: 0.03115
[Fri Apr 21 03:36:30 2023|main.py|INFO] EPOCH [87/100] Test NME: 0.04005
[Fri Apr 21 03:36:30 2023|main.py|INFO] EPOCH [87/100] Learning rate: 0.00000
[Fri Apr 21 03:37:03 2023|main.py|INFO] EPOCH [88/100] Train NME: 0.03122
[Fri Apr 21 03:37:04 2023|main.py|INFO] EPOCH [88/100] Test NME: 0.04023
[Fri Apr 21 03:37:04 2023|main.py|INFO] EPOCH [88/100] Learning rate: 0.00000
[Fri Apr 21 03:37:38 2023|main.py|INFO] EPOCH [89/100] Train NME: 0.03109
[Fri Apr 21 03:37:39 2023|main.py|INFO] EPOCH [89/100] Test NME: 0.04001
[Fri Apr 21 03:37:39 2023|main.py|INFO] EPOCH [89/100] Learning rate: 0.00000
[Fri Apr 21 03:38:13 2023|main.py|INFO] EPOCH [90/100] Train NME: 0.03116
[Fri Apr 21 03:38:14 2023|main.py|INFO] EPOCH [90/100] Test NME: 0.04029
[Fri Apr 21 03:38:14 2023|main.py|INFO] EPOCH [90/100] Learning rate: 0.00000
[Fri Apr 21 03:38:48 2023|main.py|INFO] EPOCH [91/100] Train NME: 0.03114
[Fri Apr 21 03:38:51 2023|main.py|INFO] EPOCH [91/100] Test NME: 0.03996
[Fri Apr 21 03:38:51 2023|main.py|INFO] EPOCH [91/100] Learning rate: 0.00000
[Fri Apr 21 03:39:24 2023|main.py|INFO] EPOCH [92/100] Train NME: 0.03108
[Fri Apr 21 03:39:26 2023|main.py|INFO] EPOCH [92/100] Test NME: 0.03992
[Fri Apr 21 03:39:26 2023|main.py|INFO] EPOCH [92/100] Learning rate: 0.00000
[Fri Apr 21 03:39:59 2023|main.py|INFO] EPOCH [93/100] Train NME: 0.03114
[Fri Apr 21 03:40:01 2023|main.py|INFO] EPOCH [93/100] Test NME: 0.04053
[Fri Apr 21 03:40:01 2023|main.py|INFO] EPOCH [93/100] Learning rate: 0.00000
[Fri Apr 21 03:40:34 2023|main.py|INFO] EPOCH [94/100] Train NME: 0.03115
[Fri Apr 21 03:40:36 2023|main.py|INFO] EPOCH [94/100] Test NME: 0.03990
[Fri Apr 21 03:40:36 2023|main.py|INFO] EPOCH [94/100] Learning rate: 0.00000
[Fri Apr 21 03:41:09 2023|main.py|INFO] EPOCH [95/100] Train NME: 0.03117
[Fri Apr 21 03:41:11 2023|main.py|INFO] EPOCH [95/100] Test NME: 0.03975
[Fri Apr 21 03:41:11 2023|main.py|INFO] EPOCH [95/100] Learning rate: 0.00000
[Fri Apr 21 03:41:45 2023|main.py|INFO] EPOCH [96/100] Train NME: 0.03119
[Fri Apr 21 03:41:47 2023|main.py|INFO] EPOCH [96/100] Test NME: 0.04024
[Fri Apr 21 03:41:47 2023|main.py|INFO] EPOCH [96/100] Learning rate: 0.00000
[Fri Apr 21 03:42:21 2023|main.py|INFO] EPOCH [97/100] Train NME: 0.03117
[Fri Apr 21 03:42:23 2023|main.py|INFO] EPOCH [97/100] Test NME: 0.04035
[Fri Apr 21 03:42:23 2023|main.py|INFO] EPOCH [97/100] Learning rate: 0.00000
[Fri Apr 21 03:42:58 2023|main.py|INFO] EPOCH [98/100] Train NME: 0.03118
[Fri Apr 21 03:43:00 2023|main.py|INFO] EPOCH [98/100] Test NME: 0.04016
[Fri Apr 21 03:43:00 2023|main.py|INFO] EPOCH [98/100] Learning rate: 0.00000
[Fri Apr 21 03:43:35 2023|main.py|INFO] EPOCH [99/100] Train NME: 0.03107
[Fri Apr 21 03:43:36 2023|main.py|INFO] EPOCH [99/100] Test NME: 0.04021
[Fri Apr 21 03:43:36 2023|main.py|INFO] EPOCH [99/100] Learning rate: 0.00000
[Fri Apr 21 03:44:09 2023|main.py|INFO] EPOCH [100/100] Train NME: 0.03122
[Fri Apr 21 03:44:11 2023|main.py|INFO] EPOCH [100/100] Test NME: 0.04000
[Fri Apr 21 03:44:11 2023|main.py|INFO] EPOCH [100/100] Learning rate: 0.00000
