[Thu Apr 20 13:39:08 2023|main.py|INFO] Task: Cas_Stage1_noAug_MSE_lr0.5_B16
[Thu Apr 20 13:39:08 2023|main.py|INFO] Training cascade stage 1
[Thu Apr 20 13:39:08 2023|main.py|INFO] Using device: cuda
[Thu Apr 20 13:39:08 2023|main.py|INFO] Using config: config\Cas_Stage1_noAug_MSE\Cas_Stage1_noAug_MSE_lr0.5_B16.yaml
[Thu Apr 20 13:39:08 2023|main.py|INFO] Train path: data/training_images_full_train.npz
[Thu Apr 20 13:39:08 2023|main.py|INFO] Train path 2: data/training_images_subset.npz
[Thu Apr 20 13:39:08 2023|main.py|INFO] Test path: data/training_images_full_test.npz
[Thu Apr 20 13:39:08 2023|main.py|INFO] Train augment: False
[Thu Apr 20 13:39:08 2023|main.py|INFO] Learning rate: 0.5
[Thu Apr 20 13:39:08 2023|main.py|INFO] Batch size: 16
[Thu Apr 20 13:39:08 2023|main.py|INFO] Num epochs: 100
[Thu Apr 20 13:39:08 2023|main.py|INFO] Save model: True
[Thu Apr 20 13:39:08 2023|main.py|INFO] Loss: MSE
[Thu Apr 20 13:39:08 2023|main.py|INFO] Log path: logs/Cas_Stage1_noAug_MSE_lr0.5_B16/2023-04-20_13-39-08.log
[Thu Apr 20 13:39:08 2023|main.py|INFO] Writer path: runs/Cas_Stage1_noAug_MSE_lr0.5_B16/2023-04-20_13-39-08
[Thu Apr 20 13:39:08 2023|main.py|INFO] Model name: resnet18
[Thu Apr 20 13:39:08 2023|main.py|INFO] Num outputs: 10
[Thu Apr 20 13:39:08 2023|main.py|INFO] Pretrained: True
[Thu Apr 20 13:39:08 2023|main.py|INFO] Load model: False
[Thu Apr 20 13:39:08 2023|main.py|INFO] Load path: None
[Thu Apr 20 13:39:08 2023|main.py|INFO] Loading data...
[Thu Apr 20 13:39:08 2023|main.py|INFO] Load dataset for cascade stage 1
[Thu Apr 20 13:39:11 2023|main.py|INFO] Initializing network resnet18 with 10 outputs...
[Thu Apr 20 13:39:11 2023|main.py|INFO] Network: ResNet(
  (conv1): Conv2d(3, 64, kernel_size=(7, 7), stride=(2, 2), padding=(3, 3), bias=False)
  (bn1): BatchNorm2d(64, eps=1e-05, momentum=0.1, affine=True, track_running_stats=True)
  (relu): ReLU(inplace=True)
  (maxpool): MaxPool2d(kernel_size=3, stride=2, padding=1, dilation=1, ceil_mode=False)
  (layer1): Sequential(
    (0): BasicBlock(
      (conv1): Conv2d(64, 64, kernel_size=(3, 3), stride=(1, 1), padding=(1, 1), bias=False)
      (bn1): BatchNorm2d(64, eps=1e-05, momentum=0.1, affine=True, track_running_stats=True)
      (relu): ReLU(inplace=True)
      (conv2): Conv2d(64, 64, kernel_size=(3, 3), stride=(1, 1), padding=(1, 1), bias=False)
      (bn2): BatchNorm2d(64, eps=1e-05, momentum=0.1, affine=True, track_running_stats=True)
    )
    (1): BasicBlock(
      (conv1): Conv2d(64, 64, kernel_size=(3, 3), stride=(1, 1), padding=(1, 1), bias=False)
      (bn1): BatchNorm2d(64, eps=1e-05, momentum=0.1, affine=True, track_running_stats=True)
      (relu): ReLU(inplace=True)
      (conv2): Conv2d(64, 64, kernel_size=(3, 3), stride=(1, 1), padding=(1, 1), bias=False)
      (bn2): BatchNorm2d(64, eps=1e-05, momentum=0.1, affine=True, track_running_stats=True)
    )
  )
  (layer2): Sequential(
    (0): BasicBlock(
      (conv1): Conv2d(64, 128, kernel_size=(3, 3), stride=(2, 2), padding=(1, 1), bias=False)
      (bn1): BatchNorm2d(128, eps=1e-05, momentum=0.1, affine=True, track_running_stats=True)
      (relu): ReLU(inplace=True)
      (conv2): Conv2d(128, 128, kernel_size=(3, 3), stride=(1, 1), padding=(1, 1), bias=False)
      (bn2): BatchNorm2d(128, eps=1e-05, momentum=0.1, affine=True, track_running_stats=True)
      (downsample): Sequential(
        (0): Conv2d(64, 128, kernel_size=(1, 1), stride=(2, 2), bias=False)
        (1): BatchNorm2d(128, eps=1e-05, momentum=0.1, affine=True, track_running_stats=True)
      )
    )
    (1): BasicBlock(
      (conv1): Conv2d(128, 128, kernel_size=(3, 3), stride=(1, 1), padding=(1, 1), bias=False)
      (bn1): BatchNorm2d(128, eps=1e-05, momentum=0.1, affine=True, track_running_stats=True)
      (relu): ReLU(inplace=True)
      (conv2): Conv2d(128, 128, kernel_size=(3, 3), stride=(1, 1), padding=(1, 1), bias=False)
      (bn2): BatchNorm2d(128, eps=1e-05, momentum=0.1, affine=True, track_running_stats=True)
    )
  )
  (layer3): Sequential(
    (0): BasicBlock(
      (conv1): Conv2d(128, 256, kernel_size=(3, 3), stride=(2, 2), padding=(1, 1), bias=False)
      (bn1): BatchNorm2d(256, eps=1e-05, momentum=0.1, affine=True, track_running_stats=True)
      (relu): ReLU(inplace=True)
      (conv2): Conv2d(256, 256, kernel_size=(3, 3), stride=(1, 1), padding=(1, 1), bias=False)
      (bn2): BatchNorm2d(256, eps=1e-05, momentum=0.1, affine=True, track_running_stats=True)
      (downsample): Sequential(
        (0): Conv2d(128, 256, kernel_size=(1, 1), stride=(2, 2), bias=False)
        (1): BatchNorm2d(256, eps=1e-05, momentum=0.1, affine=True, track_running_stats=True)
      )
    )
    (1): BasicBlock(
      (conv1): Conv2d(256, 256, kernel_size=(3, 3), stride=(1, 1), padding=(1, 1), bias=False)
      (bn1): BatchNorm2d(256, eps=1e-05, momentum=0.1, affine=True, track_running_stats=True)
      (relu): ReLU(inplace=True)
      (conv2): Conv2d(256, 256, kernel_size=(3, 3), stride=(1, 1), padding=(1, 1), bias=False)
      (bn2): BatchNorm2d(256, eps=1e-05, momentum=0.1, affine=True, track_running_stats=True)
    )
  )
  (layer4): Sequential(
    (0): BasicBlock(
      (conv1): Conv2d(256, 512, kernel_size=(3, 3), stride=(2, 2), padding=(1, 1), bias=False)
      (bn1): BatchNorm2d(512, eps=1e-05, momentum=0.1, affine=True, track_running_stats=True)
      (relu): ReLU(inplace=True)
      (conv2): Conv2d(512, 512, kernel_size=(3, 3), stride=(1, 1), padding=(1, 1), bias=False)
      (bn2): BatchNorm2d(512, eps=1e-05, momentum=0.1, affine=True, track_running_stats=True)
      (downsample): Sequential(
        (0): Conv2d(256, 512, kernel_size=(1, 1), stride=(2, 2), bias=False)
        (1): BatchNorm2d(512, eps=1e-05, momentum=0.1, affine=True, track_running_stats=True)
      )
    )
    (1): BasicBlock(
      (conv1): Conv2d(512, 512, kernel_size=(3, 3), stride=(1, 1), padding=(1, 1), bias=False)
      (bn1): BatchNorm2d(512, eps=1e-05, momentum=0.1, affine=True, track_running_stats=True)
      (relu): ReLU(inplace=True)
      (conv2): Conv2d(512, 512, kernel_size=(3, 3), stride=(1, 1), padding=(1, 1), bias=False)
      (bn2): BatchNorm2d(512, eps=1e-05, momentum=0.1, affine=True, track_running_stats=True)
    )
  )
  (avgpool): AdaptiveAvgPool2d(output_size=(1, 1))
  (fc): Linear(in_features=512, out_features=10, bias=True)
)
[Thu Apr 20 13:39:11 2023|main.py|INFO] Initializing loss and optimizer...
[Thu Apr 20 13:39:11 2023|main.py|INFO] Loss: MSE
[Thu Apr 20 13:39:11 2023|main.py|INFO] Optimizer: Adam
[Thu Apr 20 13:39:11 2023|main.py|INFO] Initializing tensorboard writer at: runs/Cas_Stage1_noAug_MSE_lr0.5_B16/2023-04-20_13-39-08
[Thu Apr 20 13:39:11 2023|main.py|INFO] Training network...
[Thu Apr 20 13:39:26 2023|main.py|INFO] EPOCH [1/100] Train NME: 0.21796
[Thu Apr 20 13:39:27 2023|main.py|INFO] EPOCH [1/100] Test NME: 0.13578
[Thu Apr 20 13:39:27 2023|main.py|INFO] EPOCH [1/100] Learning rate: 0.50000
[Thu Apr 20 13:39:27 2023|main.py|INFO] EPOCH [1/100] NME improved from 1000.00000 to 0.13578
[Thu Apr 20 13:39:27 2023|main.py|INFO] EPOCH [1/100] Saving model to: checkpoints/Cas_Stage1_noAug_MSE_lr0.5_B16/2023-04-20_13-39-27_epoch_1_NME_0.13578.pth.tar
[Thu Apr 20 13:39:38 2023|main.py|INFO] EPOCH [2/100] Train NME: 0.13331
[Thu Apr 20 13:39:38 2023|main.py|INFO] EPOCH [2/100] Test NME: 0.13000
[Thu Apr 20 13:39:38 2023|main.py|INFO] EPOCH [2/100] Learning rate: 0.40000
[Thu Apr 20 13:39:38 2023|main.py|INFO] EPOCH [2/100] NME improved from 0.13578 to 0.13000
[Thu Apr 20 13:39:38 2023|main.py|INFO] EPOCH [2/100] Saving model to: checkpoints/Cas_Stage1_noAug_MSE_lr0.5_B16/2023-04-20_13-39-38_epoch_2_NME_0.13000.pth.tar
[Thu Apr 20 13:39:50 2023|main.py|INFO] EPOCH [3/100] Train NME: 0.13363
[Thu Apr 20 13:39:50 2023|main.py|INFO] EPOCH [3/100] Test NME: 0.12770
[Thu Apr 20 13:39:50 2023|main.py|INFO] EPOCH [3/100] Learning rate: 0.32000
[Thu Apr 20 13:39:50 2023|main.py|INFO] EPOCH [3/100] NME improved from 0.13000 to 0.12770
[Thu Apr 20 13:39:50 2023|main.py|INFO] EPOCH [3/100] Saving model to: checkpoints/Cas_Stage1_noAug_MSE_lr0.5_B16/2023-04-20_13-39-50_epoch_3_NME_0.12770.pth.tar
[Thu Apr 20 13:40:02 2023|main.py|INFO] EPOCH [4/100] Train NME: 0.12645
[Thu Apr 20 13:40:02 2023|main.py|INFO] EPOCH [4/100] Test NME: 0.13490
[Thu Apr 20 13:40:02 2023|main.py|INFO] EPOCH [4/100] Learning rate: 0.25600
[Thu Apr 20 13:40:14 2023|main.py|INFO] EPOCH [5/100] Train NME: 0.10660
[Thu Apr 20 13:40:15 2023|main.py|INFO] EPOCH [5/100] Test NME: 0.10735
[Thu Apr 20 13:40:15 2023|main.py|INFO] EPOCH [5/100] Learning rate: 0.20480
[Thu Apr 20 13:40:15 2023|main.py|INFO] EPOCH [5/100] NME improved from 0.12770 to 0.10735
[Thu Apr 20 13:40:15 2023|main.py|INFO] EPOCH [5/100] Saving model to: checkpoints/Cas_Stage1_noAug_MSE_lr0.5_B16/2023-04-20_13-40-15_epoch_5_NME_0.10735.pth.tar
[Thu Apr 20 13:40:27 2023|main.py|INFO] EPOCH [6/100] Train NME: 0.09414
[Thu Apr 20 13:40:27 2023|main.py|INFO] EPOCH [6/100] Test NME: 0.08661
[Thu Apr 20 13:40:27 2023|main.py|INFO] EPOCH [6/100] Learning rate: 0.16384
[Thu Apr 20 13:40:27 2023|main.py|INFO] EPOCH [6/100] NME improved from 0.10735 to 0.08661
[Thu Apr 20 13:40:27 2023|main.py|INFO] EPOCH [6/100] Saving model to: checkpoints/Cas_Stage1_noAug_MSE_lr0.5_B16/2023-04-20_13-40-27_epoch_6_NME_0.08661.pth.tar
[Thu Apr 20 13:40:39 2023|main.py|INFO] EPOCH [7/100] Train NME: 0.08146
[Thu Apr 20 13:40:40 2023|main.py|INFO] EPOCH [7/100] Test NME: 0.07705
[Thu Apr 20 13:40:40 2023|main.py|INFO] EPOCH [7/100] Learning rate: 0.13107
[Thu Apr 20 13:40:40 2023|main.py|INFO] EPOCH [7/100] NME improved from 0.08661 to 0.07705
[Thu Apr 20 13:40:40 2023|main.py|INFO] EPOCH [7/100] Saving model to: checkpoints/Cas_Stage1_noAug_MSE_lr0.5_B16/2023-04-20_13-40-40_epoch_7_NME_0.07705.pth.tar
[Thu Apr 20 13:40:52 2023|main.py|INFO] EPOCH [8/100] Train NME: 0.07247
[Thu Apr 20 13:40:52 2023|main.py|INFO] EPOCH [8/100] Test NME: 0.06729
[Thu Apr 20 13:40:52 2023|main.py|INFO] EPOCH [8/100] Learning rate: 0.10486
[Thu Apr 20 13:40:52 2023|main.py|INFO] EPOCH [8/100] NME improved from 0.07705 to 0.06729
[Thu Apr 20 13:40:52 2023|main.py|INFO] EPOCH [8/100] Saving model to: checkpoints/Cas_Stage1_noAug_MSE_lr0.5_B16/2023-04-20_13-40-52_epoch_8_NME_0.06729.pth.tar
[Thu Apr 20 13:41:04 2023|main.py|INFO] EPOCH [9/100] Train NME: 0.06569
[Thu Apr 20 13:41:05 2023|main.py|INFO] EPOCH [9/100] Test NME: 0.05687
[Thu Apr 20 13:41:05 2023|main.py|INFO] EPOCH [9/100] Learning rate: 0.08389
[Thu Apr 20 13:41:05 2023|main.py|INFO] EPOCH [9/100] NME improved from 0.06729 to 0.05687
[Thu Apr 20 13:41:05 2023|main.py|INFO] EPOCH [9/100] Saving model to: checkpoints/Cas_Stage1_noAug_MSE_lr0.5_B16/2023-04-20_13-41-05_epoch_9_NME_0.05687.pth.tar
[Thu Apr 20 13:41:17 2023|main.py|INFO] EPOCH [10/100] Train NME: 0.06273
[Thu Apr 20 13:41:18 2023|main.py|INFO] EPOCH [10/100] Test NME: 0.06122
[Thu Apr 20 13:41:18 2023|main.py|INFO] EPOCH [10/100] Learning rate: 0.06711
[Thu Apr 20 13:41:30 2023|main.py|INFO] EPOCH [11/100] Train NME: 0.05661
[Thu Apr 20 13:41:30 2023|main.py|INFO] EPOCH [11/100] Test NME: 0.05411
[Thu Apr 20 13:41:30 2023|main.py|INFO] EPOCH [11/100] Learning rate: 0.05369
[Thu Apr 20 13:41:30 2023|main.py|INFO] EPOCH [11/100] NME improved from 0.05687 to 0.05411
[Thu Apr 20 13:41:30 2023|main.py|INFO] EPOCH [11/100] Saving model to: checkpoints/Cas_Stage1_noAug_MSE_lr0.5_B16/2023-04-20_13-41-30_epoch_11_NME_0.05411.pth.tar
[Thu Apr 20 13:41:42 2023|main.py|INFO] EPOCH [12/100] Train NME: 0.05397
[Thu Apr 20 13:41:43 2023|main.py|INFO] EPOCH [12/100] Test NME: 0.05500
[Thu Apr 20 13:41:43 2023|main.py|INFO] EPOCH [12/100] Learning rate: 0.04295
[Thu Apr 20 13:41:55 2023|main.py|INFO] EPOCH [13/100] Train NME: 0.05093
[Thu Apr 20 13:41:56 2023|main.py|INFO] EPOCH [13/100] Test NME: 0.05095
[Thu Apr 20 13:41:56 2023|main.py|INFO] EPOCH [13/100] Learning rate: 0.03436
[Thu Apr 20 13:41:56 2023|main.py|INFO] EPOCH [13/100] NME improved from 0.05411 to 0.05095
[Thu Apr 20 13:41:56 2023|main.py|INFO] EPOCH [13/100] Saving model to: checkpoints/Cas_Stage1_noAug_MSE_lr0.5_B16/2023-04-20_13-41-56_epoch_13_NME_0.05095.pth.tar
[Thu Apr 20 13:42:08 2023|main.py|INFO] EPOCH [14/100] Train NME: 0.04864
[Thu Apr 20 13:42:09 2023|main.py|INFO] EPOCH [14/100] Test NME: 0.04911
[Thu Apr 20 13:42:09 2023|main.py|INFO] EPOCH [14/100] Learning rate: 0.02749
[Thu Apr 20 13:42:09 2023|main.py|INFO] EPOCH [14/100] NME improved from 0.05095 to 0.04911
[Thu Apr 20 13:42:09 2023|main.py|INFO] EPOCH [14/100] Saving model to: checkpoints/Cas_Stage1_noAug_MSE_lr0.5_B16/2023-04-20_13-42-09_epoch_14_NME_0.04911.pth.tar
[Thu Apr 20 13:42:21 2023|main.py|INFO] EPOCH [15/100] Train NME: 0.04669
[Thu Apr 20 13:42:22 2023|main.py|INFO] EPOCH [15/100] Test NME: 0.05136
[Thu Apr 20 13:42:22 2023|main.py|INFO] EPOCH [15/100] Learning rate: 0.02199
[Thu Apr 20 13:42:34 2023|main.py|INFO] EPOCH [16/100] Train NME: 0.04538
[Thu Apr 20 13:42:35 2023|main.py|INFO] EPOCH [16/100] Test NME: 0.05659
[Thu Apr 20 13:42:35 2023|main.py|INFO] EPOCH [16/100] Learning rate: 0.01759
[Thu Apr 20 13:42:47 2023|main.py|INFO] EPOCH [17/100] Train NME: 0.04402
[Thu Apr 20 13:42:47 2023|main.py|INFO] EPOCH [17/100] Test NME: 0.04808
[Thu Apr 20 13:42:47 2023|main.py|INFO] EPOCH [17/100] Learning rate: 0.01407
[Thu Apr 20 13:42:47 2023|main.py|INFO] EPOCH [17/100] NME improved from 0.04911 to 0.04808
[Thu Apr 20 13:42:47 2023|main.py|INFO] EPOCH [17/100] Saving model to: checkpoints/Cas_Stage1_noAug_MSE_lr0.5_B16/2023-04-20_13-42-47_epoch_17_NME_0.04808.pth.tar
[Thu Apr 20 13:42:59 2023|main.py|INFO] EPOCH [18/100] Train NME: 0.04311
[Thu Apr 20 13:43:00 2023|main.py|INFO] EPOCH [18/100] Test NME: 0.04693
[Thu Apr 20 13:43:00 2023|main.py|INFO] EPOCH [18/100] Learning rate: 0.01126
[Thu Apr 20 13:43:00 2023|main.py|INFO] EPOCH [18/100] NME improved from 0.04808 to 0.04693
[Thu Apr 20 13:43:00 2023|main.py|INFO] EPOCH [18/100] Saving model to: checkpoints/Cas_Stage1_noAug_MSE_lr0.5_B16/2023-04-20_13-43-00_epoch_18_NME_0.04693.pth.tar
[Thu Apr 20 13:43:11 2023|main.py|INFO] EPOCH [19/100] Train NME: 0.04266
[Thu Apr 20 13:43:12 2023|main.py|INFO] EPOCH [19/100] Test NME: 0.04855
[Thu Apr 20 13:43:12 2023|main.py|INFO] EPOCH [19/100] Learning rate: 0.00901
[Thu Apr 20 13:43:24 2023|main.py|INFO] EPOCH [20/100] Train NME: 0.04142
[Thu Apr 20 13:43:25 2023|main.py|INFO] EPOCH [20/100] Test NME: 0.04737
[Thu Apr 20 13:43:25 2023|main.py|INFO] EPOCH [20/100] Learning rate: 0.00721
[Thu Apr 20 13:43:37 2023|main.py|INFO] EPOCH [21/100] Train NME: 0.04049
[Thu Apr 20 13:43:38 2023|main.py|INFO] EPOCH [21/100] Test NME: 0.04808
[Thu Apr 20 13:43:38 2023|main.py|INFO] EPOCH [21/100] Learning rate: 0.00576
[Thu Apr 20 13:43:50 2023|main.py|INFO] EPOCH [22/100] Train NME: 0.04014
[Thu Apr 20 13:43:50 2023|main.py|INFO] EPOCH [22/100] Test NME: 0.04634
[Thu Apr 20 13:43:50 2023|main.py|INFO] EPOCH [22/100] Learning rate: 0.00461
[Thu Apr 20 13:43:50 2023|main.py|INFO] EPOCH [22/100] NME improved from 0.04693 to 0.04634
[Thu Apr 20 13:43:50 2023|main.py|INFO] EPOCH [22/100] Saving model to: checkpoints/Cas_Stage1_noAug_MSE_lr0.5_B16/2023-04-20_13-43-50_epoch_22_NME_0.04634.pth.tar
[Thu Apr 20 13:44:02 2023|main.py|INFO] EPOCH [23/100] Train NME: 0.03946
[Thu Apr 20 13:44:03 2023|main.py|INFO] EPOCH [23/100] Test NME: 0.04608
[Thu Apr 20 13:44:03 2023|main.py|INFO] EPOCH [23/100] Learning rate: 0.00369
[Thu Apr 20 13:44:03 2023|main.py|INFO] EPOCH [23/100] NME improved from 0.04634 to 0.04608
[Thu Apr 20 13:44:03 2023|main.py|INFO] EPOCH [23/100] Saving model to: checkpoints/Cas_Stage1_noAug_MSE_lr0.5_B16/2023-04-20_13-44-03_epoch_23_NME_0.04608.pth.tar
[Thu Apr 20 13:44:15 2023|main.py|INFO] EPOCH [24/100] Train NME: 0.03888
[Thu Apr 20 13:44:15 2023|main.py|INFO] EPOCH [24/100] Test NME: 0.04555
[Thu Apr 20 13:44:15 2023|main.py|INFO] EPOCH [24/100] Learning rate: 0.00295
[Thu Apr 20 13:44:15 2023|main.py|INFO] EPOCH [24/100] NME improved from 0.04608 to 0.04555
[Thu Apr 20 13:44:15 2023|main.py|INFO] EPOCH [24/100] Saving model to: checkpoints/Cas_Stage1_noAug_MSE_lr0.5_B16/2023-04-20_13-44-15_epoch_24_NME_0.04555.pth.tar
[Thu Apr 20 13:44:28 2023|main.py|INFO] EPOCH [25/100] Train NME: 0.03860
[Thu Apr 20 13:44:29 2023|main.py|INFO] EPOCH [25/100] Test NME: 0.04558
[Thu Apr 20 13:44:29 2023|main.py|INFO] EPOCH [25/100] Learning rate: 0.00236
[Thu Apr 20 13:44:41 2023|main.py|INFO] EPOCH [26/100] Train NME: 0.03864
[Thu Apr 20 13:44:41 2023|main.py|INFO] EPOCH [26/100] Test NME: 0.04530
[Thu Apr 20 13:44:41 2023|main.py|INFO] EPOCH [26/100] Learning rate: 0.00189
[Thu Apr 20 13:44:41 2023|main.py|INFO] EPOCH [26/100] NME improved from 0.04555 to 0.04530
[Thu Apr 20 13:44:41 2023|main.py|INFO] EPOCH [26/100] Saving model to: checkpoints/Cas_Stage1_noAug_MSE_lr0.5_B16/2023-04-20_13-44-41_epoch_26_NME_0.04530.pth.tar
[Thu Apr 20 13:44:53 2023|main.py|INFO] EPOCH [27/100] Train NME: 0.03819
[Thu Apr 20 13:44:54 2023|main.py|INFO] EPOCH [27/100] Test NME: 0.04548
[Thu Apr 20 13:44:54 2023|main.py|INFO] EPOCH [27/100] Learning rate: 0.00151
[Thu Apr 20 13:45:06 2023|main.py|INFO] EPOCH [28/100] Train NME: 0.03821
[Thu Apr 20 13:45:06 2023|main.py|INFO] EPOCH [28/100] Test NME: 0.04538
[Thu Apr 20 13:45:06 2023|main.py|INFO] EPOCH [28/100] Learning rate: 0.00121
[Thu Apr 20 13:45:18 2023|main.py|INFO] EPOCH [29/100] Train NME: 0.03827
[Thu Apr 20 13:45:19 2023|main.py|INFO] EPOCH [29/100] Test NME: 0.04548
[Thu Apr 20 13:45:19 2023|main.py|INFO] EPOCH [29/100] Learning rate: 0.00097
[Thu Apr 20 13:45:31 2023|main.py|INFO] EPOCH [30/100] Train NME: 0.03759
[Thu Apr 20 13:45:32 2023|main.py|INFO] EPOCH [30/100] Test NME: 0.04515
[Thu Apr 20 13:45:32 2023|main.py|INFO] EPOCH [30/100] Learning rate: 0.00077
[Thu Apr 20 13:45:32 2023|main.py|INFO] EPOCH [30/100] NME improved from 0.04530 to 0.04515
[Thu Apr 20 13:45:32 2023|main.py|INFO] EPOCH [30/100] Saving model to: checkpoints/Cas_Stage1_noAug_MSE_lr0.5_B16/2023-04-20_13-45-32_epoch_30_NME_0.04515.pth.tar
[Thu Apr 20 13:45:44 2023|main.py|INFO] EPOCH [31/100] Train NME: 0.03771
[Thu Apr 20 13:45:45 2023|main.py|INFO] EPOCH [31/100] Test NME: 0.04521
[Thu Apr 20 13:45:45 2023|main.py|INFO] EPOCH [31/100] Learning rate: 0.00062
[Thu Apr 20 13:45:57 2023|main.py|INFO] EPOCH [32/100] Train NME: 0.03793
[Thu Apr 20 13:45:58 2023|main.py|INFO] EPOCH [32/100] Test NME: 0.04530
[Thu Apr 20 13:45:58 2023|main.py|INFO] EPOCH [32/100] Learning rate: 0.00050
[Thu Apr 20 13:46:09 2023|main.py|INFO] EPOCH [33/100] Train NME: 0.03739
[Thu Apr 20 13:46:10 2023|main.py|INFO] EPOCH [33/100] Test NME: 0.04512
[Thu Apr 20 13:46:10 2023|main.py|INFO] EPOCH [33/100] Learning rate: 0.00040
[Thu Apr 20 13:46:10 2023|main.py|INFO] EPOCH [33/100] NME improved from 0.04515 to 0.04512
[Thu Apr 20 13:46:10 2023|main.py|INFO] EPOCH [33/100] Saving model to: checkpoints/Cas_Stage1_noAug_MSE_lr0.5_B16/2023-04-20_13-46-10_epoch_33_NME_0.04512.pth.tar
[Thu Apr 20 13:46:22 2023|main.py|INFO] EPOCH [34/100] Train NME: 0.03754
[Thu Apr 20 13:46:23 2023|main.py|INFO] EPOCH [34/100] Test NME: 0.04541
[Thu Apr 20 13:46:23 2023|main.py|INFO] EPOCH [34/100] Learning rate: 0.00032
[Thu Apr 20 13:46:35 2023|main.py|INFO] EPOCH [35/100] Train NME: 0.03745
[Thu Apr 20 13:46:35 2023|main.py|INFO] EPOCH [35/100] Test NME: 0.04571
[Thu Apr 20 13:46:35 2023|main.py|INFO] EPOCH [35/100] Learning rate: 0.00025
[Thu Apr 20 13:46:47 2023|main.py|INFO] EPOCH [36/100] Train NME: 0.03718
[Thu Apr 20 13:46:48 2023|main.py|INFO] EPOCH [36/100] Test NME: 0.04502
[Thu Apr 20 13:46:48 2023|main.py|INFO] EPOCH [36/100] Learning rate: 0.00020
[Thu Apr 20 13:46:48 2023|main.py|INFO] EPOCH [36/100] NME improved from 0.04512 to 0.04502
[Thu Apr 20 13:46:48 2023|main.py|INFO] EPOCH [36/100] Saving model to: checkpoints/Cas_Stage1_noAug_MSE_lr0.5_B16/2023-04-20_13-46-48_epoch_36_NME_0.04502.pth.tar
[Thu Apr 20 13:47:00 2023|main.py|INFO] EPOCH [37/100] Train NME: 0.03739
[Thu Apr 20 13:47:01 2023|main.py|INFO] EPOCH [37/100] Test NME: 0.04521
[Thu Apr 20 13:47:01 2023|main.py|INFO] EPOCH [37/100] Learning rate: 0.00016
[Thu Apr 20 13:47:14 2023|main.py|INFO] EPOCH [38/100] Train NME: 0.03721
[Thu Apr 20 13:47:14 2023|main.py|INFO] EPOCH [38/100] Test NME: 0.04524
[Thu Apr 20 13:47:14 2023|main.py|INFO] EPOCH [38/100] Learning rate: 0.00013
[Thu Apr 20 13:47:26 2023|main.py|INFO] EPOCH [39/100] Train NME: 0.03752
[Thu Apr 20 13:47:27 2023|main.py|INFO] EPOCH [39/100] Test NME: 0.04585
[Thu Apr 20 13:47:27 2023|main.py|INFO] EPOCH [39/100] Learning rate: 0.00010
[Thu Apr 20 13:47:39 2023|main.py|INFO] EPOCH [40/100] Train NME: 0.03746
[Thu Apr 20 13:47:40 2023|main.py|INFO] EPOCH [40/100] Test NME: 0.04572
[Thu Apr 20 13:47:40 2023|main.py|INFO] EPOCH [40/100] Learning rate: 0.00008
[Thu Apr 20 13:47:52 2023|main.py|INFO] EPOCH [41/100] Train NME: 0.03761
[Thu Apr 20 13:47:53 2023|main.py|INFO] EPOCH [41/100] Test NME: 0.04560
[Thu Apr 20 13:47:53 2023|main.py|INFO] EPOCH [41/100] Learning rate: 0.00007
[Thu Apr 20 13:48:05 2023|main.py|INFO] EPOCH [42/100] Train NME: 0.03737
[Thu Apr 20 13:48:06 2023|main.py|INFO] EPOCH [42/100] Test NME: 0.04533
[Thu Apr 20 13:48:06 2023|main.py|INFO] EPOCH [42/100] Learning rate: 0.00005
[Thu Apr 20 13:48:18 2023|main.py|INFO] EPOCH [43/100] Train NME: 0.03700
[Thu Apr 20 13:48:18 2023|main.py|INFO] EPOCH [43/100] Test NME: 0.04517
[Thu Apr 20 13:48:18 2023|main.py|INFO] EPOCH [43/100] Learning rate: 0.00004
[Thu Apr 20 13:48:30 2023|main.py|INFO] EPOCH [44/100] Train NME: 0.03703
[Thu Apr 20 13:48:31 2023|main.py|INFO] EPOCH [44/100] Test NME: 0.04525
[Thu Apr 20 13:48:31 2023|main.py|INFO] EPOCH [44/100] Learning rate: 0.00003
[Thu Apr 20 13:48:43 2023|main.py|INFO] EPOCH [45/100] Train NME: 0.03708
[Thu Apr 20 13:48:44 2023|main.py|INFO] EPOCH [45/100] Test NME: 0.04534
[Thu Apr 20 13:48:44 2023|main.py|INFO] EPOCH [45/100] Learning rate: 0.00003
[Thu Apr 20 13:48:56 2023|main.py|INFO] EPOCH [46/100] Train NME: 0.03716
[Thu Apr 20 13:48:56 2023|main.py|INFO] EPOCH [46/100] Test NME: 0.04557
[Thu Apr 20 13:48:56 2023|main.py|INFO] EPOCH [46/100] Learning rate: 0.00002
[Thu Apr 20 13:49:08 2023|main.py|INFO] EPOCH [47/100] Train NME: 0.03698
[Thu Apr 20 13:49:09 2023|main.py|INFO] EPOCH [47/100] Test NME: 0.04519
[Thu Apr 20 13:49:09 2023|main.py|INFO] EPOCH [47/100] Learning rate: 0.00002
[Thu Apr 20 13:49:21 2023|main.py|INFO] EPOCH [48/100] Train NME: 0.03718
[Thu Apr 20 13:49:22 2023|main.py|INFO] EPOCH [48/100] Test NME: 0.04556
[Thu Apr 20 13:49:22 2023|main.py|INFO] EPOCH [48/100] Learning rate: 0.00001
[Thu Apr 20 13:49:34 2023|main.py|INFO] EPOCH [49/100] Train NME: 0.03724
[Thu Apr 20 13:49:34 2023|main.py|INFO] EPOCH [49/100] Test NME: 0.04552
[Thu Apr 20 13:49:34 2023|main.py|INFO] EPOCH [49/100] Learning rate: 0.00001
[Thu Apr 20 13:49:47 2023|main.py|INFO] EPOCH [50/100] Train NME: 0.03739
[Thu Apr 20 13:49:47 2023|main.py|INFO] EPOCH [50/100] Test NME: 0.04541
[Thu Apr 20 13:49:47 2023|main.py|INFO] EPOCH [50/100] Learning rate: 0.00001
[Thu Apr 20 13:49:59 2023|main.py|INFO] EPOCH [51/100] Train NME: 0.03697
[Thu Apr 20 13:50:00 2023|main.py|INFO] EPOCH [51/100] Test NME: 0.04539
[Thu Apr 20 13:50:00 2023|main.py|INFO] EPOCH [51/100] Learning rate: 0.00001
[Thu Apr 20 13:50:12 2023|main.py|INFO] EPOCH [52/100] Train NME: 0.03723
[Thu Apr 20 13:50:12 2023|main.py|INFO] EPOCH [52/100] Test NME: 0.04520
[Thu Apr 20 13:50:12 2023|main.py|INFO] EPOCH [52/100] Learning rate: 0.00001
[Thu Apr 20 13:50:24 2023|main.py|INFO] EPOCH [53/100] Train NME: 0.03707
[Thu Apr 20 13:50:25 2023|main.py|INFO] EPOCH [53/100] Test NME: 0.04523
[Thu Apr 20 13:50:25 2023|main.py|INFO] EPOCH [53/100] Learning rate: 0.00000
[Thu Apr 20 13:50:37 2023|main.py|INFO] EPOCH [54/100] Train NME: 0.03704
[Thu Apr 20 13:50:38 2023|main.py|INFO] EPOCH [54/100] Test NME: 0.04517
[Thu Apr 20 13:50:38 2023|main.py|INFO] EPOCH [54/100] Learning rate: 0.00000
[Thu Apr 20 13:50:50 2023|main.py|INFO] EPOCH [55/100] Train NME: 0.03707
[Thu Apr 20 13:50:51 2023|main.py|INFO] EPOCH [55/100] Test NME: 0.04553
[Thu Apr 20 13:50:51 2023|main.py|INFO] EPOCH [55/100] Learning rate: 0.00000
[Thu Apr 20 13:51:03 2023|main.py|INFO] EPOCH [56/100] Train NME: 0.03715
[Thu Apr 20 13:51:04 2023|main.py|INFO] EPOCH [56/100] Test NME: 0.04550
[Thu Apr 20 13:51:04 2023|main.py|INFO] EPOCH [56/100] Learning rate: 0.00000
[Thu Apr 20 13:51:16 2023|main.py|INFO] EPOCH [57/100] Train NME: 0.03690
[Thu Apr 20 13:51:17 2023|main.py|INFO] EPOCH [57/100] Test NME: 0.04515
[Thu Apr 20 13:51:17 2023|main.py|INFO] EPOCH [57/100] Learning rate: 0.00000
[Thu Apr 20 13:51:29 2023|main.py|INFO] EPOCH [58/100] Train NME: 0.03742
[Thu Apr 20 13:51:30 2023|main.py|INFO] EPOCH [58/100] Test NME: 0.04529
[Thu Apr 20 13:51:30 2023|main.py|INFO] EPOCH [58/100] Learning rate: 0.00000
[Thu Apr 20 13:51:43 2023|main.py|INFO] EPOCH [59/100] Train NME: 0.03723
[Thu Apr 20 13:51:43 2023|main.py|INFO] EPOCH [59/100] Test NME: 0.04517
[Thu Apr 20 13:51:43 2023|main.py|INFO] EPOCH [59/100] Learning rate: 0.00000
[Thu Apr 20 13:51:56 2023|main.py|INFO] EPOCH [60/100] Train NME: 0.03707
[Thu Apr 20 13:51:56 2023|main.py|INFO] EPOCH [60/100] Test NME: 0.04523
[Thu Apr 20 13:51:56 2023|main.py|INFO] EPOCH [60/100] Learning rate: 0.00000
[Thu Apr 20 13:52:08 2023|main.py|INFO] EPOCH [61/100] Train NME: 0.03726
[Thu Apr 20 13:52:09 2023|main.py|INFO] EPOCH [61/100] Test NME: 0.04598
[Thu Apr 20 13:52:09 2023|main.py|INFO] EPOCH [61/100] Learning rate: 0.00000
[Thu Apr 20 13:52:21 2023|main.py|INFO] EPOCH [62/100] Train NME: 0.03739
[Thu Apr 20 13:52:22 2023|main.py|INFO] EPOCH [62/100] Test NME: 0.04543
[Thu Apr 20 13:52:22 2023|main.py|INFO] EPOCH [62/100] Learning rate: 0.00000
[Thu Apr 20 13:52:34 2023|main.py|INFO] EPOCH [63/100] Train NME: 0.03730
[Thu Apr 20 13:52:35 2023|main.py|INFO] EPOCH [63/100] Test NME: 0.04542
[Thu Apr 20 13:52:35 2023|main.py|INFO] EPOCH [63/100] Learning rate: 0.00000
[Thu Apr 20 13:52:47 2023|main.py|INFO] EPOCH [64/100] Train NME: 0.03737
[Thu Apr 20 13:52:47 2023|main.py|INFO] EPOCH [64/100] Test NME: 0.04553
[Thu Apr 20 13:52:47 2023|main.py|INFO] EPOCH [64/100] Learning rate: 0.00000
[Thu Apr 20 13:53:00 2023|main.py|INFO] EPOCH [65/100] Train NME: 0.03707
[Thu Apr 20 13:53:01 2023|main.py|INFO] EPOCH [65/100] Test NME: 0.04585
[Thu Apr 20 13:53:01 2023|main.py|INFO] EPOCH [65/100] Learning rate: 0.00000
[Thu Apr 20 13:53:13 2023|main.py|INFO] EPOCH [66/100] Train NME: 0.03739
[Thu Apr 20 13:53:14 2023|main.py|INFO] EPOCH [66/100] Test NME: 0.04525
[Thu Apr 20 13:53:14 2023|main.py|INFO] EPOCH [66/100] Learning rate: 0.00000
[Thu Apr 20 13:53:25 2023|main.py|INFO] EPOCH [67/100] Train NME: 0.03723
[Thu Apr 20 13:53:26 2023|main.py|INFO] EPOCH [67/100] Test NME: 0.04551
[Thu Apr 20 13:53:26 2023|main.py|INFO] EPOCH [67/100] Learning rate: 0.00000
[Thu Apr 20 13:53:38 2023|main.py|INFO] EPOCH [68/100] Train NME: 0.03717
[Thu Apr 20 13:53:39 2023|main.py|INFO] EPOCH [68/100] Test NME: 0.04515
[Thu Apr 20 13:53:39 2023|main.py|INFO] EPOCH [68/100] Learning rate: 0.00000
[Thu Apr 20 13:53:51 2023|main.py|INFO] EPOCH [69/100] Train NME: 0.03732
[Thu Apr 20 13:53:52 2023|main.py|INFO] EPOCH [69/100] Test NME: 0.04552
[Thu Apr 20 13:53:52 2023|main.py|INFO] EPOCH [69/100] Learning rate: 0.00000
[Thu Apr 20 13:54:04 2023|main.py|INFO] EPOCH [70/100] Train NME: 0.03682
[Thu Apr 20 13:54:05 2023|main.py|INFO] EPOCH [70/100] Test NME: 0.04543
[Thu Apr 20 13:54:05 2023|main.py|INFO] EPOCH [70/100] Learning rate: 0.00000
[Thu Apr 20 13:54:18 2023|main.py|INFO] EPOCH [71/100] Train NME: 0.03723
[Thu Apr 20 13:54:18 2023|main.py|INFO] EPOCH [71/100] Test NME: 0.04531
[Thu Apr 20 13:54:18 2023|main.py|INFO] EPOCH [71/100] Learning rate: 0.00000
[Thu Apr 20 13:54:30 2023|main.py|INFO] EPOCH [72/100] Train NME: 0.03693
[Thu Apr 20 13:54:31 2023|main.py|INFO] EPOCH [72/100] Test NME: 0.04524
[Thu Apr 20 13:54:31 2023|main.py|INFO] EPOCH [72/100] Learning rate: 0.00000
[Thu Apr 20 13:54:43 2023|main.py|INFO] EPOCH [73/100] Train NME: 0.03744
[Thu Apr 20 13:54:43 2023|main.py|INFO] EPOCH [73/100] Test NME: 0.04518
[Thu Apr 20 13:54:43 2023|main.py|INFO] EPOCH [73/100] Learning rate: 0.00000
[Thu Apr 20 13:54:55 2023|main.py|INFO] EPOCH [74/100] Train NME: 0.03749
[Thu Apr 20 13:54:56 2023|main.py|INFO] EPOCH [74/100] Test NME: 0.04537
[Thu Apr 20 13:54:56 2023|main.py|INFO] EPOCH [74/100] Learning rate: 0.00000
[Thu Apr 20 13:55:08 2023|main.py|INFO] EPOCH [75/100] Train NME: 0.03713
[Thu Apr 20 13:55:09 2023|main.py|INFO] EPOCH [75/100] Test NME: 0.04541
[Thu Apr 20 13:55:09 2023|main.py|INFO] EPOCH [75/100] Learning rate: 0.00000
[Thu Apr 20 13:55:21 2023|main.py|INFO] EPOCH [76/100] Train NME: 0.03749
[Thu Apr 20 13:55:22 2023|main.py|INFO] EPOCH [76/100] Test NME: 0.04544
[Thu Apr 20 13:55:22 2023|main.py|INFO] EPOCH [76/100] Learning rate: 0.00000
[Thu Apr 20 13:55:34 2023|main.py|INFO] EPOCH [77/100] Train NME: 0.03700
[Thu Apr 20 13:55:35 2023|main.py|INFO] EPOCH [77/100] Test NME: 0.04528
[Thu Apr 20 13:55:35 2023|main.py|INFO] EPOCH [77/100] Learning rate: 0.00000
[Thu Apr 20 13:55:47 2023|main.py|INFO] EPOCH [78/100] Train NME: 0.03751
[Thu Apr 20 13:55:47 2023|main.py|INFO] EPOCH [78/100] Test NME: 0.04520
[Thu Apr 20 13:55:47 2023|main.py|INFO] EPOCH [78/100] Learning rate: 0.00000
[Thu Apr 20 13:56:00 2023|main.py|INFO] EPOCH [79/100] Train NME: 0.03708
[Thu Apr 20 13:56:01 2023|main.py|INFO] EPOCH [79/100] Test NME: 0.04528
[Thu Apr 20 13:56:01 2023|main.py|INFO] EPOCH [79/100] Learning rate: 0.00000
[Thu Apr 20 13:56:13 2023|main.py|INFO] EPOCH [80/100] Train NME: 0.03722
[Thu Apr 20 13:56:13 2023|main.py|INFO] EPOCH [80/100] Test NME: 0.04531
[Thu Apr 20 13:56:13 2023|main.py|INFO] EPOCH [80/100] Learning rate: 0.00000
[Thu Apr 20 13:56:26 2023|main.py|INFO] EPOCH [81/100] Train NME: 0.03679
[Thu Apr 20 13:56:27 2023|main.py|INFO] EPOCH [81/100] Test NME: 0.04527
[Thu Apr 20 13:56:27 2023|main.py|INFO] EPOCH [81/100] Learning rate: 0.00000
[Thu Apr 20 13:56:39 2023|main.py|INFO] EPOCH [82/100] Train NME: 0.03741
[Thu Apr 20 13:56:40 2023|main.py|INFO] EPOCH [82/100] Test NME: 0.04540
[Thu Apr 20 13:56:40 2023|main.py|INFO] EPOCH [82/100] Learning rate: 0.00000
[Thu Apr 20 13:56:52 2023|main.py|INFO] EPOCH [83/100] Train NME: 0.03705
[Thu Apr 20 13:56:52 2023|main.py|INFO] EPOCH [83/100] Test NME: 0.04551
[Thu Apr 20 13:56:52 2023|main.py|INFO] EPOCH [83/100] Learning rate: 0.00000
[Thu Apr 20 13:57:04 2023|main.py|INFO] EPOCH [84/100] Train NME: 0.03722
[Thu Apr 20 13:57:05 2023|main.py|INFO] EPOCH [84/100] Test NME: 0.04524
[Thu Apr 20 13:57:05 2023|main.py|INFO] EPOCH [84/100] Learning rate: 0.00000
[Thu Apr 20 13:57:17 2023|main.py|INFO] EPOCH [85/100] Train NME: 0.03727
[Thu Apr 20 13:57:18 2023|main.py|INFO] EPOCH [85/100] Test NME: 0.04522
[Thu Apr 20 13:57:18 2023|main.py|INFO] EPOCH [85/100] Learning rate: 0.00000
[Thu Apr 20 13:57:30 2023|main.py|INFO] EPOCH [86/100] Train NME: 0.03718
[Thu Apr 20 13:57:31 2023|main.py|INFO] EPOCH [86/100] Test NME: 0.04538
[Thu Apr 20 13:57:31 2023|main.py|INFO] EPOCH [86/100] Learning rate: 0.00000
[Thu Apr 20 13:57:43 2023|main.py|INFO] EPOCH [87/100] Train NME: 0.03734
[Thu Apr 20 13:57:43 2023|main.py|INFO] EPOCH [87/100] Test NME: 0.04550
[Thu Apr 20 13:57:43 2023|main.py|INFO] EPOCH [87/100] Learning rate: 0.00000
[Thu Apr 20 13:57:55 2023|main.py|INFO] EPOCH [88/100] Train NME: 0.03733
[Thu Apr 20 13:57:56 2023|main.py|INFO] EPOCH [88/100] Test NME: 0.04501
[Thu Apr 20 13:57:56 2023|main.py|INFO] EPOCH [88/100] Learning rate: 0.00000
[Thu Apr 20 13:57:56 2023|main.py|INFO] EPOCH [88/100] NME improved from 0.04502 to 0.04501
[Thu Apr 20 13:57:56 2023|main.py|INFO] EPOCH [88/100] Saving model to: checkpoints/Cas_Stage1_noAug_MSE_lr0.5_B16/2023-04-20_13-57-56_epoch_88_NME_0.04501.pth.tar
[Thu Apr 20 13:58:09 2023|main.py|INFO] EPOCH [89/100] Train NME: 0.03700
[Thu Apr 20 13:58:09 2023|main.py|INFO] EPOCH [89/100] Test NME: 0.04534
[Thu Apr 20 13:58:09 2023|main.py|INFO] EPOCH [89/100] Learning rate: 0.00000
[Thu Apr 20 13:58:21 2023|main.py|INFO] EPOCH [90/100] Train NME: 0.03693
[Thu Apr 20 13:58:22 2023|main.py|INFO] EPOCH [90/100] Test NME: 0.04542
[Thu Apr 20 13:58:22 2023|main.py|INFO] EPOCH [90/100] Learning rate: 0.00000
[Thu Apr 20 13:58:34 2023|main.py|INFO] EPOCH [91/100] Train NME: 0.03682
[Thu Apr 20 13:58:35 2023|main.py|INFO] EPOCH [91/100] Test NME: 0.04551
[Thu Apr 20 13:58:35 2023|main.py|INFO] EPOCH [91/100] Learning rate: 0.00000
[Thu Apr 20 13:58:47 2023|main.py|INFO] EPOCH [92/100] Train NME: 0.03741
[Thu Apr 20 13:58:48 2023|main.py|INFO] EPOCH [92/100] Test NME: 0.04524
[Thu Apr 20 13:58:48 2023|main.py|INFO] EPOCH [92/100] Learning rate: 0.00000
[Thu Apr 20 13:59:00 2023|main.py|INFO] EPOCH [93/100] Train NME: 0.03706
[Thu Apr 20 13:59:00 2023|main.py|INFO] EPOCH [93/100] Test NME: 0.04549
[Thu Apr 20 13:59:00 2023|main.py|INFO] EPOCH [93/100] Learning rate: 0.00000
[Thu Apr 20 13:59:13 2023|main.py|INFO] EPOCH [94/100] Train NME: 0.03729
[Thu Apr 20 13:59:13 2023|main.py|INFO] EPOCH [94/100] Test NME: 0.04509
[Thu Apr 20 13:59:13 2023|main.py|INFO] EPOCH [94/100] Learning rate: 0.00000
[Thu Apr 20 13:59:25 2023|main.py|INFO] EPOCH [95/100] Train NME: 0.03710
[Thu Apr 20 13:59:26 2023|main.py|INFO] EPOCH [95/100] Test NME: 0.04511
[Thu Apr 20 13:59:26 2023|main.py|INFO] EPOCH [95/100] Learning rate: 0.00000
[Thu Apr 20 13:59:38 2023|main.py|INFO] EPOCH [96/100] Train NME: 0.03728
[Thu Apr 20 13:59:39 2023|main.py|INFO] EPOCH [96/100] Test NME: 0.04539
[Thu Apr 20 13:59:39 2023|main.py|INFO] EPOCH [96/100] Learning rate: 0.00000
[Thu Apr 20 13:59:51 2023|main.py|INFO] EPOCH [97/100] Train NME: 0.03733
[Thu Apr 20 13:59:52 2023|main.py|INFO] EPOCH [97/100] Test NME: 0.04533
[Thu Apr 20 13:59:52 2023|main.py|INFO] EPOCH [97/100] Learning rate: 0.00000
[Thu Apr 20 14:00:04 2023|main.py|INFO] EPOCH [98/100] Train NME: 0.03746
[Thu Apr 20 14:00:04 2023|main.py|INFO] EPOCH [98/100] Test NME: 0.04510
[Thu Apr 20 14:00:04 2023|main.py|INFO] EPOCH [98/100] Learning rate: 0.00000
[Thu Apr 20 14:00:16 2023|main.py|INFO] EPOCH [99/100] Train NME: 0.03740
[Thu Apr 20 14:00:17 2023|main.py|INFO] EPOCH [99/100] Test NME: 0.04539
[Thu Apr 20 14:00:17 2023|main.py|INFO] EPOCH [99/100] Learning rate: 0.00000
[Thu Apr 20 14:00:29 2023|main.py|INFO] EPOCH [100/100] Train NME: 0.03726
[Thu Apr 20 14:00:30 2023|main.py|INFO] EPOCH [100/100] Test NME: 0.04505
[Thu Apr 20 14:00:30 2023|main.py|INFO] EPOCH [100/100] Learning rate: 0.00000
