[Sun Apr 16 05:37:27 2023|main.py|INFO] Task: raw_CNN_noAug_Wing_lr0.3_B2
[Sun Apr 16 05:37:27 2023|main.py|INFO] Using device: cuda
[Sun Apr 16 05:37:27 2023|main.py|INFO] Using config: config\raw_CNN_noAug_Wing\raw_CNN_noAug_Wing_lr0.3_B2.yaml
[Sun Apr 16 05:37:27 2023|main.py|INFO] Train path: data/training_images_full_train.npz
[Sun Apr 16 05:37:27 2023|main.py|INFO] Test path: data/training_images_full_test.npz
[Sun Apr 16 05:37:27 2023|main.py|INFO] Train augment: False
[Sun Apr 16 05:37:27 2023|main.py|INFO] Learning rate: 0.3
[Sun Apr 16 05:37:27 2023|main.py|INFO] Batch size: 2
[Sun Apr 16 05:37:27 2023|main.py|INFO] Num epochs: 100
[Sun Apr 16 05:37:27 2023|main.py|INFO] Save model: True
[Sun Apr 16 05:37:27 2023|main.py|INFO] Loss: Wing
[Sun Apr 16 05:37:27 2023|main.py|INFO] Log path: logs/raw_CNN_noAug_Wing_lr0.3_B2/2023-04-16_05-37-27.log
[Sun Apr 16 05:37:27 2023|main.py|INFO] Writer path: runs/raw_CNN_noAug_Wing_lr0.3_B2/2023-04-16_05-37-27
[Sun Apr 16 05:37:27 2023|main.py|INFO] Model name: resnet18
[Sun Apr 16 05:37:27 2023|main.py|INFO] Num outputs: 88
[Sun Apr 16 05:37:27 2023|main.py|INFO] Pretrained: True
[Sun Apr 16 05:37:27 2023|main.py|INFO] Load model: False
[Sun Apr 16 05:37:27 2023|main.py|INFO] Load path: None
[Sun Apr 16 05:37:27 2023|main.py|INFO] Loading data...
[Sun Apr 16 05:37:27 2023|main.py|INFO] Load dataset for raw_CNN_noAug_Wing_lr0.3_B2
[Sun Apr 16 05:37:30 2023|main.py|INFO] Initializing network resnet18 with 88 outputs...
[Sun Apr 16 05:37:31 2023|main.py|INFO] Network: ResNet(
  (conv1): Conv2d(3, 64, kernel_size=(7, 7), stride=(2, 2), padding=(3, 3), bias=False)
  (bn1): BatchNorm2d(64, eps=1e-05, momentum=0.1, affine=True, track_running_stats=True)
  (relu): ReLU(inplace=True)
  (maxpool): MaxPool2d(kernel_size=3, stride=2, padding=1, dilation=1, ceil_mode=False)
  (layer1): Sequential(
    (0): BasicBlock(
      (conv1): Conv2d(64, 64, kernel_size=(3, 3), stride=(1, 1), padding=(1, 1), bias=False)
      (bn1): BatchNorm2d(64, eps=1e-05, momentum=0.1, affine=True, track_running_stats=True)
      (relu): ReLU(inplace=True)
      (conv2): Conv2d(64, 64, kernel_size=(3, 3), stride=(1, 1), padding=(1, 1), bias=False)
      (bn2): BatchNorm2d(64, eps=1e-05, momentum=0.1, affine=True, track_running_stats=True)
    )
    (1): BasicBlock(
      (conv1): Conv2d(64, 64, kernel_size=(3, 3), stride=(1, 1), padding=(1, 1), bias=False)
      (bn1): BatchNorm2d(64, eps=1e-05, momentum=0.1, affine=True, track_running_stats=True)
      (relu): ReLU(inplace=True)
      (conv2): Conv2d(64, 64, kernel_size=(3, 3), stride=(1, 1), padding=(1, 1), bias=False)
      (bn2): BatchNorm2d(64, eps=1e-05, momentum=0.1, affine=True, track_running_stats=True)
    )
  )
  (layer2): Sequential(
    (0): BasicBlock(
      (conv1): Conv2d(64, 128, kernel_size=(3, 3), stride=(2, 2), padding=(1, 1), bias=False)
      (bn1): BatchNorm2d(128, eps=1e-05, momentum=0.1, affine=True, track_running_stats=True)
      (relu): ReLU(inplace=True)
      (conv2): Conv2d(128, 128, kernel_size=(3, 3), stride=(1, 1), padding=(1, 1), bias=False)
      (bn2): BatchNorm2d(128, eps=1e-05, momentum=0.1, affine=True, track_running_stats=True)
      (downsample): Sequential(
        (0): Conv2d(64, 128, kernel_size=(1, 1), stride=(2, 2), bias=False)
        (1): BatchNorm2d(128, eps=1e-05, momentum=0.1, affine=True, track_running_stats=True)
      )
    )
    (1): BasicBlock(
      (conv1): Conv2d(128, 128, kernel_size=(3, 3), stride=(1, 1), padding=(1, 1), bias=False)
      (bn1): BatchNorm2d(128, eps=1e-05, momentum=0.1, affine=True, track_running_stats=True)
      (relu): ReLU(inplace=True)
      (conv2): Conv2d(128, 128, kernel_size=(3, 3), stride=(1, 1), padding=(1, 1), bias=False)
      (bn2): BatchNorm2d(128, eps=1e-05, momentum=0.1, affine=True, track_running_stats=True)
    )
  )
  (layer3): Sequential(
    (0): BasicBlock(
      (conv1): Conv2d(128, 256, kernel_size=(3, 3), stride=(2, 2), padding=(1, 1), bias=False)
      (bn1): BatchNorm2d(256, eps=1e-05, momentum=0.1, affine=True, track_running_stats=True)
      (relu): ReLU(inplace=True)
      (conv2): Conv2d(256, 256, kernel_size=(3, 3), stride=(1, 1), padding=(1, 1), bias=False)
      (bn2): BatchNorm2d(256, eps=1e-05, momentum=0.1, affine=True, track_running_stats=True)
      (downsample): Sequential(
        (0): Conv2d(128, 256, kernel_size=(1, 1), stride=(2, 2), bias=False)
        (1): BatchNorm2d(256, eps=1e-05, momentum=0.1, affine=True, track_running_stats=True)
      )
    )
    (1): BasicBlock(
      (conv1): Conv2d(256, 256, kernel_size=(3, 3), stride=(1, 1), padding=(1, 1), bias=False)
      (bn1): BatchNorm2d(256, eps=1e-05, momentum=0.1, affine=True, track_running_stats=True)
      (relu): ReLU(inplace=True)
      (conv2): Conv2d(256, 256, kernel_size=(3, 3), stride=(1, 1), padding=(1, 1), bias=False)
      (bn2): BatchNorm2d(256, eps=1e-05, momentum=0.1, affine=True, track_running_stats=True)
    )
  )
  (layer4): Sequential(
    (0): BasicBlock(
      (conv1): Conv2d(256, 512, kernel_size=(3, 3), stride=(2, 2), padding=(1, 1), bias=False)
      (bn1): BatchNorm2d(512, eps=1e-05, momentum=0.1, affine=True, track_running_stats=True)
      (relu): ReLU(inplace=True)
      (conv2): Conv2d(512, 512, kernel_size=(3, 3), stride=(1, 1), padding=(1, 1), bias=False)
      (bn2): BatchNorm2d(512, eps=1e-05, momentum=0.1, affine=True, track_running_stats=True)
      (downsample): Sequential(
        (0): Conv2d(256, 512, kernel_size=(1, 1), stride=(2, 2), bias=False)
        (1): BatchNorm2d(512, eps=1e-05, momentum=0.1, affine=True, track_running_stats=True)
      )
    )
    (1): BasicBlock(
      (conv1): Conv2d(512, 512, kernel_size=(3, 3), stride=(1, 1), padding=(1, 1), bias=False)
      (bn1): BatchNorm2d(512, eps=1e-05, momentum=0.1, affine=True, track_running_stats=True)
      (relu): ReLU(inplace=True)
      (conv2): Conv2d(512, 512, kernel_size=(3, 3), stride=(1, 1), padding=(1, 1), bias=False)
      (bn2): BatchNorm2d(512, eps=1e-05, momentum=0.1, affine=True, track_running_stats=True)
    )
  )
  (avgpool): AdaptiveAvgPool2d(output_size=(1, 1))
  (fc): Linear(in_features=512, out_features=88, bias=True)
)
[Sun Apr 16 05:37:31 2023|main.py|INFO] Initializing loss and optimizer...
[Sun Apr 16 05:37:31 2023|main.py|INFO] Loss: Wing
[Sun Apr 16 05:37:31 2023|main.py|INFO] Optimizer: Adam
[Sun Apr 16 05:37:31 2023|main.py|INFO] Initializing tensorboard writer at: runs/raw_CNN_noAug_Wing_lr0.3_B2/2023-04-16_05-37-27
[Sun Apr 16 05:37:31 2023|main.py|INFO] Training network...
[Sun Apr 16 05:38:19 2023|main.py|INFO] EPOCH [1/100] Train NME: 0.24882
[Sun Apr 16 05:38:23 2023|main.py|INFO] EPOCH [1/100] Test NME: 0.27825
[Sun Apr 16 05:38:23 2023|main.py|INFO] EPOCH [1/100] Learning rate: 0.30000
[Sun Apr 16 05:38:23 2023|main.py|INFO] EPOCH [1/100] NME improved from 1000.00000 to 0.27825
[Sun Apr 16 05:38:23 2023|main.py|INFO] EPOCH [1/100] Saving model to: checkpoints/raw_CNN_noAug_Wing_lr0.3_B2/2023-04-16_05-38-23_epoch_1_NME_0.27825.pth.tar
[Sun Apr 16 05:38:59 2023|main.py|INFO] EPOCH [2/100] Train NME: 0.17851
[Sun Apr 16 05:39:03 2023|main.py|INFO] EPOCH [2/100] Test NME: 0.15340
[Sun Apr 16 05:39:03 2023|main.py|INFO] EPOCH [2/100] Learning rate: 0.24000
[Sun Apr 16 05:39:03 2023|main.py|INFO] EPOCH [2/100] NME improved from 0.27825 to 0.15340
[Sun Apr 16 05:39:03 2023|main.py|INFO] EPOCH [2/100] Saving model to: checkpoints/raw_CNN_noAug_Wing_lr0.3_B2/2023-04-16_05-39-03_epoch_2_NME_0.15340.pth.tar
[Sun Apr 16 05:39:40 2023|main.py|INFO] EPOCH [3/100] Train NME: 0.16135
[Sun Apr 16 05:39:43 2023|main.py|INFO] EPOCH [3/100] Test NME: 0.14260
[Sun Apr 16 05:39:43 2023|main.py|INFO] EPOCH [3/100] Learning rate: 0.19200
[Sun Apr 16 05:39:43 2023|main.py|INFO] EPOCH [3/100] NME improved from 0.15340 to 0.14260
[Sun Apr 16 05:39:43 2023|main.py|INFO] EPOCH [3/100] Saving model to: checkpoints/raw_CNN_noAug_Wing_lr0.3_B2/2023-04-16_05-39-43_epoch_3_NME_0.14260.pth.tar
[Sun Apr 16 05:40:19 2023|main.py|INFO] EPOCH [4/100] Train NME: 0.15377
[Sun Apr 16 05:40:23 2023|main.py|INFO] EPOCH [4/100] Test NME: 0.14650
[Sun Apr 16 05:40:23 2023|main.py|INFO] EPOCH [4/100] Learning rate: 0.15360
[Sun Apr 16 05:40:59 2023|main.py|INFO] EPOCH [5/100] Train NME: 0.15119
[Sun Apr 16 05:41:02 2023|main.py|INFO] EPOCH [5/100] Test NME: 0.14081
[Sun Apr 16 05:41:02 2023|main.py|INFO] EPOCH [5/100] Learning rate: 0.12288
[Sun Apr 16 05:41:02 2023|main.py|INFO] EPOCH [5/100] NME improved from 0.14260 to 0.14081
[Sun Apr 16 05:41:02 2023|main.py|INFO] EPOCH [5/100] Saving model to: checkpoints/raw_CNN_noAug_Wing_lr0.3_B2/2023-04-16_05-41-02_epoch_5_NME_0.14081.pth.tar
[Sun Apr 16 05:41:38 2023|main.py|INFO] EPOCH [6/100] Train NME: 0.14532
[Sun Apr 16 05:41:42 2023|main.py|INFO] EPOCH [6/100] Test NME: 0.14108
[Sun Apr 16 05:41:42 2023|main.py|INFO] EPOCH [6/100] Learning rate: 0.09830
[Sun Apr 16 05:42:18 2023|main.py|INFO] EPOCH [7/100] Train NME: 0.14309
[Sun Apr 16 05:42:21 2023|main.py|INFO] EPOCH [7/100] Test NME: 0.14210
[Sun Apr 16 05:42:21 2023|main.py|INFO] EPOCH [7/100] Learning rate: 0.07864
[Sun Apr 16 05:42:57 2023|main.py|INFO] EPOCH [8/100] Train NME: 0.14108
[Sun Apr 16 05:43:01 2023|main.py|INFO] EPOCH [8/100] Test NME: 0.14437
[Sun Apr 16 05:43:01 2023|main.py|INFO] EPOCH [8/100] Learning rate: 0.06291
[Sun Apr 16 05:43:37 2023|main.py|INFO] EPOCH [9/100] Train NME: 0.13957
[Sun Apr 16 05:43:41 2023|main.py|INFO] EPOCH [9/100] Test NME: 0.13650
[Sun Apr 16 05:43:41 2023|main.py|INFO] EPOCH [9/100] Learning rate: 0.05033
[Sun Apr 16 05:43:41 2023|main.py|INFO] EPOCH [9/100] NME improved from 0.14081 to 0.13650
[Sun Apr 16 05:43:41 2023|main.py|INFO] EPOCH [9/100] Saving model to: checkpoints/raw_CNN_noAug_Wing_lr0.3_B2/2023-04-16_05-43-41_epoch_9_NME_0.13650.pth.tar
[Sun Apr 16 05:44:16 2023|main.py|INFO] EPOCH [10/100] Train NME: 0.13818
[Sun Apr 16 05:44:20 2023|main.py|INFO] EPOCH [10/100] Test NME: 0.14047
[Sun Apr 16 05:44:20 2023|main.py|INFO] EPOCH [10/100] Learning rate: 0.04027
[Sun Apr 16 05:44:56 2023|main.py|INFO] EPOCH [11/100] Train NME: 0.13750
[Sun Apr 16 05:45:00 2023|main.py|INFO] EPOCH [11/100] Test NME: 0.13233
[Sun Apr 16 05:45:00 2023|main.py|INFO] EPOCH [11/100] Learning rate: 0.03221
[Sun Apr 16 05:45:00 2023|main.py|INFO] EPOCH [11/100] NME improved from 0.13650 to 0.13233
[Sun Apr 16 05:45:00 2023|main.py|INFO] EPOCH [11/100] Saving model to: checkpoints/raw_CNN_noAug_Wing_lr0.3_B2/2023-04-16_05-45-00_epoch_11_NME_0.13233.pth.tar
[Sun Apr 16 05:45:36 2023|main.py|INFO] EPOCH [12/100] Train NME: 0.13476
[Sun Apr 16 05:45:40 2023|main.py|INFO] EPOCH [12/100] Test NME: 0.12950
[Sun Apr 16 05:45:40 2023|main.py|INFO] EPOCH [12/100] Learning rate: 0.02577
[Sun Apr 16 05:45:40 2023|main.py|INFO] EPOCH [12/100] NME improved from 0.13233 to 0.12950
[Sun Apr 16 05:45:40 2023|main.py|INFO] EPOCH [12/100] Saving model to: checkpoints/raw_CNN_noAug_Wing_lr0.3_B2/2023-04-16_05-45-40_epoch_12_NME_0.12950.pth.tar
[Sun Apr 16 05:46:16 2023|main.py|INFO] EPOCH [13/100] Train NME: 0.13212
[Sun Apr 16 05:46:20 2023|main.py|INFO] EPOCH [13/100] Test NME: 0.12947
[Sun Apr 16 05:46:20 2023|main.py|INFO] EPOCH [13/100] Learning rate: 0.02062
[Sun Apr 16 05:46:20 2023|main.py|INFO] EPOCH [13/100] NME improved from 0.12950 to 0.12947
[Sun Apr 16 05:46:20 2023|main.py|INFO] EPOCH [13/100] Saving model to: checkpoints/raw_CNN_noAug_Wing_lr0.3_B2/2023-04-16_05-46-20_epoch_13_NME_0.12947.pth.tar
[Sun Apr 16 05:46:56 2023|main.py|INFO] EPOCH [14/100] Train NME: 0.13038
[Sun Apr 16 05:47:00 2023|main.py|INFO] EPOCH [14/100] Test NME: 0.12789
[Sun Apr 16 05:47:00 2023|main.py|INFO] EPOCH [14/100] Learning rate: 0.01649
[Sun Apr 16 05:47:00 2023|main.py|INFO] EPOCH [14/100] NME improved from 0.12947 to 0.12789
[Sun Apr 16 05:47:00 2023|main.py|INFO] EPOCH [14/100] Saving model to: checkpoints/raw_CNN_noAug_Wing_lr0.3_B2/2023-04-16_05-47-00_epoch_14_NME_0.12789.pth.tar
[Sun Apr 16 05:47:36 2023|main.py|INFO] EPOCH [15/100] Train NME: 0.12889
[Sun Apr 16 05:47:40 2023|main.py|INFO] EPOCH [15/100] Test NME: 0.12635
[Sun Apr 16 05:47:40 2023|main.py|INFO] EPOCH [15/100] Learning rate: 0.01319
[Sun Apr 16 05:47:40 2023|main.py|INFO] EPOCH [15/100] NME improved from 0.12789 to 0.12635
[Sun Apr 16 05:47:40 2023|main.py|INFO] EPOCH [15/100] Saving model to: checkpoints/raw_CNN_noAug_Wing_lr0.3_B2/2023-04-16_05-47-40_epoch_15_NME_0.12635.pth.tar
[Sun Apr 16 05:48:16 2023|main.py|INFO] EPOCH [16/100] Train NME: 0.12714
[Sun Apr 16 05:48:20 2023|main.py|INFO] EPOCH [16/100] Test NME: 0.12567
[Sun Apr 16 05:48:20 2023|main.py|INFO] EPOCH [16/100] Learning rate: 0.01056
[Sun Apr 16 05:48:20 2023|main.py|INFO] EPOCH [16/100] NME improved from 0.12635 to 0.12567
[Sun Apr 16 05:48:20 2023|main.py|INFO] EPOCH [16/100] Saving model to: checkpoints/raw_CNN_noAug_Wing_lr0.3_B2/2023-04-16_05-48-20_epoch_16_NME_0.12567.pth.tar
[Sun Apr 16 05:48:56 2023|main.py|INFO] EPOCH [17/100] Train NME: 0.12603
[Sun Apr 16 05:49:00 2023|main.py|INFO] EPOCH [17/100] Test NME: 0.12527
[Sun Apr 16 05:49:00 2023|main.py|INFO] EPOCH [17/100] Learning rate: 0.00844
[Sun Apr 16 05:49:00 2023|main.py|INFO] EPOCH [17/100] NME improved from 0.12567 to 0.12527
[Sun Apr 16 05:49:00 2023|main.py|INFO] EPOCH [17/100] Saving model to: checkpoints/raw_CNN_noAug_Wing_lr0.3_B2/2023-04-16_05-49-00_epoch_17_NME_0.12527.pth.tar
[Sun Apr 16 05:49:35 2023|main.py|INFO] EPOCH [18/100] Train NME: 0.12528
[Sun Apr 16 05:49:39 2023|main.py|INFO] EPOCH [18/100] Test NME: 0.12463
[Sun Apr 16 05:49:39 2023|main.py|INFO] EPOCH [18/100] Learning rate: 0.00676
[Sun Apr 16 05:49:39 2023|main.py|INFO] EPOCH [18/100] NME improved from 0.12527 to 0.12463
[Sun Apr 16 05:49:39 2023|main.py|INFO] EPOCH [18/100] Saving model to: checkpoints/raw_CNN_noAug_Wing_lr0.3_B2/2023-04-16_05-49-39_epoch_18_NME_0.12463.pth.tar
[Sun Apr 16 05:50:15 2023|main.py|INFO] EPOCH [19/100] Train NME: 0.12443
[Sun Apr 16 05:50:19 2023|main.py|INFO] EPOCH [19/100] Test NME: 0.12546
[Sun Apr 16 05:50:19 2023|main.py|INFO] EPOCH [19/100] Learning rate: 0.00540
[Sun Apr 16 05:50:55 2023|main.py|INFO] EPOCH [20/100] Train NME: 0.12378
[Sun Apr 16 05:50:59 2023|main.py|INFO] EPOCH [20/100] Test NME: 0.12568
[Sun Apr 16 05:50:59 2023|main.py|INFO] EPOCH [20/100] Learning rate: 0.00432
[Sun Apr 16 05:51:34 2023|main.py|INFO] EPOCH [21/100] Train NME: 0.12309
[Sun Apr 16 05:51:38 2023|main.py|INFO] EPOCH [21/100] Test NME: 0.12352
[Sun Apr 16 05:51:38 2023|main.py|INFO] EPOCH [21/100] Learning rate: 0.00346
[Sun Apr 16 05:51:38 2023|main.py|INFO] EPOCH [21/100] NME improved from 0.12463 to 0.12352
[Sun Apr 16 05:51:38 2023|main.py|INFO] EPOCH [21/100] Saving model to: checkpoints/raw_CNN_noAug_Wing_lr0.3_B2/2023-04-16_05-51-38_epoch_21_NME_0.12352.pth.tar
[Sun Apr 16 05:52:15 2023|main.py|INFO] EPOCH [22/100] Train NME: 0.12265
[Sun Apr 16 05:52:19 2023|main.py|INFO] EPOCH [22/100] Test NME: 0.12427
[Sun Apr 16 05:52:19 2023|main.py|INFO] EPOCH [22/100] Learning rate: 0.00277
[Sun Apr 16 05:52:50 2023|main.py|INFO] EPOCH [23/100] Train NME: 0.12237
[Sun Apr 16 05:52:53 2023|main.py|INFO] EPOCH [23/100] Test NME: 0.12359
[Sun Apr 16 05:52:53 2023|main.py|INFO] EPOCH [23/100] Learning rate: 0.00221
[Sun Apr 16 05:53:18 2023|main.py|INFO] EPOCH [24/100] Train NME: 0.12184
[Sun Apr 16 05:53:20 2023|main.py|INFO] EPOCH [24/100] Test NME: 0.12392
[Sun Apr 16 05:53:20 2023|main.py|INFO] EPOCH [24/100] Learning rate: 0.00177
[Sun Apr 16 05:53:47 2023|main.py|INFO] EPOCH [25/100] Train NME: 0.12145
[Sun Apr 16 05:53:50 2023|main.py|INFO] EPOCH [25/100] Test NME: 0.12352
[Sun Apr 16 05:53:50 2023|main.py|INFO] EPOCH [25/100] Learning rate: 0.00142
[Sun Apr 16 05:54:14 2023|main.py|INFO] EPOCH [26/100] Train NME: 0.12118
[Sun Apr 16 05:54:17 2023|main.py|INFO] EPOCH [26/100] Test NME: 0.12287
[Sun Apr 16 05:54:17 2023|main.py|INFO] EPOCH [26/100] Learning rate: 0.00113
[Sun Apr 16 05:54:17 2023|main.py|INFO] EPOCH [26/100] NME improved from 0.12352 to 0.12287
[Sun Apr 16 05:54:17 2023|main.py|INFO] EPOCH [26/100] Saving model to: checkpoints/raw_CNN_noAug_Wing_lr0.3_B2/2023-04-16_05-54-17_epoch_26_NME_0.12287.pth.tar
[Sun Apr 16 05:54:42 2023|main.py|INFO] EPOCH [27/100] Train NME: 0.12092
[Sun Apr 16 05:54:46 2023|main.py|INFO] EPOCH [27/100] Test NME: 0.12364
[Sun Apr 16 05:54:46 2023|main.py|INFO] EPOCH [27/100] Learning rate: 0.00091
[Sun Apr 16 05:55:22 2023|main.py|INFO] EPOCH [28/100] Train NME: 0.12088
[Sun Apr 16 05:55:26 2023|main.py|INFO] EPOCH [28/100] Test NME: 0.12368
[Sun Apr 16 05:55:26 2023|main.py|INFO] EPOCH [28/100] Learning rate: 0.00073
[Sun Apr 16 05:56:02 2023|main.py|INFO] EPOCH [29/100] Train NME: 0.12036
[Sun Apr 16 05:56:06 2023|main.py|INFO] EPOCH [29/100] Test NME: 0.12336
[Sun Apr 16 05:56:06 2023|main.py|INFO] EPOCH [29/100] Learning rate: 0.00058
[Sun Apr 16 05:56:41 2023|main.py|INFO] EPOCH [30/100] Train NME: 0.12050
[Sun Apr 16 05:56:45 2023|main.py|INFO] EPOCH [30/100] Test NME: 0.12236
[Sun Apr 16 05:56:45 2023|main.py|INFO] EPOCH [30/100] Learning rate: 0.00046
[Sun Apr 16 05:56:45 2023|main.py|INFO] EPOCH [30/100] NME improved from 0.12287 to 0.12236
[Sun Apr 16 05:56:45 2023|main.py|INFO] EPOCH [30/100] Saving model to: checkpoints/raw_CNN_noAug_Wing_lr0.3_B2/2023-04-16_05-56-45_epoch_30_NME_0.12236.pth.tar
[Sun Apr 16 05:57:21 2023|main.py|INFO] EPOCH [31/100] Train NME: 0.12002
[Sun Apr 16 05:57:25 2023|main.py|INFO] EPOCH [31/100] Test NME: 0.12267
[Sun Apr 16 05:57:25 2023|main.py|INFO] EPOCH [31/100] Learning rate: 0.00037
[Sun Apr 16 05:58:01 2023|main.py|INFO] EPOCH [32/100] Train NME: 0.11983
[Sun Apr 16 05:58:05 2023|main.py|INFO] EPOCH [32/100] Test NME: 0.12245
[Sun Apr 16 05:58:05 2023|main.py|INFO] EPOCH [32/100] Learning rate: 0.00030
[Sun Apr 16 05:58:40 2023|main.py|INFO] EPOCH [33/100] Train NME: 0.11989
[Sun Apr 16 05:58:44 2023|main.py|INFO] EPOCH [33/100] Test NME: 0.12258
[Sun Apr 16 05:58:44 2023|main.py|INFO] EPOCH [33/100] Learning rate: 0.00024
[Sun Apr 16 05:59:18 2023|main.py|INFO] EPOCH [34/100] Train NME: 0.11964
[Sun Apr 16 05:59:22 2023|main.py|INFO] EPOCH [34/100] Test NME: 0.12313
[Sun Apr 16 05:59:22 2023|main.py|INFO] EPOCH [34/100] Learning rate: 0.00019
[Sun Apr 16 05:59:58 2023|main.py|INFO] EPOCH [35/100] Train NME: 0.11963
[Sun Apr 16 06:00:02 2023|main.py|INFO] EPOCH [35/100] Test NME: 0.12290
[Sun Apr 16 06:00:02 2023|main.py|INFO] EPOCH [35/100] Learning rate: 0.00015
[Sun Apr 16 06:00:37 2023|main.py|INFO] EPOCH [36/100] Train NME: 0.11951
[Sun Apr 16 06:00:41 2023|main.py|INFO] EPOCH [36/100] Test NME: 0.12214
[Sun Apr 16 06:00:41 2023|main.py|INFO] EPOCH [36/100] Learning rate: 0.00012
[Sun Apr 16 06:00:41 2023|main.py|INFO] EPOCH [36/100] NME improved from 0.12236 to 0.12214
[Sun Apr 16 06:00:41 2023|main.py|INFO] EPOCH [36/100] Saving model to: checkpoints/raw_CNN_noAug_Wing_lr0.3_B2/2023-04-16_06-00-41_epoch_36_NME_0.12214.pth.tar
[Sun Apr 16 06:01:18 2023|main.py|INFO] EPOCH [37/100] Train NME: 0.11959
[Sun Apr 16 06:01:22 2023|main.py|INFO] EPOCH [37/100] Test NME: 0.12254
[Sun Apr 16 06:01:22 2023|main.py|INFO] EPOCH [37/100] Learning rate: 0.00010
[Sun Apr 16 06:01:58 2023|main.py|INFO] EPOCH [38/100] Train NME: 0.11977
[Sun Apr 16 06:02:01 2023|main.py|INFO] EPOCH [38/100] Test NME: 0.12260
[Sun Apr 16 06:02:01 2023|main.py|INFO] EPOCH [38/100] Learning rate: 0.00008
[Sun Apr 16 06:02:27 2023|main.py|INFO] EPOCH [39/100] Train NME: 0.11948
[Sun Apr 16 06:02:30 2023|main.py|INFO] EPOCH [39/100] Test NME: 0.12204
[Sun Apr 16 06:02:30 2023|main.py|INFO] EPOCH [39/100] Learning rate: 0.00006
[Sun Apr 16 06:02:30 2023|main.py|INFO] EPOCH [39/100] NME improved from 0.12214 to 0.12204
[Sun Apr 16 06:02:30 2023|main.py|INFO] EPOCH [39/100] Saving model to: checkpoints/raw_CNN_noAug_Wing_lr0.3_B2/2023-04-16_06-02-30_epoch_39_NME_0.12204.pth.tar
[Sun Apr 16 06:03:03 2023|main.py|INFO] EPOCH [40/100] Train NME: 0.11973
[Sun Apr 16 06:03:07 2023|main.py|INFO] EPOCH [40/100] Test NME: 0.12271
[Sun Apr 16 06:03:07 2023|main.py|INFO] EPOCH [40/100] Learning rate: 0.00005
[Sun Apr 16 06:03:43 2023|main.py|INFO] EPOCH [41/100] Train NME: 0.11939
[Sun Apr 16 06:03:47 2023|main.py|INFO] EPOCH [41/100] Test NME: 0.12223
[Sun Apr 16 06:03:47 2023|main.py|INFO] EPOCH [41/100] Learning rate: 0.00004
[Sun Apr 16 06:04:22 2023|main.py|INFO] EPOCH [42/100] Train NME: 0.11963
[Sun Apr 16 06:04:26 2023|main.py|INFO] EPOCH [42/100] Test NME: 0.12240
[Sun Apr 16 06:04:26 2023|main.py|INFO] EPOCH [42/100] Learning rate: 0.00003
[Sun Apr 16 06:05:02 2023|main.py|INFO] EPOCH [43/100] Train NME: 0.11953
[Sun Apr 16 06:05:07 2023|main.py|INFO] EPOCH [43/100] Test NME: 0.12236
[Sun Apr 16 06:05:07 2023|main.py|INFO] EPOCH [43/100] Learning rate: 0.00003
[Sun Apr 16 06:05:49 2023|main.py|INFO] EPOCH [44/100] Train NME: 0.11930
[Sun Apr 16 06:05:53 2023|main.py|INFO] EPOCH [44/100] Test NME: 0.12291
[Sun Apr 16 06:05:53 2023|main.py|INFO] EPOCH [44/100] Learning rate: 0.00002
[Sun Apr 16 06:06:26 2023|main.py|INFO] EPOCH [45/100] Train NME: 0.11959
[Sun Apr 16 06:06:29 2023|main.py|INFO] EPOCH [45/100] Test NME: 0.12235
[Sun Apr 16 06:06:29 2023|main.py|INFO] EPOCH [45/100] Learning rate: 0.00002
[Sun Apr 16 06:07:00 2023|main.py|INFO] EPOCH [46/100] Train NME: 0.11930
[Sun Apr 16 06:07:04 2023|main.py|INFO] EPOCH [46/100] Test NME: 0.12200
[Sun Apr 16 06:07:04 2023|main.py|INFO] EPOCH [46/100] Learning rate: 0.00001
[Sun Apr 16 06:07:04 2023|main.py|INFO] EPOCH [46/100] NME improved from 0.12204 to 0.12200
[Sun Apr 16 06:07:04 2023|main.py|INFO] EPOCH [46/100] Saving model to: checkpoints/raw_CNN_noAug_Wing_lr0.3_B2/2023-04-16_06-07-04_epoch_46_NME_0.12200.pth.tar
[Sun Apr 16 06:07:34 2023|main.py|INFO] EPOCH [47/100] Train NME: 0.11942
[Sun Apr 16 06:07:37 2023|main.py|INFO] EPOCH [47/100] Test NME: 0.12261
[Sun Apr 16 06:07:37 2023|main.py|INFO] EPOCH [47/100] Learning rate: 0.00001
[Sun Apr 16 06:08:08 2023|main.py|INFO] EPOCH [48/100] Train NME: 0.11968
[Sun Apr 16 06:08:12 2023|main.py|INFO] EPOCH [48/100] Test NME: 0.12240
[Sun Apr 16 06:08:12 2023|main.py|INFO] EPOCH [48/100] Learning rate: 0.00001
[Sun Apr 16 06:08:42 2023|main.py|INFO] EPOCH [49/100] Train NME: 0.11939
[Sun Apr 16 06:08:45 2023|main.py|INFO] EPOCH [49/100] Test NME: 0.12200
[Sun Apr 16 06:08:45 2023|main.py|INFO] EPOCH [49/100] Learning rate: 0.00001
[Sun Apr 16 06:08:45 2023|main.py|INFO] EPOCH [49/100] NME improved from 0.12200 to 0.12200
[Sun Apr 16 06:08:45 2023|main.py|INFO] EPOCH [49/100] Saving model to: checkpoints/raw_CNN_noAug_Wing_lr0.3_B2/2023-04-16_06-08-45_epoch_49_NME_0.12200.pth.tar
[Sun Apr 16 06:09:17 2023|main.py|INFO] EPOCH [50/100] Train NME: 0.11952
[Sun Apr 16 06:09:20 2023|main.py|INFO] EPOCH [50/100] Test NME: 0.12232
[Sun Apr 16 06:09:20 2023|main.py|INFO] EPOCH [50/100] Learning rate: 0.00001
[Sun Apr 16 06:09:51 2023|main.py|INFO] EPOCH [51/100] Train NME: 0.11937
[Sun Apr 16 06:09:54 2023|main.py|INFO] EPOCH [51/100] Test NME: 0.12265
[Sun Apr 16 06:09:54 2023|main.py|INFO] EPOCH [51/100] Learning rate: 0.00000
[Sun Apr 16 06:10:25 2023|main.py|INFO] EPOCH [52/100] Train NME: 0.11945
[Sun Apr 16 06:10:29 2023|main.py|INFO] EPOCH [52/100] Test NME: 0.12266
[Sun Apr 16 06:10:29 2023|main.py|INFO] EPOCH [52/100] Learning rate: 0.00000
[Sun Apr 16 06:10:59 2023|main.py|INFO] EPOCH [53/100] Train NME: 0.11920
[Sun Apr 16 06:11:03 2023|main.py|INFO] EPOCH [53/100] Test NME: 0.12246
[Sun Apr 16 06:11:03 2023|main.py|INFO] EPOCH [53/100] Learning rate: 0.00000
[Sun Apr 16 06:11:34 2023|main.py|INFO] EPOCH [54/100] Train NME: 0.11937
[Sun Apr 16 06:11:37 2023|main.py|INFO] EPOCH [54/100] Test NME: 0.12243
[Sun Apr 16 06:11:37 2023|main.py|INFO] EPOCH [54/100] Learning rate: 0.00000
[Sun Apr 16 06:12:08 2023|main.py|INFO] EPOCH [55/100] Train NME: 0.11952
[Sun Apr 16 06:12:11 2023|main.py|INFO] EPOCH [55/100] Test NME: 0.12252
[Sun Apr 16 06:12:11 2023|main.py|INFO] EPOCH [55/100] Learning rate: 0.00000
[Sun Apr 16 06:12:42 2023|main.py|INFO] EPOCH [56/100] Train NME: 0.11954
[Sun Apr 16 06:12:45 2023|main.py|INFO] EPOCH [56/100] Test NME: 0.12230
[Sun Apr 16 06:12:45 2023|main.py|INFO] EPOCH [56/100] Learning rate: 0.00000
[Sun Apr 16 06:13:16 2023|main.py|INFO] EPOCH [57/100] Train NME: 0.11942
[Sun Apr 16 06:13:20 2023|main.py|INFO] EPOCH [57/100] Test NME: 0.12247
[Sun Apr 16 06:13:20 2023|main.py|INFO] EPOCH [57/100] Learning rate: 0.00000
[Sun Apr 16 06:13:50 2023|main.py|INFO] EPOCH [58/100] Train NME: 0.11950
[Sun Apr 16 06:13:54 2023|main.py|INFO] EPOCH [58/100] Test NME: 0.12252
[Sun Apr 16 06:13:54 2023|main.py|INFO] EPOCH [58/100] Learning rate: 0.00000
[Sun Apr 16 06:14:24 2023|main.py|INFO] EPOCH [59/100] Train NME: 0.11942
[Sun Apr 16 06:14:28 2023|main.py|INFO] EPOCH [59/100] Test NME: 0.12265
[Sun Apr 16 06:14:28 2023|main.py|INFO] EPOCH [59/100] Learning rate: 0.00000
[Sun Apr 16 06:14:58 2023|main.py|INFO] EPOCH [60/100] Train NME: 0.11963
[Sun Apr 16 06:15:02 2023|main.py|INFO] EPOCH [60/100] Test NME: 0.12236
[Sun Apr 16 06:15:02 2023|main.py|INFO] EPOCH [60/100] Learning rate: 0.00000
[Sun Apr 16 06:15:33 2023|main.py|INFO] EPOCH [61/100] Train NME: 0.11942
[Sun Apr 16 06:15:36 2023|main.py|INFO] EPOCH [61/100] Test NME: 0.12244
[Sun Apr 16 06:15:36 2023|main.py|INFO] EPOCH [61/100] Learning rate: 0.00000
[Sun Apr 16 06:16:07 2023|main.py|INFO] EPOCH [62/100] Train NME: 0.11946
[Sun Apr 16 06:16:11 2023|main.py|INFO] EPOCH [62/100] Test NME: 0.12276
[Sun Apr 16 06:16:11 2023|main.py|INFO] EPOCH [62/100] Learning rate: 0.00000
[Sun Apr 16 06:16:41 2023|main.py|INFO] EPOCH [63/100] Train NME: 0.11983
[Sun Apr 16 06:16:44 2023|main.py|INFO] EPOCH [63/100] Test NME: 0.12220
[Sun Apr 16 06:16:44 2023|main.py|INFO] EPOCH [63/100] Learning rate: 0.00000
[Sun Apr 16 06:17:15 2023|main.py|INFO] EPOCH [64/100] Train NME: 0.11975
[Sun Apr 16 06:17:19 2023|main.py|INFO] EPOCH [64/100] Test NME: 0.12269
[Sun Apr 16 06:17:19 2023|main.py|INFO] EPOCH [64/100] Learning rate: 0.00000
[Sun Apr 16 06:17:50 2023|main.py|INFO] EPOCH [65/100] Train NME: 0.11939
[Sun Apr 16 06:17:53 2023|main.py|INFO] EPOCH [65/100] Test NME: 0.12225
[Sun Apr 16 06:17:53 2023|main.py|INFO] EPOCH [65/100] Learning rate: 0.00000
[Sun Apr 16 06:18:25 2023|main.py|INFO] EPOCH [66/100] Train NME: 0.11925
[Sun Apr 16 06:18:28 2023|main.py|INFO] EPOCH [66/100] Test NME: 0.12314
[Sun Apr 16 06:18:28 2023|main.py|INFO] EPOCH [66/100] Learning rate: 0.00000
[Sun Apr 16 06:18:59 2023|main.py|INFO] EPOCH [67/100] Train NME: 0.11932
[Sun Apr 16 06:19:03 2023|main.py|INFO] EPOCH [67/100] Test NME: 0.12257
[Sun Apr 16 06:19:03 2023|main.py|INFO] EPOCH [67/100] Learning rate: 0.00000
[Sun Apr 16 06:19:34 2023|main.py|INFO] EPOCH [68/100] Train NME: 0.11951
[Sun Apr 16 06:19:37 2023|main.py|INFO] EPOCH [68/100] Test NME: 0.12239
[Sun Apr 16 06:19:37 2023|main.py|INFO] EPOCH [68/100] Learning rate: 0.00000
[Sun Apr 16 06:20:08 2023|main.py|INFO] EPOCH [69/100] Train NME: 0.11927
[Sun Apr 16 06:20:11 2023|main.py|INFO] EPOCH [69/100] Test NME: 0.12256
[Sun Apr 16 06:20:11 2023|main.py|INFO] EPOCH [69/100] Learning rate: 0.00000
[Sun Apr 16 06:20:42 2023|main.py|INFO] EPOCH [70/100] Train NME: 0.11954
[Sun Apr 16 06:20:45 2023|main.py|INFO] EPOCH [70/100] Test NME: 0.12248
[Sun Apr 16 06:20:45 2023|main.py|INFO] EPOCH [70/100] Learning rate: 0.00000
[Sun Apr 16 06:21:17 2023|main.py|INFO] EPOCH [71/100] Train NME: 0.11986
[Sun Apr 16 06:21:20 2023|main.py|INFO] EPOCH [71/100] Test NME: 0.12229
[Sun Apr 16 06:21:20 2023|main.py|INFO] EPOCH [71/100] Learning rate: 0.00000
[Sun Apr 16 06:21:51 2023|main.py|INFO] EPOCH [72/100] Train NME: 0.11912
[Sun Apr 16 06:21:54 2023|main.py|INFO] EPOCH [72/100] Test NME: 0.12227
[Sun Apr 16 06:21:54 2023|main.py|INFO] EPOCH [72/100] Learning rate: 0.00000
[Sun Apr 16 06:22:25 2023|main.py|INFO] EPOCH [73/100] Train NME: 0.11957
[Sun Apr 16 06:22:28 2023|main.py|INFO] EPOCH [73/100] Test NME: 0.12230
[Sun Apr 16 06:22:28 2023|main.py|INFO] EPOCH [73/100] Learning rate: 0.00000
[Sun Apr 16 06:22:59 2023|main.py|INFO] EPOCH [74/100] Train NME: 0.11953
[Sun Apr 16 06:23:03 2023|main.py|INFO] EPOCH [74/100] Test NME: 0.12246
[Sun Apr 16 06:23:03 2023|main.py|INFO] EPOCH [74/100] Learning rate: 0.00000
[Sun Apr 16 06:23:33 2023|main.py|INFO] EPOCH [75/100] Train NME: 0.11920
[Sun Apr 16 06:23:37 2023|main.py|INFO] EPOCH [75/100] Test NME: 0.12262
[Sun Apr 16 06:23:37 2023|main.py|INFO] EPOCH [75/100] Learning rate: 0.00000
[Sun Apr 16 06:24:08 2023|main.py|INFO] EPOCH [76/100] Train NME: 0.11948
[Sun Apr 16 06:24:11 2023|main.py|INFO] EPOCH [76/100] Test NME: 0.12215
[Sun Apr 16 06:24:11 2023|main.py|INFO] EPOCH [76/100] Learning rate: 0.00000
[Sun Apr 16 06:24:42 2023|main.py|INFO] EPOCH [77/100] Train NME: 0.11941
[Sun Apr 16 06:24:45 2023|main.py|INFO] EPOCH [77/100] Test NME: 0.12221
[Sun Apr 16 06:24:45 2023|main.py|INFO] EPOCH [77/100] Learning rate: 0.00000
[Sun Apr 16 06:25:16 2023|main.py|INFO] EPOCH [78/100] Train NME: 0.11924
[Sun Apr 16 06:25:19 2023|main.py|INFO] EPOCH [78/100] Test NME: 0.12257
[Sun Apr 16 06:25:19 2023|main.py|INFO] EPOCH [78/100] Learning rate: 0.00000
[Sun Apr 16 06:25:51 2023|main.py|INFO] EPOCH [79/100] Train NME: 0.11934
[Sun Apr 16 06:25:55 2023|main.py|INFO] EPOCH [79/100] Test NME: 0.12242
[Sun Apr 16 06:25:55 2023|main.py|INFO] EPOCH [79/100] Learning rate: 0.00000
[Sun Apr 16 06:26:25 2023|main.py|INFO] EPOCH [80/100] Train NME: 0.11961
[Sun Apr 16 06:26:29 2023|main.py|INFO] EPOCH [80/100] Test NME: 0.12285
[Sun Apr 16 06:26:29 2023|main.py|INFO] EPOCH [80/100] Learning rate: 0.00000
[Sun Apr 16 06:27:00 2023|main.py|INFO] EPOCH [81/100] Train NME: 0.11941
[Sun Apr 16 06:27:03 2023|main.py|INFO] EPOCH [81/100] Test NME: 0.12261
[Sun Apr 16 06:27:03 2023|main.py|INFO] EPOCH [81/100] Learning rate: 0.00000
[Sun Apr 16 06:27:34 2023|main.py|INFO] EPOCH [82/100] Train NME: 0.11948
[Sun Apr 16 06:27:37 2023|main.py|INFO] EPOCH [82/100] Test NME: 0.12237
[Sun Apr 16 06:27:37 2023|main.py|INFO] EPOCH [82/100] Learning rate: 0.00000
[Sun Apr 16 06:28:08 2023|main.py|INFO] EPOCH [83/100] Train NME: 0.11948
[Sun Apr 16 06:28:11 2023|main.py|INFO] EPOCH [83/100] Test NME: 0.12238
[Sun Apr 16 06:28:11 2023|main.py|INFO] EPOCH [83/100] Learning rate: 0.00000
[Sun Apr 16 06:28:42 2023|main.py|INFO] EPOCH [84/100] Train NME: 0.11976
[Sun Apr 16 06:28:46 2023|main.py|INFO] EPOCH [84/100] Test NME: 0.12243
[Sun Apr 16 06:28:46 2023|main.py|INFO] EPOCH [84/100] Learning rate: 0.00000
[Sun Apr 16 06:29:17 2023|main.py|INFO] EPOCH [85/100] Train NME: 0.11965
[Sun Apr 16 06:29:20 2023|main.py|INFO] EPOCH [85/100] Test NME: 0.12208
[Sun Apr 16 06:29:20 2023|main.py|INFO] EPOCH [85/100] Learning rate: 0.00000
[Sun Apr 16 06:29:51 2023|main.py|INFO] EPOCH [86/100] Train NME: 0.11937
[Sun Apr 16 06:29:54 2023|main.py|INFO] EPOCH [86/100] Test NME: 0.12288
[Sun Apr 16 06:29:54 2023|main.py|INFO] EPOCH [86/100] Learning rate: 0.00000
[Sun Apr 16 06:30:26 2023|main.py|INFO] EPOCH [87/100] Train NME: 0.11940
[Sun Apr 16 06:30:30 2023|main.py|INFO] EPOCH [87/100] Test NME: 0.12188
[Sun Apr 16 06:30:30 2023|main.py|INFO] EPOCH [87/100] Learning rate: 0.00000
[Sun Apr 16 06:30:30 2023|main.py|INFO] EPOCH [87/100] NME improved from 0.12200 to 0.12188
[Sun Apr 16 06:30:30 2023|main.py|INFO] EPOCH [87/100] Saving model to: checkpoints/raw_CNN_noAug_Wing_lr0.3_B2/2023-04-16_06-30-30_epoch_87_NME_0.12188.pth.tar
[Sun Apr 16 06:31:01 2023|main.py|INFO] EPOCH [88/100] Train NME: 0.11952
[Sun Apr 16 06:31:04 2023|main.py|INFO] EPOCH [88/100] Test NME: 0.12248
[Sun Apr 16 06:31:04 2023|main.py|INFO] EPOCH [88/100] Learning rate: 0.00000
[Sun Apr 16 06:31:35 2023|main.py|INFO] EPOCH [89/100] Train NME: 0.11945
[Sun Apr 16 06:31:38 2023|main.py|INFO] EPOCH [89/100] Test NME: 0.12178
[Sun Apr 16 06:31:38 2023|main.py|INFO] EPOCH [89/100] Learning rate: 0.00000
[Sun Apr 16 06:31:38 2023|main.py|INFO] EPOCH [89/100] NME improved from 0.12188 to 0.12178
[Sun Apr 16 06:31:38 2023|main.py|INFO] EPOCH [89/100] Saving model to: checkpoints/raw_CNN_noAug_Wing_lr0.3_B2/2023-04-16_06-31-38_epoch_89_NME_0.12178.pth.tar
[Sun Apr 16 06:32:09 2023|main.py|INFO] EPOCH [90/100] Train NME: 0.11951
[Sun Apr 16 06:32:13 2023|main.py|INFO] EPOCH [90/100] Test NME: 0.12260
[Sun Apr 16 06:32:13 2023|main.py|INFO] EPOCH [90/100] Learning rate: 0.00000
[Sun Apr 16 06:32:41 2023|main.py|INFO] EPOCH [91/100] Train NME: 0.11938
[Sun Apr 16 06:32:43 2023|main.py|INFO] EPOCH [91/100] Test NME: 0.12237
[Sun Apr 16 06:32:43 2023|main.py|INFO] EPOCH [91/100] Learning rate: 0.00000
[Sun Apr 16 06:33:05 2023|main.py|INFO] EPOCH [92/100] Train NME: 0.11936
[Sun Apr 16 06:33:08 2023|main.py|INFO] EPOCH [92/100] Test NME: 0.12229
[Sun Apr 16 06:33:08 2023|main.py|INFO] EPOCH [92/100] Learning rate: 0.00000
[Sun Apr 16 06:33:30 2023|main.py|INFO] EPOCH [93/100] Train NME: 0.11912
[Sun Apr 16 06:33:32 2023|main.py|INFO] EPOCH [93/100] Test NME: 0.12250
[Sun Apr 16 06:33:32 2023|main.py|INFO] EPOCH [93/100] Learning rate: 0.00000
[Sun Apr 16 06:33:54 2023|main.py|INFO] EPOCH [94/100] Train NME: 0.11951
[Sun Apr 16 06:33:56 2023|main.py|INFO] EPOCH [94/100] Test NME: 0.12281
[Sun Apr 16 06:33:56 2023|main.py|INFO] EPOCH [94/100] Learning rate: 0.00000
[Sun Apr 16 06:34:19 2023|main.py|INFO] EPOCH [95/100] Train NME: 0.11946
[Sun Apr 16 06:34:21 2023|main.py|INFO] EPOCH [95/100] Test NME: 0.12271
[Sun Apr 16 06:34:21 2023|main.py|INFO] EPOCH [95/100] Learning rate: 0.00000
[Sun Apr 16 06:34:43 2023|main.py|INFO] EPOCH [96/100] Train NME: 0.11945
[Sun Apr 16 06:34:45 2023|main.py|INFO] EPOCH [96/100] Test NME: 0.12208
[Sun Apr 16 06:34:45 2023|main.py|INFO] EPOCH [96/100] Learning rate: 0.00000
[Sun Apr 16 06:35:07 2023|main.py|INFO] EPOCH [97/100] Train NME: 0.11977
[Sun Apr 16 06:35:09 2023|main.py|INFO] EPOCH [97/100] Test NME: 0.12252
[Sun Apr 16 06:35:09 2023|main.py|INFO] EPOCH [97/100] Learning rate: 0.00000
[Sun Apr 16 06:35:31 2023|main.py|INFO] EPOCH [98/100] Train NME: 0.11942
[Sun Apr 16 06:35:34 2023|main.py|INFO] EPOCH [98/100] Test NME: 0.12264
[Sun Apr 16 06:35:34 2023|main.py|INFO] EPOCH [98/100] Learning rate: 0.00000
[Sun Apr 16 06:35:56 2023|main.py|INFO] EPOCH [99/100] Train NME: 0.11918
[Sun Apr 16 06:35:59 2023|main.py|INFO] EPOCH [99/100] Test NME: 0.12246
[Sun Apr 16 06:35:59 2023|main.py|INFO] EPOCH [99/100] Learning rate: 0.00000
[Sun Apr 16 06:36:21 2023|main.py|INFO] EPOCH [100/100] Train NME: 0.11924
[Sun Apr 16 06:36:23 2023|main.py|INFO] EPOCH [100/100] Test NME: 0.12178
[Sun Apr 16 06:36:23 2023|main.py|INFO] EPOCH [100/100] Learning rate: 0.00000
