[Thu Apr 06 20:33:14 2023|main.py|INFO] Task: raw_CNN_noAug_MSE
[Thu Apr 06 20:33:14 2023|main.py|INFO] Using device: cpu
[Thu Apr 06 20:33:14 2023|main.py|INFO] Using config: config/raw_CNN_noAug_MSE.yaml
[Thu Apr 06 20:33:14 2023|main.py|INFO] Data path: None
[Thu Apr 06 20:33:14 2023|main.py|INFO] Train path: data/training_images_full_train.npz
[Thu Apr 06 20:33:14 2023|main.py|INFO] Test path: data/training_images_full_test.npz
[Thu Apr 06 20:33:14 2023|main.py|INFO] Train augment: False
[Thu Apr 06 20:33:14 2023|main.py|INFO] Train partial: False
[Thu Apr 06 20:33:14 2023|main.py|INFO] Learning rate: 0.5
[Thu Apr 06 20:33:14 2023|main.py|INFO] Batch size: 16
[Thu Apr 06 20:33:14 2023|main.py|INFO] Num epochs: 100
[Thu Apr 06 20:33:14 2023|main.py|INFO] Save model: True
[Thu Apr 06 20:33:14 2023|main.py|INFO] Loss: MSE
[Thu Apr 06 20:33:14 2023|main.py|INFO] Log path: logs/raw_CNN_noAug_MSE/2023-04-06_20-33-14.log
[Thu Apr 06 20:33:14 2023|main.py|INFO] Writer path: runs/raw_CNN_noAug_MSE/2023-04-06_20-33-14
[Thu Apr 06 20:33:14 2023|main.py|INFO] Num outputs: 88
[Thu Apr 06 20:33:14 2023|main.py|INFO] Pretrained: True
[Thu Apr 06 20:33:14 2023|main.py|INFO] Load model: False
[Thu Apr 06 20:33:14 2023|main.py|INFO] Load path: None
[Thu Apr 06 20:33:14 2023|main.py|INFO] Loading data...
[Thu Apr 06 20:33:15 2023|main.py|INFO] Initializing network...
[Thu Apr 06 20:33:16 2023|main.py|INFO] Network: ResNet(
  (conv1): Conv2d(3, 64, kernel_size=(7, 7), stride=(2, 2), padding=(3, 3), bias=False)
  (bn1): BatchNorm2d(64, eps=1e-05, momentum=0.1, affine=True, track_running_stats=True)
  (relu): ReLU(inplace=True)
  (maxpool): MaxPool2d(kernel_size=3, stride=2, padding=1, dilation=1, ceil_mode=False)
  (layer1): Sequential(
    (0): BasicBlock(
      (conv1): Conv2d(64, 64, kernel_size=(3, 3), stride=(1, 1), padding=(1, 1), bias=False)
      (bn1): BatchNorm2d(64, eps=1e-05, momentum=0.1, affine=True, track_running_stats=True)
      (relu): ReLU(inplace=True)
      (conv2): Conv2d(64, 64, kernel_size=(3, 3), stride=(1, 1), padding=(1, 1), bias=False)
      (bn2): BatchNorm2d(64, eps=1e-05, momentum=0.1, affine=True, track_running_stats=True)
    )
    (1): BasicBlock(
      (conv1): Conv2d(64, 64, kernel_size=(3, 3), stride=(1, 1), padding=(1, 1), bias=False)
      (bn1): BatchNorm2d(64, eps=1e-05, momentum=0.1, affine=True, track_running_stats=True)
      (relu): ReLU(inplace=True)
      (conv2): Conv2d(64, 64, kernel_size=(3, 3), stride=(1, 1), padding=(1, 1), bias=False)
      (bn2): BatchNorm2d(64, eps=1e-05, momentum=0.1, affine=True, track_running_stats=True)
    )
  )
  (layer2): Sequential(
    (0): BasicBlock(
      (conv1): Conv2d(64, 128, kernel_size=(3, 3), stride=(2, 2), padding=(1, 1), bias=False)
      (bn1): BatchNorm2d(128, eps=1e-05, momentum=0.1, affine=True, track_running_stats=True)
      (relu): ReLU(inplace=True)
      (conv2): Conv2d(128, 128, kernel_size=(3, 3), stride=(1, 1), padding=(1, 1), bias=False)
      (bn2): BatchNorm2d(128, eps=1e-05, momentum=0.1, affine=True, track_running_stats=True)
      (downsample): Sequential(
        (0): Conv2d(64, 128, kernel_size=(1, 1), stride=(2, 2), bias=False)
        (1): BatchNorm2d(128, eps=1e-05, momentum=0.1, affine=True, track_running_stats=True)
      )
    )
    (1): BasicBlock(
      (conv1): Conv2d(128, 128, kernel_size=(3, 3), stride=(1, 1), padding=(1, 1), bias=False)
      (bn1): BatchNorm2d(128, eps=1e-05, momentum=0.1, affine=True, track_running_stats=True)
      (relu): ReLU(inplace=True)
      (conv2): Conv2d(128, 128, kernel_size=(3, 3), stride=(1, 1), padding=(1, 1), bias=False)
      (bn2): BatchNorm2d(128, eps=1e-05, momentum=0.1, affine=True, track_running_stats=True)
    )
  )
  (layer3): Sequential(
    (0): BasicBlock(
      (conv1): Conv2d(128, 256, kernel_size=(3, 3), stride=(2, 2), padding=(1, 1), bias=False)
      (bn1): BatchNorm2d(256, eps=1e-05, momentum=0.1, affine=True, track_running_stats=True)
      (relu): ReLU(inplace=True)
      (conv2): Conv2d(256, 256, kernel_size=(3, 3), stride=(1, 1), padding=(1, 1), bias=False)
      (bn2): BatchNorm2d(256, eps=1e-05, momentum=0.1, affine=True, track_running_stats=True)
      (downsample): Sequential(
        (0): Conv2d(128, 256, kernel_size=(1, 1), stride=(2, 2), bias=False)
        (1): BatchNorm2d(256, eps=1e-05, momentum=0.1, affine=True, track_running_stats=True)
      )
    )
    (1): BasicBlock(
      (conv1): Conv2d(256, 256, kernel_size=(3, 3), stride=(1, 1), padding=(1, 1), bias=False)
      (bn1): BatchNorm2d(256, eps=1e-05, momentum=0.1, affine=True, track_running_stats=True)
      (relu): ReLU(inplace=True)
      (conv2): Conv2d(256, 256, kernel_size=(3, 3), stride=(1, 1), padding=(1, 1), bias=False)
      (bn2): BatchNorm2d(256, eps=1e-05, momentum=0.1, affine=True, track_running_stats=True)
    )
  )
  (layer4): Sequential(
    (0): BasicBlock(
      (conv1): Conv2d(256, 512, kernel_size=(3, 3), stride=(2, 2), padding=(1, 1), bias=False)
      (bn1): BatchNorm2d(512, eps=1e-05, momentum=0.1, affine=True, track_running_stats=True)
      (relu): ReLU(inplace=True)
      (conv2): Conv2d(512, 512, kernel_size=(3, 3), stride=(1, 1), padding=(1, 1), bias=False)
      (bn2): BatchNorm2d(512, eps=1e-05, momentum=0.1, affine=True, track_running_stats=True)
      (downsample): Sequential(
        (0): Conv2d(256, 512, kernel_size=(1, 1), stride=(2, 2), bias=False)
        (1): BatchNorm2d(512, eps=1e-05, momentum=0.1, affine=True, track_running_stats=True)
      )
    )
    (1): BasicBlock(
      (conv1): Conv2d(512, 512, kernel_size=(3, 3), stride=(1, 1), padding=(1, 1), bias=False)
      (bn1): BatchNorm2d(512, eps=1e-05, momentum=0.1, affine=True, track_running_stats=True)
      (relu): ReLU(inplace=True)
      (conv2): Conv2d(512, 512, kernel_size=(3, 3), stride=(1, 1), padding=(1, 1), bias=False)
      (bn2): BatchNorm2d(512, eps=1e-05, momentum=0.1, affine=True, track_running_stats=True)
    )
  )
  (avgpool): AdaptiveAvgPool2d(output_size=(1, 1))
  (fc): Linear(in_features=512, out_features=88, bias=True)
)
[Thu Apr 06 20:33:16 2023|main.py|INFO] Initializing loss and optimizer...
[Thu Apr 06 20:33:16 2023|main.py|INFO] Loss: MSE
[Thu Apr 06 20:33:16 2023|main.py|INFO] Optimizer: Adam
[Thu Apr 06 20:33:16 2023|main.py|INFO] Initializing tensorboard writer at: runs/raw_CNN_noAug_MSE/2023-04-06_20-33-14
[Thu Apr 06 20:33:16 2023|main.py|INFO] Training network...
[Thu Apr 06 20:34:57 2023|main.py|INFO] EPOCH [1/100] Train NME: 5.39471
[Thu Apr 06 20:35:06 2023|main.py|INFO] EPOCH [1/100] Test NME: 2.22236
[Thu Apr 06 20:35:06 2023|main.py|INFO] EPOCH [1/100] Learning rate: 0.50000
[Thu Apr 06 20:35:06 2023|main.py|INFO] EPOCH [1/100] NME improved from 1000.00000 to 2.22236
[Thu Apr 06 20:35:06 2023|main.py|INFO] EPOCH [1/100] Saving model to: checkpoints/raw_CNN_noAug_MSE/2023-04-06_20-35-06_epoch_1_NME_2.22236.pth.tar
[Thu Apr 06 20:36:49 2023|main.py|INFO] EPOCH [2/100] Train NME: 2.29190
[Thu Apr 06 20:36:58 2023|main.py|INFO] EPOCH [2/100] Test NME: 2.35760
[Thu Apr 06 20:36:58 2023|main.py|INFO] EPOCH [2/100] Learning rate: 0.40000
[Thu Apr 06 20:38:40 2023|main.py|INFO] EPOCH [3/100] Train NME: 2.26453
[Thu Apr 06 20:38:49 2023|main.py|INFO] EPOCH [3/100] Test NME: 2.16430
[Thu Apr 06 20:38:49 2023|main.py|INFO] EPOCH [3/100] Learning rate: 0.32000
[Thu Apr 06 20:38:49 2023|main.py|INFO] EPOCH [3/100] NME improved from 2.22236 to 2.16430
[Thu Apr 06 20:38:49 2023|main.py|INFO] EPOCH [3/100] Saving model to: checkpoints/raw_CNN_noAug_MSE/2023-04-06_20-38-49_epoch_3_NME_2.16430.pth.tar
[Thu Apr 06 20:40:37 2023|main.py|INFO] EPOCH [4/100] Train NME: 2.18723
[Thu Apr 06 20:40:49 2023|main.py|INFO] EPOCH [4/100] Test NME: 2.16464
[Thu Apr 06 20:40:49 2023|main.py|INFO] EPOCH [4/100] Learning rate: 0.25600
[Thu Apr 06 20:44:47 2023|main.py|INFO] EPOCH [5/100] Train NME: 2.13538
[Thu Apr 06 20:45:10 2023|main.py|INFO] EPOCH [5/100] Test NME: 2.14114
[Thu Apr 06 20:45:10 2023|main.py|INFO] EPOCH [5/100] Learning rate: 0.20480
[Thu Apr 06 20:45:10 2023|main.py|INFO] EPOCH [5/100] NME improved from 2.16430 to 2.14114
[Thu Apr 06 20:45:10 2023|main.py|INFO] EPOCH [5/100] Saving model to: checkpoints/raw_CNN_noAug_MSE/2023-04-06_20-45-10_epoch_5_NME_2.14114.pth.tar
[Thu Apr 06 20:49:37 2023|main.py|INFO] EPOCH [6/100] Train NME: 2.14726
[Thu Apr 06 20:50:00 2023|main.py|INFO] EPOCH [6/100] Test NME: 2.01463
[Thu Apr 06 20:50:00 2023|main.py|INFO] EPOCH [6/100] Learning rate: 0.16384
[Thu Apr 06 20:50:00 2023|main.py|INFO] EPOCH [6/100] NME improved from 2.14114 to 2.01463
[Thu Apr 06 20:50:00 2023|main.py|INFO] EPOCH [6/100] Saving model to: checkpoints/raw_CNN_noAug_MSE/2023-04-06_20-50-00_epoch_6_NME_2.01463.pth.tar
[Thu Apr 06 20:53:30 2023|main.py|INFO] EPOCH [7/100] Train NME: 2.08522
[Thu Apr 06 20:53:41 2023|main.py|INFO] EPOCH [7/100] Test NME: 1.97454
[Thu Apr 06 20:53:41 2023|main.py|INFO] EPOCH [7/100] Learning rate: 0.13107
[Thu Apr 06 20:53:41 2023|main.py|INFO] EPOCH [7/100] NME improved from 2.01463 to 1.97454
[Thu Apr 06 20:53:41 2023|main.py|INFO] EPOCH [7/100] Saving model to: checkpoints/raw_CNN_noAug_MSE/2023-04-06_20-53-41_epoch_7_NME_1.97454.pth.tar
[Thu Apr 06 20:57:09 2023|main.py|INFO] EPOCH [8/100] Train NME: 2.04049
[Thu Apr 06 20:57:28 2023|main.py|INFO] EPOCH [8/100] Test NME: 1.92406
[Thu Apr 06 20:57:28 2023|main.py|INFO] EPOCH [8/100] Learning rate: 0.10486
[Thu Apr 06 20:57:28 2023|main.py|INFO] EPOCH [8/100] NME improved from 1.97454 to 1.92406
[Thu Apr 06 20:57:28 2023|main.py|INFO] EPOCH [8/100] Saving model to: checkpoints/raw_CNN_noAug_MSE/2023-04-06_20-57-28_epoch_8_NME_1.92406.pth.tar
[Thu Apr 06 21:01:02 2023|main.py|INFO] EPOCH [9/100] Train NME: 1.97357
[Thu Apr 06 21:01:19 2023|main.py|INFO] EPOCH [9/100] Test NME: 1.97952
[Thu Apr 06 21:01:19 2023|main.py|INFO] EPOCH [9/100] Learning rate: 0.08389
[Thu Apr 06 21:03:53 2023|main.py|INFO] EPOCH [10/100] Train NME: 1.91764
[Thu Apr 06 21:04:05 2023|main.py|INFO] EPOCH [10/100] Test NME: 1.90685
[Thu Apr 06 21:04:05 2023|main.py|INFO] EPOCH [10/100] Learning rate: 0.06711
[Thu Apr 06 21:04:05 2023|main.py|INFO] EPOCH [10/100] NME improved from 1.92406 to 1.90685
[Thu Apr 06 21:04:05 2023|main.py|INFO] EPOCH [10/100] Saving model to: checkpoints/raw_CNN_noAug_MSE/2023-04-06_21-04-05_epoch_10_NME_1.90685.pth.tar
[Thu Apr 06 21:07:31 2023|main.py|INFO] EPOCH [11/100] Train NME: 1.87255
[Thu Apr 06 21:07:42 2023|main.py|INFO] EPOCH [11/100] Test NME: 1.83210
[Thu Apr 06 21:07:42 2023|main.py|INFO] EPOCH [11/100] Learning rate: 0.05369
[Thu Apr 06 21:07:42 2023|main.py|INFO] EPOCH [11/100] NME improved from 1.90685 to 1.83210
[Thu Apr 06 21:07:42 2023|main.py|INFO] EPOCH [11/100] Saving model to: checkpoints/raw_CNN_noAug_MSE/2023-04-06_21-07-42_epoch_11_NME_1.83210.pth.tar
[Thu Apr 06 21:10:22 2023|main.py|INFO] EPOCH [12/100] Train NME: 1.78553
[Thu Apr 06 21:10:35 2023|main.py|INFO] EPOCH [12/100] Test NME: 1.75883
[Thu Apr 06 21:10:35 2023|main.py|INFO] EPOCH [12/100] Learning rate: 0.04295
[Thu Apr 06 21:10:35 2023|main.py|INFO] EPOCH [12/100] NME improved from 1.83210 to 1.75883
[Thu Apr 06 21:10:35 2023|main.py|INFO] EPOCH [12/100] Saving model to: checkpoints/raw_CNN_noAug_MSE/2023-04-06_21-10-35_epoch_12_NME_1.75883.pth.tar
[Thu Apr 06 21:12:56 2023|main.py|INFO] EPOCH [13/100] Train NME: 1.70191
[Thu Apr 06 21:13:07 2023|main.py|INFO] EPOCH [13/100] Test NME: 1.75742
[Thu Apr 06 21:13:07 2023|main.py|INFO] EPOCH [13/100] Learning rate: 0.03436
[Thu Apr 06 21:13:07 2023|main.py|INFO] EPOCH [13/100] NME improved from 1.75883 to 1.75742
[Thu Apr 06 21:13:07 2023|main.py|INFO] EPOCH [13/100] Saving model to: checkpoints/raw_CNN_noAug_MSE/2023-04-06_21-13-07_epoch_13_NME_1.75742.pth.tar
[Thu Apr 06 21:15:22 2023|main.py|INFO] EPOCH [14/100] Train NME: 1.62275
[Thu Apr 06 21:15:34 2023|main.py|INFO] EPOCH [14/100] Test NME: 1.61619
[Thu Apr 06 21:15:34 2023|main.py|INFO] EPOCH [14/100] Learning rate: 0.02749
[Thu Apr 06 21:15:34 2023|main.py|INFO] EPOCH [14/100] NME improved from 1.75742 to 1.61619
[Thu Apr 06 21:15:34 2023|main.py|INFO] EPOCH [14/100] Saving model to: checkpoints/raw_CNN_noAug_MSE/2023-04-06_21-15-34_epoch_14_NME_1.61619.pth.tar
[Thu Apr 06 21:18:23 2023|main.py|INFO] EPOCH [15/100] Train NME: 1.58341
[Thu Apr 06 21:18:46 2023|main.py|INFO] EPOCH [15/100] Test NME: 1.57754
[Thu Apr 06 21:18:46 2023|main.py|INFO] EPOCH [15/100] Learning rate: 0.02199
[Thu Apr 06 21:18:46 2023|main.py|INFO] EPOCH [15/100] NME improved from 1.61619 to 1.57754
[Thu Apr 06 21:18:46 2023|main.py|INFO] EPOCH [15/100] Saving model to: checkpoints/raw_CNN_noAug_MSE/2023-04-06_21-18-46_epoch_15_NME_1.57754.pth.tar
[Thu Apr 06 21:22:04 2023|main.py|INFO] EPOCH [16/100] Train NME: 1.52997
[Thu Apr 06 21:22:17 2023|main.py|INFO] EPOCH [16/100] Test NME: 1.56679
[Thu Apr 06 21:22:17 2023|main.py|INFO] EPOCH [16/100] Learning rate: 0.01759
[Thu Apr 06 21:22:17 2023|main.py|INFO] EPOCH [16/100] NME improved from 1.57754 to 1.56679
[Thu Apr 06 21:22:17 2023|main.py|INFO] EPOCH [16/100] Saving model to: checkpoints/raw_CNN_noAug_MSE/2023-04-06_21-22-17_epoch_16_NME_1.56679.pth.tar
[Thu Apr 06 21:25:09 2023|main.py|INFO] EPOCH [17/100] Train NME: 1.48047
[Thu Apr 06 21:25:22 2023|main.py|INFO] EPOCH [17/100] Test NME: 1.51887
[Thu Apr 06 21:25:22 2023|main.py|INFO] EPOCH [17/100] Learning rate: 0.01407
[Thu Apr 06 21:25:22 2023|main.py|INFO] EPOCH [17/100] NME improved from 1.56679 to 1.51887
[Thu Apr 06 21:25:22 2023|main.py|INFO] EPOCH [17/100] Saving model to: checkpoints/raw_CNN_noAug_MSE/2023-04-06_21-25-22_epoch_17_NME_1.51887.pth.tar
[Thu Apr 06 21:27:54 2023|main.py|INFO] EPOCH [18/100] Train NME: 1.44292
[Thu Apr 06 21:28:07 2023|main.py|INFO] EPOCH [18/100] Test NME: 1.49398
[Thu Apr 06 21:28:07 2023|main.py|INFO] EPOCH [18/100] Learning rate: 0.01126
[Thu Apr 06 21:28:07 2023|main.py|INFO] EPOCH [18/100] NME improved from 1.51887 to 1.49398
[Thu Apr 06 21:28:07 2023|main.py|INFO] EPOCH [18/100] Saving model to: checkpoints/raw_CNN_noAug_MSE/2023-04-06_21-28-07_epoch_18_NME_1.49398.pth.tar
[Thu Apr 06 21:31:27 2023|main.py|INFO] EPOCH [19/100] Train NME: 1.42786
[Thu Apr 06 21:31:42 2023|main.py|INFO] EPOCH [19/100] Test NME: 1.47650
[Thu Apr 06 21:31:42 2023|main.py|INFO] EPOCH [19/100] Learning rate: 0.00901
[Thu Apr 06 21:31:42 2023|main.py|INFO] EPOCH [19/100] NME improved from 1.49398 to 1.47650
[Thu Apr 06 21:31:42 2023|main.py|INFO] EPOCH [19/100] Saving model to: checkpoints/raw_CNN_noAug_MSE/2023-04-06_21-31-42_epoch_19_NME_1.47650.pth.tar
[Thu Apr 06 21:35:36 2023|main.py|INFO] EPOCH [20/100] Train NME: 1.41033
[Thu Apr 06 21:36:00 2023|main.py|INFO] EPOCH [20/100] Test NME: 1.47688
[Thu Apr 06 21:36:00 2023|main.py|INFO] EPOCH [20/100] Learning rate: 0.00721
[Thu Apr 06 21:39:40 2023|main.py|INFO] EPOCH [21/100] Train NME: 1.40400
[Thu Apr 06 21:40:03 2023|main.py|INFO] EPOCH [21/100] Test NME: 1.46624
[Thu Apr 06 21:40:03 2023|main.py|INFO] EPOCH [21/100] Learning rate: 0.00576
[Thu Apr 06 21:40:03 2023|main.py|INFO] EPOCH [21/100] NME improved from 1.47650 to 1.46624
[Thu Apr 06 21:40:03 2023|main.py|INFO] EPOCH [21/100] Saving model to: checkpoints/raw_CNN_noAug_MSE/2023-04-06_21-40-03_epoch_21_NME_1.46624.pth.tar
[Thu Apr 06 21:42:50 2023|main.py|INFO] EPOCH [22/100] Train NME: 1.37628
[Thu Apr 06 21:43:07 2023|main.py|INFO] EPOCH [22/100] Test NME: 1.46168
[Thu Apr 06 21:43:07 2023|main.py|INFO] EPOCH [22/100] Learning rate: 0.00461
[Thu Apr 06 21:43:07 2023|main.py|INFO] EPOCH [22/100] NME improved from 1.46624 to 1.46168
[Thu Apr 06 21:43:07 2023|main.py|INFO] EPOCH [22/100] Saving model to: checkpoints/raw_CNN_noAug_MSE/2023-04-06_21-43-07_epoch_22_NME_1.46168.pth.tar
[Thu Apr 06 21:45:54 2023|main.py|INFO] EPOCH [23/100] Train NME: 1.37536
[Thu Apr 06 21:46:05 2023|main.py|INFO] EPOCH [23/100] Test NME: 1.44356
[Thu Apr 06 21:46:05 2023|main.py|INFO] EPOCH [23/100] Learning rate: 0.00369
[Thu Apr 06 21:46:05 2023|main.py|INFO] EPOCH [23/100] NME improved from 1.46168 to 1.44356
[Thu Apr 06 21:46:05 2023|main.py|INFO] EPOCH [23/100] Saving model to: checkpoints/raw_CNN_noAug_MSE/2023-04-06_21-46-05_epoch_23_NME_1.44356.pth.tar
[Thu Apr 06 21:48:49 2023|main.py|INFO] EPOCH [24/100] Train NME: 1.36582
[Thu Apr 06 21:48:56 2023|main.py|INFO] EPOCH [24/100] Test NME: 1.43831
[Thu Apr 06 21:48:56 2023|main.py|INFO] EPOCH [24/100] Learning rate: 0.00295
[Thu Apr 06 21:48:56 2023|main.py|INFO] EPOCH [24/100] NME improved from 1.44356 to 1.43831
[Thu Apr 06 21:48:56 2023|main.py|INFO] EPOCH [24/100] Saving model to: checkpoints/raw_CNN_noAug_MSE/2023-04-06_21-48-56_epoch_24_NME_1.43831.pth.tar
[Thu Apr 06 21:50:49 2023|main.py|INFO] EPOCH [25/100] Train NME: 1.35149
[Thu Apr 06 21:50:59 2023|main.py|INFO] EPOCH [25/100] Test NME: 1.44130
[Thu Apr 06 21:50:59 2023|main.py|INFO] EPOCH [25/100] Learning rate: 0.00236
[Thu Apr 06 21:52:56 2023|main.py|INFO] EPOCH [26/100] Train NME: 1.35852
[Thu Apr 06 21:53:07 2023|main.py|INFO] EPOCH [26/100] Test NME: 1.43663
[Thu Apr 06 21:53:07 2023|main.py|INFO] EPOCH [26/100] Learning rate: 0.00189
[Thu Apr 06 21:53:07 2023|main.py|INFO] EPOCH [26/100] NME improved from 1.43831 to 1.43663
[Thu Apr 06 21:53:07 2023|main.py|INFO] EPOCH [26/100] Saving model to: checkpoints/raw_CNN_noAug_MSE/2023-04-06_21-53-07_epoch_26_NME_1.43663.pth.tar
[Thu Apr 06 21:55:07 2023|main.py|INFO] EPOCH [27/100] Train NME: 1.34921
[Thu Apr 06 21:55:16 2023|main.py|INFO] EPOCH [27/100] Test NME: 1.43446
[Thu Apr 06 21:55:16 2023|main.py|INFO] EPOCH [27/100] Learning rate: 0.00151
[Thu Apr 06 21:55:16 2023|main.py|INFO] EPOCH [27/100] NME improved from 1.43663 to 1.43446
[Thu Apr 06 21:55:16 2023|main.py|INFO] EPOCH [27/100] Saving model to: checkpoints/raw_CNN_noAug_MSE/2023-04-06_21-55-16_epoch_27_NME_1.43446.pth.tar
[Thu Apr 06 21:57:13 2023|main.py|INFO] EPOCH [28/100] Train NME: 1.33300
[Thu Apr 06 21:57:23 2023|main.py|INFO] EPOCH [28/100] Test NME: 1.42822
[Thu Apr 06 21:57:23 2023|main.py|INFO] EPOCH [28/100] Learning rate: 0.00121
[Thu Apr 06 21:57:23 2023|main.py|INFO] EPOCH [28/100] NME improved from 1.43446 to 1.42822
[Thu Apr 06 21:57:23 2023|main.py|INFO] EPOCH [28/100] Saving model to: checkpoints/raw_CNN_noAug_MSE/2023-04-06_21-57-23_epoch_28_NME_1.42822.pth.tar
[Thu Apr 06 21:59:21 2023|main.py|INFO] EPOCH [29/100] Train NME: 1.34281
[Thu Apr 06 21:59:31 2023|main.py|INFO] EPOCH [29/100] Test NME: 1.44378
[Thu Apr 06 21:59:31 2023|main.py|INFO] EPOCH [29/100] Learning rate: 0.00097
[Thu Apr 06 22:01:31 2023|main.py|INFO] EPOCH [30/100] Train NME: 1.32704
[Thu Apr 06 22:01:40 2023|main.py|INFO] EPOCH [30/100] Test NME: 1.43482
[Thu Apr 06 22:01:40 2023|main.py|INFO] EPOCH [30/100] Learning rate: 0.00077
[Thu Apr 06 22:03:39 2023|main.py|INFO] EPOCH [31/100] Train NME: 1.35418
[Thu Apr 06 22:03:49 2023|main.py|INFO] EPOCH [31/100] Test NME: 1.42924
[Thu Apr 06 22:03:49 2023|main.py|INFO] EPOCH [31/100] Learning rate: 0.00062
[Thu Apr 06 22:05:40 2023|main.py|INFO] EPOCH [32/100] Train NME: 1.34950
[Thu Apr 06 22:05:50 2023|main.py|INFO] EPOCH [32/100] Test NME: 1.42937
[Thu Apr 06 22:05:50 2023|main.py|INFO] EPOCH [32/100] Learning rate: 0.00050
[Thu Apr 06 22:07:57 2023|main.py|INFO] EPOCH [33/100] Train NME: 1.33850
[Thu Apr 06 22:08:07 2023|main.py|INFO] EPOCH [33/100] Test NME: 1.43156
[Thu Apr 06 22:08:07 2023|main.py|INFO] EPOCH [33/100] Learning rate: 0.00040
[Thu Apr 06 22:09:59 2023|main.py|INFO] EPOCH [34/100] Train NME: 1.32163
[Thu Apr 06 22:10:10 2023|main.py|INFO] EPOCH [34/100] Test NME: 1.42822
[Thu Apr 06 22:10:10 2023|main.py|INFO] EPOCH [34/100] Learning rate: 0.00032
[Thu Apr 06 22:10:10 2023|main.py|INFO] EPOCH [34/100] NME improved from 1.42822 to 1.42822
[Thu Apr 06 22:10:10 2023|main.py|INFO] EPOCH [34/100] Saving model to: checkpoints/raw_CNN_noAug_MSE/2023-04-06_22-10-10_epoch_34_NME_1.42822.pth.tar
[Thu Apr 06 22:12:12 2023|main.py|INFO] EPOCH [35/100] Train NME: 1.34070
[Thu Apr 06 22:12:22 2023|main.py|INFO] EPOCH [35/100] Test NME: 1.43138
[Thu Apr 06 22:12:22 2023|main.py|INFO] EPOCH [35/100] Learning rate: 0.00025
[Thu Apr 06 22:14:24 2023|main.py|INFO] EPOCH [36/100] Train NME: 1.33846
[Thu Apr 06 22:14:34 2023|main.py|INFO] EPOCH [36/100] Test NME: 1.43426
[Thu Apr 06 22:14:34 2023|main.py|INFO] EPOCH [36/100] Learning rate: 0.00020
[Thu Apr 06 22:16:34 2023|main.py|INFO] EPOCH [37/100] Train NME: 1.32930
[Thu Apr 06 22:16:43 2023|main.py|INFO] EPOCH [37/100] Test NME: 1.43816
[Thu Apr 06 22:16:43 2023|main.py|INFO] EPOCH [37/100] Learning rate: 0.00016
[Thu Apr 06 22:18:40 2023|main.py|INFO] EPOCH [38/100] Train NME: 1.33262
[Thu Apr 06 22:18:50 2023|main.py|INFO] EPOCH [38/100] Test NME: 1.43314
[Thu Apr 06 22:18:50 2023|main.py|INFO] EPOCH [38/100] Learning rate: 0.00013
[Thu Apr 06 22:20:49 2023|main.py|INFO] EPOCH [39/100] Train NME: 1.33490
[Thu Apr 06 22:20:58 2023|main.py|INFO] EPOCH [39/100] Test NME: 1.43080
[Thu Apr 06 22:20:58 2023|main.py|INFO] EPOCH [39/100] Learning rate: 0.00010
[Thu Apr 06 22:23:03 2023|main.py|INFO] EPOCH [40/100] Train NME: 1.32225
[Thu Apr 06 22:23:14 2023|main.py|INFO] EPOCH [40/100] Test NME: 1.42208
[Thu Apr 06 22:23:14 2023|main.py|INFO] EPOCH [40/100] Learning rate: 0.00008
[Thu Apr 06 22:23:14 2023|main.py|INFO] EPOCH [40/100] NME improved from 1.42822 to 1.42208
[Thu Apr 06 22:23:14 2023|main.py|INFO] EPOCH [40/100] Saving model to: checkpoints/raw_CNN_noAug_MSE/2023-04-06_22-23-14_epoch_40_NME_1.42208.pth.tar
[Thu Apr 06 22:25:20 2023|main.py|INFO] EPOCH [41/100] Train NME: 1.32192
[Thu Apr 06 22:25:30 2023|main.py|INFO] EPOCH [41/100] Test NME: 1.42569
[Thu Apr 06 22:25:30 2023|main.py|INFO] EPOCH [41/100] Learning rate: 0.00007
[Thu Apr 06 22:27:34 2023|main.py|INFO] EPOCH [42/100] Train NME: 1.33058
[Thu Apr 06 22:27:44 2023|main.py|INFO] EPOCH [42/100] Test NME: 1.42785
[Thu Apr 06 22:27:44 2023|main.py|INFO] EPOCH [42/100] Learning rate: 0.00005
[Thu Apr 06 22:29:52 2023|main.py|INFO] EPOCH [43/100] Train NME: 1.33629
[Thu Apr 06 22:30:02 2023|main.py|INFO] EPOCH [43/100] Test NME: 1.42288
[Thu Apr 06 22:30:02 2023|main.py|INFO] EPOCH [43/100] Learning rate: 0.00004
[Thu Apr 06 22:32:02 2023|main.py|INFO] EPOCH [44/100] Train NME: 1.33809
[Thu Apr 06 22:32:12 2023|main.py|INFO] EPOCH [44/100] Test NME: 1.42532
[Thu Apr 06 22:32:12 2023|main.py|INFO] EPOCH [44/100] Learning rate: 0.00003
[Thu Apr 06 22:41:24 2023|main.py|INFO] EPOCH [45/100] Train NME: 1.33151
[Thu Apr 06 22:41:46 2023|main.py|INFO] EPOCH [45/100] Test NME: 1.43571
[Thu Apr 06 22:41:46 2023|main.py|INFO] EPOCH [45/100] Learning rate: 0.00003
[Thu Apr 06 22:46:17 2023|main.py|INFO] EPOCH [46/100] Train NME: 1.32542
[Thu Apr 06 22:46:37 2023|main.py|INFO] EPOCH [46/100] Test NME: 1.42419
[Thu Apr 06 22:46:37 2023|main.py|INFO] EPOCH [46/100] Learning rate: 0.00002
[Thu Apr 06 22:50:57 2023|main.py|INFO] EPOCH [47/100] Train NME: 1.33226
[Thu Apr 06 22:51:06 2023|main.py|INFO] EPOCH [47/100] Test NME: 1.42542
[Thu Apr 06 22:51:06 2023|main.py|INFO] EPOCH [47/100] Learning rate: 0.00002
[Thu Apr 06 22:53:30 2023|main.py|INFO] EPOCH [48/100] Train NME: 1.32583
[Thu Apr 06 22:53:42 2023|main.py|INFO] EPOCH [48/100] Test NME: 1.42969
[Thu Apr 06 22:53:42 2023|main.py|INFO] EPOCH [48/100] Learning rate: 0.00001
[Thu Apr 06 22:56:03 2023|main.py|INFO] EPOCH [49/100] Train NME: 1.33750
[Thu Apr 06 22:56:15 2023|main.py|INFO] EPOCH [49/100] Test NME: 1.42653
[Thu Apr 06 22:56:15 2023|main.py|INFO] EPOCH [49/100] Learning rate: 0.00001
[Thu Apr 06 22:58:36 2023|main.py|INFO] EPOCH [50/100] Train NME: 1.31867
[Thu Apr 06 22:58:47 2023|main.py|INFO] EPOCH [50/100] Test NME: 1.42846
[Thu Apr 06 22:58:47 2023|main.py|INFO] EPOCH [50/100] Learning rate: 0.00001
[Thu Apr 06 23:01:09 2023|main.py|INFO] EPOCH [51/100] Train NME: 1.31831
[Thu Apr 06 23:01:22 2023|main.py|INFO] EPOCH [51/100] Test NME: 1.43481
[Thu Apr 06 23:01:22 2023|main.py|INFO] EPOCH [51/100] Learning rate: 0.00001
[Thu Apr 06 23:03:43 2023|main.py|INFO] EPOCH [52/100] Train NME: 1.32793
[Thu Apr 06 23:03:55 2023|main.py|INFO] EPOCH [52/100] Test NME: 1.42814
[Thu Apr 06 23:03:55 2023|main.py|INFO] EPOCH [52/100] Learning rate: 0.00001
[Thu Apr 06 23:06:17 2023|main.py|INFO] EPOCH [53/100] Train NME: 1.31229
[Thu Apr 06 23:06:29 2023|main.py|INFO] EPOCH [53/100] Test NME: 1.42830
[Thu Apr 06 23:06:29 2023|main.py|INFO] EPOCH [53/100] Learning rate: 0.00000
[Thu Apr 06 23:08:52 2023|main.py|INFO] EPOCH [54/100] Train NME: 1.32268
[Thu Apr 06 23:09:04 2023|main.py|INFO] EPOCH [54/100] Test NME: 1.42553
[Thu Apr 06 23:09:04 2023|main.py|INFO] EPOCH [54/100] Learning rate: 0.00000
[Thu Apr 06 23:11:23 2023|main.py|INFO] EPOCH [55/100] Train NME: 1.32391
[Thu Apr 06 23:11:36 2023|main.py|INFO] EPOCH [55/100] Test NME: 1.42589
[Thu Apr 06 23:11:36 2023|main.py|INFO] EPOCH [55/100] Learning rate: 0.00000
[Thu Apr 06 23:13:54 2023|main.py|INFO] EPOCH [56/100] Train NME: 1.32486
[Thu Apr 06 23:14:05 2023|main.py|INFO] EPOCH [56/100] Test NME: 1.42137
[Thu Apr 06 23:14:05 2023|main.py|INFO] EPOCH [56/100] Learning rate: 0.00000
[Thu Apr 06 23:14:05 2023|main.py|INFO] EPOCH [56/100] NME improved from 1.42208 to 1.42137
[Thu Apr 06 23:14:05 2023|main.py|INFO] EPOCH [56/100] Saving model to: checkpoints/raw_CNN_noAug_MSE/2023-04-06_23-14-05_epoch_56_NME_1.42137.pth.tar
[Thu Apr 06 23:16:30 2023|main.py|INFO] EPOCH [57/100] Train NME: 1.32226
[Thu Apr 06 23:16:42 2023|main.py|INFO] EPOCH [57/100] Test NME: 1.43102
[Thu Apr 06 23:16:42 2023|main.py|INFO] EPOCH [57/100] Learning rate: 0.00000
[Thu Apr 06 23:19:02 2023|main.py|INFO] EPOCH [58/100] Train NME: 1.32306
[Thu Apr 06 23:19:14 2023|main.py|INFO] EPOCH [58/100] Test NME: 1.42545
[Thu Apr 06 23:19:14 2023|main.py|INFO] EPOCH [58/100] Learning rate: 0.00000
[Thu Apr 06 23:21:42 2023|main.py|INFO] EPOCH [59/100] Train NME: 1.33118
[Thu Apr 06 23:21:54 2023|main.py|INFO] EPOCH [59/100] Test NME: 1.42585
[Thu Apr 06 23:21:54 2023|main.py|INFO] EPOCH [59/100] Learning rate: 0.00000
[Thu Apr 06 23:24:18 2023|main.py|INFO] EPOCH [60/100] Train NME: 1.33563
[Thu Apr 06 23:24:30 2023|main.py|INFO] EPOCH [60/100] Test NME: 1.43349
[Thu Apr 06 23:24:30 2023|main.py|INFO] EPOCH [60/100] Learning rate: 0.00000
[Thu Apr 06 23:26:52 2023|main.py|INFO] EPOCH [61/100] Train NME: 1.33423
[Thu Apr 06 23:27:04 2023|main.py|INFO] EPOCH [61/100] Test NME: 1.42858
[Thu Apr 06 23:27:04 2023|main.py|INFO] EPOCH [61/100] Learning rate: 0.00000
[Thu Apr 06 23:29:31 2023|main.py|INFO] EPOCH [62/100] Train NME: 1.31736
[Thu Apr 06 23:29:43 2023|main.py|INFO] EPOCH [62/100] Test NME: 1.42897
[Thu Apr 06 23:29:43 2023|main.py|INFO] EPOCH [62/100] Learning rate: 0.00000
[Thu Apr 06 23:32:07 2023|main.py|INFO] EPOCH [63/100] Train NME: 1.33893
[Thu Apr 06 23:32:19 2023|main.py|INFO] EPOCH [63/100] Test NME: 1.42529
[Thu Apr 06 23:32:19 2023|main.py|INFO] EPOCH [63/100] Learning rate: 0.00000
[Thu Apr 06 23:34:46 2023|main.py|INFO] EPOCH [64/100] Train NME: 1.32500
[Thu Apr 06 23:34:57 2023|main.py|INFO] EPOCH [64/100] Test NME: 1.42586
[Thu Apr 06 23:34:57 2023|main.py|INFO] EPOCH [64/100] Learning rate: 0.00000
[Thu Apr 06 23:37:17 2023|main.py|INFO] EPOCH [65/100] Train NME: 1.32939
[Thu Apr 06 23:37:29 2023|main.py|INFO] EPOCH [65/100] Test NME: 1.42665
[Thu Apr 06 23:37:29 2023|main.py|INFO] EPOCH [65/100] Learning rate: 0.00000
[Thu Apr 06 23:39:54 2023|main.py|INFO] EPOCH [66/100] Train NME: 1.33907
[Thu Apr 06 23:40:06 2023|main.py|INFO] EPOCH [66/100] Test NME: 1.42941
[Thu Apr 06 23:40:06 2023|main.py|INFO] EPOCH [66/100] Learning rate: 0.00000
[Thu Apr 06 23:42:38 2023|main.py|INFO] EPOCH [67/100] Train NME: 1.31917
[Thu Apr 06 23:42:51 2023|main.py|INFO] EPOCH [67/100] Test NME: 1.43123
[Thu Apr 06 23:42:51 2023|main.py|INFO] EPOCH [67/100] Learning rate: 0.00000
[Thu Apr 06 23:45:28 2023|main.py|INFO] EPOCH [68/100] Train NME: 1.32636
[Thu Apr 06 23:45:40 2023|main.py|INFO] EPOCH [68/100] Test NME: 1.42188
[Thu Apr 06 23:45:40 2023|main.py|INFO] EPOCH [68/100] Learning rate: 0.00000
[Thu Apr 06 23:48:26 2023|main.py|INFO] EPOCH [69/100] Train NME: 1.32598
[Thu Apr 06 23:48:39 2023|main.py|INFO] EPOCH [69/100] Test NME: 1.42370
[Thu Apr 06 23:48:39 2023|main.py|INFO] EPOCH [69/100] Learning rate: 0.00000
[Thu Apr 06 23:51:54 2023|main.py|INFO] EPOCH [70/100] Train NME: 1.31496
[Thu Apr 06 23:52:06 2023|main.py|INFO] EPOCH [70/100] Test NME: 1.42605
[Thu Apr 06 23:52:06 2023|main.py|INFO] EPOCH [70/100] Learning rate: 0.00000
[Thu Apr 06 23:56:14 2023|main.py|INFO] EPOCH [71/100] Train NME: 1.32780
[Thu Apr 06 23:56:27 2023|main.py|INFO] EPOCH [71/100] Test NME: 1.42644
[Thu Apr 06 23:56:27 2023|main.py|INFO] EPOCH [71/100] Learning rate: 0.00000
[Thu Apr 06 23:59:09 2023|main.py|INFO] EPOCH [72/100] Train NME: 1.32369
[Thu Apr 06 23:59:22 2023|main.py|INFO] EPOCH [72/100] Test NME: 1.42842
[Thu Apr 06 23:59:22 2023|main.py|INFO] EPOCH [72/100] Learning rate: 0.00000
[Fri Apr 07 00:05:02 2023|main.py|INFO] EPOCH [73/100] Train NME: 1.32685
[Fri Apr 07 00:05:11 2023|main.py|INFO] EPOCH [73/100] Test NME: 1.42484
[Fri Apr 07 00:05:11 2023|main.py|INFO] EPOCH [73/100] Learning rate: 0.00000
[Fri Apr 07 00:06:49 2023|main.py|INFO] EPOCH [74/100] Train NME: 1.33650
[Fri Apr 07 00:06:57 2023|main.py|INFO] EPOCH [74/100] Test NME: 1.42387
[Fri Apr 07 00:06:57 2023|main.py|INFO] EPOCH [74/100] Learning rate: 0.00000
[Fri Apr 07 00:08:35 2023|main.py|INFO] EPOCH [75/100] Train NME: 1.33111
[Fri Apr 07 00:08:43 2023|main.py|INFO] EPOCH [75/100] Test NME: 1.42491
[Fri Apr 07 00:08:43 2023|main.py|INFO] EPOCH [75/100] Learning rate: 0.00000
[Fri Apr 07 00:10:20 2023|main.py|INFO] EPOCH [76/100] Train NME: 1.33633
[Fri Apr 07 00:10:28 2023|main.py|INFO] EPOCH [76/100] Test NME: 1.42576
[Fri Apr 07 00:10:28 2023|main.py|INFO] EPOCH [76/100] Learning rate: 0.00000
[Fri Apr 07 00:12:06 2023|main.py|INFO] EPOCH [77/100] Train NME: 1.33650
[Fri Apr 07 00:12:14 2023|main.py|INFO] EPOCH [77/100] Test NME: 1.43915
[Fri Apr 07 00:12:14 2023|main.py|INFO] EPOCH [77/100] Learning rate: 0.00000
[Fri Apr 07 00:14:01 2023|main.py|INFO] EPOCH [78/100] Train NME: 1.32746
[Fri Apr 07 00:14:11 2023|main.py|INFO] EPOCH [78/100] Test NME: 1.42458
[Fri Apr 07 00:14:11 2023|main.py|INFO] EPOCH [78/100] Learning rate: 0.00000
[Fri Apr 07 00:15:51 2023|main.py|INFO] EPOCH [79/100] Train NME: 1.32652
[Fri Apr 07 00:16:00 2023|main.py|INFO] EPOCH [79/100] Test NME: 1.44349
[Fri Apr 07 00:16:00 2023|main.py|INFO] EPOCH [79/100] Learning rate: 0.00000
[Fri Apr 07 00:17:39 2023|main.py|INFO] EPOCH [80/100] Train NME: 1.32373
[Fri Apr 07 00:17:47 2023|main.py|INFO] EPOCH [80/100] Test NME: 1.42848
[Fri Apr 07 00:17:47 2023|main.py|INFO] EPOCH [80/100] Learning rate: 0.00000
[Fri Apr 07 00:19:25 2023|main.py|INFO] EPOCH [81/100] Train NME: 1.33126
[Fri Apr 07 00:19:34 2023|main.py|INFO] EPOCH [81/100] Test NME: 1.43210
[Fri Apr 07 00:19:34 2023|main.py|INFO] EPOCH [81/100] Learning rate: 0.00000
[Fri Apr 07 00:21:16 2023|main.py|INFO] EPOCH [82/100] Train NME: 1.33793
[Fri Apr 07 00:21:25 2023|main.py|INFO] EPOCH [82/100] Test NME: 1.43051
[Fri Apr 07 00:21:25 2023|main.py|INFO] EPOCH [82/100] Learning rate: 0.00000
[Fri Apr 07 00:23:04 2023|main.py|INFO] EPOCH [83/100] Train NME: 1.34106
[Fri Apr 07 00:23:12 2023|main.py|INFO] EPOCH [83/100] Test NME: 1.43096
[Fri Apr 07 00:23:12 2023|main.py|INFO] EPOCH [83/100] Learning rate: 0.00000
[Fri Apr 07 00:24:48 2023|main.py|INFO] EPOCH [84/100] Train NME: 1.33971
[Fri Apr 07 00:24:56 2023|main.py|INFO] EPOCH [84/100] Test NME: 1.42898
[Fri Apr 07 00:24:56 2023|main.py|INFO] EPOCH [84/100] Learning rate: 0.00000
[Fri Apr 07 00:26:44 2023|main.py|INFO] EPOCH [85/100] Train NME: 1.32484
[Fri Apr 07 00:26:52 2023|main.py|INFO] EPOCH [85/100] Test NME: 1.44264
[Fri Apr 07 00:26:52 2023|main.py|INFO] EPOCH [85/100] Learning rate: 0.00000
[Fri Apr 07 00:28:29 2023|main.py|INFO] EPOCH [86/100] Train NME: 1.32739
[Fri Apr 07 00:28:38 2023|main.py|INFO] EPOCH [86/100] Test NME: 1.43214
[Fri Apr 07 00:28:38 2023|main.py|INFO] EPOCH [86/100] Learning rate: 0.00000
[Fri Apr 07 00:30:15 2023|main.py|INFO] EPOCH [87/100] Train NME: 1.33512
[Fri Apr 07 00:30:24 2023|main.py|INFO] EPOCH [87/100] Test NME: 1.42351
[Fri Apr 07 00:30:24 2023|main.py|INFO] EPOCH [87/100] Learning rate: 0.00000
[Fri Apr 07 00:32:01 2023|main.py|INFO] EPOCH [88/100] Train NME: 1.32271
[Fri Apr 07 00:32:09 2023|main.py|INFO] EPOCH [88/100] Test NME: 1.42219
[Fri Apr 07 00:32:09 2023|main.py|INFO] EPOCH [88/100] Learning rate: 0.00000
[Fri Apr 07 00:33:58 2023|main.py|INFO] EPOCH [89/100] Train NME: 1.33491
[Fri Apr 07 00:34:07 2023|main.py|INFO] EPOCH [89/100] Test NME: 1.43517
[Fri Apr 07 00:34:07 2023|main.py|INFO] EPOCH [89/100] Learning rate: 0.00000
[Fri Apr 07 00:35:47 2023|main.py|INFO] EPOCH [90/100] Train NME: 1.32960
[Fri Apr 07 00:35:55 2023|main.py|INFO] EPOCH [90/100] Test NME: 1.42543
[Fri Apr 07 00:35:55 2023|main.py|INFO] EPOCH [90/100] Learning rate: 0.00000
[Fri Apr 07 00:37:40 2023|main.py|INFO] EPOCH [91/100] Train NME: 1.32381
[Fri Apr 07 00:37:48 2023|main.py|INFO] EPOCH [91/100] Test NME: 1.43007
[Fri Apr 07 00:37:48 2023|main.py|INFO] EPOCH [91/100] Learning rate: 0.00000
[Fri Apr 07 00:39:27 2023|main.py|INFO] EPOCH [92/100] Train NME: 1.33581
[Fri Apr 07 00:39:35 2023|main.py|INFO] EPOCH [92/100] Test NME: 1.44123
[Fri Apr 07 00:39:35 2023|main.py|INFO] EPOCH [92/100] Learning rate: 0.00000
[Fri Apr 07 00:41:14 2023|main.py|INFO] EPOCH [93/100] Train NME: 1.33400
[Fri Apr 07 00:41:22 2023|main.py|INFO] EPOCH [93/100] Test NME: 1.42827
[Fri Apr 07 00:41:22 2023|main.py|INFO] EPOCH [93/100] Learning rate: 0.00000
[Fri Apr 07 00:42:59 2023|main.py|INFO] EPOCH [94/100] Train NME: 1.32522
[Fri Apr 07 00:43:08 2023|main.py|INFO] EPOCH [94/100] Test NME: 1.42866
[Fri Apr 07 00:43:08 2023|main.py|INFO] EPOCH [94/100] Learning rate: 0.00000
[Fri Apr 07 00:44:47 2023|main.py|INFO] EPOCH [95/100] Train NME: 1.32284
[Fri Apr 07 00:44:55 2023|main.py|INFO] EPOCH [95/100] Test NME: 1.42817
[Fri Apr 07 00:44:55 2023|main.py|INFO] EPOCH [95/100] Learning rate: 0.00000
[Fri Apr 07 00:46:34 2023|main.py|INFO] EPOCH [96/100] Train NME: 1.34138
[Fri Apr 07 00:46:43 2023|main.py|INFO] EPOCH [96/100] Test NME: 1.43130
[Fri Apr 07 00:46:43 2023|main.py|INFO] EPOCH [96/100] Learning rate: 0.00000
[Fri Apr 07 00:48:31 2023|main.py|INFO] EPOCH [97/100] Train NME: 1.32240
[Fri Apr 07 00:48:39 2023|main.py|INFO] EPOCH [97/100] Test NME: 1.42543
[Fri Apr 07 00:48:39 2023|main.py|INFO] EPOCH [97/100] Learning rate: 0.00000
[Fri Apr 07 00:50:23 2023|main.py|INFO] EPOCH [98/100] Train NME: 1.32467
[Fri Apr 07 00:50:31 2023|main.py|INFO] EPOCH [98/100] Test NME: 1.43686
[Fri Apr 07 00:50:31 2023|main.py|INFO] EPOCH [98/100] Learning rate: 0.00000
[Fri Apr 07 00:52:05 2023|main.py|INFO] EPOCH [99/100] Train NME: 1.33529
[Fri Apr 07 00:52:14 2023|main.py|INFO] EPOCH [99/100] Test NME: 1.43227
[Fri Apr 07 00:52:14 2023|main.py|INFO] EPOCH [99/100] Learning rate: 0.00000
[Fri Apr 07 00:54:02 2023|main.py|INFO] EPOCH [100/100] Train NME: 1.32283
[Fri Apr 07 00:54:10 2023|main.py|INFO] EPOCH [100/100] Test NME: 1.44171
[Fri Apr 07 00:54:10 2023|main.py|INFO] EPOCH [100/100] Learning rate: 0.00000
