[Wed Apr 19 22:01:52 2023|main.py|INFO] Task: Cas_Stage1_noAug_MSE_lr0.5_B8
[Wed Apr 19 22:01:52 2023|main.py|INFO] Training cascade stage 1
[Wed Apr 19 22:01:52 2023|main.py|INFO] Using device: cuda
[Wed Apr 19 22:01:52 2023|main.py|INFO] Using config: config\Cas_Stage1_noAug_MSE\Cas_Stage1_noAug_MSE_lr0.5_B8.yaml
[Wed Apr 19 22:01:52 2023|main.py|INFO] Train path: data/training_images_full_train.npz
[Wed Apr 19 22:01:52 2023|main.py|INFO] Train path 2: data/training_images_subset.npz
[Wed Apr 19 22:01:52 2023|main.py|INFO] Test path: data/training_images_full_test.npz
[Wed Apr 19 22:01:52 2023|main.py|INFO] Train augment: False
[Wed Apr 19 22:01:52 2023|main.py|INFO] Learning rate: 0.5
[Wed Apr 19 22:01:52 2023|main.py|INFO] Batch size: 8
[Wed Apr 19 22:01:52 2023|main.py|INFO] Num epochs: 100
[Wed Apr 19 22:01:52 2023|main.py|INFO] Save model: True
[Wed Apr 19 22:01:52 2023|main.py|INFO] Loss: MSE
[Wed Apr 19 22:01:52 2023|main.py|INFO] Log path: logs/Cas_Stage1_noAug_MSE_lr0.5_B8/2023-04-19_22-01-52.log
[Wed Apr 19 22:01:52 2023|main.py|INFO] Writer path: runs/Cas_Stage1_noAug_MSE_lr0.5_B8/2023-04-19_22-01-52
[Wed Apr 19 22:01:52 2023|main.py|INFO] Model name: resnet18
[Wed Apr 19 22:01:52 2023|main.py|INFO] Num outputs: 10
[Wed Apr 19 22:01:52 2023|main.py|INFO] Pretrained: True
[Wed Apr 19 22:01:52 2023|main.py|INFO] Load model: False
[Wed Apr 19 22:01:52 2023|main.py|INFO] Load path: None
[Wed Apr 19 22:01:52 2023|main.py|INFO] Loading data...
[Wed Apr 19 22:01:52 2023|main.py|INFO] Load dataset for cascade stage 1
[Wed Apr 19 22:02:01 2023|main.py|INFO] Initializing network resnet18 with 10 outputs...
[Wed Apr 19 22:02:02 2023|main.py|INFO] Network: ResNet(
  (conv1): Conv2d(3, 64, kernel_size=(7, 7), stride=(2, 2), padding=(3, 3), bias=False)
  (bn1): BatchNorm2d(64, eps=1e-05, momentum=0.1, affine=True, track_running_stats=True)
  (relu): ReLU(inplace=True)
  (maxpool): MaxPool2d(kernel_size=3, stride=2, padding=1, dilation=1, ceil_mode=False)
  (layer1): Sequential(
    (0): BasicBlock(
      (conv1): Conv2d(64, 64, kernel_size=(3, 3), stride=(1, 1), padding=(1, 1), bias=False)
      (bn1): BatchNorm2d(64, eps=1e-05, momentum=0.1, affine=True, track_running_stats=True)
      (relu): ReLU(inplace=True)
      (conv2): Conv2d(64, 64, kernel_size=(3, 3), stride=(1, 1), padding=(1, 1), bias=False)
      (bn2): BatchNorm2d(64, eps=1e-05, momentum=0.1, affine=True, track_running_stats=True)
    )
    (1): BasicBlock(
      (conv1): Conv2d(64, 64, kernel_size=(3, 3), stride=(1, 1), padding=(1, 1), bias=False)
      (bn1): BatchNorm2d(64, eps=1e-05, momentum=0.1, affine=True, track_running_stats=True)
      (relu): ReLU(inplace=True)
      (conv2): Conv2d(64, 64, kernel_size=(3, 3), stride=(1, 1), padding=(1, 1), bias=False)
      (bn2): BatchNorm2d(64, eps=1e-05, momentum=0.1, affine=True, track_running_stats=True)
    )
  )
  (layer2): Sequential(
    (0): BasicBlock(
      (conv1): Conv2d(64, 128, kernel_size=(3, 3), stride=(2, 2), padding=(1, 1), bias=False)
      (bn1): BatchNorm2d(128, eps=1e-05, momentum=0.1, affine=True, track_running_stats=True)
      (relu): ReLU(inplace=True)
      (conv2): Conv2d(128, 128, kernel_size=(3, 3), stride=(1, 1), padding=(1, 1), bias=False)
      (bn2): BatchNorm2d(128, eps=1e-05, momentum=0.1, affine=True, track_running_stats=True)
      (downsample): Sequential(
        (0): Conv2d(64, 128, kernel_size=(1, 1), stride=(2, 2), bias=False)
        (1): BatchNorm2d(128, eps=1e-05, momentum=0.1, affine=True, track_running_stats=True)
      )
    )
    (1): BasicBlock(
      (conv1): Conv2d(128, 128, kernel_size=(3, 3), stride=(1, 1), padding=(1, 1), bias=False)
      (bn1): BatchNorm2d(128, eps=1e-05, momentum=0.1, affine=True, track_running_stats=True)
      (relu): ReLU(inplace=True)
      (conv2): Conv2d(128, 128, kernel_size=(3, 3), stride=(1, 1), padding=(1, 1), bias=False)
      (bn2): BatchNorm2d(128, eps=1e-05, momentum=0.1, affine=True, track_running_stats=True)
    )
  )
  (layer3): Sequential(
    (0): BasicBlock(
      (conv1): Conv2d(128, 256, kernel_size=(3, 3), stride=(2, 2), padding=(1, 1), bias=False)
      (bn1): BatchNorm2d(256, eps=1e-05, momentum=0.1, affine=True, track_running_stats=True)
      (relu): ReLU(inplace=True)
      (conv2): Conv2d(256, 256, kernel_size=(3, 3), stride=(1, 1), padding=(1, 1), bias=False)
      (bn2): BatchNorm2d(256, eps=1e-05, momentum=0.1, affine=True, track_running_stats=True)
      (downsample): Sequential(
        (0): Conv2d(128, 256, kernel_size=(1, 1), stride=(2, 2), bias=False)
        (1): BatchNorm2d(256, eps=1e-05, momentum=0.1, affine=True, track_running_stats=True)
      )
    )
    (1): BasicBlock(
      (conv1): Conv2d(256, 256, kernel_size=(3, 3), stride=(1, 1), padding=(1, 1), bias=False)
      (bn1): BatchNorm2d(256, eps=1e-05, momentum=0.1, affine=True, track_running_stats=True)
      (relu): ReLU(inplace=True)
      (conv2): Conv2d(256, 256, kernel_size=(3, 3), stride=(1, 1), padding=(1, 1), bias=False)
      (bn2): BatchNorm2d(256, eps=1e-05, momentum=0.1, affine=True, track_running_stats=True)
    )
  )
  (layer4): Sequential(
    (0): BasicBlock(
      (conv1): Conv2d(256, 512, kernel_size=(3, 3), stride=(2, 2), padding=(1, 1), bias=False)
      (bn1): BatchNorm2d(512, eps=1e-05, momentum=0.1, affine=True, track_running_stats=True)
      (relu): ReLU(inplace=True)
      (conv2): Conv2d(512, 512, kernel_size=(3, 3), stride=(1, 1), padding=(1, 1), bias=False)
      (bn2): BatchNorm2d(512, eps=1e-05, momentum=0.1, affine=True, track_running_stats=True)
      (downsample): Sequential(
        (0): Conv2d(256, 512, kernel_size=(1, 1), stride=(2, 2), bias=False)
        (1): BatchNorm2d(512, eps=1e-05, momentum=0.1, affine=True, track_running_stats=True)
      )
    )
    (1): BasicBlock(
      (conv1): Conv2d(512, 512, kernel_size=(3, 3), stride=(1, 1), padding=(1, 1), bias=False)
      (bn1): BatchNorm2d(512, eps=1e-05, momentum=0.1, affine=True, track_running_stats=True)
      (relu): ReLU(inplace=True)
      (conv2): Conv2d(512, 512, kernel_size=(3, 3), stride=(1, 1), padding=(1, 1), bias=False)
      (bn2): BatchNorm2d(512, eps=1e-05, momentum=0.1, affine=True, track_running_stats=True)
    )
  )
  (avgpool): AdaptiveAvgPool2d(output_size=(1, 1))
  (fc): Linear(in_features=512, out_features=10, bias=True)
)
[Wed Apr 19 22:02:02 2023|main.py|INFO] Initializing loss and optimizer...
[Wed Apr 19 22:02:02 2023|main.py|INFO] Loss: MSE
[Wed Apr 19 22:02:02 2023|main.py|INFO] Optimizer: Adam
[Wed Apr 19 22:02:02 2023|main.py|INFO] Initializing tensorboard writer at: runs/Cas_Stage1_noAug_MSE_lr0.5_B8/2023-04-19_22-01-52
[Wed Apr 19 22:02:02 2023|main.py|INFO] Training network...
[Wed Apr 19 22:02:54 2023|main.py|INFO] EPOCH [1/100] Train NME: 0.20266
[Wed Apr 19 22:02:55 2023|main.py|INFO] EPOCH [1/100] Test NME: 0.14000
[Wed Apr 19 22:02:55 2023|main.py|INFO] EPOCH [1/100] Learning rate: 0.50000
[Wed Apr 19 22:02:55 2023|main.py|INFO] EPOCH [1/100] NME improved from 1000.00000 to 0.14000
[Wed Apr 19 22:02:55 2023|main.py|INFO] EPOCH [1/100] Saving model to: checkpoints/Cas_Stage1_noAug_MSE_lr0.5_B8/2023-04-19_22-02-55_epoch_1_NME_0.14000.pth.tar
[Wed Apr 19 22:03:12 2023|main.py|INFO] EPOCH [2/100] Train NME: 0.14023
[Wed Apr 19 22:03:12 2023|main.py|INFO] EPOCH [2/100] Test NME: 0.13746
[Wed Apr 19 22:03:12 2023|main.py|INFO] EPOCH [2/100] Learning rate: 0.40000
[Wed Apr 19 22:03:12 2023|main.py|INFO] EPOCH [2/100] NME improved from 0.14000 to 0.13746
[Wed Apr 19 22:03:12 2023|main.py|INFO] EPOCH [2/100] Saving model to: checkpoints/Cas_Stage1_noAug_MSE_lr0.5_B8/2023-04-19_22-03-12_epoch_2_NME_0.13746.pth.tar
[Wed Apr 19 22:03:28 2023|main.py|INFO] EPOCH [3/100] Train NME: 0.13276
[Wed Apr 19 22:03:28 2023|main.py|INFO] EPOCH [3/100] Test NME: 0.12396
[Wed Apr 19 22:03:28 2023|main.py|INFO] EPOCH [3/100] Learning rate: 0.32000
[Wed Apr 19 22:03:28 2023|main.py|INFO] EPOCH [3/100] NME improved from 0.13746 to 0.12396
[Wed Apr 19 22:03:28 2023|main.py|INFO] EPOCH [3/100] Saving model to: checkpoints/Cas_Stage1_noAug_MSE_lr0.5_B8/2023-04-19_22-03-28_epoch_3_NME_0.12396.pth.tar
[Wed Apr 19 22:03:44 2023|main.py|INFO] EPOCH [4/100] Train NME: 0.10033
[Wed Apr 19 22:03:45 2023|main.py|INFO] EPOCH [4/100] Test NME: 0.08095
[Wed Apr 19 22:03:45 2023|main.py|INFO] EPOCH [4/100] Learning rate: 0.25600
[Wed Apr 19 22:03:45 2023|main.py|INFO] EPOCH [4/100] NME improved from 0.12396 to 0.08095
[Wed Apr 19 22:03:45 2023|main.py|INFO] EPOCH [4/100] Saving model to: checkpoints/Cas_Stage1_noAug_MSE_lr0.5_B8/2023-04-19_22-03-45_epoch_4_NME_0.08095.pth.tar
[Wed Apr 19 22:04:00 2023|main.py|INFO] EPOCH [5/100] Train NME: 0.08213
[Wed Apr 19 22:04:01 2023|main.py|INFO] EPOCH [5/100] Test NME: 0.07291
[Wed Apr 19 22:04:01 2023|main.py|INFO] EPOCH [5/100] Learning rate: 0.20480
[Wed Apr 19 22:04:01 2023|main.py|INFO] EPOCH [5/100] NME improved from 0.08095 to 0.07291
[Wed Apr 19 22:04:01 2023|main.py|INFO] EPOCH [5/100] Saving model to: checkpoints/Cas_Stage1_noAug_MSE_lr0.5_B8/2023-04-19_22-04-01_epoch_5_NME_0.07291.pth.tar
[Wed Apr 19 22:04:17 2023|main.py|INFO] EPOCH [6/100] Train NME: 0.07314
[Wed Apr 19 22:04:17 2023|main.py|INFO] EPOCH [6/100] Test NME: 0.06240
[Wed Apr 19 22:04:17 2023|main.py|INFO] EPOCH [6/100] Learning rate: 0.16384
[Wed Apr 19 22:04:17 2023|main.py|INFO] EPOCH [6/100] NME improved from 0.07291 to 0.06240
[Wed Apr 19 22:04:17 2023|main.py|INFO] EPOCH [6/100] Saving model to: checkpoints/Cas_Stage1_noAug_MSE_lr0.5_B8/2023-04-19_22-04-17_epoch_6_NME_0.06240.pth.tar
[Wed Apr 19 22:04:33 2023|main.py|INFO] EPOCH [7/100] Train NME: 0.06441
[Wed Apr 19 22:04:34 2023|main.py|INFO] EPOCH [7/100] Test NME: 0.05898
[Wed Apr 19 22:04:34 2023|main.py|INFO] EPOCH [7/100] Learning rate: 0.13107
[Wed Apr 19 22:04:34 2023|main.py|INFO] EPOCH [7/100] NME improved from 0.06240 to 0.05898
[Wed Apr 19 22:04:34 2023|main.py|INFO] EPOCH [7/100] Saving model to: checkpoints/Cas_Stage1_noAug_MSE_lr0.5_B8/2023-04-19_22-04-34_epoch_7_NME_0.05898.pth.tar
[Wed Apr 19 22:04:49 2023|main.py|INFO] EPOCH [8/100] Train NME: 0.05745
[Wed Apr 19 22:04:50 2023|main.py|INFO] EPOCH [8/100] Test NME: 0.06640
[Wed Apr 19 22:04:50 2023|main.py|INFO] EPOCH [8/100] Learning rate: 0.10486
[Wed Apr 19 22:05:05 2023|main.py|INFO] EPOCH [9/100] Train NME: 0.05329
[Wed Apr 19 22:05:06 2023|main.py|INFO] EPOCH [9/100] Test NME: 0.05292
[Wed Apr 19 22:05:06 2023|main.py|INFO] EPOCH [9/100] Learning rate: 0.08389
[Wed Apr 19 22:05:06 2023|main.py|INFO] EPOCH [9/100] NME improved from 0.05898 to 0.05292
[Wed Apr 19 22:05:06 2023|main.py|INFO] EPOCH [9/100] Saving model to: checkpoints/Cas_Stage1_noAug_MSE_lr0.5_B8/2023-04-19_22-05-06_epoch_9_NME_0.05292.pth.tar
[Wed Apr 19 22:05:22 2023|main.py|INFO] EPOCH [10/100] Train NME: 0.05167
[Wed Apr 19 22:05:23 2023|main.py|INFO] EPOCH [10/100] Test NME: 0.04930
[Wed Apr 19 22:05:23 2023|main.py|INFO] EPOCH [10/100] Learning rate: 0.06711
[Wed Apr 19 22:05:23 2023|main.py|INFO] EPOCH [10/100] NME improved from 0.05292 to 0.04930
[Wed Apr 19 22:05:23 2023|main.py|INFO] EPOCH [10/100] Saving model to: checkpoints/Cas_Stage1_noAug_MSE_lr0.5_B8/2023-04-19_22-05-23_epoch_10_NME_0.04930.pth.tar
[Wed Apr 19 22:05:39 2023|main.py|INFO] EPOCH [11/100] Train NME: 0.04711
[Wed Apr 19 22:05:40 2023|main.py|INFO] EPOCH [11/100] Test NME: 0.05754
[Wed Apr 19 22:05:40 2023|main.py|INFO] EPOCH [11/100] Learning rate: 0.05369
[Wed Apr 19 22:05:56 2023|main.py|INFO] EPOCH [12/100] Train NME: 0.04400
[Wed Apr 19 22:05:56 2023|main.py|INFO] EPOCH [12/100] Test NME: 0.04572
[Wed Apr 19 22:05:56 2023|main.py|INFO] EPOCH [12/100] Learning rate: 0.04295
[Wed Apr 19 22:05:56 2023|main.py|INFO] EPOCH [12/100] NME improved from 0.04930 to 0.04572
[Wed Apr 19 22:05:56 2023|main.py|INFO] EPOCH [12/100] Saving model to: checkpoints/Cas_Stage1_noAug_MSE_lr0.5_B8/2023-04-19_22-05-56_epoch_12_NME_0.04572.pth.tar
[Wed Apr 19 22:06:12 2023|main.py|INFO] EPOCH [13/100] Train NME: 0.04194
[Wed Apr 19 22:06:13 2023|main.py|INFO] EPOCH [13/100] Test NME: 0.04774
[Wed Apr 19 22:06:13 2023|main.py|INFO] EPOCH [13/100] Learning rate: 0.03436
[Wed Apr 19 22:06:29 2023|main.py|INFO] EPOCH [14/100] Train NME: 0.03963
[Wed Apr 19 22:06:29 2023|main.py|INFO] EPOCH [14/100] Test NME: 0.04635
[Wed Apr 19 22:06:29 2023|main.py|INFO] EPOCH [14/100] Learning rate: 0.02749
[Wed Apr 19 22:06:45 2023|main.py|INFO] EPOCH [15/100] Train NME: 0.03767
[Wed Apr 19 22:06:46 2023|main.py|INFO] EPOCH [15/100] Test NME: 0.04481
[Wed Apr 19 22:06:46 2023|main.py|INFO] EPOCH [15/100] Learning rate: 0.02199
[Wed Apr 19 22:06:46 2023|main.py|INFO] EPOCH [15/100] NME improved from 0.04572 to 0.04481
[Wed Apr 19 22:06:46 2023|main.py|INFO] EPOCH [15/100] Saving model to: checkpoints/Cas_Stage1_noAug_MSE_lr0.5_B8/2023-04-19_22-06-46_epoch_15_NME_0.04481.pth.tar
[Wed Apr 19 22:07:01 2023|main.py|INFO] EPOCH [16/100] Train NME: 0.03597
[Wed Apr 19 22:07:02 2023|main.py|INFO] EPOCH [16/100] Test NME: 0.04435
[Wed Apr 19 22:07:02 2023|main.py|INFO] EPOCH [16/100] Learning rate: 0.01759
[Wed Apr 19 22:07:02 2023|main.py|INFO] EPOCH [16/100] NME improved from 0.04481 to 0.04435
[Wed Apr 19 22:07:02 2023|main.py|INFO] EPOCH [16/100] Saving model to: checkpoints/Cas_Stage1_noAug_MSE_lr0.5_B8/2023-04-19_22-07-02_epoch_16_NME_0.04435.pth.tar
[Wed Apr 19 22:07:18 2023|main.py|INFO] EPOCH [17/100] Train NME: 0.03454
[Wed Apr 19 22:07:19 2023|main.py|INFO] EPOCH [17/100] Test NME: 0.04544
[Wed Apr 19 22:07:19 2023|main.py|INFO] EPOCH [17/100] Learning rate: 0.01407
[Wed Apr 19 22:07:35 2023|main.py|INFO] EPOCH [18/100] Train NME: 0.03327
[Wed Apr 19 22:07:36 2023|main.py|INFO] EPOCH [18/100] Test NME: 0.04425
[Wed Apr 19 22:07:36 2023|main.py|INFO] EPOCH [18/100] Learning rate: 0.01126
[Wed Apr 19 22:07:36 2023|main.py|INFO] EPOCH [18/100] NME improved from 0.04435 to 0.04425
[Wed Apr 19 22:07:36 2023|main.py|INFO] EPOCH [18/100] Saving model to: checkpoints/Cas_Stage1_noAug_MSE_lr0.5_B8/2023-04-19_22-07-36_epoch_18_NME_0.04425.pth.tar
[Wed Apr 19 22:07:51 2023|main.py|INFO] EPOCH [19/100] Train NME: 0.03266
[Wed Apr 19 22:07:52 2023|main.py|INFO] EPOCH [19/100] Test NME: 0.04344
[Wed Apr 19 22:07:52 2023|main.py|INFO] EPOCH [19/100] Learning rate: 0.00901
[Wed Apr 19 22:07:52 2023|main.py|INFO] EPOCH [19/100] NME improved from 0.04425 to 0.04344
[Wed Apr 19 22:07:52 2023|main.py|INFO] EPOCH [19/100] Saving model to: checkpoints/Cas_Stage1_noAug_MSE_lr0.5_B8/2023-04-19_22-07-52_epoch_19_NME_0.04344.pth.tar
[Wed Apr 19 22:08:08 2023|main.py|INFO] EPOCH [20/100] Train NME: 0.03157
[Wed Apr 19 22:08:09 2023|main.py|INFO] EPOCH [20/100] Test NME: 0.04244
[Wed Apr 19 22:08:09 2023|main.py|INFO] EPOCH [20/100] Learning rate: 0.00721
[Wed Apr 19 22:08:09 2023|main.py|INFO] EPOCH [20/100] NME improved from 0.04344 to 0.04244
[Wed Apr 19 22:08:09 2023|main.py|INFO] EPOCH [20/100] Saving model to: checkpoints/Cas_Stage1_noAug_MSE_lr0.5_B8/2023-04-19_22-08-09_epoch_20_NME_0.04244.pth.tar
[Wed Apr 19 22:08:24 2023|main.py|INFO] EPOCH [21/100] Train NME: 0.03066
[Wed Apr 19 22:08:25 2023|main.py|INFO] EPOCH [21/100] Test NME: 0.04220
[Wed Apr 19 22:08:25 2023|main.py|INFO] EPOCH [21/100] Learning rate: 0.00576
[Wed Apr 19 22:08:25 2023|main.py|INFO] EPOCH [21/100] NME improved from 0.04244 to 0.04220
[Wed Apr 19 22:08:25 2023|main.py|INFO] EPOCH [21/100] Saving model to: checkpoints/Cas_Stage1_noAug_MSE_lr0.5_B8/2023-04-19_22-08-25_epoch_21_NME_0.04220.pth.tar
[Wed Apr 19 22:08:41 2023|main.py|INFO] EPOCH [22/100] Train NME: 0.03022
[Wed Apr 19 22:08:41 2023|main.py|INFO] EPOCH [22/100] Test NME: 0.04244
[Wed Apr 19 22:08:41 2023|main.py|INFO] EPOCH [22/100] Learning rate: 0.00461
[Wed Apr 19 22:08:57 2023|main.py|INFO] EPOCH [23/100] Train NME: 0.02917
[Wed Apr 19 22:08:58 2023|main.py|INFO] EPOCH [23/100] Test NME: 0.04229
[Wed Apr 19 22:08:58 2023|main.py|INFO] EPOCH [23/100] Learning rate: 0.00369
[Wed Apr 19 22:09:13 2023|main.py|INFO] EPOCH [24/100] Train NME: 0.02925
[Wed Apr 19 22:09:14 2023|main.py|INFO] EPOCH [24/100] Test NME: 0.04188
[Wed Apr 19 22:09:14 2023|main.py|INFO] EPOCH [24/100] Learning rate: 0.00295
[Wed Apr 19 22:09:14 2023|main.py|INFO] EPOCH [24/100] NME improved from 0.04220 to 0.04188
[Wed Apr 19 22:09:14 2023|main.py|INFO] EPOCH [24/100] Saving model to: checkpoints/Cas_Stage1_noAug_MSE_lr0.5_B8/2023-04-19_22-09-14_epoch_24_NME_0.04188.pth.tar
[Wed Apr 19 22:09:29 2023|main.py|INFO] EPOCH [25/100] Train NME: 0.02853
[Wed Apr 19 22:09:30 2023|main.py|INFO] EPOCH [25/100] Test NME: 0.04201
[Wed Apr 19 22:09:30 2023|main.py|INFO] EPOCH [25/100] Learning rate: 0.00236
[Wed Apr 19 22:09:45 2023|main.py|INFO] EPOCH [26/100] Train NME: 0.02815
[Wed Apr 19 22:09:46 2023|main.py|INFO] EPOCH [26/100] Test NME: 0.04131
[Wed Apr 19 22:09:46 2023|main.py|INFO] EPOCH [26/100] Learning rate: 0.00189
[Wed Apr 19 22:09:46 2023|main.py|INFO] EPOCH [26/100] NME improved from 0.04188 to 0.04131
[Wed Apr 19 22:09:46 2023|main.py|INFO] EPOCH [26/100] Saving model to: checkpoints/Cas_Stage1_noAug_MSE_lr0.5_B8/2023-04-19_22-09-46_epoch_26_NME_0.04131.pth.tar
[Wed Apr 19 22:10:02 2023|main.py|INFO] EPOCH [27/100] Train NME: 0.02793
[Wed Apr 19 22:10:03 2023|main.py|INFO] EPOCH [27/100] Test NME: 0.04119
[Wed Apr 19 22:10:03 2023|main.py|INFO] EPOCH [27/100] Learning rate: 0.00151
[Wed Apr 19 22:10:03 2023|main.py|INFO] EPOCH [27/100] NME improved from 0.04131 to 0.04119
[Wed Apr 19 22:10:03 2023|main.py|INFO] EPOCH [27/100] Saving model to: checkpoints/Cas_Stage1_noAug_MSE_lr0.5_B8/2023-04-19_22-10-03_epoch_27_NME_0.04119.pth.tar
[Wed Apr 19 22:10:18 2023|main.py|INFO] EPOCH [28/100] Train NME: 0.02773
[Wed Apr 19 22:10:19 2023|main.py|INFO] EPOCH [28/100] Test NME: 0.04138
[Wed Apr 19 22:10:19 2023|main.py|INFO] EPOCH [28/100] Learning rate: 0.00121
[Wed Apr 19 22:10:35 2023|main.py|INFO] EPOCH [29/100] Train NME: 0.02739
[Wed Apr 19 22:10:35 2023|main.py|INFO] EPOCH [29/100] Test NME: 0.04142
[Wed Apr 19 22:10:35 2023|main.py|INFO] EPOCH [29/100] Learning rate: 0.00097
[Wed Apr 19 22:10:51 2023|main.py|INFO] EPOCH [30/100] Train NME: 0.02747
[Wed Apr 19 22:10:52 2023|main.py|INFO] EPOCH [30/100] Test NME: 0.04153
[Wed Apr 19 22:10:52 2023|main.py|INFO] EPOCH [30/100] Learning rate: 0.00077
[Wed Apr 19 22:11:07 2023|main.py|INFO] EPOCH [31/100] Train NME: 0.02715
[Wed Apr 19 22:11:08 2023|main.py|INFO] EPOCH [31/100] Test NME: 0.04166
[Wed Apr 19 22:11:08 2023|main.py|INFO] EPOCH [31/100] Learning rate: 0.00062
[Wed Apr 19 22:11:23 2023|main.py|INFO] EPOCH [32/100] Train NME: 0.02712
[Wed Apr 19 22:11:24 2023|main.py|INFO] EPOCH [32/100] Test NME: 0.04182
[Wed Apr 19 22:11:24 2023|main.py|INFO] EPOCH [32/100] Learning rate: 0.00050
[Wed Apr 19 22:11:40 2023|main.py|INFO] EPOCH [33/100] Train NME: 0.02694
[Wed Apr 19 22:11:40 2023|main.py|INFO] EPOCH [33/100] Test NME: 0.04158
[Wed Apr 19 22:11:40 2023|main.py|INFO] EPOCH [33/100] Learning rate: 0.00040
[Wed Apr 19 22:11:56 2023|main.py|INFO] EPOCH [34/100] Train NME: 0.02683
[Wed Apr 19 22:11:57 2023|main.py|INFO] EPOCH [34/100] Test NME: 0.04145
[Wed Apr 19 22:11:57 2023|main.py|INFO] EPOCH [34/100] Learning rate: 0.00032
[Wed Apr 19 22:12:12 2023|main.py|INFO] EPOCH [35/100] Train NME: 0.02689
[Wed Apr 19 22:12:13 2023|main.py|INFO] EPOCH [35/100] Test NME: 0.04158
[Wed Apr 19 22:12:13 2023|main.py|INFO] EPOCH [35/100] Learning rate: 0.00025
[Wed Apr 19 22:12:28 2023|main.py|INFO] EPOCH [36/100] Train NME: 0.02688
[Wed Apr 19 22:12:29 2023|main.py|INFO] EPOCH [36/100] Test NME: 0.04137
[Wed Apr 19 22:12:29 2023|main.py|INFO] EPOCH [36/100] Learning rate: 0.00020
[Wed Apr 19 22:12:45 2023|main.py|INFO] EPOCH [37/100] Train NME: 0.02686
[Wed Apr 19 22:12:46 2023|main.py|INFO] EPOCH [37/100] Test NME: 0.04179
[Wed Apr 19 22:12:46 2023|main.py|INFO] EPOCH [37/100] Learning rate: 0.00016
[Wed Apr 19 22:13:02 2023|main.py|INFO] EPOCH [38/100] Train NME: 0.02676
[Wed Apr 19 22:13:02 2023|main.py|INFO] EPOCH [38/100] Test NME: 0.04166
[Wed Apr 19 22:13:02 2023|main.py|INFO] EPOCH [38/100] Learning rate: 0.00013
[Wed Apr 19 22:13:18 2023|main.py|INFO] EPOCH [39/100] Train NME: 0.02673
[Wed Apr 19 22:13:19 2023|main.py|INFO] EPOCH [39/100] Test NME: 0.04145
[Wed Apr 19 22:13:19 2023|main.py|INFO] EPOCH [39/100] Learning rate: 0.00010
[Wed Apr 19 22:13:34 2023|main.py|INFO] EPOCH [40/100] Train NME: 0.02673
[Wed Apr 19 22:13:35 2023|main.py|INFO] EPOCH [40/100] Test NME: 0.04119
[Wed Apr 19 22:13:35 2023|main.py|INFO] EPOCH [40/100] Learning rate: 0.00008
[Wed Apr 19 22:13:35 2023|main.py|INFO] EPOCH [40/100] NME improved from 0.04119 to 0.04119
[Wed Apr 19 22:13:35 2023|main.py|INFO] EPOCH [40/100] Saving model to: checkpoints/Cas_Stage1_noAug_MSE_lr0.5_B8/2023-04-19_22-13-35_epoch_40_NME_0.04119.pth.tar
[Wed Apr 19 22:13:50 2023|main.py|INFO] EPOCH [41/100] Train NME: 0.02653
[Wed Apr 19 22:13:51 2023|main.py|INFO] EPOCH [41/100] Test NME: 0.04143
[Wed Apr 19 22:13:51 2023|main.py|INFO] EPOCH [41/100] Learning rate: 0.00007
[Wed Apr 19 22:14:07 2023|main.py|INFO] EPOCH [42/100] Train NME: 0.02656
[Wed Apr 19 22:14:07 2023|main.py|INFO] EPOCH [42/100] Test NME: 0.04139
[Wed Apr 19 22:14:07 2023|main.py|INFO] EPOCH [42/100] Learning rate: 0.00005
[Wed Apr 19 22:14:23 2023|main.py|INFO] EPOCH [43/100] Train NME: 0.02665
[Wed Apr 19 22:14:24 2023|main.py|INFO] EPOCH [43/100] Test NME: 0.04147
[Wed Apr 19 22:14:24 2023|main.py|INFO] EPOCH [43/100] Learning rate: 0.00004
[Wed Apr 19 22:14:39 2023|main.py|INFO] EPOCH [44/100] Train NME: 0.02667
[Wed Apr 19 22:14:40 2023|main.py|INFO] EPOCH [44/100] Test NME: 0.04147
[Wed Apr 19 22:14:40 2023|main.py|INFO] EPOCH [44/100] Learning rate: 0.00003
[Wed Apr 19 22:14:55 2023|main.py|INFO] EPOCH [45/100] Train NME: 0.02667
[Wed Apr 19 22:14:56 2023|main.py|INFO] EPOCH [45/100] Test NME: 0.04141
[Wed Apr 19 22:14:56 2023|main.py|INFO] EPOCH [45/100] Learning rate: 0.00003
[Wed Apr 19 22:15:11 2023|main.py|INFO] EPOCH [46/100] Train NME: 0.02639
[Wed Apr 19 22:15:12 2023|main.py|INFO] EPOCH [46/100] Test NME: 0.04165
[Wed Apr 19 22:15:12 2023|main.py|INFO] EPOCH [46/100] Learning rate: 0.00002
[Wed Apr 19 22:15:28 2023|main.py|INFO] EPOCH [47/100] Train NME: 0.02653
[Wed Apr 19 22:15:28 2023|main.py|INFO] EPOCH [47/100] Test NME: 0.04165
[Wed Apr 19 22:15:28 2023|main.py|INFO] EPOCH [47/100] Learning rate: 0.00002
[Wed Apr 19 22:15:44 2023|main.py|INFO] EPOCH [48/100] Train NME: 0.02667
[Wed Apr 19 22:15:45 2023|main.py|INFO] EPOCH [48/100] Test NME: 0.04153
[Wed Apr 19 22:15:45 2023|main.py|INFO] EPOCH [48/100] Learning rate: 0.00001
[Wed Apr 19 22:16:00 2023|main.py|INFO] EPOCH [49/100] Train NME: 0.02653
[Wed Apr 19 22:16:01 2023|main.py|INFO] EPOCH [49/100] Test NME: 0.04129
[Wed Apr 19 22:16:01 2023|main.py|INFO] EPOCH [49/100] Learning rate: 0.00001
[Wed Apr 19 22:16:17 2023|main.py|INFO] EPOCH [50/100] Train NME: 0.02664
[Wed Apr 19 22:16:17 2023|main.py|INFO] EPOCH [50/100] Test NME: 0.04148
[Wed Apr 19 22:16:17 2023|main.py|INFO] EPOCH [50/100] Learning rate: 0.00001
[Wed Apr 19 22:16:33 2023|main.py|INFO] EPOCH [51/100] Train NME: 0.02638
[Wed Apr 19 22:16:34 2023|main.py|INFO] EPOCH [51/100] Test NME: 0.04150
[Wed Apr 19 22:16:34 2023|main.py|INFO] EPOCH [51/100] Learning rate: 0.00001
[Wed Apr 19 22:16:49 2023|main.py|INFO] EPOCH [52/100] Train NME: 0.02658
[Wed Apr 19 22:16:50 2023|main.py|INFO] EPOCH [52/100] Test NME: 0.04152
[Wed Apr 19 22:16:50 2023|main.py|INFO] EPOCH [52/100] Learning rate: 0.00001
[Wed Apr 19 22:17:05 2023|main.py|INFO] EPOCH [53/100] Train NME: 0.02660
[Wed Apr 19 22:17:06 2023|main.py|INFO] EPOCH [53/100] Test NME: 0.04143
[Wed Apr 19 22:17:06 2023|main.py|INFO] EPOCH [53/100] Learning rate: 0.00000
[Wed Apr 19 22:17:22 2023|main.py|INFO] EPOCH [54/100] Train NME: 0.02659
[Wed Apr 19 22:17:22 2023|main.py|INFO] EPOCH [54/100] Test NME: 0.04143
[Wed Apr 19 22:17:22 2023|main.py|INFO] EPOCH [54/100] Learning rate: 0.00000
[Wed Apr 19 22:17:38 2023|main.py|INFO] EPOCH [55/100] Train NME: 0.02644
[Wed Apr 19 22:17:39 2023|main.py|INFO] EPOCH [55/100] Test NME: 0.04160
[Wed Apr 19 22:17:39 2023|main.py|INFO] EPOCH [55/100] Learning rate: 0.00000
[Wed Apr 19 22:17:54 2023|main.py|INFO] EPOCH [56/100] Train NME: 0.02661
[Wed Apr 19 22:17:55 2023|main.py|INFO] EPOCH [56/100] Test NME: 0.04143
[Wed Apr 19 22:17:55 2023|main.py|INFO] EPOCH [56/100] Learning rate: 0.00000
[Wed Apr 19 22:18:10 2023|main.py|INFO] EPOCH [57/100] Train NME: 0.02647
[Wed Apr 19 22:18:11 2023|main.py|INFO] EPOCH [57/100] Test NME: 0.04154
[Wed Apr 19 22:18:11 2023|main.py|INFO] EPOCH [57/100] Learning rate: 0.00000
[Wed Apr 19 22:18:27 2023|main.py|INFO] EPOCH [58/100] Train NME: 0.02651
[Wed Apr 19 22:18:27 2023|main.py|INFO] EPOCH [58/100] Test NME: 0.04163
[Wed Apr 19 22:18:27 2023|main.py|INFO] EPOCH [58/100] Learning rate: 0.00000
[Wed Apr 19 22:18:43 2023|main.py|INFO] EPOCH [59/100] Train NME: 0.02663
[Wed Apr 19 22:18:44 2023|main.py|INFO] EPOCH [59/100] Test NME: 0.04160
[Wed Apr 19 22:18:44 2023|main.py|INFO] EPOCH [59/100] Learning rate: 0.00000
[Wed Apr 19 22:18:59 2023|main.py|INFO] EPOCH [60/100] Train NME: 0.02646
[Wed Apr 19 22:19:00 2023|main.py|INFO] EPOCH [60/100] Test NME: 0.04128
[Wed Apr 19 22:19:00 2023|main.py|INFO] EPOCH [60/100] Learning rate: 0.00000
[Wed Apr 19 22:19:15 2023|main.py|INFO] EPOCH [61/100] Train NME: 0.02662
[Wed Apr 19 22:19:16 2023|main.py|INFO] EPOCH [61/100] Test NME: 0.04153
[Wed Apr 19 22:19:16 2023|main.py|INFO] EPOCH [61/100] Learning rate: 0.00000
[Wed Apr 19 22:19:32 2023|main.py|INFO] EPOCH [62/100] Train NME: 0.02672
[Wed Apr 19 22:19:32 2023|main.py|INFO] EPOCH [62/100] Test NME: 0.04154
[Wed Apr 19 22:19:32 2023|main.py|INFO] EPOCH [62/100] Learning rate: 0.00000
[Wed Apr 19 22:19:48 2023|main.py|INFO] EPOCH [63/100] Train NME: 0.02655
[Wed Apr 19 22:19:49 2023|main.py|INFO] EPOCH [63/100] Test NME: 0.04142
[Wed Apr 19 22:19:49 2023|main.py|INFO] EPOCH [63/100] Learning rate: 0.00000
[Wed Apr 19 22:20:04 2023|main.py|INFO] EPOCH [64/100] Train NME: 0.02661
[Wed Apr 19 22:20:05 2023|main.py|INFO] EPOCH [64/100] Test NME: 0.04150
[Wed Apr 19 22:20:05 2023|main.py|INFO] EPOCH [64/100] Learning rate: 0.00000
[Wed Apr 19 22:20:20 2023|main.py|INFO] EPOCH [65/100] Train NME: 0.02647
[Wed Apr 19 22:20:21 2023|main.py|INFO] EPOCH [65/100] Test NME: 0.04134
[Wed Apr 19 22:20:21 2023|main.py|INFO] EPOCH [65/100] Learning rate: 0.00000
[Wed Apr 19 22:20:37 2023|main.py|INFO] EPOCH [66/100] Train NME: 0.02662
[Wed Apr 19 22:20:37 2023|main.py|INFO] EPOCH [66/100] Test NME: 0.04149
[Wed Apr 19 22:20:37 2023|main.py|INFO] EPOCH [66/100] Learning rate: 0.00000
[Wed Apr 19 22:20:53 2023|main.py|INFO] EPOCH [67/100] Train NME: 0.02655
[Wed Apr 19 22:20:54 2023|main.py|INFO] EPOCH [67/100] Test NME: 0.04158
[Wed Apr 19 22:20:54 2023|main.py|INFO] EPOCH [67/100] Learning rate: 0.00000
[Wed Apr 19 22:21:09 2023|main.py|INFO] EPOCH [68/100] Train NME: 0.02661
[Wed Apr 19 22:21:10 2023|main.py|INFO] EPOCH [68/100] Test NME: 0.04123
[Wed Apr 19 22:21:10 2023|main.py|INFO] EPOCH [68/100] Learning rate: 0.00000
[Wed Apr 19 22:21:26 2023|main.py|INFO] EPOCH [69/100] Train NME: 0.02649
[Wed Apr 19 22:21:26 2023|main.py|INFO] EPOCH [69/100] Test NME: 0.04158
[Wed Apr 19 22:21:26 2023|main.py|INFO] EPOCH [69/100] Learning rate: 0.00000
[Wed Apr 19 22:21:42 2023|main.py|INFO] EPOCH [70/100] Train NME: 0.02656
[Wed Apr 19 22:21:43 2023|main.py|INFO] EPOCH [70/100] Test NME: 0.04124
[Wed Apr 19 22:21:43 2023|main.py|INFO] EPOCH [70/100] Learning rate: 0.00000
[Wed Apr 19 22:21:58 2023|main.py|INFO] EPOCH [71/100] Train NME: 0.02648
[Wed Apr 19 22:21:59 2023|main.py|INFO] EPOCH [71/100] Test NME: 0.04145
[Wed Apr 19 22:21:59 2023|main.py|INFO] EPOCH [71/100] Learning rate: 0.00000
[Wed Apr 19 22:22:14 2023|main.py|INFO] EPOCH [72/100] Train NME: 0.02643
[Wed Apr 19 22:22:15 2023|main.py|INFO] EPOCH [72/100] Test NME: 0.04126
[Wed Apr 19 22:22:15 2023|main.py|INFO] EPOCH [72/100] Learning rate: 0.00000
[Wed Apr 19 22:22:31 2023|main.py|INFO] EPOCH [73/100] Train NME: 0.02675
[Wed Apr 19 22:22:32 2023|main.py|INFO] EPOCH [73/100] Test NME: 0.04171
[Wed Apr 19 22:22:32 2023|main.py|INFO] EPOCH [73/100] Learning rate: 0.00000
[Wed Apr 19 22:22:47 2023|main.py|INFO] EPOCH [74/100] Train NME: 0.02657
[Wed Apr 19 22:22:48 2023|main.py|INFO] EPOCH [74/100] Test NME: 0.04135
[Wed Apr 19 22:22:48 2023|main.py|INFO] EPOCH [74/100] Learning rate: 0.00000
[Wed Apr 19 22:23:03 2023|main.py|INFO] EPOCH [75/100] Train NME: 0.02654
[Wed Apr 19 22:23:04 2023|main.py|INFO] EPOCH [75/100] Test NME: 0.04139
[Wed Apr 19 22:23:04 2023|main.py|INFO] EPOCH [75/100] Learning rate: 0.00000
[Wed Apr 19 22:23:20 2023|main.py|INFO] EPOCH [76/100] Train NME: 0.02658
[Wed Apr 19 22:23:21 2023|main.py|INFO] EPOCH [76/100] Test NME: 0.04135
[Wed Apr 19 22:23:21 2023|main.py|INFO] EPOCH [76/100] Learning rate: 0.00000
[Wed Apr 19 22:23:36 2023|main.py|INFO] EPOCH [77/100] Train NME: 0.02657
[Wed Apr 19 22:23:37 2023|main.py|INFO] EPOCH [77/100] Test NME: 0.04157
[Wed Apr 19 22:23:37 2023|main.py|INFO] EPOCH [77/100] Learning rate: 0.00000
[Wed Apr 19 22:23:53 2023|main.py|INFO] EPOCH [78/100] Train NME: 0.02668
[Wed Apr 19 22:23:54 2023|main.py|INFO] EPOCH [78/100] Test NME: 0.04147
[Wed Apr 19 22:23:54 2023|main.py|INFO] EPOCH [78/100] Learning rate: 0.00000
[Wed Apr 19 22:24:10 2023|main.py|INFO] EPOCH [79/100] Train NME: 0.02639
[Wed Apr 19 22:24:11 2023|main.py|INFO] EPOCH [79/100] Test NME: 0.04123
[Wed Apr 19 22:24:11 2023|main.py|INFO] EPOCH [79/100] Learning rate: 0.00000
[Wed Apr 19 22:24:26 2023|main.py|INFO] EPOCH [80/100] Train NME: 0.02661
[Wed Apr 19 22:24:27 2023|main.py|INFO] EPOCH [80/100] Test NME: 0.04163
[Wed Apr 19 22:24:27 2023|main.py|INFO] EPOCH [80/100] Learning rate: 0.00000
[Wed Apr 19 22:24:42 2023|main.py|INFO] EPOCH [81/100] Train NME: 0.02652
[Wed Apr 19 22:24:43 2023|main.py|INFO] EPOCH [81/100] Test NME: 0.04145
[Wed Apr 19 22:24:43 2023|main.py|INFO] EPOCH [81/100] Learning rate: 0.00000
[Wed Apr 19 22:24:59 2023|main.py|INFO] EPOCH [82/100] Train NME: 0.02646
[Wed Apr 19 22:25:00 2023|main.py|INFO] EPOCH [82/100] Test NME: 0.04138
[Wed Apr 19 22:25:00 2023|main.py|INFO] EPOCH [82/100] Learning rate: 0.00000
[Wed Apr 19 22:25:15 2023|main.py|INFO] EPOCH [83/100] Train NME: 0.02658
[Wed Apr 19 22:25:16 2023|main.py|INFO] EPOCH [83/100] Test NME: 0.04162
[Wed Apr 19 22:25:16 2023|main.py|INFO] EPOCH [83/100] Learning rate: 0.00000
[Wed Apr 19 22:25:31 2023|main.py|INFO] EPOCH [84/100] Train NME: 0.02657
[Wed Apr 19 22:25:32 2023|main.py|INFO] EPOCH [84/100] Test NME: 0.04145
[Wed Apr 19 22:25:32 2023|main.py|INFO] EPOCH [84/100] Learning rate: 0.00000
[Wed Apr 19 22:25:48 2023|main.py|INFO] EPOCH [85/100] Train NME: 0.02656
[Wed Apr 19 22:25:49 2023|main.py|INFO] EPOCH [85/100] Test NME: 0.04131
[Wed Apr 19 22:25:49 2023|main.py|INFO] EPOCH [85/100] Learning rate: 0.00000
[Wed Apr 19 22:26:04 2023|main.py|INFO] EPOCH [86/100] Train NME: 0.02662
[Wed Apr 19 22:26:05 2023|main.py|INFO] EPOCH [86/100] Test NME: 0.04139
[Wed Apr 19 22:26:05 2023|main.py|INFO] EPOCH [86/100] Learning rate: 0.00000
[Wed Apr 19 22:26:20 2023|main.py|INFO] EPOCH [87/100] Train NME: 0.02651
[Wed Apr 19 22:26:21 2023|main.py|INFO] EPOCH [87/100] Test NME: 0.04134
[Wed Apr 19 22:26:21 2023|main.py|INFO] EPOCH [87/100] Learning rate: 0.00000
[Wed Apr 19 22:26:37 2023|main.py|INFO] EPOCH [88/100] Train NME: 0.02638
[Wed Apr 19 22:26:37 2023|main.py|INFO] EPOCH [88/100] Test NME: 0.04163
[Wed Apr 19 22:26:37 2023|main.py|INFO] EPOCH [88/100] Learning rate: 0.00000
[Wed Apr 19 22:26:53 2023|main.py|INFO] EPOCH [89/100] Train NME: 0.02645
[Wed Apr 19 22:26:54 2023|main.py|INFO] EPOCH [89/100] Test NME: 0.04143
[Wed Apr 19 22:26:54 2023|main.py|INFO] EPOCH [89/100] Learning rate: 0.00000
[Wed Apr 19 22:27:09 2023|main.py|INFO] EPOCH [90/100] Train NME: 0.02668
[Wed Apr 19 22:27:10 2023|main.py|INFO] EPOCH [90/100] Test NME: 0.04143
[Wed Apr 19 22:27:10 2023|main.py|INFO] EPOCH [90/100] Learning rate: 0.00000
[Wed Apr 19 22:27:25 2023|main.py|INFO] EPOCH [91/100] Train NME: 0.02656
[Wed Apr 19 22:27:26 2023|main.py|INFO] EPOCH [91/100] Test NME: 0.04153
[Wed Apr 19 22:27:26 2023|main.py|INFO] EPOCH [91/100] Learning rate: 0.00000
[Wed Apr 19 22:27:42 2023|main.py|INFO] EPOCH [92/100] Train NME: 0.02659
[Wed Apr 19 22:27:43 2023|main.py|INFO] EPOCH [92/100] Test NME: 0.04124
[Wed Apr 19 22:27:43 2023|main.py|INFO] EPOCH [92/100] Learning rate: 0.00000
[Wed Apr 19 22:27:58 2023|main.py|INFO] EPOCH [93/100] Train NME: 0.02664
[Wed Apr 19 22:27:59 2023|main.py|INFO] EPOCH [93/100] Test NME: 0.04184
[Wed Apr 19 22:27:59 2023|main.py|INFO] EPOCH [93/100] Learning rate: 0.00000
[Wed Apr 19 22:28:15 2023|main.py|INFO] EPOCH [94/100] Train NME: 0.02646
[Wed Apr 19 22:28:15 2023|main.py|INFO] EPOCH [94/100] Test NME: 0.04155
[Wed Apr 19 22:28:15 2023|main.py|INFO] EPOCH [94/100] Learning rate: 0.00000
[Wed Apr 19 22:28:31 2023|main.py|INFO] EPOCH [95/100] Train NME: 0.02657
[Wed Apr 19 22:28:32 2023|main.py|INFO] EPOCH [95/100] Test NME: 0.04148
[Wed Apr 19 22:28:32 2023|main.py|INFO] EPOCH [95/100] Learning rate: 0.00000
[Wed Apr 19 22:28:47 2023|main.py|INFO] EPOCH [96/100] Train NME: 0.02639
[Wed Apr 19 22:28:48 2023|main.py|INFO] EPOCH [96/100] Test NME: 0.04137
[Wed Apr 19 22:28:48 2023|main.py|INFO] EPOCH [96/100] Learning rate: 0.00000
[Wed Apr 19 22:29:04 2023|main.py|INFO] EPOCH [97/100] Train NME: 0.02656
[Wed Apr 19 22:29:04 2023|main.py|INFO] EPOCH [97/100] Test NME: 0.04165
[Wed Apr 19 22:29:04 2023|main.py|INFO] EPOCH [97/100] Learning rate: 0.00000
[Wed Apr 19 22:29:20 2023|main.py|INFO] EPOCH [98/100] Train NME: 0.02650
[Wed Apr 19 22:29:21 2023|main.py|INFO] EPOCH [98/100] Test NME: 0.04124
[Wed Apr 19 22:29:21 2023|main.py|INFO] EPOCH [98/100] Learning rate: 0.00000
[Wed Apr 19 22:29:36 2023|main.py|INFO] EPOCH [99/100] Train NME: 0.02660
[Wed Apr 19 22:29:37 2023|main.py|INFO] EPOCH [99/100] Test NME: 0.04147
[Wed Apr 19 22:29:37 2023|main.py|INFO] EPOCH [99/100] Learning rate: 0.00000
[Wed Apr 19 22:29:53 2023|main.py|INFO] EPOCH [100/100] Train NME: 0.02656
[Wed Apr 19 22:29:53 2023|main.py|INFO] EPOCH [100/100] Test NME: 0.04150
[Wed Apr 19 22:29:53 2023|main.py|INFO] EPOCH [100/100] Learning rate: 0.00000
