[Sun Apr 16 03:33:26 2023|main.py|INFO] Task: raw_CNN_noAug_MSE_lr0.3_B2
[Sun Apr 16 03:33:27 2023|main.py|INFO] Using device: cuda
[Sun Apr 16 03:33:27 2023|main.py|INFO] Using config: config\raw_CNN_noAug_MSE_lr0.3_B2.yaml
[Sun Apr 16 03:33:27 2023|main.py|INFO] Train path: data/training_images_full_train.npz
[Sun Apr 16 03:33:27 2023|main.py|INFO] Test path: data/training_images_full_test.npz
[Sun Apr 16 03:33:27 2023|main.py|INFO] Train augment: False
[Sun Apr 16 03:33:27 2023|main.py|INFO] Learning rate: 0.3
[Sun Apr 16 03:33:27 2023|main.py|INFO] Batch size: 2
[Sun Apr 16 03:33:27 2023|main.py|INFO] Num epochs: 100
[Sun Apr 16 03:33:27 2023|main.py|INFO] Save model: True
[Sun Apr 16 03:33:27 2023|main.py|INFO] Loss: MSE
[Sun Apr 16 03:33:27 2023|main.py|INFO] Log path: logs/raw_CNN_noAug_MSE_lr0.3_B2/2023-04-16_03-33-26.log
[Sun Apr 16 03:33:27 2023|main.py|INFO] Writer path: runs/raw_CNN_noAug_MSE_lr0.3_B2/2023-04-16_03-33-26
[Sun Apr 16 03:33:27 2023|main.py|INFO] Model name: resnet18
[Sun Apr 16 03:33:27 2023|main.py|INFO] Num outputs: 88
[Sun Apr 16 03:33:27 2023|main.py|INFO] Pretrained: True
[Sun Apr 16 03:33:27 2023|main.py|INFO] Load model: False
[Sun Apr 16 03:33:27 2023|main.py|INFO] Load path: None
[Sun Apr 16 03:33:27 2023|main.py|INFO] Loading data...
[Sun Apr 16 03:33:27 2023|main.py|INFO] Load dataset for raw_CNN_noAug_MSE_lr0.3_B2
[Sun Apr 16 03:33:32 2023|main.py|INFO] Initializing network resnet18 with 88 outputs...
[Sun Apr 16 03:33:34 2023|main.py|INFO] Network: ResNet(
  (conv1): Conv2d(3, 64, kernel_size=(7, 7), stride=(2, 2), padding=(3, 3), bias=False)
  (bn1): BatchNorm2d(64, eps=1e-05, momentum=0.1, affine=True, track_running_stats=True)
  (relu): ReLU(inplace=True)
  (maxpool): MaxPool2d(kernel_size=3, stride=2, padding=1, dilation=1, ceil_mode=False)
  (layer1): Sequential(
    (0): BasicBlock(
      (conv1): Conv2d(64, 64, kernel_size=(3, 3), stride=(1, 1), padding=(1, 1), bias=False)
      (bn1): BatchNorm2d(64, eps=1e-05, momentum=0.1, affine=True, track_running_stats=True)
      (relu): ReLU(inplace=True)
      (conv2): Conv2d(64, 64, kernel_size=(3, 3), stride=(1, 1), padding=(1, 1), bias=False)
      (bn2): BatchNorm2d(64, eps=1e-05, momentum=0.1, affine=True, track_running_stats=True)
    )
    (1): BasicBlock(
      (conv1): Conv2d(64, 64, kernel_size=(3, 3), stride=(1, 1), padding=(1, 1), bias=False)
      (bn1): BatchNorm2d(64, eps=1e-05, momentum=0.1, affine=True, track_running_stats=True)
      (relu): ReLU(inplace=True)
      (conv2): Conv2d(64, 64, kernel_size=(3, 3), stride=(1, 1), padding=(1, 1), bias=False)
      (bn2): BatchNorm2d(64, eps=1e-05, momentum=0.1, affine=True, track_running_stats=True)
    )
  )
  (layer2): Sequential(
    (0): BasicBlock(
      (conv1): Conv2d(64, 128, kernel_size=(3, 3), stride=(2, 2), padding=(1, 1), bias=False)
      (bn1): BatchNorm2d(128, eps=1e-05, momentum=0.1, affine=True, track_running_stats=True)
      (relu): ReLU(inplace=True)
      (conv2): Conv2d(128, 128, kernel_size=(3, 3), stride=(1, 1), padding=(1, 1), bias=False)
      (bn2): BatchNorm2d(128, eps=1e-05, momentum=0.1, affine=True, track_running_stats=True)
      (downsample): Sequential(
        (0): Conv2d(64, 128, kernel_size=(1, 1), stride=(2, 2), bias=False)
        (1): BatchNorm2d(128, eps=1e-05, momentum=0.1, affine=True, track_running_stats=True)
      )
    )
    (1): BasicBlock(
      (conv1): Conv2d(128, 128, kernel_size=(3, 3), stride=(1, 1), padding=(1, 1), bias=False)
      (bn1): BatchNorm2d(128, eps=1e-05, momentum=0.1, affine=True, track_running_stats=True)
      (relu): ReLU(inplace=True)
      (conv2): Conv2d(128, 128, kernel_size=(3, 3), stride=(1, 1), padding=(1, 1), bias=False)
      (bn2): BatchNorm2d(128, eps=1e-05, momentum=0.1, affine=True, track_running_stats=True)
    )
  )
  (layer3): Sequential(
    (0): BasicBlock(
      (conv1): Conv2d(128, 256, kernel_size=(3, 3), stride=(2, 2), padding=(1, 1), bias=False)
      (bn1): BatchNorm2d(256, eps=1e-05, momentum=0.1, affine=True, track_running_stats=True)
      (relu): ReLU(inplace=True)
      (conv2): Conv2d(256, 256, kernel_size=(3, 3), stride=(1, 1), padding=(1, 1), bias=False)
      (bn2): BatchNorm2d(256, eps=1e-05, momentum=0.1, affine=True, track_running_stats=True)
      (downsample): Sequential(
        (0): Conv2d(128, 256, kernel_size=(1, 1), stride=(2, 2), bias=False)
        (1): BatchNorm2d(256, eps=1e-05, momentum=0.1, affine=True, track_running_stats=True)
      )
    )
    (1): BasicBlock(
      (conv1): Conv2d(256, 256, kernel_size=(3, 3), stride=(1, 1), padding=(1, 1), bias=False)
      (bn1): BatchNorm2d(256, eps=1e-05, momentum=0.1, affine=True, track_running_stats=True)
      (relu): ReLU(inplace=True)
      (conv2): Conv2d(256, 256, kernel_size=(3, 3), stride=(1, 1), padding=(1, 1), bias=False)
      (bn2): BatchNorm2d(256, eps=1e-05, momentum=0.1, affine=True, track_running_stats=True)
    )
  )
  (layer4): Sequential(
    (0): BasicBlock(
      (conv1): Conv2d(256, 512, kernel_size=(3, 3), stride=(2, 2), padding=(1, 1), bias=False)
      (bn1): BatchNorm2d(512, eps=1e-05, momentum=0.1, affine=True, track_running_stats=True)
      (relu): ReLU(inplace=True)
      (conv2): Conv2d(512, 512, kernel_size=(3, 3), stride=(1, 1), padding=(1, 1), bias=False)
      (bn2): BatchNorm2d(512, eps=1e-05, momentum=0.1, affine=True, track_running_stats=True)
      (downsample): Sequential(
        (0): Conv2d(256, 512, kernel_size=(1, 1), stride=(2, 2), bias=False)
        (1): BatchNorm2d(512, eps=1e-05, momentum=0.1, affine=True, track_running_stats=True)
      )
    )
    (1): BasicBlock(
      (conv1): Conv2d(512, 512, kernel_size=(3, 3), stride=(1, 1), padding=(1, 1), bias=False)
      (bn1): BatchNorm2d(512, eps=1e-05, momentum=0.1, affine=True, track_running_stats=True)
      (relu): ReLU(inplace=True)
      (conv2): Conv2d(512, 512, kernel_size=(3, 3), stride=(1, 1), padding=(1, 1), bias=False)
      (bn2): BatchNorm2d(512, eps=1e-05, momentum=0.1, affine=True, track_running_stats=True)
    )
  )
  (avgpool): AdaptiveAvgPool2d(output_size=(1, 1))
  (fc): Linear(in_features=512, out_features=88, bias=True)
)
[Sun Apr 16 03:33:34 2023|main.py|INFO] Initializing loss and optimizer...
[Sun Apr 16 03:33:34 2023|main.py|INFO] Loss: MSE
[Sun Apr 16 03:33:34 2023|main.py|INFO] Optimizer: Adam
[Sun Apr 16 03:33:34 2023|main.py|INFO] Initializing tensorboard writer at: runs/raw_CNN_noAug_MSE_lr0.3_B2/2023-04-16_03-33-26
[Sun Apr 16 03:33:34 2023|main.py|INFO] Training network...
[Sun Apr 16 03:34:56 2023|main.py|INFO] EPOCH [1/100] Train NME: 0.19086
[Sun Apr 16 03:35:04 2023|main.py|INFO] EPOCH [1/100] Test NME: 0.16799
[Sun Apr 16 03:35:04 2023|main.py|INFO] EPOCH [1/100] Learning rate: 0.30000
[Sun Apr 16 03:35:04 2023|main.py|INFO] EPOCH [1/100] NME improved from 1000.00000 to 0.16799
[Sun Apr 16 03:35:04 2023|main.py|INFO] EPOCH [1/100] Saving model to: checkpoints/raw_CNN_noAug_MSE_lr0.3_B2/2023-04-16_03-35-04_epoch_1_NME_0.16799.pth.tar
[Sun Apr 16 03:36:07 2023|main.py|INFO] EPOCH [2/100] Train NME: 0.15411
[Sun Apr 16 03:36:15 2023|main.py|INFO] EPOCH [2/100] Test NME: 0.13363
[Sun Apr 16 03:36:15 2023|main.py|INFO] EPOCH [2/100] Learning rate: 0.24000
[Sun Apr 16 03:36:15 2023|main.py|INFO] EPOCH [2/100] NME improved from 0.16799 to 0.13363
[Sun Apr 16 03:36:15 2023|main.py|INFO] EPOCH [2/100] Saving model to: checkpoints/raw_CNN_noAug_MSE_lr0.3_B2/2023-04-16_03-36-15_epoch_2_NME_0.13363.pth.tar
[Sun Apr 16 03:37:20 2023|main.py|INFO] EPOCH [3/100] Train NME: 0.14063
[Sun Apr 16 03:37:27 2023|main.py|INFO] EPOCH [3/100] Test NME: 0.13476
[Sun Apr 16 03:37:27 2023|main.py|INFO] EPOCH [3/100] Learning rate: 0.19200
[Sun Apr 16 03:38:24 2023|main.py|INFO] EPOCH [4/100] Train NME: 0.13180
[Sun Apr 16 03:38:31 2023|main.py|INFO] EPOCH [4/100] Test NME: 0.14305
[Sun Apr 16 03:38:31 2023|main.py|INFO] EPOCH [4/100] Learning rate: 0.15360
[Sun Apr 16 03:39:31 2023|main.py|INFO] EPOCH [5/100] Train NME: 0.11372
[Sun Apr 16 03:39:38 2023|main.py|INFO] EPOCH [5/100] Test NME: 0.10306
[Sun Apr 16 03:39:38 2023|main.py|INFO] EPOCH [5/100] Learning rate: 0.12288
[Sun Apr 16 03:39:38 2023|main.py|INFO] EPOCH [5/100] NME improved from 0.13363 to 0.10306
[Sun Apr 16 03:39:38 2023|main.py|INFO] EPOCH [5/100] Saving model to: checkpoints/raw_CNN_noAug_MSE_lr0.3_B2/2023-04-16_03-39-38_epoch_5_NME_0.10306.pth.tar
[Sun Apr 16 03:40:39 2023|main.py|INFO] EPOCH [6/100] Train NME: 0.09769
[Sun Apr 16 03:40:45 2023|main.py|INFO] EPOCH [6/100] Test NME: 0.09386
[Sun Apr 16 03:40:45 2023|main.py|INFO] EPOCH [6/100] Learning rate: 0.09830
[Sun Apr 16 03:40:45 2023|main.py|INFO] EPOCH [6/100] NME improved from 0.10306 to 0.09386
[Sun Apr 16 03:40:45 2023|main.py|INFO] EPOCH [6/100] Saving model to: checkpoints/raw_CNN_noAug_MSE_lr0.3_B2/2023-04-16_03-40-45_epoch_6_NME_0.09386.pth.tar
[Sun Apr 16 03:41:46 2023|main.py|INFO] EPOCH [7/100] Train NME: 0.08637
[Sun Apr 16 03:41:53 2023|main.py|INFO] EPOCH [7/100] Test NME: 0.08612
[Sun Apr 16 03:41:53 2023|main.py|INFO] EPOCH [7/100] Learning rate: 0.07864
[Sun Apr 16 03:41:53 2023|main.py|INFO] EPOCH [7/100] NME improved from 0.09386 to 0.08612
[Sun Apr 16 03:41:53 2023|main.py|INFO] EPOCH [7/100] Saving model to: checkpoints/raw_CNN_noAug_MSE_lr0.3_B2/2023-04-16_03-41-53_epoch_7_NME_0.08612.pth.tar
[Sun Apr 16 03:42:56 2023|main.py|INFO] EPOCH [8/100] Train NME: 0.07792
[Sun Apr 16 03:43:03 2023|main.py|INFO] EPOCH [8/100] Test NME: 0.07958
[Sun Apr 16 03:43:03 2023|main.py|INFO] EPOCH [8/100] Learning rate: 0.06291
[Sun Apr 16 03:43:03 2023|main.py|INFO] EPOCH [8/100] NME improved from 0.08612 to 0.07958
[Sun Apr 16 03:43:03 2023|main.py|INFO] EPOCH [8/100] Saving model to: checkpoints/raw_CNN_noAug_MSE_lr0.3_B2/2023-04-16_03-43-03_epoch_8_NME_0.07958.pth.tar
[Sun Apr 16 03:44:06 2023|main.py|INFO] EPOCH [9/100] Train NME: 0.07332
[Sun Apr 16 03:44:13 2023|main.py|INFO] EPOCH [9/100] Test NME: 0.07369
[Sun Apr 16 03:44:13 2023|main.py|INFO] EPOCH [9/100] Learning rate: 0.05033
[Sun Apr 16 03:44:13 2023|main.py|INFO] EPOCH [9/100] NME improved from 0.07958 to 0.07369
[Sun Apr 16 03:44:13 2023|main.py|INFO] EPOCH [9/100] Saving model to: checkpoints/raw_CNN_noAug_MSE_lr0.3_B2/2023-04-16_03-44-13_epoch_9_NME_0.07369.pth.tar
[Sun Apr 16 03:45:16 2023|main.py|INFO] EPOCH [10/100] Train NME: 0.06759
[Sun Apr 16 03:45:23 2023|main.py|INFO] EPOCH [10/100] Test NME: 0.07275
[Sun Apr 16 03:45:23 2023|main.py|INFO] EPOCH [10/100] Learning rate: 0.04027
[Sun Apr 16 03:45:23 2023|main.py|INFO] EPOCH [10/100] NME improved from 0.07369 to 0.07275
[Sun Apr 16 03:45:23 2023|main.py|INFO] EPOCH [10/100] Saving model to: checkpoints/raw_CNN_noAug_MSE_lr0.3_B2/2023-04-16_03-45-23_epoch_10_NME_0.07275.pth.tar
[Sun Apr 16 03:46:28 2023|main.py|INFO] EPOCH [11/100] Train NME: 0.06382
[Sun Apr 16 03:46:35 2023|main.py|INFO] EPOCH [11/100] Test NME: 0.06963
[Sun Apr 16 03:46:35 2023|main.py|INFO] EPOCH [11/100] Learning rate: 0.03221
[Sun Apr 16 03:46:35 2023|main.py|INFO] EPOCH [11/100] NME improved from 0.07275 to 0.06963
[Sun Apr 16 03:46:35 2023|main.py|INFO] EPOCH [11/100] Saving model to: checkpoints/raw_CNN_noAug_MSE_lr0.3_B2/2023-04-16_03-46-35_epoch_11_NME_0.06963.pth.tar
[Sun Apr 16 03:47:39 2023|main.py|INFO] EPOCH [12/100] Train NME: 0.06101
[Sun Apr 16 03:47:45 2023|main.py|INFO] EPOCH [12/100] Test NME: 0.07295
[Sun Apr 16 03:47:45 2023|main.py|INFO] EPOCH [12/100] Learning rate: 0.02577
[Sun Apr 16 03:48:50 2023|main.py|INFO] EPOCH [13/100] Train NME: 0.05809
[Sun Apr 16 03:48:56 2023|main.py|INFO] EPOCH [13/100] Test NME: 0.06640
[Sun Apr 16 03:48:56 2023|main.py|INFO] EPOCH [13/100] Learning rate: 0.02062
[Sun Apr 16 03:48:56 2023|main.py|INFO] EPOCH [13/100] NME improved from 0.06963 to 0.06640
[Sun Apr 16 03:48:56 2023|main.py|INFO] EPOCH [13/100] Saving model to: checkpoints/raw_CNN_noAug_MSE_lr0.3_B2/2023-04-16_03-48-56_epoch_13_NME_0.06640.pth.tar
[Sun Apr 16 03:50:00 2023|main.py|INFO] EPOCH [14/100] Train NME: 0.05509
[Sun Apr 16 03:50:06 2023|main.py|INFO] EPOCH [14/100] Test NME: 0.06464
[Sun Apr 16 03:50:06 2023|main.py|INFO] EPOCH [14/100] Learning rate: 0.01649
[Sun Apr 16 03:50:06 2023|main.py|INFO] EPOCH [14/100] NME improved from 0.06640 to 0.06464
[Sun Apr 16 03:50:06 2023|main.py|INFO] EPOCH [14/100] Saving model to: checkpoints/raw_CNN_noAug_MSE_lr0.3_B2/2023-04-16_03-50-06_epoch_14_NME_0.06464.pth.tar
[Sun Apr 16 03:51:11 2023|main.py|INFO] EPOCH [15/100] Train NME: 0.05256
[Sun Apr 16 03:51:18 2023|main.py|INFO] EPOCH [15/100] Test NME: 0.06171
[Sun Apr 16 03:51:18 2023|main.py|INFO] EPOCH [15/100] Learning rate: 0.01319
[Sun Apr 16 03:51:18 2023|main.py|INFO] EPOCH [15/100] NME improved from 0.06464 to 0.06171
[Sun Apr 16 03:51:18 2023|main.py|INFO] EPOCH [15/100] Saving model to: checkpoints/raw_CNN_noAug_MSE_lr0.3_B2/2023-04-16_03-51-18_epoch_15_NME_0.06171.pth.tar
[Sun Apr 16 03:52:22 2023|main.py|INFO] EPOCH [16/100] Train NME: 0.05044
[Sun Apr 16 03:52:29 2023|main.py|INFO] EPOCH [16/100] Test NME: 0.06130
[Sun Apr 16 03:52:29 2023|main.py|INFO] EPOCH [16/100] Learning rate: 0.01056
[Sun Apr 16 03:52:29 2023|main.py|INFO] EPOCH [16/100] NME improved from 0.06171 to 0.06130
[Sun Apr 16 03:52:29 2023|main.py|INFO] EPOCH [16/100] Saving model to: checkpoints/raw_CNN_noAug_MSE_lr0.3_B2/2023-04-16_03-52-29_epoch_16_NME_0.06130.pth.tar
[Sun Apr 16 03:53:32 2023|main.py|INFO] EPOCH [17/100] Train NME: 0.04860
[Sun Apr 16 03:53:39 2023|main.py|INFO] EPOCH [17/100] Test NME: 0.06163
[Sun Apr 16 03:53:39 2023|main.py|INFO] EPOCH [17/100] Learning rate: 0.00844
[Sun Apr 16 03:54:42 2023|main.py|INFO] EPOCH [18/100] Train NME: 0.04711
[Sun Apr 16 03:54:49 2023|main.py|INFO] EPOCH [18/100] Test NME: 0.06070
[Sun Apr 16 03:54:49 2023|main.py|INFO] EPOCH [18/100] Learning rate: 0.00676
[Sun Apr 16 03:54:49 2023|main.py|INFO] EPOCH [18/100] NME improved from 0.06130 to 0.06070
[Sun Apr 16 03:54:49 2023|main.py|INFO] EPOCH [18/100] Saving model to: checkpoints/raw_CNN_noAug_MSE_lr0.3_B2/2023-04-16_03-54-49_epoch_18_NME_0.06070.pth.tar
[Sun Apr 16 03:55:52 2023|main.py|INFO] EPOCH [19/100] Train NME: 0.04559
[Sun Apr 16 03:55:59 2023|main.py|INFO] EPOCH [19/100] Test NME: 0.06439
[Sun Apr 16 03:55:59 2023|main.py|INFO] EPOCH [19/100] Learning rate: 0.00540
[Sun Apr 16 03:57:03 2023|main.py|INFO] EPOCH [20/100] Train NME: 0.04463
[Sun Apr 16 03:57:09 2023|main.py|INFO] EPOCH [20/100] Test NME: 0.06037
[Sun Apr 16 03:57:09 2023|main.py|INFO] EPOCH [20/100] Learning rate: 0.00432
[Sun Apr 16 03:57:09 2023|main.py|INFO] EPOCH [20/100] NME improved from 0.06070 to 0.06037
[Sun Apr 16 03:57:09 2023|main.py|INFO] EPOCH [20/100] Saving model to: checkpoints/raw_CNN_noAug_MSE_lr0.3_B2/2023-04-16_03-57-09_epoch_20_NME_0.06037.pth.tar
[Sun Apr 16 03:58:13 2023|main.py|INFO] EPOCH [21/100] Train NME: 0.04346
[Sun Apr 16 03:58:19 2023|main.py|INFO] EPOCH [21/100] Test NME: 0.06040
[Sun Apr 16 03:58:19 2023|main.py|INFO] EPOCH [21/100] Learning rate: 0.00346
[Sun Apr 16 03:59:23 2023|main.py|INFO] EPOCH [22/100] Train NME: 0.04283
[Sun Apr 16 03:59:30 2023|main.py|INFO] EPOCH [22/100] Test NME: 0.05956
[Sun Apr 16 03:59:30 2023|main.py|INFO] EPOCH [22/100] Learning rate: 0.00277
[Sun Apr 16 03:59:30 2023|main.py|INFO] EPOCH [22/100] NME improved from 0.06037 to 0.05956
[Sun Apr 16 03:59:30 2023|main.py|INFO] EPOCH [22/100] Saving model to: checkpoints/raw_CNN_noAug_MSE_lr0.3_B2/2023-04-16_03-59-30_epoch_22_NME_0.05956.pth.tar
[Sun Apr 16 04:00:32 2023|main.py|INFO] EPOCH [23/100] Train NME: 0.04207
[Sun Apr 16 04:00:39 2023|main.py|INFO] EPOCH [23/100] Test NME: 0.05957
[Sun Apr 16 04:00:39 2023|main.py|INFO] EPOCH [23/100] Learning rate: 0.00221
[Sun Apr 16 04:01:43 2023|main.py|INFO] EPOCH [24/100] Train NME: 0.04136
[Sun Apr 16 04:01:50 2023|main.py|INFO] EPOCH [24/100] Test NME: 0.06007
[Sun Apr 16 04:01:50 2023|main.py|INFO] EPOCH [24/100] Learning rate: 0.00177
[Sun Apr 16 04:02:53 2023|main.py|INFO] EPOCH [25/100] Train NME: 0.04107
[Sun Apr 16 04:03:00 2023|main.py|INFO] EPOCH [25/100] Test NME: 0.05934
[Sun Apr 16 04:03:00 2023|main.py|INFO] EPOCH [25/100] Learning rate: 0.00142
[Sun Apr 16 04:03:00 2023|main.py|INFO] EPOCH [25/100] NME improved from 0.05956 to 0.05934
[Sun Apr 16 04:03:00 2023|main.py|INFO] EPOCH [25/100] Saving model to: checkpoints/raw_CNN_noAug_MSE_lr0.3_B2/2023-04-16_04-03-00_epoch_25_NME_0.05934.pth.tar
[Sun Apr 16 04:04:05 2023|main.py|INFO] EPOCH [26/100] Train NME: 0.04041
[Sun Apr 16 04:04:11 2023|main.py|INFO] EPOCH [26/100] Test NME: 0.05980
[Sun Apr 16 04:04:11 2023|main.py|INFO] EPOCH [26/100] Learning rate: 0.00113
[Sun Apr 16 04:05:15 2023|main.py|INFO] EPOCH [27/100] Train NME: 0.04032
[Sun Apr 16 04:05:22 2023|main.py|INFO] EPOCH [27/100] Test NME: 0.05958
[Sun Apr 16 04:05:22 2023|main.py|INFO] EPOCH [27/100] Learning rate: 0.00091
[Sun Apr 16 04:06:26 2023|main.py|INFO] EPOCH [28/100] Train NME: 0.03996
[Sun Apr 16 04:06:33 2023|main.py|INFO] EPOCH [28/100] Test NME: 0.05942
[Sun Apr 16 04:06:33 2023|main.py|INFO] EPOCH [28/100] Learning rate: 0.00073
[Sun Apr 16 04:07:37 2023|main.py|INFO] EPOCH [29/100] Train NME: 0.03991
[Sun Apr 16 04:07:43 2023|main.py|INFO] EPOCH [29/100] Test NME: 0.05938
[Sun Apr 16 04:07:43 2023|main.py|INFO] EPOCH [29/100] Learning rate: 0.00058
[Sun Apr 16 04:08:47 2023|main.py|INFO] EPOCH [30/100] Train NME: 0.03954
[Sun Apr 16 04:08:56 2023|main.py|INFO] EPOCH [30/100] Test NME: 0.05932
[Sun Apr 16 04:08:56 2023|main.py|INFO] EPOCH [30/100] Learning rate: 0.00046
[Sun Apr 16 04:08:56 2023|main.py|INFO] EPOCH [30/100] NME improved from 0.05934 to 0.05932
[Sun Apr 16 04:08:56 2023|main.py|INFO] EPOCH [30/100] Saving model to: checkpoints/raw_CNN_noAug_MSE_lr0.3_B2/2023-04-16_04-08-56_epoch_30_NME_0.05932.pth.tar
[Sun Apr 16 04:10:00 2023|main.py|INFO] EPOCH [31/100] Train NME: 0.03951
[Sun Apr 16 04:10:06 2023|main.py|INFO] EPOCH [31/100] Test NME: 0.05915
[Sun Apr 16 04:10:06 2023|main.py|INFO] EPOCH [31/100] Learning rate: 0.00037
[Sun Apr 16 04:10:06 2023|main.py|INFO] EPOCH [31/100] NME improved from 0.05932 to 0.05915
[Sun Apr 16 04:10:06 2023|main.py|INFO] EPOCH [31/100] Saving model to: checkpoints/raw_CNN_noAug_MSE_lr0.3_B2/2023-04-16_04-10-06_epoch_31_NME_0.05915.pth.tar
[Sun Apr 16 04:11:10 2023|main.py|INFO] EPOCH [32/100] Train NME: 0.03931
[Sun Apr 16 04:11:16 2023|main.py|INFO] EPOCH [32/100] Test NME: 0.05966
[Sun Apr 16 04:11:16 2023|main.py|INFO] EPOCH [32/100] Learning rate: 0.00030
[Sun Apr 16 04:12:21 2023|main.py|INFO] EPOCH [33/100] Train NME: 0.03921
[Sun Apr 16 04:12:28 2023|main.py|INFO] EPOCH [33/100] Test NME: 0.05923
[Sun Apr 16 04:12:28 2023|main.py|INFO] EPOCH [33/100] Learning rate: 0.00024
[Sun Apr 16 04:13:32 2023|main.py|INFO] EPOCH [34/100] Train NME: 0.03919
[Sun Apr 16 04:13:38 2023|main.py|INFO] EPOCH [34/100] Test NME: 0.05928
[Sun Apr 16 04:13:38 2023|main.py|INFO] EPOCH [34/100] Learning rate: 0.00019
[Sun Apr 16 04:14:41 2023|main.py|INFO] EPOCH [35/100] Train NME: 0.03927
[Sun Apr 16 04:14:48 2023|main.py|INFO] EPOCH [35/100] Test NME: 0.05935
[Sun Apr 16 04:14:48 2023|main.py|INFO] EPOCH [35/100] Learning rate: 0.00015
[Sun Apr 16 04:15:51 2023|main.py|INFO] EPOCH [36/100] Train NME: 0.03916
[Sun Apr 16 04:15:58 2023|main.py|INFO] EPOCH [36/100] Test NME: 0.05935
[Sun Apr 16 04:15:58 2023|main.py|INFO] EPOCH [36/100] Learning rate: 0.00012
[Sun Apr 16 04:17:05 2023|main.py|INFO] EPOCH [37/100] Train NME: 0.03902
[Sun Apr 16 04:17:11 2023|main.py|INFO] EPOCH [37/100] Test NME: 0.05928
[Sun Apr 16 04:17:11 2023|main.py|INFO] EPOCH [37/100] Learning rate: 0.00010
[Sun Apr 16 04:18:15 2023|main.py|INFO] EPOCH [38/100] Train NME: 0.03906
[Sun Apr 16 04:18:21 2023|main.py|INFO] EPOCH [38/100] Test NME: 0.05936
[Sun Apr 16 04:18:21 2023|main.py|INFO] EPOCH [38/100] Learning rate: 0.00008
[Sun Apr 16 04:19:24 2023|main.py|INFO] EPOCH [39/100] Train NME: 0.03906
[Sun Apr 16 04:19:30 2023|main.py|INFO] EPOCH [39/100] Test NME: 0.05927
[Sun Apr 16 04:19:30 2023|main.py|INFO] EPOCH [39/100] Learning rate: 0.00006
[Sun Apr 16 04:20:34 2023|main.py|INFO] EPOCH [40/100] Train NME: 0.03915
[Sun Apr 16 04:20:40 2023|main.py|INFO] EPOCH [40/100] Test NME: 0.05921
[Sun Apr 16 04:20:40 2023|main.py|INFO] EPOCH [40/100] Learning rate: 0.00005
[Sun Apr 16 04:21:44 2023|main.py|INFO] EPOCH [41/100] Train NME: 0.03891
[Sun Apr 16 04:21:52 2023|main.py|INFO] EPOCH [41/100] Test NME: 0.05961
[Sun Apr 16 04:21:52 2023|main.py|INFO] EPOCH [41/100] Learning rate: 0.00004
[Sun Apr 16 04:22:56 2023|main.py|INFO] EPOCH [42/100] Train NME: 0.03900
[Sun Apr 16 04:23:02 2023|main.py|INFO] EPOCH [42/100] Test NME: 0.05903
[Sun Apr 16 04:23:02 2023|main.py|INFO] EPOCH [42/100] Learning rate: 0.00003
[Sun Apr 16 04:23:03 2023|main.py|INFO] EPOCH [42/100] NME improved from 0.05915 to 0.05903
[Sun Apr 16 04:23:03 2023|main.py|INFO] EPOCH [42/100] Saving model to: checkpoints/raw_CNN_noAug_MSE_lr0.3_B2/2023-04-16_04-23-03_epoch_42_NME_0.05903.pth.tar
[Sun Apr 16 04:24:06 2023|main.py|INFO] EPOCH [43/100] Train NME: 0.03884
[Sun Apr 16 04:24:13 2023|main.py|INFO] EPOCH [43/100] Test NME: 0.05917
[Sun Apr 16 04:24:13 2023|main.py|INFO] EPOCH [43/100] Learning rate: 0.00003
[Sun Apr 16 04:25:16 2023|main.py|INFO] EPOCH [44/100] Train NME: 0.03895
[Sun Apr 16 04:25:23 2023|main.py|INFO] EPOCH [44/100] Test NME: 0.05897
[Sun Apr 16 04:25:23 2023|main.py|INFO] EPOCH [44/100] Learning rate: 0.00002
[Sun Apr 16 04:25:23 2023|main.py|INFO] EPOCH [44/100] NME improved from 0.05903 to 0.05897
[Sun Apr 16 04:25:23 2023|main.py|INFO] EPOCH [44/100] Saving model to: checkpoints/raw_CNN_noAug_MSE_lr0.3_B2/2023-04-16_04-25-23_epoch_44_NME_0.05897.pth.tar
[Sun Apr 16 04:26:26 2023|main.py|INFO] EPOCH [45/100] Train NME: 0.03895
[Sun Apr 16 04:26:33 2023|main.py|INFO] EPOCH [45/100] Test NME: 0.05915
[Sun Apr 16 04:26:33 2023|main.py|INFO] EPOCH [45/100] Learning rate: 0.00002
[Sun Apr 16 04:27:33 2023|main.py|INFO] EPOCH [46/100] Train NME: 0.03899
[Sun Apr 16 04:27:37 2023|main.py|INFO] EPOCH [46/100] Test NME: 0.05919
[Sun Apr 16 04:27:37 2023|main.py|INFO] EPOCH [46/100] Learning rate: 0.00001
[Sun Apr 16 04:28:15 2023|main.py|INFO] EPOCH [47/100] Train NME: 0.03888
[Sun Apr 16 04:28:19 2023|main.py|INFO] EPOCH [47/100] Test NME: 0.05952
[Sun Apr 16 04:28:19 2023|main.py|INFO] EPOCH [47/100] Learning rate: 0.00001
[Sun Apr 16 04:28:57 2023|main.py|INFO] EPOCH [48/100] Train NME: 0.03880
[Sun Apr 16 04:29:00 2023|main.py|INFO] EPOCH [48/100] Test NME: 0.05913
[Sun Apr 16 04:29:00 2023|main.py|INFO] EPOCH [48/100] Learning rate: 0.00001
[Sun Apr 16 04:29:36 2023|main.py|INFO] EPOCH [49/100] Train NME: 0.03884
[Sun Apr 16 04:29:39 2023|main.py|INFO] EPOCH [49/100] Test NME: 0.05960
[Sun Apr 16 04:29:39 2023|main.py|INFO] EPOCH [49/100] Learning rate: 0.00001
[Sun Apr 16 04:30:16 2023|main.py|INFO] EPOCH [50/100] Train NME: 0.03883
[Sun Apr 16 04:30:20 2023|main.py|INFO] EPOCH [50/100] Test NME: 0.05921
[Sun Apr 16 04:30:20 2023|main.py|INFO] EPOCH [50/100] Learning rate: 0.00001
[Sun Apr 16 04:30:54 2023|main.py|INFO] EPOCH [51/100] Train NME: 0.03892
[Sun Apr 16 04:30:58 2023|main.py|INFO] EPOCH [51/100] Test NME: 0.05905
[Sun Apr 16 04:30:58 2023|main.py|INFO] EPOCH [51/100] Learning rate: 0.00000
[Sun Apr 16 04:31:33 2023|main.py|INFO] EPOCH [52/100] Train NME: 0.03897
[Sun Apr 16 04:31:37 2023|main.py|INFO] EPOCH [52/100] Test NME: 0.05927
[Sun Apr 16 04:31:37 2023|main.py|INFO] EPOCH [52/100] Learning rate: 0.00000
[Sun Apr 16 04:32:11 2023|main.py|INFO] EPOCH [53/100] Train NME: 0.03896
[Sun Apr 16 04:32:15 2023|main.py|INFO] EPOCH [53/100] Test NME: 0.05928
[Sun Apr 16 04:32:15 2023|main.py|INFO] EPOCH [53/100] Learning rate: 0.00000
[Sun Apr 16 04:32:48 2023|main.py|INFO] EPOCH [54/100] Train NME: 0.03886
[Sun Apr 16 04:32:51 2023|main.py|INFO] EPOCH [54/100] Test NME: 0.05967
[Sun Apr 16 04:32:51 2023|main.py|INFO] EPOCH [54/100] Learning rate: 0.00000
[Sun Apr 16 04:33:14 2023|main.py|INFO] EPOCH [55/100] Train NME: 0.03901
[Sun Apr 16 04:33:17 2023|main.py|INFO] EPOCH [55/100] Test NME: 0.05941
[Sun Apr 16 04:33:17 2023|main.py|INFO] EPOCH [55/100] Learning rate: 0.00000
[Sun Apr 16 04:33:50 2023|main.py|INFO] EPOCH [56/100] Train NME: 0.03891
[Sun Apr 16 04:33:54 2023|main.py|INFO] EPOCH [56/100] Test NME: 0.05923
[Sun Apr 16 04:33:54 2023|main.py|INFO] EPOCH [56/100] Learning rate: 0.00000
[Sun Apr 16 04:34:27 2023|main.py|INFO] EPOCH [57/100] Train NME: 0.03891
[Sun Apr 16 04:34:30 2023|main.py|INFO] EPOCH [57/100] Test NME: 0.05937
[Sun Apr 16 04:34:30 2023|main.py|INFO] EPOCH [57/100] Learning rate: 0.00000
[Sun Apr 16 04:35:04 2023|main.py|INFO] EPOCH [58/100] Train NME: 0.03885
[Sun Apr 16 04:35:08 2023|main.py|INFO] EPOCH [58/100] Test NME: 0.05934
[Sun Apr 16 04:35:08 2023|main.py|INFO] EPOCH [58/100] Learning rate: 0.00000
[Sun Apr 16 04:35:41 2023|main.py|INFO] EPOCH [59/100] Train NME: 0.03892
[Sun Apr 16 04:35:44 2023|main.py|INFO] EPOCH [59/100] Test NME: 0.05946
[Sun Apr 16 04:35:44 2023|main.py|INFO] EPOCH [59/100] Learning rate: 0.00000
[Sun Apr 16 04:36:17 2023|main.py|INFO] EPOCH [60/100] Train NME: 0.03892
[Sun Apr 16 04:36:20 2023|main.py|INFO] EPOCH [60/100] Test NME: 0.05926
[Sun Apr 16 04:36:20 2023|main.py|INFO] EPOCH [60/100] Learning rate: 0.00000
[Sun Apr 16 04:36:53 2023|main.py|INFO] EPOCH [61/100] Train NME: 0.03881
[Sun Apr 16 04:36:57 2023|main.py|INFO] EPOCH [61/100] Test NME: 0.05946
[Sun Apr 16 04:36:57 2023|main.py|INFO] EPOCH [61/100] Learning rate: 0.00000
[Sun Apr 16 04:37:28 2023|main.py|INFO] EPOCH [62/100] Train NME: 0.03881
[Sun Apr 16 04:37:32 2023|main.py|INFO] EPOCH [62/100] Test NME: 0.05910
[Sun Apr 16 04:37:32 2023|main.py|INFO] EPOCH [62/100] Learning rate: 0.00000
[Sun Apr 16 04:38:03 2023|main.py|INFO] EPOCH [63/100] Train NME: 0.03891
[Sun Apr 16 04:38:05 2023|main.py|INFO] EPOCH [63/100] Test NME: 0.05928
[Sun Apr 16 04:38:05 2023|main.py|INFO] EPOCH [63/100] Learning rate: 0.00000
[Sun Apr 16 04:38:27 2023|main.py|INFO] EPOCH [64/100] Train NME: 0.03891
[Sun Apr 16 04:38:29 2023|main.py|INFO] EPOCH [64/100] Test NME: 0.05909
[Sun Apr 16 04:38:29 2023|main.py|INFO] EPOCH [64/100] Learning rate: 0.00000
[Sun Apr 16 04:38:50 2023|main.py|INFO] EPOCH [65/100] Train NME: 0.03892
[Sun Apr 16 04:38:53 2023|main.py|INFO] EPOCH [65/100] Test NME: 0.05964
[Sun Apr 16 04:38:53 2023|main.py|INFO] EPOCH [65/100] Learning rate: 0.00000
[Sun Apr 16 04:39:14 2023|main.py|INFO] EPOCH [66/100] Train NME: 0.03891
[Sun Apr 16 04:39:17 2023|main.py|INFO] EPOCH [66/100] Test NME: 0.05945
[Sun Apr 16 04:39:17 2023|main.py|INFO] EPOCH [66/100] Learning rate: 0.00000
[Sun Apr 16 04:39:42 2023|main.py|INFO] EPOCH [67/100] Train NME: 0.03882
[Sun Apr 16 04:39:45 2023|main.py|INFO] EPOCH [67/100] Test NME: 0.05900
[Sun Apr 16 04:39:45 2023|main.py|INFO] EPOCH [67/100] Learning rate: 0.00000
[Sun Apr 16 04:40:19 2023|main.py|INFO] EPOCH [68/100] Train NME: 0.03896
[Sun Apr 16 04:40:23 2023|main.py|INFO] EPOCH [68/100] Test NME: 0.05904
[Sun Apr 16 04:40:23 2023|main.py|INFO] EPOCH [68/100] Learning rate: 0.00000
[Sun Apr 16 04:40:57 2023|main.py|INFO] EPOCH [69/100] Train NME: 0.03889
[Sun Apr 16 04:41:01 2023|main.py|INFO] EPOCH [69/100] Test NME: 0.05891
[Sun Apr 16 04:41:01 2023|main.py|INFO] EPOCH [69/100] Learning rate: 0.00000
[Sun Apr 16 04:41:01 2023|main.py|INFO] EPOCH [69/100] NME improved from 0.05897 to 0.05891
[Sun Apr 16 04:41:01 2023|main.py|INFO] EPOCH [69/100] Saving model to: checkpoints/raw_CNN_noAug_MSE_lr0.3_B2/2023-04-16_04-41-01_epoch_69_NME_0.05891.pth.tar
[Sun Apr 16 04:41:36 2023|main.py|INFO] EPOCH [70/100] Train NME: 0.03894
[Sun Apr 16 04:41:40 2023|main.py|INFO] EPOCH [70/100] Test NME: 0.05918
[Sun Apr 16 04:41:40 2023|main.py|INFO] EPOCH [70/100] Learning rate: 0.00000
[Sun Apr 16 04:42:16 2023|main.py|INFO] EPOCH [71/100] Train NME: 0.03900
[Sun Apr 16 04:42:19 2023|main.py|INFO] EPOCH [71/100] Test NME: 0.05975
[Sun Apr 16 04:42:19 2023|main.py|INFO] EPOCH [71/100] Learning rate: 0.00000
[Sun Apr 16 04:42:53 2023|main.py|INFO] EPOCH [72/100] Train NME: 0.03892
[Sun Apr 16 04:42:57 2023|main.py|INFO] EPOCH [72/100] Test NME: 0.05902
[Sun Apr 16 04:42:57 2023|main.py|INFO] EPOCH [72/100] Learning rate: 0.00000
[Sun Apr 16 04:43:31 2023|main.py|INFO] EPOCH [73/100] Train NME: 0.03895
[Sun Apr 16 04:43:35 2023|main.py|INFO] EPOCH [73/100] Test NME: 0.05908
[Sun Apr 16 04:43:35 2023|main.py|INFO] EPOCH [73/100] Learning rate: 0.00000
[Sun Apr 16 04:44:09 2023|main.py|INFO] EPOCH [74/100] Train NME: 0.03896
[Sun Apr 16 04:44:14 2023|main.py|INFO] EPOCH [74/100] Test NME: 0.05945
[Sun Apr 16 04:44:14 2023|main.py|INFO] EPOCH [74/100] Learning rate: 0.00000
[Sun Apr 16 04:44:48 2023|main.py|INFO] EPOCH [75/100] Train NME: 0.03907
[Sun Apr 16 04:44:52 2023|main.py|INFO] EPOCH [75/100] Test NME: 0.05916
[Sun Apr 16 04:44:52 2023|main.py|INFO] EPOCH [75/100] Learning rate: 0.00000
[Sun Apr 16 04:45:26 2023|main.py|INFO] EPOCH [76/100] Train NME: 0.03898
[Sun Apr 16 04:45:30 2023|main.py|INFO] EPOCH [76/100] Test NME: 0.05946
[Sun Apr 16 04:45:30 2023|main.py|INFO] EPOCH [76/100] Learning rate: 0.00000
[Sun Apr 16 04:46:04 2023|main.py|INFO] EPOCH [77/100] Train NME: 0.03886
[Sun Apr 16 04:46:08 2023|main.py|INFO] EPOCH [77/100] Test NME: 0.05913
[Sun Apr 16 04:46:08 2023|main.py|INFO] EPOCH [77/100] Learning rate: 0.00000
[Sun Apr 16 04:46:43 2023|main.py|INFO] EPOCH [78/100] Train NME: 0.03892
[Sun Apr 16 04:46:47 2023|main.py|INFO] EPOCH [78/100] Test NME: 0.05915
[Sun Apr 16 04:46:47 2023|main.py|INFO] EPOCH [78/100] Learning rate: 0.00000
[Sun Apr 16 04:47:22 2023|main.py|INFO] EPOCH [79/100] Train NME: 0.03879
[Sun Apr 16 04:47:26 2023|main.py|INFO] EPOCH [79/100] Test NME: 0.05874
[Sun Apr 16 04:47:26 2023|main.py|INFO] EPOCH [79/100] Learning rate: 0.00000
[Sun Apr 16 04:47:26 2023|main.py|INFO] EPOCH [79/100] NME improved from 0.05891 to 0.05874
[Sun Apr 16 04:47:26 2023|main.py|INFO] EPOCH [79/100] Saving model to: checkpoints/raw_CNN_noAug_MSE_lr0.3_B2/2023-04-16_04-47-26_epoch_79_NME_0.05874.pth.tar
[Sun Apr 16 04:48:00 2023|main.py|INFO] EPOCH [80/100] Train NME: 0.03896
[Sun Apr 16 04:48:04 2023|main.py|INFO] EPOCH [80/100] Test NME: 0.05893
[Sun Apr 16 04:48:04 2023|main.py|INFO] EPOCH [80/100] Learning rate: 0.00000
[Sun Apr 16 04:48:38 2023|main.py|INFO] EPOCH [81/100] Train NME: 0.03896
[Sun Apr 16 04:48:42 2023|main.py|INFO] EPOCH [81/100] Test NME: 0.05939
[Sun Apr 16 04:48:42 2023|main.py|INFO] EPOCH [81/100] Learning rate: 0.00000
[Sun Apr 16 04:49:17 2023|main.py|INFO] EPOCH [82/100] Train NME: 0.03896
[Sun Apr 16 04:49:21 2023|main.py|INFO] EPOCH [82/100] Test NME: 0.05884
[Sun Apr 16 04:49:21 2023|main.py|INFO] EPOCH [82/100] Learning rate: 0.00000
[Sun Apr 16 04:49:56 2023|main.py|INFO] EPOCH [83/100] Train NME: 0.03896
[Sun Apr 16 04:50:00 2023|main.py|INFO] EPOCH [83/100] Test NME: 0.05923
[Sun Apr 16 04:50:00 2023|main.py|INFO] EPOCH [83/100] Learning rate: 0.00000
[Sun Apr 16 04:50:34 2023|main.py|INFO] EPOCH [84/100] Train NME: 0.03896
[Sun Apr 16 04:50:38 2023|main.py|INFO] EPOCH [84/100] Test NME: 0.05881
[Sun Apr 16 04:50:38 2023|main.py|INFO] EPOCH [84/100] Learning rate: 0.00000
[Sun Apr 16 04:51:13 2023|main.py|INFO] EPOCH [85/100] Train NME: 0.03906
[Sun Apr 16 04:51:17 2023|main.py|INFO] EPOCH [85/100] Test NME: 0.05924
[Sun Apr 16 04:51:17 2023|main.py|INFO] EPOCH [85/100] Learning rate: 0.00000
[Sun Apr 16 04:51:50 2023|main.py|INFO] EPOCH [86/100] Train NME: 0.03887
[Sun Apr 16 04:51:55 2023|main.py|INFO] EPOCH [86/100] Test NME: 0.05894
[Sun Apr 16 04:51:55 2023|main.py|INFO] EPOCH [86/100] Learning rate: 0.00000
[Sun Apr 16 04:52:29 2023|main.py|INFO] EPOCH [87/100] Train NME: 0.03893
[Sun Apr 16 04:52:33 2023|main.py|INFO] EPOCH [87/100] Test NME: 0.05949
[Sun Apr 16 04:52:33 2023|main.py|INFO] EPOCH [87/100] Learning rate: 0.00000
[Sun Apr 16 04:53:07 2023|main.py|INFO] EPOCH [88/100] Train NME: 0.03878
[Sun Apr 16 04:53:12 2023|main.py|INFO] EPOCH [88/100] Test NME: 0.05936
[Sun Apr 16 04:53:12 2023|main.py|INFO] EPOCH [88/100] Learning rate: 0.00000
[Sun Apr 16 04:53:46 2023|main.py|INFO] EPOCH [89/100] Train NME: 0.03887
[Sun Apr 16 04:53:50 2023|main.py|INFO] EPOCH [89/100] Test NME: 0.05931
[Sun Apr 16 04:53:50 2023|main.py|INFO] EPOCH [89/100] Learning rate: 0.00000
[Sun Apr 16 04:54:24 2023|main.py|INFO] EPOCH [90/100] Train NME: 0.03900
[Sun Apr 16 04:54:28 2023|main.py|INFO] EPOCH [90/100] Test NME: 0.05935
[Sun Apr 16 04:54:28 2023|main.py|INFO] EPOCH [90/100] Learning rate: 0.00000
[Sun Apr 16 04:55:03 2023|main.py|INFO] EPOCH [91/100] Train NME: 0.03883
[Sun Apr 16 04:55:07 2023|main.py|INFO] EPOCH [91/100] Test NME: 0.05921
[Sun Apr 16 04:55:07 2023|main.py|INFO] EPOCH [91/100] Learning rate: 0.00000
[Sun Apr 16 04:55:42 2023|main.py|INFO] EPOCH [92/100] Train NME: 0.03885
[Sun Apr 16 04:55:44 2023|main.py|INFO] EPOCH [92/100] Test NME: 0.05880
[Sun Apr 16 04:55:44 2023|main.py|INFO] EPOCH [92/100] Learning rate: 0.00000
[Sun Apr 16 04:56:05 2023|main.py|INFO] EPOCH [93/100] Train NME: 0.03887
[Sun Apr 16 04:56:08 2023|main.py|INFO] EPOCH [93/100] Test NME: 0.05917
[Sun Apr 16 04:56:08 2023|main.py|INFO] EPOCH [93/100] Learning rate: 0.00000
[Sun Apr 16 04:56:30 2023|main.py|INFO] EPOCH [94/100] Train NME: 0.03881
[Sun Apr 16 04:56:32 2023|main.py|INFO] EPOCH [94/100] Test NME: 0.05955
[Sun Apr 16 04:56:32 2023|main.py|INFO] EPOCH [94/100] Learning rate: 0.00000
[Sun Apr 16 04:56:53 2023|main.py|INFO] EPOCH [95/100] Train NME: 0.03881
[Sun Apr 16 04:56:56 2023|main.py|INFO] EPOCH [95/100] Test NME: 0.05934
[Sun Apr 16 04:56:56 2023|main.py|INFO] EPOCH [95/100] Learning rate: 0.00000
[Sun Apr 16 04:57:17 2023|main.py|INFO] EPOCH [96/100] Train NME: 0.03902
[Sun Apr 16 04:57:19 2023|main.py|INFO] EPOCH [96/100] Test NME: 0.05922
[Sun Apr 16 04:57:19 2023|main.py|INFO] EPOCH [96/100] Learning rate: 0.00000
[Sun Apr 16 04:57:41 2023|main.py|INFO] EPOCH [97/100] Train NME: 0.03890
[Sun Apr 16 04:57:44 2023|main.py|INFO] EPOCH [97/100] Test NME: 0.05899
[Sun Apr 16 04:57:44 2023|main.py|INFO] EPOCH [97/100] Learning rate: 0.00000
[Sun Apr 16 04:58:05 2023|main.py|INFO] EPOCH [98/100] Train NME: 0.03888
[Sun Apr 16 04:58:07 2023|main.py|INFO] EPOCH [98/100] Test NME: 0.05941
[Sun Apr 16 04:58:07 2023|main.py|INFO] EPOCH [98/100] Learning rate: 0.00000
[Sun Apr 16 04:58:29 2023|main.py|INFO] EPOCH [99/100] Train NME: 0.03896
[Sun Apr 16 04:58:31 2023|main.py|INFO] EPOCH [99/100] Test NME: 0.05936
[Sun Apr 16 04:58:31 2023|main.py|INFO] EPOCH [99/100] Learning rate: 0.00000
[Sun Apr 16 04:58:52 2023|main.py|INFO] EPOCH [100/100] Train NME: 0.03895
[Sun Apr 16 04:58:55 2023|main.py|INFO] EPOCH [100/100] Test NME: 0.05902
[Sun Apr 16 04:58:55 2023|main.py|INFO] EPOCH [100/100] Learning rate: 0.00000
