[Fri Apr 21 21:32:31 2023|main.py|INFO] Task: Cas_Stage2_noAug_MSE-S1_noAug_MSE-lr0.3_B4
[Fri Apr 21 21:32:31 2023|main.py|INFO] Training cascade stage 2
[Fri Apr 21 21:32:31 2023|main.py|INFO] Stage 1 model: resnet18
[Fri Apr 21 21:32:31 2023|main.py|INFO] Stage 1 model path: checkpoints/Cas_Stage1_noAug_MSE_lr0.5_B2/2023-04-20_18-11-00_epoch_68_NME_0.03373.pth.tar
[Fri Apr 21 21:32:31 2023|main.py|INFO] Using device: cuda
[Fri Apr 21 21:32:31 2023|main.py|INFO] Using config: config\Cas_Stage2_noAug_MSE-S1_noAug_MSE\Cas_Stage2_noAug_MSE-S1_noAug_MSE-lr0.3_B4.yaml
[Fri Apr 21 21:32:31 2023|main.py|INFO] Train path: data/training_images_full_train.npz
[Fri Apr 21 21:32:31 2023|main.py|INFO] Test path: data/training_images_full_test.npz
[Fri Apr 21 21:32:31 2023|main.py|INFO] Train augment: False
[Fri Apr 21 21:32:31 2023|main.py|INFO] Learning rate: 0.3
[Fri Apr 21 21:32:31 2023|main.py|INFO] Batch size: 4
[Fri Apr 21 21:32:31 2023|main.py|INFO] Num epochs: 120
[Fri Apr 21 21:32:31 2023|main.py|INFO] Save model: True
[Fri Apr 21 21:32:31 2023|main.py|INFO] Loss: MSE
[Fri Apr 21 21:32:31 2023|main.py|INFO] Log path: logs/Cas_Stage2_noAug_MSE-S1_noAug_MSE-lr0.3_B4/2023-04-21_21-32-31.log
[Fri Apr 21 21:32:31 2023|main.py|INFO] Writer path: runs/Cas_Stage2_noAug_MSE-S1_noAug_MSE-lr0.3_B4/2023-04-21_21-32-31
[Fri Apr 21 21:32:31 2023|main.py|INFO] Model name: resnet50
[Fri Apr 21 21:32:31 2023|main.py|INFO] Num outputs: 88
[Fri Apr 21 21:32:31 2023|main.py|INFO] Pretrained: True
[Fri Apr 21 21:32:31 2023|main.py|INFO] Load model: False
[Fri Apr 21 21:32:31 2023|main.py|INFO] Load path: None
[Fri Apr 21 21:32:31 2023|main.py|INFO] Loading data...
[Fri Apr 21 21:32:31 2023|main.py|INFO] Load stage 1 model
[Fri Apr 21 21:32:33 2023|main.py|INFO] Load dataset for cascade stage 2
[Fri Apr 21 21:32:35 2023|main.py|INFO] Initializing network resnet50 with 88 outputs...
[Fri Apr 21 21:32:36 2023|main.py|INFO] Network: ResNet(
  (conv1): Conv2d(3, 64, kernel_size=(7, 7), stride=(2, 2), padding=(3, 3), bias=False)
  (bn1): BatchNorm2d(64, eps=1e-05, momentum=0.1, affine=True, track_running_stats=True)
  (relu): ReLU(inplace=True)
  (maxpool): MaxPool2d(kernel_size=3, stride=2, padding=1, dilation=1, ceil_mode=False)
  (layer1): Sequential(
    (0): BottleNeck(
      (conv1): Conv2d(64, 64, kernel_size=(1, 1), stride=(1, 1), bias=False)
      (bn1): BatchNorm2d(64, eps=1e-05, momentum=0.1, affine=True, track_running_stats=True)
      (relu): ReLU(inplace=True)
      (conv2): Conv2d(64, 64, kernel_size=(3, 3), stride=(1, 1), padding=(1, 1), bias=False)
      (bn2): BatchNorm2d(64, eps=1e-05, momentum=0.1, affine=True, track_running_stats=True)
      (conv3): Conv2d(64, 256, kernel_size=(1, 1), stride=(1, 1), bias=False)
      (bn3): BatchNorm2d(256, eps=1e-05, momentum=0.1, affine=True, track_running_stats=True)
      (downsample): Sequential(
        (0): Conv2d(64, 256, kernel_size=(1, 1), stride=(1, 1), bias=False)
        (1): BatchNorm2d(256, eps=1e-05, momentum=0.1, affine=True, track_running_stats=True)
      )
    )
    (1): BottleNeck(
      (conv1): Conv2d(256, 64, kernel_size=(1, 1), stride=(1, 1), bias=False)
      (bn1): BatchNorm2d(64, eps=1e-05, momentum=0.1, affine=True, track_running_stats=True)
      (relu): ReLU(inplace=True)
      (conv2): Conv2d(64, 64, kernel_size=(3, 3), stride=(1, 1), padding=(1, 1), bias=False)
      (bn2): BatchNorm2d(64, eps=1e-05, momentum=0.1, affine=True, track_running_stats=True)
      (conv3): Conv2d(64, 256, kernel_size=(1, 1), stride=(1, 1), bias=False)
      (bn3): BatchNorm2d(256, eps=1e-05, momentum=0.1, affine=True, track_running_stats=True)
    )
    (2): BottleNeck(
      (conv1): Conv2d(256, 64, kernel_size=(1, 1), stride=(1, 1), bias=False)
      (bn1): BatchNorm2d(64, eps=1e-05, momentum=0.1, affine=True, track_running_stats=True)
      (relu): ReLU(inplace=True)
      (conv2): Conv2d(64, 64, kernel_size=(3, 3), stride=(1, 1), padding=(1, 1), bias=False)
      (bn2): BatchNorm2d(64, eps=1e-05, momentum=0.1, affine=True, track_running_stats=True)
      (conv3): Conv2d(64, 256, kernel_size=(1, 1), stride=(1, 1), bias=False)
      (bn3): BatchNorm2d(256, eps=1e-05, momentum=0.1, affine=True, track_running_stats=True)
    )
  )
  (layer2): Sequential(
    (0): BottleNeck(
      (conv1): Conv2d(256, 128, kernel_size=(1, 1), stride=(1, 1), bias=False)
      (bn1): BatchNorm2d(128, eps=1e-05, momentum=0.1, affine=True, track_running_stats=True)
      (relu): ReLU(inplace=True)
      (conv2): Conv2d(128, 128, kernel_size=(3, 3), stride=(2, 2), padding=(1, 1), bias=False)
      (bn2): BatchNorm2d(128, eps=1e-05, momentum=0.1, affine=True, track_running_stats=True)
      (conv3): Conv2d(128, 512, kernel_size=(1, 1), stride=(1, 1), bias=False)
      (bn3): BatchNorm2d(512, eps=1e-05, momentum=0.1, affine=True, track_running_stats=True)
      (downsample): Sequential(
        (0): Conv2d(256, 512, kernel_size=(1, 1), stride=(2, 2), bias=False)
        (1): BatchNorm2d(512, eps=1e-05, momentum=0.1, affine=True, track_running_stats=True)
      )
    )
    (1): BottleNeck(
      (conv1): Conv2d(512, 128, kernel_size=(1, 1), stride=(1, 1), bias=False)
      (bn1): BatchNorm2d(128, eps=1e-05, momentum=0.1, affine=True, track_running_stats=True)
      (relu): ReLU(inplace=True)
      (conv2): Conv2d(128, 128, kernel_size=(3, 3), stride=(1, 1), padding=(1, 1), bias=False)
      (bn2): BatchNorm2d(128, eps=1e-05, momentum=0.1, affine=True, track_running_stats=True)
      (conv3): Conv2d(128, 512, kernel_size=(1, 1), stride=(1, 1), bias=False)
      (bn3): BatchNorm2d(512, eps=1e-05, momentum=0.1, affine=True, track_running_stats=True)
    )
    (2): BottleNeck(
      (conv1): Conv2d(512, 128, kernel_size=(1, 1), stride=(1, 1), bias=False)
      (bn1): BatchNorm2d(128, eps=1e-05, momentum=0.1, affine=True, track_running_stats=True)
      (relu): ReLU(inplace=True)
      (conv2): Conv2d(128, 128, kernel_size=(3, 3), stride=(1, 1), padding=(1, 1), bias=False)
      (bn2): BatchNorm2d(128, eps=1e-05, momentum=0.1, affine=True, track_running_stats=True)
      (conv3): Conv2d(128, 512, kernel_size=(1, 1), stride=(1, 1), bias=False)
      (bn3): BatchNorm2d(512, eps=1e-05, momentum=0.1, affine=True, track_running_stats=True)
    )
    (3): BottleNeck(
      (conv1): Conv2d(512, 128, kernel_size=(1, 1), stride=(1, 1), bias=False)
      (bn1): BatchNorm2d(128, eps=1e-05, momentum=0.1, affine=True, track_running_stats=True)
      (relu): ReLU(inplace=True)
      (conv2): Conv2d(128, 128, kernel_size=(3, 3), stride=(1, 1), padding=(1, 1), bias=False)
      (bn2): BatchNorm2d(128, eps=1e-05, momentum=0.1, affine=True, track_running_stats=True)
      (conv3): Conv2d(128, 512, kernel_size=(1, 1), stride=(1, 1), bias=False)
      (bn3): BatchNorm2d(512, eps=1e-05, momentum=0.1, affine=True, track_running_stats=True)
    )
  )
  (layer3): Sequential(
    (0): BottleNeck(
      (conv1): Conv2d(512, 256, kernel_size=(1, 1), stride=(1, 1), bias=False)
      (bn1): BatchNorm2d(256, eps=1e-05, momentum=0.1, affine=True, track_running_stats=True)
      (relu): ReLU(inplace=True)
      (conv2): Conv2d(256, 256, kernel_size=(3, 3), stride=(2, 2), padding=(1, 1), bias=False)
      (bn2): BatchNorm2d(256, eps=1e-05, momentum=0.1, affine=True, track_running_stats=True)
      (conv3): Conv2d(256, 1024, kernel_size=(1, 1), stride=(1, 1), bias=False)
      (bn3): BatchNorm2d(1024, eps=1e-05, momentum=0.1, affine=True, track_running_stats=True)
      (downsample): Sequential(
        (0): Conv2d(512, 1024, kernel_size=(1, 1), stride=(2, 2), bias=False)
        (1): BatchNorm2d(1024, eps=1e-05, momentum=0.1, affine=True, track_running_stats=True)
      )
    )
    (1): BottleNeck(
      (conv1): Conv2d(1024, 256, kernel_size=(1, 1), stride=(1, 1), bias=False)
      (bn1): BatchNorm2d(256, eps=1e-05, momentum=0.1, affine=True, track_running_stats=True)
      (relu): ReLU(inplace=True)
      (conv2): Conv2d(256, 256, kernel_size=(3, 3), stride=(1, 1), padding=(1, 1), bias=False)
      (bn2): BatchNorm2d(256, eps=1e-05, momentum=0.1, affine=True, track_running_stats=True)
      (conv3): Conv2d(256, 1024, kernel_size=(1, 1), stride=(1, 1), bias=False)
      (bn3): BatchNorm2d(1024, eps=1e-05, momentum=0.1, affine=True, track_running_stats=True)
    )
    (2): BottleNeck(
      (conv1): Conv2d(1024, 256, kernel_size=(1, 1), stride=(1, 1), bias=False)
      (bn1): BatchNorm2d(256, eps=1e-05, momentum=0.1, affine=True, track_running_stats=True)
      (relu): ReLU(inplace=True)
      (conv2): Conv2d(256, 256, kernel_size=(3, 3), stride=(1, 1), padding=(1, 1), bias=False)
      (bn2): BatchNorm2d(256, eps=1e-05, momentum=0.1, affine=True, track_running_stats=True)
      (conv3): Conv2d(256, 1024, kernel_size=(1, 1), stride=(1, 1), bias=False)
      (bn3): BatchNorm2d(1024, eps=1e-05, momentum=0.1, affine=True, track_running_stats=True)
    )
    (3): BottleNeck(
      (conv1): Conv2d(1024, 256, kernel_size=(1, 1), stride=(1, 1), bias=False)
      (bn1): BatchNorm2d(256, eps=1e-05, momentum=0.1, affine=True, track_running_stats=True)
      (relu): ReLU(inplace=True)
      (conv2): Conv2d(256, 256, kernel_size=(3, 3), stride=(1, 1), padding=(1, 1), bias=False)
      (bn2): BatchNorm2d(256, eps=1e-05, momentum=0.1, affine=True, track_running_stats=True)
      (conv3): Conv2d(256, 1024, kernel_size=(1, 1), stride=(1, 1), bias=False)
      (bn3): BatchNorm2d(1024, eps=1e-05, momentum=0.1, affine=True, track_running_stats=True)
    )
    (4): BottleNeck(
      (conv1): Conv2d(1024, 256, kernel_size=(1, 1), stride=(1, 1), bias=False)
      (bn1): BatchNorm2d(256, eps=1e-05, momentum=0.1, affine=True, track_running_stats=True)
      (relu): ReLU(inplace=True)
      (conv2): Conv2d(256, 256, kernel_size=(3, 3), stride=(1, 1), padding=(1, 1), bias=False)
      (bn2): BatchNorm2d(256, eps=1e-05, momentum=0.1, affine=True, track_running_stats=True)
      (conv3): Conv2d(256, 1024, kernel_size=(1, 1), stride=(1, 1), bias=False)
      (bn3): BatchNorm2d(1024, eps=1e-05, momentum=0.1, affine=True, track_running_stats=True)
    )
    (5): BottleNeck(
      (conv1): Conv2d(1024, 256, kernel_size=(1, 1), stride=(1, 1), bias=False)
      (bn1): BatchNorm2d(256, eps=1e-05, momentum=0.1, affine=True, track_running_stats=True)
      (relu): ReLU(inplace=True)
      (conv2): Conv2d(256, 256, kernel_size=(3, 3), stride=(1, 1), padding=(1, 1), bias=False)
      (bn2): BatchNorm2d(256, eps=1e-05, momentum=0.1, affine=True, track_running_stats=True)
      (conv3): Conv2d(256, 1024, kernel_size=(1, 1), stride=(1, 1), bias=False)
      (bn3): BatchNorm2d(1024, eps=1e-05, momentum=0.1, affine=True, track_running_stats=True)
    )
  )
  (layer4): Sequential(
    (0): BottleNeck(
      (conv1): Conv2d(1024, 512, kernel_size=(1, 1), stride=(1, 1), bias=False)
      (bn1): BatchNorm2d(512, eps=1e-05, momentum=0.1, affine=True, track_running_stats=True)
      (relu): ReLU(inplace=True)
      (conv2): Conv2d(512, 512, kernel_size=(3, 3), stride=(2, 2), padding=(1, 1), bias=False)
      (bn2): BatchNorm2d(512, eps=1e-05, momentum=0.1, affine=True, track_running_stats=True)
      (conv3): Conv2d(512, 2048, kernel_size=(1, 1), stride=(1, 1), bias=False)
      (bn3): BatchNorm2d(2048, eps=1e-05, momentum=0.1, affine=True, track_running_stats=True)
      (downsample): Sequential(
        (0): Conv2d(1024, 2048, kernel_size=(1, 1), stride=(2, 2), bias=False)
        (1): BatchNorm2d(2048, eps=1e-05, momentum=0.1, affine=True, track_running_stats=True)
      )
    )
    (1): BottleNeck(
      (conv1): Conv2d(2048, 512, kernel_size=(1, 1), stride=(1, 1), bias=False)
      (bn1): BatchNorm2d(512, eps=1e-05, momentum=0.1, affine=True, track_running_stats=True)
      (relu): ReLU(inplace=True)
      (conv2): Conv2d(512, 512, kernel_size=(3, 3), stride=(1, 1), padding=(1, 1), bias=False)
      (bn2): BatchNorm2d(512, eps=1e-05, momentum=0.1, affine=True, track_running_stats=True)
      (conv3): Conv2d(512, 2048, kernel_size=(1, 1), stride=(1, 1), bias=False)
      (bn3): BatchNorm2d(2048, eps=1e-05, momentum=0.1, affine=True, track_running_stats=True)
    )
    (2): BottleNeck(
      (conv1): Conv2d(2048, 512, kernel_size=(1, 1), stride=(1, 1), bias=False)
      (bn1): BatchNorm2d(512, eps=1e-05, momentum=0.1, affine=True, track_running_stats=True)
      (relu): ReLU(inplace=True)
      (conv2): Conv2d(512, 512, kernel_size=(3, 3), stride=(1, 1), padding=(1, 1), bias=False)
      (bn2): BatchNorm2d(512, eps=1e-05, momentum=0.1, affine=True, track_running_stats=True)
      (conv3): Conv2d(512, 2048, kernel_size=(1, 1), stride=(1, 1), bias=False)
      (bn3): BatchNorm2d(2048, eps=1e-05, momentum=0.1, affine=True, track_running_stats=True)
    )
  )
  (avgpool): AdaptiveAvgPool2d(output_size=(1, 1))
  (fc): Linear(in_features=2048, out_features=88, bias=True)
)
[Fri Apr 21 21:32:36 2023|main.py|INFO] Initializing loss and optimizer...
[Fri Apr 21 21:32:36 2023|main.py|INFO] Loss: MSE
[Fri Apr 21 21:32:36 2023|main.py|INFO] Optimizer: Adam
[Fri Apr 21 21:32:36 2023|main.py|INFO] Initializing tensorboard writer at: runs/Cas_Stage2_noAug_MSE-S1_noAug_MSE-lr0.3_B4/2023-04-21_21-32-31
[Fri Apr 21 21:32:36 2023|main.py|INFO] Training network...
[Fri Apr 21 21:33:08 2023|main.py|INFO] EPOCH [1/120] Train NME: 0.55541
[Fri Apr 21 21:33:12 2023|main.py|INFO] EPOCH [1/120] Test NME: 0.25906
[Fri Apr 21 21:33:12 2023|main.py|INFO] EPOCH [1/120] Learning rate: 0.30000
[Fri Apr 21 21:33:12 2023|main.py|INFO] EPOCH [1/120] NME improved from 1000.00000 to 0.25906
[Fri Apr 21 21:33:12 2023|main.py|INFO] EPOCH [1/120] Saving model to: checkpoints/Cas_Stage2_noAug_MSE-S1_noAug_MSE-lr0.3_B4/2023-04-21_21-33-12_epoch_1_NME_0.25906.pth.tar
[Fri Apr 21 21:33:43 2023|main.py|INFO] EPOCH [2/120] Train NME: 0.17226
[Fri Apr 21 21:33:47 2023|main.py|INFO] EPOCH [2/120] Test NME: 0.10795
[Fri Apr 21 21:33:47 2023|main.py|INFO] EPOCH [2/120] Learning rate: 0.24000
[Fri Apr 21 21:33:47 2023|main.py|INFO] EPOCH [2/120] NME improved from 0.25906 to 0.10795
[Fri Apr 21 21:33:47 2023|main.py|INFO] EPOCH [2/120] Saving model to: checkpoints/Cas_Stage2_noAug_MSE-S1_noAug_MSE-lr0.3_B4/2023-04-21_21-33-47_epoch_2_NME_0.10795.pth.tar
[Fri Apr 21 21:34:18 2023|main.py|INFO] EPOCH [3/120] Train NME: 0.13875
[Fri Apr 21 21:34:22 2023|main.py|INFO] EPOCH [3/120] Test NME: 0.10751
[Fri Apr 21 21:34:22 2023|main.py|INFO] EPOCH [3/120] Learning rate: 0.19200
[Fri Apr 21 21:34:22 2023|main.py|INFO] EPOCH [3/120] NME improved from 0.10795 to 0.10751
[Fri Apr 21 21:34:22 2023|main.py|INFO] EPOCH [3/120] Saving model to: checkpoints/Cas_Stage2_noAug_MSE-S1_noAug_MSE-lr0.3_B4/2023-04-21_21-34-22_epoch_3_NME_0.10751.pth.tar
[Fri Apr 21 21:34:52 2023|main.py|INFO] EPOCH [4/120] Train NME: 0.12013
[Fri Apr 21 21:34:57 2023|main.py|INFO] EPOCH [4/120] Test NME: 0.14750
[Fri Apr 21 21:34:57 2023|main.py|INFO] EPOCH [4/120] Learning rate: 0.15360
[Fri Apr 21 21:35:27 2023|main.py|INFO] EPOCH [5/120] Train NME: 0.11547
[Fri Apr 21 21:35:32 2023|main.py|INFO] EPOCH [5/120] Test NME: 0.10312
[Fri Apr 21 21:35:32 2023|main.py|INFO] EPOCH [5/120] Learning rate: 0.12288
[Fri Apr 21 21:35:32 2023|main.py|INFO] EPOCH [5/120] NME improved from 0.10751 to 0.10312
[Fri Apr 21 21:35:32 2023|main.py|INFO] EPOCH [5/120] Saving model to: checkpoints/Cas_Stage2_noAug_MSE-S1_noAug_MSE-lr0.3_B4/2023-04-21_21-35-32_epoch_5_NME_0.10312.pth.tar
[Fri Apr 21 21:36:03 2023|main.py|INFO] EPOCH [6/120] Train NME: 0.10846
[Fri Apr 21 21:36:07 2023|main.py|INFO] EPOCH [6/120] Test NME: 0.09310
[Fri Apr 21 21:36:07 2023|main.py|INFO] EPOCH [6/120] Learning rate: 0.09830
[Fri Apr 21 21:36:07 2023|main.py|INFO] EPOCH [6/120] NME improved from 0.10312 to 0.09310
[Fri Apr 21 21:36:07 2023|main.py|INFO] EPOCH [6/120] Saving model to: checkpoints/Cas_Stage2_noAug_MSE-S1_noAug_MSE-lr0.3_B4/2023-04-21_21-36-07_epoch_6_NME_0.09310.pth.tar
[Fri Apr 21 21:36:38 2023|main.py|INFO] EPOCH [7/120] Train NME: 0.11177
[Fri Apr 21 21:36:43 2023|main.py|INFO] EPOCH [7/120] Test NME: 0.10270
[Fri Apr 21 21:36:43 2023|main.py|INFO] EPOCH [7/120] Learning rate: 0.07864
[Fri Apr 21 21:37:13 2023|main.py|INFO] EPOCH [8/120] Train NME: 0.10606
[Fri Apr 21 21:37:18 2023|main.py|INFO] EPOCH [8/120] Test NME: 0.13001
[Fri Apr 21 21:37:18 2023|main.py|INFO] EPOCH [8/120] Learning rate: 0.06291
[Fri Apr 21 21:37:48 2023|main.py|INFO] EPOCH [9/120] Train NME: 0.10611
[Fri Apr 21 21:37:53 2023|main.py|INFO] EPOCH [9/120] Test NME: 0.11086
[Fri Apr 21 21:37:53 2023|main.py|INFO] EPOCH [9/120] Learning rate: 0.05033
[Fri Apr 21 21:38:23 2023|main.py|INFO] EPOCH [10/120] Train NME: 0.10153
[Fri Apr 21 21:38:28 2023|main.py|INFO] EPOCH [10/120] Test NME: 0.09411
[Fri Apr 21 21:38:28 2023|main.py|INFO] EPOCH [10/120] Learning rate: 0.04027
[Fri Apr 21 21:38:58 2023|main.py|INFO] EPOCH [11/120] Train NME: 0.10284
[Fri Apr 21 21:39:03 2023|main.py|INFO] EPOCH [11/120] Test NME: 0.09465
[Fri Apr 21 21:39:03 2023|main.py|INFO] EPOCH [11/120] Learning rate: 0.03221
[Fri Apr 21 21:39:33 2023|main.py|INFO] EPOCH [12/120] Train NME: 0.09883
[Fri Apr 21 21:39:38 2023|main.py|INFO] EPOCH [12/120] Test NME: 0.09432
[Fri Apr 21 21:39:38 2023|main.py|INFO] EPOCH [12/120] Learning rate: 0.02577
[Fri Apr 21 21:40:08 2023|main.py|INFO] EPOCH [13/120] Train NME: 0.09851
[Fri Apr 21 21:40:13 2023|main.py|INFO] EPOCH [13/120] Test NME: 0.10249
[Fri Apr 21 21:40:13 2023|main.py|INFO] EPOCH [13/120] Learning rate: 0.02062
[Fri Apr 21 21:40:43 2023|main.py|INFO] EPOCH [14/120] Train NME: 0.09798
[Fri Apr 21 21:40:48 2023|main.py|INFO] EPOCH [14/120] Test NME: 0.10781
[Fri Apr 21 21:40:48 2023|main.py|INFO] EPOCH [14/120] Learning rate: 0.01649
[Fri Apr 21 21:41:19 2023|main.py|INFO] EPOCH [15/120] Train NME: 0.09232
[Fri Apr 21 21:41:24 2023|main.py|INFO] EPOCH [15/120] Test NME: 0.08833
[Fri Apr 21 21:41:24 2023|main.py|INFO] EPOCH [15/120] Learning rate: 0.01319
[Fri Apr 21 21:41:24 2023|main.py|INFO] EPOCH [15/120] NME improved from 0.09310 to 0.08833
[Fri Apr 21 21:41:24 2023|main.py|INFO] EPOCH [15/120] Saving model to: checkpoints/Cas_Stage2_noAug_MSE-S1_noAug_MSE-lr0.3_B4/2023-04-21_21-41-24_epoch_15_NME_0.08833.pth.tar
[Fri Apr 21 21:41:55 2023|main.py|INFO] EPOCH [16/120] Train NME: 0.09530
[Fri Apr 21 21:41:59 2023|main.py|INFO] EPOCH [16/120] Test NME: 0.09453
[Fri Apr 21 21:41:59 2023|main.py|INFO] EPOCH [16/120] Learning rate: 0.01056
[Fri Apr 21 21:42:30 2023|main.py|INFO] EPOCH [17/120] Train NME: 0.09339
[Fri Apr 21 21:42:34 2023|main.py|INFO] EPOCH [17/120] Test NME: 0.09586
[Fri Apr 21 21:42:34 2023|main.py|INFO] EPOCH [17/120] Learning rate: 0.00844
[Fri Apr 21 21:43:04 2023|main.py|INFO] EPOCH [18/120] Train NME: 0.09186
[Fri Apr 21 21:43:09 2023|main.py|INFO] EPOCH [18/120] Test NME: 0.08811
[Fri Apr 21 21:43:09 2023|main.py|INFO] EPOCH [18/120] Learning rate: 0.00676
[Fri Apr 21 21:43:09 2023|main.py|INFO] EPOCH [18/120] NME improved from 0.08833 to 0.08811
[Fri Apr 21 21:43:09 2023|main.py|INFO] EPOCH [18/120] Saving model to: checkpoints/Cas_Stage2_noAug_MSE-S1_noAug_MSE-lr0.3_B4/2023-04-21_21-43-09_epoch_18_NME_0.08811.pth.tar
[Fri Apr 21 21:43:40 2023|main.py|INFO] EPOCH [19/120] Train NME: 0.08900
[Fri Apr 21 21:43:45 2023|main.py|INFO] EPOCH [19/120] Test NME: 0.08567
[Fri Apr 21 21:43:45 2023|main.py|INFO] EPOCH [19/120] Learning rate: 0.00540
[Fri Apr 21 21:43:45 2023|main.py|INFO] EPOCH [19/120] NME improved from 0.08811 to 0.08567
[Fri Apr 21 21:43:45 2023|main.py|INFO] EPOCH [19/120] Saving model to: checkpoints/Cas_Stage2_noAug_MSE-S1_noAug_MSE-lr0.3_B4/2023-04-21_21-43-45_epoch_19_NME_0.08567.pth.tar
[Fri Apr 21 21:44:16 2023|main.py|INFO] EPOCH [20/120] Train NME: 0.08955
[Fri Apr 21 21:44:20 2023|main.py|INFO] EPOCH [20/120] Test NME: 0.08273
[Fri Apr 21 21:44:20 2023|main.py|INFO] EPOCH [20/120] Learning rate: 0.00432
[Fri Apr 21 21:44:20 2023|main.py|INFO] EPOCH [20/120] NME improved from 0.08567 to 0.08273
[Fri Apr 21 21:44:20 2023|main.py|INFO] EPOCH [20/120] Saving model to: checkpoints/Cas_Stage2_noAug_MSE-S1_noAug_MSE-lr0.3_B4/2023-04-21_21-44-20_epoch_20_NME_0.08273.pth.tar
[Fri Apr 21 21:44:51 2023|main.py|INFO] EPOCH [21/120] Train NME: 0.08763
[Fri Apr 21 21:44:56 2023|main.py|INFO] EPOCH [21/120] Test NME: 0.08623
[Fri Apr 21 21:44:56 2023|main.py|INFO] EPOCH [21/120] Learning rate: 0.00346
[Fri Apr 21 21:45:27 2023|main.py|INFO] EPOCH [22/120] Train NME: 0.08689
[Fri Apr 21 21:45:31 2023|main.py|INFO] EPOCH [22/120] Test NME: 0.08589
[Fri Apr 21 21:45:31 2023|main.py|INFO] EPOCH [22/120] Learning rate: 0.00277
[Fri Apr 21 21:46:02 2023|main.py|INFO] EPOCH [23/120] Train NME: 0.08649
[Fri Apr 21 21:46:06 2023|main.py|INFO] EPOCH [23/120] Test NME: 0.08368
[Fri Apr 21 21:46:06 2023|main.py|INFO] EPOCH [23/120] Learning rate: 0.00221
[Fri Apr 21 21:46:37 2023|main.py|INFO] EPOCH [24/120] Train NME: 0.08599
[Fri Apr 21 21:46:41 2023|main.py|INFO] EPOCH [24/120] Test NME: 0.08291
[Fri Apr 21 21:46:41 2023|main.py|INFO] EPOCH [24/120] Learning rate: 0.00177
[Fri Apr 21 21:47:12 2023|main.py|INFO] EPOCH [25/120] Train NME: 0.08696
[Fri Apr 21 21:47:16 2023|main.py|INFO] EPOCH [25/120] Test NME: 0.08241
[Fri Apr 21 21:47:16 2023|main.py|INFO] EPOCH [25/120] Learning rate: 0.00142
[Fri Apr 21 21:47:16 2023|main.py|INFO] EPOCH [25/120] NME improved from 0.08273 to 0.08241
[Fri Apr 21 21:47:16 2023|main.py|INFO] EPOCH [25/120] Saving model to: checkpoints/Cas_Stage2_noAug_MSE-S1_noAug_MSE-lr0.3_B4/2023-04-21_21-47-16_epoch_25_NME_0.08241.pth.tar
[Fri Apr 21 21:47:48 2023|main.py|INFO] EPOCH [26/120] Train NME: 0.08545
[Fri Apr 21 21:47:52 2023|main.py|INFO] EPOCH [26/120] Test NME: 0.08291
[Fri Apr 21 21:47:52 2023|main.py|INFO] EPOCH [26/120] Learning rate: 0.00113
[Fri Apr 21 21:48:23 2023|main.py|INFO] EPOCH [27/120] Train NME: 0.08566
[Fri Apr 21 21:48:27 2023|main.py|INFO] EPOCH [27/120] Test NME: 0.08576
[Fri Apr 21 21:48:27 2023|main.py|INFO] EPOCH [27/120] Learning rate: 0.00091
[Fri Apr 21 21:48:58 2023|main.py|INFO] EPOCH [28/120] Train NME: 0.08415
[Fri Apr 21 21:49:03 2023|main.py|INFO] EPOCH [28/120] Test NME: 0.08164
[Fri Apr 21 21:49:03 2023|main.py|INFO] EPOCH [28/120] Learning rate: 0.00073
[Fri Apr 21 21:49:03 2023|main.py|INFO] EPOCH [28/120] NME improved from 0.08241 to 0.08164
[Fri Apr 21 21:49:03 2023|main.py|INFO] EPOCH [28/120] Saving model to: checkpoints/Cas_Stage2_noAug_MSE-S1_noAug_MSE-lr0.3_B4/2023-04-21_21-49-03_epoch_28_NME_0.08164.pth.tar
[Fri Apr 21 21:49:34 2023|main.py|INFO] EPOCH [29/120] Train NME: 0.08395
[Fri Apr 21 21:49:38 2023|main.py|INFO] EPOCH [29/120] Test NME: 0.08383
[Fri Apr 21 21:49:38 2023|main.py|INFO] EPOCH [29/120] Learning rate: 0.00058
[Fri Apr 21 21:50:09 2023|main.py|INFO] EPOCH [30/120] Train NME: 0.08345
[Fri Apr 21 21:50:13 2023|main.py|INFO] EPOCH [30/120] Test NME: 0.08147
[Fri Apr 21 21:50:13 2023|main.py|INFO] EPOCH [30/120] Learning rate: 0.00046
[Fri Apr 21 21:50:13 2023|main.py|INFO] EPOCH [30/120] NME improved from 0.08164 to 0.08147
[Fri Apr 21 21:50:13 2023|main.py|INFO] EPOCH [30/120] Saving model to: checkpoints/Cas_Stage2_noAug_MSE-S1_noAug_MSE-lr0.3_B4/2023-04-21_21-50-13_epoch_30_NME_0.08147.pth.tar
[Fri Apr 21 21:50:45 2023|main.py|INFO] EPOCH [31/120] Train NME: 0.08336
[Fri Apr 21 21:50:49 2023|main.py|INFO] EPOCH [31/120] Test NME: 0.08328
[Fri Apr 21 21:50:49 2023|main.py|INFO] EPOCH [31/120] Learning rate: 0.00037
[Fri Apr 21 21:51:20 2023|main.py|INFO] EPOCH [32/120] Train NME: 0.08384
[Fri Apr 21 21:51:24 2023|main.py|INFO] EPOCH [32/120] Test NME: 0.08209
[Fri Apr 21 21:51:24 2023|main.py|INFO] EPOCH [32/120] Learning rate: 0.00030
[Fri Apr 21 21:51:55 2023|main.py|INFO] EPOCH [33/120] Train NME: 0.08284
[Fri Apr 21 21:52:00 2023|main.py|INFO] EPOCH [33/120] Test NME: 0.08155
[Fri Apr 21 21:52:00 2023|main.py|INFO] EPOCH [33/120] Learning rate: 0.00024
[Fri Apr 21 21:52:30 2023|main.py|INFO] EPOCH [34/120] Train NME: 0.08266
[Fri Apr 21 21:52:35 2023|main.py|INFO] EPOCH [34/120] Test NME: 0.08219
[Fri Apr 21 21:52:35 2023|main.py|INFO] EPOCH [34/120] Learning rate: 0.00019
[Fri Apr 21 21:53:05 2023|main.py|INFO] EPOCH [35/120] Train NME: 0.08330
[Fri Apr 21 21:53:10 2023|main.py|INFO] EPOCH [35/120] Test NME: 0.08221
[Fri Apr 21 21:53:10 2023|main.py|INFO] EPOCH [35/120] Learning rate: 0.00015
[Fri Apr 21 21:53:40 2023|main.py|INFO] EPOCH [36/120] Train NME: 0.08279
[Fri Apr 21 21:53:45 2023|main.py|INFO] EPOCH [36/120] Test NME: 0.08151
[Fri Apr 21 21:53:45 2023|main.py|INFO] EPOCH [36/120] Learning rate: 0.00012
[Fri Apr 21 21:54:16 2023|main.py|INFO] EPOCH [37/120] Train NME: 0.08332
[Fri Apr 21 21:54:20 2023|main.py|INFO] EPOCH [37/120] Test NME: 0.08185
[Fri Apr 21 21:54:20 2023|main.py|INFO] EPOCH [37/120] Learning rate: 0.00010
[Fri Apr 21 21:54:51 2023|main.py|INFO] EPOCH [38/120] Train NME: 0.08252
[Fri Apr 21 21:54:55 2023|main.py|INFO] EPOCH [38/120] Test NME: 0.08237
[Fri Apr 21 21:54:55 2023|main.py|INFO] EPOCH [38/120] Learning rate: 0.00008
[Fri Apr 21 21:55:26 2023|main.py|INFO] EPOCH [39/120] Train NME: 0.08298
[Fri Apr 21 21:55:31 2023|main.py|INFO] EPOCH [39/120] Test NME: 0.08173
[Fri Apr 21 21:55:31 2023|main.py|INFO] EPOCH [39/120] Learning rate: 0.00006
[Fri Apr 21 21:56:01 2023|main.py|INFO] EPOCH [40/120] Train NME: 0.08266
[Fri Apr 21 21:56:06 2023|main.py|INFO] EPOCH [40/120] Test NME: 0.08209
[Fri Apr 21 21:56:06 2023|main.py|INFO] EPOCH [40/120] Learning rate: 0.00005
[Fri Apr 21 21:56:37 2023|main.py|INFO] EPOCH [41/120] Train NME: 0.08286
[Fri Apr 21 21:56:41 2023|main.py|INFO] EPOCH [41/120] Test NME: 0.08228
[Fri Apr 21 21:56:41 2023|main.py|INFO] EPOCH [41/120] Learning rate: 0.00004
[Fri Apr 21 21:57:12 2023|main.py|INFO] EPOCH [42/120] Train NME: 0.08260
[Fri Apr 21 21:57:16 2023|main.py|INFO] EPOCH [42/120] Test NME: 0.08196
[Fri Apr 21 21:57:16 2023|main.py|INFO] EPOCH [42/120] Learning rate: 0.00003
[Fri Apr 21 21:57:47 2023|main.py|INFO] EPOCH [43/120] Train NME: 0.08256
[Fri Apr 21 21:57:51 2023|main.py|INFO] EPOCH [43/120] Test NME: 0.08166
[Fri Apr 21 21:57:51 2023|main.py|INFO] EPOCH [43/120] Learning rate: 0.00003
[Fri Apr 21 21:58:23 2023|main.py|INFO] EPOCH [44/120] Train NME: 0.08290
[Fri Apr 21 21:58:28 2023|main.py|INFO] EPOCH [44/120] Test NME: 0.08230
[Fri Apr 21 21:58:28 2023|main.py|INFO] EPOCH [44/120] Learning rate: 0.00002
[Fri Apr 21 21:59:00 2023|main.py|INFO] EPOCH [45/120] Train NME: 0.08223
[Fri Apr 21 21:59:04 2023|main.py|INFO] EPOCH [45/120] Test NME: 0.08261
[Fri Apr 21 21:59:04 2023|main.py|INFO] EPOCH [45/120] Learning rate: 0.00002
[Fri Apr 21 21:59:37 2023|main.py|INFO] EPOCH [46/120] Train NME: 0.08250
[Fri Apr 21 21:59:41 2023|main.py|INFO] EPOCH [46/120] Test NME: 0.08148
[Fri Apr 21 21:59:41 2023|main.py|INFO] EPOCH [46/120] Learning rate: 0.00001
[Fri Apr 21 22:00:12 2023|main.py|INFO] EPOCH [47/120] Train NME: 0.08286
[Fri Apr 21 22:00:17 2023|main.py|INFO] EPOCH [47/120] Test NME: 0.08210
[Fri Apr 21 22:00:17 2023|main.py|INFO] EPOCH [47/120] Learning rate: 0.00001
[Fri Apr 21 22:00:48 2023|main.py|INFO] EPOCH [48/120] Train NME: 0.08294
[Fri Apr 21 22:00:52 2023|main.py|INFO] EPOCH [48/120] Test NME: 0.08238
[Fri Apr 21 22:00:52 2023|main.py|INFO] EPOCH [48/120] Learning rate: 0.00001
[Fri Apr 21 22:01:23 2023|main.py|INFO] EPOCH [49/120] Train NME: 0.08231
[Fri Apr 21 22:01:28 2023|main.py|INFO] EPOCH [49/120] Test NME: 0.08198
[Fri Apr 21 22:01:28 2023|main.py|INFO] EPOCH [49/120] Learning rate: 0.00001
[Fri Apr 21 22:01:58 2023|main.py|INFO] EPOCH [50/120] Train NME: 0.08242
[Fri Apr 21 22:02:03 2023|main.py|INFO] EPOCH [50/120] Test NME: 0.08222
[Fri Apr 21 22:02:03 2023|main.py|INFO] EPOCH [50/120] Learning rate: 0.00001
[Fri Apr 21 22:02:33 2023|main.py|INFO] EPOCH [51/120] Train NME: 0.08268
[Fri Apr 21 22:02:38 2023|main.py|INFO] EPOCH [51/120] Test NME: 0.08210
[Fri Apr 21 22:02:38 2023|main.py|INFO] EPOCH [51/120] Learning rate: 0.00000
[Fri Apr 21 22:03:09 2023|main.py|INFO] EPOCH [52/120] Train NME: 0.08263
[Fri Apr 21 22:03:14 2023|main.py|INFO] EPOCH [52/120] Test NME: 0.08161
[Fri Apr 21 22:03:14 2023|main.py|INFO] EPOCH [52/120] Learning rate: 0.00000
[Fri Apr 21 22:03:44 2023|main.py|INFO] EPOCH [53/120] Train NME: 0.08255
[Fri Apr 21 22:03:49 2023|main.py|INFO] EPOCH [53/120] Test NME: 0.08161
[Fri Apr 21 22:03:49 2023|main.py|INFO] EPOCH [53/120] Learning rate: 0.00000
[Fri Apr 21 22:04:19 2023|main.py|INFO] EPOCH [54/120] Train NME: 0.08246
[Fri Apr 21 22:04:24 2023|main.py|INFO] EPOCH [54/120] Test NME: 0.08231
[Fri Apr 21 22:04:24 2023|main.py|INFO] EPOCH [54/120] Learning rate: 0.00000
[Fri Apr 21 22:04:54 2023|main.py|INFO] EPOCH [55/120] Train NME: 0.08229
[Fri Apr 21 22:04:59 2023|main.py|INFO] EPOCH [55/120] Test NME: 0.08139
[Fri Apr 21 22:04:59 2023|main.py|INFO] EPOCH [55/120] Learning rate: 0.00000
[Fri Apr 21 22:04:59 2023|main.py|INFO] EPOCH [55/120] NME improved from 0.08147 to 0.08139
[Fri Apr 21 22:04:59 2023|main.py|INFO] EPOCH [55/120] Saving model to: checkpoints/Cas_Stage2_noAug_MSE-S1_noAug_MSE-lr0.3_B4/2023-04-21_22-04-59_epoch_55_NME_0.08139.pth.tar
[Fri Apr 21 22:05:30 2023|main.py|INFO] EPOCH [56/120] Train NME: 0.08211
[Fri Apr 21 22:05:35 2023|main.py|INFO] EPOCH [56/120] Test NME: 0.08226
[Fri Apr 21 22:05:35 2023|main.py|INFO] EPOCH [56/120] Learning rate: 0.00000
[Fri Apr 21 22:06:05 2023|main.py|INFO] EPOCH [57/120] Train NME: 0.08198
[Fri Apr 21 22:06:10 2023|main.py|INFO] EPOCH [57/120] Test NME: 0.08183
[Fri Apr 21 22:06:10 2023|main.py|INFO] EPOCH [57/120] Learning rate: 0.00000
[Fri Apr 21 22:06:40 2023|main.py|INFO] EPOCH [58/120] Train NME: 0.08281
[Fri Apr 21 22:06:45 2023|main.py|INFO] EPOCH [58/120] Test NME: 0.08173
[Fri Apr 21 22:06:45 2023|main.py|INFO] EPOCH [58/120] Learning rate: 0.00000
[Fri Apr 21 22:07:16 2023|main.py|INFO] EPOCH [59/120] Train NME: 0.08207
[Fri Apr 21 22:07:20 2023|main.py|INFO] EPOCH [59/120] Test NME: 0.08260
[Fri Apr 21 22:07:20 2023|main.py|INFO] EPOCH [59/120] Learning rate: 0.00000
[Fri Apr 21 22:07:51 2023|main.py|INFO] EPOCH [60/120] Train NME: 0.08214
[Fri Apr 21 22:07:56 2023|main.py|INFO] EPOCH [60/120] Test NME: 0.08168
[Fri Apr 21 22:07:56 2023|main.py|INFO] EPOCH [60/120] Learning rate: 0.00000
[Fri Apr 21 22:08:27 2023|main.py|INFO] EPOCH [61/120] Train NME: 0.08260
[Fri Apr 21 22:08:31 2023|main.py|INFO] EPOCH [61/120] Test NME: 0.08186
[Fri Apr 21 22:08:31 2023|main.py|INFO] EPOCH [61/120] Learning rate: 0.00000
[Fri Apr 21 22:09:02 2023|main.py|INFO] EPOCH [62/120] Train NME: 0.08272
[Fri Apr 21 22:09:06 2023|main.py|INFO] EPOCH [62/120] Test NME: 0.08144
[Fri Apr 21 22:09:06 2023|main.py|INFO] EPOCH [62/120] Learning rate: 0.00000
[Fri Apr 21 22:09:37 2023|main.py|INFO] EPOCH [63/120] Train NME: 0.08288
[Fri Apr 21 22:09:41 2023|main.py|INFO] EPOCH [63/120] Test NME: 0.08136
[Fri Apr 21 22:09:41 2023|main.py|INFO] EPOCH [63/120] Learning rate: 0.00000
[Fri Apr 21 22:09:41 2023|main.py|INFO] EPOCH [63/120] NME improved from 0.08139 to 0.08136
[Fri Apr 21 22:09:41 2023|main.py|INFO] EPOCH [63/120] Saving model to: checkpoints/Cas_Stage2_noAug_MSE-S1_noAug_MSE-lr0.3_B4/2023-04-21_22-09-41_epoch_63_NME_0.08136.pth.tar
[Fri Apr 21 22:10:13 2023|main.py|INFO] EPOCH [64/120] Train NME: 0.08224
[Fri Apr 21 22:10:17 2023|main.py|INFO] EPOCH [64/120] Test NME: 0.08178
[Fri Apr 21 22:10:17 2023|main.py|INFO] EPOCH [64/120] Learning rate: 0.00000
[Fri Apr 21 22:10:48 2023|main.py|INFO] EPOCH [65/120] Train NME: 0.08155
[Fri Apr 21 22:10:53 2023|main.py|INFO] EPOCH [65/120] Test NME: 0.08215
[Fri Apr 21 22:10:53 2023|main.py|INFO] EPOCH [65/120] Learning rate: 0.00000
[Fri Apr 21 22:11:23 2023|main.py|INFO] EPOCH [66/120] Train NME: 0.08271
[Fri Apr 21 22:11:28 2023|main.py|INFO] EPOCH [66/120] Test NME: 0.08209
[Fri Apr 21 22:11:28 2023|main.py|INFO] EPOCH [66/120] Learning rate: 0.00000
[Fri Apr 21 22:11:58 2023|main.py|INFO] EPOCH [67/120] Train NME: 0.08220
[Fri Apr 21 22:12:03 2023|main.py|INFO] EPOCH [67/120] Test NME: 0.08151
[Fri Apr 21 22:12:03 2023|main.py|INFO] EPOCH [67/120] Learning rate: 0.00000
[Fri Apr 21 22:12:33 2023|main.py|INFO] EPOCH [68/120] Train NME: 0.08244
[Fri Apr 21 22:12:38 2023|main.py|INFO] EPOCH [68/120] Test NME: 0.08201
[Fri Apr 21 22:12:38 2023|main.py|INFO] EPOCH [68/120] Learning rate: 0.00000
[Fri Apr 21 22:13:08 2023|main.py|INFO] EPOCH [69/120] Train NME: 0.08227
[Fri Apr 21 22:13:13 2023|main.py|INFO] EPOCH [69/120] Test NME: 0.08244
[Fri Apr 21 22:13:13 2023|main.py|INFO] EPOCH [69/120] Learning rate: 0.00000
[Fri Apr 21 22:13:43 2023|main.py|INFO] EPOCH [70/120] Train NME: 0.08229
[Fri Apr 21 22:13:48 2023|main.py|INFO] EPOCH [70/120] Test NME: 0.08191
[Fri Apr 21 22:13:48 2023|main.py|INFO] EPOCH [70/120] Learning rate: 0.00000
[Fri Apr 21 22:14:18 2023|main.py|INFO] EPOCH [71/120] Train NME: 0.08265
[Fri Apr 21 22:14:23 2023|main.py|INFO] EPOCH [71/120] Test NME: 0.08183
[Fri Apr 21 22:14:23 2023|main.py|INFO] EPOCH [71/120] Learning rate: 0.00000
[Fri Apr 21 22:14:53 2023|main.py|INFO] EPOCH [72/120] Train NME: 0.08292
[Fri Apr 21 22:14:58 2023|main.py|INFO] EPOCH [72/120] Test NME: 0.08331
[Fri Apr 21 22:14:58 2023|main.py|INFO] EPOCH [72/120] Learning rate: 0.00000
[Fri Apr 21 22:15:28 2023|main.py|INFO] EPOCH [73/120] Train NME: 0.08233
[Fri Apr 21 22:15:33 2023|main.py|INFO] EPOCH [73/120] Test NME: 0.08190
[Fri Apr 21 22:15:33 2023|main.py|INFO] EPOCH [73/120] Learning rate: 0.00000
[Fri Apr 21 22:16:03 2023|main.py|INFO] EPOCH [74/120] Train NME: 0.08251
[Fri Apr 21 22:16:08 2023|main.py|INFO] EPOCH [74/120] Test NME: 0.08157
[Fri Apr 21 22:16:08 2023|main.py|INFO] EPOCH [74/120] Learning rate: 0.00000
[Fri Apr 21 22:16:38 2023|main.py|INFO] EPOCH [75/120] Train NME: 0.08244
[Fri Apr 21 22:16:43 2023|main.py|INFO] EPOCH [75/120] Test NME: 0.08193
[Fri Apr 21 22:16:43 2023|main.py|INFO] EPOCH [75/120] Learning rate: 0.00000
[Fri Apr 21 22:17:13 2023|main.py|INFO] EPOCH [76/120] Train NME: 0.08237
[Fri Apr 21 22:17:18 2023|main.py|INFO] EPOCH [76/120] Test NME: 0.08206
[Fri Apr 21 22:17:18 2023|main.py|INFO] EPOCH [76/120] Learning rate: 0.00000
[Fri Apr 21 22:17:48 2023|main.py|INFO] EPOCH [77/120] Train NME: 0.08347
[Fri Apr 21 22:17:53 2023|main.py|INFO] EPOCH [77/120] Test NME: 0.08144
[Fri Apr 21 22:17:53 2023|main.py|INFO] EPOCH [77/120] Learning rate: 0.00000
[Fri Apr 21 22:18:24 2023|main.py|INFO] EPOCH [78/120] Train NME: 0.08276
[Fri Apr 21 22:18:28 2023|main.py|INFO] EPOCH [78/120] Test NME: 0.08163
[Fri Apr 21 22:18:28 2023|main.py|INFO] EPOCH [78/120] Learning rate: 0.00000
[Fri Apr 21 22:18:59 2023|main.py|INFO] EPOCH [79/120] Train NME: 0.08294
[Fri Apr 21 22:19:03 2023|main.py|INFO] EPOCH [79/120] Test NME: 0.08174
[Fri Apr 21 22:19:03 2023|main.py|INFO] EPOCH [79/120] Learning rate: 0.00000
[Fri Apr 21 22:19:34 2023|main.py|INFO] EPOCH [80/120] Train NME: 0.08263
[Fri Apr 21 22:19:38 2023|main.py|INFO] EPOCH [80/120] Test NME: 0.08206
[Fri Apr 21 22:19:38 2023|main.py|INFO] EPOCH [80/120] Learning rate: 0.00000
[Fri Apr 21 22:20:09 2023|main.py|INFO] EPOCH [81/120] Train NME: 0.08253
[Fri Apr 21 22:20:14 2023|main.py|INFO] EPOCH [81/120] Test NME: 0.08214
[Fri Apr 21 22:20:14 2023|main.py|INFO] EPOCH [81/120] Learning rate: 0.00000
[Fri Apr 21 22:20:44 2023|main.py|INFO] EPOCH [82/120] Train NME: 0.08239
[Fri Apr 21 22:20:49 2023|main.py|INFO] EPOCH [82/120] Test NME: 0.08185
[Fri Apr 21 22:20:49 2023|main.py|INFO] EPOCH [82/120] Learning rate: 0.00000
[Fri Apr 21 22:21:20 2023|main.py|INFO] EPOCH [83/120] Train NME: 0.08272
[Fri Apr 21 22:21:24 2023|main.py|INFO] EPOCH [83/120] Test NME: 0.08206
[Fri Apr 21 22:21:24 2023|main.py|INFO] EPOCH [83/120] Learning rate: 0.00000
[Fri Apr 21 22:21:54 2023|main.py|INFO] EPOCH [84/120] Train NME: 0.08249
[Fri Apr 21 22:21:59 2023|main.py|INFO] EPOCH [84/120] Test NME: 0.08174
[Fri Apr 21 22:21:59 2023|main.py|INFO] EPOCH [84/120] Learning rate: 0.00000
[Fri Apr 21 22:22:30 2023|main.py|INFO] EPOCH [85/120] Train NME: 0.08260
[Fri Apr 21 22:22:34 2023|main.py|INFO] EPOCH [85/120] Test NME: 0.08203
[Fri Apr 21 22:22:34 2023|main.py|INFO] EPOCH [85/120] Learning rate: 0.00000
[Fri Apr 21 22:23:05 2023|main.py|INFO] EPOCH [86/120] Train NME: 0.08276
[Fri Apr 21 22:23:09 2023|main.py|INFO] EPOCH [86/120] Test NME: 0.08186
[Fri Apr 21 22:23:09 2023|main.py|INFO] EPOCH [86/120] Learning rate: 0.00000
[Fri Apr 21 22:23:40 2023|main.py|INFO] EPOCH [87/120] Train NME: 0.08263
[Fri Apr 21 22:23:44 2023|main.py|INFO] EPOCH [87/120] Test NME: 0.08180
[Fri Apr 21 22:23:44 2023|main.py|INFO] EPOCH [87/120] Learning rate: 0.00000
[Fri Apr 21 22:24:15 2023|main.py|INFO] EPOCH [88/120] Train NME: 0.08241
[Fri Apr 21 22:24:20 2023|main.py|INFO] EPOCH [88/120] Test NME: 0.08211
[Fri Apr 21 22:24:20 2023|main.py|INFO] EPOCH [88/120] Learning rate: 0.00000
[Fri Apr 21 22:24:50 2023|main.py|INFO] EPOCH [89/120] Train NME: 0.08306
[Fri Apr 21 22:24:55 2023|main.py|INFO] EPOCH [89/120] Test NME: 0.08235
[Fri Apr 21 22:24:55 2023|main.py|INFO] EPOCH [89/120] Learning rate: 0.00000
[Fri Apr 21 22:25:25 2023|main.py|INFO] EPOCH [90/120] Train NME: 0.08256
[Fri Apr 21 22:25:30 2023|main.py|INFO] EPOCH [90/120] Test NME: 0.08290
[Fri Apr 21 22:25:30 2023|main.py|INFO] EPOCH [90/120] Learning rate: 0.00000
[Fri Apr 21 22:26:01 2023|main.py|INFO] EPOCH [91/120] Train NME: 0.08233
[Fri Apr 21 22:26:05 2023|main.py|INFO] EPOCH [91/120] Test NME: 0.08178
[Fri Apr 21 22:26:05 2023|main.py|INFO] EPOCH [91/120] Learning rate: 0.00000
[Fri Apr 21 22:26:36 2023|main.py|INFO] EPOCH [92/120] Train NME: 0.08266
[Fri Apr 21 22:26:40 2023|main.py|INFO] EPOCH [92/120] Test NME: 0.08178
[Fri Apr 21 22:26:40 2023|main.py|INFO] EPOCH [92/120] Learning rate: 0.00000
[Fri Apr 21 22:27:11 2023|main.py|INFO] EPOCH [93/120] Train NME: 0.08251
[Fri Apr 21 22:27:15 2023|main.py|INFO] EPOCH [93/120] Test NME: 0.08211
[Fri Apr 21 22:27:15 2023|main.py|INFO] EPOCH [93/120] Learning rate: 0.00000
[Fri Apr 21 22:27:46 2023|main.py|INFO] EPOCH [94/120] Train NME: 0.08260
[Fri Apr 21 22:27:50 2023|main.py|INFO] EPOCH [94/120] Test NME: 0.08154
[Fri Apr 21 22:27:50 2023|main.py|INFO] EPOCH [94/120] Learning rate: 0.00000
[Fri Apr 21 22:28:21 2023|main.py|INFO] EPOCH [95/120] Train NME: 0.08226
[Fri Apr 21 22:28:26 2023|main.py|INFO] EPOCH [95/120] Test NME: 0.08214
[Fri Apr 21 22:28:26 2023|main.py|INFO] EPOCH [95/120] Learning rate: 0.00000
[Fri Apr 21 22:28:56 2023|main.py|INFO] EPOCH [96/120] Train NME: 0.08266
[Fri Apr 21 22:29:01 2023|main.py|INFO] EPOCH [96/120] Test NME: 0.08161
[Fri Apr 21 22:29:01 2023|main.py|INFO] EPOCH [96/120] Learning rate: 0.00000
[Fri Apr 21 22:29:32 2023|main.py|INFO] EPOCH [97/120] Train NME: 0.08255
[Fri Apr 21 22:29:36 2023|main.py|INFO] EPOCH [97/120] Test NME: 0.08249
[Fri Apr 21 22:29:36 2023|main.py|INFO] EPOCH [97/120] Learning rate: 0.00000
[Fri Apr 21 22:30:07 2023|main.py|INFO] EPOCH [98/120] Train NME: 0.08289
[Fri Apr 21 22:30:11 2023|main.py|INFO] EPOCH [98/120] Test NME: 0.08257
[Fri Apr 21 22:30:11 2023|main.py|INFO] EPOCH [98/120] Learning rate: 0.00000
[Fri Apr 21 22:30:42 2023|main.py|INFO] EPOCH [99/120] Train NME: 0.08280
[Fri Apr 21 22:30:47 2023|main.py|INFO] EPOCH [99/120] Test NME: 0.08146
[Fri Apr 21 22:30:47 2023|main.py|INFO] EPOCH [99/120] Learning rate: 0.00000
[Fri Apr 21 22:31:18 2023|main.py|INFO] EPOCH [100/120] Train NME: 0.08312
[Fri Apr 21 22:31:22 2023|main.py|INFO] EPOCH [100/120] Test NME: 0.08236
[Fri Apr 21 22:31:22 2023|main.py|INFO] EPOCH [100/120] Learning rate: 0.00000
[Fri Apr 21 22:31:53 2023|main.py|INFO] EPOCH [101/120] Train NME: 0.08248
[Fri Apr 21 22:31:58 2023|main.py|INFO] EPOCH [101/120] Test NME: 0.08138
[Fri Apr 21 22:31:58 2023|main.py|INFO] EPOCH [101/120] Learning rate: 0.00000
[Fri Apr 21 22:32:28 2023|main.py|INFO] EPOCH [102/120] Train NME: 0.08315
[Fri Apr 21 22:32:33 2023|main.py|INFO] EPOCH [102/120] Test NME: 0.08205
[Fri Apr 21 22:32:33 2023|main.py|INFO] EPOCH [102/120] Learning rate: 0.00000
[Fri Apr 21 22:33:03 2023|main.py|INFO] EPOCH [103/120] Train NME: 0.08212
[Fri Apr 21 22:33:08 2023|main.py|INFO] EPOCH [103/120] Test NME: 0.08350
[Fri Apr 21 22:33:08 2023|main.py|INFO] EPOCH [103/120] Learning rate: 0.00000
[Fri Apr 21 22:33:38 2023|main.py|INFO] EPOCH [104/120] Train NME: 0.08251
[Fri Apr 21 22:33:43 2023|main.py|INFO] EPOCH [104/120] Test NME: 0.08193
[Fri Apr 21 22:33:43 2023|main.py|INFO] EPOCH [104/120] Learning rate: 0.00000
[Fri Apr 21 22:34:14 2023|main.py|INFO] EPOCH [105/120] Train NME: 0.08272
[Fri Apr 21 22:34:18 2023|main.py|INFO] EPOCH [105/120] Test NME: 0.08251
[Fri Apr 21 22:34:18 2023|main.py|INFO] EPOCH [105/120] Learning rate: 0.00000
[Fri Apr 21 22:34:49 2023|main.py|INFO] EPOCH [106/120] Train NME: 0.08294
[Fri Apr 21 22:34:53 2023|main.py|INFO] EPOCH [106/120] Test NME: 0.08165
[Fri Apr 21 22:34:53 2023|main.py|INFO] EPOCH [106/120] Learning rate: 0.00000
[Fri Apr 21 22:35:24 2023|main.py|INFO] EPOCH [107/120] Train NME: 0.08246
[Fri Apr 21 22:35:28 2023|main.py|INFO] EPOCH [107/120] Test NME: 0.08201
[Fri Apr 21 22:35:28 2023|main.py|INFO] EPOCH [107/120] Learning rate: 0.00000
[Fri Apr 21 22:35:59 2023|main.py|INFO] EPOCH [108/120] Train NME: 0.08247
[Fri Apr 21 22:36:03 2023|main.py|INFO] EPOCH [108/120] Test NME: 0.08163
[Fri Apr 21 22:36:03 2023|main.py|INFO] EPOCH [108/120] Learning rate: 0.00000
[Fri Apr 21 22:36:34 2023|main.py|INFO] EPOCH [109/120] Train NME: 0.08244
[Fri Apr 21 22:36:39 2023|main.py|INFO] EPOCH [109/120] Test NME: 0.08185
[Fri Apr 21 22:36:39 2023|main.py|INFO] EPOCH [109/120] Learning rate: 0.00000
[Fri Apr 21 22:37:10 2023|main.py|INFO] EPOCH [110/120] Train NME: 0.08264
[Fri Apr 21 22:37:14 2023|main.py|INFO] EPOCH [110/120] Test NME: 0.08176
[Fri Apr 21 22:37:14 2023|main.py|INFO] EPOCH [110/120] Learning rate: 0.00000
[Fri Apr 21 22:37:45 2023|main.py|INFO] EPOCH [111/120] Train NME: 0.08290
[Fri Apr 21 22:37:50 2023|main.py|INFO] EPOCH [111/120] Test NME: 0.08127
[Fri Apr 21 22:37:50 2023|main.py|INFO] EPOCH [111/120] Learning rate: 0.00000
[Fri Apr 21 22:37:50 2023|main.py|INFO] EPOCH [111/120] NME improved from 0.08136 to 0.08127
[Fri Apr 21 22:37:50 2023|main.py|INFO] EPOCH [111/120] Saving model to: checkpoints/Cas_Stage2_noAug_MSE-S1_noAug_MSE-lr0.3_B4/2023-04-21_22-37-50_epoch_111_NME_0.08127.pth.tar
[Fri Apr 21 22:38:21 2023|main.py|INFO] EPOCH [112/120] Train NME: 0.08254
[Fri Apr 21 22:38:26 2023|main.py|INFO] EPOCH [112/120] Test NME: 0.08150
[Fri Apr 21 22:38:26 2023|main.py|INFO] EPOCH [112/120] Learning rate: 0.00000
[Fri Apr 21 22:38:56 2023|main.py|INFO] EPOCH [113/120] Train NME: 0.08226
[Fri Apr 21 22:39:01 2023|main.py|INFO] EPOCH [113/120] Test NME: 0.08266
[Fri Apr 21 22:39:01 2023|main.py|INFO] EPOCH [113/120] Learning rate: 0.00000
[Fri Apr 21 22:39:31 2023|main.py|INFO] EPOCH [114/120] Train NME: 0.08214
[Fri Apr 21 22:39:36 2023|main.py|INFO] EPOCH [114/120] Test NME: 0.08372
[Fri Apr 21 22:39:36 2023|main.py|INFO] EPOCH [114/120] Learning rate: 0.00000
[Fri Apr 21 22:40:07 2023|main.py|INFO] EPOCH [115/120] Train NME: 0.08289
[Fri Apr 21 22:40:11 2023|main.py|INFO] EPOCH [115/120] Test NME: 0.08227
[Fri Apr 21 22:40:11 2023|main.py|INFO] EPOCH [115/120] Learning rate: 0.00000
[Fri Apr 21 22:40:42 2023|main.py|INFO] EPOCH [116/120] Train NME: 0.08340
[Fri Apr 21 22:40:46 2023|main.py|INFO] EPOCH [116/120] Test NME: 0.08207
[Fri Apr 21 22:40:46 2023|main.py|INFO] EPOCH [116/120] Learning rate: 0.00000
[Fri Apr 21 22:41:18 2023|main.py|INFO] EPOCH [117/120] Train NME: 0.08236
[Fri Apr 21 22:41:22 2023|main.py|INFO] EPOCH [117/120] Test NME: 0.08263
[Fri Apr 21 22:41:22 2023|main.py|INFO] EPOCH [117/120] Learning rate: 0.00000
[Fri Apr 21 22:41:55 2023|main.py|INFO] EPOCH [118/120] Train NME: 0.08203
[Fri Apr 21 22:41:59 2023|main.py|INFO] EPOCH [118/120] Test NME: 0.08180
[Fri Apr 21 22:41:59 2023|main.py|INFO] EPOCH [118/120] Learning rate: 0.00000
[Fri Apr 21 22:42:30 2023|main.py|INFO] EPOCH [119/120] Train NME: 0.08288
[Fri Apr 21 22:42:35 2023|main.py|INFO] EPOCH [119/120] Test NME: 0.08207
[Fri Apr 21 22:42:35 2023|main.py|INFO] EPOCH [119/120] Learning rate: 0.00000
[Fri Apr 21 22:43:06 2023|main.py|INFO] EPOCH [120/120] Train NME: 0.08199
[Fri Apr 21 22:43:11 2023|main.py|INFO] EPOCH [120/120] Test NME: 0.08286
[Fri Apr 21 22:43:11 2023|main.py|INFO] EPOCH [120/120] Learning rate: 0.00000
