[Wed Apr 19 22:00:27 2023|main.py|INFO] Task: raw_CNN_Aug_MSE_lr0.3_B8
[Wed Apr 19 22:00:27 2023|main.py|INFO] Using device: cuda
[Wed Apr 19 22:00:27 2023|main.py|INFO] Using config: config\raw_CNN_Aug_MSE\raw_CNN_Aug_MSE_lr0.3_B8.yaml
[Wed Apr 19 22:00:27 2023|main.py|INFO] Train path: data/training_images_full_train.npz
[Wed Apr 19 22:00:27 2023|main.py|INFO] Test path: data/training_images_full_test.npz
[Wed Apr 19 22:00:27 2023|main.py|INFO] Train augment: True
[Wed Apr 19 22:00:27 2023|main.py|INFO] Learning rate: 0.3
[Wed Apr 19 22:00:27 2023|main.py|INFO] Batch size: 8
[Wed Apr 19 22:00:27 2023|main.py|INFO] Num epochs: 100
[Wed Apr 19 22:00:27 2023|main.py|INFO] Save model: True
[Wed Apr 19 22:00:27 2023|main.py|INFO] Loss: MSE
[Wed Apr 19 22:00:27 2023|main.py|INFO] Log path: logs/raw_CNN_Aug_MSE_lr0.3_B8/2023-04-19_22-00-27.log
[Wed Apr 19 22:00:27 2023|main.py|INFO] Writer path: runs/raw_CNN_Aug_MSE_lr0.3_B8/2023-04-19_22-00-27
[Wed Apr 19 22:00:27 2023|main.py|INFO] Model name: resnet18
[Wed Apr 19 22:00:27 2023|main.py|INFO] Num outputs: 88
[Wed Apr 19 22:00:27 2023|main.py|INFO] Pretrained: True
[Wed Apr 19 22:00:27 2023|main.py|INFO] Load model: False
[Wed Apr 19 22:00:27 2023|main.py|INFO] Load path: None
[Wed Apr 19 22:00:27 2023|main.py|INFO] Loading data...
[Wed Apr 19 22:00:27 2023|main.py|INFO] Load dataset for raw_CNN_Aug_MSE_lr0.3_B8
[Wed Apr 19 22:00:31 2023|main.py|INFO] Initializing network resnet18 with 88 outputs...
[Wed Apr 19 22:00:32 2023|main.py|INFO] Network: ResNet(
  (conv1): Conv2d(3, 64, kernel_size=(7, 7), stride=(2, 2), padding=(3, 3), bias=False)
  (bn1): BatchNorm2d(64, eps=1e-05, momentum=0.1, affine=True, track_running_stats=True)
  (relu): ReLU(inplace=True)
  (maxpool): MaxPool2d(kernel_size=3, stride=2, padding=1, dilation=1, ceil_mode=False)
  (layer1): Sequential(
    (0): BasicBlock(
      (conv1): Conv2d(64, 64, kernel_size=(3, 3), stride=(1, 1), padding=(1, 1), bias=False)
      (bn1): BatchNorm2d(64, eps=1e-05, momentum=0.1, affine=True, track_running_stats=True)
      (relu): ReLU(inplace=True)
      (conv2): Conv2d(64, 64, kernel_size=(3, 3), stride=(1, 1), padding=(1, 1), bias=False)
      (bn2): BatchNorm2d(64, eps=1e-05, momentum=0.1, affine=True, track_running_stats=True)
    )
    (1): BasicBlock(
      (conv1): Conv2d(64, 64, kernel_size=(3, 3), stride=(1, 1), padding=(1, 1), bias=False)
      (bn1): BatchNorm2d(64, eps=1e-05, momentum=0.1, affine=True, track_running_stats=True)
      (relu): ReLU(inplace=True)
      (conv2): Conv2d(64, 64, kernel_size=(3, 3), stride=(1, 1), padding=(1, 1), bias=False)
      (bn2): BatchNorm2d(64, eps=1e-05, momentum=0.1, affine=True, track_running_stats=True)
    )
  )
  (layer2): Sequential(
    (0): BasicBlock(
      (conv1): Conv2d(64, 128, kernel_size=(3, 3), stride=(2, 2), padding=(1, 1), bias=False)
      (bn1): BatchNorm2d(128, eps=1e-05, momentum=0.1, affine=True, track_running_stats=True)
      (relu): ReLU(inplace=True)
      (conv2): Conv2d(128, 128, kernel_size=(3, 3), stride=(1, 1), padding=(1, 1), bias=False)
      (bn2): BatchNorm2d(128, eps=1e-05, momentum=0.1, affine=True, track_running_stats=True)
      (downsample): Sequential(
        (0): Conv2d(64, 128, kernel_size=(1, 1), stride=(2, 2), bias=False)
        (1): BatchNorm2d(128, eps=1e-05, momentum=0.1, affine=True, track_running_stats=True)
      )
    )
    (1): BasicBlock(
      (conv1): Conv2d(128, 128, kernel_size=(3, 3), stride=(1, 1), padding=(1, 1), bias=False)
      (bn1): BatchNorm2d(128, eps=1e-05, momentum=0.1, affine=True, track_running_stats=True)
      (relu): ReLU(inplace=True)
      (conv2): Conv2d(128, 128, kernel_size=(3, 3), stride=(1, 1), padding=(1, 1), bias=False)
      (bn2): BatchNorm2d(128, eps=1e-05, momentum=0.1, affine=True, track_running_stats=True)
    )
  )
  (layer3): Sequential(
    (0): BasicBlock(
      (conv1): Conv2d(128, 256, kernel_size=(3, 3), stride=(2, 2), padding=(1, 1), bias=False)
      (bn1): BatchNorm2d(256, eps=1e-05, momentum=0.1, affine=True, track_running_stats=True)
      (relu): ReLU(inplace=True)
      (conv2): Conv2d(256, 256, kernel_size=(3, 3), stride=(1, 1), padding=(1, 1), bias=False)
      (bn2): BatchNorm2d(256, eps=1e-05, momentum=0.1, affine=True, track_running_stats=True)
      (downsample): Sequential(
        (0): Conv2d(128, 256, kernel_size=(1, 1), stride=(2, 2), bias=False)
        (1): BatchNorm2d(256, eps=1e-05, momentum=0.1, affine=True, track_running_stats=True)
      )
    )
    (1): BasicBlock(
      (conv1): Conv2d(256, 256, kernel_size=(3, 3), stride=(1, 1), padding=(1, 1), bias=False)
      (bn1): BatchNorm2d(256, eps=1e-05, momentum=0.1, affine=True, track_running_stats=True)
      (relu): ReLU(inplace=True)
      (conv2): Conv2d(256, 256, kernel_size=(3, 3), stride=(1, 1), padding=(1, 1), bias=False)
      (bn2): BatchNorm2d(256, eps=1e-05, momentum=0.1, affine=True, track_running_stats=True)
    )
  )
  (layer4): Sequential(
    (0): BasicBlock(
      (conv1): Conv2d(256, 512, kernel_size=(3, 3), stride=(2, 2), padding=(1, 1), bias=False)
      (bn1): BatchNorm2d(512, eps=1e-05, momentum=0.1, affine=True, track_running_stats=True)
      (relu): ReLU(inplace=True)
      (conv2): Conv2d(512, 512, kernel_size=(3, 3), stride=(1, 1), padding=(1, 1), bias=False)
      (bn2): BatchNorm2d(512, eps=1e-05, momentum=0.1, affine=True, track_running_stats=True)
      (downsample): Sequential(
        (0): Conv2d(256, 512, kernel_size=(1, 1), stride=(2, 2), bias=False)
        (1): BatchNorm2d(512, eps=1e-05, momentum=0.1, affine=True, track_running_stats=True)
      )
    )
    (1): BasicBlock(
      (conv1): Conv2d(512, 512, kernel_size=(3, 3), stride=(1, 1), padding=(1, 1), bias=False)
      (bn1): BatchNorm2d(512, eps=1e-05, momentum=0.1, affine=True, track_running_stats=True)
      (relu): ReLU(inplace=True)
      (conv2): Conv2d(512, 512, kernel_size=(3, 3), stride=(1, 1), padding=(1, 1), bias=False)
      (bn2): BatchNorm2d(512, eps=1e-05, momentum=0.1, affine=True, track_running_stats=True)
    )
  )
  (avgpool): AdaptiveAvgPool2d(output_size=(1, 1))
  (fc): Linear(in_features=512, out_features=88, bias=True)
)
[Wed Apr 19 22:00:32 2023|main.py|INFO] Initializing loss and optimizer...
[Wed Apr 19 22:00:32 2023|main.py|INFO] Loss: MSE
[Wed Apr 19 22:00:32 2023|main.py|INFO] Optimizer: Adam
[Wed Apr 19 22:00:32 2023|main.py|INFO] Initializing tensorboard writer at: runs/raw_CNN_Aug_MSE_lr0.3_B8/2023-04-19_22-00-27
[Wed Apr 19 22:00:32 2023|main.py|INFO] Training network...
[Wed Apr 19 22:12:32 2023|main.py|INFO] EPOCH [1/100] Train NME: 0.32020
[Wed Apr 19 22:12:33 2023|main.py|INFO] EPOCH [1/100] Test NME: 0.21113
[Wed Apr 19 22:12:33 2023|main.py|INFO] EPOCH [1/100] Learning rate: 0.30000
[Wed Apr 19 22:12:33 2023|main.py|INFO] EPOCH [1/100] NME improved from 1000.00000 to 0.21113
[Wed Apr 19 22:12:33 2023|main.py|INFO] EPOCH [1/100] Saving model to: checkpoints/raw_CNN_Aug_MSE_lr0.3_B8/2023-04-19_22-12-33_epoch_1_NME_0.21113.pth.tar
[Wed Apr 19 22:24:06 2023|main.py|INFO] EPOCH [2/100] Train NME: 0.20368
[Wed Apr 19 22:24:08 2023|main.py|INFO] EPOCH [2/100] Test NME: 0.15177
[Wed Apr 19 22:24:08 2023|main.py|INFO] EPOCH [2/100] Learning rate: 0.24000
[Wed Apr 19 22:24:08 2023|main.py|INFO] EPOCH [2/100] NME improved from 0.21113 to 0.15177
[Wed Apr 19 22:24:08 2023|main.py|INFO] EPOCH [2/100] Saving model to: checkpoints/raw_CNN_Aug_MSE_lr0.3_B8/2023-04-19_22-24-08_epoch_2_NME_0.15177.pth.tar
[Wed Apr 19 22:33:16 2023|main.py|INFO] EPOCH [3/100] Train NME: 0.19203
[Wed Apr 19 22:33:17 2023|main.py|INFO] EPOCH [3/100] Test NME: 0.20204
[Wed Apr 19 22:33:17 2023|main.py|INFO] EPOCH [3/100] Learning rate: 0.19200
[Wed Apr 19 22:38:57 2023|main.py|INFO] EPOCH [4/100] Train NME: 0.16887
[Wed Apr 19 22:38:58 2023|main.py|INFO] EPOCH [4/100] Test NME: 0.16096
[Wed Apr 19 22:38:58 2023|main.py|INFO] EPOCH [4/100] Learning rate: 0.15360
[Wed Apr 19 22:45:01 2023|main.py|INFO] EPOCH [5/100] Train NME: 0.16341
[Wed Apr 19 22:45:02 2023|main.py|INFO] EPOCH [5/100] Test NME: 0.15048
[Wed Apr 19 22:45:02 2023|main.py|INFO] EPOCH [5/100] Learning rate: 0.12288
[Wed Apr 19 22:45:02 2023|main.py|INFO] EPOCH [5/100] NME improved from 0.15177 to 0.15048
[Wed Apr 19 22:45:02 2023|main.py|INFO] EPOCH [5/100] Saving model to: checkpoints/raw_CNN_Aug_MSE_lr0.3_B8/2023-04-19_22-45-02_epoch_5_NME_0.15048.pth.tar
[Wed Apr 19 22:52:10 2023|main.py|INFO] EPOCH [6/100] Train NME: 0.15718
[Wed Apr 19 22:52:11 2023|main.py|INFO] EPOCH [6/100] Test NME: 0.14482
[Wed Apr 19 22:52:11 2023|main.py|INFO] EPOCH [6/100] Learning rate: 0.09830
[Wed Apr 19 22:52:11 2023|main.py|INFO] EPOCH [6/100] NME improved from 0.15048 to 0.14482
[Wed Apr 19 22:52:11 2023|main.py|INFO] EPOCH [6/100] Saving model to: checkpoints/raw_CNN_Aug_MSE_lr0.3_B8/2023-04-19_22-52-11_epoch_6_NME_0.14482.pth.tar
[Wed Apr 19 23:03:50 2023|main.py|INFO] EPOCH [7/100] Train NME: 0.15193
[Wed Apr 19 23:03:51 2023|main.py|INFO] EPOCH [7/100] Test NME: 0.15450
[Wed Apr 19 23:03:51 2023|main.py|INFO] EPOCH [7/100] Learning rate: 0.07864
[Wed Apr 19 23:16:42 2023|main.py|INFO] EPOCH [8/100] Train NME: 0.15041
[Wed Apr 19 23:16:44 2023|main.py|INFO] EPOCH [8/100] Test NME: 0.16809
[Wed Apr 19 23:16:44 2023|main.py|INFO] EPOCH [8/100] Learning rate: 0.06291
[Wed Apr 19 23:27:34 2023|main.py|INFO] EPOCH [9/100] Train NME: 0.14661
[Wed Apr 19 23:27:34 2023|main.py|INFO] EPOCH [9/100] Test NME: 0.14894
[Wed Apr 19 23:27:34 2023|main.py|INFO] EPOCH [9/100] Learning rate: 0.05033
[Wed Apr 19 23:33:50 2023|main.py|INFO] EPOCH [10/100] Train NME: 0.14634
[Wed Apr 19 23:33:50 2023|main.py|INFO] EPOCH [10/100] Test NME: 0.15040
[Wed Apr 19 23:33:50 2023|main.py|INFO] EPOCH [10/100] Learning rate: 0.04027
[Wed Apr 19 23:40:11 2023|main.py|INFO] EPOCH [11/100] Train NME: 0.14411
[Wed Apr 19 23:40:12 2023|main.py|INFO] EPOCH [11/100] Test NME: 0.16906
[Wed Apr 19 23:40:12 2023|main.py|INFO] EPOCH [11/100] Learning rate: 0.03221
[Wed Apr 19 23:46:59 2023|main.py|INFO] EPOCH [12/100] Train NME: 0.14229
[Wed Apr 19 23:46:59 2023|main.py|INFO] EPOCH [12/100] Test NME: 0.14500
[Wed Apr 19 23:46:59 2023|main.py|INFO] EPOCH [12/100] Learning rate: 0.02577
[Wed Apr 19 23:53:32 2023|main.py|INFO] EPOCH [13/100] Train NME: 0.14096
[Wed Apr 19 23:53:33 2023|main.py|INFO] EPOCH [13/100] Test NME: 0.14425
[Wed Apr 19 23:53:33 2023|main.py|INFO] EPOCH [13/100] Learning rate: 0.02062
[Wed Apr 19 23:53:33 2023|main.py|INFO] EPOCH [13/100] NME improved from 0.14482 to 0.14425
[Wed Apr 19 23:53:33 2023|main.py|INFO] EPOCH [13/100] Saving model to: checkpoints/raw_CNN_Aug_MSE_lr0.3_B8/2023-04-19_23-53-33_epoch_13_NME_0.14425.pth.tar
[Thu Apr 20 00:00:01 2023|main.py|INFO] EPOCH [14/100] Train NME: 0.13887
[Thu Apr 20 00:00:01 2023|main.py|INFO] EPOCH [14/100] Test NME: 0.14734
[Thu Apr 20 00:00:01 2023|main.py|INFO] EPOCH [14/100] Learning rate: 0.01649
[Thu Apr 20 00:06:35 2023|main.py|INFO] EPOCH [15/100] Train NME: 0.13719
[Thu Apr 20 00:06:36 2023|main.py|INFO] EPOCH [15/100] Test NME: 0.14392
[Thu Apr 20 00:06:36 2023|main.py|INFO] EPOCH [15/100] Learning rate: 0.01319
[Thu Apr 20 00:06:36 2023|main.py|INFO] EPOCH [15/100] NME improved from 0.14425 to 0.14392
[Thu Apr 20 00:06:36 2023|main.py|INFO] EPOCH [15/100] Saving model to: checkpoints/raw_CNN_Aug_MSE_lr0.3_B8/2023-04-20_00-06-36_epoch_15_NME_0.14392.pth.tar
[Thu Apr 20 00:12:39 2023|main.py|INFO] EPOCH [16/100] Train NME: 0.13810
[Thu Apr 20 00:12:40 2023|main.py|INFO] EPOCH [16/100] Test NME: 0.14867
[Thu Apr 20 00:12:40 2023|main.py|INFO] EPOCH [16/100] Learning rate: 0.01056
[Thu Apr 20 00:18:57 2023|main.py|INFO] EPOCH [17/100] Train NME: 0.13626
[Thu Apr 20 00:18:57 2023|main.py|INFO] EPOCH [17/100] Test NME: 0.14415
[Thu Apr 20 00:18:57 2023|main.py|INFO] EPOCH [17/100] Learning rate: 0.00844
[Thu Apr 20 00:25:19 2023|main.py|INFO] EPOCH [18/100] Train NME: 0.13606
[Thu Apr 20 00:25:20 2023|main.py|INFO] EPOCH [18/100] Test NME: 0.14900
[Thu Apr 20 00:25:20 2023|main.py|INFO] EPOCH [18/100] Learning rate: 0.00676
[Thu Apr 20 00:31:31 2023|main.py|INFO] EPOCH [19/100] Train NME: 0.13456
[Thu Apr 20 00:31:32 2023|main.py|INFO] EPOCH [19/100] Test NME: 0.14604
[Thu Apr 20 00:31:32 2023|main.py|INFO] EPOCH [19/100] Learning rate: 0.00540
[Thu Apr 20 00:37:30 2023|main.py|INFO] EPOCH [20/100] Train NME: 0.13520
[Thu Apr 20 00:37:31 2023|main.py|INFO] EPOCH [20/100] Test NME: 0.14930
[Thu Apr 20 00:37:31 2023|main.py|INFO] EPOCH [20/100] Learning rate: 0.00432
[Thu Apr 20 00:43:36 2023|main.py|INFO] EPOCH [21/100] Train NME: 0.13588
[Thu Apr 20 00:43:37 2023|main.py|INFO] EPOCH [21/100] Test NME: 0.15048
[Thu Apr 20 00:43:37 2023|main.py|INFO] EPOCH [21/100] Learning rate: 0.00346
[Thu Apr 20 00:49:42 2023|main.py|INFO] EPOCH [22/100] Train NME: 0.13566
[Thu Apr 20 00:49:43 2023|main.py|INFO] EPOCH [22/100] Test NME: 0.14983
[Thu Apr 20 00:49:43 2023|main.py|INFO] EPOCH [22/100] Learning rate: 0.00277
[Thu Apr 20 00:55:34 2023|main.py|INFO] EPOCH [23/100] Train NME: 0.13588
[Thu Apr 20 00:55:35 2023|main.py|INFO] EPOCH [23/100] Test NME: 0.14938
[Thu Apr 20 00:55:35 2023|main.py|INFO] EPOCH [23/100] Learning rate: 0.00221
[Thu Apr 20 01:01:30 2023|main.py|INFO] EPOCH [24/100] Train NME: 0.13553
[Thu Apr 20 01:01:30 2023|main.py|INFO] EPOCH [24/100] Test NME: 0.14923
[Thu Apr 20 01:01:30 2023|main.py|INFO] EPOCH [24/100] Learning rate: 0.00177
[Thu Apr 20 01:07:31 2023|main.py|INFO] EPOCH [25/100] Train NME: 0.13534
[Thu Apr 20 01:07:32 2023|main.py|INFO] EPOCH [25/100] Test NME: 0.14753
[Thu Apr 20 01:07:32 2023|main.py|INFO] EPOCH [25/100] Learning rate: 0.00142
[Thu Apr 20 01:13:42 2023|main.py|INFO] EPOCH [26/100] Train NME: 0.13582
[Thu Apr 20 01:13:43 2023|main.py|INFO] EPOCH [26/100] Test NME: 0.14892
[Thu Apr 20 01:13:43 2023|main.py|INFO] EPOCH [26/100] Learning rate: 0.00113
[Thu Apr 20 01:20:03 2023|main.py|INFO] EPOCH [27/100] Train NME: 0.13526
[Thu Apr 20 01:20:03 2023|main.py|INFO] EPOCH [27/100] Test NME: 0.15420
[Thu Apr 20 01:20:03 2023|main.py|INFO] EPOCH [27/100] Learning rate: 0.00091
[Thu Apr 20 01:26:15 2023|main.py|INFO] EPOCH [28/100] Train NME: 0.13666
[Thu Apr 20 01:26:15 2023|main.py|INFO] EPOCH [28/100] Test NME: 0.15488
[Thu Apr 20 01:26:15 2023|main.py|INFO] EPOCH [28/100] Learning rate: 0.00073
[Thu Apr 20 01:32:18 2023|main.py|INFO] EPOCH [29/100] Train NME: 0.13662
[Thu Apr 20 01:32:19 2023|main.py|INFO] EPOCH [29/100] Test NME: 0.15040
[Thu Apr 20 01:32:19 2023|main.py|INFO] EPOCH [29/100] Learning rate: 0.00058
[Thu Apr 20 01:38:39 2023|main.py|INFO] EPOCH [30/100] Train NME: 0.13633
[Thu Apr 20 01:38:40 2023|main.py|INFO] EPOCH [30/100] Test NME: 0.15238
[Thu Apr 20 01:38:40 2023|main.py|INFO] EPOCH [30/100] Learning rate: 0.00046
[Thu Apr 20 01:44:57 2023|main.py|INFO] EPOCH [31/100] Train NME: 0.13710
[Thu Apr 20 01:44:58 2023|main.py|INFO] EPOCH [31/100] Test NME: 0.15288
[Thu Apr 20 01:44:58 2023|main.py|INFO] EPOCH [31/100] Learning rate: 0.00037
[Thu Apr 20 01:51:03 2023|main.py|INFO] EPOCH [32/100] Train NME: 0.13710
[Thu Apr 20 01:51:04 2023|main.py|INFO] EPOCH [32/100] Test NME: 0.15542
[Thu Apr 20 01:51:04 2023|main.py|INFO] EPOCH [32/100] Learning rate: 0.00030
[Thu Apr 20 01:57:25 2023|main.py|INFO] EPOCH [33/100] Train NME: 0.13643
[Thu Apr 20 01:57:26 2023|main.py|INFO] EPOCH [33/100] Test NME: 0.15260
[Thu Apr 20 01:57:26 2023|main.py|INFO] EPOCH [33/100] Learning rate: 0.00024
[Thu Apr 20 02:03:15 2023|main.py|INFO] EPOCH [34/100] Train NME: 0.13656
[Thu Apr 20 02:03:16 2023|main.py|INFO] EPOCH [34/100] Test NME: 0.15257
[Thu Apr 20 02:03:16 2023|main.py|INFO] EPOCH [34/100] Learning rate: 0.00019
[Thu Apr 20 02:09:23 2023|main.py|INFO] EPOCH [35/100] Train NME: 0.13706
[Thu Apr 20 02:09:24 2023|main.py|INFO] EPOCH [35/100] Test NME: 0.15219
[Thu Apr 20 02:09:24 2023|main.py|INFO] EPOCH [35/100] Learning rate: 0.00015
[Thu Apr 20 02:15:56 2023|main.py|INFO] EPOCH [36/100] Train NME: 0.13721
[Thu Apr 20 02:15:56 2023|main.py|INFO] EPOCH [36/100] Test NME: 0.15105
[Thu Apr 20 02:15:56 2023|main.py|INFO] EPOCH [36/100] Learning rate: 0.00012
[Thu Apr 20 02:22:08 2023|main.py|INFO] EPOCH [37/100] Train NME: 0.13784
[Thu Apr 20 02:22:08 2023|main.py|INFO] EPOCH [37/100] Test NME: 0.15317
[Thu Apr 20 02:22:08 2023|main.py|INFO] EPOCH [37/100] Learning rate: 0.00010
[Thu Apr 20 02:28:25 2023|main.py|INFO] EPOCH [38/100] Train NME: 0.13759
[Thu Apr 20 02:28:26 2023|main.py|INFO] EPOCH [38/100] Test NME: 0.15420
[Thu Apr 20 02:28:26 2023|main.py|INFO] EPOCH [38/100] Learning rate: 0.00008
[Thu Apr 20 02:34:27 2023|main.py|INFO] EPOCH [39/100] Train NME: 0.13728
[Thu Apr 20 02:34:28 2023|main.py|INFO] EPOCH [39/100] Test NME: 0.15332
[Thu Apr 20 02:34:28 2023|main.py|INFO] EPOCH [39/100] Learning rate: 0.00006
[Thu Apr 20 02:40:39 2023|main.py|INFO] EPOCH [40/100] Train NME: 0.13821
[Thu Apr 20 02:40:40 2023|main.py|INFO] EPOCH [40/100] Test NME: 0.15547
[Thu Apr 20 02:40:40 2023|main.py|INFO] EPOCH [40/100] Learning rate: 0.00005
[Thu Apr 20 02:46:54 2023|main.py|INFO] EPOCH [41/100] Train NME: 0.13751
[Thu Apr 20 02:46:54 2023|main.py|INFO] EPOCH [41/100] Test NME: 0.15544
[Thu Apr 20 02:46:54 2023|main.py|INFO] EPOCH [41/100] Learning rate: 0.00004
[Thu Apr 20 02:53:07 2023|main.py|INFO] EPOCH [42/100] Train NME: 0.13795
[Thu Apr 20 02:53:07 2023|main.py|INFO] EPOCH [42/100] Test NME: 0.15476
[Thu Apr 20 02:53:07 2023|main.py|INFO] EPOCH [42/100] Learning rate: 0.00003
[Thu Apr 20 02:58:52 2023|main.py|INFO] EPOCH [43/100] Train NME: 0.13738
[Thu Apr 20 02:58:53 2023|main.py|INFO] EPOCH [43/100] Test NME: 0.15743
[Thu Apr 20 02:58:53 2023|main.py|INFO] EPOCH [43/100] Learning rate: 0.00003
[Thu Apr 20 03:05:00 2023|main.py|INFO] EPOCH [44/100] Train NME: 0.13799
[Thu Apr 20 03:05:00 2023|main.py|INFO] EPOCH [44/100] Test NME: 0.15523
[Thu Apr 20 03:05:00 2023|main.py|INFO] EPOCH [44/100] Learning rate: 0.00002
[Thu Apr 20 03:11:02 2023|main.py|INFO] EPOCH [45/100] Train NME: 0.13866
[Thu Apr 20 03:11:03 2023|main.py|INFO] EPOCH [45/100] Test NME: 0.15532
[Thu Apr 20 03:11:03 2023|main.py|INFO] EPOCH [45/100] Learning rate: 0.00002
[Thu Apr 20 03:17:00 2023|main.py|INFO] EPOCH [46/100] Train NME: 0.13805
[Thu Apr 20 03:17:00 2023|main.py|INFO] EPOCH [46/100] Test NME: 0.15558
[Thu Apr 20 03:17:00 2023|main.py|INFO] EPOCH [46/100] Learning rate: 0.00001
[Thu Apr 20 03:22:59 2023|main.py|INFO] EPOCH [47/100] Train NME: 0.13827
[Thu Apr 20 03:23:00 2023|main.py|INFO] EPOCH [47/100] Test NME: 0.15584
[Thu Apr 20 03:23:00 2023|main.py|INFO] EPOCH [47/100] Learning rate: 0.00001
[Thu Apr 20 03:29:16 2023|main.py|INFO] EPOCH [48/100] Train NME: 0.13827
[Thu Apr 20 03:29:17 2023|main.py|INFO] EPOCH [48/100] Test NME: 0.15599
[Thu Apr 20 03:29:17 2023|main.py|INFO] EPOCH [48/100] Learning rate: 0.00001
[Thu Apr 20 03:35:08 2023|main.py|INFO] EPOCH [49/100] Train NME: 0.13739
[Thu Apr 20 03:35:08 2023|main.py|INFO] EPOCH [49/100] Test NME: 0.15721
[Thu Apr 20 03:35:08 2023|main.py|INFO] EPOCH [49/100] Learning rate: 0.00001
[Thu Apr 20 03:41:21 2023|main.py|INFO] EPOCH [50/100] Train NME: 0.13852
[Thu Apr 20 03:41:22 2023|main.py|INFO] EPOCH [50/100] Test NME: 0.15531
[Thu Apr 20 03:41:22 2023|main.py|INFO] EPOCH [50/100] Learning rate: 0.00001
[Thu Apr 20 03:47:18 2023|main.py|INFO] EPOCH [51/100] Train NME: 0.13802
[Thu Apr 20 03:47:19 2023|main.py|INFO] EPOCH [51/100] Test NME: 0.15787
[Thu Apr 20 03:47:19 2023|main.py|INFO] EPOCH [51/100] Learning rate: 0.00000
[Thu Apr 20 03:53:24 2023|main.py|INFO] EPOCH [52/100] Train NME: 0.13817
[Thu Apr 20 03:53:25 2023|main.py|INFO] EPOCH [52/100] Test NME: 0.15638
[Thu Apr 20 03:53:25 2023|main.py|INFO] EPOCH [52/100] Learning rate: 0.00000
[Thu Apr 20 03:59:13 2023|main.py|INFO] EPOCH [53/100] Train NME: 0.13868
[Thu Apr 20 03:59:14 2023|main.py|INFO] EPOCH [53/100] Test NME: 0.15758
[Thu Apr 20 03:59:14 2023|main.py|INFO] EPOCH [53/100] Learning rate: 0.00000
[Thu Apr 20 04:05:15 2023|main.py|INFO] EPOCH [54/100] Train NME: 0.13851
[Thu Apr 20 04:05:15 2023|main.py|INFO] EPOCH [54/100] Test NME: 0.15588
[Thu Apr 20 04:05:15 2023|main.py|INFO] EPOCH [54/100] Learning rate: 0.00000
[Thu Apr 20 04:11:02 2023|main.py|INFO] EPOCH [55/100] Train NME: 0.13806
[Thu Apr 20 04:11:02 2023|main.py|INFO] EPOCH [55/100] Test NME: 0.15599
[Thu Apr 20 04:11:02 2023|main.py|INFO] EPOCH [55/100] Learning rate: 0.00000
[Thu Apr 20 04:17:14 2023|main.py|INFO] EPOCH [56/100] Train NME: 0.13818
[Thu Apr 20 04:17:15 2023|main.py|INFO] EPOCH [56/100] Test NME: 0.15757
[Thu Apr 20 04:17:15 2023|main.py|INFO] EPOCH [56/100] Learning rate: 0.00000
[Thu Apr 20 04:23:05 2023|main.py|INFO] EPOCH [57/100] Train NME: 0.13830
[Thu Apr 20 04:23:06 2023|main.py|INFO] EPOCH [57/100] Test NME: 0.15651
[Thu Apr 20 04:23:06 2023|main.py|INFO] EPOCH [57/100] Learning rate: 0.00000
[Thu Apr 20 04:29:19 2023|main.py|INFO] EPOCH [58/100] Train NME: 0.13784
[Thu Apr 20 04:29:20 2023|main.py|INFO] EPOCH [58/100] Test NME: 0.15677
[Thu Apr 20 04:29:20 2023|main.py|INFO] EPOCH [58/100] Learning rate: 0.00000
[Thu Apr 20 04:35:14 2023|main.py|INFO] EPOCH [59/100] Train NME: 0.13868
[Thu Apr 20 04:35:15 2023|main.py|INFO] EPOCH [59/100] Test NME: 0.15718
[Thu Apr 20 04:35:15 2023|main.py|INFO] EPOCH [59/100] Learning rate: 0.00000
[Thu Apr 20 04:41:22 2023|main.py|INFO] EPOCH [60/100] Train NME: 0.13816
[Thu Apr 20 04:41:23 2023|main.py|INFO] EPOCH [60/100] Test NME: 0.15783
[Thu Apr 20 04:41:23 2023|main.py|INFO] EPOCH [60/100] Learning rate: 0.00000
[Thu Apr 20 04:47:15 2023|main.py|INFO] EPOCH [61/100] Train NME: 0.13803
[Thu Apr 20 04:47:16 2023|main.py|INFO] EPOCH [61/100] Test NME: 0.15632
[Thu Apr 20 04:47:16 2023|main.py|INFO] EPOCH [61/100] Learning rate: 0.00000
[Thu Apr 20 04:53:19 2023|main.py|INFO] EPOCH [62/100] Train NME: 0.13874
[Thu Apr 20 04:53:20 2023|main.py|INFO] EPOCH [62/100] Test NME: 0.15733
[Thu Apr 20 04:53:20 2023|main.py|INFO] EPOCH [62/100] Learning rate: 0.00000
[Thu Apr 20 04:59:23 2023|main.py|INFO] EPOCH [63/100] Train NME: 0.13806
[Thu Apr 20 04:59:24 2023|main.py|INFO] EPOCH [63/100] Test NME: 0.15319
[Thu Apr 20 04:59:24 2023|main.py|INFO] EPOCH [63/100] Learning rate: 0.00000
[Thu Apr 20 05:05:44 2023|main.py|INFO] EPOCH [64/100] Train NME: 0.13806
[Thu Apr 20 05:05:45 2023|main.py|INFO] EPOCH [64/100] Test NME: 0.15863
[Thu Apr 20 05:05:45 2023|main.py|INFO] EPOCH [64/100] Learning rate: 0.00000
[Thu Apr 20 05:12:04 2023|main.py|INFO] EPOCH [65/100] Train NME: 0.13823
[Thu Apr 20 05:12:04 2023|main.py|INFO] EPOCH [65/100] Test NME: 0.15690
[Thu Apr 20 05:12:04 2023|main.py|INFO] EPOCH [65/100] Learning rate: 0.00000
[Thu Apr 20 05:18:24 2023|main.py|INFO] EPOCH [66/100] Train NME: 0.13866
[Thu Apr 20 05:18:24 2023|main.py|INFO] EPOCH [66/100] Test NME: 0.15767
[Thu Apr 20 05:18:24 2023|main.py|INFO] EPOCH [66/100] Learning rate: 0.00000
[Thu Apr 20 05:24:44 2023|main.py|INFO] EPOCH [67/100] Train NME: 0.13834
[Thu Apr 20 05:24:45 2023|main.py|INFO] EPOCH [67/100] Test NME: 0.15675
[Thu Apr 20 05:24:45 2023|main.py|INFO] EPOCH [67/100] Learning rate: 0.00000
[Thu Apr 20 05:30:48 2023|main.py|INFO] EPOCH [68/100] Train NME: 0.13771
[Thu Apr 20 05:30:49 2023|main.py|INFO] EPOCH [68/100] Test NME: 0.15734
[Thu Apr 20 05:30:49 2023|main.py|INFO] EPOCH [68/100] Learning rate: 0.00000
[Thu Apr 20 05:37:22 2023|main.py|INFO] EPOCH [69/100] Train NME: 0.13839
[Thu Apr 20 05:37:23 2023|main.py|INFO] EPOCH [69/100] Test NME: 0.15659
[Thu Apr 20 05:37:23 2023|main.py|INFO] EPOCH [69/100] Learning rate: 0.00000
[Thu Apr 20 05:43:17 2023|main.py|INFO] EPOCH [70/100] Train NME: 0.13813
[Thu Apr 20 05:43:17 2023|main.py|INFO] EPOCH [70/100] Test NME: 0.15593
[Thu Apr 20 05:43:17 2023|main.py|INFO] EPOCH [70/100] Learning rate: 0.00000
[Thu Apr 20 05:49:34 2023|main.py|INFO] EPOCH [71/100] Train NME: 0.13817
[Thu Apr 20 05:49:35 2023|main.py|INFO] EPOCH [71/100] Test NME: 0.15762
[Thu Apr 20 05:49:35 2023|main.py|INFO] EPOCH [71/100] Learning rate: 0.00000
[Thu Apr 20 05:55:52 2023|main.py|INFO] EPOCH [72/100] Train NME: 0.13830
[Thu Apr 20 05:55:53 2023|main.py|INFO] EPOCH [72/100] Test NME: 0.15904
[Thu Apr 20 05:55:53 2023|main.py|INFO] EPOCH [72/100] Learning rate: 0.00000
[Thu Apr 20 06:02:00 2023|main.py|INFO] EPOCH [73/100] Train NME: 0.13839
[Thu Apr 20 06:02:01 2023|main.py|INFO] EPOCH [73/100] Test NME: 0.15679
[Thu Apr 20 06:02:01 2023|main.py|INFO] EPOCH [73/100] Learning rate: 0.00000
[Thu Apr 20 06:07:43 2023|main.py|INFO] EPOCH [74/100] Train NME: 0.13770
[Thu Apr 20 06:07:43 2023|main.py|INFO] EPOCH [74/100] Test NME: 0.15717
[Thu Apr 20 06:07:43 2023|main.py|INFO] EPOCH [74/100] Learning rate: 0.00000
[Thu Apr 20 06:13:55 2023|main.py|INFO] EPOCH [75/100] Train NME: 0.13807
[Thu Apr 20 06:13:56 2023|main.py|INFO] EPOCH [75/100] Test NME: 0.15838
[Thu Apr 20 06:13:56 2023|main.py|INFO] EPOCH [75/100] Learning rate: 0.00000
[Thu Apr 20 06:20:16 2023|main.py|INFO] EPOCH [76/100] Train NME: 0.13812
[Thu Apr 20 06:20:16 2023|main.py|INFO] EPOCH [76/100] Test NME: 0.15699
[Thu Apr 20 06:20:16 2023|main.py|INFO] EPOCH [76/100] Learning rate: 0.00000
[Thu Apr 20 06:26:15 2023|main.py|INFO] EPOCH [77/100] Train NME: 0.13858
[Thu Apr 20 06:26:16 2023|main.py|INFO] EPOCH [77/100] Test NME: 0.15772
[Thu Apr 20 06:26:16 2023|main.py|INFO] EPOCH [77/100] Learning rate: 0.00000
[Thu Apr 20 06:32:31 2023|main.py|INFO] EPOCH [78/100] Train NME: 0.13850
[Thu Apr 20 06:32:32 2023|main.py|INFO] EPOCH [78/100] Test NME: 0.15859
[Thu Apr 20 06:32:32 2023|main.py|INFO] EPOCH [78/100] Learning rate: 0.00000
[Thu Apr 20 06:38:41 2023|main.py|INFO] EPOCH [79/100] Train NME: 0.13898
[Thu Apr 20 06:38:42 2023|main.py|INFO] EPOCH [79/100] Test NME: 0.15708
[Thu Apr 20 06:38:42 2023|main.py|INFO] EPOCH [79/100] Learning rate: 0.00000
[Thu Apr 20 06:44:52 2023|main.py|INFO] EPOCH [80/100] Train NME: 0.13771
[Thu Apr 20 06:44:53 2023|main.py|INFO] EPOCH [80/100] Test NME: 0.15673
[Thu Apr 20 06:44:53 2023|main.py|INFO] EPOCH [80/100] Learning rate: 0.00000
[Thu Apr 20 06:50:45 2023|main.py|INFO] EPOCH [81/100] Train NME: 0.13858
[Thu Apr 20 06:50:45 2023|main.py|INFO] EPOCH [81/100] Test NME: 0.15658
[Thu Apr 20 06:50:45 2023|main.py|INFO] EPOCH [81/100] Learning rate: 0.00000
[Thu Apr 20 06:56:20 2023|main.py|INFO] EPOCH [82/100] Train NME: 0.13867
[Thu Apr 20 06:56:21 2023|main.py|INFO] EPOCH [82/100] Test NME: 0.15935
[Thu Apr 20 06:56:21 2023|main.py|INFO] EPOCH [82/100] Learning rate: 0.00000
[Thu Apr 20 07:01:57 2023|main.py|INFO] EPOCH [83/100] Train NME: 0.13872
[Thu Apr 20 07:01:58 2023|main.py|INFO] EPOCH [83/100] Test NME: 0.15760
[Thu Apr 20 07:01:58 2023|main.py|INFO] EPOCH [83/100] Learning rate: 0.00000
[Thu Apr 20 07:08:25 2023|main.py|INFO] EPOCH [84/100] Train NME: 0.13848
[Thu Apr 20 07:08:26 2023|main.py|INFO] EPOCH [84/100] Test NME: 0.15738
[Thu Apr 20 07:08:26 2023|main.py|INFO] EPOCH [84/100] Learning rate: 0.00000
[Thu Apr 20 07:14:13 2023|main.py|INFO] EPOCH [85/100] Train NME: 0.13807
[Thu Apr 20 07:14:14 2023|main.py|INFO] EPOCH [85/100] Test NME: 0.15662
[Thu Apr 20 07:14:14 2023|main.py|INFO] EPOCH [85/100] Learning rate: 0.00000
[Thu Apr 20 07:20:08 2023|main.py|INFO] EPOCH [86/100] Train NME: 0.13849
[Thu Apr 20 07:20:09 2023|main.py|INFO] EPOCH [86/100] Test NME: 0.15810
[Thu Apr 20 07:20:09 2023|main.py|INFO] EPOCH [86/100] Learning rate: 0.00000
[Thu Apr 20 07:26:21 2023|main.py|INFO] EPOCH [87/100] Train NME: 0.13869
[Thu Apr 20 07:26:22 2023|main.py|INFO] EPOCH [87/100] Test NME: 0.15685
[Thu Apr 20 07:26:22 2023|main.py|INFO] EPOCH [87/100] Learning rate: 0.00000
[Thu Apr 20 07:32:28 2023|main.py|INFO] EPOCH [88/100] Train NME: 0.13827
[Thu Apr 20 07:32:29 2023|main.py|INFO] EPOCH [88/100] Test NME: 0.15804
[Thu Apr 20 07:32:29 2023|main.py|INFO] EPOCH [88/100] Learning rate: 0.00000
[Thu Apr 20 07:38:50 2023|main.py|INFO] EPOCH [89/100] Train NME: 0.13824
[Thu Apr 20 07:38:51 2023|main.py|INFO] EPOCH [89/100] Test NME: 0.15833
[Thu Apr 20 07:38:51 2023|main.py|INFO] EPOCH [89/100] Learning rate: 0.00000
[Thu Apr 20 07:44:49 2023|main.py|INFO] EPOCH [90/100] Train NME: 0.13872
[Thu Apr 20 07:44:50 2023|main.py|INFO] EPOCH [90/100] Test NME: 0.15732
[Thu Apr 20 07:44:50 2023|main.py|INFO] EPOCH [90/100] Learning rate: 0.00000
[Thu Apr 20 07:50:59 2023|main.py|INFO] EPOCH [91/100] Train NME: 0.13860
[Thu Apr 20 07:50:59 2023|main.py|INFO] EPOCH [91/100] Test NME: 0.15637
[Thu Apr 20 07:50:59 2023|main.py|INFO] EPOCH [91/100] Learning rate: 0.00000
[Thu Apr 20 07:57:12 2023|main.py|INFO] EPOCH [92/100] Train NME: 0.13799
[Thu Apr 20 07:57:12 2023|main.py|INFO] EPOCH [92/100] Test NME: 0.15666
[Thu Apr 20 07:57:12 2023|main.py|INFO] EPOCH [92/100] Learning rate: 0.00000
[Thu Apr 20 08:03:07 2023|main.py|INFO] EPOCH [93/100] Train NME: 0.13853
[Thu Apr 20 08:03:08 2023|main.py|INFO] EPOCH [93/100] Test NME: 0.15789
[Thu Apr 20 08:03:08 2023|main.py|INFO] EPOCH [93/100] Learning rate: 0.00000
[Thu Apr 20 08:09:06 2023|main.py|INFO] EPOCH [94/100] Train NME: 0.13911
[Thu Apr 20 08:09:07 2023|main.py|INFO] EPOCH [94/100] Test NME: 0.15788
[Thu Apr 20 08:09:07 2023|main.py|INFO] EPOCH [94/100] Learning rate: 0.00000
[Thu Apr 20 08:15:05 2023|main.py|INFO] EPOCH [95/100] Train NME: 0.13860
[Thu Apr 20 08:15:06 2023|main.py|INFO] EPOCH [95/100] Test NME: 0.15615
[Thu Apr 20 08:15:06 2023|main.py|INFO] EPOCH [95/100] Learning rate: 0.00000
[Thu Apr 20 08:21:04 2023|main.py|INFO] EPOCH [96/100] Train NME: 0.13814
[Thu Apr 20 08:21:05 2023|main.py|INFO] EPOCH [96/100] Test NME: 0.15821
[Thu Apr 20 08:21:05 2023|main.py|INFO] EPOCH [96/100] Learning rate: 0.00000
[Thu Apr 20 08:27:35 2023|main.py|INFO] EPOCH [97/100] Train NME: 0.13877
[Thu Apr 20 08:27:36 2023|main.py|INFO] EPOCH [97/100] Test NME: 0.15859
[Thu Apr 20 08:27:36 2023|main.py|INFO] EPOCH [97/100] Learning rate: 0.00000
[Thu Apr 20 08:33:52 2023|main.py|INFO] EPOCH [98/100] Train NME: 0.13829
[Thu Apr 20 08:33:52 2023|main.py|INFO] EPOCH [98/100] Test NME: 0.15881
[Thu Apr 20 08:33:52 2023|main.py|INFO] EPOCH [98/100] Learning rate: 0.00000
[Thu Apr 20 08:40:24 2023|main.py|INFO] EPOCH [99/100] Train NME: 0.13882
[Thu Apr 20 08:40:25 2023|main.py|INFO] EPOCH [99/100] Test NME: 0.15625
[Thu Apr 20 08:40:25 2023|main.py|INFO] EPOCH [99/100] Learning rate: 0.00000
[Thu Apr 20 08:46:32 2023|main.py|INFO] EPOCH [100/100] Train NME: 0.13775
[Thu Apr 20 08:46:33 2023|main.py|INFO] EPOCH [100/100] Test NME: 0.15635
[Thu Apr 20 08:46:33 2023|main.py|INFO] EPOCH [100/100] Learning rate: 0.00000
