[Sat Apr 22 02:10:47 2023|main.py|INFO] Task: Cas_Stage2_noAug_MSE-S1_noAug_MSE-lr0.4_B2
[Sat Apr 22 02:10:47 2023|main.py|INFO] Training cascade stage 2
[Sat Apr 22 02:10:47 2023|main.py|INFO] Stage 1 model: resnet18
[Sat Apr 22 02:10:47 2023|main.py|INFO] Stage 1 model path: checkpoints/Cas_Stage1_noAug_MSE/Cas_Stage1_noAug_MSE_lr0.5_B2/2023-04-20_18-11-00_epoch_68_NME_0.03373.pth.tar
[Sat Apr 22 02:10:47 2023|main.py|INFO] Using device: cuda
[Sat Apr 22 02:10:47 2023|main.py|INFO] Using config: config\Cas_Stage2_noAug_MSE-S1_noAug_MSE\Cas_Stage2_noAug_MSE-S1_noAug_MSE-lr0.4_B2.yaml
[Sat Apr 22 02:10:47 2023|main.py|INFO] Train path: data/training_images_full_train.npz
[Sat Apr 22 02:10:47 2023|main.py|INFO] Test path: data/training_images_full_test.npz
[Sat Apr 22 02:10:47 2023|main.py|INFO] Train augment: False
[Sat Apr 22 02:10:47 2023|main.py|INFO] Learning rate: 0.4
[Sat Apr 22 02:10:47 2023|main.py|INFO] Batch size: 2
[Sat Apr 22 02:10:47 2023|main.py|INFO] Num epochs: 120
[Sat Apr 22 02:10:47 2023|main.py|INFO] Save model: True
[Sat Apr 22 02:10:47 2023|main.py|INFO] Loss: MSE
[Sat Apr 22 02:10:47 2023|main.py|INFO] Log path: logs/Cas_Stage2_noAug_MSE-S1_noAug_MSE-lr0.4_B2/2023-04-22_02-10-47.log
[Sat Apr 22 02:10:47 2023|main.py|INFO] Writer path: runs/Cas_Stage2_noAug_MSE-S1_noAug_MSE-lr0.4_B2/2023-04-22_02-10-47
[Sat Apr 22 02:10:47 2023|main.py|INFO] Model name: resnet50
[Sat Apr 22 02:10:47 2023|main.py|INFO] Num outputs: 88
[Sat Apr 22 02:10:47 2023|main.py|INFO] Pretrained: True
[Sat Apr 22 02:10:47 2023|main.py|INFO] Load model: False
[Sat Apr 22 02:10:47 2023|main.py|INFO] Load path: None
[Sat Apr 22 02:10:47 2023|main.py|INFO] Loading data...
[Sat Apr 22 02:10:47 2023|main.py|INFO] Load stage 1 model
[Sat Apr 22 02:10:49 2023|main.py|INFO] Load dataset for cascade stage 2
[Sat Apr 22 02:10:50 2023|main.py|INFO] Initializing network resnet50 with 88 outputs...
[Sat Apr 22 02:10:51 2023|main.py|INFO] Network: ResNet(
  (conv1): Conv2d(3, 64, kernel_size=(7, 7), stride=(2, 2), padding=(3, 3), bias=False)
  (bn1): BatchNorm2d(64, eps=1e-05, momentum=0.1, affine=True, track_running_stats=True)
  (relu): ReLU(inplace=True)
  (maxpool): MaxPool2d(kernel_size=3, stride=2, padding=1, dilation=1, ceil_mode=False)
  (layer1): Sequential(
    (0): BottleNeck(
      (conv1): Conv2d(64, 64, kernel_size=(1, 1), stride=(1, 1), bias=False)
      (bn1): BatchNorm2d(64, eps=1e-05, momentum=0.1, affine=True, track_running_stats=True)
      (relu): ReLU(inplace=True)
      (conv2): Conv2d(64, 64, kernel_size=(3, 3), stride=(1, 1), padding=(1, 1), bias=False)
      (bn2): BatchNorm2d(64, eps=1e-05, momentum=0.1, affine=True, track_running_stats=True)
      (conv3): Conv2d(64, 256, kernel_size=(1, 1), stride=(1, 1), bias=False)
      (bn3): BatchNorm2d(256, eps=1e-05, momentum=0.1, affine=True, track_running_stats=True)
      (downsample): Sequential(
        (0): Conv2d(64, 256, kernel_size=(1, 1), stride=(1, 1), bias=False)
        (1): BatchNorm2d(256, eps=1e-05, momentum=0.1, affine=True, track_running_stats=True)
      )
    )
    (1): BottleNeck(
      (conv1): Conv2d(256, 64, kernel_size=(1, 1), stride=(1, 1), bias=False)
      (bn1): BatchNorm2d(64, eps=1e-05, momentum=0.1, affine=True, track_running_stats=True)
      (relu): ReLU(inplace=True)
      (conv2): Conv2d(64, 64, kernel_size=(3, 3), stride=(1, 1), padding=(1, 1), bias=False)
      (bn2): BatchNorm2d(64, eps=1e-05, momentum=0.1, affine=True, track_running_stats=True)
      (conv3): Conv2d(64, 256, kernel_size=(1, 1), stride=(1, 1), bias=False)
      (bn3): BatchNorm2d(256, eps=1e-05, momentum=0.1, affine=True, track_running_stats=True)
    )
    (2): BottleNeck(
      (conv1): Conv2d(256, 64, kernel_size=(1, 1), stride=(1, 1), bias=False)
      (bn1): BatchNorm2d(64, eps=1e-05, momentum=0.1, affine=True, track_running_stats=True)
      (relu): ReLU(inplace=True)
      (conv2): Conv2d(64, 64, kernel_size=(3, 3), stride=(1, 1), padding=(1, 1), bias=False)
      (bn2): BatchNorm2d(64, eps=1e-05, momentum=0.1, affine=True, track_running_stats=True)
      (conv3): Conv2d(64, 256, kernel_size=(1, 1), stride=(1, 1), bias=False)
      (bn3): BatchNorm2d(256, eps=1e-05, momentum=0.1, affine=True, track_running_stats=True)
    )
  )
  (layer2): Sequential(
    (0): BottleNeck(
      (conv1): Conv2d(256, 128, kernel_size=(1, 1), stride=(1, 1), bias=False)
      (bn1): BatchNorm2d(128, eps=1e-05, momentum=0.1, affine=True, track_running_stats=True)
      (relu): ReLU(inplace=True)
      (conv2): Conv2d(128, 128, kernel_size=(3, 3), stride=(2, 2), padding=(1, 1), bias=False)
      (bn2): BatchNorm2d(128, eps=1e-05, momentum=0.1, affine=True, track_running_stats=True)
      (conv3): Conv2d(128, 512, kernel_size=(1, 1), stride=(1, 1), bias=False)
      (bn3): BatchNorm2d(512, eps=1e-05, momentum=0.1, affine=True, track_running_stats=True)
      (downsample): Sequential(
        (0): Conv2d(256, 512, kernel_size=(1, 1), stride=(2, 2), bias=False)
        (1): BatchNorm2d(512, eps=1e-05, momentum=0.1, affine=True, track_running_stats=True)
      )
    )
    (1): BottleNeck(
      (conv1): Conv2d(512, 128, kernel_size=(1, 1), stride=(1, 1), bias=False)
      (bn1): BatchNorm2d(128, eps=1e-05, momentum=0.1, affine=True, track_running_stats=True)
      (relu): ReLU(inplace=True)
      (conv2): Conv2d(128, 128, kernel_size=(3, 3), stride=(1, 1), padding=(1, 1), bias=False)
      (bn2): BatchNorm2d(128, eps=1e-05, momentum=0.1, affine=True, track_running_stats=True)
      (conv3): Conv2d(128, 512, kernel_size=(1, 1), stride=(1, 1), bias=False)
      (bn3): BatchNorm2d(512, eps=1e-05, momentum=0.1, affine=True, track_running_stats=True)
    )
    (2): BottleNeck(
      (conv1): Conv2d(512, 128, kernel_size=(1, 1), stride=(1, 1), bias=False)
      (bn1): BatchNorm2d(128, eps=1e-05, momentum=0.1, affine=True, track_running_stats=True)
      (relu): ReLU(inplace=True)
      (conv2): Conv2d(128, 128, kernel_size=(3, 3), stride=(1, 1), padding=(1, 1), bias=False)
      (bn2): BatchNorm2d(128, eps=1e-05, momentum=0.1, affine=True, track_running_stats=True)
      (conv3): Conv2d(128, 512, kernel_size=(1, 1), stride=(1, 1), bias=False)
      (bn3): BatchNorm2d(512, eps=1e-05, momentum=0.1, affine=True, track_running_stats=True)
    )
    (3): BottleNeck(
      (conv1): Conv2d(512, 128, kernel_size=(1, 1), stride=(1, 1), bias=False)
      (bn1): BatchNorm2d(128, eps=1e-05, momentum=0.1, affine=True, track_running_stats=True)
      (relu): ReLU(inplace=True)
      (conv2): Conv2d(128, 128, kernel_size=(3, 3), stride=(1, 1), padding=(1, 1), bias=False)
      (bn2): BatchNorm2d(128, eps=1e-05, momentum=0.1, affine=True, track_running_stats=True)
      (conv3): Conv2d(128, 512, kernel_size=(1, 1), stride=(1, 1), bias=False)
      (bn3): BatchNorm2d(512, eps=1e-05, momentum=0.1, affine=True, track_running_stats=True)
    )
  )
  (layer3): Sequential(
    (0): BottleNeck(
      (conv1): Conv2d(512, 256, kernel_size=(1, 1), stride=(1, 1), bias=False)
      (bn1): BatchNorm2d(256, eps=1e-05, momentum=0.1, affine=True, track_running_stats=True)
      (relu): ReLU(inplace=True)
      (conv2): Conv2d(256, 256, kernel_size=(3, 3), stride=(2, 2), padding=(1, 1), bias=False)
      (bn2): BatchNorm2d(256, eps=1e-05, momentum=0.1, affine=True, track_running_stats=True)
      (conv3): Conv2d(256, 1024, kernel_size=(1, 1), stride=(1, 1), bias=False)
      (bn3): BatchNorm2d(1024, eps=1e-05, momentum=0.1, affine=True, track_running_stats=True)
      (downsample): Sequential(
        (0): Conv2d(512, 1024, kernel_size=(1, 1), stride=(2, 2), bias=False)
        (1): BatchNorm2d(1024, eps=1e-05, momentum=0.1, affine=True, track_running_stats=True)
      )
    )
    (1): BottleNeck(
      (conv1): Conv2d(1024, 256, kernel_size=(1, 1), stride=(1, 1), bias=False)
      (bn1): BatchNorm2d(256, eps=1e-05, momentum=0.1, affine=True, track_running_stats=True)
      (relu): ReLU(inplace=True)
      (conv2): Conv2d(256, 256, kernel_size=(3, 3), stride=(1, 1), padding=(1, 1), bias=False)
      (bn2): BatchNorm2d(256, eps=1e-05, momentum=0.1, affine=True, track_running_stats=True)
      (conv3): Conv2d(256, 1024, kernel_size=(1, 1), stride=(1, 1), bias=False)
      (bn3): BatchNorm2d(1024, eps=1e-05, momentum=0.1, affine=True, track_running_stats=True)
    )
    (2): BottleNeck(
      (conv1): Conv2d(1024, 256, kernel_size=(1, 1), stride=(1, 1), bias=False)
      (bn1): BatchNorm2d(256, eps=1e-05, momentum=0.1, affine=True, track_running_stats=True)
      (relu): ReLU(inplace=True)
      (conv2): Conv2d(256, 256, kernel_size=(3, 3), stride=(1, 1), padding=(1, 1), bias=False)
      (bn2): BatchNorm2d(256, eps=1e-05, momentum=0.1, affine=True, track_running_stats=True)
      (conv3): Conv2d(256, 1024, kernel_size=(1, 1), stride=(1, 1), bias=False)
      (bn3): BatchNorm2d(1024, eps=1e-05, momentum=0.1, affine=True, track_running_stats=True)
    )
    (3): BottleNeck(
      (conv1): Conv2d(1024, 256, kernel_size=(1, 1), stride=(1, 1), bias=False)
      (bn1): BatchNorm2d(256, eps=1e-05, momentum=0.1, affine=True, track_running_stats=True)
      (relu): ReLU(inplace=True)
      (conv2): Conv2d(256, 256, kernel_size=(3, 3), stride=(1, 1), padding=(1, 1), bias=False)
      (bn2): BatchNorm2d(256, eps=1e-05, momentum=0.1, affine=True, track_running_stats=True)
      (conv3): Conv2d(256, 1024, kernel_size=(1, 1), stride=(1, 1), bias=False)
      (bn3): BatchNorm2d(1024, eps=1e-05, momentum=0.1, affine=True, track_running_stats=True)
    )
    (4): BottleNeck(
      (conv1): Conv2d(1024, 256, kernel_size=(1, 1), stride=(1, 1), bias=False)
      (bn1): BatchNorm2d(256, eps=1e-05, momentum=0.1, affine=True, track_running_stats=True)
      (relu): ReLU(inplace=True)
      (conv2): Conv2d(256, 256, kernel_size=(3, 3), stride=(1, 1), padding=(1, 1), bias=False)
      (bn2): BatchNorm2d(256, eps=1e-05, momentum=0.1, affine=True, track_running_stats=True)
      (conv3): Conv2d(256, 1024, kernel_size=(1, 1), stride=(1, 1), bias=False)
      (bn3): BatchNorm2d(1024, eps=1e-05, momentum=0.1, affine=True, track_running_stats=True)
    )
    (5): BottleNeck(
      (conv1): Conv2d(1024, 256, kernel_size=(1, 1), stride=(1, 1), bias=False)
      (bn1): BatchNorm2d(256, eps=1e-05, momentum=0.1, affine=True, track_running_stats=True)
      (relu): ReLU(inplace=True)
      (conv2): Conv2d(256, 256, kernel_size=(3, 3), stride=(1, 1), padding=(1, 1), bias=False)
      (bn2): BatchNorm2d(256, eps=1e-05, momentum=0.1, affine=True, track_running_stats=True)
      (conv3): Conv2d(256, 1024, kernel_size=(1, 1), stride=(1, 1), bias=False)
      (bn3): BatchNorm2d(1024, eps=1e-05, momentum=0.1, affine=True, track_running_stats=True)
    )
  )
  (layer4): Sequential(
    (0): BottleNeck(
      (conv1): Conv2d(1024, 512, kernel_size=(1, 1), stride=(1, 1), bias=False)
      (bn1): BatchNorm2d(512, eps=1e-05, momentum=0.1, affine=True, track_running_stats=True)
      (relu): ReLU(inplace=True)
      (conv2): Conv2d(512, 512, kernel_size=(3, 3), stride=(2, 2), padding=(1, 1), bias=False)
      (bn2): BatchNorm2d(512, eps=1e-05, momentum=0.1, affine=True, track_running_stats=True)
      (conv3): Conv2d(512, 2048, kernel_size=(1, 1), stride=(1, 1), bias=False)
      (bn3): BatchNorm2d(2048, eps=1e-05, momentum=0.1, affine=True, track_running_stats=True)
      (downsample): Sequential(
        (0): Conv2d(1024, 2048, kernel_size=(1, 1), stride=(2, 2), bias=False)
        (1): BatchNorm2d(2048, eps=1e-05, momentum=0.1, affine=True, track_running_stats=True)
      )
    )
    (1): BottleNeck(
      (conv1): Conv2d(2048, 512, kernel_size=(1, 1), stride=(1, 1), bias=False)
      (bn1): BatchNorm2d(512, eps=1e-05, momentum=0.1, affine=True, track_running_stats=True)
      (relu): ReLU(inplace=True)
      (conv2): Conv2d(512, 512, kernel_size=(3, 3), stride=(1, 1), padding=(1, 1), bias=False)
      (bn2): BatchNorm2d(512, eps=1e-05, momentum=0.1, affine=True, track_running_stats=True)
      (conv3): Conv2d(512, 2048, kernel_size=(1, 1), stride=(1, 1), bias=False)
      (bn3): BatchNorm2d(2048, eps=1e-05, momentum=0.1, affine=True, track_running_stats=True)
    )
    (2): BottleNeck(
      (conv1): Conv2d(2048, 512, kernel_size=(1, 1), stride=(1, 1), bias=False)
      (bn1): BatchNorm2d(512, eps=1e-05, momentum=0.1, affine=True, track_running_stats=True)
      (relu): ReLU(inplace=True)
      (conv2): Conv2d(512, 512, kernel_size=(3, 3), stride=(1, 1), padding=(1, 1), bias=False)
      (bn2): BatchNorm2d(512, eps=1e-05, momentum=0.1, affine=True, track_running_stats=True)
      (conv3): Conv2d(512, 2048, kernel_size=(1, 1), stride=(1, 1), bias=False)
      (bn3): BatchNorm2d(2048, eps=1e-05, momentum=0.1, affine=True, track_running_stats=True)
    )
  )
  (avgpool): AdaptiveAvgPool2d(output_size=(1, 1))
  (fc): Linear(in_features=2048, out_features=88, bias=True)
)
[Sat Apr 22 02:10:51 2023|main.py|INFO] Initializing loss and optimizer...
[Sat Apr 22 02:10:51 2023|main.py|INFO] Loss: MSE
[Sat Apr 22 02:10:51 2023|main.py|INFO] Optimizer: Adam
[Sat Apr 22 02:10:51 2023|main.py|INFO] Initializing tensorboard writer at: runs/Cas_Stage2_noAug_MSE-S1_noAug_MSE-lr0.4_B2/2023-04-22_02-10-47
[Sat Apr 22 02:10:51 2023|main.py|INFO] Training network...
[Sat Apr 22 02:11:33 2023|main.py|INFO] EPOCH [1/120] Train NME: 0.54457
[Sat Apr 22 02:11:38 2023|main.py|INFO] EPOCH [1/120] Test NME: 0.15016
[Sat Apr 22 02:11:38 2023|main.py|INFO] EPOCH [1/120] Learning rate: 0.40000
[Sat Apr 22 02:11:38 2023|main.py|INFO] EPOCH [1/120] NME improved from 1000.00000 to 0.15016
[Sat Apr 22 02:11:38 2023|main.py|INFO] EPOCH [1/120] Saving model to: checkpoints/Cas_Stage2_noAug_MSE-S1_noAug_MSE-lr0.4_B2/2023-04-22_02-11-38_epoch_1_NME_0.15016.pth.tar
[Sat Apr 22 02:12:17 2023|main.py|INFO] EPOCH [2/120] Train NME: 0.11483
[Sat Apr 22 02:12:22 2023|main.py|INFO] EPOCH [2/120] Test NME: 0.12176
[Sat Apr 22 02:12:22 2023|main.py|INFO] EPOCH [2/120] Learning rate: 0.32000
[Sat Apr 22 02:12:22 2023|main.py|INFO] EPOCH [2/120] NME improved from 0.15016 to 0.12176
[Sat Apr 22 02:12:22 2023|main.py|INFO] EPOCH [2/120] Saving model to: checkpoints/Cas_Stage2_noAug_MSE-S1_noAug_MSE-lr0.4_B2/2023-04-22_02-12-22_epoch_2_NME_0.12176.pth.tar
[Sat Apr 22 02:13:01 2023|main.py|INFO] EPOCH [3/120] Train NME: 0.11486
[Sat Apr 22 02:13:06 2023|main.py|INFO] EPOCH [3/120] Test NME: 0.11746
[Sat Apr 22 02:13:06 2023|main.py|INFO] EPOCH [3/120] Learning rate: 0.25600
[Sat Apr 22 02:13:06 2023|main.py|INFO] EPOCH [3/120] NME improved from 0.12176 to 0.11746
[Sat Apr 22 02:13:06 2023|main.py|INFO] EPOCH [3/120] Saving model to: checkpoints/Cas_Stage2_noAug_MSE-S1_noAug_MSE-lr0.4_B2/2023-04-22_02-13-06_epoch_3_NME_0.11746.pth.tar
[Sat Apr 22 02:13:46 2023|main.py|INFO] EPOCH [4/120] Train NME: 0.11453
[Sat Apr 22 02:13:51 2023|main.py|INFO] EPOCH [4/120] Test NME: 0.11534
[Sat Apr 22 02:13:51 2023|main.py|INFO] EPOCH [4/120] Learning rate: 0.20480
[Sat Apr 22 02:13:51 2023|main.py|INFO] EPOCH [4/120] NME improved from 0.11746 to 0.11534
[Sat Apr 22 02:13:51 2023|main.py|INFO] EPOCH [4/120] Saving model to: checkpoints/Cas_Stage2_noAug_MSE-S1_noAug_MSE-lr0.4_B2/2023-04-22_02-13-51_epoch_4_NME_0.11534.pth.tar
[Sat Apr 22 02:14:31 2023|main.py|INFO] EPOCH [5/120] Train NME: 0.11298
[Sat Apr 22 02:14:37 2023|main.py|INFO] EPOCH [5/120] Test NME: 0.10636
[Sat Apr 22 02:14:37 2023|main.py|INFO] EPOCH [5/120] Learning rate: 0.16384
[Sat Apr 22 02:14:37 2023|main.py|INFO] EPOCH [5/120] NME improved from 0.11534 to 0.10636
[Sat Apr 22 02:14:37 2023|main.py|INFO] EPOCH [5/120] Saving model to: checkpoints/Cas_Stage2_noAug_MSE-S1_noAug_MSE-lr0.4_B2/2023-04-22_02-14-37_epoch_5_NME_0.10636.pth.tar
[Sat Apr 22 02:15:17 2023|main.py|INFO] EPOCH [6/120] Train NME: 0.11361
[Sat Apr 22 02:15:22 2023|main.py|INFO] EPOCH [6/120] Test NME: 0.10531
[Sat Apr 22 02:15:22 2023|main.py|INFO] EPOCH [6/120] Learning rate: 0.13107
[Sat Apr 22 02:15:22 2023|main.py|INFO] EPOCH [6/120] NME improved from 0.10636 to 0.10531
[Sat Apr 22 02:15:22 2023|main.py|INFO] EPOCH [6/120] Saving model to: checkpoints/Cas_Stage2_noAug_MSE-S1_noAug_MSE-lr0.4_B2/2023-04-22_02-15-22_epoch_6_NME_0.10531.pth.tar
[Sat Apr 22 02:16:03 2023|main.py|INFO] EPOCH [7/120] Train NME: 0.11015
[Sat Apr 22 02:16:09 2023|main.py|INFO] EPOCH [7/120] Test NME: 0.10918
[Sat Apr 22 02:16:09 2023|main.py|INFO] EPOCH [7/120] Learning rate: 0.10486
[Sat Apr 22 02:16:49 2023|main.py|INFO] EPOCH [8/120] Train NME: 0.10900
[Sat Apr 22 02:16:54 2023|main.py|INFO] EPOCH [8/120] Test NME: 0.09978
[Sat Apr 22 02:16:54 2023|main.py|INFO] EPOCH [8/120] Learning rate: 0.08389
[Sat Apr 22 02:16:54 2023|main.py|INFO] EPOCH [8/120] NME improved from 0.10531 to 0.09978
[Sat Apr 22 02:16:54 2023|main.py|INFO] EPOCH [8/120] Saving model to: checkpoints/Cas_Stage2_noAug_MSE-S1_noAug_MSE-lr0.4_B2/2023-04-22_02-16-54_epoch_8_NME_0.09978.pth.tar
[Sat Apr 22 02:17:36 2023|main.py|INFO] EPOCH [9/120] Train NME: 0.10772
[Sat Apr 22 02:17:41 2023|main.py|INFO] EPOCH [9/120] Test NME: 0.10624
[Sat Apr 22 02:17:41 2023|main.py|INFO] EPOCH [9/120] Learning rate: 0.06711
[Sat Apr 22 02:18:21 2023|main.py|INFO] EPOCH [10/120] Train NME: 0.10542
[Sat Apr 22 02:18:26 2023|main.py|INFO] EPOCH [10/120] Test NME: 0.11129
[Sat Apr 22 02:18:26 2023|main.py|INFO] EPOCH [10/120] Learning rate: 0.05369
[Sat Apr 22 02:19:07 2023|main.py|INFO] EPOCH [11/120] Train NME: 0.10344
[Sat Apr 22 02:19:12 2023|main.py|INFO] EPOCH [11/120] Test NME: 0.10806
[Sat Apr 22 02:19:12 2023|main.py|INFO] EPOCH [11/120] Learning rate: 0.04295
[Sat Apr 22 02:19:53 2023|main.py|INFO] EPOCH [12/120] Train NME: 0.09879
[Sat Apr 22 02:19:58 2023|main.py|INFO] EPOCH [12/120] Test NME: 0.09094
[Sat Apr 22 02:19:58 2023|main.py|INFO] EPOCH [12/120] Learning rate: 0.03436
[Sat Apr 22 02:19:58 2023|main.py|INFO] EPOCH [12/120] NME improved from 0.09978 to 0.09094
[Sat Apr 22 02:19:58 2023|main.py|INFO] EPOCH [12/120] Saving model to: checkpoints/Cas_Stage2_noAug_MSE-S1_noAug_MSE-lr0.4_B2/2023-04-22_02-19-58_epoch_12_NME_0.09094.pth.tar
[Sat Apr 22 02:20:39 2023|main.py|INFO] EPOCH [13/120] Train NME: 0.09612
[Sat Apr 22 02:20:44 2023|main.py|INFO] EPOCH [13/120] Test NME: 0.08594
[Sat Apr 22 02:20:44 2023|main.py|INFO] EPOCH [13/120] Learning rate: 0.02749
[Sat Apr 22 02:20:44 2023|main.py|INFO] EPOCH [13/120] NME improved from 0.09094 to 0.08594
[Sat Apr 22 02:20:44 2023|main.py|INFO] EPOCH [13/120] Saving model to: checkpoints/Cas_Stage2_noAug_MSE-S1_noAug_MSE-lr0.4_B2/2023-04-22_02-20-44_epoch_13_NME_0.08594.pth.tar
[Sat Apr 22 02:21:25 2023|main.py|INFO] EPOCH [14/120] Train NME: 0.09425
[Sat Apr 22 02:21:30 2023|main.py|INFO] EPOCH [14/120] Test NME: 0.08700
[Sat Apr 22 02:21:30 2023|main.py|INFO] EPOCH [14/120] Learning rate: 0.02199
[Sat Apr 22 02:22:11 2023|main.py|INFO] EPOCH [15/120] Train NME: 0.09350
[Sat Apr 22 02:22:16 2023|main.py|INFO] EPOCH [15/120] Test NME: 0.08777
[Sat Apr 22 02:22:16 2023|main.py|INFO] EPOCH [15/120] Learning rate: 0.01759
[Sat Apr 22 02:22:57 2023|main.py|INFO] EPOCH [16/120] Train NME: 0.08959
[Sat Apr 22 02:23:03 2023|main.py|INFO] EPOCH [16/120] Test NME: 0.09152
[Sat Apr 22 02:23:03 2023|main.py|INFO] EPOCH [16/120] Learning rate: 0.01407
[Sat Apr 22 02:23:43 2023|main.py|INFO] EPOCH [17/120] Train NME: 0.08851
[Sat Apr 22 02:23:48 2023|main.py|INFO] EPOCH [17/120] Test NME: 0.07935
[Sat Apr 22 02:23:48 2023|main.py|INFO] EPOCH [17/120] Learning rate: 0.01126
[Sat Apr 22 02:23:48 2023|main.py|INFO] EPOCH [17/120] NME improved from 0.08594 to 0.07935
[Sat Apr 22 02:23:48 2023|main.py|INFO] EPOCH [17/120] Saving model to: checkpoints/Cas_Stage2_noAug_MSE-S1_noAug_MSE-lr0.4_B2/2023-04-22_02-23-48_epoch_17_NME_0.07935.pth.tar
[Sat Apr 22 02:24:29 2023|main.py|INFO] EPOCH [18/120] Train NME: 0.08740
[Sat Apr 22 02:24:35 2023|main.py|INFO] EPOCH [18/120] Test NME: 0.07999
[Sat Apr 22 02:24:35 2023|main.py|INFO] EPOCH [18/120] Learning rate: 0.00901
[Sat Apr 22 02:25:15 2023|main.py|INFO] EPOCH [19/120] Train NME: 0.08642
[Sat Apr 22 02:25:21 2023|main.py|INFO] EPOCH [19/120] Test NME: 0.07864
[Sat Apr 22 02:25:21 2023|main.py|INFO] EPOCH [19/120] Learning rate: 0.00721
[Sat Apr 22 02:25:21 2023|main.py|INFO] EPOCH [19/120] NME improved from 0.07935 to 0.07864
[Sat Apr 22 02:25:21 2023|main.py|INFO] EPOCH [19/120] Saving model to: checkpoints/Cas_Stage2_noAug_MSE-S1_noAug_MSE-lr0.4_B2/2023-04-22_02-25-21_epoch_19_NME_0.07864.pth.tar
[Sat Apr 22 02:26:02 2023|main.py|INFO] EPOCH [20/120] Train NME: 0.08587
[Sat Apr 22 02:26:08 2023|main.py|INFO] EPOCH [20/120] Test NME: 0.07701
[Sat Apr 22 02:26:08 2023|main.py|INFO] EPOCH [20/120] Learning rate: 0.00576
[Sat Apr 22 02:26:08 2023|main.py|INFO] EPOCH [20/120] NME improved from 0.07864 to 0.07701
[Sat Apr 22 02:26:08 2023|main.py|INFO] EPOCH [20/120] Saving model to: checkpoints/Cas_Stage2_noAug_MSE-S1_noAug_MSE-lr0.4_B2/2023-04-22_02-26-08_epoch_20_NME_0.07701.pth.tar
[Sat Apr 22 02:26:49 2023|main.py|INFO] EPOCH [21/120] Train NME: 0.08538
[Sat Apr 22 02:26:55 2023|main.py|INFO] EPOCH [21/120] Test NME: 0.07534
[Sat Apr 22 02:26:55 2023|main.py|INFO] EPOCH [21/120] Learning rate: 0.00461
[Sat Apr 22 02:26:55 2023|main.py|INFO] EPOCH [21/120] NME improved from 0.07701 to 0.07534
[Sat Apr 22 02:26:55 2023|main.py|INFO] EPOCH [21/120] Saving model to: checkpoints/Cas_Stage2_noAug_MSE-S1_noAug_MSE-lr0.4_B2/2023-04-22_02-26-55_epoch_21_NME_0.07534.pth.tar
[Sat Apr 22 02:27:36 2023|main.py|INFO] EPOCH [22/120] Train NME: 0.08461
[Sat Apr 22 02:27:41 2023|main.py|INFO] EPOCH [22/120] Test NME: 0.07383
[Sat Apr 22 02:27:41 2023|main.py|INFO] EPOCH [22/120] Learning rate: 0.00369
[Sat Apr 22 02:27:41 2023|main.py|INFO] EPOCH [22/120] NME improved from 0.07534 to 0.07383
[Sat Apr 22 02:27:41 2023|main.py|INFO] EPOCH [22/120] Saving model to: checkpoints/Cas_Stage2_noAug_MSE-S1_noAug_MSE-lr0.4_B2/2023-04-22_02-27-41_epoch_22_NME_0.07383.pth.tar
[Sat Apr 22 02:28:23 2023|main.py|INFO] EPOCH [23/120] Train NME: 0.08277
[Sat Apr 22 02:28:28 2023|main.py|INFO] EPOCH [23/120] Test NME: 0.07270
[Sat Apr 22 02:28:28 2023|main.py|INFO] EPOCH [23/120] Learning rate: 0.00295
[Sat Apr 22 02:28:28 2023|main.py|INFO] EPOCH [23/120] NME improved from 0.07383 to 0.07270
[Sat Apr 22 02:28:28 2023|main.py|INFO] EPOCH [23/120] Saving model to: checkpoints/Cas_Stage2_noAug_MSE-S1_noAug_MSE-lr0.4_B2/2023-04-22_02-28-28_epoch_23_NME_0.07270.pth.tar
[Sat Apr 22 02:29:10 2023|main.py|INFO] EPOCH [24/120] Train NME: 0.08307
[Sat Apr 22 02:29:15 2023|main.py|INFO] EPOCH [24/120] Test NME: 0.07322
[Sat Apr 22 02:29:15 2023|main.py|INFO] EPOCH [24/120] Learning rate: 0.00236
[Sat Apr 22 02:29:56 2023|main.py|INFO] EPOCH [25/120] Train NME: 0.08272
[Sat Apr 22 02:30:02 2023|main.py|INFO] EPOCH [25/120] Test NME: 0.07159
[Sat Apr 22 02:30:02 2023|main.py|INFO] EPOCH [25/120] Learning rate: 0.00189
[Sat Apr 22 02:30:02 2023|main.py|INFO] EPOCH [25/120] NME improved from 0.07270 to 0.07159
[Sat Apr 22 02:30:02 2023|main.py|INFO] EPOCH [25/120] Saving model to: checkpoints/Cas_Stage2_noAug_MSE-S1_noAug_MSE-lr0.4_B2/2023-04-22_02-30-02_epoch_25_NME_0.07159.pth.tar
[Sat Apr 22 02:30:44 2023|main.py|INFO] EPOCH [26/120] Train NME: 0.08240
[Sat Apr 22 02:30:49 2023|main.py|INFO] EPOCH [26/120] Test NME: 0.07054
[Sat Apr 22 02:30:49 2023|main.py|INFO] EPOCH [26/120] Learning rate: 0.00151
[Sat Apr 22 02:30:49 2023|main.py|INFO] EPOCH [26/120] NME improved from 0.07159 to 0.07054
[Sat Apr 22 02:30:49 2023|main.py|INFO] EPOCH [26/120] Saving model to: checkpoints/Cas_Stage2_noAug_MSE-S1_noAug_MSE-lr0.4_B2/2023-04-22_02-30-49_epoch_26_NME_0.07054.pth.tar
[Sat Apr 22 02:31:31 2023|main.py|INFO] EPOCH [27/120] Train NME: 0.08231
[Sat Apr 22 02:31:37 2023|main.py|INFO] EPOCH [27/120] Test NME: 0.07423
[Sat Apr 22 02:31:37 2023|main.py|INFO] EPOCH [27/120] Learning rate: 0.00121
[Sat Apr 22 02:32:17 2023|main.py|INFO] EPOCH [28/120] Train NME: 0.08121
[Sat Apr 22 02:32:23 2023|main.py|INFO] EPOCH [28/120] Test NME: 0.07072
[Sat Apr 22 02:32:23 2023|main.py|INFO] EPOCH [28/120] Learning rate: 0.00097
[Sat Apr 22 02:33:04 2023|main.py|INFO] EPOCH [29/120] Train NME: 0.08161
[Sat Apr 22 02:33:09 2023|main.py|INFO] EPOCH [29/120] Test NME: 0.07174
[Sat Apr 22 02:33:09 2023|main.py|INFO] EPOCH [29/120] Learning rate: 0.00077
[Sat Apr 22 02:33:50 2023|main.py|INFO] EPOCH [30/120] Train NME: 0.08157
[Sat Apr 22 02:33:55 2023|main.py|INFO] EPOCH [30/120] Test NME: 0.07092
[Sat Apr 22 02:33:55 2023|main.py|INFO] EPOCH [30/120] Learning rate: 0.00062
[Sat Apr 22 02:34:36 2023|main.py|INFO] EPOCH [31/120] Train NME: 0.08114
[Sat Apr 22 02:34:41 2023|main.py|INFO] EPOCH [31/120] Test NME: 0.06990
[Sat Apr 22 02:34:41 2023|main.py|INFO] EPOCH [31/120] Learning rate: 0.00050
[Sat Apr 22 02:34:41 2023|main.py|INFO] EPOCH [31/120] NME improved from 0.07054 to 0.06990
[Sat Apr 22 02:34:41 2023|main.py|INFO] EPOCH [31/120] Saving model to: checkpoints/Cas_Stage2_noAug_MSE-S1_noAug_MSE-lr0.4_B2/2023-04-22_02-34-41_epoch_31_NME_0.06990.pth.tar
[Sat Apr 22 02:35:23 2023|main.py|INFO] EPOCH [32/120] Train NME: 0.08144
[Sat Apr 22 02:35:28 2023|main.py|INFO] EPOCH [32/120] Test NME: 0.06978
[Sat Apr 22 02:35:28 2023|main.py|INFO] EPOCH [32/120] Learning rate: 0.00040
[Sat Apr 22 02:35:28 2023|main.py|INFO] EPOCH [32/120] NME improved from 0.06990 to 0.06978
[Sat Apr 22 02:35:28 2023|main.py|INFO] EPOCH [32/120] Saving model to: checkpoints/Cas_Stage2_noAug_MSE-S1_noAug_MSE-lr0.4_B2/2023-04-22_02-35-28_epoch_32_NME_0.06978.pth.tar
[Sat Apr 22 02:36:10 2023|main.py|INFO] EPOCH [33/120] Train NME: 0.08104
[Sat Apr 22 02:36:15 2023|main.py|INFO] EPOCH [33/120] Test NME: 0.06998
[Sat Apr 22 02:36:15 2023|main.py|INFO] EPOCH [33/120] Learning rate: 0.00032
[Sat Apr 22 02:36:56 2023|main.py|INFO] EPOCH [34/120] Train NME: 0.08050
[Sat Apr 22 02:37:02 2023|main.py|INFO] EPOCH [34/120] Test NME: 0.06859
[Sat Apr 22 02:37:02 2023|main.py|INFO] EPOCH [34/120] Learning rate: 0.00025
[Sat Apr 22 02:37:02 2023|main.py|INFO] EPOCH [34/120] NME improved from 0.06978 to 0.06859
[Sat Apr 22 02:37:02 2023|main.py|INFO] EPOCH [34/120] Saving model to: checkpoints/Cas_Stage2_noAug_MSE-S1_noAug_MSE-lr0.4_B2/2023-04-22_02-37-02_epoch_34_NME_0.06859.pth.tar
[Sat Apr 22 02:37:43 2023|main.py|INFO] EPOCH [35/120] Train NME: 0.08125
[Sat Apr 22 02:37:48 2023|main.py|INFO] EPOCH [35/120] Test NME: 0.06953
[Sat Apr 22 02:37:48 2023|main.py|INFO] EPOCH [35/120] Learning rate: 0.00020
[Sat Apr 22 02:38:29 2023|main.py|INFO] EPOCH [36/120] Train NME: 0.08050
[Sat Apr 22 02:38:35 2023|main.py|INFO] EPOCH [36/120] Test NME: 0.07100
[Sat Apr 22 02:38:35 2023|main.py|INFO] EPOCH [36/120] Learning rate: 0.00016
[Sat Apr 22 02:39:15 2023|main.py|INFO] EPOCH [37/120] Train NME: 0.08143
[Sat Apr 22 02:39:21 2023|main.py|INFO] EPOCH [37/120] Test NME: 0.07055
[Sat Apr 22 02:39:21 2023|main.py|INFO] EPOCH [37/120] Learning rate: 0.00013
[Sat Apr 22 02:40:02 2023|main.py|INFO] EPOCH [38/120] Train NME: 0.08129
[Sat Apr 22 02:40:07 2023|main.py|INFO] EPOCH [38/120] Test NME: 0.06939
[Sat Apr 22 02:40:07 2023|main.py|INFO] EPOCH [38/120] Learning rate: 0.00010
[Sat Apr 22 02:40:48 2023|main.py|INFO] EPOCH [39/120] Train NME: 0.08074
[Sat Apr 22 02:40:53 2023|main.py|INFO] EPOCH [39/120] Test NME: 0.07070
[Sat Apr 22 02:40:53 2023|main.py|INFO] EPOCH [39/120] Learning rate: 0.00008
[Sat Apr 22 02:41:34 2023|main.py|INFO] EPOCH [40/120] Train NME: 0.08151
[Sat Apr 22 02:41:40 2023|main.py|INFO] EPOCH [40/120] Test NME: 0.06968
[Sat Apr 22 02:41:40 2023|main.py|INFO] EPOCH [40/120] Learning rate: 0.00007
[Sat Apr 22 02:42:21 2023|main.py|INFO] EPOCH [41/120] Train NME: 0.08079
[Sat Apr 22 02:42:26 2023|main.py|INFO] EPOCH [41/120] Test NME: 0.06915
[Sat Apr 22 02:42:26 2023|main.py|INFO] EPOCH [41/120] Learning rate: 0.00005
[Sat Apr 22 02:43:07 2023|main.py|INFO] EPOCH [42/120] Train NME: 0.08102
[Sat Apr 22 02:43:12 2023|main.py|INFO] EPOCH [42/120] Test NME: 0.07116
[Sat Apr 22 02:43:12 2023|main.py|INFO] EPOCH [42/120] Learning rate: 0.00004
[Sat Apr 22 02:43:53 2023|main.py|INFO] EPOCH [43/120] Train NME: 0.08001
[Sat Apr 22 02:43:59 2023|main.py|INFO] EPOCH [43/120] Test NME: 0.06913
[Sat Apr 22 02:43:59 2023|main.py|INFO] EPOCH [43/120] Learning rate: 0.00003
[Sat Apr 22 02:44:40 2023|main.py|INFO] EPOCH [44/120] Train NME: 0.08128
[Sat Apr 22 02:44:45 2023|main.py|INFO] EPOCH [44/120] Test NME: 0.06925
[Sat Apr 22 02:44:45 2023|main.py|INFO] EPOCH [44/120] Learning rate: 0.00003
[Sat Apr 22 02:45:26 2023|main.py|INFO] EPOCH [45/120] Train NME: 0.08091
[Sat Apr 22 02:45:31 2023|main.py|INFO] EPOCH [45/120] Test NME: 0.06874
[Sat Apr 22 02:45:31 2023|main.py|INFO] EPOCH [45/120] Learning rate: 0.00002
[Sat Apr 22 02:46:12 2023|main.py|INFO] EPOCH [46/120] Train NME: 0.08053
[Sat Apr 22 02:46:18 2023|main.py|INFO] EPOCH [46/120] Test NME: 0.07018
[Sat Apr 22 02:46:18 2023|main.py|INFO] EPOCH [46/120] Learning rate: 0.00002
[Sat Apr 22 02:46:59 2023|main.py|INFO] EPOCH [47/120] Train NME: 0.07945
[Sat Apr 22 02:47:04 2023|main.py|INFO] EPOCH [47/120] Test NME: 0.07118
[Sat Apr 22 02:47:04 2023|main.py|INFO] EPOCH [47/120] Learning rate: 0.00001
[Sat Apr 22 02:47:46 2023|main.py|INFO] EPOCH [48/120] Train NME: 0.08017
[Sat Apr 22 02:47:51 2023|main.py|INFO] EPOCH [48/120] Test NME: 0.06910
[Sat Apr 22 02:47:51 2023|main.py|INFO] EPOCH [48/120] Learning rate: 0.00001
[Sat Apr 22 02:48:33 2023|main.py|INFO] EPOCH [49/120] Train NME: 0.08103
[Sat Apr 22 02:48:38 2023|main.py|INFO] EPOCH [49/120] Test NME: 0.06984
[Sat Apr 22 02:48:38 2023|main.py|INFO] EPOCH [49/120] Learning rate: 0.00001
[Sat Apr 22 02:49:19 2023|main.py|INFO] EPOCH [50/120] Train NME: 0.08011
[Sat Apr 22 02:49:24 2023|main.py|INFO] EPOCH [50/120] Test NME: 0.06907
[Sat Apr 22 02:49:24 2023|main.py|INFO] EPOCH [50/120] Learning rate: 0.00001
[Sat Apr 22 02:50:05 2023|main.py|INFO] EPOCH [51/120] Train NME: 0.08002
[Sat Apr 22 02:50:11 2023|main.py|INFO] EPOCH [51/120] Test NME: 0.06932
[Sat Apr 22 02:50:11 2023|main.py|INFO] EPOCH [51/120] Learning rate: 0.00001
[Sat Apr 22 02:50:52 2023|main.py|INFO] EPOCH [52/120] Train NME: 0.08017
[Sat Apr 22 02:50:57 2023|main.py|INFO] EPOCH [52/120] Test NME: 0.06911
[Sat Apr 22 02:50:57 2023|main.py|INFO] EPOCH [52/120] Learning rate: 0.00000
[Sat Apr 22 02:51:38 2023|main.py|INFO] EPOCH [53/120] Train NME: 0.08083
[Sat Apr 22 02:51:44 2023|main.py|INFO] EPOCH [53/120] Test NME: 0.06997
[Sat Apr 22 02:51:44 2023|main.py|INFO] EPOCH [53/120] Learning rate: 0.00000
[Sat Apr 22 02:52:25 2023|main.py|INFO] EPOCH [54/120] Train NME: 0.08087
[Sat Apr 22 02:52:30 2023|main.py|INFO] EPOCH [54/120] Test NME: 0.06872
[Sat Apr 22 02:52:30 2023|main.py|INFO] EPOCH [54/120] Learning rate: 0.00000
[Sat Apr 22 02:53:11 2023|main.py|INFO] EPOCH [55/120] Train NME: 0.08063
[Sat Apr 22 02:53:17 2023|main.py|INFO] EPOCH [55/120] Test NME: 0.06820
[Sat Apr 22 02:53:17 2023|main.py|INFO] EPOCH [55/120] Learning rate: 0.00000
[Sat Apr 22 02:53:17 2023|main.py|INFO] EPOCH [55/120] NME improved from 0.06859 to 0.06820
[Sat Apr 22 02:53:17 2023|main.py|INFO] EPOCH [55/120] Saving model to: checkpoints/Cas_Stage2_noAug_MSE-S1_noAug_MSE-lr0.4_B2/2023-04-22_02-53-17_epoch_55_NME_0.06820.pth.tar
[Sat Apr 22 02:53:58 2023|main.py|INFO] EPOCH [56/120] Train NME: 0.07988
[Sat Apr 22 02:54:03 2023|main.py|INFO] EPOCH [56/120] Test NME: 0.06842
[Sat Apr 22 02:54:03 2023|main.py|INFO] EPOCH [56/120] Learning rate: 0.00000
[Sat Apr 22 02:54:44 2023|main.py|INFO] EPOCH [57/120] Train NME: 0.07962
[Sat Apr 22 02:54:50 2023|main.py|INFO] EPOCH [57/120] Test NME: 0.07078
[Sat Apr 22 02:54:50 2023|main.py|INFO] EPOCH [57/120] Learning rate: 0.00000
[Sat Apr 22 02:55:31 2023|main.py|INFO] EPOCH [58/120] Train NME: 0.08040
[Sat Apr 22 02:55:36 2023|main.py|INFO] EPOCH [58/120] Test NME: 0.06838
[Sat Apr 22 02:55:36 2023|main.py|INFO] EPOCH [58/120] Learning rate: 0.00000
[Sat Apr 22 02:56:17 2023|main.py|INFO] EPOCH [59/120] Train NME: 0.08011
[Sat Apr 22 02:56:23 2023|main.py|INFO] EPOCH [59/120] Test NME: 0.07048
[Sat Apr 22 02:56:23 2023|main.py|INFO] EPOCH [59/120] Learning rate: 0.00000
[Sat Apr 22 02:57:04 2023|main.py|INFO] EPOCH [60/120] Train NME: 0.08006
[Sat Apr 22 02:57:09 2023|main.py|INFO] EPOCH [60/120] Test NME: 0.06940
[Sat Apr 22 02:57:09 2023|main.py|INFO] EPOCH [60/120] Learning rate: 0.00000
[Sat Apr 22 02:57:50 2023|main.py|INFO] EPOCH [61/120] Train NME: 0.08005
[Sat Apr 22 02:57:56 2023|main.py|INFO] EPOCH [61/120] Test NME: 0.07233
[Sat Apr 22 02:57:56 2023|main.py|INFO] EPOCH [61/120] Learning rate: 0.00000
[Sat Apr 22 02:58:36 2023|main.py|INFO] EPOCH [62/120] Train NME: 0.08102
[Sat Apr 22 02:58:42 2023|main.py|INFO] EPOCH [62/120] Test NME: 0.06983
[Sat Apr 22 02:58:42 2023|main.py|INFO] EPOCH [62/120] Learning rate: 0.00000
[Sat Apr 22 02:59:23 2023|main.py|INFO] EPOCH [63/120] Train NME: 0.08074
[Sat Apr 22 02:59:28 2023|main.py|INFO] EPOCH [63/120] Test NME: 0.07093
[Sat Apr 22 02:59:28 2023|main.py|INFO] EPOCH [63/120] Learning rate: 0.00000
[Sat Apr 22 03:00:09 2023|main.py|INFO] EPOCH [64/120] Train NME: 0.08107
[Sat Apr 22 03:00:15 2023|main.py|INFO] EPOCH [64/120] Test NME: 0.07205
[Sat Apr 22 03:00:15 2023|main.py|INFO] EPOCH [64/120] Learning rate: 0.00000
[Sat Apr 22 03:00:56 2023|main.py|INFO] EPOCH [65/120] Train NME: 0.08119
[Sat Apr 22 03:01:02 2023|main.py|INFO] EPOCH [65/120] Test NME: 0.07158
[Sat Apr 22 03:01:02 2023|main.py|INFO] EPOCH [65/120] Learning rate: 0.00000
[Sat Apr 22 03:01:43 2023|main.py|INFO] EPOCH [66/120] Train NME: 0.08060
[Sat Apr 22 03:01:48 2023|main.py|INFO] EPOCH [66/120] Test NME: 0.07125
[Sat Apr 22 03:01:48 2023|main.py|INFO] EPOCH [66/120] Learning rate: 0.00000
[Sat Apr 22 03:02:29 2023|main.py|INFO] EPOCH [67/120] Train NME: 0.08054
[Sat Apr 22 03:02:35 2023|main.py|INFO] EPOCH [67/120] Test NME: 0.06899
[Sat Apr 22 03:02:35 2023|main.py|INFO] EPOCH [67/120] Learning rate: 0.00000
[Sat Apr 22 03:03:16 2023|main.py|INFO] EPOCH [68/120] Train NME: 0.08081
[Sat Apr 22 03:03:21 2023|main.py|INFO] EPOCH [68/120] Test NME: 0.07066
[Sat Apr 22 03:03:21 2023|main.py|INFO] EPOCH [68/120] Learning rate: 0.00000
[Sat Apr 22 03:04:02 2023|main.py|INFO] EPOCH [69/120] Train NME: 0.08023
[Sat Apr 22 03:04:07 2023|main.py|INFO] EPOCH [69/120] Test NME: 0.07075
[Sat Apr 22 03:04:07 2023|main.py|INFO] EPOCH [69/120] Learning rate: 0.00000
[Sat Apr 22 03:04:49 2023|main.py|INFO] EPOCH [70/120] Train NME: 0.08039
[Sat Apr 22 03:04:54 2023|main.py|INFO] EPOCH [70/120] Test NME: 0.06961
[Sat Apr 22 03:04:54 2023|main.py|INFO] EPOCH [70/120] Learning rate: 0.00000
[Sat Apr 22 03:05:35 2023|main.py|INFO] EPOCH [71/120] Train NME: 0.08036
[Sat Apr 22 03:05:41 2023|main.py|INFO] EPOCH [71/120] Test NME: 0.06863
[Sat Apr 22 03:05:41 2023|main.py|INFO] EPOCH [71/120] Learning rate: 0.00000
[Sat Apr 22 03:06:22 2023|main.py|INFO] EPOCH [72/120] Train NME: 0.08085
[Sat Apr 22 03:06:27 2023|main.py|INFO] EPOCH [72/120] Test NME: 0.06950
[Sat Apr 22 03:06:27 2023|main.py|INFO] EPOCH [72/120] Learning rate: 0.00000
[Sat Apr 22 03:07:08 2023|main.py|INFO] EPOCH [73/120] Train NME: 0.08059
[Sat Apr 22 03:07:14 2023|main.py|INFO] EPOCH [73/120] Test NME: 0.07074
[Sat Apr 22 03:07:14 2023|main.py|INFO] EPOCH [73/120] Learning rate: 0.00000
[Sat Apr 22 03:07:55 2023|main.py|INFO] EPOCH [74/120] Train NME: 0.08059
[Sat Apr 22 03:08:00 2023|main.py|INFO] EPOCH [74/120] Test NME: 0.06925
[Sat Apr 22 03:08:00 2023|main.py|INFO] EPOCH [74/120] Learning rate: 0.00000
[Sat Apr 22 03:08:41 2023|main.py|INFO] EPOCH [75/120] Train NME: 0.08066
[Sat Apr 22 03:08:47 2023|main.py|INFO] EPOCH [75/120] Test NME: 0.06925
[Sat Apr 22 03:08:47 2023|main.py|INFO] EPOCH [75/120] Learning rate: 0.00000
[Sat Apr 22 03:09:28 2023|main.py|INFO] EPOCH [76/120] Train NME: 0.07997
[Sat Apr 22 03:09:33 2023|main.py|INFO] EPOCH [76/120] Test NME: 0.07071
[Sat Apr 22 03:09:33 2023|main.py|INFO] EPOCH [76/120] Learning rate: 0.00000
[Sat Apr 22 03:10:14 2023|main.py|INFO] EPOCH [77/120] Train NME: 0.08106
[Sat Apr 22 03:10:20 2023|main.py|INFO] EPOCH [77/120] Test NME: 0.06893
[Sat Apr 22 03:10:20 2023|main.py|INFO] EPOCH [77/120] Learning rate: 0.00000
[Sat Apr 22 03:11:01 2023|main.py|INFO] EPOCH [78/120] Train NME: 0.08006
[Sat Apr 22 03:11:06 2023|main.py|INFO] EPOCH [78/120] Test NME: 0.07007
[Sat Apr 22 03:11:06 2023|main.py|INFO] EPOCH [78/120] Learning rate: 0.00000
[Sat Apr 22 03:11:47 2023|main.py|INFO] EPOCH [79/120] Train NME: 0.08020
[Sat Apr 22 03:11:52 2023|main.py|INFO] EPOCH [79/120] Test NME: 0.06873
[Sat Apr 22 03:11:52 2023|main.py|INFO] EPOCH [79/120] Learning rate: 0.00000
[Sat Apr 22 03:12:33 2023|main.py|INFO] EPOCH [80/120] Train NME: 0.08062
[Sat Apr 22 03:12:39 2023|main.py|INFO] EPOCH [80/120] Test NME: 0.06889
[Sat Apr 22 03:12:39 2023|main.py|INFO] EPOCH [80/120] Learning rate: 0.00000
[Sat Apr 22 03:13:19 2023|main.py|INFO] EPOCH [81/120] Train NME: 0.08053
[Sat Apr 22 03:13:24 2023|main.py|INFO] EPOCH [81/120] Test NME: 0.07159
[Sat Apr 22 03:13:24 2023|main.py|INFO] EPOCH [81/120] Learning rate: 0.00000
[Sat Apr 22 03:14:05 2023|main.py|INFO] EPOCH [82/120] Train NME: 0.08086
[Sat Apr 22 03:14:11 2023|main.py|INFO] EPOCH [82/120] Test NME: 0.06966
[Sat Apr 22 03:14:11 2023|main.py|INFO] EPOCH [82/120] Learning rate: 0.00000
[Sat Apr 22 03:14:51 2023|main.py|INFO] EPOCH [83/120] Train NME: 0.08027
[Sat Apr 22 03:14:56 2023|main.py|INFO] EPOCH [83/120] Test NME: 0.06936
[Sat Apr 22 03:14:56 2023|main.py|INFO] EPOCH [83/120] Learning rate: 0.00000
[Sat Apr 22 03:15:36 2023|main.py|INFO] EPOCH [84/120] Train NME: 0.08069
[Sat Apr 22 03:15:42 2023|main.py|INFO] EPOCH [84/120] Test NME: 0.07053
[Sat Apr 22 03:15:42 2023|main.py|INFO] EPOCH [84/120] Learning rate: 0.00000
[Sat Apr 22 03:16:22 2023|main.py|INFO] EPOCH [85/120] Train NME: 0.08010
[Sat Apr 22 03:16:27 2023|main.py|INFO] EPOCH [85/120] Test NME: 0.07027
[Sat Apr 22 03:16:27 2023|main.py|INFO] EPOCH [85/120] Learning rate: 0.00000
[Sat Apr 22 03:17:08 2023|main.py|INFO] EPOCH [86/120] Train NME: 0.08070
[Sat Apr 22 03:17:13 2023|main.py|INFO] EPOCH [86/120] Test NME: 0.07367
[Sat Apr 22 03:17:13 2023|main.py|INFO] EPOCH [86/120] Learning rate: 0.00000
[Sat Apr 22 03:17:53 2023|main.py|INFO] EPOCH [87/120] Train NME: 0.08056
[Sat Apr 22 03:17:58 2023|main.py|INFO] EPOCH [87/120] Test NME: 0.07110
[Sat Apr 22 03:17:58 2023|main.py|INFO] EPOCH [87/120] Learning rate: 0.00000
[Sat Apr 22 03:18:39 2023|main.py|INFO] EPOCH [88/120] Train NME: 0.08037
[Sat Apr 22 03:18:44 2023|main.py|INFO] EPOCH [88/120] Test NME: 0.06916
[Sat Apr 22 03:18:44 2023|main.py|INFO] EPOCH [88/120] Learning rate: 0.00000
[Sat Apr 22 03:19:24 2023|main.py|INFO] EPOCH [89/120] Train NME: 0.07978
[Sat Apr 22 03:19:29 2023|main.py|INFO] EPOCH [89/120] Test NME: 0.06950
[Sat Apr 22 03:19:29 2023|main.py|INFO] EPOCH [89/120] Learning rate: 0.00000
[Sat Apr 22 03:20:10 2023|main.py|INFO] EPOCH [90/120] Train NME: 0.08061
[Sat Apr 22 03:20:15 2023|main.py|INFO] EPOCH [90/120] Test NME: 0.07205
[Sat Apr 22 03:20:15 2023|main.py|INFO] EPOCH [90/120] Learning rate: 0.00000
[Sat Apr 22 03:20:56 2023|main.py|INFO] EPOCH [91/120] Train NME: 0.08020
[Sat Apr 22 03:21:01 2023|main.py|INFO] EPOCH [91/120] Test NME: 0.06929
[Sat Apr 22 03:21:01 2023|main.py|INFO] EPOCH [91/120] Learning rate: 0.00000
[Sat Apr 22 03:21:41 2023|main.py|INFO] EPOCH [92/120] Train NME: 0.07981
[Sat Apr 22 03:21:46 2023|main.py|INFO] EPOCH [92/120] Test NME: 0.06950
[Sat Apr 22 03:21:46 2023|main.py|INFO] EPOCH [92/120] Learning rate: 0.00000
[Sat Apr 22 03:22:27 2023|main.py|INFO] EPOCH [93/120] Train NME: 0.08044
[Sat Apr 22 03:22:32 2023|main.py|INFO] EPOCH [93/120] Test NME: 0.06942
[Sat Apr 22 03:22:32 2023|main.py|INFO] EPOCH [93/120] Learning rate: 0.00000
[Sat Apr 22 03:23:12 2023|main.py|INFO] EPOCH [94/120] Train NME: 0.07964
[Sat Apr 22 03:23:18 2023|main.py|INFO] EPOCH [94/120] Test NME: 0.06951
[Sat Apr 22 03:23:18 2023|main.py|INFO] EPOCH [94/120] Learning rate: 0.00000
[Sat Apr 22 03:23:58 2023|main.py|INFO] EPOCH [95/120] Train NME: 0.08118
[Sat Apr 22 03:24:03 2023|main.py|INFO] EPOCH [95/120] Test NME: 0.07108
[Sat Apr 22 03:24:03 2023|main.py|INFO] EPOCH [95/120] Learning rate: 0.00000
[Sat Apr 22 03:24:43 2023|main.py|INFO] EPOCH [96/120] Train NME: 0.08086
[Sat Apr 22 03:24:48 2023|main.py|INFO] EPOCH [96/120] Test NME: 0.06909
[Sat Apr 22 03:24:48 2023|main.py|INFO] EPOCH [96/120] Learning rate: 0.00000
[Sat Apr 22 03:25:29 2023|main.py|INFO] EPOCH [97/120] Train NME: 0.08036
[Sat Apr 22 03:25:34 2023|main.py|INFO] EPOCH [97/120] Test NME: 0.06991
[Sat Apr 22 03:25:34 2023|main.py|INFO] EPOCH [97/120] Learning rate: 0.00000
[Sat Apr 22 03:26:14 2023|main.py|INFO] EPOCH [98/120] Train NME: 0.08049
[Sat Apr 22 03:26:20 2023|main.py|INFO] EPOCH [98/120] Test NME: 0.06887
[Sat Apr 22 03:26:20 2023|main.py|INFO] EPOCH [98/120] Learning rate: 0.00000
[Sat Apr 22 03:27:00 2023|main.py|INFO] EPOCH [99/120] Train NME: 0.08060
[Sat Apr 22 03:27:05 2023|main.py|INFO] EPOCH [99/120] Test NME: 0.06922
[Sat Apr 22 03:27:05 2023|main.py|INFO] EPOCH [99/120] Learning rate: 0.00000
[Sat Apr 22 03:27:46 2023|main.py|INFO] EPOCH [100/120] Train NME: 0.08049
[Sat Apr 22 03:27:51 2023|main.py|INFO] EPOCH [100/120] Test NME: 0.07264
[Sat Apr 22 03:27:51 2023|main.py|INFO] EPOCH [100/120] Learning rate: 0.00000
[Sat Apr 22 03:28:31 2023|main.py|INFO] EPOCH [101/120] Train NME: 0.08025
[Sat Apr 22 03:28:36 2023|main.py|INFO] EPOCH [101/120] Test NME: 0.07004
[Sat Apr 22 03:28:36 2023|main.py|INFO] EPOCH [101/120] Learning rate: 0.00000
[Sat Apr 22 03:29:16 2023|main.py|INFO] EPOCH [102/120] Train NME: 0.08095
[Sat Apr 22 03:29:22 2023|main.py|INFO] EPOCH [102/120] Test NME: 0.07067
[Sat Apr 22 03:29:22 2023|main.py|INFO] EPOCH [102/120] Learning rate: 0.00000
[Sat Apr 22 03:30:02 2023|main.py|INFO] EPOCH [103/120] Train NME: 0.08129
[Sat Apr 22 03:30:07 2023|main.py|INFO] EPOCH [103/120] Test NME: 0.06908
[Sat Apr 22 03:30:07 2023|main.py|INFO] EPOCH [103/120] Learning rate: 0.00000
[Sat Apr 22 03:30:48 2023|main.py|INFO] EPOCH [104/120] Train NME: 0.08101
[Sat Apr 22 03:30:53 2023|main.py|INFO] EPOCH [104/120] Test NME: 0.06962
[Sat Apr 22 03:30:53 2023|main.py|INFO] EPOCH [104/120] Learning rate: 0.00000
[Sat Apr 22 03:31:33 2023|main.py|INFO] EPOCH [105/120] Train NME: 0.08007
[Sat Apr 22 03:31:38 2023|main.py|INFO] EPOCH [105/120] Test NME: 0.07192
[Sat Apr 22 03:31:38 2023|main.py|INFO] EPOCH [105/120] Learning rate: 0.00000
[Sat Apr 22 03:32:18 2023|main.py|INFO] EPOCH [106/120] Train NME: 0.08089
[Sat Apr 22 03:32:24 2023|main.py|INFO] EPOCH [106/120] Test NME: 0.06882
[Sat Apr 22 03:32:24 2023|main.py|INFO] EPOCH [106/120] Learning rate: 0.00000
[Sat Apr 22 03:33:04 2023|main.py|INFO] EPOCH [107/120] Train NME: 0.08045
[Sat Apr 22 03:33:09 2023|main.py|INFO] EPOCH [107/120] Test NME: 0.07094
[Sat Apr 22 03:33:09 2023|main.py|INFO] EPOCH [107/120] Learning rate: 0.00000
[Sat Apr 22 03:33:49 2023|main.py|INFO] EPOCH [108/120] Train NME: 0.08097
[Sat Apr 22 03:33:54 2023|main.py|INFO] EPOCH [108/120] Test NME: 0.07049
[Sat Apr 22 03:33:54 2023|main.py|INFO] EPOCH [108/120] Learning rate: 0.00000
[Sat Apr 22 03:34:35 2023|main.py|INFO] EPOCH [109/120] Train NME: 0.08062
[Sat Apr 22 03:34:40 2023|main.py|INFO] EPOCH [109/120] Test NME: 0.06968
[Sat Apr 22 03:34:40 2023|main.py|INFO] EPOCH [109/120] Learning rate: 0.00000
[Sat Apr 22 03:35:21 2023|main.py|INFO] EPOCH [110/120] Train NME: 0.08058
[Sat Apr 22 03:35:26 2023|main.py|INFO] EPOCH [110/120] Test NME: 0.06981
[Sat Apr 22 03:35:26 2023|main.py|INFO] EPOCH [110/120] Learning rate: 0.00000
[Sat Apr 22 03:36:08 2023|main.py|INFO] EPOCH [111/120] Train NME: 0.08109
[Sat Apr 22 03:36:13 2023|main.py|INFO] EPOCH [111/120] Test NME: 0.06913
[Sat Apr 22 03:36:13 2023|main.py|INFO] EPOCH [111/120] Learning rate: 0.00000
[Sat Apr 22 03:36:54 2023|main.py|INFO] EPOCH [112/120] Train NME: 0.08049
[Sat Apr 22 03:37:00 2023|main.py|INFO] EPOCH [112/120] Test NME: 0.06815
[Sat Apr 22 03:37:00 2023|main.py|INFO] EPOCH [112/120] Learning rate: 0.00000
[Sat Apr 22 03:37:00 2023|main.py|INFO] EPOCH [112/120] NME improved from 0.06820 to 0.06815
[Sat Apr 22 03:37:00 2023|main.py|INFO] EPOCH [112/120] Saving model to: checkpoints/Cas_Stage2_noAug_MSE-S1_noAug_MSE-lr0.4_B2/2023-04-22_03-37-00_epoch_112_NME_0.06815.pth.tar
[Sat Apr 22 03:37:42 2023|main.py|INFO] EPOCH [113/120] Train NME: 0.08074
[Sat Apr 22 03:37:48 2023|main.py|INFO] EPOCH [113/120] Test NME: 0.06908
[Sat Apr 22 03:37:48 2023|main.py|INFO] EPOCH [113/120] Learning rate: 0.00000
[Sat Apr 22 03:38:29 2023|main.py|INFO] EPOCH [114/120] Train NME: 0.08073
[Sat Apr 22 03:38:34 2023|main.py|INFO] EPOCH [114/120] Test NME: 0.06884
[Sat Apr 22 03:38:34 2023|main.py|INFO] EPOCH [114/120] Learning rate: 0.00000
[Sat Apr 22 03:39:15 2023|main.py|INFO] EPOCH [115/120] Train NME: 0.07995
[Sat Apr 22 03:39:21 2023|main.py|INFO] EPOCH [115/120] Test NME: 0.06952
[Sat Apr 22 03:39:21 2023|main.py|INFO] EPOCH [115/120] Learning rate: 0.00000
[Sat Apr 22 03:40:02 2023|main.py|INFO] EPOCH [116/120] Train NME: 0.08078
[Sat Apr 22 03:40:07 2023|main.py|INFO] EPOCH [116/120] Test NME: 0.06985
[Sat Apr 22 03:40:07 2023|main.py|INFO] EPOCH [116/120] Learning rate: 0.00000
[Sat Apr 22 03:40:48 2023|main.py|INFO] EPOCH [117/120] Train NME: 0.08042
[Sat Apr 22 03:40:53 2023|main.py|INFO] EPOCH [117/120] Test NME: 0.06928
[Sat Apr 22 03:40:53 2023|main.py|INFO] EPOCH [117/120] Learning rate: 0.00000
[Sat Apr 22 03:41:34 2023|main.py|INFO] EPOCH [118/120] Train NME: 0.08079
[Sat Apr 22 03:41:40 2023|main.py|INFO] EPOCH [118/120] Test NME: 0.07017
[Sat Apr 22 03:41:40 2023|main.py|INFO] EPOCH [118/120] Learning rate: 0.00000
[Sat Apr 22 03:42:21 2023|main.py|INFO] EPOCH [119/120] Train NME: 0.08022
[Sat Apr 22 03:42:26 2023|main.py|INFO] EPOCH [119/120] Test NME: 0.06912
[Sat Apr 22 03:42:26 2023|main.py|INFO] EPOCH [119/120] Learning rate: 0.00000
[Sat Apr 22 03:43:07 2023|main.py|INFO] EPOCH [120/120] Train NME: 0.08038
[Sat Apr 22 03:43:13 2023|main.py|INFO] EPOCH [120/120] Test NME: 0.06922
[Sat Apr 22 03:43:13 2023|main.py|INFO] EPOCH [120/120] Learning rate: 0.00000
