[Sat Apr 22 03:52:42 2023|main.py|INFO] Task: Cas_Stage2_noAug_MSE-S1_noAug_MSE-lr0.4g0.9_B2
[Sat Apr 22 03:52:42 2023|main.py|INFO] Training cascade stage 2
[Sat Apr 22 03:52:42 2023|main.py|INFO] Stage 1 model: resnet18
[Sat Apr 22 03:52:42 2023|main.py|INFO] Stage 1 model path: checkpoints/Cas_Stage1_noAug_MSE/Cas_Stage1_noAug_MSE_lr0.5_B2/2023-04-20_18-11-00_epoch_68_NME_0.03373.pth.tar
[Sat Apr 22 03:52:42 2023|main.py|INFO] Using device: cuda
[Sat Apr 22 03:52:42 2023|main.py|INFO] Using config: config\Cas_Stage2_noAug_MSE-S1_noAug_MSE\Cas_Stage2_noAug_MSE-S1_noAug_MSE-lr0.4g0.9_B2.yaml
[Sat Apr 22 03:52:42 2023|main.py|INFO] Train path: data/training_images_full_train.npz
[Sat Apr 22 03:52:42 2023|main.py|INFO] Test path: data/training_images_full_test.npz
[Sat Apr 22 03:52:42 2023|main.py|INFO] Train augment: False
[Sat Apr 22 03:52:42 2023|main.py|INFO] Learning rate: 0.4
[Sat Apr 22 03:52:42 2023|main.py|INFO] Batch size: 2
[Sat Apr 22 03:52:42 2023|main.py|INFO] Num epochs: 120
[Sat Apr 22 03:52:42 2023|main.py|INFO] Save model: True
[Sat Apr 22 03:52:42 2023|main.py|INFO] Loss: MSE
[Sat Apr 22 03:52:42 2023|main.py|INFO] Log path: logs/Cas_Stage2_noAug_MSE-S1_noAug_MSE-lr0.4g0.9_B2/2023-04-22_03-52-42.log
[Sat Apr 22 03:52:42 2023|main.py|INFO] Writer path: runs/Cas_Stage2_noAug_MSE-S1_noAug_MSE-lr0.4g0.9_B2/2023-04-22_03-52-42
[Sat Apr 22 03:52:42 2023|main.py|INFO] Model name: resnet50
[Sat Apr 22 03:52:42 2023|main.py|INFO] Num outputs: 88
[Sat Apr 22 03:52:42 2023|main.py|INFO] Pretrained: True
[Sat Apr 22 03:52:42 2023|main.py|INFO] Load model: False
[Sat Apr 22 03:52:42 2023|main.py|INFO] Load path: None
[Sat Apr 22 03:52:42 2023|main.py|INFO] Loading data...
[Sat Apr 22 03:52:42 2023|main.py|INFO] Load stage 1 model
[Sat Apr 22 03:52:45 2023|main.py|INFO] Load dataset for cascade stage 2
[Sat Apr 22 03:52:47 2023|main.py|INFO] Initializing network resnet50 with 88 outputs...
[Sat Apr 22 03:52:48 2023|main.py|INFO] Network: ResNet(
  (conv1): Conv2d(3, 64, kernel_size=(7, 7), stride=(2, 2), padding=(3, 3), bias=False)
  (bn1): BatchNorm2d(64, eps=1e-05, momentum=0.1, affine=True, track_running_stats=True)
  (relu): ReLU(inplace=True)
  (maxpool): MaxPool2d(kernel_size=3, stride=2, padding=1, dilation=1, ceil_mode=False)
  (layer1): Sequential(
    (0): BottleNeck(
      (conv1): Conv2d(64, 64, kernel_size=(1, 1), stride=(1, 1), bias=False)
      (bn1): BatchNorm2d(64, eps=1e-05, momentum=0.1, affine=True, track_running_stats=True)
      (relu): ReLU(inplace=True)
      (conv2): Conv2d(64, 64, kernel_size=(3, 3), stride=(1, 1), padding=(1, 1), bias=False)
      (bn2): BatchNorm2d(64, eps=1e-05, momentum=0.1, affine=True, track_running_stats=True)
      (conv3): Conv2d(64, 256, kernel_size=(1, 1), stride=(1, 1), bias=False)
      (bn3): BatchNorm2d(256, eps=1e-05, momentum=0.1, affine=True, track_running_stats=True)
      (downsample): Sequential(
        (0): Conv2d(64, 256, kernel_size=(1, 1), stride=(1, 1), bias=False)
        (1): BatchNorm2d(256, eps=1e-05, momentum=0.1, affine=True, track_running_stats=True)
      )
    )
    (1): BottleNeck(
      (conv1): Conv2d(256, 64, kernel_size=(1, 1), stride=(1, 1), bias=False)
      (bn1): BatchNorm2d(64, eps=1e-05, momentum=0.1, affine=True, track_running_stats=True)
      (relu): ReLU(inplace=True)
      (conv2): Conv2d(64, 64, kernel_size=(3, 3), stride=(1, 1), padding=(1, 1), bias=False)
      (bn2): BatchNorm2d(64, eps=1e-05, momentum=0.1, affine=True, track_running_stats=True)
      (conv3): Conv2d(64, 256, kernel_size=(1, 1), stride=(1, 1), bias=False)
      (bn3): BatchNorm2d(256, eps=1e-05, momentum=0.1, affine=True, track_running_stats=True)
    )
    (2): BottleNeck(
      (conv1): Conv2d(256, 64, kernel_size=(1, 1), stride=(1, 1), bias=False)
      (bn1): BatchNorm2d(64, eps=1e-05, momentum=0.1, affine=True, track_running_stats=True)
      (relu): ReLU(inplace=True)
      (conv2): Conv2d(64, 64, kernel_size=(3, 3), stride=(1, 1), padding=(1, 1), bias=False)
      (bn2): BatchNorm2d(64, eps=1e-05, momentum=0.1, affine=True, track_running_stats=True)
      (conv3): Conv2d(64, 256, kernel_size=(1, 1), stride=(1, 1), bias=False)
      (bn3): BatchNorm2d(256, eps=1e-05, momentum=0.1, affine=True, track_running_stats=True)
    )
  )
  (layer2): Sequential(
    (0): BottleNeck(
      (conv1): Conv2d(256, 128, kernel_size=(1, 1), stride=(1, 1), bias=False)
      (bn1): BatchNorm2d(128, eps=1e-05, momentum=0.1, affine=True, track_running_stats=True)
      (relu): ReLU(inplace=True)
      (conv2): Conv2d(128, 128, kernel_size=(3, 3), stride=(2, 2), padding=(1, 1), bias=False)
      (bn2): BatchNorm2d(128, eps=1e-05, momentum=0.1, affine=True, track_running_stats=True)
      (conv3): Conv2d(128, 512, kernel_size=(1, 1), stride=(1, 1), bias=False)
      (bn3): BatchNorm2d(512, eps=1e-05, momentum=0.1, affine=True, track_running_stats=True)
      (downsample): Sequential(
        (0): Conv2d(256, 512, kernel_size=(1, 1), stride=(2, 2), bias=False)
        (1): BatchNorm2d(512, eps=1e-05, momentum=0.1, affine=True, track_running_stats=True)
      )
    )
    (1): BottleNeck(
      (conv1): Conv2d(512, 128, kernel_size=(1, 1), stride=(1, 1), bias=False)
      (bn1): BatchNorm2d(128, eps=1e-05, momentum=0.1, affine=True, track_running_stats=True)
      (relu): ReLU(inplace=True)
      (conv2): Conv2d(128, 128, kernel_size=(3, 3), stride=(1, 1), padding=(1, 1), bias=False)
      (bn2): BatchNorm2d(128, eps=1e-05, momentum=0.1, affine=True, track_running_stats=True)
      (conv3): Conv2d(128, 512, kernel_size=(1, 1), stride=(1, 1), bias=False)
      (bn3): BatchNorm2d(512, eps=1e-05, momentum=0.1, affine=True, track_running_stats=True)
    )
    (2): BottleNeck(
      (conv1): Conv2d(512, 128, kernel_size=(1, 1), stride=(1, 1), bias=False)
      (bn1): BatchNorm2d(128, eps=1e-05, momentum=0.1, affine=True, track_running_stats=True)
      (relu): ReLU(inplace=True)
      (conv2): Conv2d(128, 128, kernel_size=(3, 3), stride=(1, 1), padding=(1, 1), bias=False)
      (bn2): BatchNorm2d(128, eps=1e-05, momentum=0.1, affine=True, track_running_stats=True)
      (conv3): Conv2d(128, 512, kernel_size=(1, 1), stride=(1, 1), bias=False)
      (bn3): BatchNorm2d(512, eps=1e-05, momentum=0.1, affine=True, track_running_stats=True)
    )
    (3): BottleNeck(
      (conv1): Conv2d(512, 128, kernel_size=(1, 1), stride=(1, 1), bias=False)
      (bn1): BatchNorm2d(128, eps=1e-05, momentum=0.1, affine=True, track_running_stats=True)
      (relu): ReLU(inplace=True)
      (conv2): Conv2d(128, 128, kernel_size=(3, 3), stride=(1, 1), padding=(1, 1), bias=False)
      (bn2): BatchNorm2d(128, eps=1e-05, momentum=0.1, affine=True, track_running_stats=True)
      (conv3): Conv2d(128, 512, kernel_size=(1, 1), stride=(1, 1), bias=False)
      (bn3): BatchNorm2d(512, eps=1e-05, momentum=0.1, affine=True, track_running_stats=True)
    )
  )
  (layer3): Sequential(
    (0): BottleNeck(
      (conv1): Conv2d(512, 256, kernel_size=(1, 1), stride=(1, 1), bias=False)
      (bn1): BatchNorm2d(256, eps=1e-05, momentum=0.1, affine=True, track_running_stats=True)
      (relu): ReLU(inplace=True)
      (conv2): Conv2d(256, 256, kernel_size=(3, 3), stride=(2, 2), padding=(1, 1), bias=False)
      (bn2): BatchNorm2d(256, eps=1e-05, momentum=0.1, affine=True, track_running_stats=True)
      (conv3): Conv2d(256, 1024, kernel_size=(1, 1), stride=(1, 1), bias=False)
      (bn3): BatchNorm2d(1024, eps=1e-05, momentum=0.1, affine=True, track_running_stats=True)
      (downsample): Sequential(
        (0): Conv2d(512, 1024, kernel_size=(1, 1), stride=(2, 2), bias=False)
        (1): BatchNorm2d(1024, eps=1e-05, momentum=0.1, affine=True, track_running_stats=True)
      )
    )
    (1): BottleNeck(
      (conv1): Conv2d(1024, 256, kernel_size=(1, 1), stride=(1, 1), bias=False)
      (bn1): BatchNorm2d(256, eps=1e-05, momentum=0.1, affine=True, track_running_stats=True)
      (relu): ReLU(inplace=True)
      (conv2): Conv2d(256, 256, kernel_size=(3, 3), stride=(1, 1), padding=(1, 1), bias=False)
      (bn2): BatchNorm2d(256, eps=1e-05, momentum=0.1, affine=True, track_running_stats=True)
      (conv3): Conv2d(256, 1024, kernel_size=(1, 1), stride=(1, 1), bias=False)
      (bn3): BatchNorm2d(1024, eps=1e-05, momentum=0.1, affine=True, track_running_stats=True)
    )
    (2): BottleNeck(
      (conv1): Conv2d(1024, 256, kernel_size=(1, 1), stride=(1, 1), bias=False)
      (bn1): BatchNorm2d(256, eps=1e-05, momentum=0.1, affine=True, track_running_stats=True)
      (relu): ReLU(inplace=True)
      (conv2): Conv2d(256, 256, kernel_size=(3, 3), stride=(1, 1), padding=(1, 1), bias=False)
      (bn2): BatchNorm2d(256, eps=1e-05, momentum=0.1, affine=True, track_running_stats=True)
      (conv3): Conv2d(256, 1024, kernel_size=(1, 1), stride=(1, 1), bias=False)
      (bn3): BatchNorm2d(1024, eps=1e-05, momentum=0.1, affine=True, track_running_stats=True)
    )
    (3): BottleNeck(
      (conv1): Conv2d(1024, 256, kernel_size=(1, 1), stride=(1, 1), bias=False)
      (bn1): BatchNorm2d(256, eps=1e-05, momentum=0.1, affine=True, track_running_stats=True)
      (relu): ReLU(inplace=True)
      (conv2): Conv2d(256, 256, kernel_size=(3, 3), stride=(1, 1), padding=(1, 1), bias=False)
      (bn2): BatchNorm2d(256, eps=1e-05, momentum=0.1, affine=True, track_running_stats=True)
      (conv3): Conv2d(256, 1024, kernel_size=(1, 1), stride=(1, 1), bias=False)
      (bn3): BatchNorm2d(1024, eps=1e-05, momentum=0.1, affine=True, track_running_stats=True)
    )
    (4): BottleNeck(
      (conv1): Conv2d(1024, 256, kernel_size=(1, 1), stride=(1, 1), bias=False)
      (bn1): BatchNorm2d(256, eps=1e-05, momentum=0.1, affine=True, track_running_stats=True)
      (relu): ReLU(inplace=True)
      (conv2): Conv2d(256, 256, kernel_size=(3, 3), stride=(1, 1), padding=(1, 1), bias=False)
      (bn2): BatchNorm2d(256, eps=1e-05, momentum=0.1, affine=True, track_running_stats=True)
      (conv3): Conv2d(256, 1024, kernel_size=(1, 1), stride=(1, 1), bias=False)
      (bn3): BatchNorm2d(1024, eps=1e-05, momentum=0.1, affine=True, track_running_stats=True)
    )
    (5): BottleNeck(
      (conv1): Conv2d(1024, 256, kernel_size=(1, 1), stride=(1, 1), bias=False)
      (bn1): BatchNorm2d(256, eps=1e-05, momentum=0.1, affine=True, track_running_stats=True)
      (relu): ReLU(inplace=True)
      (conv2): Conv2d(256, 256, kernel_size=(3, 3), stride=(1, 1), padding=(1, 1), bias=False)
      (bn2): BatchNorm2d(256, eps=1e-05, momentum=0.1, affine=True, track_running_stats=True)
      (conv3): Conv2d(256, 1024, kernel_size=(1, 1), stride=(1, 1), bias=False)
      (bn3): BatchNorm2d(1024, eps=1e-05, momentum=0.1, affine=True, track_running_stats=True)
    )
  )
  (layer4): Sequential(
    (0): BottleNeck(
      (conv1): Conv2d(1024, 512, kernel_size=(1, 1), stride=(1, 1), bias=False)
      (bn1): BatchNorm2d(512, eps=1e-05, momentum=0.1, affine=True, track_running_stats=True)
      (relu): ReLU(inplace=True)
      (conv2): Conv2d(512, 512, kernel_size=(3, 3), stride=(2, 2), padding=(1, 1), bias=False)
      (bn2): BatchNorm2d(512, eps=1e-05, momentum=0.1, affine=True, track_running_stats=True)
      (conv3): Conv2d(512, 2048, kernel_size=(1, 1), stride=(1, 1), bias=False)
      (bn3): BatchNorm2d(2048, eps=1e-05, momentum=0.1, affine=True, track_running_stats=True)
      (downsample): Sequential(
        (0): Conv2d(1024, 2048, kernel_size=(1, 1), stride=(2, 2), bias=False)
        (1): BatchNorm2d(2048, eps=1e-05, momentum=0.1, affine=True, track_running_stats=True)
      )
    )
    (1): BottleNeck(
      (conv1): Conv2d(2048, 512, kernel_size=(1, 1), stride=(1, 1), bias=False)
      (bn1): BatchNorm2d(512, eps=1e-05, momentum=0.1, affine=True, track_running_stats=True)
      (relu): ReLU(inplace=True)
      (conv2): Conv2d(512, 512, kernel_size=(3, 3), stride=(1, 1), padding=(1, 1), bias=False)
      (bn2): BatchNorm2d(512, eps=1e-05, momentum=0.1, affine=True, track_running_stats=True)
      (conv3): Conv2d(512, 2048, kernel_size=(1, 1), stride=(1, 1), bias=False)
      (bn3): BatchNorm2d(2048, eps=1e-05, momentum=0.1, affine=True, track_running_stats=True)
    )
    (2): BottleNeck(
      (conv1): Conv2d(2048, 512, kernel_size=(1, 1), stride=(1, 1), bias=False)
      (bn1): BatchNorm2d(512, eps=1e-05, momentum=0.1, affine=True, track_running_stats=True)
      (relu): ReLU(inplace=True)
      (conv2): Conv2d(512, 512, kernel_size=(3, 3), stride=(1, 1), padding=(1, 1), bias=False)
      (bn2): BatchNorm2d(512, eps=1e-05, momentum=0.1, affine=True, track_running_stats=True)
      (conv3): Conv2d(512, 2048, kernel_size=(1, 1), stride=(1, 1), bias=False)
      (bn3): BatchNorm2d(2048, eps=1e-05, momentum=0.1, affine=True, track_running_stats=True)
    )
  )
  (avgpool): AdaptiveAvgPool2d(output_size=(1, 1))
  (fc): Linear(in_features=2048, out_features=88, bias=True)
)
[Sat Apr 22 03:52:48 2023|main.py|INFO] Initializing loss and optimizer...
[Sat Apr 22 03:52:48 2023|main.py|INFO] Loss: MSE
[Sat Apr 22 03:52:48 2023|main.py|INFO] Optimizer: Adam
[Sat Apr 22 03:52:48 2023|main.py|INFO] Initializing tensorboard writer at: runs/Cas_Stage2_noAug_MSE-S1_noAug_MSE-lr0.4g0.9_B2/2023-04-22_03-52-42
[Sat Apr 22 03:52:48 2023|main.py|INFO] Training network...
[Sat Apr 22 03:53:28 2023|main.py|INFO] EPOCH [1/120] Train NME: 0.56280
[Sat Apr 22 03:53:33 2023|main.py|INFO] EPOCH [1/120] Test NME: 0.11499
[Sat Apr 22 03:53:33 2023|main.py|INFO] EPOCH [1/120] Learning rate: 0.40000
[Sat Apr 22 03:53:33 2023|main.py|INFO] EPOCH [1/120] NME improved from 1000.00000 to 0.11499
[Sat Apr 22 03:53:33 2023|main.py|INFO] EPOCH [1/120] Saving model to: checkpoints/Cas_Stage2_noAug_MSE-S1_noAug_MSE-lr0.4g0.9_B2/2023-04-22_03-53-33_epoch_1_NME_0.11499.pth.tar
[Sat Apr 22 03:54:11 2023|main.py|INFO] EPOCH [2/120] Train NME: 0.11703
[Sat Apr 22 03:54:16 2023|main.py|INFO] EPOCH [2/120] Test NME: 0.11193
[Sat Apr 22 03:54:16 2023|main.py|INFO] EPOCH [2/120] Learning rate: 0.36000
[Sat Apr 22 03:54:16 2023|main.py|INFO] EPOCH [2/120] NME improved from 0.11499 to 0.11193
[Sat Apr 22 03:54:16 2023|main.py|INFO] EPOCH [2/120] Saving model to: checkpoints/Cas_Stage2_noAug_MSE-S1_noAug_MSE-lr0.4g0.9_B2/2023-04-22_03-54-16_epoch_2_NME_0.11193.pth.tar
[Sat Apr 22 03:54:57 2023|main.py|INFO] EPOCH [3/120] Train NME: 0.11461
[Sat Apr 22 03:55:02 2023|main.py|INFO] EPOCH [3/120] Test NME: 0.12320
[Sat Apr 22 03:55:02 2023|main.py|INFO] EPOCH [3/120] Learning rate: 0.32400
[Sat Apr 22 03:55:42 2023|main.py|INFO] EPOCH [4/120] Train NME: 0.12051
[Sat Apr 22 03:55:47 2023|main.py|INFO] EPOCH [4/120] Test NME: 0.10293
[Sat Apr 22 03:55:47 2023|main.py|INFO] EPOCH [4/120] Learning rate: 0.29160
[Sat Apr 22 03:55:47 2023|main.py|INFO] EPOCH [4/120] NME improved from 0.11193 to 0.10293
[Sat Apr 22 03:55:47 2023|main.py|INFO] EPOCH [4/120] Saving model to: checkpoints/Cas_Stage2_noAug_MSE-S1_noAug_MSE-lr0.4g0.9_B2/2023-04-22_03-55-47_epoch_4_NME_0.10293.pth.tar
[Sat Apr 22 03:56:28 2023|main.py|INFO] EPOCH [5/120] Train NME: 0.11861
[Sat Apr 22 03:56:33 2023|main.py|INFO] EPOCH [5/120] Test NME: 0.11136
[Sat Apr 22 03:56:33 2023|main.py|INFO] EPOCH [5/120] Learning rate: 0.26244
[Sat Apr 22 03:57:13 2023|main.py|INFO] EPOCH [6/120] Train NME: 0.11565
[Sat Apr 22 03:57:18 2023|main.py|INFO] EPOCH [6/120] Test NME: 0.10514
[Sat Apr 22 03:57:18 2023|main.py|INFO] EPOCH [6/120] Learning rate: 0.23620
[Sat Apr 22 03:57:59 2023|main.py|INFO] EPOCH [7/120] Train NME: 0.12381
[Sat Apr 22 03:58:04 2023|main.py|INFO] EPOCH [7/120] Test NME: 0.10664
[Sat Apr 22 03:58:04 2023|main.py|INFO] EPOCH [7/120] Learning rate: 0.21258
[Sat Apr 22 03:58:44 2023|main.py|INFO] EPOCH [8/120] Train NME: 0.12295
[Sat Apr 22 03:58:50 2023|main.py|INFO] EPOCH [8/120] Test NME: 0.10292
[Sat Apr 22 03:58:50 2023|main.py|INFO] EPOCH [8/120] Learning rate: 0.19132
[Sat Apr 22 03:58:50 2023|main.py|INFO] EPOCH [8/120] NME improved from 0.10293 to 0.10292
[Sat Apr 22 03:58:50 2023|main.py|INFO] EPOCH [8/120] Saving model to: checkpoints/Cas_Stage2_noAug_MSE-S1_noAug_MSE-lr0.4g0.9_B2/2023-04-22_03-58-50_epoch_8_NME_0.10292.pth.tar
[Sat Apr 22 03:59:31 2023|main.py|INFO] EPOCH [9/120] Train NME: 0.11297
[Sat Apr 22 03:59:36 2023|main.py|INFO] EPOCH [9/120] Test NME: 0.09662
[Sat Apr 22 03:59:36 2023|main.py|INFO] EPOCH [9/120] Learning rate: 0.17219
[Sat Apr 22 03:59:36 2023|main.py|INFO] EPOCH [9/120] NME improved from 0.10292 to 0.09662
[Sat Apr 22 03:59:36 2023|main.py|INFO] EPOCH [9/120] Saving model to: checkpoints/Cas_Stage2_noAug_MSE-S1_noAug_MSE-lr0.4g0.9_B2/2023-04-22_03-59-36_epoch_9_NME_0.09662.pth.tar
[Sat Apr 22 04:00:19 2023|main.py|INFO] EPOCH [10/120] Train NME: 0.10956
[Sat Apr 22 04:00:24 2023|main.py|INFO] EPOCH [10/120] Test NME: 0.10515
[Sat Apr 22 04:00:24 2023|main.py|INFO] EPOCH [10/120] Learning rate: 0.15497
[Sat Apr 22 04:01:05 2023|main.py|INFO] EPOCH [11/120] Train NME: 0.10871
[Sat Apr 22 04:01:10 2023|main.py|INFO] EPOCH [11/120] Test NME: 0.10982
[Sat Apr 22 04:01:10 2023|main.py|INFO] EPOCH [11/120] Learning rate: 0.13947
[Sat Apr 22 04:01:51 2023|main.py|INFO] EPOCH [12/120] Train NME: 0.10213
[Sat Apr 22 04:01:56 2023|main.py|INFO] EPOCH [12/120] Test NME: 0.10628
[Sat Apr 22 04:01:56 2023|main.py|INFO] EPOCH [12/120] Learning rate: 0.12552
[Sat Apr 22 04:02:37 2023|main.py|INFO] EPOCH [13/120] Train NME: 0.10292
[Sat Apr 22 04:02:42 2023|main.py|INFO] EPOCH [13/120] Test NME: 0.11022
[Sat Apr 22 04:02:42 2023|main.py|INFO] EPOCH [13/120] Learning rate: 0.11297
[Sat Apr 22 04:03:23 2023|main.py|INFO] EPOCH [14/120] Train NME: 0.10016
[Sat Apr 22 04:03:28 2023|main.py|INFO] EPOCH [14/120] Test NME: 0.09323
[Sat Apr 22 04:03:28 2023|main.py|INFO] EPOCH [14/120] Learning rate: 0.10167
[Sat Apr 22 04:03:29 2023|main.py|INFO] EPOCH [14/120] NME improved from 0.09662 to 0.09323
[Sat Apr 22 04:03:29 2023|main.py|INFO] EPOCH [14/120] Saving model to: checkpoints/Cas_Stage2_noAug_MSE-S1_noAug_MSE-lr0.4g0.9_B2/2023-04-22_04-03-29_epoch_14_NME_0.09323.pth.tar
[Sat Apr 22 04:04:11 2023|main.py|INFO] EPOCH [15/120] Train NME: 0.10088
[Sat Apr 22 04:04:16 2023|main.py|INFO] EPOCH [15/120] Test NME: 0.10325
[Sat Apr 22 04:04:16 2023|main.py|INFO] EPOCH [15/120] Learning rate: 0.09151
[Sat Apr 22 04:04:57 2023|main.py|INFO] EPOCH [16/120] Train NME: 0.09802
[Sat Apr 22 04:05:03 2023|main.py|INFO] EPOCH [16/120] Test NME: 0.08674
[Sat Apr 22 04:05:03 2023|main.py|INFO] EPOCH [16/120] Learning rate: 0.08236
[Sat Apr 22 04:05:03 2023|main.py|INFO] EPOCH [16/120] NME improved from 0.09323 to 0.08674
[Sat Apr 22 04:05:03 2023|main.py|INFO] EPOCH [16/120] Saving model to: checkpoints/Cas_Stage2_noAug_MSE-S1_noAug_MSE-lr0.4g0.9_B2/2023-04-22_04-05-03_epoch_16_NME_0.08674.pth.tar
[Sat Apr 22 04:05:44 2023|main.py|INFO] EPOCH [17/120] Train NME: 0.10050
[Sat Apr 22 04:05:50 2023|main.py|INFO] EPOCH [17/120] Test NME: 0.09971
[Sat Apr 22 04:05:50 2023|main.py|INFO] EPOCH [17/120] Learning rate: 0.07412
[Sat Apr 22 04:06:31 2023|main.py|INFO] EPOCH [18/120] Train NME: 0.10194
[Sat Apr 22 04:06:37 2023|main.py|INFO] EPOCH [18/120] Test NME: 0.12729
[Sat Apr 22 04:06:37 2023|main.py|INFO] EPOCH [18/120] Learning rate: 0.06671
[Sat Apr 22 04:07:18 2023|main.py|INFO] EPOCH [19/120] Train NME: 0.10217
[Sat Apr 22 04:07:23 2023|main.py|INFO] EPOCH [19/120] Test NME: 0.11444
[Sat Apr 22 04:07:23 2023|main.py|INFO] EPOCH [19/120] Learning rate: 0.06004
[Sat Apr 22 04:08:04 2023|main.py|INFO] EPOCH [20/120] Train NME: 0.10423
[Sat Apr 22 04:08:10 2023|main.py|INFO] EPOCH [20/120] Test NME: 0.10645
[Sat Apr 22 04:08:10 2023|main.py|INFO] EPOCH [20/120] Learning rate: 0.05403
[Sat Apr 22 04:08:51 2023|main.py|INFO] EPOCH [21/120] Train NME: 0.10394
[Sat Apr 22 04:08:57 2023|main.py|INFO] EPOCH [21/120] Test NME: 0.08998
[Sat Apr 22 04:08:57 2023|main.py|INFO] EPOCH [21/120] Learning rate: 0.04863
[Sat Apr 22 04:09:40 2023|main.py|INFO] EPOCH [22/120] Train NME: 0.10195
[Sat Apr 22 04:09:46 2023|main.py|INFO] EPOCH [22/120] Test NME: 0.10295
[Sat Apr 22 04:09:46 2023|main.py|INFO] EPOCH [22/120] Learning rate: 0.04377
[Sat Apr 22 04:10:28 2023|main.py|INFO] EPOCH [23/120] Train NME: 0.09772
[Sat Apr 22 04:10:33 2023|main.py|INFO] EPOCH [23/120] Test NME: 0.08548
[Sat Apr 22 04:10:33 2023|main.py|INFO] EPOCH [23/120] Learning rate: 0.03939
[Sat Apr 22 04:10:33 2023|main.py|INFO] EPOCH [23/120] NME improved from 0.08674 to 0.08548
[Sat Apr 22 04:10:33 2023|main.py|INFO] EPOCH [23/120] Saving model to: checkpoints/Cas_Stage2_noAug_MSE-S1_noAug_MSE-lr0.4g0.9_B2/2023-04-22_04-10-33_epoch_23_NME_0.08548.pth.tar
[Sat Apr 22 04:11:15 2023|main.py|INFO] EPOCH [24/120] Train NME: 0.09922
[Sat Apr 22 04:11:20 2023|main.py|INFO] EPOCH [24/120] Test NME: 0.08714
[Sat Apr 22 04:11:20 2023|main.py|INFO] EPOCH [24/120] Learning rate: 0.03545
[Sat Apr 22 04:12:01 2023|main.py|INFO] EPOCH [25/120] Train NME: 0.09368
[Sat Apr 22 04:12:06 2023|main.py|INFO] EPOCH [25/120] Test NME: 0.10504
[Sat Apr 22 04:12:06 2023|main.py|INFO] EPOCH [25/120] Learning rate: 0.03191
[Sat Apr 22 04:12:47 2023|main.py|INFO] EPOCH [26/120] Train NME: 0.09297
[Sat Apr 22 04:12:52 2023|main.py|INFO] EPOCH [26/120] Test NME: 0.07821
[Sat Apr 22 04:12:52 2023|main.py|INFO] EPOCH [26/120] Learning rate: 0.02872
[Sat Apr 22 04:12:52 2023|main.py|INFO] EPOCH [26/120] NME improved from 0.08548 to 0.07821
[Sat Apr 22 04:12:52 2023|main.py|INFO] EPOCH [26/120] Saving model to: checkpoints/Cas_Stage2_noAug_MSE-S1_noAug_MSE-lr0.4g0.9_B2/2023-04-22_04-12-52_epoch_26_NME_0.07821.pth.tar
[Sat Apr 22 04:13:33 2023|main.py|INFO] EPOCH [27/120] Train NME: 0.09117
[Sat Apr 22 04:13:38 2023|main.py|INFO] EPOCH [27/120] Test NME: 0.07784
[Sat Apr 22 04:13:38 2023|main.py|INFO] EPOCH [27/120] Learning rate: 0.02584
[Sat Apr 22 04:13:38 2023|main.py|INFO] EPOCH [27/120] NME improved from 0.07821 to 0.07784
[Sat Apr 22 04:13:38 2023|main.py|INFO] EPOCH [27/120] Saving model to: checkpoints/Cas_Stage2_noAug_MSE-S1_noAug_MSE-lr0.4g0.9_B2/2023-04-22_04-13-38_epoch_27_NME_0.07784.pth.tar
[Sat Apr 22 04:14:20 2023|main.py|INFO] EPOCH [28/120] Train NME: 0.08953
[Sat Apr 22 04:14:25 2023|main.py|INFO] EPOCH [28/120] Test NME: 0.08648
[Sat Apr 22 04:14:25 2023|main.py|INFO] EPOCH [28/120] Learning rate: 0.02326
[Sat Apr 22 04:15:06 2023|main.py|INFO] EPOCH [29/120] Train NME: 0.08749
[Sat Apr 22 04:15:11 2023|main.py|INFO] EPOCH [29/120] Test NME: 0.07057
[Sat Apr 22 04:15:11 2023|main.py|INFO] EPOCH [29/120] Learning rate: 0.02093
[Sat Apr 22 04:15:11 2023|main.py|INFO] EPOCH [29/120] NME improved from 0.07784 to 0.07057
[Sat Apr 22 04:15:11 2023|main.py|INFO] EPOCH [29/120] Saving model to: checkpoints/Cas_Stage2_noAug_MSE-S1_noAug_MSE-lr0.4g0.9_B2/2023-04-22_04-15-11_epoch_29_NME_0.07057.pth.tar
[Sat Apr 22 04:15:52 2023|main.py|INFO] EPOCH [30/120] Train NME: 0.08637
[Sat Apr 22 04:15:58 2023|main.py|INFO] EPOCH [30/120] Test NME: 0.07095
[Sat Apr 22 04:15:58 2023|main.py|INFO] EPOCH [30/120] Learning rate: 0.01884
[Sat Apr 22 04:16:38 2023|main.py|INFO] EPOCH [31/120] Train NME: 0.08563
[Sat Apr 22 04:16:44 2023|main.py|INFO] EPOCH [31/120] Test NME: 0.07723
[Sat Apr 22 04:16:44 2023|main.py|INFO] EPOCH [31/120] Learning rate: 0.01696
[Sat Apr 22 04:17:24 2023|main.py|INFO] EPOCH [32/120] Train NME: 0.08335
[Sat Apr 22 04:17:30 2023|main.py|INFO] EPOCH [32/120] Test NME: 0.07517
[Sat Apr 22 04:17:30 2023|main.py|INFO] EPOCH [32/120] Learning rate: 0.01526
[Sat Apr 22 04:18:11 2023|main.py|INFO] EPOCH [33/120] Train NME: 0.08268
[Sat Apr 22 04:18:16 2023|main.py|INFO] EPOCH [33/120] Test NME: 0.06760
[Sat Apr 22 04:18:16 2023|main.py|INFO] EPOCH [33/120] Learning rate: 0.01373
[Sat Apr 22 04:18:16 2023|main.py|INFO] EPOCH [33/120] NME improved from 0.07057 to 0.06760
[Sat Apr 22 04:18:16 2023|main.py|INFO] EPOCH [33/120] Saving model to: checkpoints/Cas_Stage2_noAug_MSE-S1_noAug_MSE-lr0.4g0.9_B2/2023-04-22_04-18-16_epoch_33_NME_0.06760.pth.tar
[Sat Apr 22 04:18:58 2023|main.py|INFO] EPOCH [34/120] Train NME: 0.08261
[Sat Apr 22 04:19:03 2023|main.py|INFO] EPOCH [34/120] Test NME: 0.06782
[Sat Apr 22 04:19:03 2023|main.py|INFO] EPOCH [34/120] Learning rate: 0.01236
[Sat Apr 22 04:19:44 2023|main.py|INFO] EPOCH [35/120] Train NME: 0.08137
[Sat Apr 22 04:19:50 2023|main.py|INFO] EPOCH [35/120] Test NME: 0.05997
[Sat Apr 22 04:19:50 2023|main.py|INFO] EPOCH [35/120] Learning rate: 0.01113
[Sat Apr 22 04:19:50 2023|main.py|INFO] EPOCH [35/120] NME improved from 0.06760 to 0.05997
[Sat Apr 22 04:19:50 2023|main.py|INFO] EPOCH [35/120] Saving model to: checkpoints/Cas_Stage2_noAug_MSE-S1_noAug_MSE-lr0.4g0.9_B2/2023-04-22_04-19-50_epoch_35_NME_0.05997.pth.tar
[Sat Apr 22 04:20:32 2023|main.py|INFO] EPOCH [36/120] Train NME: 0.08017
[Sat Apr 22 04:20:37 2023|main.py|INFO] EPOCH [36/120] Test NME: 0.06759
[Sat Apr 22 04:20:37 2023|main.py|INFO] EPOCH [36/120] Learning rate: 0.01001
[Sat Apr 22 04:21:18 2023|main.py|INFO] EPOCH [37/120] Train NME: 0.07968
[Sat Apr 22 04:21:23 2023|main.py|INFO] EPOCH [37/120] Test NME: 0.06261
[Sat Apr 22 04:21:23 2023|main.py|INFO] EPOCH [37/120] Learning rate: 0.00901
[Sat Apr 22 04:22:04 2023|main.py|INFO] EPOCH [38/120] Train NME: 0.07913
[Sat Apr 22 04:22:09 2023|main.py|INFO] EPOCH [38/120] Test NME: 0.06072
[Sat Apr 22 04:22:09 2023|main.py|INFO] EPOCH [38/120] Learning rate: 0.00811
[Sat Apr 22 04:22:50 2023|main.py|INFO] EPOCH [39/120] Train NME: 0.07851
[Sat Apr 22 04:22:56 2023|main.py|INFO] EPOCH [39/120] Test NME: 0.05994
[Sat Apr 22 04:22:56 2023|main.py|INFO] EPOCH [39/120] Learning rate: 0.00730
[Sat Apr 22 04:22:56 2023|main.py|INFO] EPOCH [39/120] NME improved from 0.05997 to 0.05994
[Sat Apr 22 04:22:56 2023|main.py|INFO] EPOCH [39/120] Saving model to: checkpoints/Cas_Stage2_noAug_MSE-S1_noAug_MSE-lr0.4g0.9_B2/2023-04-22_04-22-56_epoch_39_NME_0.05994.pth.tar
[Sat Apr 22 04:23:38 2023|main.py|INFO] EPOCH [40/120] Train NME: 0.07750
[Sat Apr 22 04:23:43 2023|main.py|INFO] EPOCH [40/120] Test NME: 0.06069
[Sat Apr 22 04:23:43 2023|main.py|INFO] EPOCH [40/120] Learning rate: 0.00657
[Sat Apr 22 04:24:24 2023|main.py|INFO] EPOCH [41/120] Train NME: 0.07768
[Sat Apr 22 04:24:30 2023|main.py|INFO] EPOCH [41/120] Test NME: 0.05911
[Sat Apr 22 04:24:30 2023|main.py|INFO] EPOCH [41/120] Learning rate: 0.00591
[Sat Apr 22 04:24:30 2023|main.py|INFO] EPOCH [41/120] NME improved from 0.05994 to 0.05911
[Sat Apr 22 04:24:30 2023|main.py|INFO] EPOCH [41/120] Saving model to: checkpoints/Cas_Stage2_noAug_MSE-S1_noAug_MSE-lr0.4g0.9_B2/2023-04-22_04-24-30_epoch_41_NME_0.05911.pth.tar
[Sat Apr 22 04:25:11 2023|main.py|INFO] EPOCH [42/120] Train NME: 0.07596
[Sat Apr 22 04:25:17 2023|main.py|INFO] EPOCH [42/120] Test NME: 0.05761
[Sat Apr 22 04:25:17 2023|main.py|INFO] EPOCH [42/120] Learning rate: 0.00532
[Sat Apr 22 04:25:17 2023|main.py|INFO] EPOCH [42/120] NME improved from 0.05911 to 0.05761
[Sat Apr 22 04:25:17 2023|main.py|INFO] EPOCH [42/120] Saving model to: checkpoints/Cas_Stage2_noAug_MSE-S1_noAug_MSE-lr0.4g0.9_B2/2023-04-22_04-25-17_epoch_42_NME_0.05761.pth.tar
[Sat Apr 22 04:25:58 2023|main.py|INFO] EPOCH [43/120] Train NME: 0.07595
[Sat Apr 22 04:26:03 2023|main.py|INFO] EPOCH [43/120] Test NME: 0.05699
[Sat Apr 22 04:26:03 2023|main.py|INFO] EPOCH [43/120] Learning rate: 0.00479
[Sat Apr 22 04:26:03 2023|main.py|INFO] EPOCH [43/120] NME improved from 0.05761 to 0.05699
[Sat Apr 22 04:26:03 2023|main.py|INFO] EPOCH [43/120] Saving model to: checkpoints/Cas_Stage2_noAug_MSE-S1_noAug_MSE-lr0.4g0.9_B2/2023-04-22_04-26-03_epoch_43_NME_0.05699.pth.tar
[Sat Apr 22 04:26:45 2023|main.py|INFO] EPOCH [44/120] Train NME: 0.07512
[Sat Apr 22 04:26:50 2023|main.py|INFO] EPOCH [44/120] Test NME: 0.05898
[Sat Apr 22 04:26:50 2023|main.py|INFO] EPOCH [44/120] Learning rate: 0.00431
[Sat Apr 22 04:27:32 2023|main.py|INFO] EPOCH [45/120] Train NME: 0.07574
[Sat Apr 22 04:27:37 2023|main.py|INFO] EPOCH [45/120] Test NME: 0.05577
[Sat Apr 22 04:27:37 2023|main.py|INFO] EPOCH [45/120] Learning rate: 0.00388
[Sat Apr 22 04:27:37 2023|main.py|INFO] EPOCH [45/120] NME improved from 0.05699 to 0.05577
[Sat Apr 22 04:27:37 2023|main.py|INFO] EPOCH [45/120] Saving model to: checkpoints/Cas_Stage2_noAug_MSE-S1_noAug_MSE-lr0.4g0.9_B2/2023-04-22_04-27-37_epoch_45_NME_0.05577.pth.tar
[Sat Apr 22 04:28:19 2023|main.py|INFO] EPOCH [46/120] Train NME: 0.07535
[Sat Apr 22 04:28:24 2023|main.py|INFO] EPOCH [46/120] Test NME: 0.05614
[Sat Apr 22 04:28:24 2023|main.py|INFO] EPOCH [46/120] Learning rate: 0.00349
[Sat Apr 22 04:29:05 2023|main.py|INFO] EPOCH [47/120] Train NME: 0.07611
[Sat Apr 22 04:29:11 2023|main.py|INFO] EPOCH [47/120] Test NME: 0.05624
[Sat Apr 22 04:29:11 2023|main.py|INFO] EPOCH [47/120] Learning rate: 0.00314
[Sat Apr 22 04:29:53 2023|main.py|INFO] EPOCH [48/120] Train NME: 0.07551
[Sat Apr 22 04:29:59 2023|main.py|INFO] EPOCH [48/120] Test NME: 0.05622
[Sat Apr 22 04:29:59 2023|main.py|INFO] EPOCH [48/120] Learning rate: 0.00283
[Sat Apr 22 04:30:40 2023|main.py|INFO] EPOCH [49/120] Train NME: 0.07382
[Sat Apr 22 04:30:46 2023|main.py|INFO] EPOCH [49/120] Test NME: 0.05575
[Sat Apr 22 04:30:46 2023|main.py|INFO] EPOCH [49/120] Learning rate: 0.00255
[Sat Apr 22 04:30:46 2023|main.py|INFO] EPOCH [49/120] NME improved from 0.05577 to 0.05575
[Sat Apr 22 04:30:46 2023|main.py|INFO] EPOCH [49/120] Saving model to: checkpoints/Cas_Stage2_noAug_MSE-S1_noAug_MSE-lr0.4g0.9_B2/2023-04-22_04-30-46_epoch_49_NME_0.05575.pth.tar
[Sat Apr 22 04:31:27 2023|main.py|INFO] EPOCH [50/120] Train NME: 0.07433
[Sat Apr 22 04:31:33 2023|main.py|INFO] EPOCH [50/120] Test NME: 0.05659
[Sat Apr 22 04:31:33 2023|main.py|INFO] EPOCH [50/120] Learning rate: 0.00229
[Sat Apr 22 04:32:14 2023|main.py|INFO] EPOCH [51/120] Train NME: 0.07470
[Sat Apr 22 04:32:20 2023|main.py|INFO] EPOCH [51/120] Test NME: 0.05568
[Sat Apr 22 04:32:20 2023|main.py|INFO] EPOCH [51/120] Learning rate: 0.00206
[Sat Apr 22 04:32:20 2023|main.py|INFO] EPOCH [51/120] NME improved from 0.05575 to 0.05568
[Sat Apr 22 04:32:20 2023|main.py|INFO] EPOCH [51/120] Saving model to: checkpoints/Cas_Stage2_noAug_MSE-S1_noAug_MSE-lr0.4g0.9_B2/2023-04-22_04-32-20_epoch_51_NME_0.05568.pth.tar
[Sat Apr 22 04:33:01 2023|main.py|INFO] EPOCH [52/120] Train NME: 0.07379
[Sat Apr 22 04:33:07 2023|main.py|INFO] EPOCH [52/120] Test NME: 0.05691
[Sat Apr 22 04:33:07 2023|main.py|INFO] EPOCH [52/120] Learning rate: 0.00186
[Sat Apr 22 04:33:48 2023|main.py|INFO] EPOCH [53/120] Train NME: 0.07382
[Sat Apr 22 04:33:53 2023|main.py|INFO] EPOCH [53/120] Test NME: 0.05824
[Sat Apr 22 04:33:53 2023|main.py|INFO] EPOCH [53/120] Learning rate: 0.00167
[Sat Apr 22 04:34:35 2023|main.py|INFO] EPOCH [54/120] Train NME: 0.07405
[Sat Apr 22 04:34:40 2023|main.py|INFO] EPOCH [54/120] Test NME: 0.05415
[Sat Apr 22 04:34:40 2023|main.py|INFO] EPOCH [54/120] Learning rate: 0.00150
[Sat Apr 22 04:34:40 2023|main.py|INFO] EPOCH [54/120] NME improved from 0.05568 to 0.05415
[Sat Apr 22 04:34:40 2023|main.py|INFO] EPOCH [54/120] Saving model to: checkpoints/Cas_Stage2_noAug_MSE-S1_noAug_MSE-lr0.4g0.9_B2/2023-04-22_04-34-40_epoch_54_NME_0.05415.pth.tar
[Sat Apr 22 04:35:22 2023|main.py|INFO] EPOCH [55/120] Train NME: 0.07407
[Sat Apr 22 04:35:27 2023|main.py|INFO] EPOCH [55/120] Test NME: 0.05570
[Sat Apr 22 04:35:27 2023|main.py|INFO] EPOCH [55/120] Learning rate: 0.00135
[Sat Apr 22 04:36:08 2023|main.py|INFO] EPOCH [56/120] Train NME: 0.07505
[Sat Apr 22 04:36:13 2023|main.py|INFO] EPOCH [56/120] Test NME: 0.05611
[Sat Apr 22 04:36:13 2023|main.py|INFO] EPOCH [56/120] Learning rate: 0.00122
[Sat Apr 22 04:36:54 2023|main.py|INFO] EPOCH [57/120] Train NME: 0.07352
[Sat Apr 22 04:37:00 2023|main.py|INFO] EPOCH [57/120] Test NME: 0.05764
[Sat Apr 22 04:37:00 2023|main.py|INFO] EPOCH [57/120] Learning rate: 0.00110
[Sat Apr 22 04:37:41 2023|main.py|INFO] EPOCH [58/120] Train NME: 0.07355
[Sat Apr 22 04:37:46 2023|main.py|INFO] EPOCH [58/120] Test NME: 0.05620
[Sat Apr 22 04:37:46 2023|main.py|INFO] EPOCH [58/120] Learning rate: 0.00099
[Sat Apr 22 04:38:27 2023|main.py|INFO] EPOCH [59/120] Train NME: 0.07287
[Sat Apr 22 04:38:33 2023|main.py|INFO] EPOCH [59/120] Test NME: 0.05452
[Sat Apr 22 04:38:33 2023|main.py|INFO] EPOCH [59/120] Learning rate: 0.00089
[Sat Apr 22 04:39:14 2023|main.py|INFO] EPOCH [60/120] Train NME: 0.07257
[Sat Apr 22 04:39:19 2023|main.py|INFO] EPOCH [60/120] Test NME: 0.05685
[Sat Apr 22 04:39:19 2023|main.py|INFO] EPOCH [60/120] Learning rate: 0.00080
[Sat Apr 22 04:40:00 2023|main.py|INFO] EPOCH [61/120] Train NME: 0.07344
[Sat Apr 22 04:40:06 2023|main.py|INFO] EPOCH [61/120] Test NME: 0.05791
[Sat Apr 22 04:40:06 2023|main.py|INFO] EPOCH [61/120] Learning rate: 0.00072
[Sat Apr 22 04:40:47 2023|main.py|INFO] EPOCH [62/120] Train NME: 0.07313
[Sat Apr 22 04:40:52 2023|main.py|INFO] EPOCH [62/120] Test NME: 0.05648
[Sat Apr 22 04:40:52 2023|main.py|INFO] EPOCH [62/120] Learning rate: 0.00065
[Sat Apr 22 04:41:33 2023|main.py|INFO] EPOCH [63/120] Train NME: 0.07365
[Sat Apr 22 04:41:38 2023|main.py|INFO] EPOCH [63/120] Test NME: 0.05912
[Sat Apr 22 04:41:38 2023|main.py|INFO] EPOCH [63/120] Learning rate: 0.00058
[Sat Apr 22 04:42:19 2023|main.py|INFO] EPOCH [64/120] Train NME: 0.07315
[Sat Apr 22 04:42:25 2023|main.py|INFO] EPOCH [64/120] Test NME: 0.05395
[Sat Apr 22 04:42:25 2023|main.py|INFO] EPOCH [64/120] Learning rate: 0.00052
[Sat Apr 22 04:42:25 2023|main.py|INFO] EPOCH [64/120] NME improved from 0.05415 to 0.05395
[Sat Apr 22 04:42:25 2023|main.py|INFO] EPOCH [64/120] Saving model to: checkpoints/Cas_Stage2_noAug_MSE-S1_noAug_MSE-lr0.4g0.9_B2/2023-04-22_04-42-25_epoch_64_NME_0.05395.pth.tar
[Sat Apr 22 04:43:06 2023|main.py|INFO] EPOCH [65/120] Train NME: 0.07426
[Sat Apr 22 04:43:12 2023|main.py|INFO] EPOCH [65/120] Test NME: 0.05622
[Sat Apr 22 04:43:12 2023|main.py|INFO] EPOCH [65/120] Learning rate: 0.00047
[Sat Apr 22 04:43:53 2023|main.py|INFO] EPOCH [66/120] Train NME: 0.07354
[Sat Apr 22 04:43:58 2023|main.py|INFO] EPOCH [66/120] Test NME: 0.05824
[Sat Apr 22 04:43:58 2023|main.py|INFO] EPOCH [66/120] Learning rate: 0.00042
[Sat Apr 22 04:44:39 2023|main.py|INFO] EPOCH [67/120] Train NME: 0.07341
[Sat Apr 22 04:44:45 2023|main.py|INFO] EPOCH [67/120] Test NME: 0.05521
[Sat Apr 22 04:44:45 2023|main.py|INFO] EPOCH [67/120] Learning rate: 0.00038
[Sat Apr 22 04:45:26 2023|main.py|INFO] EPOCH [68/120] Train NME: 0.07248
[Sat Apr 22 04:45:32 2023|main.py|INFO] EPOCH [68/120] Test NME: 0.05476
[Sat Apr 22 04:45:32 2023|main.py|INFO] EPOCH [68/120] Learning rate: 0.00034
[Sat Apr 22 04:46:13 2023|main.py|INFO] EPOCH [69/120] Train NME: 0.07361
[Sat Apr 22 04:46:18 2023|main.py|INFO] EPOCH [69/120] Test NME: 0.05456
[Sat Apr 22 04:46:18 2023|main.py|INFO] EPOCH [69/120] Learning rate: 0.00031
[Sat Apr 22 04:46:59 2023|main.py|INFO] EPOCH [70/120] Train NME: 0.07308
[Sat Apr 22 04:47:05 2023|main.py|INFO] EPOCH [70/120] Test NME: 0.05695
[Sat Apr 22 04:47:05 2023|main.py|INFO] EPOCH [70/120] Learning rate: 0.00028
[Sat Apr 22 04:47:46 2023|main.py|INFO] EPOCH [71/120] Train NME: 0.07383
[Sat Apr 22 04:47:51 2023|main.py|INFO] EPOCH [71/120] Test NME: 0.05758
[Sat Apr 22 04:47:51 2023|main.py|INFO] EPOCH [71/120] Learning rate: 0.00025
[Sat Apr 22 04:48:33 2023|main.py|INFO] EPOCH [72/120] Train NME: 0.07273
[Sat Apr 22 04:48:38 2023|main.py|INFO] EPOCH [72/120] Test NME: 0.05710
[Sat Apr 22 04:48:38 2023|main.py|INFO] EPOCH [72/120] Learning rate: 0.00023
[Sat Apr 22 04:49:19 2023|main.py|INFO] EPOCH [73/120] Train NME: 0.07333
[Sat Apr 22 04:49:25 2023|main.py|INFO] EPOCH [73/120] Test NME: 0.05842
[Sat Apr 22 04:49:25 2023|main.py|INFO] EPOCH [73/120] Learning rate: 0.00020
[Sat Apr 22 04:50:06 2023|main.py|INFO] EPOCH [74/120] Train NME: 0.07347
[Sat Apr 22 04:50:12 2023|main.py|INFO] EPOCH [74/120] Test NME: 0.05690
[Sat Apr 22 04:50:12 2023|main.py|INFO] EPOCH [74/120] Learning rate: 0.00018
[Sat Apr 22 04:50:54 2023|main.py|INFO] EPOCH [75/120] Train NME: 0.07393
[Sat Apr 22 04:51:00 2023|main.py|INFO] EPOCH [75/120] Test NME: 0.05513
[Sat Apr 22 04:51:00 2023|main.py|INFO] EPOCH [75/120] Learning rate: 0.00016
[Sat Apr 22 04:51:44 2023|main.py|INFO] EPOCH [76/120] Train NME: 0.07223
[Sat Apr 22 04:51:51 2023|main.py|INFO] EPOCH [76/120] Test NME: 0.05554
[Sat Apr 22 04:51:51 2023|main.py|INFO] EPOCH [76/120] Learning rate: 0.00015
[Sat Apr 22 04:52:43 2023|main.py|INFO] EPOCH [77/120] Train NME: 0.07309
[Sat Apr 22 04:52:49 2023|main.py|INFO] EPOCH [77/120] Test NME: 0.05602
[Sat Apr 22 04:52:49 2023|main.py|INFO] EPOCH [77/120] Learning rate: 0.00013
[Sat Apr 22 04:53:30 2023|main.py|INFO] EPOCH [78/120] Train NME: 0.07330
[Sat Apr 22 04:53:36 2023|main.py|INFO] EPOCH [78/120] Test NME: 0.05556
[Sat Apr 22 04:53:36 2023|main.py|INFO] EPOCH [78/120] Learning rate: 0.00012
[Sat Apr 22 04:54:20 2023|main.py|INFO] EPOCH [79/120] Train NME: 0.07400
[Sat Apr 22 04:54:26 2023|main.py|INFO] EPOCH [79/120] Test NME: 0.05505
[Sat Apr 22 04:54:26 2023|main.py|INFO] EPOCH [79/120] Learning rate: 0.00011
[Sat Apr 22 04:55:07 2023|main.py|INFO] EPOCH [80/120] Train NME: 0.07274
[Sat Apr 22 04:55:13 2023|main.py|INFO] EPOCH [80/120] Test NME: 0.05705
[Sat Apr 22 04:55:13 2023|main.py|INFO] EPOCH [80/120] Learning rate: 0.00010
[Sat Apr 22 04:55:54 2023|main.py|INFO] EPOCH [81/120] Train NME: 0.07267
[Sat Apr 22 04:56:01 2023|main.py|INFO] EPOCH [81/120] Test NME: 0.05564
[Sat Apr 22 04:56:01 2023|main.py|INFO] EPOCH [81/120] Learning rate: 0.00009
[Sat Apr 22 04:56:44 2023|main.py|INFO] EPOCH [82/120] Train NME: 0.07391
[Sat Apr 22 04:56:50 2023|main.py|INFO] EPOCH [82/120] Test NME: 0.05739
[Sat Apr 22 04:56:50 2023|main.py|INFO] EPOCH [82/120] Learning rate: 0.00008
[Sat Apr 22 04:57:31 2023|main.py|INFO] EPOCH [83/120] Train NME: 0.07219
[Sat Apr 22 04:57:36 2023|main.py|INFO] EPOCH [83/120] Test NME: 0.05728
[Sat Apr 22 04:57:36 2023|main.py|INFO] EPOCH [83/120] Learning rate: 0.00007
[Sat Apr 22 04:58:19 2023|main.py|INFO] EPOCH [84/120] Train NME: 0.07168
[Sat Apr 22 04:58:24 2023|main.py|INFO] EPOCH [84/120] Test NME: 0.05536
[Sat Apr 22 04:58:24 2023|main.py|INFO] EPOCH [84/120] Learning rate: 0.00006
[Sat Apr 22 04:59:05 2023|main.py|INFO] EPOCH [85/120] Train NME: 0.07360
[Sat Apr 22 04:59:10 2023|main.py|INFO] EPOCH [85/120] Test NME: 0.05613
[Sat Apr 22 04:59:10 2023|main.py|INFO] EPOCH [85/120] Learning rate: 0.00006
[Sat Apr 22 04:59:50 2023|main.py|INFO] EPOCH [86/120] Train NME: 0.07230
[Sat Apr 22 04:59:56 2023|main.py|INFO] EPOCH [86/120] Test NME: 0.05793
[Sat Apr 22 04:59:56 2023|main.py|INFO] EPOCH [86/120] Learning rate: 0.00005
[Sat Apr 22 05:00:36 2023|main.py|INFO] EPOCH [87/120] Train NME: 0.07329
[Sat Apr 22 05:00:42 2023|main.py|INFO] EPOCH [87/120] Test NME: 0.05782
[Sat Apr 22 05:00:42 2023|main.py|INFO] EPOCH [87/120] Learning rate: 0.00005
[Sat Apr 22 05:01:23 2023|main.py|INFO] EPOCH [88/120] Train NME: 0.07258
[Sat Apr 22 05:01:28 2023|main.py|INFO] EPOCH [88/120] Test NME: 0.05604
[Sat Apr 22 05:01:28 2023|main.py|INFO] EPOCH [88/120] Learning rate: 0.00004
[Sat Apr 22 05:02:08 2023|main.py|INFO] EPOCH [89/120] Train NME: 0.07217
[Sat Apr 22 05:02:13 2023|main.py|INFO] EPOCH [89/120] Test NME: 0.05461
[Sat Apr 22 05:02:13 2023|main.py|INFO] EPOCH [89/120] Learning rate: 0.00004
[Sat Apr 22 05:02:54 2023|main.py|INFO] EPOCH [90/120] Train NME: 0.07254
[Sat Apr 22 05:02:59 2023|main.py|INFO] EPOCH [90/120] Test NME: 0.05556
[Sat Apr 22 05:02:59 2023|main.py|INFO] EPOCH [90/120] Learning rate: 0.00003
[Sat Apr 22 05:03:39 2023|main.py|INFO] EPOCH [91/120] Train NME: 0.07258
[Sat Apr 22 05:03:45 2023|main.py|INFO] EPOCH [91/120] Test NME: 0.05788
[Sat Apr 22 05:03:45 2023|main.py|INFO] EPOCH [91/120] Learning rate: 0.00003
[Sat Apr 22 05:04:25 2023|main.py|INFO] EPOCH [92/120] Train NME: 0.07306
[Sat Apr 22 05:04:31 2023|main.py|INFO] EPOCH [92/120] Test NME: 0.05708
[Sat Apr 22 05:04:31 2023|main.py|INFO] EPOCH [92/120] Learning rate: 0.00003
[Sat Apr 22 05:05:11 2023|main.py|INFO] EPOCH [93/120] Train NME: 0.07234
[Sat Apr 22 05:05:16 2023|main.py|INFO] EPOCH [93/120] Test NME: 0.06422
[Sat Apr 22 05:05:16 2023|main.py|INFO] EPOCH [93/120] Learning rate: 0.00002
[Sat Apr 22 05:05:57 2023|main.py|INFO] EPOCH [94/120] Train NME: 0.07281
[Sat Apr 22 05:06:02 2023|main.py|INFO] EPOCH [94/120] Test NME: 0.05493
[Sat Apr 22 05:06:02 2023|main.py|INFO] EPOCH [94/120] Learning rate: 0.00002
[Sat Apr 22 05:06:43 2023|main.py|INFO] EPOCH [95/120] Train NME: 0.07222
[Sat Apr 22 05:06:48 2023|main.py|INFO] EPOCH [95/120] Test NME: 0.05754
[Sat Apr 22 05:06:48 2023|main.py|INFO] EPOCH [95/120] Learning rate: 0.00002
[Sat Apr 22 05:07:29 2023|main.py|INFO] EPOCH [96/120] Train NME: 0.07317
[Sat Apr 22 05:07:34 2023|main.py|INFO] EPOCH [96/120] Test NME: 0.05476
[Sat Apr 22 05:07:34 2023|main.py|INFO] EPOCH [96/120] Learning rate: 0.00002
[Sat Apr 22 05:08:14 2023|main.py|INFO] EPOCH [97/120] Train NME: 0.07335
[Sat Apr 22 05:08:20 2023|main.py|INFO] EPOCH [97/120] Test NME: 0.05464
[Sat Apr 22 05:08:20 2023|main.py|INFO] EPOCH [97/120] Learning rate: 0.00002
[Sat Apr 22 05:09:00 2023|main.py|INFO] EPOCH [98/120] Train NME: 0.07265
[Sat Apr 22 05:09:05 2023|main.py|INFO] EPOCH [98/120] Test NME: 0.05427
[Sat Apr 22 05:09:05 2023|main.py|INFO] EPOCH [98/120] Learning rate: 0.00001
[Sat Apr 22 05:09:46 2023|main.py|INFO] EPOCH [99/120] Train NME: 0.07271
[Sat Apr 22 05:09:51 2023|main.py|INFO] EPOCH [99/120] Test NME: 0.05632
[Sat Apr 22 05:09:51 2023|main.py|INFO] EPOCH [99/120] Learning rate: 0.00001
[Sat Apr 22 05:10:32 2023|main.py|INFO] EPOCH [100/120] Train NME: 0.07239
[Sat Apr 22 05:10:37 2023|main.py|INFO] EPOCH [100/120] Test NME: 0.05973
[Sat Apr 22 05:10:37 2023|main.py|INFO] EPOCH [100/120] Learning rate: 0.00001
[Sat Apr 22 05:11:17 2023|main.py|INFO] EPOCH [101/120] Train NME: 0.07257
[Sat Apr 22 05:11:23 2023|main.py|INFO] EPOCH [101/120] Test NME: 0.05763
[Sat Apr 22 05:11:23 2023|main.py|INFO] EPOCH [101/120] Learning rate: 0.00001
[Sat Apr 22 05:12:03 2023|main.py|INFO] EPOCH [102/120] Train NME: 0.07318
[Sat Apr 22 05:12:09 2023|main.py|INFO] EPOCH [102/120] Test NME: 0.05459
[Sat Apr 22 05:12:09 2023|main.py|INFO] EPOCH [102/120] Learning rate: 0.00001
[Sat Apr 22 05:12:49 2023|main.py|INFO] EPOCH [103/120] Train NME: 0.07280
[Sat Apr 22 05:12:54 2023|main.py|INFO] EPOCH [103/120] Test NME: 0.05597
[Sat Apr 22 05:12:54 2023|main.py|INFO] EPOCH [103/120] Learning rate: 0.00001
[Sat Apr 22 05:13:35 2023|main.py|INFO] EPOCH [104/120] Train NME: 0.07222
[Sat Apr 22 05:13:40 2023|main.py|INFO] EPOCH [104/120] Test NME: 0.05531
[Sat Apr 22 05:13:40 2023|main.py|INFO] EPOCH [104/120] Learning rate: 0.00001
[Sat Apr 22 05:14:21 2023|main.py|INFO] EPOCH [105/120] Train NME: 0.07235
[Sat Apr 22 05:14:26 2023|main.py|INFO] EPOCH [105/120] Test NME: 0.05517
[Sat Apr 22 05:14:26 2023|main.py|INFO] EPOCH [105/120] Learning rate: 0.00001
[Sat Apr 22 05:15:06 2023|main.py|INFO] EPOCH [106/120] Train NME: 0.07340
[Sat Apr 22 05:15:12 2023|main.py|INFO] EPOCH [106/120] Test NME: 0.05489
[Sat Apr 22 05:15:12 2023|main.py|INFO] EPOCH [106/120] Learning rate: 0.00001
[Sat Apr 22 05:15:52 2023|main.py|INFO] EPOCH [107/120] Train NME: 0.07272
[Sat Apr 22 05:15:58 2023|main.py|INFO] EPOCH [107/120] Test NME: 0.05670
[Sat Apr 22 05:15:58 2023|main.py|INFO] EPOCH [107/120] Learning rate: 0.00001
[Sat Apr 22 05:16:38 2023|main.py|INFO] EPOCH [108/120] Train NME: 0.07295
[Sat Apr 22 05:16:44 2023|main.py|INFO] EPOCH [108/120] Test NME: 0.05717
[Sat Apr 22 05:16:44 2023|main.py|INFO] EPOCH [108/120] Learning rate: 0.00001
[Sat Apr 22 05:17:24 2023|main.py|INFO] EPOCH [109/120] Train NME: 0.07236
[Sat Apr 22 05:17:29 2023|main.py|INFO] EPOCH [109/120] Test NME: 0.05645
[Sat Apr 22 05:17:29 2023|main.py|INFO] EPOCH [109/120] Learning rate: 0.00000
[Sat Apr 22 05:18:10 2023|main.py|INFO] EPOCH [110/120] Train NME: 0.07274
[Sat Apr 22 05:18:15 2023|main.py|INFO] EPOCH [110/120] Test NME: 0.05479
[Sat Apr 22 05:18:15 2023|main.py|INFO] EPOCH [110/120] Learning rate: 0.00000
[Sat Apr 22 05:18:56 2023|main.py|INFO] EPOCH [111/120] Train NME: 0.07227
[Sat Apr 22 05:19:01 2023|main.py|INFO] EPOCH [111/120] Test NME: 0.05541
[Sat Apr 22 05:19:01 2023|main.py|INFO] EPOCH [111/120] Learning rate: 0.00000
[Sat Apr 22 05:19:42 2023|main.py|INFO] EPOCH [112/120] Train NME: 0.07272
[Sat Apr 22 05:19:47 2023|main.py|INFO] EPOCH [112/120] Test NME: 0.05553
[Sat Apr 22 05:19:47 2023|main.py|INFO] EPOCH [112/120] Learning rate: 0.00000
[Sat Apr 22 05:20:28 2023|main.py|INFO] EPOCH [113/120] Train NME: 0.07322
[Sat Apr 22 05:20:33 2023|main.py|INFO] EPOCH [113/120] Test NME: 0.05710
[Sat Apr 22 05:20:33 2023|main.py|INFO] EPOCH [113/120] Learning rate: 0.00000
[Sat Apr 22 05:21:14 2023|main.py|INFO] EPOCH [114/120] Train NME: 0.07319
[Sat Apr 22 05:21:20 2023|main.py|INFO] EPOCH [114/120] Test NME: 0.05957
[Sat Apr 22 05:21:20 2023|main.py|INFO] EPOCH [114/120] Learning rate: 0.00000
[Sat Apr 22 05:22:00 2023|main.py|INFO] EPOCH [115/120] Train NME: 0.07278
[Sat Apr 22 05:22:05 2023|main.py|INFO] EPOCH [115/120] Test NME: 0.05440
[Sat Apr 22 05:22:05 2023|main.py|INFO] EPOCH [115/120] Learning rate: 0.00000
[Sat Apr 22 05:22:46 2023|main.py|INFO] EPOCH [116/120] Train NME: 0.07270
[Sat Apr 22 05:22:51 2023|main.py|INFO] EPOCH [116/120] Test NME: 0.05626
[Sat Apr 22 05:22:51 2023|main.py|INFO] EPOCH [116/120] Learning rate: 0.00000
[Sat Apr 22 05:23:32 2023|main.py|INFO] EPOCH [117/120] Train NME: 0.07216
[Sat Apr 22 05:23:37 2023|main.py|INFO] EPOCH [117/120] Test NME: 0.05826
[Sat Apr 22 05:23:37 2023|main.py|INFO] EPOCH [117/120] Learning rate: 0.00000
[Sat Apr 22 05:24:18 2023|main.py|INFO] EPOCH [118/120] Train NME: 0.07239
[Sat Apr 22 05:24:24 2023|main.py|INFO] EPOCH [118/120] Test NME: 0.05530
[Sat Apr 22 05:24:24 2023|main.py|INFO] EPOCH [118/120] Learning rate: 0.00000
[Sat Apr 22 05:25:04 2023|main.py|INFO] EPOCH [119/120] Train NME: 0.07210
[Sat Apr 22 05:25:10 2023|main.py|INFO] EPOCH [119/120] Test NME: 0.05693
[Sat Apr 22 05:25:10 2023|main.py|INFO] EPOCH [119/120] Learning rate: 0.00000
[Sat Apr 22 05:25:50 2023|main.py|INFO] EPOCH [120/120] Train NME: 0.07272
[Sat Apr 22 05:25:56 2023|main.py|INFO] EPOCH [120/120] Test NME: 0.05589
[Sat Apr 22 05:25:56 2023|main.py|INFO] EPOCH [120/120] Learning rate: 0.00000
