[Fri Apr 21 16:22:46 2023|main.py|INFO] Task: Cas_Stage1_Aug_Wing_lr0.5_B4
[Fri Apr 21 16:22:46 2023|main.py|INFO] Training cascade stage 1
[Fri Apr 21 16:22:46 2023|main.py|INFO] Using device: cuda
[Fri Apr 21 16:22:46 2023|main.py|INFO] Using config: config\Cas_Stage1_Aug_Wing\Cas_Stage1_Aug_Wing_lr0.5_B4.yaml
[Fri Apr 21 16:22:46 2023|main.py|INFO] Train path: data/training_images_full_train.npz
[Fri Apr 21 16:22:46 2023|main.py|INFO] Train path 2: data/training_images_subset.npz
[Fri Apr 21 16:22:46 2023|main.py|INFO] Test path: data/training_images_full_test.npz
[Fri Apr 21 16:22:46 2023|main.py|INFO] Train augment: True
[Fri Apr 21 16:22:46 2023|main.py|INFO] Learning rate: 0.5
[Fri Apr 21 16:22:46 2023|main.py|INFO] Batch size: 4
[Fri Apr 21 16:22:46 2023|main.py|INFO] Num epochs: 100
[Fri Apr 21 16:22:46 2023|main.py|INFO] Save model: True
[Fri Apr 21 16:22:46 2023|main.py|INFO] Loss: Wing
[Fri Apr 21 16:22:46 2023|main.py|INFO] Log path: logs/Cas_Stage1_Aug_Wing_lr0.5_B4/2023-04-21_16-22-46.log
[Fri Apr 21 16:22:46 2023|main.py|INFO] Writer path: runs/Cas_Stage1_Aug_Wing_lr0.5_B4/2023-04-21_16-22-46
[Fri Apr 21 16:22:46 2023|main.py|INFO] Model name: resnet18
[Fri Apr 21 16:22:46 2023|main.py|INFO] Num outputs: 10
[Fri Apr 21 16:22:46 2023|main.py|INFO] Pretrained: True
[Fri Apr 21 16:22:46 2023|main.py|INFO] Load model: False
[Fri Apr 21 16:22:46 2023|main.py|INFO] Load path: None
[Fri Apr 21 16:22:46 2023|main.py|INFO] Loading data...
[Fri Apr 21 16:22:46 2023|main.py|INFO] Load dataset for cascade stage 1
[Fri Apr 21 16:22:50 2023|main.py|INFO] Initializing network resnet18 with 10 outputs...
[Fri Apr 21 16:22:50 2023|main.py|INFO] Network: ResNet(
  (conv1): Conv2d(3, 64, kernel_size=(7, 7), stride=(2, 2), padding=(3, 3), bias=False)
  (bn1): BatchNorm2d(64, eps=1e-05, momentum=0.1, affine=True, track_running_stats=True)
  (relu): ReLU(inplace=True)
  (maxpool): MaxPool2d(kernel_size=3, stride=2, padding=1, dilation=1, ceil_mode=False)
  (layer1): Sequential(
    (0): BasicBlock(
      (conv1): Conv2d(64, 64, kernel_size=(3, 3), stride=(1, 1), padding=(1, 1), bias=False)
      (bn1): BatchNorm2d(64, eps=1e-05, momentum=0.1, affine=True, track_running_stats=True)
      (relu): ReLU(inplace=True)
      (conv2): Conv2d(64, 64, kernel_size=(3, 3), stride=(1, 1), padding=(1, 1), bias=False)
      (bn2): BatchNorm2d(64, eps=1e-05, momentum=0.1, affine=True, track_running_stats=True)
    )
    (1): BasicBlock(
      (conv1): Conv2d(64, 64, kernel_size=(3, 3), stride=(1, 1), padding=(1, 1), bias=False)
      (bn1): BatchNorm2d(64, eps=1e-05, momentum=0.1, affine=True, track_running_stats=True)
      (relu): ReLU(inplace=True)
      (conv2): Conv2d(64, 64, kernel_size=(3, 3), stride=(1, 1), padding=(1, 1), bias=False)
      (bn2): BatchNorm2d(64, eps=1e-05, momentum=0.1, affine=True, track_running_stats=True)
    )
  )
  (layer2): Sequential(
    (0): BasicBlock(
      (conv1): Conv2d(64, 128, kernel_size=(3, 3), stride=(2, 2), padding=(1, 1), bias=False)
      (bn1): BatchNorm2d(128, eps=1e-05, momentum=0.1, affine=True, track_running_stats=True)
      (relu): ReLU(inplace=True)
      (conv2): Conv2d(128, 128, kernel_size=(3, 3), stride=(1, 1), padding=(1, 1), bias=False)
      (bn2): BatchNorm2d(128, eps=1e-05, momentum=0.1, affine=True, track_running_stats=True)
      (downsample): Sequential(
        (0): Conv2d(64, 128, kernel_size=(1, 1), stride=(2, 2), bias=False)
        (1): BatchNorm2d(128, eps=1e-05, momentum=0.1, affine=True, track_running_stats=True)
      )
    )
    (1): BasicBlock(
      (conv1): Conv2d(128, 128, kernel_size=(3, 3), stride=(1, 1), padding=(1, 1), bias=False)
      (bn1): BatchNorm2d(128, eps=1e-05, momentum=0.1, affine=True, track_running_stats=True)
      (relu): ReLU(inplace=True)
      (conv2): Conv2d(128, 128, kernel_size=(3, 3), stride=(1, 1), padding=(1, 1), bias=False)
      (bn2): BatchNorm2d(128, eps=1e-05, momentum=0.1, affine=True, track_running_stats=True)
    )
  )
  (layer3): Sequential(
    (0): BasicBlock(
      (conv1): Conv2d(128, 256, kernel_size=(3, 3), stride=(2, 2), padding=(1, 1), bias=False)
      (bn1): BatchNorm2d(256, eps=1e-05, momentum=0.1, affine=True, track_running_stats=True)
      (relu): ReLU(inplace=True)
      (conv2): Conv2d(256, 256, kernel_size=(3, 3), stride=(1, 1), padding=(1, 1), bias=False)
      (bn2): BatchNorm2d(256, eps=1e-05, momentum=0.1, affine=True, track_running_stats=True)
      (downsample): Sequential(
        (0): Conv2d(128, 256, kernel_size=(1, 1), stride=(2, 2), bias=False)
        (1): BatchNorm2d(256, eps=1e-05, momentum=0.1, affine=True, track_running_stats=True)
      )
    )
    (1): BasicBlock(
      (conv1): Conv2d(256, 256, kernel_size=(3, 3), stride=(1, 1), padding=(1, 1), bias=False)
      (bn1): BatchNorm2d(256, eps=1e-05, momentum=0.1, affine=True, track_running_stats=True)
      (relu): ReLU(inplace=True)
      (conv2): Conv2d(256, 256, kernel_size=(3, 3), stride=(1, 1), padding=(1, 1), bias=False)
      (bn2): BatchNorm2d(256, eps=1e-05, momentum=0.1, affine=True, track_running_stats=True)
    )
  )
  (layer4): Sequential(
    (0): BasicBlock(
      (conv1): Conv2d(256, 512, kernel_size=(3, 3), stride=(2, 2), padding=(1, 1), bias=False)
      (bn1): BatchNorm2d(512, eps=1e-05, momentum=0.1, affine=True, track_running_stats=True)
      (relu): ReLU(inplace=True)
      (conv2): Conv2d(512, 512, kernel_size=(3, 3), stride=(1, 1), padding=(1, 1), bias=False)
      (bn2): BatchNorm2d(512, eps=1e-05, momentum=0.1, affine=True, track_running_stats=True)
      (downsample): Sequential(
        (0): Conv2d(256, 512, kernel_size=(1, 1), stride=(2, 2), bias=False)
        (1): BatchNorm2d(512, eps=1e-05, momentum=0.1, affine=True, track_running_stats=True)
      )
    )
    (1): BasicBlock(
      (conv1): Conv2d(512, 512, kernel_size=(3, 3), stride=(1, 1), padding=(1, 1), bias=False)
      (bn1): BatchNorm2d(512, eps=1e-05, momentum=0.1, affine=True, track_running_stats=True)
      (relu): ReLU(inplace=True)
      (conv2): Conv2d(512, 512, kernel_size=(3, 3), stride=(1, 1), padding=(1, 1), bias=False)
      (bn2): BatchNorm2d(512, eps=1e-05, momentum=0.1, affine=True, track_running_stats=True)
    )
  )
  (avgpool): AdaptiveAvgPool2d(output_size=(1, 1))
  (fc): Linear(in_features=512, out_features=10, bias=True)
)
[Fri Apr 21 16:22:50 2023|main.py|INFO] Initializing loss and optimizer...
[Fri Apr 21 16:22:50 2023|main.py|INFO] Loss: Wing
[Fri Apr 21 16:22:50 2023|main.py|INFO] Optimizer: Adam
[Fri Apr 21 16:22:50 2023|main.py|INFO] Initializing tensorboard writer at: runs/Cas_Stage1_Aug_Wing_lr0.5_B4/2023-04-21_16-22-46
[Fri Apr 21 16:22:50 2023|main.py|INFO] Training network...
[Fri Apr 21 16:38:58 2023|main.py|INFO] EPOCH [1/100] Train NME: 0.27559
[Fri Apr 21 16:38:59 2023|main.py|INFO] EPOCH [1/100] Test NME: 0.29142
[Fri Apr 21 16:38:59 2023|main.py|INFO] EPOCH [1/100] Learning rate: 0.50000
[Fri Apr 21 16:38:59 2023|main.py|INFO] EPOCH [1/100] NME improved from 1000.00000 to 0.29142
[Fri Apr 21 16:38:59 2023|main.py|INFO] EPOCH [1/100] Saving model to: checkpoints/Cas_Stage1_Aug_Wing_lr0.5_B4/2023-04-21_16-38-59_epoch_1_NME_0.29142.pth.tar
[Fri Apr 21 16:53:50 2023|main.py|INFO] EPOCH [2/100] Train NME: 0.21514
[Fri Apr 21 16:53:51 2023|main.py|INFO] EPOCH [2/100] Test NME: 0.24543
[Fri Apr 21 16:53:51 2023|main.py|INFO] EPOCH [2/100] Learning rate: 0.40000
[Fri Apr 21 16:53:51 2023|main.py|INFO] EPOCH [2/100] NME improved from 0.29142 to 0.24543
[Fri Apr 21 16:53:51 2023|main.py|INFO] EPOCH [2/100] Saving model to: checkpoints/Cas_Stage1_Aug_Wing_lr0.5_B4/2023-04-21_16-53-51_epoch_2_NME_0.24543.pth.tar
[Fri Apr 21 17:09:29 2023|main.py|INFO] EPOCH [3/100] Train NME: 0.18816
[Fri Apr 21 17:09:30 2023|main.py|INFO] EPOCH [3/100] Test NME: 0.16598
[Fri Apr 21 17:09:30 2023|main.py|INFO] EPOCH [3/100] Learning rate: 0.32000
[Fri Apr 21 17:09:30 2023|main.py|INFO] EPOCH [3/100] NME improved from 0.24543 to 0.16598
[Fri Apr 21 17:09:30 2023|main.py|INFO] EPOCH [3/100] Saving model to: checkpoints/Cas_Stage1_Aug_Wing_lr0.5_B4/2023-04-21_17-09-30_epoch_3_NME_0.16598.pth.tar
[Fri Apr 21 17:25:05 2023|main.py|INFO] EPOCH [4/100] Train NME: 0.17264
[Fri Apr 21 17:25:06 2023|main.py|INFO] EPOCH [4/100] Test NME: 0.18917
[Fri Apr 21 17:25:06 2023|main.py|INFO] EPOCH [4/100] Learning rate: 0.25600
[Fri Apr 21 17:39:45 2023|main.py|INFO] EPOCH [5/100] Train NME: 0.16424
[Fri Apr 21 17:39:46 2023|main.py|INFO] EPOCH [5/100] Test NME: 0.18936
[Fri Apr 21 17:39:46 2023|main.py|INFO] EPOCH [5/100] Learning rate: 0.20480
[Fri Apr 21 17:53:36 2023|main.py|INFO] EPOCH [6/100] Train NME: 0.16023
[Fri Apr 21 17:53:37 2023|main.py|INFO] EPOCH [6/100] Test NME: 0.16352
[Fri Apr 21 17:53:37 2023|main.py|INFO] EPOCH [6/100] Learning rate: 0.16384
[Fri Apr 21 17:53:37 2023|main.py|INFO] EPOCH [6/100] NME improved from 0.16598 to 0.16352
[Fri Apr 21 17:53:37 2023|main.py|INFO] EPOCH [6/100] Saving model to: checkpoints/Cas_Stage1_Aug_Wing_lr0.5_B4/2023-04-21_17-53-37_epoch_6_NME_0.16352.pth.tar
[Fri Apr 21 18:08:10 2023|main.py|INFO] EPOCH [7/100] Train NME: 0.15812
[Fri Apr 21 18:08:11 2023|main.py|INFO] EPOCH [7/100] Test NME: 0.16114
[Fri Apr 21 18:08:11 2023|main.py|INFO] EPOCH [7/100] Learning rate: 0.13107
[Fri Apr 21 18:08:11 2023|main.py|INFO] EPOCH [7/100] NME improved from 0.16352 to 0.16114
[Fri Apr 21 18:08:11 2023|main.py|INFO] EPOCH [7/100] Saving model to: checkpoints/Cas_Stage1_Aug_Wing_lr0.5_B4/2023-04-21_18-08-11_epoch_7_NME_0.16114.pth.tar
[Fri Apr 21 18:22:33 2023|main.py|INFO] EPOCH [8/100] Train NME: 0.15038
[Fri Apr 21 18:22:34 2023|main.py|INFO] EPOCH [8/100] Test NME: 0.14534
[Fri Apr 21 18:22:34 2023|main.py|INFO] EPOCH [8/100] Learning rate: 0.10486
[Fri Apr 21 18:22:34 2023|main.py|INFO] EPOCH [8/100] NME improved from 0.16114 to 0.14534
[Fri Apr 21 18:22:34 2023|main.py|INFO] EPOCH [8/100] Saving model to: checkpoints/Cas_Stage1_Aug_Wing_lr0.5_B4/2023-04-21_18-22-34_epoch_8_NME_0.14534.pth.tar
[Fri Apr 21 18:36:33 2023|main.py|INFO] EPOCH [9/100] Train NME: 0.14840
[Fri Apr 21 18:36:34 2023|main.py|INFO] EPOCH [9/100] Test NME: 0.15153
[Fri Apr 21 18:36:34 2023|main.py|INFO] EPOCH [9/100] Learning rate: 0.08389
[Fri Apr 21 18:49:57 2023|main.py|INFO] EPOCH [10/100] Train NME: 0.14664
[Fri Apr 21 18:49:58 2023|main.py|INFO] EPOCH [10/100] Test NME: 0.15287
[Fri Apr 21 18:49:58 2023|main.py|INFO] EPOCH [10/100] Learning rate: 0.06711
[Fri Apr 21 19:25:41 2023|main.py|INFO] EPOCH [11/100] Train NME: 0.14300
[Fri Apr 21 19:25:43 2023|main.py|INFO] EPOCH [11/100] Test NME: 0.15584
[Fri Apr 21 19:25:43 2023|main.py|INFO] EPOCH [11/100] Learning rate: 0.05369
[Fri Apr 21 19:50:17 2023|main.py|INFO] EPOCH [12/100] Train NME: 0.14181
[Fri Apr 21 19:50:19 2023|main.py|INFO] EPOCH [12/100] Test NME: 0.14317
[Fri Apr 21 19:50:19 2023|main.py|INFO] EPOCH [12/100] Learning rate: 0.04295
[Fri Apr 21 19:50:19 2023|main.py|INFO] EPOCH [12/100] NME improved from 0.14534 to 0.14317
[Fri Apr 21 19:50:19 2023|main.py|INFO] EPOCH [12/100] Saving model to: checkpoints/Cas_Stage1_Aug_Wing_lr0.5_B4/2023-04-21_19-50-19_epoch_12_NME_0.14317.pth.tar
[Fri Apr 21 20:16:04 2023|main.py|INFO] EPOCH [13/100] Train NME: 0.14257
[Fri Apr 21 20:16:06 2023|main.py|INFO] EPOCH [13/100] Test NME: 0.14796
[Fri Apr 21 20:16:06 2023|main.py|INFO] EPOCH [13/100] Learning rate: 0.03436
[Fri Apr 21 20:39:38 2023|main.py|INFO] EPOCH [14/100] Train NME: 0.14116
[Fri Apr 21 20:39:40 2023|main.py|INFO] EPOCH [14/100] Test NME: 0.15494
[Fri Apr 21 20:39:40 2023|main.py|INFO] EPOCH [14/100] Learning rate: 0.02749
[Fri Apr 21 21:00:45 2023|main.py|INFO] EPOCH [15/100] Train NME: 0.14154
[Fri Apr 21 21:00:46 2023|main.py|INFO] EPOCH [15/100] Test NME: 0.14881
[Fri Apr 21 21:00:46 2023|main.py|INFO] EPOCH [15/100] Learning rate: 0.02199
[Fri Apr 21 21:14:23 2023|main.py|INFO] EPOCH [16/100] Train NME: 0.14008
[Fri Apr 21 21:14:25 2023|main.py|INFO] EPOCH [16/100] Test NME: 0.14449
[Fri Apr 21 21:14:25 2023|main.py|INFO] EPOCH [16/100] Learning rate: 0.01759
[Fri Apr 21 21:41:03 2023|main.py|INFO] EPOCH [17/100] Train NME: 0.13721
[Fri Apr 21 21:41:05 2023|main.py|INFO] EPOCH [17/100] Test NME: 0.14279
[Fri Apr 21 21:41:05 2023|main.py|INFO] EPOCH [17/100] Learning rate: 0.01407
[Fri Apr 21 21:41:05 2023|main.py|INFO] EPOCH [17/100] NME improved from 0.14317 to 0.14279
[Fri Apr 21 21:41:05 2023|main.py|INFO] EPOCH [17/100] Saving model to: checkpoints/Cas_Stage1_Aug_Wing_lr0.5_B4/2023-04-21_21-41-05_epoch_17_NME_0.14279.pth.tar
[Fri Apr 21 22:06:44 2023|main.py|INFO] EPOCH [18/100] Train NME: 0.13599
[Fri Apr 21 22:06:45 2023|main.py|INFO] EPOCH [18/100] Test NME: 0.14447
[Fri Apr 21 22:06:45 2023|main.py|INFO] EPOCH [18/100] Learning rate: 0.01126
[Fri Apr 21 22:31:42 2023|main.py|INFO] EPOCH [19/100] Train NME: 0.13525
[Fri Apr 21 22:31:44 2023|main.py|INFO] EPOCH [19/100] Test NME: 0.14937
[Fri Apr 21 22:31:44 2023|main.py|INFO] EPOCH [19/100] Learning rate: 0.00901
[Fri Apr 21 22:57:37 2023|main.py|INFO] EPOCH [20/100] Train NME: 0.13345
[Fri Apr 21 22:57:38 2023|main.py|INFO] EPOCH [20/100] Test NME: 0.14790
[Fri Apr 21 22:57:38 2023|main.py|INFO] EPOCH [20/100] Learning rate: 0.00721
[Fri Apr 21 23:24:36 2023|main.py|INFO] EPOCH [21/100] Train NME: 0.13357
[Fri Apr 21 23:24:38 2023|main.py|INFO] EPOCH [21/100] Test NME: 0.15115
[Fri Apr 21 23:24:38 2023|main.py|INFO] EPOCH [21/100] Learning rate: 0.00576
[Fri Apr 21 23:49:58 2023|main.py|INFO] EPOCH [22/100] Train NME: 0.13292
[Fri Apr 21 23:49:59 2023|main.py|INFO] EPOCH [22/100] Test NME: 0.14175
[Fri Apr 21 23:49:59 2023|main.py|INFO] EPOCH [22/100] Learning rate: 0.00461
[Fri Apr 21 23:49:59 2023|main.py|INFO] EPOCH [22/100] NME improved from 0.14279 to 0.14175
[Fri Apr 21 23:49:59 2023|main.py|INFO] EPOCH [22/100] Saving model to: checkpoints/Cas_Stage1_Aug_Wing_lr0.5_B4/2023-04-21_23-49-59_epoch_22_NME_0.14175.pth.tar
[Sat Apr 22 00:15:28 2023|main.py|INFO] EPOCH [23/100] Train NME: 0.13224
[Sat Apr 22 00:15:29 2023|main.py|INFO] EPOCH [23/100] Test NME: 0.14966
[Sat Apr 22 00:15:29 2023|main.py|INFO] EPOCH [23/100] Learning rate: 0.00369
[Sat Apr 22 00:34:47 2023|main.py|INFO] EPOCH [24/100] Train NME: 0.13213
[Sat Apr 22 00:34:49 2023|main.py|INFO] EPOCH [24/100] Test NME: 0.14975
[Sat Apr 22 00:34:49 2023|main.py|INFO] EPOCH [24/100] Learning rate: 0.00295
[Sat Apr 22 01:00:21 2023|main.py|INFO] EPOCH [25/100] Train NME: 0.13239
[Sat Apr 22 01:00:23 2023|main.py|INFO] EPOCH [25/100] Test NME: 0.14721
[Sat Apr 22 01:00:23 2023|main.py|INFO] EPOCH [25/100] Learning rate: 0.00236
[Sat Apr 22 01:25:54 2023|main.py|INFO] EPOCH [26/100] Train NME: 0.13206
[Sat Apr 22 01:25:55 2023|main.py|INFO] EPOCH [26/100] Test NME: 0.14952
[Sat Apr 22 01:25:55 2023|main.py|INFO] EPOCH [26/100] Learning rate: 0.00189
[Sat Apr 22 01:53:37 2023|main.py|INFO] EPOCH [27/100] Train NME: 0.13140
[Sat Apr 22 01:53:38 2023|main.py|INFO] EPOCH [27/100] Test NME: 0.14728
[Sat Apr 22 01:53:38 2023|main.py|INFO] EPOCH [27/100] Learning rate: 0.00151
[Sat Apr 22 02:11:10 2023|main.py|INFO] EPOCH [28/100] Train NME: 0.13163
[Sat Apr 22 02:11:12 2023|main.py|INFO] EPOCH [28/100] Test NME: 0.14657
[Sat Apr 22 02:11:12 2023|main.py|INFO] EPOCH [28/100] Learning rate: 0.00121
[Sat Apr 22 02:35:48 2023|main.py|INFO] EPOCH [29/100] Train NME: 0.13156
[Sat Apr 22 02:35:49 2023|main.py|INFO] EPOCH [29/100] Test NME: 0.14461
[Sat Apr 22 02:35:49 2023|main.py|INFO] EPOCH [29/100] Learning rate: 0.00097
[Sat Apr 22 03:00:48 2023|main.py|INFO] EPOCH [30/100] Train NME: 0.13131
[Sat Apr 22 03:00:49 2023|main.py|INFO] EPOCH [30/100] Test NME: 0.14331
[Sat Apr 22 03:00:49 2023|main.py|INFO] EPOCH [30/100] Learning rate: 0.00077
[Sat Apr 22 03:26:08 2023|main.py|INFO] EPOCH [31/100] Train NME: 0.13135
[Sat Apr 22 03:26:09 2023|main.py|INFO] EPOCH [31/100] Test NME: 0.14344
[Sat Apr 22 03:26:09 2023|main.py|INFO] EPOCH [31/100] Learning rate: 0.00062
[Sat Apr 22 03:47:33 2023|main.py|INFO] EPOCH [32/100] Train NME: 0.13202
[Sat Apr 22 03:47:34 2023|main.py|INFO] EPOCH [32/100] Test NME: 0.14613
[Sat Apr 22 03:47:34 2023|main.py|INFO] EPOCH [32/100] Learning rate: 0.00050
[Sat Apr 22 04:06:35 2023|main.py|INFO] EPOCH [33/100] Train NME: 0.13161
[Sat Apr 22 04:06:37 2023|main.py|INFO] EPOCH [33/100] Test NME: 0.14304
[Sat Apr 22 04:06:37 2023|main.py|INFO] EPOCH [33/100] Learning rate: 0.00040
[Sat Apr 22 04:32:05 2023|main.py|INFO] EPOCH [34/100] Train NME: 0.13191
[Sat Apr 22 04:32:06 2023|main.py|INFO] EPOCH [34/100] Test NME: 0.14460
[Sat Apr 22 04:32:06 2023|main.py|INFO] EPOCH [34/100] Learning rate: 0.00032
[Sat Apr 22 04:58:09 2023|main.py|INFO] EPOCH [35/100] Train NME: 0.13141
[Sat Apr 22 04:58:11 2023|main.py|INFO] EPOCH [35/100] Test NME: 0.13636
[Sat Apr 22 04:58:11 2023|main.py|INFO] EPOCH [35/100] Learning rate: 0.00025
[Sat Apr 22 04:58:11 2023|main.py|INFO] EPOCH [35/100] NME improved from 0.14175 to 0.13636
[Sat Apr 22 04:58:11 2023|main.py|INFO] EPOCH [35/100] Saving model to: checkpoints/Cas_Stage1_Aug_Wing_lr0.5_B4/2023-04-22_04-58-11_epoch_35_NME_0.13636.pth.tar
[Sat Apr 22 05:23:44 2023|main.py|INFO] EPOCH [36/100] Train NME: 0.13139
[Sat Apr 22 05:23:46 2023|main.py|INFO] EPOCH [36/100] Test NME: 0.14490
[Sat Apr 22 05:23:46 2023|main.py|INFO] EPOCH [36/100] Learning rate: 0.00020
[Sat Apr 22 05:38:14 2023|main.py|INFO] EPOCH [37/100] Train NME: 0.13152
[Sat Apr 22 05:38:15 2023|main.py|INFO] EPOCH [37/100] Test NME: 0.14733
[Sat Apr 22 05:38:15 2023|main.py|INFO] EPOCH [37/100] Learning rate: 0.00016
[Sat Apr 22 05:51:00 2023|main.py|INFO] EPOCH [38/100] Train NME: 0.13108
[Sat Apr 22 05:51:01 2023|main.py|INFO] EPOCH [38/100] Test NME: 0.14366
[Sat Apr 22 05:51:01 2023|main.py|INFO] EPOCH [38/100] Learning rate: 0.00013
[Sat Apr 22 06:03:48 2023|main.py|INFO] EPOCH [39/100] Train NME: 0.13161
[Sat Apr 22 06:03:49 2023|main.py|INFO] EPOCH [39/100] Test NME: 0.13926
[Sat Apr 22 06:03:49 2023|main.py|INFO] EPOCH [39/100] Learning rate: 0.00010
[Sat Apr 22 06:16:59 2023|main.py|INFO] EPOCH [40/100] Train NME: 0.13126
[Sat Apr 22 06:17:00 2023|main.py|INFO] EPOCH [40/100] Test NME: 0.14159
[Sat Apr 22 06:17:00 2023|main.py|INFO] EPOCH [40/100] Learning rate: 0.00008
[Sat Apr 22 06:30:18 2023|main.py|INFO] EPOCH [41/100] Train NME: 0.13125
[Sat Apr 22 06:30:18 2023|main.py|INFO] EPOCH [41/100] Test NME: 0.14373
[Sat Apr 22 06:30:18 2023|main.py|INFO] EPOCH [41/100] Learning rate: 0.00007
[Sat Apr 22 06:43:57 2023|main.py|INFO] EPOCH [42/100] Train NME: 0.13143
[Sat Apr 22 06:43:58 2023|main.py|INFO] EPOCH [42/100] Test NME: 0.13821
[Sat Apr 22 06:43:58 2023|main.py|INFO] EPOCH [42/100] Learning rate: 0.00005
[Sat Apr 22 06:56:57 2023|main.py|INFO] EPOCH [43/100] Train NME: 0.13189
[Sat Apr 22 06:56:58 2023|main.py|INFO] EPOCH [43/100] Test NME: 0.14780
[Sat Apr 22 06:56:58 2023|main.py|INFO] EPOCH [43/100] Learning rate: 0.00004
[Sat Apr 22 07:09:43 2023|main.py|INFO] EPOCH [44/100] Train NME: 0.13153
[Sat Apr 22 07:09:43 2023|main.py|INFO] EPOCH [44/100] Test NME: 0.14023
[Sat Apr 22 07:09:43 2023|main.py|INFO] EPOCH [44/100] Learning rate: 0.00003
[Sat Apr 22 07:22:36 2023|main.py|INFO] EPOCH [45/100] Train NME: 0.13169
[Sat Apr 22 07:22:37 2023|main.py|INFO] EPOCH [45/100] Test NME: 0.13736
[Sat Apr 22 07:22:37 2023|main.py|INFO] EPOCH [45/100] Learning rate: 0.00003
[Sat Apr 22 07:35:20 2023|main.py|INFO] EPOCH [46/100] Train NME: 0.13158
[Sat Apr 22 07:35:21 2023|main.py|INFO] EPOCH [46/100] Test NME: 0.14694
[Sat Apr 22 07:35:21 2023|main.py|INFO] EPOCH [46/100] Learning rate: 0.00002
[Sat Apr 22 07:48:21 2023|main.py|INFO] EPOCH [47/100] Train NME: 0.13170
[Sat Apr 22 07:48:21 2023|main.py|INFO] EPOCH [47/100] Test NME: 0.14128
[Sat Apr 22 07:48:21 2023|main.py|INFO] EPOCH [47/100] Learning rate: 0.00002
[Sat Apr 22 08:01:23 2023|main.py|INFO] EPOCH [48/100] Train NME: 0.13119
[Sat Apr 22 08:01:24 2023|main.py|INFO] EPOCH [48/100] Test NME: 0.14918
[Sat Apr 22 08:01:24 2023|main.py|INFO] EPOCH [48/100] Learning rate: 0.00001
[Sat Apr 22 08:14:34 2023|main.py|INFO] EPOCH [49/100] Train NME: 0.13151
[Sat Apr 22 08:14:34 2023|main.py|INFO] EPOCH [49/100] Test NME: 0.14063
[Sat Apr 22 08:14:34 2023|main.py|INFO] EPOCH [49/100] Learning rate: 0.00001
[Sat Apr 22 08:27:13 2023|main.py|INFO] EPOCH [50/100] Train NME: 0.13152
[Sat Apr 22 08:27:14 2023|main.py|INFO] EPOCH [50/100] Test NME: 0.14432
[Sat Apr 22 08:27:14 2023|main.py|INFO] EPOCH [50/100] Learning rate: 0.00001
[Sat Apr 22 08:40:10 2023|main.py|INFO] EPOCH [51/100] Train NME: 0.13117
[Sat Apr 22 08:40:11 2023|main.py|INFO] EPOCH [51/100] Test NME: 0.14644
[Sat Apr 22 08:40:11 2023|main.py|INFO] EPOCH [51/100] Learning rate: 0.00001
[Sat Apr 22 08:53:49 2023|main.py|INFO] EPOCH [52/100] Train NME: 0.13149
[Sat Apr 22 08:53:50 2023|main.py|INFO] EPOCH [52/100] Test NME: 0.13927
[Sat Apr 22 08:53:50 2023|main.py|INFO] EPOCH [52/100] Learning rate: 0.00001
[Sat Apr 22 09:07:17 2023|main.py|INFO] EPOCH [53/100] Train NME: 0.13148
[Sat Apr 22 09:07:18 2023|main.py|INFO] EPOCH [53/100] Test NME: 0.14494
[Sat Apr 22 09:07:18 2023|main.py|INFO] EPOCH [53/100] Learning rate: 0.00000
[Sat Apr 22 09:20:01 2023|main.py|INFO] EPOCH [54/100] Train NME: 0.13098
[Sat Apr 22 09:20:02 2023|main.py|INFO] EPOCH [54/100] Test NME: 0.14188
[Sat Apr 22 09:20:02 2023|main.py|INFO] EPOCH [54/100] Learning rate: 0.00000
[Sat Apr 22 09:32:51 2023|main.py|INFO] EPOCH [55/100] Train NME: 0.13147
[Sat Apr 22 09:32:52 2023|main.py|INFO] EPOCH [55/100] Test NME: 0.14393
[Sat Apr 22 09:32:52 2023|main.py|INFO] EPOCH [55/100] Learning rate: 0.00000
[Sat Apr 22 09:45:16 2023|main.py|INFO] EPOCH [56/100] Train NME: 0.13154
[Sat Apr 22 09:45:17 2023|main.py|INFO] EPOCH [56/100] Test NME: 0.14295
[Sat Apr 22 09:45:17 2023|main.py|INFO] EPOCH [56/100] Learning rate: 0.00000
[Sat Apr 22 09:57:44 2023|main.py|INFO] EPOCH [57/100] Train NME: 0.13119
[Sat Apr 22 09:57:44 2023|main.py|INFO] EPOCH [57/100] Test NME: 0.14441
[Sat Apr 22 09:57:44 2023|main.py|INFO] EPOCH [57/100] Learning rate: 0.00000
[Sat Apr 22 10:10:43 2023|main.py|INFO] EPOCH [58/100] Train NME: 0.13140
[Sat Apr 22 10:10:44 2023|main.py|INFO] EPOCH [58/100] Test NME: 0.15073
[Sat Apr 22 10:10:44 2023|main.py|INFO] EPOCH [58/100] Learning rate: 0.00000
[Sat Apr 22 10:23:12 2023|main.py|INFO] EPOCH [59/100] Train NME: 0.13178
[Sat Apr 22 10:23:13 2023|main.py|INFO] EPOCH [59/100] Test NME: 0.13629
[Sat Apr 22 10:23:13 2023|main.py|INFO] EPOCH [59/100] Learning rate: 0.00000
[Sat Apr 22 10:23:13 2023|main.py|INFO] EPOCH [59/100] NME improved from 0.13636 to 0.13629
[Sat Apr 22 10:23:13 2023|main.py|INFO] EPOCH [59/100] Saving model to: checkpoints/Cas_Stage1_Aug_Wing_lr0.5_B4/2023-04-22_10-23-13_epoch_59_NME_0.13629.pth.tar
[Sat Apr 22 10:36:18 2023|main.py|INFO] EPOCH [60/100] Train NME: 0.13156
[Sat Apr 22 10:36:19 2023|main.py|INFO] EPOCH [60/100] Test NME: 0.13716
[Sat Apr 22 10:36:19 2023|main.py|INFO] EPOCH [60/100] Learning rate: 0.00000
[Sat Apr 22 10:49:47 2023|main.py|INFO] EPOCH [61/100] Train NME: 0.13177
[Sat Apr 22 10:49:48 2023|main.py|INFO] EPOCH [61/100] Test NME: 0.14472
[Sat Apr 22 10:49:48 2023|main.py|INFO] EPOCH [61/100] Learning rate: 0.00000
[Sat Apr 22 11:02:50 2023|main.py|INFO] EPOCH [62/100] Train NME: 0.13084
[Sat Apr 22 11:02:51 2023|main.py|INFO] EPOCH [62/100] Test NME: 0.14363
[Sat Apr 22 11:02:51 2023|main.py|INFO] EPOCH [62/100] Learning rate: 0.00000
[Sat Apr 22 11:15:42 2023|main.py|INFO] EPOCH [63/100] Train NME: 0.13183
[Sat Apr 22 11:15:43 2023|main.py|INFO] EPOCH [63/100] Test NME: 0.14083
[Sat Apr 22 11:15:43 2023|main.py|INFO] EPOCH [63/100] Learning rate: 0.00000
[Sat Apr 22 11:27:48 2023|main.py|INFO] EPOCH [64/100] Train NME: 0.13190
[Sat Apr 22 11:27:49 2023|main.py|INFO] EPOCH [64/100] Test NME: 0.14385
[Sat Apr 22 11:27:49 2023|main.py|INFO] EPOCH [64/100] Learning rate: 0.00000
[Sat Apr 22 11:40:06 2023|main.py|INFO] EPOCH [65/100] Train NME: 0.13110
[Sat Apr 22 11:40:07 2023|main.py|INFO] EPOCH [65/100] Test NME: 0.14766
[Sat Apr 22 11:40:07 2023|main.py|INFO] EPOCH [65/100] Learning rate: 0.00000
[Sat Apr 22 11:53:06 2023|main.py|INFO] EPOCH [66/100] Train NME: 0.13141
[Sat Apr 22 11:53:07 2023|main.py|INFO] EPOCH [66/100] Test NME: 0.14063
[Sat Apr 22 11:53:07 2023|main.py|INFO] EPOCH [66/100] Learning rate: 0.00000
[Sat Apr 22 12:05:34 2023|main.py|INFO] EPOCH [67/100] Train NME: 0.13144
[Sat Apr 22 12:05:35 2023|main.py|INFO] EPOCH [67/100] Test NME: 0.14395
[Sat Apr 22 12:05:35 2023|main.py|INFO] EPOCH [67/100] Learning rate: 0.00000
[Sat Apr 22 12:18:23 2023|main.py|INFO] EPOCH [68/100] Train NME: 0.13154
[Sat Apr 22 12:18:24 2023|main.py|INFO] EPOCH [68/100] Test NME: 0.14529
[Sat Apr 22 12:18:24 2023|main.py|INFO] EPOCH [68/100] Learning rate: 0.00000
[Sat Apr 22 12:30:25 2023|main.py|INFO] EPOCH [69/100] Train NME: 0.13127
[Sat Apr 22 12:30:26 2023|main.py|INFO] EPOCH [69/100] Test NME: 0.14365
[Sat Apr 22 12:30:26 2023|main.py|INFO] EPOCH [69/100] Learning rate: 0.00000
[Sat Apr 22 12:43:27 2023|main.py|INFO] EPOCH [70/100] Train NME: 0.13161
[Sat Apr 22 12:43:28 2023|main.py|INFO] EPOCH [70/100] Test NME: 0.14595
[Sat Apr 22 12:43:28 2023|main.py|INFO] EPOCH [70/100] Learning rate: 0.00000
[Sat Apr 22 12:56:47 2023|main.py|INFO] EPOCH [71/100] Train NME: 0.13217
[Sat Apr 22 12:56:47 2023|main.py|INFO] EPOCH [71/100] Test NME: 0.14729
[Sat Apr 22 12:56:47 2023|main.py|INFO] EPOCH [71/100] Learning rate: 0.00000
[Sat Apr 22 13:09:34 2023|main.py|INFO] EPOCH [72/100] Train NME: 0.13127
[Sat Apr 22 13:09:34 2023|main.py|INFO] EPOCH [72/100] Test NME: 0.14611
[Sat Apr 22 13:09:34 2023|main.py|INFO] EPOCH [72/100] Learning rate: 0.00000
[Sat Apr 22 13:22:54 2023|main.py|INFO] EPOCH [73/100] Train NME: 0.13168
[Sat Apr 22 13:22:55 2023|main.py|INFO] EPOCH [73/100] Test NME: 0.14685
[Sat Apr 22 13:22:55 2023|main.py|INFO] EPOCH [73/100] Learning rate: 0.00000
[Sat Apr 22 13:35:58 2023|main.py|INFO] EPOCH [74/100] Train NME: 0.13100
[Sat Apr 22 13:35:59 2023|main.py|INFO] EPOCH [74/100] Test NME: 0.14332
[Sat Apr 22 13:35:59 2023|main.py|INFO] EPOCH [74/100] Learning rate: 0.00000
[Sat Apr 22 13:48:47 2023|main.py|INFO] EPOCH [75/100] Train NME: 0.13114
[Sat Apr 22 13:48:48 2023|main.py|INFO] EPOCH [75/100] Test NME: 0.13741
[Sat Apr 22 13:48:48 2023|main.py|INFO] EPOCH [75/100] Learning rate: 0.00000
[Sat Apr 22 14:01:48 2023|main.py|INFO] EPOCH [76/100] Train NME: 0.13174
[Sat Apr 22 14:01:49 2023|main.py|INFO] EPOCH [76/100] Test NME: 0.13799
[Sat Apr 22 14:01:49 2023|main.py|INFO] EPOCH [76/100] Learning rate: 0.00000
[Sat Apr 22 14:14:25 2023|main.py|INFO] EPOCH [77/100] Train NME: 0.13183
[Sat Apr 22 14:14:26 2023|main.py|INFO] EPOCH [77/100] Test NME: 0.14593
[Sat Apr 22 14:14:26 2023|main.py|INFO] EPOCH [77/100] Learning rate: 0.00000
[Sat Apr 22 14:26:42 2023|main.py|INFO] EPOCH [78/100] Train NME: 0.13138
[Sat Apr 22 14:26:43 2023|main.py|INFO] EPOCH [78/100] Test NME: 0.13937
[Sat Apr 22 14:26:43 2023|main.py|INFO] EPOCH [78/100] Learning rate: 0.00000
[Sat Apr 22 14:38:42 2023|main.py|INFO] EPOCH [79/100] Train NME: 0.13163
[Sat Apr 22 14:38:43 2023|main.py|INFO] EPOCH [79/100] Test NME: 0.14448
[Sat Apr 22 14:38:43 2023|main.py|INFO] EPOCH [79/100] Learning rate: 0.00000
[Sat Apr 22 14:51:26 2023|main.py|INFO] EPOCH [80/100] Train NME: 0.13156
[Sat Apr 22 14:51:26 2023|main.py|INFO] EPOCH [80/100] Test NME: 0.14052
[Sat Apr 22 14:51:26 2023|main.py|INFO] EPOCH [80/100] Learning rate: 0.00000
[Sat Apr 22 15:03:50 2023|main.py|INFO] EPOCH [81/100] Train NME: 0.13102
[Sat Apr 22 15:03:51 2023|main.py|INFO] EPOCH [81/100] Test NME: 0.14418
[Sat Apr 22 15:03:51 2023|main.py|INFO] EPOCH [81/100] Learning rate: 0.00000
[Sat Apr 22 15:16:36 2023|main.py|INFO] EPOCH [82/100] Train NME: 0.13125
[Sat Apr 22 15:16:37 2023|main.py|INFO] EPOCH [82/100] Test NME: 0.13984
[Sat Apr 22 15:16:37 2023|main.py|INFO] EPOCH [82/100] Learning rate: 0.00000
[Sat Apr 22 15:29:56 2023|main.py|INFO] EPOCH [83/100] Train NME: 0.13095
[Sat Apr 22 15:29:57 2023|main.py|INFO] EPOCH [83/100] Test NME: 0.14769
[Sat Apr 22 15:29:57 2023|main.py|INFO] EPOCH [83/100] Learning rate: 0.00000
[Sat Apr 22 15:55:23 2023|main.py|INFO] EPOCH [84/100] Train NME: 0.13115
[Sat Apr 22 15:55:25 2023|main.py|INFO] EPOCH [84/100] Test NME: 0.13876
[Sat Apr 22 15:55:25 2023|main.py|INFO] EPOCH [84/100] Learning rate: 0.00000
[Sat Apr 22 16:20:31 2023|main.py|INFO] EPOCH [85/100] Train NME: 0.13117
[Sat Apr 22 16:20:32 2023|main.py|INFO] EPOCH [85/100] Test NME: 0.14391
[Sat Apr 22 16:20:32 2023|main.py|INFO] EPOCH [85/100] Learning rate: 0.00000
[Sat Apr 22 16:45:39 2023|main.py|INFO] EPOCH [86/100] Train NME: 0.13132
[Sat Apr 22 16:45:41 2023|main.py|INFO] EPOCH [86/100] Test NME: 0.14364
[Sat Apr 22 16:45:41 2023|main.py|INFO] EPOCH [86/100] Learning rate: 0.00000
[Sat Apr 22 17:11:02 2023|main.py|INFO] EPOCH [87/100] Train NME: 0.13115
[Sat Apr 22 17:11:03 2023|main.py|INFO] EPOCH [87/100] Test NME: 0.14600
[Sat Apr 22 17:11:03 2023|main.py|INFO] EPOCH [87/100] Learning rate: 0.00000
[Sat Apr 22 17:35:58 2023|main.py|INFO] EPOCH [88/100] Train NME: 0.13155
[Sat Apr 22 17:36:00 2023|main.py|INFO] EPOCH [88/100] Test NME: 0.14430
[Sat Apr 22 17:36:00 2023|main.py|INFO] EPOCH [88/100] Learning rate: 0.00000
[Sat Apr 22 18:00:06 2023|main.py|INFO] EPOCH [89/100] Train NME: 0.13106
[Sat Apr 22 18:00:08 2023|main.py|INFO] EPOCH [89/100] Test NME: 0.14999
[Sat Apr 22 18:00:08 2023|main.py|INFO] EPOCH [89/100] Learning rate: 0.00000
[Sat Apr 22 18:25:35 2023|main.py|INFO] EPOCH [90/100] Train NME: 0.13150
[Sat Apr 22 18:25:36 2023|main.py|INFO] EPOCH [90/100] Test NME: 0.14186
[Sat Apr 22 18:25:36 2023|main.py|INFO] EPOCH [90/100] Learning rate: 0.00000
[Sat Apr 22 18:42:16 2023|main.py|INFO] EPOCH [91/100] Train NME: 0.13123
[Sat Apr 22 18:42:17 2023|main.py|INFO] EPOCH [91/100] Test NME: 0.14454
[Sat Apr 22 18:42:17 2023|main.py|INFO] EPOCH [91/100] Learning rate: 0.00000
[Sat Apr 22 19:05:58 2023|main.py|INFO] EPOCH [92/100] Train NME: 0.13115
[Sat Apr 22 19:06:00 2023|main.py|INFO] EPOCH [92/100] Test NME: 0.14984
[Sat Apr 22 19:06:00 2023|main.py|INFO] EPOCH [92/100] Learning rate: 0.00000
[Sat Apr 22 19:30:32 2023|main.py|INFO] EPOCH [93/100] Train NME: 0.13160
[Sat Apr 22 19:30:34 2023|main.py|INFO] EPOCH [93/100] Test NME: 0.13570
[Sat Apr 22 19:30:34 2023|main.py|INFO] EPOCH [93/100] Learning rate: 0.00000
[Sat Apr 22 19:30:34 2023|main.py|INFO] EPOCH [93/100] NME improved from 0.13629 to 0.13570
[Sat Apr 22 19:30:34 2023|main.py|INFO] EPOCH [93/100] Saving model to: checkpoints/Cas_Stage1_Aug_Wing_lr0.5_B4/2023-04-22_19-30-34_epoch_93_NME_0.13570.pth.tar
[Sat Apr 22 19:52:37 2023|main.py|INFO] EPOCH [94/100] Train NME: 0.13127
[Sat Apr 22 19:52:38 2023|main.py|INFO] EPOCH [94/100] Test NME: 0.14060
[Sat Apr 22 19:52:38 2023|main.py|INFO] EPOCH [94/100] Learning rate: 0.00000
[Sat Apr 22 20:13:15 2023|main.py|INFO] EPOCH [95/100] Train NME: 0.13148
[Sat Apr 22 20:13:16 2023|main.py|INFO] EPOCH [95/100] Test NME: 0.14321
[Sat Apr 22 20:13:16 2023|main.py|INFO] EPOCH [95/100] Learning rate: 0.00000
[Sat Apr 22 20:24:34 2023|main.py|INFO] EPOCH [96/100] Train NME: 0.13147
[Sat Apr 22 20:24:35 2023|main.py|INFO] EPOCH [96/100] Test NME: 0.14536
[Sat Apr 22 20:24:35 2023|main.py|INFO] EPOCH [96/100] Learning rate: 0.00000
[Sat Apr 22 20:35:19 2023|main.py|INFO] EPOCH [97/100] Train NME: 0.13163
[Sat Apr 22 20:35:20 2023|main.py|INFO] EPOCH [97/100] Test NME: 0.13943
[Sat Apr 22 20:35:20 2023|main.py|INFO] EPOCH [97/100] Learning rate: 0.00000
[Sat Apr 22 20:46:03 2023|main.py|INFO] EPOCH [98/100] Train NME: 0.13149
[Sat Apr 22 20:46:04 2023|main.py|INFO] EPOCH [98/100] Test NME: 0.14081
[Sat Apr 22 20:46:04 2023|main.py|INFO] EPOCH [98/100] Learning rate: 0.00000
[Sat Apr 22 20:57:16 2023|main.py|INFO] EPOCH [99/100] Train NME: 0.13142
[Sat Apr 22 20:57:17 2023|main.py|INFO] EPOCH [99/100] Test NME: 0.14449
[Sat Apr 22 20:57:17 2023|main.py|INFO] EPOCH [99/100] Learning rate: 0.00000
[Sat Apr 22 21:08:41 2023|main.py|INFO] EPOCH [100/100] Train NME: 0.13138
[Sat Apr 22 21:08:42 2023|main.py|INFO] EPOCH [100/100] Test NME: 0.14448
[Sat Apr 22 21:08:42 2023|main.py|INFO] EPOCH [100/100] Learning rate: 0.00000
