[Wed Apr 19 22:49:36 2023|main.py|INFO] Task: Cas_Stage1_noAug_MSE_lr0.5_B4
[Wed Apr 19 22:49:36 2023|main.py|INFO] Training cascade stage 1
[Wed Apr 19 22:49:36 2023|main.py|INFO] Using device: cuda
[Wed Apr 19 22:49:36 2023|main.py|INFO] Using config: config\Cas_Stage1_noAug_MSE\Cas_Stage1_noAug_MSE_lr0.5_B4.yaml
[Wed Apr 19 22:49:36 2023|main.py|INFO] Train path: data/training_images_full_train.npz
[Wed Apr 19 22:49:36 2023|main.py|INFO] Train path 2: data/training_images_subset.npz
[Wed Apr 19 22:49:36 2023|main.py|INFO] Test path: data/training_images_full_test.npz
[Wed Apr 19 22:49:36 2023|main.py|INFO] Train augment: False
[Wed Apr 19 22:49:36 2023|main.py|INFO] Learning rate: 0.5
[Wed Apr 19 22:49:36 2023|main.py|INFO] Batch size: 4
[Wed Apr 19 22:49:36 2023|main.py|INFO] Num epochs: 100
[Wed Apr 19 22:49:36 2023|main.py|INFO] Save model: True
[Wed Apr 19 22:49:36 2023|main.py|INFO] Loss: MSE
[Wed Apr 19 22:49:36 2023|main.py|INFO] Log path: logs/Cas_Stage1_noAug_MSE_lr0.5_B4/2023-04-19_22-49-36.log
[Wed Apr 19 22:49:36 2023|main.py|INFO] Writer path: runs/Cas_Stage1_noAug_MSE_lr0.5_B4/2023-04-19_22-49-36
[Wed Apr 19 22:49:36 2023|main.py|INFO] Model name: resnet18
[Wed Apr 19 22:49:36 2023|main.py|INFO] Num outputs: 10
[Wed Apr 19 22:49:36 2023|main.py|INFO] Pretrained: True
[Wed Apr 19 22:49:36 2023|main.py|INFO] Load model: False
[Wed Apr 19 22:49:36 2023|main.py|INFO] Load path: None
[Wed Apr 19 22:49:36 2023|main.py|INFO] Loading data...
[Wed Apr 19 22:49:36 2023|main.py|INFO] Load dataset for cascade stage 1
[Wed Apr 19 22:49:39 2023|main.py|INFO] Initializing network resnet18 with 10 outputs...
[Wed Apr 19 22:49:40 2023|main.py|INFO] Network: ResNet(
  (conv1): Conv2d(3, 64, kernel_size=(7, 7), stride=(2, 2), padding=(3, 3), bias=False)
  (bn1): BatchNorm2d(64, eps=1e-05, momentum=0.1, affine=True, track_running_stats=True)
  (relu): ReLU(inplace=True)
  (maxpool): MaxPool2d(kernel_size=3, stride=2, padding=1, dilation=1, ceil_mode=False)
  (layer1): Sequential(
    (0): BasicBlock(
      (conv1): Conv2d(64, 64, kernel_size=(3, 3), stride=(1, 1), padding=(1, 1), bias=False)
      (bn1): BatchNorm2d(64, eps=1e-05, momentum=0.1, affine=True, track_running_stats=True)
      (relu): ReLU(inplace=True)
      (conv2): Conv2d(64, 64, kernel_size=(3, 3), stride=(1, 1), padding=(1, 1), bias=False)
      (bn2): BatchNorm2d(64, eps=1e-05, momentum=0.1, affine=True, track_running_stats=True)
    )
    (1): BasicBlock(
      (conv1): Conv2d(64, 64, kernel_size=(3, 3), stride=(1, 1), padding=(1, 1), bias=False)
      (bn1): BatchNorm2d(64, eps=1e-05, momentum=0.1, affine=True, track_running_stats=True)
      (relu): ReLU(inplace=True)
      (conv2): Conv2d(64, 64, kernel_size=(3, 3), stride=(1, 1), padding=(1, 1), bias=False)
      (bn2): BatchNorm2d(64, eps=1e-05, momentum=0.1, affine=True, track_running_stats=True)
    )
  )
  (layer2): Sequential(
    (0): BasicBlock(
      (conv1): Conv2d(64, 128, kernel_size=(3, 3), stride=(2, 2), padding=(1, 1), bias=False)
      (bn1): BatchNorm2d(128, eps=1e-05, momentum=0.1, affine=True, track_running_stats=True)
      (relu): ReLU(inplace=True)
      (conv2): Conv2d(128, 128, kernel_size=(3, 3), stride=(1, 1), padding=(1, 1), bias=False)
      (bn2): BatchNorm2d(128, eps=1e-05, momentum=0.1, affine=True, track_running_stats=True)
      (downsample): Sequential(
        (0): Conv2d(64, 128, kernel_size=(1, 1), stride=(2, 2), bias=False)
        (1): BatchNorm2d(128, eps=1e-05, momentum=0.1, affine=True, track_running_stats=True)
      )
    )
    (1): BasicBlock(
      (conv1): Conv2d(128, 128, kernel_size=(3, 3), stride=(1, 1), padding=(1, 1), bias=False)
      (bn1): BatchNorm2d(128, eps=1e-05, momentum=0.1, affine=True, track_running_stats=True)
      (relu): ReLU(inplace=True)
      (conv2): Conv2d(128, 128, kernel_size=(3, 3), stride=(1, 1), padding=(1, 1), bias=False)
      (bn2): BatchNorm2d(128, eps=1e-05, momentum=0.1, affine=True, track_running_stats=True)
    )
  )
  (layer3): Sequential(
    (0): BasicBlock(
      (conv1): Conv2d(128, 256, kernel_size=(3, 3), stride=(2, 2), padding=(1, 1), bias=False)
      (bn1): BatchNorm2d(256, eps=1e-05, momentum=0.1, affine=True, track_running_stats=True)
      (relu): ReLU(inplace=True)
      (conv2): Conv2d(256, 256, kernel_size=(3, 3), stride=(1, 1), padding=(1, 1), bias=False)
      (bn2): BatchNorm2d(256, eps=1e-05, momentum=0.1, affine=True, track_running_stats=True)
      (downsample): Sequential(
        (0): Conv2d(128, 256, kernel_size=(1, 1), stride=(2, 2), bias=False)
        (1): BatchNorm2d(256, eps=1e-05, momentum=0.1, affine=True, track_running_stats=True)
      )
    )
    (1): BasicBlock(
      (conv1): Conv2d(256, 256, kernel_size=(3, 3), stride=(1, 1), padding=(1, 1), bias=False)
      (bn1): BatchNorm2d(256, eps=1e-05, momentum=0.1, affine=True, track_running_stats=True)
      (relu): ReLU(inplace=True)
      (conv2): Conv2d(256, 256, kernel_size=(3, 3), stride=(1, 1), padding=(1, 1), bias=False)
      (bn2): BatchNorm2d(256, eps=1e-05, momentum=0.1, affine=True, track_running_stats=True)
    )
  )
  (layer4): Sequential(
    (0): BasicBlock(
      (conv1): Conv2d(256, 512, kernel_size=(3, 3), stride=(2, 2), padding=(1, 1), bias=False)
      (bn1): BatchNorm2d(512, eps=1e-05, momentum=0.1, affine=True, track_running_stats=True)
      (relu): ReLU(inplace=True)
      (conv2): Conv2d(512, 512, kernel_size=(3, 3), stride=(1, 1), padding=(1, 1), bias=False)
      (bn2): BatchNorm2d(512, eps=1e-05, momentum=0.1, affine=True, track_running_stats=True)
      (downsample): Sequential(
        (0): Conv2d(256, 512, kernel_size=(1, 1), stride=(2, 2), bias=False)
        (1): BatchNorm2d(512, eps=1e-05, momentum=0.1, affine=True, track_running_stats=True)
      )
    )
    (1): BasicBlock(
      (conv1): Conv2d(512, 512, kernel_size=(3, 3), stride=(1, 1), padding=(1, 1), bias=False)
      (bn1): BatchNorm2d(512, eps=1e-05, momentum=0.1, affine=True, track_running_stats=True)
      (relu): ReLU(inplace=True)
      (conv2): Conv2d(512, 512, kernel_size=(3, 3), stride=(1, 1), padding=(1, 1), bias=False)
      (bn2): BatchNorm2d(512, eps=1e-05, momentum=0.1, affine=True, track_running_stats=True)
    )
  )
  (avgpool): AdaptiveAvgPool2d(output_size=(1, 1))
  (fc): Linear(in_features=512, out_features=10, bias=True)
)
[Wed Apr 19 22:49:40 2023|main.py|INFO] Initializing loss and optimizer...
[Wed Apr 19 22:49:40 2023|main.py|INFO] Loss: MSE
[Wed Apr 19 22:49:40 2023|main.py|INFO] Optimizer: Adam
[Wed Apr 19 22:49:40 2023|main.py|INFO] Initializing tensorboard writer at: runs/Cas_Stage1_noAug_MSE_lr0.5_B4/2023-04-19_22-49-36
[Wed Apr 19 22:49:40 2023|main.py|INFO] Training network...
[Wed Apr 19 22:50:02 2023|main.py|INFO] EPOCH [1/100] Train NME: 0.18315
[Wed Apr 19 22:50:03 2023|main.py|INFO] EPOCH [1/100] Test NME: 0.15050
[Wed Apr 19 22:50:03 2023|main.py|INFO] EPOCH [1/100] Learning rate: 0.50000
[Wed Apr 19 22:50:03 2023|main.py|INFO] EPOCH [1/100] NME improved from 1000.00000 to 0.15050
[Wed Apr 19 22:50:03 2023|main.py|INFO] EPOCH [1/100] Saving model to: checkpoints/Cas_Stage1_noAug_MSE_lr0.5_B4/2023-04-19_22-50-03_epoch_1_NME_0.15050.pth.tar
[Wed Apr 19 22:50:22 2023|main.py|INFO] EPOCH [2/100] Train NME: 0.14393
[Wed Apr 19 22:50:23 2023|main.py|INFO] EPOCH [2/100] Test NME: 0.13727
[Wed Apr 19 22:50:23 2023|main.py|INFO] EPOCH [2/100] Learning rate: 0.40000
[Wed Apr 19 22:50:23 2023|main.py|INFO] EPOCH [2/100] NME improved from 0.15050 to 0.13727
[Wed Apr 19 22:50:23 2023|main.py|INFO] EPOCH [2/100] Saving model to: checkpoints/Cas_Stage1_noAug_MSE_lr0.5_B4/2023-04-19_22-50-23_epoch_2_NME_0.13727.pth.tar
[Wed Apr 19 22:50:42 2023|main.py|INFO] EPOCH [3/100] Train NME: 0.10772
[Wed Apr 19 22:50:43 2023|main.py|INFO] EPOCH [3/100] Test NME: 0.07846
[Wed Apr 19 22:50:43 2023|main.py|INFO] EPOCH [3/100] Learning rate: 0.32000
[Wed Apr 19 22:50:43 2023|main.py|INFO] EPOCH [3/100] NME improved from 0.13727 to 0.07846
[Wed Apr 19 22:50:43 2023|main.py|INFO] EPOCH [3/100] Saving model to: checkpoints/Cas_Stage1_noAug_MSE_lr0.5_B4/2023-04-19_22-50-43_epoch_3_NME_0.07846.pth.tar
[Wed Apr 19 22:51:03 2023|main.py|INFO] EPOCH [4/100] Train NME: 0.08246
[Wed Apr 19 22:51:04 2023|main.py|INFO] EPOCH [4/100] Test NME: 0.07334
[Wed Apr 19 22:51:04 2023|main.py|INFO] EPOCH [4/100] Learning rate: 0.25600
[Wed Apr 19 22:51:04 2023|main.py|INFO] EPOCH [4/100] NME improved from 0.07846 to 0.07334
[Wed Apr 19 22:51:04 2023|main.py|INFO] EPOCH [4/100] Saving model to: checkpoints/Cas_Stage1_noAug_MSE_lr0.5_B4/2023-04-19_22-51-04_epoch_4_NME_0.07334.pth.tar
[Wed Apr 19 22:51:23 2023|main.py|INFO] EPOCH [5/100] Train NME: 0.06729
[Wed Apr 19 22:51:24 2023|main.py|INFO] EPOCH [5/100] Test NME: 0.07346
[Wed Apr 19 22:51:24 2023|main.py|INFO] EPOCH [5/100] Learning rate: 0.20480
[Wed Apr 19 22:51:43 2023|main.py|INFO] EPOCH [6/100] Train NME: 0.05928
[Wed Apr 19 22:51:44 2023|main.py|INFO] EPOCH [6/100] Test NME: 0.06056
[Wed Apr 19 22:51:44 2023|main.py|INFO] EPOCH [6/100] Learning rate: 0.16384
[Wed Apr 19 22:51:44 2023|main.py|INFO] EPOCH [6/100] NME improved from 0.07334 to 0.06056
[Wed Apr 19 22:51:44 2023|main.py|INFO] EPOCH [6/100] Saving model to: checkpoints/Cas_Stage1_noAug_MSE_lr0.5_B4/2023-04-19_22-51-44_epoch_6_NME_0.06056.pth.tar
[Wed Apr 19 22:52:04 2023|main.py|INFO] EPOCH [7/100] Train NME: 0.05361
[Wed Apr 19 22:52:05 2023|main.py|INFO] EPOCH [7/100] Test NME: 0.05651
[Wed Apr 19 22:52:05 2023|main.py|INFO] EPOCH [7/100] Learning rate: 0.13107
[Wed Apr 19 22:52:05 2023|main.py|INFO] EPOCH [7/100] NME improved from 0.06056 to 0.05651
[Wed Apr 19 22:52:05 2023|main.py|INFO] EPOCH [7/100] Saving model to: checkpoints/Cas_Stage1_noAug_MSE_lr0.5_B4/2023-04-19_22-52-05_epoch_7_NME_0.05651.pth.tar
[Wed Apr 19 22:52:26 2023|main.py|INFO] EPOCH [8/100] Train NME: 0.04902
[Wed Apr 19 22:52:27 2023|main.py|INFO] EPOCH [8/100] Test NME: 0.04788
[Wed Apr 19 22:52:27 2023|main.py|INFO] EPOCH [8/100] Learning rate: 0.10486
[Wed Apr 19 22:52:27 2023|main.py|INFO] EPOCH [8/100] NME improved from 0.05651 to 0.04788
[Wed Apr 19 22:52:27 2023|main.py|INFO] EPOCH [8/100] Saving model to: checkpoints/Cas_Stage1_noAug_MSE_lr0.5_B4/2023-04-19_22-52-27_epoch_8_NME_0.04788.pth.tar
[Wed Apr 19 22:52:47 2023|main.py|INFO] EPOCH [9/100] Train NME: 0.04445
[Wed Apr 19 22:52:48 2023|main.py|INFO] EPOCH [9/100] Test NME: 0.04622
[Wed Apr 19 22:52:48 2023|main.py|INFO] EPOCH [9/100] Learning rate: 0.08389
[Wed Apr 19 22:52:48 2023|main.py|INFO] EPOCH [9/100] NME improved from 0.04788 to 0.04622
[Wed Apr 19 22:52:48 2023|main.py|INFO] EPOCH [9/100] Saving model to: checkpoints/Cas_Stage1_noAug_MSE_lr0.5_B4/2023-04-19_22-52-48_epoch_9_NME_0.04622.pth.tar
[Wed Apr 19 22:53:08 2023|main.py|INFO] EPOCH [10/100] Train NME: 0.04119
[Wed Apr 19 22:53:09 2023|main.py|INFO] EPOCH [10/100] Test NME: 0.04547
[Wed Apr 19 22:53:09 2023|main.py|INFO] EPOCH [10/100] Learning rate: 0.06711
[Wed Apr 19 22:53:09 2023|main.py|INFO] EPOCH [10/100] NME improved from 0.04622 to 0.04547
[Wed Apr 19 22:53:09 2023|main.py|INFO] EPOCH [10/100] Saving model to: checkpoints/Cas_Stage1_noAug_MSE_lr0.5_B4/2023-04-19_22-53-09_epoch_10_NME_0.04547.pth.tar
[Wed Apr 19 22:53:29 2023|main.py|INFO] EPOCH [11/100] Train NME: 0.03763
[Wed Apr 19 22:53:30 2023|main.py|INFO] EPOCH [11/100] Test NME: 0.04246
[Wed Apr 19 22:53:30 2023|main.py|INFO] EPOCH [11/100] Learning rate: 0.05369
[Wed Apr 19 22:53:30 2023|main.py|INFO] EPOCH [11/100] NME improved from 0.04547 to 0.04246
[Wed Apr 19 22:53:30 2023|main.py|INFO] EPOCH [11/100] Saving model to: checkpoints/Cas_Stage1_noAug_MSE_lr0.5_B4/2023-04-19_22-53-30_epoch_11_NME_0.04246.pth.tar
[Wed Apr 19 22:53:52 2023|main.py|INFO] EPOCH [12/100] Train NME: 0.03474
[Wed Apr 19 22:53:53 2023|main.py|INFO] EPOCH [12/100] Test NME: 0.04692
[Wed Apr 19 22:53:53 2023|main.py|INFO] EPOCH [12/100] Learning rate: 0.04295
[Wed Apr 19 22:54:12 2023|main.py|INFO] EPOCH [13/100] Train NME: 0.03222
[Wed Apr 19 22:54:13 2023|main.py|INFO] EPOCH [13/100] Test NME: 0.04207
[Wed Apr 19 22:54:13 2023|main.py|INFO] EPOCH [13/100] Learning rate: 0.03436
[Wed Apr 19 22:54:13 2023|main.py|INFO] EPOCH [13/100] NME improved from 0.04246 to 0.04207
[Wed Apr 19 22:54:13 2023|main.py|INFO] EPOCH [13/100] Saving model to: checkpoints/Cas_Stage1_noAug_MSE_lr0.5_B4/2023-04-19_22-54-13_epoch_13_NME_0.04207.pth.tar
[Wed Apr 19 22:54:34 2023|main.py|INFO] EPOCH [14/100] Train NME: 0.02974
[Wed Apr 19 22:54:35 2023|main.py|INFO] EPOCH [14/100] Test NME: 0.03966
[Wed Apr 19 22:54:35 2023|main.py|INFO] EPOCH [14/100] Learning rate: 0.02749
[Wed Apr 19 22:54:35 2023|main.py|INFO] EPOCH [14/100] NME improved from 0.04207 to 0.03966
[Wed Apr 19 22:54:35 2023|main.py|INFO] EPOCH [14/100] Saving model to: checkpoints/Cas_Stage1_noAug_MSE_lr0.5_B4/2023-04-19_22-54-35_epoch_14_NME_0.03966.pth.tar
[Wed Apr 19 22:54:56 2023|main.py|INFO] EPOCH [15/100] Train NME: 0.02741
[Wed Apr 19 22:54:57 2023|main.py|INFO] EPOCH [15/100] Test NME: 0.03901
[Wed Apr 19 22:54:57 2023|main.py|INFO] EPOCH [15/100] Learning rate: 0.02199
[Wed Apr 19 22:54:57 2023|main.py|INFO] EPOCH [15/100] NME improved from 0.03966 to 0.03901
[Wed Apr 19 22:54:57 2023|main.py|INFO] EPOCH [15/100] Saving model to: checkpoints/Cas_Stage1_noAug_MSE_lr0.5_B4/2023-04-19_22-54-57_epoch_15_NME_0.03901.pth.tar
[Wed Apr 19 22:55:17 2023|main.py|INFO] EPOCH [16/100] Train NME: 0.02548
[Wed Apr 19 22:55:18 2023|main.py|INFO] EPOCH [16/100] Test NME: 0.03797
[Wed Apr 19 22:55:18 2023|main.py|INFO] EPOCH [16/100] Learning rate: 0.01759
[Wed Apr 19 22:55:18 2023|main.py|INFO] EPOCH [16/100] NME improved from 0.03901 to 0.03797
[Wed Apr 19 22:55:18 2023|main.py|INFO] EPOCH [16/100] Saving model to: checkpoints/Cas_Stage1_noAug_MSE_lr0.5_B4/2023-04-19_22-55-18_epoch_16_NME_0.03797.pth.tar
[Wed Apr 19 22:55:38 2023|main.py|INFO] EPOCH [17/100] Train NME: 0.02360
[Wed Apr 19 22:55:39 2023|main.py|INFO] EPOCH [17/100] Test NME: 0.03681
[Wed Apr 19 22:55:39 2023|main.py|INFO] EPOCH [17/100] Learning rate: 0.01407
[Wed Apr 19 22:55:39 2023|main.py|INFO] EPOCH [17/100] NME improved from 0.03797 to 0.03681
[Wed Apr 19 22:55:39 2023|main.py|INFO] EPOCH [17/100] Saving model to: checkpoints/Cas_Stage1_noAug_MSE_lr0.5_B4/2023-04-19_22-55-39_epoch_17_NME_0.03681.pth.tar
[Wed Apr 19 22:56:01 2023|main.py|INFO] EPOCH [18/100] Train NME: 0.02225
[Wed Apr 19 22:56:02 2023|main.py|INFO] EPOCH [18/100] Test NME: 0.03716
[Wed Apr 19 22:56:02 2023|main.py|INFO] EPOCH [18/100] Learning rate: 0.01126
[Wed Apr 19 22:56:23 2023|main.py|INFO] EPOCH [19/100] Train NME: 0.02088
[Wed Apr 19 22:56:24 2023|main.py|INFO] EPOCH [19/100] Test NME: 0.03735
[Wed Apr 19 22:56:24 2023|main.py|INFO] EPOCH [19/100] Learning rate: 0.00901
[Wed Apr 19 22:56:45 2023|main.py|INFO] EPOCH [20/100] Train NME: 0.01966
[Wed Apr 19 22:56:46 2023|main.py|INFO] EPOCH [20/100] Test NME: 0.03641
[Wed Apr 19 22:56:46 2023|main.py|INFO] EPOCH [20/100] Learning rate: 0.00721
[Wed Apr 19 22:56:46 2023|main.py|INFO] EPOCH [20/100] NME improved from 0.03681 to 0.03641
[Wed Apr 19 22:56:46 2023|main.py|INFO] EPOCH [20/100] Saving model to: checkpoints/Cas_Stage1_noAug_MSE_lr0.5_B4/2023-04-19_22-56-46_epoch_20_NME_0.03641.pth.tar
[Wed Apr 19 22:57:08 2023|main.py|INFO] EPOCH [21/100] Train NME: 0.01863
[Wed Apr 19 22:57:09 2023|main.py|INFO] EPOCH [21/100] Test NME: 0.03605
[Wed Apr 19 22:57:09 2023|main.py|INFO] EPOCH [21/100] Learning rate: 0.00576
[Wed Apr 19 22:57:09 2023|main.py|INFO] EPOCH [21/100] NME improved from 0.03641 to 0.03605
[Wed Apr 19 22:57:09 2023|main.py|INFO] EPOCH [21/100] Saving model to: checkpoints/Cas_Stage1_noAug_MSE_lr0.5_B4/2023-04-19_22-57-09_epoch_21_NME_0.03605.pth.tar
[Wed Apr 19 22:57:31 2023|main.py|INFO] EPOCH [22/100] Train NME: 0.01760
[Wed Apr 19 22:57:32 2023|main.py|INFO] EPOCH [22/100] Test NME: 0.03599
[Wed Apr 19 22:57:32 2023|main.py|INFO] EPOCH [22/100] Learning rate: 0.00461
[Wed Apr 19 22:57:32 2023|main.py|INFO] EPOCH [22/100] NME improved from 0.03605 to 0.03599
[Wed Apr 19 22:57:32 2023|main.py|INFO] EPOCH [22/100] Saving model to: checkpoints/Cas_Stage1_noAug_MSE_lr0.5_B4/2023-04-19_22-57-32_epoch_22_NME_0.03599.pth.tar
[Wed Apr 19 22:57:53 2023|main.py|INFO] EPOCH [23/100] Train NME: 0.01690
[Wed Apr 19 22:57:54 2023|main.py|INFO] EPOCH [23/100] Test NME: 0.03666
[Wed Apr 19 22:57:54 2023|main.py|INFO] EPOCH [23/100] Learning rate: 0.00369
[Wed Apr 19 22:58:16 2023|main.py|INFO] EPOCH [24/100] Train NME: 0.01637
[Wed Apr 19 22:58:17 2023|main.py|INFO] EPOCH [24/100] Test NME: 0.03604
[Wed Apr 19 22:58:17 2023|main.py|INFO] EPOCH [24/100] Learning rate: 0.00295
[Wed Apr 19 22:58:38 2023|main.py|INFO] EPOCH [25/100] Train NME: 0.01581
[Wed Apr 19 22:58:39 2023|main.py|INFO] EPOCH [25/100] Test NME: 0.03593
[Wed Apr 19 22:58:39 2023|main.py|INFO] EPOCH [25/100] Learning rate: 0.00236
[Wed Apr 19 22:58:39 2023|main.py|INFO] EPOCH [25/100] NME improved from 0.03599 to 0.03593
[Wed Apr 19 22:58:39 2023|main.py|INFO] EPOCH [25/100] Saving model to: checkpoints/Cas_Stage1_noAug_MSE_lr0.5_B4/2023-04-19_22-58-39_epoch_25_NME_0.03593.pth.tar
[Wed Apr 19 22:59:01 2023|main.py|INFO] EPOCH [26/100] Train NME: 0.01526
[Wed Apr 19 22:59:02 2023|main.py|INFO] EPOCH [26/100] Test NME: 0.03597
[Wed Apr 19 22:59:02 2023|main.py|INFO] EPOCH [26/100] Learning rate: 0.00189
[Wed Apr 19 22:59:22 2023|main.py|INFO] EPOCH [27/100] Train NME: 0.01501
[Wed Apr 19 22:59:23 2023|main.py|INFO] EPOCH [27/100] Test NME: 0.03590
[Wed Apr 19 22:59:23 2023|main.py|INFO] EPOCH [27/100] Learning rate: 0.00151
[Wed Apr 19 22:59:23 2023|main.py|INFO] EPOCH [27/100] NME improved from 0.03593 to 0.03590
[Wed Apr 19 22:59:23 2023|main.py|INFO] EPOCH [27/100] Saving model to: checkpoints/Cas_Stage1_noAug_MSE_lr0.5_B4/2023-04-19_22-59-23_epoch_27_NME_0.03590.pth.tar
[Wed Apr 19 22:59:45 2023|main.py|INFO] EPOCH [28/100] Train NME: 0.01461
[Wed Apr 19 22:59:46 2023|main.py|INFO] EPOCH [28/100] Test NME: 0.03584
[Wed Apr 19 22:59:46 2023|main.py|INFO] EPOCH [28/100] Learning rate: 0.00121
[Wed Apr 19 22:59:46 2023|main.py|INFO] EPOCH [28/100] NME improved from 0.03590 to 0.03584
[Wed Apr 19 22:59:46 2023|main.py|INFO] EPOCH [28/100] Saving model to: checkpoints/Cas_Stage1_noAug_MSE_lr0.5_B4/2023-04-19_22-59-46_epoch_28_NME_0.03584.pth.tar
[Wed Apr 19 23:00:07 2023|main.py|INFO] EPOCH [29/100] Train NME: 0.01430
[Wed Apr 19 23:00:09 2023|main.py|INFO] EPOCH [29/100] Test NME: 0.03606
[Wed Apr 19 23:00:09 2023|main.py|INFO] EPOCH [29/100] Learning rate: 0.00097
[Wed Apr 19 23:00:30 2023|main.py|INFO] EPOCH [30/100] Train NME: 0.01420
[Wed Apr 19 23:00:31 2023|main.py|INFO] EPOCH [30/100] Test NME: 0.03623
[Wed Apr 19 23:00:31 2023|main.py|INFO] EPOCH [30/100] Learning rate: 0.00077
[Wed Apr 19 23:00:52 2023|main.py|INFO] EPOCH [31/100] Train NME: 0.01397
[Wed Apr 19 23:00:54 2023|main.py|INFO] EPOCH [31/100] Test NME: 0.03619
[Wed Apr 19 23:00:54 2023|main.py|INFO] EPOCH [31/100] Learning rate: 0.00062
[Wed Apr 19 23:01:15 2023|main.py|INFO] EPOCH [32/100] Train NME: 0.01383
[Wed Apr 19 23:01:16 2023|main.py|INFO] EPOCH [32/100] Test NME: 0.03619
[Wed Apr 19 23:01:16 2023|main.py|INFO] EPOCH [32/100] Learning rate: 0.00050
[Wed Apr 19 23:01:36 2023|main.py|INFO] EPOCH [33/100] Train NME: 0.01384
[Wed Apr 19 23:01:38 2023|main.py|INFO] EPOCH [33/100] Test NME: 0.03635
[Wed Apr 19 23:01:38 2023|main.py|INFO] EPOCH [33/100] Learning rate: 0.00040
[Wed Apr 19 23:01:59 2023|main.py|INFO] EPOCH [34/100] Train NME: 0.01364
[Wed Apr 19 23:02:00 2023|main.py|INFO] EPOCH [34/100] Test NME: 0.03603
[Wed Apr 19 23:02:00 2023|main.py|INFO] EPOCH [34/100] Learning rate: 0.00032
[Wed Apr 19 23:02:22 2023|main.py|INFO] EPOCH [35/100] Train NME: 0.01357
[Wed Apr 19 23:02:23 2023|main.py|INFO] EPOCH [35/100] Test NME: 0.03595
[Wed Apr 19 23:02:23 2023|main.py|INFO] EPOCH [35/100] Learning rate: 0.00025
[Wed Apr 19 23:02:45 2023|main.py|INFO] EPOCH [36/100] Train NME: 0.01352
[Wed Apr 19 23:02:46 2023|main.py|INFO] EPOCH [36/100] Test NME: 0.03597
[Wed Apr 19 23:02:46 2023|main.py|INFO] EPOCH [36/100] Learning rate: 0.00020
[Wed Apr 19 23:03:06 2023|main.py|INFO] EPOCH [37/100] Train NME: 0.01348
[Wed Apr 19 23:03:07 2023|main.py|INFO] EPOCH [37/100] Test NME: 0.03588
[Wed Apr 19 23:03:07 2023|main.py|INFO] EPOCH [37/100] Learning rate: 0.00016
[Wed Apr 19 23:03:28 2023|main.py|INFO] EPOCH [38/100] Train NME: 0.01349
[Wed Apr 19 23:03:29 2023|main.py|INFO] EPOCH [38/100] Test NME: 0.03615
[Wed Apr 19 23:03:29 2023|main.py|INFO] EPOCH [38/100] Learning rate: 0.00013
[Wed Apr 19 23:03:50 2023|main.py|INFO] EPOCH [39/100] Train NME: 0.01344
[Wed Apr 19 23:03:52 2023|main.py|INFO] EPOCH [39/100] Test NME: 0.03610
[Wed Apr 19 23:03:52 2023|main.py|INFO] EPOCH [39/100] Learning rate: 0.00010
[Wed Apr 19 23:04:12 2023|main.py|INFO] EPOCH [40/100] Train NME: 0.01344
[Wed Apr 19 23:04:13 2023|main.py|INFO] EPOCH [40/100] Test NME: 0.03629
[Wed Apr 19 23:04:13 2023|main.py|INFO] EPOCH [40/100] Learning rate: 0.00008
[Wed Apr 19 23:04:33 2023|main.py|INFO] EPOCH [41/100] Train NME: 0.01341
[Wed Apr 19 23:04:34 2023|main.py|INFO] EPOCH [41/100] Test NME: 0.03607
[Wed Apr 19 23:04:34 2023|main.py|INFO] EPOCH [41/100] Learning rate: 0.00007
[Wed Apr 19 23:04:54 2023|main.py|INFO] EPOCH [42/100] Train NME: 0.01341
[Wed Apr 19 23:04:55 2023|main.py|INFO] EPOCH [42/100] Test NME: 0.03621
[Wed Apr 19 23:04:55 2023|main.py|INFO] EPOCH [42/100] Learning rate: 0.00005
[Wed Apr 19 23:05:16 2023|main.py|INFO] EPOCH [43/100] Train NME: 0.01342
[Wed Apr 19 23:05:17 2023|main.py|INFO] EPOCH [43/100] Test NME: 0.03592
[Wed Apr 19 23:05:17 2023|main.py|INFO] EPOCH [43/100] Learning rate: 0.00004
[Wed Apr 19 23:05:37 2023|main.py|INFO] EPOCH [44/100] Train NME: 0.01333
[Wed Apr 19 23:05:38 2023|main.py|INFO] EPOCH [44/100] Test NME: 0.03639
[Wed Apr 19 23:05:38 2023|main.py|INFO] EPOCH [44/100] Learning rate: 0.00003
[Wed Apr 19 23:05:59 2023|main.py|INFO] EPOCH [45/100] Train NME: 0.01331
[Wed Apr 19 23:06:00 2023|main.py|INFO] EPOCH [45/100] Test NME: 0.03595
[Wed Apr 19 23:06:00 2023|main.py|INFO] EPOCH [45/100] Learning rate: 0.00003
[Wed Apr 19 23:06:20 2023|main.py|INFO] EPOCH [46/100] Train NME: 0.01334
[Wed Apr 19 23:06:21 2023|main.py|INFO] EPOCH [46/100] Test NME: 0.03611
[Wed Apr 19 23:06:21 2023|main.py|INFO] EPOCH [46/100] Learning rate: 0.00002
[Wed Apr 19 23:06:41 2023|main.py|INFO] EPOCH [47/100] Train NME: 0.01330
[Wed Apr 19 23:06:42 2023|main.py|INFO] EPOCH [47/100] Test NME: 0.03610
[Wed Apr 19 23:06:42 2023|main.py|INFO] EPOCH [47/100] Learning rate: 0.00002
[Wed Apr 19 23:07:02 2023|main.py|INFO] EPOCH [48/100] Train NME: 0.01328
[Wed Apr 19 23:07:03 2023|main.py|INFO] EPOCH [48/100] Test NME: 0.03630
[Wed Apr 19 23:07:03 2023|main.py|INFO] EPOCH [48/100] Learning rate: 0.00001
[Wed Apr 19 23:07:23 2023|main.py|INFO] EPOCH [49/100] Train NME: 0.01336
[Wed Apr 19 23:07:24 2023|main.py|INFO] EPOCH [49/100] Test NME: 0.03618
[Wed Apr 19 23:07:24 2023|main.py|INFO] EPOCH [49/100] Learning rate: 0.00001
[Wed Apr 19 23:07:45 2023|main.py|INFO] EPOCH [50/100] Train NME: 0.01336
[Wed Apr 19 23:07:46 2023|main.py|INFO] EPOCH [50/100] Test NME: 0.03648
[Wed Apr 19 23:07:46 2023|main.py|INFO] EPOCH [50/100] Learning rate: 0.00001
[Wed Apr 19 23:08:06 2023|main.py|INFO] EPOCH [51/100] Train NME: 0.01325
[Wed Apr 19 23:08:07 2023|main.py|INFO] EPOCH [51/100] Test NME: 0.03625
[Wed Apr 19 23:08:07 2023|main.py|INFO] EPOCH [51/100] Learning rate: 0.00001
[Wed Apr 19 23:08:27 2023|main.py|INFO] EPOCH [52/100] Train NME: 0.01325
[Wed Apr 19 23:08:28 2023|main.py|INFO] EPOCH [52/100] Test NME: 0.03612
[Wed Apr 19 23:08:28 2023|main.py|INFO] EPOCH [52/100] Learning rate: 0.00001
[Wed Apr 19 23:08:48 2023|main.py|INFO] EPOCH [53/100] Train NME: 0.01326
[Wed Apr 19 23:08:49 2023|main.py|INFO] EPOCH [53/100] Test NME: 0.03676
[Wed Apr 19 23:08:49 2023|main.py|INFO] EPOCH [53/100] Learning rate: 0.00000
[Wed Apr 19 23:09:10 2023|main.py|INFO] EPOCH [54/100] Train NME: 0.01327
[Wed Apr 19 23:09:11 2023|main.py|INFO] EPOCH [54/100] Test NME: 0.03613
[Wed Apr 19 23:09:11 2023|main.py|INFO] EPOCH [54/100] Learning rate: 0.00000
[Wed Apr 19 23:09:33 2023|main.py|INFO] EPOCH [55/100] Train NME: 0.01332
[Wed Apr 19 23:09:34 2023|main.py|INFO] EPOCH [55/100] Test NME: 0.03613
[Wed Apr 19 23:09:34 2023|main.py|INFO] EPOCH [55/100] Learning rate: 0.00000
[Wed Apr 19 23:09:55 2023|main.py|INFO] EPOCH [56/100] Train NME: 0.01336
[Wed Apr 19 23:09:56 2023|main.py|INFO] EPOCH [56/100] Test NME: 0.03624
[Wed Apr 19 23:09:56 2023|main.py|INFO] EPOCH [56/100] Learning rate: 0.00000
[Wed Apr 19 23:10:17 2023|main.py|INFO] EPOCH [57/100] Train NME: 0.01329
[Wed Apr 19 23:10:18 2023|main.py|INFO] EPOCH [57/100] Test NME: 0.03608
[Wed Apr 19 23:10:18 2023|main.py|INFO] EPOCH [57/100] Learning rate: 0.00000
[Wed Apr 19 23:10:39 2023|main.py|INFO] EPOCH [58/100] Train NME: 0.01333
[Wed Apr 19 23:10:40 2023|main.py|INFO] EPOCH [58/100] Test NME: 0.03578
[Wed Apr 19 23:10:40 2023|main.py|INFO] EPOCH [58/100] Learning rate: 0.00000
[Wed Apr 19 23:10:40 2023|main.py|INFO] EPOCH [58/100] NME improved from 0.03584 to 0.03578
[Wed Apr 19 23:10:40 2023|main.py|INFO] EPOCH [58/100] Saving model to: checkpoints/Cas_Stage1_noAug_MSE_lr0.5_B4/2023-04-19_23-10-40_epoch_58_NME_0.03578.pth.tar
[Wed Apr 19 23:11:01 2023|main.py|INFO] EPOCH [59/100] Train NME: 0.01333
[Wed Apr 19 23:11:02 2023|main.py|INFO] EPOCH [59/100] Test NME: 0.03608
[Wed Apr 19 23:11:02 2023|main.py|INFO] EPOCH [59/100] Learning rate: 0.00000
[Wed Apr 19 23:11:22 2023|main.py|INFO] EPOCH [60/100] Train NME: 0.01327
[Wed Apr 19 23:11:23 2023|main.py|INFO] EPOCH [60/100] Test NME: 0.03611
[Wed Apr 19 23:11:23 2023|main.py|INFO] EPOCH [60/100] Learning rate: 0.00000
[Wed Apr 19 23:11:44 2023|main.py|INFO] EPOCH [61/100] Train NME: 0.01331
[Wed Apr 19 23:11:45 2023|main.py|INFO] EPOCH [61/100] Test NME: 0.03627
[Wed Apr 19 23:11:45 2023|main.py|INFO] EPOCH [61/100] Learning rate: 0.00000
[Wed Apr 19 23:12:06 2023|main.py|INFO] EPOCH [62/100] Train NME: 0.01331
[Wed Apr 19 23:12:07 2023|main.py|INFO] EPOCH [62/100] Test NME: 0.03597
[Wed Apr 19 23:12:07 2023|main.py|INFO] EPOCH [62/100] Learning rate: 0.00000
[Wed Apr 19 23:12:28 2023|main.py|INFO] EPOCH [63/100] Train NME: 0.01340
[Wed Apr 19 23:12:30 2023|main.py|INFO] EPOCH [63/100] Test NME: 0.03600
[Wed Apr 19 23:12:30 2023|main.py|INFO] EPOCH [63/100] Learning rate: 0.00000
[Wed Apr 19 23:12:51 2023|main.py|INFO] EPOCH [64/100] Train NME: 0.01329
[Wed Apr 19 23:12:52 2023|main.py|INFO] EPOCH [64/100] Test NME: 0.03625
[Wed Apr 19 23:12:52 2023|main.py|INFO] EPOCH [64/100] Learning rate: 0.00000
[Wed Apr 19 23:13:12 2023|main.py|INFO] EPOCH [65/100] Train NME: 0.01335
[Wed Apr 19 23:13:13 2023|main.py|INFO] EPOCH [65/100] Test NME: 0.03608
[Wed Apr 19 23:13:13 2023|main.py|INFO] EPOCH [65/100] Learning rate: 0.00000
[Wed Apr 19 23:13:33 2023|main.py|INFO] EPOCH [66/100] Train NME: 0.01324
[Wed Apr 19 23:13:34 2023|main.py|INFO] EPOCH [66/100] Test NME: 0.03627
[Wed Apr 19 23:13:34 2023|main.py|INFO] EPOCH [66/100] Learning rate: 0.00000
[Wed Apr 19 23:13:55 2023|main.py|INFO] EPOCH [67/100] Train NME: 0.01320
[Wed Apr 19 23:13:56 2023|main.py|INFO] EPOCH [67/100] Test NME: 0.03628
[Wed Apr 19 23:13:56 2023|main.py|INFO] EPOCH [67/100] Learning rate: 0.00000
[Wed Apr 19 23:14:17 2023|main.py|INFO] EPOCH [68/100] Train NME: 0.01321
[Wed Apr 19 23:14:18 2023|main.py|INFO] EPOCH [68/100] Test NME: 0.03660
[Wed Apr 19 23:14:18 2023|main.py|INFO] EPOCH [68/100] Learning rate: 0.00000
[Wed Apr 19 23:14:38 2023|main.py|INFO] EPOCH [69/100] Train NME: 0.01327
[Wed Apr 19 23:14:40 2023|main.py|INFO] EPOCH [69/100] Test NME: 0.03656
[Wed Apr 19 23:14:40 2023|main.py|INFO] EPOCH [69/100] Learning rate: 0.00000
[Wed Apr 19 23:15:00 2023|main.py|INFO] EPOCH [70/100] Train NME: 0.01320
[Wed Apr 19 23:15:01 2023|main.py|INFO] EPOCH [70/100] Test NME: 0.03620
[Wed Apr 19 23:15:01 2023|main.py|INFO] EPOCH [70/100] Learning rate: 0.00000
[Wed Apr 19 23:15:23 2023|main.py|INFO] EPOCH [71/100] Train NME: 0.01330
[Wed Apr 19 23:15:24 2023|main.py|INFO] EPOCH [71/100] Test NME: 0.03614
[Wed Apr 19 23:15:24 2023|main.py|INFO] EPOCH [71/100] Learning rate: 0.00000
[Wed Apr 19 23:15:45 2023|main.py|INFO] EPOCH [72/100] Train NME: 0.01335
[Wed Apr 19 23:15:46 2023|main.py|INFO] EPOCH [72/100] Test NME: 0.03623
[Wed Apr 19 23:15:46 2023|main.py|INFO] EPOCH [72/100] Learning rate: 0.00000
[Wed Apr 19 23:16:07 2023|main.py|INFO] EPOCH [73/100] Train NME: 0.01334
[Wed Apr 19 23:16:08 2023|main.py|INFO] EPOCH [73/100] Test NME: 0.03660
[Wed Apr 19 23:16:08 2023|main.py|INFO] EPOCH [73/100] Learning rate: 0.00000
[Wed Apr 19 23:16:28 2023|main.py|INFO] EPOCH [74/100] Train NME: 0.01333
[Wed Apr 19 23:16:30 2023|main.py|INFO] EPOCH [74/100] Test NME: 0.03635
[Wed Apr 19 23:16:30 2023|main.py|INFO] EPOCH [74/100] Learning rate: 0.00000
[Wed Apr 19 23:16:52 2023|main.py|INFO] EPOCH [75/100] Train NME: 0.01331
[Wed Apr 19 23:16:53 2023|main.py|INFO] EPOCH [75/100] Test NME: 0.03632
[Wed Apr 19 23:16:53 2023|main.py|INFO] EPOCH [75/100] Learning rate: 0.00000
[Wed Apr 19 23:17:15 2023|main.py|INFO] EPOCH [76/100] Train NME: 0.01327
[Wed Apr 19 23:17:16 2023|main.py|INFO] EPOCH [76/100] Test NME: 0.03594
[Wed Apr 19 23:17:16 2023|main.py|INFO] EPOCH [76/100] Learning rate: 0.00000
[Wed Apr 19 23:17:37 2023|main.py|INFO] EPOCH [77/100] Train NME: 0.01331
[Wed Apr 19 23:17:39 2023|main.py|INFO] EPOCH [77/100] Test NME: 0.03613
[Wed Apr 19 23:17:39 2023|main.py|INFO] EPOCH [77/100] Learning rate: 0.00000
[Wed Apr 19 23:18:00 2023|main.py|INFO] EPOCH [78/100] Train NME: 0.01326
[Wed Apr 19 23:18:01 2023|main.py|INFO] EPOCH [78/100] Test NME: 0.03595
[Wed Apr 19 23:18:01 2023|main.py|INFO] EPOCH [78/100] Learning rate: 0.00000
[Wed Apr 19 23:18:23 2023|main.py|INFO] EPOCH [79/100] Train NME: 0.01321
[Wed Apr 19 23:18:24 2023|main.py|INFO] EPOCH [79/100] Test NME: 0.03603
[Wed Apr 19 23:18:24 2023|main.py|INFO] EPOCH [79/100] Learning rate: 0.00000
[Wed Apr 19 23:18:46 2023|main.py|INFO] EPOCH [80/100] Train NME: 0.01325
[Wed Apr 19 23:18:47 2023|main.py|INFO] EPOCH [80/100] Test NME: 0.03640
[Wed Apr 19 23:18:47 2023|main.py|INFO] EPOCH [80/100] Learning rate: 0.00000
[Wed Apr 19 23:19:10 2023|main.py|INFO] EPOCH [81/100] Train NME: 0.01340
[Wed Apr 19 23:19:11 2023|main.py|INFO] EPOCH [81/100] Test NME: 0.03595
[Wed Apr 19 23:19:11 2023|main.py|INFO] EPOCH [81/100] Learning rate: 0.00000
[Wed Apr 19 23:19:34 2023|main.py|INFO] EPOCH [82/100] Train NME: 0.01334
[Wed Apr 19 23:19:35 2023|main.py|INFO] EPOCH [82/100] Test NME: 0.03580
[Wed Apr 19 23:19:35 2023|main.py|INFO] EPOCH [82/100] Learning rate: 0.00000
[Wed Apr 19 23:19:57 2023|main.py|INFO] EPOCH [83/100] Train NME: 0.01316
[Wed Apr 19 23:19:58 2023|main.py|INFO] EPOCH [83/100] Test NME: 0.03623
[Wed Apr 19 23:19:58 2023|main.py|INFO] EPOCH [83/100] Learning rate: 0.00000
[Wed Apr 19 23:20:19 2023|main.py|INFO] EPOCH [84/100] Train NME: 0.01337
[Wed Apr 19 23:20:21 2023|main.py|INFO] EPOCH [84/100] Test NME: 0.03627
[Wed Apr 19 23:20:21 2023|main.py|INFO] EPOCH [84/100] Learning rate: 0.00000
[Wed Apr 19 23:20:43 2023|main.py|INFO] EPOCH [85/100] Train NME: 0.01330
[Wed Apr 19 23:20:44 2023|main.py|INFO] EPOCH [85/100] Test NME: 0.03592
[Wed Apr 19 23:20:44 2023|main.py|INFO] EPOCH [85/100] Learning rate: 0.00000
[Wed Apr 19 23:21:05 2023|main.py|INFO] EPOCH [86/100] Train NME: 0.01328
[Wed Apr 19 23:21:06 2023|main.py|INFO] EPOCH [86/100] Test NME: 0.03600
[Wed Apr 19 23:21:06 2023|main.py|INFO] EPOCH [86/100] Learning rate: 0.00000
[Wed Apr 19 23:21:27 2023|main.py|INFO] EPOCH [87/100] Train NME: 0.01328
[Wed Apr 19 23:21:28 2023|main.py|INFO] EPOCH [87/100] Test NME: 0.03615
[Wed Apr 19 23:21:28 2023|main.py|INFO] EPOCH [87/100] Learning rate: 0.00000
[Wed Apr 19 23:21:48 2023|main.py|INFO] EPOCH [88/100] Train NME: 0.01343
[Wed Apr 19 23:21:49 2023|main.py|INFO] EPOCH [88/100] Test NME: 0.03613
[Wed Apr 19 23:21:49 2023|main.py|INFO] EPOCH [88/100] Learning rate: 0.00000
[Wed Apr 19 23:22:10 2023|main.py|INFO] EPOCH [89/100] Train NME: 0.01337
[Wed Apr 19 23:22:11 2023|main.py|INFO] EPOCH [89/100] Test NME: 0.03648
[Wed Apr 19 23:22:11 2023|main.py|INFO] EPOCH [89/100] Learning rate: 0.00000
[Wed Apr 19 23:22:31 2023|main.py|INFO] EPOCH [90/100] Train NME: 0.01326
[Wed Apr 19 23:22:32 2023|main.py|INFO] EPOCH [90/100] Test NME: 0.03600
[Wed Apr 19 23:22:32 2023|main.py|INFO] EPOCH [90/100] Learning rate: 0.00000
[Wed Apr 19 23:22:52 2023|main.py|INFO] EPOCH [91/100] Train NME: 0.01327
[Wed Apr 19 23:22:53 2023|main.py|INFO] EPOCH [91/100] Test NME: 0.03628
[Wed Apr 19 23:22:53 2023|main.py|INFO] EPOCH [91/100] Learning rate: 0.00000
[Wed Apr 19 23:23:14 2023|main.py|INFO] EPOCH [92/100] Train NME: 0.01331
[Wed Apr 19 23:23:15 2023|main.py|INFO] EPOCH [92/100] Test NME: 0.03620
[Wed Apr 19 23:23:15 2023|main.py|INFO] EPOCH [92/100] Learning rate: 0.00000
[Wed Apr 19 23:23:35 2023|main.py|INFO] EPOCH [93/100] Train NME: 0.01327
[Wed Apr 19 23:23:36 2023|main.py|INFO] EPOCH [93/100] Test NME: 0.03596
[Wed Apr 19 23:23:36 2023|main.py|INFO] EPOCH [93/100] Learning rate: 0.00000
[Wed Apr 19 23:23:56 2023|main.py|INFO] EPOCH [94/100] Train NME: 0.01325
[Wed Apr 19 23:23:57 2023|main.py|INFO] EPOCH [94/100] Test NME: 0.03632
[Wed Apr 19 23:23:57 2023|main.py|INFO] EPOCH [94/100] Learning rate: 0.00000
[Wed Apr 19 23:24:18 2023|main.py|INFO] EPOCH [95/100] Train NME: 0.01331
[Wed Apr 19 23:24:19 2023|main.py|INFO] EPOCH [95/100] Test NME: 0.03618
[Wed Apr 19 23:24:19 2023|main.py|INFO] EPOCH [95/100] Learning rate: 0.00000
[Wed Apr 19 23:24:39 2023|main.py|INFO] EPOCH [96/100] Train NME: 0.01324
[Wed Apr 19 23:24:40 2023|main.py|INFO] EPOCH [96/100] Test NME: 0.03606
[Wed Apr 19 23:24:40 2023|main.py|INFO] EPOCH [96/100] Learning rate: 0.00000
[Wed Apr 19 23:25:00 2023|main.py|INFO] EPOCH [97/100] Train NME: 0.01327
[Wed Apr 19 23:25:01 2023|main.py|INFO] EPOCH [97/100] Test NME: 0.03631
[Wed Apr 19 23:25:01 2023|main.py|INFO] EPOCH [97/100] Learning rate: 0.00000
[Wed Apr 19 23:25:21 2023|main.py|INFO] EPOCH [98/100] Train NME: 0.01331
[Wed Apr 19 23:25:22 2023|main.py|INFO] EPOCH [98/100] Test NME: 0.03592
[Wed Apr 19 23:25:22 2023|main.py|INFO] EPOCH [98/100] Learning rate: 0.00000
[Wed Apr 19 23:25:43 2023|main.py|INFO] EPOCH [99/100] Train NME: 0.01329
[Wed Apr 19 23:25:44 2023|main.py|INFO] EPOCH [99/100] Test NME: 0.03606
[Wed Apr 19 23:25:44 2023|main.py|INFO] EPOCH [99/100] Learning rate: 0.00000
[Wed Apr 19 23:26:04 2023|main.py|INFO] EPOCH [100/100] Train NME: 0.01327
[Wed Apr 19 23:26:05 2023|main.py|INFO] EPOCH [100/100] Test NME: 0.03605
[Wed Apr 19 23:26:05 2023|main.py|INFO] EPOCH [100/100] Learning rate: 0.00000
