[Sat Apr 22 18:43:20 2023|main.py|INFO] Task: Cas_Stage2_noAug_MSE-S1_noAug_MSE-lr0.6g0.9_B2
[Sat Apr 22 18:43:20 2023|main.py|INFO] Training cascade stage 2
[Sat Apr 22 18:43:20 2023|main.py|INFO] Stage 1 model: resnet18
[Sat Apr 22 18:43:20 2023|main.py|INFO] Stage 1 model path: checkpoints/Cas_Stage1_noAug_MSE/Cas_Stage1_noAug_MSE_lr0.5_B2/2023-04-20_18-11-00_epoch_68_NME_0.03373.pth.tar
[Sat Apr 22 18:43:20 2023|main.py|INFO] Using device: cuda
[Sat Apr 22 18:43:20 2023|main.py|INFO] Using config: config\Cas_Stage2_noAug_MSE-S1_noAug_MSE\Cas_Stage2_noAug_MSE-S1_noAug_MSE-lr0.6g0.9_B2.yaml
[Sat Apr 22 18:43:20 2023|main.py|INFO] Train path: data/training_images_full_train.npz
[Sat Apr 22 18:43:20 2023|main.py|INFO] Test path: data/training_images_full_test.npz
[Sat Apr 22 18:43:20 2023|main.py|INFO] Train augment: False
[Sat Apr 22 18:43:20 2023|main.py|INFO] Learning rate: 0.6
[Sat Apr 22 18:43:20 2023|main.py|INFO] Batch size: 2
[Sat Apr 22 18:43:20 2023|main.py|INFO] Num epochs: 120
[Sat Apr 22 18:43:20 2023|main.py|INFO] Save model: True
[Sat Apr 22 18:43:20 2023|main.py|INFO] Loss: MSE
[Sat Apr 22 18:43:20 2023|main.py|INFO] Log path: logs/Cas_Stage2_noAug_MSE-S1_noAug_MSE-lr0.6g0.9_B2/2023-04-22_18-43-20.log
[Sat Apr 22 18:43:20 2023|main.py|INFO] Writer path: runs/Cas_Stage2_noAug_MSE-S1_noAug_MSE-lr0.6g0.9_B2/2023-04-22_18-43-20
[Sat Apr 22 18:43:20 2023|main.py|INFO] Model name: resnet50
[Sat Apr 22 18:43:20 2023|main.py|INFO] Num outputs: 88
[Sat Apr 22 18:43:20 2023|main.py|INFO] Pretrained: True
[Sat Apr 22 18:43:20 2023|main.py|INFO] Load model: False
[Sat Apr 22 18:43:20 2023|main.py|INFO] Load path: None
[Sat Apr 22 18:43:20 2023|main.py|INFO] Loading data...
[Sat Apr 22 18:43:20 2023|main.py|INFO] Load stage 1 model
[Sat Apr 22 18:43:23 2023|main.py|INFO] Load dataset for cascade stage 2
[Sat Apr 22 18:43:25 2023|main.py|INFO] Initializing network resnet50 with 88 outputs...
[Sat Apr 22 18:43:26 2023|main.py|INFO] Network: ResNet(
  (conv1): Conv2d(3, 64, kernel_size=(7, 7), stride=(2, 2), padding=(3, 3), bias=False)
  (bn1): BatchNorm2d(64, eps=1e-05, momentum=0.1, affine=True, track_running_stats=True)
  (relu): ReLU(inplace=True)
  (maxpool): MaxPool2d(kernel_size=3, stride=2, padding=1, dilation=1, ceil_mode=False)
  (layer1): Sequential(
    (0): BottleNeck(
      (conv1): Conv2d(64, 64, kernel_size=(1, 1), stride=(1, 1), bias=False)
      (bn1): BatchNorm2d(64, eps=1e-05, momentum=0.1, affine=True, track_running_stats=True)
      (relu): ReLU(inplace=True)
      (conv2): Conv2d(64, 64, kernel_size=(3, 3), stride=(1, 1), padding=(1, 1), bias=False)
      (bn2): BatchNorm2d(64, eps=1e-05, momentum=0.1, affine=True, track_running_stats=True)
      (conv3): Conv2d(64, 256, kernel_size=(1, 1), stride=(1, 1), bias=False)
      (bn3): BatchNorm2d(256, eps=1e-05, momentum=0.1, affine=True, track_running_stats=True)
      (downsample): Sequential(
        (0): Conv2d(64, 256, kernel_size=(1, 1), stride=(1, 1), bias=False)
        (1): BatchNorm2d(256, eps=1e-05, momentum=0.1, affine=True, track_running_stats=True)
      )
    )
    (1): BottleNeck(
      (conv1): Conv2d(256, 64, kernel_size=(1, 1), stride=(1, 1), bias=False)
      (bn1): BatchNorm2d(64, eps=1e-05, momentum=0.1, affine=True, track_running_stats=True)
      (relu): ReLU(inplace=True)
      (conv2): Conv2d(64, 64, kernel_size=(3, 3), stride=(1, 1), padding=(1, 1), bias=False)
      (bn2): BatchNorm2d(64, eps=1e-05, momentum=0.1, affine=True, track_running_stats=True)
      (conv3): Conv2d(64, 256, kernel_size=(1, 1), stride=(1, 1), bias=False)
      (bn3): BatchNorm2d(256, eps=1e-05, momentum=0.1, affine=True, track_running_stats=True)
    )
    (2): BottleNeck(
      (conv1): Conv2d(256, 64, kernel_size=(1, 1), stride=(1, 1), bias=False)
      (bn1): BatchNorm2d(64, eps=1e-05, momentum=0.1, affine=True, track_running_stats=True)
      (relu): ReLU(inplace=True)
      (conv2): Conv2d(64, 64, kernel_size=(3, 3), stride=(1, 1), padding=(1, 1), bias=False)
      (bn2): BatchNorm2d(64, eps=1e-05, momentum=0.1, affine=True, track_running_stats=True)
      (conv3): Conv2d(64, 256, kernel_size=(1, 1), stride=(1, 1), bias=False)
      (bn3): BatchNorm2d(256, eps=1e-05, momentum=0.1, affine=True, track_running_stats=True)
    )
  )
  (layer2): Sequential(
    (0): BottleNeck(
      (conv1): Conv2d(256, 128, kernel_size=(1, 1), stride=(1, 1), bias=False)
      (bn1): BatchNorm2d(128, eps=1e-05, momentum=0.1, affine=True, track_running_stats=True)
      (relu): ReLU(inplace=True)
      (conv2): Conv2d(128, 128, kernel_size=(3, 3), stride=(2, 2), padding=(1, 1), bias=False)
      (bn2): BatchNorm2d(128, eps=1e-05, momentum=0.1, affine=True, track_running_stats=True)
      (conv3): Conv2d(128, 512, kernel_size=(1, 1), stride=(1, 1), bias=False)
      (bn3): BatchNorm2d(512, eps=1e-05, momentum=0.1, affine=True, track_running_stats=True)
      (downsample): Sequential(
        (0): Conv2d(256, 512, kernel_size=(1, 1), stride=(2, 2), bias=False)
        (1): BatchNorm2d(512, eps=1e-05, momentum=0.1, affine=True, track_running_stats=True)
      )
    )
    (1): BottleNeck(
      (conv1): Conv2d(512, 128, kernel_size=(1, 1), stride=(1, 1), bias=False)
      (bn1): BatchNorm2d(128, eps=1e-05, momentum=0.1, affine=True, track_running_stats=True)
      (relu): ReLU(inplace=True)
      (conv2): Conv2d(128, 128, kernel_size=(3, 3), stride=(1, 1), padding=(1, 1), bias=False)
      (bn2): BatchNorm2d(128, eps=1e-05, momentum=0.1, affine=True, track_running_stats=True)
      (conv3): Conv2d(128, 512, kernel_size=(1, 1), stride=(1, 1), bias=False)
      (bn3): BatchNorm2d(512, eps=1e-05, momentum=0.1, affine=True, track_running_stats=True)
    )
    (2): BottleNeck(
      (conv1): Conv2d(512, 128, kernel_size=(1, 1), stride=(1, 1), bias=False)
      (bn1): BatchNorm2d(128, eps=1e-05, momentum=0.1, affine=True, track_running_stats=True)
      (relu): ReLU(inplace=True)
      (conv2): Conv2d(128, 128, kernel_size=(3, 3), stride=(1, 1), padding=(1, 1), bias=False)
      (bn2): BatchNorm2d(128, eps=1e-05, momentum=0.1, affine=True, track_running_stats=True)
      (conv3): Conv2d(128, 512, kernel_size=(1, 1), stride=(1, 1), bias=False)
      (bn3): BatchNorm2d(512, eps=1e-05, momentum=0.1, affine=True, track_running_stats=True)
    )
    (3): BottleNeck(
      (conv1): Conv2d(512, 128, kernel_size=(1, 1), stride=(1, 1), bias=False)
      (bn1): BatchNorm2d(128, eps=1e-05, momentum=0.1, affine=True, track_running_stats=True)
      (relu): ReLU(inplace=True)
      (conv2): Conv2d(128, 128, kernel_size=(3, 3), stride=(1, 1), padding=(1, 1), bias=False)
      (bn2): BatchNorm2d(128, eps=1e-05, momentum=0.1, affine=True, track_running_stats=True)
      (conv3): Conv2d(128, 512, kernel_size=(1, 1), stride=(1, 1), bias=False)
      (bn3): BatchNorm2d(512, eps=1e-05, momentum=0.1, affine=True, track_running_stats=True)
    )
  )
  (layer3): Sequential(
    (0): BottleNeck(
      (conv1): Conv2d(512, 256, kernel_size=(1, 1), stride=(1, 1), bias=False)
      (bn1): BatchNorm2d(256, eps=1e-05, momentum=0.1, affine=True, track_running_stats=True)
      (relu): ReLU(inplace=True)
      (conv2): Conv2d(256, 256, kernel_size=(3, 3), stride=(2, 2), padding=(1, 1), bias=False)
      (bn2): BatchNorm2d(256, eps=1e-05, momentum=0.1, affine=True, track_running_stats=True)
      (conv3): Conv2d(256, 1024, kernel_size=(1, 1), stride=(1, 1), bias=False)
      (bn3): BatchNorm2d(1024, eps=1e-05, momentum=0.1, affine=True, track_running_stats=True)
      (downsample): Sequential(
        (0): Conv2d(512, 1024, kernel_size=(1, 1), stride=(2, 2), bias=False)
        (1): BatchNorm2d(1024, eps=1e-05, momentum=0.1, affine=True, track_running_stats=True)
      )
    )
    (1): BottleNeck(
      (conv1): Conv2d(1024, 256, kernel_size=(1, 1), stride=(1, 1), bias=False)
      (bn1): BatchNorm2d(256, eps=1e-05, momentum=0.1, affine=True, track_running_stats=True)
      (relu): ReLU(inplace=True)
      (conv2): Conv2d(256, 256, kernel_size=(3, 3), stride=(1, 1), padding=(1, 1), bias=False)
      (bn2): BatchNorm2d(256, eps=1e-05, momentum=0.1, affine=True, track_running_stats=True)
      (conv3): Conv2d(256, 1024, kernel_size=(1, 1), stride=(1, 1), bias=False)
      (bn3): BatchNorm2d(1024, eps=1e-05, momentum=0.1, affine=True, track_running_stats=True)
    )
    (2): BottleNeck(
      (conv1): Conv2d(1024, 256, kernel_size=(1, 1), stride=(1, 1), bias=False)
      (bn1): BatchNorm2d(256, eps=1e-05, momentum=0.1, affine=True, track_running_stats=True)
      (relu): ReLU(inplace=True)
      (conv2): Conv2d(256, 256, kernel_size=(3, 3), stride=(1, 1), padding=(1, 1), bias=False)
      (bn2): BatchNorm2d(256, eps=1e-05, momentum=0.1, affine=True, track_running_stats=True)
      (conv3): Conv2d(256, 1024, kernel_size=(1, 1), stride=(1, 1), bias=False)
      (bn3): BatchNorm2d(1024, eps=1e-05, momentum=0.1, affine=True, track_running_stats=True)
    )
    (3): BottleNeck(
      (conv1): Conv2d(1024, 256, kernel_size=(1, 1), stride=(1, 1), bias=False)
      (bn1): BatchNorm2d(256, eps=1e-05, momentum=0.1, affine=True, track_running_stats=True)
      (relu): ReLU(inplace=True)
      (conv2): Conv2d(256, 256, kernel_size=(3, 3), stride=(1, 1), padding=(1, 1), bias=False)
      (bn2): BatchNorm2d(256, eps=1e-05, momentum=0.1, affine=True, track_running_stats=True)
      (conv3): Conv2d(256, 1024, kernel_size=(1, 1), stride=(1, 1), bias=False)
      (bn3): BatchNorm2d(1024, eps=1e-05, momentum=0.1, affine=True, track_running_stats=True)
    )
    (4): BottleNeck(
      (conv1): Conv2d(1024, 256, kernel_size=(1, 1), stride=(1, 1), bias=False)
      (bn1): BatchNorm2d(256, eps=1e-05, momentum=0.1, affine=True, track_running_stats=True)
      (relu): ReLU(inplace=True)
      (conv2): Conv2d(256, 256, kernel_size=(3, 3), stride=(1, 1), padding=(1, 1), bias=False)
      (bn2): BatchNorm2d(256, eps=1e-05, momentum=0.1, affine=True, track_running_stats=True)
      (conv3): Conv2d(256, 1024, kernel_size=(1, 1), stride=(1, 1), bias=False)
      (bn3): BatchNorm2d(1024, eps=1e-05, momentum=0.1, affine=True, track_running_stats=True)
    )
    (5): BottleNeck(
      (conv1): Conv2d(1024, 256, kernel_size=(1, 1), stride=(1, 1), bias=False)
      (bn1): BatchNorm2d(256, eps=1e-05, momentum=0.1, affine=True, track_running_stats=True)
      (relu): ReLU(inplace=True)
      (conv2): Conv2d(256, 256, kernel_size=(3, 3), stride=(1, 1), padding=(1, 1), bias=False)
      (bn2): BatchNorm2d(256, eps=1e-05, momentum=0.1, affine=True, track_running_stats=True)
      (conv3): Conv2d(256, 1024, kernel_size=(1, 1), stride=(1, 1), bias=False)
      (bn3): BatchNorm2d(1024, eps=1e-05, momentum=0.1, affine=True, track_running_stats=True)
    )
  )
  (layer4): Sequential(
    (0): BottleNeck(
      (conv1): Conv2d(1024, 512, kernel_size=(1, 1), stride=(1, 1), bias=False)
      (bn1): BatchNorm2d(512, eps=1e-05, momentum=0.1, affine=True, track_running_stats=True)
      (relu): ReLU(inplace=True)
      (conv2): Conv2d(512, 512, kernel_size=(3, 3), stride=(2, 2), padding=(1, 1), bias=False)
      (bn2): BatchNorm2d(512, eps=1e-05, momentum=0.1, affine=True, track_running_stats=True)
      (conv3): Conv2d(512, 2048, kernel_size=(1, 1), stride=(1, 1), bias=False)
      (bn3): BatchNorm2d(2048, eps=1e-05, momentum=0.1, affine=True, track_running_stats=True)
      (downsample): Sequential(
        (0): Conv2d(1024, 2048, kernel_size=(1, 1), stride=(2, 2), bias=False)
        (1): BatchNorm2d(2048, eps=1e-05, momentum=0.1, affine=True, track_running_stats=True)
      )
    )
    (1): BottleNeck(
      (conv1): Conv2d(2048, 512, kernel_size=(1, 1), stride=(1, 1), bias=False)
      (bn1): BatchNorm2d(512, eps=1e-05, momentum=0.1, affine=True, track_running_stats=True)
      (relu): ReLU(inplace=True)
      (conv2): Conv2d(512, 512, kernel_size=(3, 3), stride=(1, 1), padding=(1, 1), bias=False)
      (bn2): BatchNorm2d(512, eps=1e-05, momentum=0.1, affine=True, track_running_stats=True)
      (conv3): Conv2d(512, 2048, kernel_size=(1, 1), stride=(1, 1), bias=False)
      (bn3): BatchNorm2d(2048, eps=1e-05, momentum=0.1, affine=True, track_running_stats=True)
    )
    (2): BottleNeck(
      (conv1): Conv2d(2048, 512, kernel_size=(1, 1), stride=(1, 1), bias=False)
      (bn1): BatchNorm2d(512, eps=1e-05, momentum=0.1, affine=True, track_running_stats=True)
      (relu): ReLU(inplace=True)
      (conv2): Conv2d(512, 512, kernel_size=(3, 3), stride=(1, 1), padding=(1, 1), bias=False)
      (bn2): BatchNorm2d(512, eps=1e-05, momentum=0.1, affine=True, track_running_stats=True)
      (conv3): Conv2d(512, 2048, kernel_size=(1, 1), stride=(1, 1), bias=False)
      (bn3): BatchNorm2d(2048, eps=1e-05, momentum=0.1, affine=True, track_running_stats=True)
    )
  )
  (avgpool): AdaptiveAvgPool2d(output_size=(1, 1))
  (fc): Linear(in_features=2048, out_features=88, bias=True)
)
[Sat Apr 22 18:43:26 2023|main.py|INFO] Initializing loss and optimizer...
[Sat Apr 22 18:43:26 2023|main.py|INFO] Loss: MSE
[Sat Apr 22 18:43:26 2023|main.py|INFO] Optimizer: Adam
[Sat Apr 22 18:43:26 2023|main.py|INFO] Initializing tensorboard writer at: runs/Cas_Stage2_noAug_MSE-S1_noAug_MSE-lr0.6g0.9_B2/2023-04-22_18-43-20
[Sat Apr 22 18:43:26 2023|main.py|INFO] Training network...
[Sat Apr 22 18:44:05 2023|main.py|INFO] EPOCH [1/120] Train NME: 1.33559
[Sat Apr 22 18:44:10 2023|main.py|INFO] EPOCH [1/120] Test NME: 0.30458
[Sat Apr 22 18:44:10 2023|main.py|INFO] EPOCH [1/120] Learning rate: 0.60000
[Sat Apr 22 18:44:10 2023|main.py|INFO] EPOCH [1/120] NME improved from 1000.00000 to 0.30458
[Sat Apr 22 18:44:10 2023|main.py|INFO] EPOCH [1/120] Saving model to: checkpoints/Cas_Stage2_noAug_MSE-S1_noAug_MSE-lr0.6g0.9_B2/2023-04-22_18-44-10_epoch_1_NME_0.30458.pth.tar
[Sat Apr 22 18:44:48 2023|main.py|INFO] EPOCH [2/120] Train NME: 0.33825
[Sat Apr 22 18:44:53 2023|main.py|INFO] EPOCH [2/120] Test NME: 0.39894
[Sat Apr 22 18:44:53 2023|main.py|INFO] EPOCH [2/120] Learning rate: 0.54000
[Sat Apr 22 18:45:31 2023|main.py|INFO] EPOCH [3/120] Train NME: 0.27066
[Sat Apr 22 18:45:36 2023|main.py|INFO] EPOCH [3/120] Test NME: 0.18973
[Sat Apr 22 18:45:36 2023|main.py|INFO] EPOCH [3/120] Learning rate: 0.48600
[Sat Apr 22 18:45:36 2023|main.py|INFO] EPOCH [3/120] NME improved from 0.30458 to 0.18973
[Sat Apr 22 18:45:36 2023|main.py|INFO] EPOCH [3/120] Saving model to: checkpoints/Cas_Stage2_noAug_MSE-S1_noAug_MSE-lr0.6g0.9_B2/2023-04-22_18-45-36_epoch_3_NME_0.18973.pth.tar
[Sat Apr 22 18:46:16 2023|main.py|INFO] EPOCH [4/120] Train NME: 0.20388
[Sat Apr 22 18:46:21 2023|main.py|INFO] EPOCH [4/120] Test NME: 0.14097
[Sat Apr 22 18:46:21 2023|main.py|INFO] EPOCH [4/120] Learning rate: 0.43740
[Sat Apr 22 18:46:21 2023|main.py|INFO] EPOCH [4/120] NME improved from 0.18973 to 0.14097
[Sat Apr 22 18:46:21 2023|main.py|INFO] EPOCH [4/120] Saving model to: checkpoints/Cas_Stage2_noAug_MSE-S1_noAug_MSE-lr0.6g0.9_B2/2023-04-22_18-46-21_epoch_4_NME_0.14097.pth.tar
[Sat Apr 22 18:47:00 2023|main.py|INFO] EPOCH [5/120] Train NME: 0.16677
[Sat Apr 22 18:47:05 2023|main.py|INFO] EPOCH [5/120] Test NME: 0.13487
[Sat Apr 22 18:47:05 2023|main.py|INFO] EPOCH [5/120] Learning rate: 0.39366
[Sat Apr 22 18:47:05 2023|main.py|INFO] EPOCH [5/120] NME improved from 0.14097 to 0.13487
[Sat Apr 22 18:47:05 2023|main.py|INFO] EPOCH [5/120] Saving model to: checkpoints/Cas_Stage2_noAug_MSE-S1_noAug_MSE-lr0.6g0.9_B2/2023-04-22_18-47-05_epoch_5_NME_0.13487.pth.tar
[Sat Apr 22 18:47:45 2023|main.py|INFO] EPOCH [6/120] Train NME: 0.13449
[Sat Apr 22 18:47:50 2023|main.py|INFO] EPOCH [6/120] Test NME: 0.11774
[Sat Apr 22 18:47:50 2023|main.py|INFO] EPOCH [6/120] Learning rate: 0.35429
[Sat Apr 22 18:47:50 2023|main.py|INFO] EPOCH [6/120] NME improved from 0.13487 to 0.11774
[Sat Apr 22 18:47:50 2023|main.py|INFO] EPOCH [6/120] Saving model to: checkpoints/Cas_Stage2_noAug_MSE-S1_noAug_MSE-lr0.6g0.9_B2/2023-04-22_18-47-50_epoch_6_NME_0.11774.pth.tar
[Sat Apr 22 18:48:30 2023|main.py|INFO] EPOCH [7/120] Train NME: 0.12315
[Sat Apr 22 18:48:35 2023|main.py|INFO] EPOCH [7/120] Test NME: 0.10500
[Sat Apr 22 18:48:35 2023|main.py|INFO] EPOCH [7/120] Learning rate: 0.31886
[Sat Apr 22 18:48:35 2023|main.py|INFO] EPOCH [7/120] NME improved from 0.11774 to 0.10500
[Sat Apr 22 18:48:35 2023|main.py|INFO] EPOCH [7/120] Saving model to: checkpoints/Cas_Stage2_noAug_MSE-S1_noAug_MSE-lr0.6g0.9_B2/2023-04-22_18-48-35_epoch_7_NME_0.10500.pth.tar
[Sat Apr 22 18:49:15 2023|main.py|INFO] EPOCH [8/120] Train NME: 0.12114
[Sat Apr 22 18:49:20 2023|main.py|INFO] EPOCH [8/120] Test NME: 0.11272
[Sat Apr 22 18:49:20 2023|main.py|INFO] EPOCH [8/120] Learning rate: 0.28698
[Sat Apr 22 18:49:59 2023|main.py|INFO] EPOCH [9/120] Train NME: 0.11653
[Sat Apr 22 18:50:05 2023|main.py|INFO] EPOCH [9/120] Test NME: 0.10896
[Sat Apr 22 18:50:05 2023|main.py|INFO] EPOCH [9/120] Learning rate: 0.25828
[Sat Apr 22 18:50:44 2023|main.py|INFO] EPOCH [10/120] Train NME: 0.11695
[Sat Apr 22 18:50:49 2023|main.py|INFO] EPOCH [10/120] Test NME: 0.10077
[Sat Apr 22 18:50:49 2023|main.py|INFO] EPOCH [10/120] Learning rate: 0.23245
[Sat Apr 22 18:50:49 2023|main.py|INFO] EPOCH [10/120] NME improved from 0.10500 to 0.10077
[Sat Apr 22 18:50:49 2023|main.py|INFO] EPOCH [10/120] Saving model to: checkpoints/Cas_Stage2_noAug_MSE-S1_noAug_MSE-lr0.6g0.9_B2/2023-04-22_18-50-49_epoch_10_NME_0.10077.pth.tar
[Sat Apr 22 18:51:29 2023|main.py|INFO] EPOCH [11/120] Train NME: 0.12025
[Sat Apr 22 18:51:35 2023|main.py|INFO] EPOCH [11/120] Test NME: 0.11901
[Sat Apr 22 18:51:35 2023|main.py|INFO] EPOCH [11/120] Learning rate: 0.20921
[Sat Apr 22 18:52:14 2023|main.py|INFO] EPOCH [12/120] Train NME: 0.11776
[Sat Apr 22 18:52:20 2023|main.py|INFO] EPOCH [12/120] Test NME: 0.11270
[Sat Apr 22 18:52:20 2023|main.py|INFO] EPOCH [12/120] Learning rate: 0.18829
[Sat Apr 22 18:52:59 2023|main.py|INFO] EPOCH [13/120] Train NME: 0.11926
[Sat Apr 22 18:53:05 2023|main.py|INFO] EPOCH [13/120] Test NME: 0.09716
[Sat Apr 22 18:53:05 2023|main.py|INFO] EPOCH [13/120] Learning rate: 0.16946
[Sat Apr 22 18:53:05 2023|main.py|INFO] EPOCH [13/120] NME improved from 0.10077 to 0.09716
[Sat Apr 22 18:53:05 2023|main.py|INFO] EPOCH [13/120] Saving model to: checkpoints/Cas_Stage2_noAug_MSE-S1_noAug_MSE-lr0.6g0.9_B2/2023-04-22_18-53-05_epoch_13_NME_0.09716.pth.tar
[Sat Apr 22 18:53:45 2023|main.py|INFO] EPOCH [14/120] Train NME: 0.11114
[Sat Apr 22 18:53:50 2023|main.py|INFO] EPOCH [14/120] Test NME: 0.10063
[Sat Apr 22 18:53:50 2023|main.py|INFO] EPOCH [14/120] Learning rate: 0.15251
[Sat Apr 22 18:54:30 2023|main.py|INFO] EPOCH [15/120] Train NME: 0.11191
[Sat Apr 22 18:54:36 2023|main.py|INFO] EPOCH [15/120] Test NME: 0.10507
[Sat Apr 22 18:54:36 2023|main.py|INFO] EPOCH [15/120] Learning rate: 0.13726
[Sat Apr 22 18:55:15 2023|main.py|INFO] EPOCH [16/120] Train NME: 0.10867
[Sat Apr 22 18:55:21 2023|main.py|INFO] EPOCH [16/120] Test NME: 0.10075
[Sat Apr 22 18:55:21 2023|main.py|INFO] EPOCH [16/120] Learning rate: 0.12353
[Sat Apr 22 18:56:00 2023|main.py|INFO] EPOCH [17/120] Train NME: 0.10685
[Sat Apr 22 18:56:05 2023|main.py|INFO] EPOCH [17/120] Test NME: 0.10017
[Sat Apr 22 18:56:05 2023|main.py|INFO] EPOCH [17/120] Learning rate: 0.11118
[Sat Apr 22 18:56:45 2023|main.py|INFO] EPOCH [18/120] Train NME: 0.10472
[Sat Apr 22 18:56:50 2023|main.py|INFO] EPOCH [18/120] Test NME: 0.09466
[Sat Apr 22 18:56:50 2023|main.py|INFO] EPOCH [18/120] Learning rate: 0.10006
[Sat Apr 22 18:56:50 2023|main.py|INFO] EPOCH [18/120] NME improved from 0.09716 to 0.09466
[Sat Apr 22 18:56:50 2023|main.py|INFO] EPOCH [18/120] Saving model to: checkpoints/Cas_Stage2_noAug_MSE-S1_noAug_MSE-lr0.6g0.9_B2/2023-04-22_18-56-50_epoch_18_NME_0.09466.pth.tar
[Sat Apr 22 18:57:31 2023|main.py|INFO] EPOCH [19/120] Train NME: 0.10329
[Sat Apr 22 18:57:36 2023|main.py|INFO] EPOCH [19/120] Test NME: 0.10195
[Sat Apr 22 18:57:36 2023|main.py|INFO] EPOCH [19/120] Learning rate: 0.09006
[Sat Apr 22 18:58:16 2023|main.py|INFO] EPOCH [20/120] Train NME: 0.10266
[Sat Apr 22 18:58:21 2023|main.py|INFO] EPOCH [20/120] Test NME: 0.09826
[Sat Apr 22 18:58:21 2023|main.py|INFO] EPOCH [20/120] Learning rate: 0.08105
[Sat Apr 22 18:59:01 2023|main.py|INFO] EPOCH [21/120] Train NME: 0.10225
[Sat Apr 22 18:59:06 2023|main.py|INFO] EPOCH [21/120] Test NME: 0.10288
[Sat Apr 22 18:59:06 2023|main.py|INFO] EPOCH [21/120] Learning rate: 0.07295
[Sat Apr 22 18:59:46 2023|main.py|INFO] EPOCH [22/120] Train NME: 0.10344
[Sat Apr 22 18:59:51 2023|main.py|INFO] EPOCH [22/120] Test NME: 0.11151
[Sat Apr 22 18:59:51 2023|main.py|INFO] EPOCH [22/120] Learning rate: 0.06565
[Sat Apr 22 19:00:31 2023|main.py|INFO] EPOCH [23/120] Train NME: 0.10358
[Sat Apr 22 19:00:36 2023|main.py|INFO] EPOCH [23/120] Test NME: 0.10897
[Sat Apr 22 19:00:36 2023|main.py|INFO] EPOCH [23/120] Learning rate: 0.05909
[Sat Apr 22 19:01:16 2023|main.py|INFO] EPOCH [24/120] Train NME: 0.10490
[Sat Apr 22 19:01:21 2023|main.py|INFO] EPOCH [24/120] Test NME: 0.09595
[Sat Apr 22 19:01:21 2023|main.py|INFO] EPOCH [24/120] Learning rate: 0.05318
[Sat Apr 22 19:02:01 2023|main.py|INFO] EPOCH [25/120] Train NME: 0.10264
[Sat Apr 22 19:02:06 2023|main.py|INFO] EPOCH [25/120] Test NME: 0.11658
[Sat Apr 22 19:02:06 2023|main.py|INFO] EPOCH [25/120] Learning rate: 0.04786
[Sat Apr 22 19:02:46 2023|main.py|INFO] EPOCH [26/120] Train NME: 0.10463
[Sat Apr 22 19:02:51 2023|main.py|INFO] EPOCH [26/120] Test NME: 0.11013
[Sat Apr 22 19:02:51 2023|main.py|INFO] EPOCH [26/120] Learning rate: 0.04307
[Sat Apr 22 19:03:31 2023|main.py|INFO] EPOCH [27/120] Train NME: 0.10360
[Sat Apr 22 19:03:37 2023|main.py|INFO] EPOCH [27/120] Test NME: 0.09907
[Sat Apr 22 19:03:37 2023|main.py|INFO] EPOCH [27/120] Learning rate: 0.03877
[Sat Apr 22 19:04:16 2023|main.py|INFO] EPOCH [28/120] Train NME: 0.09946
[Sat Apr 22 19:04:21 2023|main.py|INFO] EPOCH [28/120] Test NME: 0.11043
[Sat Apr 22 19:04:21 2023|main.py|INFO] EPOCH [28/120] Learning rate: 0.03489
[Sat Apr 22 19:05:01 2023|main.py|INFO] EPOCH [29/120] Train NME: 0.09650
[Sat Apr 22 19:05:07 2023|main.py|INFO] EPOCH [29/120] Test NME: 0.08630
[Sat Apr 22 19:05:07 2023|main.py|INFO] EPOCH [29/120] Learning rate: 0.03140
[Sat Apr 22 19:05:07 2023|main.py|INFO] EPOCH [29/120] NME improved from 0.09466 to 0.08630
[Sat Apr 22 19:05:07 2023|main.py|INFO] EPOCH [29/120] Saving model to: checkpoints/Cas_Stage2_noAug_MSE-S1_noAug_MSE-lr0.6g0.9_B2/2023-04-22_19-05-07_epoch_29_NME_0.08630.pth.tar
[Sat Apr 22 19:05:47 2023|main.py|INFO] EPOCH [30/120] Train NME: 0.09231
[Sat Apr 22 19:05:52 2023|main.py|INFO] EPOCH [30/120] Test NME: 0.09159
[Sat Apr 22 19:05:52 2023|main.py|INFO] EPOCH [30/120] Learning rate: 0.02826
[Sat Apr 22 19:06:32 2023|main.py|INFO] EPOCH [31/120] Train NME: 0.09411
[Sat Apr 22 19:06:38 2023|main.py|INFO] EPOCH [31/120] Test NME: 0.12253
[Sat Apr 22 19:06:38 2023|main.py|INFO] EPOCH [31/120] Learning rate: 0.02543
[Sat Apr 22 19:07:18 2023|main.py|INFO] EPOCH [32/120] Train NME: 0.09257
[Sat Apr 22 19:07:23 2023|main.py|INFO] EPOCH [32/120] Test NME: 0.08643
[Sat Apr 22 19:07:23 2023|main.py|INFO] EPOCH [32/120] Learning rate: 0.02289
[Sat Apr 22 19:08:03 2023|main.py|INFO] EPOCH [33/120] Train NME: 0.08993
[Sat Apr 22 19:08:08 2023|main.py|INFO] EPOCH [33/120] Test NME: 0.07787
[Sat Apr 22 19:08:08 2023|main.py|INFO] EPOCH [33/120] Learning rate: 0.02060
[Sat Apr 22 19:08:08 2023|main.py|INFO] EPOCH [33/120] NME improved from 0.08630 to 0.07787
[Sat Apr 22 19:08:08 2023|main.py|INFO] EPOCH [33/120] Saving model to: checkpoints/Cas_Stage2_noAug_MSE-S1_noAug_MSE-lr0.6g0.9_B2/2023-04-22_19-08-08_epoch_33_NME_0.07787.pth.tar
[Sat Apr 22 19:08:49 2023|main.py|INFO] EPOCH [34/120] Train NME: 0.09103
[Sat Apr 22 19:08:54 2023|main.py|INFO] EPOCH [34/120] Test NME: 0.07924
[Sat Apr 22 19:08:54 2023|main.py|INFO] EPOCH [34/120] Learning rate: 0.01854
[Sat Apr 22 19:09:35 2023|main.py|INFO] EPOCH [35/120] Train NME: 0.08682
[Sat Apr 22 19:09:40 2023|main.py|INFO] EPOCH [35/120] Test NME: 0.06976
[Sat Apr 22 19:09:40 2023|main.py|INFO] EPOCH [35/120] Learning rate: 0.01669
[Sat Apr 22 19:09:40 2023|main.py|INFO] EPOCH [35/120] NME improved from 0.07787 to 0.06976
[Sat Apr 22 19:09:40 2023|main.py|INFO] EPOCH [35/120] Saving model to: checkpoints/Cas_Stage2_noAug_MSE-S1_noAug_MSE-lr0.6g0.9_B2/2023-04-22_19-09-40_epoch_35_NME_0.06976.pth.tar
[Sat Apr 22 19:10:21 2023|main.py|INFO] EPOCH [36/120] Train NME: 0.08592
[Sat Apr 22 19:10:26 2023|main.py|INFO] EPOCH [36/120] Test NME: 0.07736
[Sat Apr 22 19:10:26 2023|main.py|INFO] EPOCH [36/120] Learning rate: 0.01502
[Sat Apr 22 19:11:06 2023|main.py|INFO] EPOCH [37/120] Train NME: 0.08471
[Sat Apr 22 19:11:11 2023|main.py|INFO] EPOCH [37/120] Test NME: 0.07395
[Sat Apr 22 19:11:11 2023|main.py|INFO] EPOCH [37/120] Learning rate: 0.01352
[Sat Apr 22 19:11:51 2023|main.py|INFO] EPOCH [38/120] Train NME: 0.08372
[Sat Apr 22 19:11:56 2023|main.py|INFO] EPOCH [38/120] Test NME: 0.07041
[Sat Apr 22 19:11:56 2023|main.py|INFO] EPOCH [38/120] Learning rate: 0.01217
[Sat Apr 22 19:12:36 2023|main.py|INFO] EPOCH [39/120] Train NME: 0.08198
[Sat Apr 22 19:12:42 2023|main.py|INFO] EPOCH [39/120] Test NME: 0.07337
[Sat Apr 22 19:12:42 2023|main.py|INFO] EPOCH [39/120] Learning rate: 0.01095
[Sat Apr 22 19:13:22 2023|main.py|INFO] EPOCH [40/120] Train NME: 0.08345
[Sat Apr 22 19:13:27 2023|main.py|INFO] EPOCH [40/120] Test NME: 0.06790
[Sat Apr 22 19:13:27 2023|main.py|INFO] EPOCH [40/120] Learning rate: 0.00985
[Sat Apr 22 19:13:27 2023|main.py|INFO] EPOCH [40/120] NME improved from 0.06976 to 0.06790
[Sat Apr 22 19:13:27 2023|main.py|INFO] EPOCH [40/120] Saving model to: checkpoints/Cas_Stage2_noAug_MSE-S1_noAug_MSE-lr0.6g0.9_B2/2023-04-22_19-13-27_epoch_40_NME_0.06790.pth.tar
[Sat Apr 22 19:14:07 2023|main.py|INFO] EPOCH [41/120] Train NME: 0.08184
[Sat Apr 22 19:14:12 2023|main.py|INFO] EPOCH [41/120] Test NME: 0.06713
[Sat Apr 22 19:14:12 2023|main.py|INFO] EPOCH [41/120] Learning rate: 0.00887
[Sat Apr 22 19:14:12 2023|main.py|INFO] EPOCH [41/120] NME improved from 0.06790 to 0.06713
[Sat Apr 22 19:14:12 2023|main.py|INFO] EPOCH [41/120] Saving model to: checkpoints/Cas_Stage2_noAug_MSE-S1_noAug_MSE-lr0.6g0.9_B2/2023-04-22_19-14-12_epoch_41_NME_0.06713.pth.tar
[Sat Apr 22 19:14:53 2023|main.py|INFO] EPOCH [42/120] Train NME: 0.08205
[Sat Apr 22 19:14:58 2023|main.py|INFO] EPOCH [42/120] Test NME: 0.06759
[Sat Apr 22 19:14:58 2023|main.py|INFO] EPOCH [42/120] Learning rate: 0.00798
[Sat Apr 22 19:15:38 2023|main.py|INFO] EPOCH [43/120] Train NME: 0.07974
[Sat Apr 22 19:15:43 2023|main.py|INFO] EPOCH [43/120] Test NME: 0.07060
[Sat Apr 22 19:15:43 2023|main.py|INFO] EPOCH [43/120] Learning rate: 0.00718
[Sat Apr 22 19:16:23 2023|main.py|INFO] EPOCH [44/120] Train NME: 0.08038
[Sat Apr 22 19:16:28 2023|main.py|INFO] EPOCH [44/120] Test NME: 0.06636
[Sat Apr 22 19:16:28 2023|main.py|INFO] EPOCH [44/120] Learning rate: 0.00647
[Sat Apr 22 19:16:28 2023|main.py|INFO] EPOCH [44/120] NME improved from 0.06713 to 0.06636
[Sat Apr 22 19:16:28 2023|main.py|INFO] EPOCH [44/120] Saving model to: checkpoints/Cas_Stage2_noAug_MSE-S1_noAug_MSE-lr0.6g0.9_B2/2023-04-22_19-16-28_epoch_44_NME_0.06636.pth.tar
[Sat Apr 22 19:17:09 2023|main.py|INFO] EPOCH [45/120] Train NME: 0.08016
[Sat Apr 22 19:17:14 2023|main.py|INFO] EPOCH [45/120] Test NME: 0.06509
[Sat Apr 22 19:17:14 2023|main.py|INFO] EPOCH [45/120] Learning rate: 0.00582
[Sat Apr 22 19:17:14 2023|main.py|INFO] EPOCH [45/120] NME improved from 0.06636 to 0.06509
[Sat Apr 22 19:17:14 2023|main.py|INFO] EPOCH [45/120] Saving model to: checkpoints/Cas_Stage2_noAug_MSE-S1_noAug_MSE-lr0.6g0.9_B2/2023-04-22_19-17-14_epoch_45_NME_0.06509.pth.tar
[Sat Apr 22 19:17:55 2023|main.py|INFO] EPOCH [46/120] Train NME: 0.07804
[Sat Apr 22 19:18:00 2023|main.py|INFO] EPOCH [46/120] Test NME: 0.06360
[Sat Apr 22 19:18:00 2023|main.py|INFO] EPOCH [46/120] Learning rate: 0.00524
[Sat Apr 22 19:18:00 2023|main.py|INFO] EPOCH [46/120] NME improved from 0.06509 to 0.06360
[Sat Apr 22 19:18:00 2023|main.py|INFO] EPOCH [46/120] Saving model to: checkpoints/Cas_Stage2_noAug_MSE-S1_noAug_MSE-lr0.6g0.9_B2/2023-04-22_19-18-00_epoch_46_NME_0.06360.pth.tar
[Sat Apr 22 19:18:41 2023|main.py|INFO] EPOCH [47/120] Train NME: 0.07875
[Sat Apr 22 19:18:46 2023|main.py|INFO] EPOCH [47/120] Test NME: 0.06528
[Sat Apr 22 19:18:46 2023|main.py|INFO] EPOCH [47/120] Learning rate: 0.00471
[Sat Apr 22 19:19:26 2023|main.py|INFO] EPOCH [48/120] Train NME: 0.07789
[Sat Apr 22 19:19:31 2023|main.py|INFO] EPOCH [48/120] Test NME: 0.06346
[Sat Apr 22 19:19:31 2023|main.py|INFO] EPOCH [48/120] Learning rate: 0.00424
[Sat Apr 22 19:19:31 2023|main.py|INFO] EPOCH [48/120] NME improved from 0.06360 to 0.06346
[Sat Apr 22 19:19:31 2023|main.py|INFO] EPOCH [48/120] Saving model to: checkpoints/Cas_Stage2_noAug_MSE-S1_noAug_MSE-lr0.6g0.9_B2/2023-04-22_19-19-31_epoch_48_NME_0.06346.pth.tar
[Sat Apr 22 19:20:12 2023|main.py|INFO] EPOCH [49/120] Train NME: 0.07897
[Sat Apr 22 19:20:17 2023|main.py|INFO] EPOCH [49/120] Test NME: 0.06243
[Sat Apr 22 19:20:17 2023|main.py|INFO] EPOCH [49/120] Learning rate: 0.00382
[Sat Apr 22 19:20:17 2023|main.py|INFO] EPOCH [49/120] NME improved from 0.06346 to 0.06243
[Sat Apr 22 19:20:17 2023|main.py|INFO] EPOCH [49/120] Saving model to: checkpoints/Cas_Stage2_noAug_MSE-S1_noAug_MSE-lr0.6g0.9_B2/2023-04-22_19-20-17_epoch_49_NME_0.06243.pth.tar
[Sat Apr 22 19:20:57 2023|main.py|INFO] EPOCH [50/120] Train NME: 0.07868
[Sat Apr 22 19:21:03 2023|main.py|INFO] EPOCH [50/120] Test NME: 0.06451
[Sat Apr 22 19:21:03 2023|main.py|INFO] EPOCH [50/120] Learning rate: 0.00344
[Sat Apr 22 19:21:43 2023|main.py|INFO] EPOCH [51/120] Train NME: 0.07692
[Sat Apr 22 19:21:48 2023|main.py|INFO] EPOCH [51/120] Test NME: 0.06834
[Sat Apr 22 19:21:48 2023|main.py|INFO] EPOCH [51/120] Learning rate: 0.00309
[Sat Apr 22 19:22:28 2023|main.py|INFO] EPOCH [52/120] Train NME: 0.07703
[Sat Apr 22 19:22:33 2023|main.py|INFO] EPOCH [52/120] Test NME: 0.06318
[Sat Apr 22 19:22:33 2023|main.py|INFO] EPOCH [52/120] Learning rate: 0.00278
[Sat Apr 22 19:23:13 2023|main.py|INFO] EPOCH [53/120] Train NME: 0.07694
[Sat Apr 22 19:23:19 2023|main.py|INFO] EPOCH [53/120] Test NME: 0.06382
[Sat Apr 22 19:23:19 2023|main.py|INFO] EPOCH [53/120] Learning rate: 0.00250
[Sat Apr 22 19:23:59 2023|main.py|INFO] EPOCH [54/120] Train NME: 0.07695
[Sat Apr 22 19:24:04 2023|main.py|INFO] EPOCH [54/120] Test NME: 0.06212
[Sat Apr 22 19:24:04 2023|main.py|INFO] EPOCH [54/120] Learning rate: 0.00225
[Sat Apr 22 19:24:04 2023|main.py|INFO] EPOCH [54/120] NME improved from 0.06243 to 0.06212
[Sat Apr 22 19:24:04 2023|main.py|INFO] EPOCH [54/120] Saving model to: checkpoints/Cas_Stage2_noAug_MSE-S1_noAug_MSE-lr0.6g0.9_B2/2023-04-22_19-24-04_epoch_54_NME_0.06212.pth.tar
[Sat Apr 22 19:24:44 2023|main.py|INFO] EPOCH [55/120] Train NME: 0.07669
[Sat Apr 22 19:24:50 2023|main.py|INFO] EPOCH [55/120] Test NME: 0.06267
[Sat Apr 22 19:24:50 2023|main.py|INFO] EPOCH [55/120] Learning rate: 0.00203
[Sat Apr 22 19:25:30 2023|main.py|INFO] EPOCH [56/120] Train NME: 0.07601
[Sat Apr 22 19:25:35 2023|main.py|INFO] EPOCH [56/120] Test NME: 0.06227
[Sat Apr 22 19:25:35 2023|main.py|INFO] EPOCH [56/120] Learning rate: 0.00183
[Sat Apr 22 19:26:15 2023|main.py|INFO] EPOCH [57/120] Train NME: 0.07652
[Sat Apr 22 19:26:20 2023|main.py|INFO] EPOCH [57/120] Test NME: 0.06193
[Sat Apr 22 19:26:20 2023|main.py|INFO] EPOCH [57/120] Learning rate: 0.00164
[Sat Apr 22 19:26:20 2023|main.py|INFO] EPOCH [57/120] NME improved from 0.06212 to 0.06193
[Sat Apr 22 19:26:20 2023|main.py|INFO] EPOCH [57/120] Saving model to: checkpoints/Cas_Stage2_noAug_MSE-S1_noAug_MSE-lr0.6g0.9_B2/2023-04-22_19-26-20_epoch_57_NME_0.06193.pth.tar
[Sat Apr 22 19:27:00 2023|main.py|INFO] EPOCH [58/120] Train NME: 0.07654
[Sat Apr 22 19:27:06 2023|main.py|INFO] EPOCH [58/120] Test NME: 0.06142
[Sat Apr 22 19:27:06 2023|main.py|INFO] EPOCH [58/120] Learning rate: 0.00148
[Sat Apr 22 19:27:06 2023|main.py|INFO] EPOCH [58/120] NME improved from 0.06193 to 0.06142
[Sat Apr 22 19:27:06 2023|main.py|INFO] EPOCH [58/120] Saving model to: checkpoints/Cas_Stage2_noAug_MSE-S1_noAug_MSE-lr0.6g0.9_B2/2023-04-22_19-27-06_epoch_58_NME_0.06142.pth.tar
[Sat Apr 22 19:27:48 2023|main.py|INFO] EPOCH [59/120] Train NME: 0.07571
[Sat Apr 22 19:27:54 2023|main.py|INFO] EPOCH [59/120] Test NME: 0.06136
[Sat Apr 22 19:27:54 2023|main.py|INFO] EPOCH [59/120] Learning rate: 0.00133
[Sat Apr 22 19:27:54 2023|main.py|INFO] EPOCH [59/120] NME improved from 0.06142 to 0.06136
[Sat Apr 22 19:27:54 2023|main.py|INFO] EPOCH [59/120] Saving model to: checkpoints/Cas_Stage2_noAug_MSE-S1_noAug_MSE-lr0.6g0.9_B2/2023-04-22_19-27-54_epoch_59_NME_0.06136.pth.tar
[Sat Apr 22 19:28:36 2023|main.py|INFO] EPOCH [60/120] Train NME: 0.07617
[Sat Apr 22 19:28:41 2023|main.py|INFO] EPOCH [60/120] Test NME: 0.06326
[Sat Apr 22 19:28:41 2023|main.py|INFO] EPOCH [60/120] Learning rate: 0.00120
[Sat Apr 22 19:29:22 2023|main.py|INFO] EPOCH [61/120] Train NME: 0.07549
[Sat Apr 22 19:29:27 2023|main.py|INFO] EPOCH [61/120] Test NME: 0.06346
[Sat Apr 22 19:29:27 2023|main.py|INFO] EPOCH [61/120] Learning rate: 0.00108
[Sat Apr 22 19:30:07 2023|main.py|INFO] EPOCH [62/120] Train NME: 0.07611
[Sat Apr 22 19:30:13 2023|main.py|INFO] EPOCH [62/120] Test NME: 0.06112
[Sat Apr 22 19:30:13 2023|main.py|INFO] EPOCH [62/120] Learning rate: 0.00097
[Sat Apr 22 19:30:13 2023|main.py|INFO] EPOCH [62/120] NME improved from 0.06136 to 0.06112
[Sat Apr 22 19:30:13 2023|main.py|INFO] EPOCH [62/120] Saving model to: checkpoints/Cas_Stage2_noAug_MSE-S1_noAug_MSE-lr0.6g0.9_B2/2023-04-22_19-30-13_epoch_62_NME_0.06112.pth.tar
[Sat Apr 22 19:30:54 2023|main.py|INFO] EPOCH [63/120] Train NME: 0.07525
[Sat Apr 22 19:31:00 2023|main.py|INFO] EPOCH [63/120] Test NME: 0.06313
[Sat Apr 22 19:31:00 2023|main.py|INFO] EPOCH [63/120] Learning rate: 0.00087
[Sat Apr 22 19:31:39 2023|main.py|INFO] EPOCH [64/120] Train NME: 0.07599
[Sat Apr 22 19:31:45 2023|main.py|INFO] EPOCH [64/120] Test NME: 0.06211
[Sat Apr 22 19:31:45 2023|main.py|INFO] EPOCH [64/120] Learning rate: 0.00079
[Sat Apr 22 19:32:24 2023|main.py|INFO] EPOCH [65/120] Train NME: 0.07530
[Sat Apr 22 19:32:29 2023|main.py|INFO] EPOCH [65/120] Test NME: 0.06214
[Sat Apr 22 19:32:29 2023|main.py|INFO] EPOCH [65/120] Learning rate: 0.00071
[Sat Apr 22 19:33:07 2023|main.py|INFO] EPOCH [66/120] Train NME: 0.07701
[Sat Apr 22 19:33:12 2023|main.py|INFO] EPOCH [66/120] Test NME: 0.06129
[Sat Apr 22 19:33:12 2023|main.py|INFO] EPOCH [66/120] Learning rate: 0.00064
[Sat Apr 22 19:33:51 2023|main.py|INFO] EPOCH [67/120] Train NME: 0.07478
[Sat Apr 22 19:33:56 2023|main.py|INFO] EPOCH [67/120] Test NME: 0.06318
[Sat Apr 22 19:33:56 2023|main.py|INFO] EPOCH [67/120] Learning rate: 0.00057
[Sat Apr 22 19:34:34 2023|main.py|INFO] EPOCH [68/120] Train NME: 0.07564
[Sat Apr 22 19:34:39 2023|main.py|INFO] EPOCH [68/120] Test NME: 0.06650
[Sat Apr 22 19:34:39 2023|main.py|INFO] EPOCH [68/120] Learning rate: 0.00052
[Sat Apr 22 19:35:17 2023|main.py|INFO] EPOCH [69/120] Train NME: 0.07565
[Sat Apr 22 19:35:23 2023|main.py|INFO] EPOCH [69/120] Test NME: 0.06156
[Sat Apr 22 19:35:23 2023|main.py|INFO] EPOCH [69/120] Learning rate: 0.00046
[Sat Apr 22 19:36:01 2023|main.py|INFO] EPOCH [70/120] Train NME: 0.07579
[Sat Apr 22 19:36:06 2023|main.py|INFO] EPOCH [70/120] Test NME: 0.06130
[Sat Apr 22 19:36:06 2023|main.py|INFO] EPOCH [70/120] Learning rate: 0.00042
[Sat Apr 22 19:36:44 2023|main.py|INFO] EPOCH [71/120] Train NME: 0.07631
[Sat Apr 22 19:36:49 2023|main.py|INFO] EPOCH [71/120] Test NME: 0.06141
[Sat Apr 22 19:36:49 2023|main.py|INFO] EPOCH [71/120] Learning rate: 0.00038
[Sat Apr 22 19:37:27 2023|main.py|INFO] EPOCH [72/120] Train NME: 0.07507
[Sat Apr 22 19:37:32 2023|main.py|INFO] EPOCH [72/120] Test NME: 0.06241
[Sat Apr 22 19:37:32 2023|main.py|INFO] EPOCH [72/120] Learning rate: 0.00034
[Sat Apr 22 19:38:10 2023|main.py|INFO] EPOCH [73/120] Train NME: 0.07582
[Sat Apr 22 19:38:15 2023|main.py|INFO] EPOCH [73/120] Test NME: 0.06152
[Sat Apr 22 19:38:15 2023|main.py|INFO] EPOCH [73/120] Learning rate: 0.00030
[Sat Apr 22 19:38:53 2023|main.py|INFO] EPOCH [74/120] Train NME: 0.07524
[Sat Apr 22 19:38:58 2023|main.py|INFO] EPOCH [74/120] Test NME: 0.06187
[Sat Apr 22 19:38:58 2023|main.py|INFO] EPOCH [74/120] Learning rate: 0.00027
[Sat Apr 22 19:39:36 2023|main.py|INFO] EPOCH [75/120] Train NME: 0.07619
[Sat Apr 22 19:39:41 2023|main.py|INFO] EPOCH [75/120] Test NME: 0.06410
[Sat Apr 22 19:39:41 2023|main.py|INFO] EPOCH [75/120] Learning rate: 0.00025
[Sat Apr 22 19:40:19 2023|main.py|INFO] EPOCH [76/120] Train NME: 0.07498
[Sat Apr 22 19:40:24 2023|main.py|INFO] EPOCH [76/120] Test NME: 0.06224
[Sat Apr 22 19:40:24 2023|main.py|INFO] EPOCH [76/120] Learning rate: 0.00022
[Sat Apr 22 19:41:02 2023|main.py|INFO] EPOCH [77/120] Train NME: 0.07559
[Sat Apr 22 19:41:07 2023|main.py|INFO] EPOCH [77/120] Test NME: 0.06216
[Sat Apr 22 19:41:07 2023|main.py|INFO] EPOCH [77/120] Learning rate: 0.00020
[Sat Apr 22 19:41:45 2023|main.py|INFO] EPOCH [78/120] Train NME: 0.07472
[Sat Apr 22 19:41:50 2023|main.py|INFO] EPOCH [78/120] Test NME: 0.06215
[Sat Apr 22 19:41:50 2023|main.py|INFO] EPOCH [78/120] Learning rate: 0.00018
[Sat Apr 22 19:42:28 2023|main.py|INFO] EPOCH [79/120] Train NME: 0.07548
[Sat Apr 22 19:42:33 2023|main.py|INFO] EPOCH [79/120] Test NME: 0.06129
[Sat Apr 22 19:42:33 2023|main.py|INFO] EPOCH [79/120] Learning rate: 0.00016
[Sat Apr 22 19:43:12 2023|main.py|INFO] EPOCH [80/120] Train NME: 0.07529
[Sat Apr 22 19:43:17 2023|main.py|INFO] EPOCH [80/120] Test NME: 0.06229
[Sat Apr 22 19:43:17 2023|main.py|INFO] EPOCH [80/120] Learning rate: 0.00015
[Sat Apr 22 19:43:55 2023|main.py|INFO] EPOCH [81/120] Train NME: 0.07537
[Sat Apr 22 19:44:00 2023|main.py|INFO] EPOCH [81/120] Test NME: 0.06304
[Sat Apr 22 19:44:00 2023|main.py|INFO] EPOCH [81/120] Learning rate: 0.00013
[Sat Apr 22 19:44:38 2023|main.py|INFO] EPOCH [82/120] Train NME: 0.07573
[Sat Apr 22 19:44:43 2023|main.py|INFO] EPOCH [82/120] Test NME: 0.06257
[Sat Apr 22 19:44:43 2023|main.py|INFO] EPOCH [82/120] Learning rate: 0.00012
[Sat Apr 22 19:45:21 2023|main.py|INFO] EPOCH [83/120] Train NME: 0.07559
[Sat Apr 22 19:45:26 2023|main.py|INFO] EPOCH [83/120] Test NME: 0.06178
[Sat Apr 22 19:45:26 2023|main.py|INFO] EPOCH [83/120] Learning rate: 0.00011
[Sat Apr 22 19:46:04 2023|main.py|INFO] EPOCH [84/120] Train NME: 0.07516
[Sat Apr 22 19:46:09 2023|main.py|INFO] EPOCH [84/120] Test NME: 0.06148
[Sat Apr 22 19:46:09 2023|main.py|INFO] EPOCH [84/120] Learning rate: 0.00010
[Sat Apr 22 19:46:47 2023|main.py|INFO] EPOCH [85/120] Train NME: 0.07586
[Sat Apr 22 19:46:52 2023|main.py|INFO] EPOCH [85/120] Test NME: 0.06179
[Sat Apr 22 19:46:52 2023|main.py|INFO] EPOCH [85/120] Learning rate: 0.00009
[Sat Apr 22 19:47:30 2023|main.py|INFO] EPOCH [86/120] Train NME: 0.07537
[Sat Apr 22 19:47:35 2023|main.py|INFO] EPOCH [86/120] Test NME: 0.06122
[Sat Apr 22 19:47:35 2023|main.py|INFO] EPOCH [86/120] Learning rate: 0.00008
[Sat Apr 22 19:48:13 2023|main.py|INFO] EPOCH [87/120] Train NME: 0.07492
[Sat Apr 22 19:48:18 2023|main.py|INFO] EPOCH [87/120] Test NME: 0.06290
[Sat Apr 22 19:48:18 2023|main.py|INFO] EPOCH [87/120] Learning rate: 0.00007
[Sat Apr 22 19:48:57 2023|main.py|INFO] EPOCH [88/120] Train NME: 0.07552
[Sat Apr 22 19:49:01 2023|main.py|INFO] EPOCH [88/120] Test NME: 0.06233
[Sat Apr 22 19:49:01 2023|main.py|INFO] EPOCH [88/120] Learning rate: 0.00006
[Sat Apr 22 19:49:40 2023|main.py|INFO] EPOCH [89/120] Train NME: 0.07531
[Sat Apr 22 19:49:45 2023|main.py|INFO] EPOCH [89/120] Test NME: 0.06181
[Sat Apr 22 19:49:45 2023|main.py|INFO] EPOCH [89/120] Learning rate: 0.00006
[Sat Apr 22 19:50:23 2023|main.py|INFO] EPOCH [90/120] Train NME: 0.07542
[Sat Apr 22 19:50:28 2023|main.py|INFO] EPOCH [90/120] Test NME: 0.06258
[Sat Apr 22 19:50:28 2023|main.py|INFO] EPOCH [90/120] Learning rate: 0.00005
[Sat Apr 22 19:51:06 2023|main.py|INFO] EPOCH [91/120] Train NME: 0.07502
[Sat Apr 22 19:51:11 2023|main.py|INFO] EPOCH [91/120] Test NME: 0.06647
[Sat Apr 22 19:51:11 2023|main.py|INFO] EPOCH [91/120] Learning rate: 0.00005
[Sat Apr 22 19:51:50 2023|main.py|INFO] EPOCH [92/120] Train NME: 0.07550
[Sat Apr 22 19:51:55 2023|main.py|INFO] EPOCH [92/120] Test NME: 0.06163
[Sat Apr 22 19:51:55 2023|main.py|INFO] EPOCH [92/120] Learning rate: 0.00004
[Sat Apr 22 19:52:33 2023|main.py|INFO] EPOCH [93/120] Train NME: 0.07604
[Sat Apr 22 19:52:38 2023|main.py|INFO] EPOCH [93/120] Test NME: 0.06259
[Sat Apr 22 19:52:38 2023|main.py|INFO] EPOCH [93/120] Learning rate: 0.00004
[Sat Apr 22 19:53:17 2023|main.py|INFO] EPOCH [94/120] Train NME: 0.07560
[Sat Apr 22 19:53:21 2023|main.py|INFO] EPOCH [94/120] Test NME: 0.06369
[Sat Apr 22 19:53:21 2023|main.py|INFO] EPOCH [94/120] Learning rate: 0.00003
[Sat Apr 22 19:54:00 2023|main.py|INFO] EPOCH [95/120] Train NME: 0.07558
[Sat Apr 22 19:54:05 2023|main.py|INFO] EPOCH [95/120] Test NME: 0.06180
[Sat Apr 22 19:54:05 2023|main.py|INFO] EPOCH [95/120] Learning rate: 0.00003
[Sat Apr 22 19:54:43 2023|main.py|INFO] EPOCH [96/120] Train NME: 0.07535
[Sat Apr 22 19:54:48 2023|main.py|INFO] EPOCH [96/120] Test NME: 0.06185
[Sat Apr 22 19:54:48 2023|main.py|INFO] EPOCH [96/120] Learning rate: 0.00003
[Sat Apr 22 19:55:26 2023|main.py|INFO] EPOCH [97/120] Train NME: 0.07606
[Sat Apr 22 19:55:31 2023|main.py|INFO] EPOCH [97/120] Test NME: 0.06257
[Sat Apr 22 19:55:31 2023|main.py|INFO] EPOCH [97/120] Learning rate: 0.00002
[Sat Apr 22 19:56:09 2023|main.py|INFO] EPOCH [98/120] Train NME: 0.07489
[Sat Apr 22 19:56:14 2023|main.py|INFO] EPOCH [98/120] Test NME: 0.06111
[Sat Apr 22 19:56:14 2023|main.py|INFO] EPOCH [98/120] Learning rate: 0.00002
[Sat Apr 22 19:56:14 2023|main.py|INFO] EPOCH [98/120] NME improved from 0.06112 to 0.06111
[Sat Apr 22 19:56:14 2023|main.py|INFO] EPOCH [98/120] Saving model to: checkpoints/Cas_Stage2_noAug_MSE-S1_noAug_MSE-lr0.6g0.9_B2/2023-04-22_19-56-14_epoch_98_NME_0.06111.pth.tar
[Sat Apr 22 19:56:53 2023|main.py|INFO] EPOCH [99/120] Train NME: 0.07484
[Sat Apr 22 19:56:58 2023|main.py|INFO] EPOCH [99/120] Test NME: 0.06242
[Sat Apr 22 19:56:58 2023|main.py|INFO] EPOCH [99/120] Learning rate: 0.00002
[Sat Apr 22 19:57:36 2023|main.py|INFO] EPOCH [100/120] Train NME: 0.07616
[Sat Apr 22 19:57:41 2023|main.py|INFO] EPOCH [100/120] Test NME: 0.06122
[Sat Apr 22 19:57:41 2023|main.py|INFO] EPOCH [100/120] Learning rate: 0.00002
[Sat Apr 22 19:58:19 2023|main.py|INFO] EPOCH [101/120] Train NME: 0.07553
[Sat Apr 22 19:58:24 2023|main.py|INFO] EPOCH [101/120] Test NME: 0.06220
[Sat Apr 22 19:58:24 2023|main.py|INFO] EPOCH [101/120] Learning rate: 0.00002
[Sat Apr 22 19:59:03 2023|main.py|INFO] EPOCH [102/120] Train NME: 0.07506
[Sat Apr 22 19:59:08 2023|main.py|INFO] EPOCH [102/120] Test NME: 0.06156
[Sat Apr 22 19:59:08 2023|main.py|INFO] EPOCH [102/120] Learning rate: 0.00001
[Sat Apr 22 19:59:46 2023|main.py|INFO] EPOCH [103/120] Train NME: 0.07564
[Sat Apr 22 19:59:51 2023|main.py|INFO] EPOCH [103/120] Test NME: 0.06401
[Sat Apr 22 19:59:51 2023|main.py|INFO] EPOCH [103/120] Learning rate: 0.00001
[Sat Apr 22 20:00:29 2023|main.py|INFO] EPOCH [104/120] Train NME: 0.07621
[Sat Apr 22 20:00:34 2023|main.py|INFO] EPOCH [104/120] Test NME: 0.06091
[Sat Apr 22 20:00:34 2023|main.py|INFO] EPOCH [104/120] Learning rate: 0.00001
[Sat Apr 22 20:00:34 2023|main.py|INFO] EPOCH [104/120] NME improved from 0.06111 to 0.06091
[Sat Apr 22 20:00:34 2023|main.py|INFO] EPOCH [104/120] Saving model to: checkpoints/Cas_Stage2_noAug_MSE-S1_noAug_MSE-lr0.6g0.9_B2/2023-04-22_20-00-34_epoch_104_NME_0.06091.pth.tar
[Sat Apr 22 20:01:12 2023|main.py|INFO] EPOCH [105/120] Train NME: 0.07516
[Sat Apr 22 20:01:17 2023|main.py|INFO] EPOCH [105/120] Test NME: 0.06090
[Sat Apr 22 20:01:17 2023|main.py|INFO] EPOCH [105/120] Learning rate: 0.00001
[Sat Apr 22 20:01:17 2023|main.py|INFO] EPOCH [105/120] NME improved from 0.06091 to 0.06090
[Sat Apr 22 20:01:17 2023|main.py|INFO] EPOCH [105/120] Saving model to: checkpoints/Cas_Stage2_noAug_MSE-S1_noAug_MSE-lr0.6g0.9_B2/2023-04-22_20-01-17_epoch_105_NME_0.06090.pth.tar
[Sat Apr 22 20:01:56 2023|main.py|INFO] EPOCH [106/120] Train NME: 0.07597
[Sat Apr 22 20:02:01 2023|main.py|INFO] EPOCH [106/120] Test NME: 0.06282
[Sat Apr 22 20:02:01 2023|main.py|INFO] EPOCH [106/120] Learning rate: 0.00001
[Sat Apr 22 20:02:39 2023|main.py|INFO] EPOCH [107/120] Train NME: 0.07528
[Sat Apr 22 20:02:44 2023|main.py|INFO] EPOCH [107/120] Test NME: 0.06103
[Sat Apr 22 20:02:44 2023|main.py|INFO] EPOCH [107/120] Learning rate: 0.00001
[Sat Apr 22 20:03:23 2023|main.py|INFO] EPOCH [108/120] Train NME: 0.07524
[Sat Apr 22 20:03:27 2023|main.py|INFO] EPOCH [108/120] Test NME: 0.06286
[Sat Apr 22 20:03:27 2023|main.py|INFO] EPOCH [108/120] Learning rate: 0.00001
[Sat Apr 22 20:04:05 2023|main.py|INFO] EPOCH [109/120] Train NME: 0.07469
[Sat Apr 22 20:04:10 2023|main.py|INFO] EPOCH [109/120] Test NME: 0.06213
[Sat Apr 22 20:04:10 2023|main.py|INFO] EPOCH [109/120] Learning rate: 0.00001
[Sat Apr 22 20:04:49 2023|main.py|INFO] EPOCH [110/120] Train NME: 0.07503
[Sat Apr 22 20:04:54 2023|main.py|INFO] EPOCH [110/120] Test NME: 0.06149
[Sat Apr 22 20:04:54 2023|main.py|INFO] EPOCH [110/120] Learning rate: 0.00001
[Sat Apr 22 20:05:32 2023|main.py|INFO] EPOCH [111/120] Train NME: 0.07532
[Sat Apr 22 20:05:37 2023|main.py|INFO] EPOCH [111/120] Test NME: 0.06128
[Sat Apr 22 20:05:37 2023|main.py|INFO] EPOCH [111/120] Learning rate: 0.00001
[Sat Apr 22 20:06:15 2023|main.py|INFO] EPOCH [112/120] Train NME: 0.07551
[Sat Apr 22 20:06:20 2023|main.py|INFO] EPOCH [112/120] Test NME: 0.06264
[Sat Apr 22 20:06:20 2023|main.py|INFO] EPOCH [112/120] Learning rate: 0.00001
[Sat Apr 22 20:06:58 2023|main.py|INFO] EPOCH [113/120] Train NME: 0.07496
[Sat Apr 22 20:07:03 2023|main.py|INFO] EPOCH [113/120] Test NME: 0.06309
[Sat Apr 22 20:07:03 2023|main.py|INFO] EPOCH [113/120] Learning rate: 0.00000
[Sat Apr 22 20:07:41 2023|main.py|INFO] EPOCH [114/120] Train NME: 0.07529
[Sat Apr 22 20:07:46 2023|main.py|INFO] EPOCH [114/120] Test NME: 0.06205
[Sat Apr 22 20:07:46 2023|main.py|INFO] EPOCH [114/120] Learning rate: 0.00000
[Sat Apr 22 20:08:25 2023|main.py|INFO] EPOCH [115/120] Train NME: 0.07521
[Sat Apr 22 20:08:29 2023|main.py|INFO] EPOCH [115/120] Test NME: 0.06108
[Sat Apr 22 20:08:29 2023|main.py|INFO] EPOCH [115/120] Learning rate: 0.00000
[Sat Apr 22 20:09:08 2023|main.py|INFO] EPOCH [116/120] Train NME: 0.07532
[Sat Apr 22 20:09:12 2023|main.py|INFO] EPOCH [116/120] Test NME: 0.06241
[Sat Apr 22 20:09:12 2023|main.py|INFO] EPOCH [116/120] Learning rate: 0.00000
[Sat Apr 22 20:09:51 2023|main.py|INFO] EPOCH [117/120] Train NME: 0.07611
[Sat Apr 22 20:09:55 2023|main.py|INFO] EPOCH [117/120] Test NME: 0.06091
[Sat Apr 22 20:09:55 2023|main.py|INFO] EPOCH [117/120] Learning rate: 0.00000
[Sat Apr 22 20:10:34 2023|main.py|INFO] EPOCH [118/120] Train NME: 0.07570
[Sat Apr 22 20:10:39 2023|main.py|INFO] EPOCH [118/120] Test NME: 0.06159
[Sat Apr 22 20:10:39 2023|main.py|INFO] EPOCH [118/120] Learning rate: 0.00000
[Sat Apr 22 20:11:17 2023|main.py|INFO] EPOCH [119/120] Train NME: 0.07563
[Sat Apr 22 20:11:22 2023|main.py|INFO] EPOCH [119/120] Test NME: 0.06305
[Sat Apr 22 20:11:22 2023|main.py|INFO] EPOCH [119/120] Learning rate: 0.00000
[Sat Apr 22 20:12:00 2023|main.py|INFO] EPOCH [120/120] Train NME: 0.07586
[Sat Apr 22 20:12:05 2023|main.py|INFO] EPOCH [120/120] Test NME: 0.06652
[Sat Apr 22 20:12:05 2023|main.py|INFO] EPOCH [120/120] Learning rate: 0.00000
