[Sat Apr 22 23:48:27 2023|main.py|INFO] Task: Cas_Stage2_noAug_Wing-S1_noAug_MSE-lr0.3_B8
[Sat Apr 22 23:48:27 2023|main.py|INFO] Training cascade stage 2
[Sat Apr 22 23:48:27 2023|main.py|INFO] Stage 1 model: resnet18
[Sat Apr 22 23:48:27 2023|main.py|INFO] Stage 1 model path: checkpoints/Cas_Stage1_noAug_MSE/Cas_Stage1_noAug_MSE_lr0.5_B2/2023-04-20_18-11-00_epoch_68_NME_0.03373.pth.tar
[Sat Apr 22 23:48:27 2023|main.py|INFO] Using device: cuda
[Sat Apr 22 23:48:27 2023|main.py|INFO] Using config: config\Cas_Stage2_noAug_Wing-S1_noAug_MSE\Cas_Stage2_noAug_Wing-S1_noAug_MSE-lr0.3_B8.yaml
[Sat Apr 22 23:48:27 2023|main.py|INFO] Train path: data/training_images_full_train.npz
[Sat Apr 22 23:48:27 2023|main.py|INFO] Test path: data/training_images_full_test.npz
[Sat Apr 22 23:48:27 2023|main.py|INFO] Train augment: False
[Sat Apr 22 23:48:27 2023|main.py|INFO] Learning rate: 0.3
[Sat Apr 22 23:48:27 2023|main.py|INFO] Batch size: 8
[Sat Apr 22 23:48:27 2023|main.py|INFO] Num epochs: 120
[Sat Apr 22 23:48:27 2023|main.py|INFO] Save model: True
[Sat Apr 22 23:48:27 2023|main.py|INFO] Loss: Wing
[Sat Apr 22 23:48:27 2023|main.py|INFO] Log path: logs/Cas_Stage2_noAug_Wing-S1_noAug_MSE-lr0.3_B8/2023-04-22_23-48-27.log
[Sat Apr 22 23:48:27 2023|main.py|INFO] Writer path: runs/Cas_Stage2_noAug_Wing-S1_noAug_MSE-lr0.3_B8/2023-04-22_23-48-27
[Sat Apr 22 23:48:27 2023|main.py|INFO] Model name: resnet50
[Sat Apr 22 23:48:27 2023|main.py|INFO] Num outputs: 88
[Sat Apr 22 23:48:27 2023|main.py|INFO] Pretrained: True
[Sat Apr 22 23:48:27 2023|main.py|INFO] Load model: False
[Sat Apr 22 23:48:27 2023|main.py|INFO] Load path: None
[Sat Apr 22 23:48:27 2023|main.py|INFO] Loading data...
[Sat Apr 22 23:48:27 2023|main.py|INFO] Load stage 1 model
[Sat Apr 22 23:48:30 2023|main.py|INFO] Load dataset for cascade stage 2
[Sat Apr 22 23:48:31 2023|main.py|INFO] Initializing network resnet50 with 88 outputs...
[Sat Apr 22 23:48:32 2023|main.py|INFO] Network: ResNet(
  (conv1): Conv2d(3, 64, kernel_size=(7, 7), stride=(2, 2), padding=(3, 3), bias=False)
  (bn1): BatchNorm2d(64, eps=1e-05, momentum=0.1, affine=True, track_running_stats=True)
  (relu): ReLU(inplace=True)
  (maxpool): MaxPool2d(kernel_size=3, stride=2, padding=1, dilation=1, ceil_mode=False)
  (layer1): Sequential(
    (0): BottleNeck(
      (conv1): Conv2d(64, 64, kernel_size=(1, 1), stride=(1, 1), bias=False)
      (bn1): BatchNorm2d(64, eps=1e-05, momentum=0.1, affine=True, track_running_stats=True)
      (relu): ReLU(inplace=True)
      (conv2): Conv2d(64, 64, kernel_size=(3, 3), stride=(1, 1), padding=(1, 1), bias=False)
      (bn2): BatchNorm2d(64, eps=1e-05, momentum=0.1, affine=True, track_running_stats=True)
      (conv3): Conv2d(64, 256, kernel_size=(1, 1), stride=(1, 1), bias=False)
      (bn3): BatchNorm2d(256, eps=1e-05, momentum=0.1, affine=True, track_running_stats=True)
      (downsample): Sequential(
        (0): Conv2d(64, 256, kernel_size=(1, 1), stride=(1, 1), bias=False)
        (1): BatchNorm2d(256, eps=1e-05, momentum=0.1, affine=True, track_running_stats=True)
      )
    )
    (1): BottleNeck(
      (conv1): Conv2d(256, 64, kernel_size=(1, 1), stride=(1, 1), bias=False)
      (bn1): BatchNorm2d(64, eps=1e-05, momentum=0.1, affine=True, track_running_stats=True)
      (relu): ReLU(inplace=True)
      (conv2): Conv2d(64, 64, kernel_size=(3, 3), stride=(1, 1), padding=(1, 1), bias=False)
      (bn2): BatchNorm2d(64, eps=1e-05, momentum=0.1, affine=True, track_running_stats=True)
      (conv3): Conv2d(64, 256, kernel_size=(1, 1), stride=(1, 1), bias=False)
      (bn3): BatchNorm2d(256, eps=1e-05, momentum=0.1, affine=True, track_running_stats=True)
    )
    (2): BottleNeck(
      (conv1): Conv2d(256, 64, kernel_size=(1, 1), stride=(1, 1), bias=False)
      (bn1): BatchNorm2d(64, eps=1e-05, momentum=0.1, affine=True, track_running_stats=True)
      (relu): ReLU(inplace=True)
      (conv2): Conv2d(64, 64, kernel_size=(3, 3), stride=(1, 1), padding=(1, 1), bias=False)
      (bn2): BatchNorm2d(64, eps=1e-05, momentum=0.1, affine=True, track_running_stats=True)
      (conv3): Conv2d(64, 256, kernel_size=(1, 1), stride=(1, 1), bias=False)
      (bn3): BatchNorm2d(256, eps=1e-05, momentum=0.1, affine=True, track_running_stats=True)
    )
  )
  (layer2): Sequential(
    (0): BottleNeck(
      (conv1): Conv2d(256, 128, kernel_size=(1, 1), stride=(1, 1), bias=False)
      (bn1): BatchNorm2d(128, eps=1e-05, momentum=0.1, affine=True, track_running_stats=True)
      (relu): ReLU(inplace=True)
      (conv2): Conv2d(128, 128, kernel_size=(3, 3), stride=(2, 2), padding=(1, 1), bias=False)
      (bn2): BatchNorm2d(128, eps=1e-05, momentum=0.1, affine=True, track_running_stats=True)
      (conv3): Conv2d(128, 512, kernel_size=(1, 1), stride=(1, 1), bias=False)
      (bn3): BatchNorm2d(512, eps=1e-05, momentum=0.1, affine=True, track_running_stats=True)
      (downsample): Sequential(
        (0): Conv2d(256, 512, kernel_size=(1, 1), stride=(2, 2), bias=False)
        (1): BatchNorm2d(512, eps=1e-05, momentum=0.1, affine=True, track_running_stats=True)
      )
    )
    (1): BottleNeck(
      (conv1): Conv2d(512, 128, kernel_size=(1, 1), stride=(1, 1), bias=False)
      (bn1): BatchNorm2d(128, eps=1e-05, momentum=0.1, affine=True, track_running_stats=True)
      (relu): ReLU(inplace=True)
      (conv2): Conv2d(128, 128, kernel_size=(3, 3), stride=(1, 1), padding=(1, 1), bias=False)
      (bn2): BatchNorm2d(128, eps=1e-05, momentum=0.1, affine=True, track_running_stats=True)
      (conv3): Conv2d(128, 512, kernel_size=(1, 1), stride=(1, 1), bias=False)
      (bn3): BatchNorm2d(512, eps=1e-05, momentum=0.1, affine=True, track_running_stats=True)
    )
    (2): BottleNeck(
      (conv1): Conv2d(512, 128, kernel_size=(1, 1), stride=(1, 1), bias=False)
      (bn1): BatchNorm2d(128, eps=1e-05, momentum=0.1, affine=True, track_running_stats=True)
      (relu): ReLU(inplace=True)
      (conv2): Conv2d(128, 128, kernel_size=(3, 3), stride=(1, 1), padding=(1, 1), bias=False)
      (bn2): BatchNorm2d(128, eps=1e-05, momentum=0.1, affine=True, track_running_stats=True)
      (conv3): Conv2d(128, 512, kernel_size=(1, 1), stride=(1, 1), bias=False)
      (bn3): BatchNorm2d(512, eps=1e-05, momentum=0.1, affine=True, track_running_stats=True)
    )
    (3): BottleNeck(
      (conv1): Conv2d(512, 128, kernel_size=(1, 1), stride=(1, 1), bias=False)
      (bn1): BatchNorm2d(128, eps=1e-05, momentum=0.1, affine=True, track_running_stats=True)
      (relu): ReLU(inplace=True)
      (conv2): Conv2d(128, 128, kernel_size=(3, 3), stride=(1, 1), padding=(1, 1), bias=False)
      (bn2): BatchNorm2d(128, eps=1e-05, momentum=0.1, affine=True, track_running_stats=True)
      (conv3): Conv2d(128, 512, kernel_size=(1, 1), stride=(1, 1), bias=False)
      (bn3): BatchNorm2d(512, eps=1e-05, momentum=0.1, affine=True, track_running_stats=True)
    )
  )
  (layer3): Sequential(
    (0): BottleNeck(
      (conv1): Conv2d(512, 256, kernel_size=(1, 1), stride=(1, 1), bias=False)
      (bn1): BatchNorm2d(256, eps=1e-05, momentum=0.1, affine=True, track_running_stats=True)
      (relu): ReLU(inplace=True)
      (conv2): Conv2d(256, 256, kernel_size=(3, 3), stride=(2, 2), padding=(1, 1), bias=False)
      (bn2): BatchNorm2d(256, eps=1e-05, momentum=0.1, affine=True, track_running_stats=True)
      (conv3): Conv2d(256, 1024, kernel_size=(1, 1), stride=(1, 1), bias=False)
      (bn3): BatchNorm2d(1024, eps=1e-05, momentum=0.1, affine=True, track_running_stats=True)
      (downsample): Sequential(
        (0): Conv2d(512, 1024, kernel_size=(1, 1), stride=(2, 2), bias=False)
        (1): BatchNorm2d(1024, eps=1e-05, momentum=0.1, affine=True, track_running_stats=True)
      )
    )
    (1): BottleNeck(
      (conv1): Conv2d(1024, 256, kernel_size=(1, 1), stride=(1, 1), bias=False)
      (bn1): BatchNorm2d(256, eps=1e-05, momentum=0.1, affine=True, track_running_stats=True)
      (relu): ReLU(inplace=True)
      (conv2): Conv2d(256, 256, kernel_size=(3, 3), stride=(1, 1), padding=(1, 1), bias=False)
      (bn2): BatchNorm2d(256, eps=1e-05, momentum=0.1, affine=True, track_running_stats=True)
      (conv3): Conv2d(256, 1024, kernel_size=(1, 1), stride=(1, 1), bias=False)
      (bn3): BatchNorm2d(1024, eps=1e-05, momentum=0.1, affine=True, track_running_stats=True)
    )
    (2): BottleNeck(
      (conv1): Conv2d(1024, 256, kernel_size=(1, 1), stride=(1, 1), bias=False)
      (bn1): BatchNorm2d(256, eps=1e-05, momentum=0.1, affine=True, track_running_stats=True)
      (relu): ReLU(inplace=True)
      (conv2): Conv2d(256, 256, kernel_size=(3, 3), stride=(1, 1), padding=(1, 1), bias=False)
      (bn2): BatchNorm2d(256, eps=1e-05, momentum=0.1, affine=True, track_running_stats=True)
      (conv3): Conv2d(256, 1024, kernel_size=(1, 1), stride=(1, 1), bias=False)
      (bn3): BatchNorm2d(1024, eps=1e-05, momentum=0.1, affine=True, track_running_stats=True)
    )
    (3): BottleNeck(
      (conv1): Conv2d(1024, 256, kernel_size=(1, 1), stride=(1, 1), bias=False)
      (bn1): BatchNorm2d(256, eps=1e-05, momentum=0.1, affine=True, track_running_stats=True)
      (relu): ReLU(inplace=True)
      (conv2): Conv2d(256, 256, kernel_size=(3, 3), stride=(1, 1), padding=(1, 1), bias=False)
      (bn2): BatchNorm2d(256, eps=1e-05, momentum=0.1, affine=True, track_running_stats=True)
      (conv3): Conv2d(256, 1024, kernel_size=(1, 1), stride=(1, 1), bias=False)
      (bn3): BatchNorm2d(1024, eps=1e-05, momentum=0.1, affine=True, track_running_stats=True)
    )
    (4): BottleNeck(
      (conv1): Conv2d(1024, 256, kernel_size=(1, 1), stride=(1, 1), bias=False)
      (bn1): BatchNorm2d(256, eps=1e-05, momentum=0.1, affine=True, track_running_stats=True)
      (relu): ReLU(inplace=True)
      (conv2): Conv2d(256, 256, kernel_size=(3, 3), stride=(1, 1), padding=(1, 1), bias=False)
      (bn2): BatchNorm2d(256, eps=1e-05, momentum=0.1, affine=True, track_running_stats=True)
      (conv3): Conv2d(256, 1024, kernel_size=(1, 1), stride=(1, 1), bias=False)
      (bn3): BatchNorm2d(1024, eps=1e-05, momentum=0.1, affine=True, track_running_stats=True)
    )
    (5): BottleNeck(
      (conv1): Conv2d(1024, 256, kernel_size=(1, 1), stride=(1, 1), bias=False)
      (bn1): BatchNorm2d(256, eps=1e-05, momentum=0.1, affine=True, track_running_stats=True)
      (relu): ReLU(inplace=True)
      (conv2): Conv2d(256, 256, kernel_size=(3, 3), stride=(1, 1), padding=(1, 1), bias=False)
      (bn2): BatchNorm2d(256, eps=1e-05, momentum=0.1, affine=True, track_running_stats=True)
      (conv3): Conv2d(256, 1024, kernel_size=(1, 1), stride=(1, 1), bias=False)
      (bn3): BatchNorm2d(1024, eps=1e-05, momentum=0.1, affine=True, track_running_stats=True)
    )
  )
  (layer4): Sequential(
    (0): BottleNeck(
      (conv1): Conv2d(1024, 512, kernel_size=(1, 1), stride=(1, 1), bias=False)
      (bn1): BatchNorm2d(512, eps=1e-05, momentum=0.1, affine=True, track_running_stats=True)
      (relu): ReLU(inplace=True)
      (conv2): Conv2d(512, 512, kernel_size=(3, 3), stride=(2, 2), padding=(1, 1), bias=False)
      (bn2): BatchNorm2d(512, eps=1e-05, momentum=0.1, affine=True, track_running_stats=True)
      (conv3): Conv2d(512, 2048, kernel_size=(1, 1), stride=(1, 1), bias=False)
      (bn3): BatchNorm2d(2048, eps=1e-05, momentum=0.1, affine=True, track_running_stats=True)
      (downsample): Sequential(
        (0): Conv2d(1024, 2048, kernel_size=(1, 1), stride=(2, 2), bias=False)
        (1): BatchNorm2d(2048, eps=1e-05, momentum=0.1, affine=True, track_running_stats=True)
      )
    )
    (1): BottleNeck(
      (conv1): Conv2d(2048, 512, kernel_size=(1, 1), stride=(1, 1), bias=False)
      (bn1): BatchNorm2d(512, eps=1e-05, momentum=0.1, affine=True, track_running_stats=True)
      (relu): ReLU(inplace=True)
      (conv2): Conv2d(512, 512, kernel_size=(3, 3), stride=(1, 1), padding=(1, 1), bias=False)
      (bn2): BatchNorm2d(512, eps=1e-05, momentum=0.1, affine=True, track_running_stats=True)
      (conv3): Conv2d(512, 2048, kernel_size=(1, 1), stride=(1, 1), bias=False)
      (bn3): BatchNorm2d(2048, eps=1e-05, momentum=0.1, affine=True, track_running_stats=True)
    )
    (2): BottleNeck(
      (conv1): Conv2d(2048, 512, kernel_size=(1, 1), stride=(1, 1), bias=False)
      (bn1): BatchNorm2d(512, eps=1e-05, momentum=0.1, affine=True, track_running_stats=True)
      (relu): ReLU(inplace=True)
      (conv2): Conv2d(512, 512, kernel_size=(3, 3), stride=(1, 1), padding=(1, 1), bias=False)
      (bn2): BatchNorm2d(512, eps=1e-05, momentum=0.1, affine=True, track_running_stats=True)
      (conv3): Conv2d(512, 2048, kernel_size=(1, 1), stride=(1, 1), bias=False)
      (bn3): BatchNorm2d(2048, eps=1e-05, momentum=0.1, affine=True, track_running_stats=True)
    )
  )
  (avgpool): AdaptiveAvgPool2d(output_size=(1, 1))
  (fc): Linear(in_features=2048, out_features=88, bias=True)
)
[Sat Apr 22 23:48:32 2023|main.py|INFO] Initializing loss and optimizer...
[Sat Apr 22 23:48:32 2023|main.py|INFO] Loss: Wing
[Sat Apr 22 23:48:32 2023|main.py|INFO] Optimizer: Adam
[Sat Apr 22 23:48:32 2023|main.py|INFO] Initializing tensorboard writer at: runs/Cas_Stage2_noAug_Wing-S1_noAug_MSE-lr0.3_B8/2023-04-22_23-48-27
[Sat Apr 22 23:48:32 2023|main.py|INFO] Training network...
[Sat Apr 22 23:48:56 2023|main.py|INFO] EPOCH [1/120] Train NME: 1.18845
[Sat Apr 22 23:48:59 2023|main.py|INFO] EPOCH [1/120] Test NME: 1.23653
[Sat Apr 22 23:48:59 2023|main.py|INFO] EPOCH [1/120] Learning rate: 0.30000
[Sat Apr 22 23:48:59 2023|main.py|INFO] EPOCH [1/120] NME improved from 1000.00000 to 1.23653
[Sat Apr 22 23:48:59 2023|main.py|INFO] EPOCH [1/120] Saving model to: checkpoints/Cas_Stage2_noAug_Wing-S1_noAug_MSE-lr0.3_B8/2023-04-22_23-48-59_epoch_1_NME_1.23653.pth.tar
[Sat Apr 22 23:49:22 2023|main.py|INFO] EPOCH [2/120] Train NME: 0.26985
[Sat Apr 22 23:49:26 2023|main.py|INFO] EPOCH [2/120] Test NME: 0.37826
[Sat Apr 22 23:49:26 2023|main.py|INFO] EPOCH [2/120] Learning rate: 0.24000
[Sat Apr 22 23:49:26 2023|main.py|INFO] EPOCH [2/120] NME improved from 1.23653 to 0.37826
[Sat Apr 22 23:49:26 2023|main.py|INFO] EPOCH [2/120] Saving model to: checkpoints/Cas_Stage2_noAug_Wing-S1_noAug_MSE-lr0.3_B8/2023-04-22_23-49-26_epoch_2_NME_0.37826.pth.tar
[Sat Apr 22 23:49:49 2023|main.py|INFO] EPOCH [3/120] Train NME: 0.22906
[Sat Apr 22 23:49:52 2023|main.py|INFO] EPOCH [3/120] Test NME: 0.23808
[Sat Apr 22 23:49:52 2023|main.py|INFO] EPOCH [3/120] Learning rate: 0.19200
[Sat Apr 22 23:49:52 2023|main.py|INFO] EPOCH [3/120] NME improved from 0.37826 to 0.23808
[Sat Apr 22 23:49:52 2023|main.py|INFO] EPOCH [3/120] Saving model to: checkpoints/Cas_Stage2_noAug_Wing-S1_noAug_MSE-lr0.3_B8/2023-04-22_23-49-52_epoch_3_NME_0.23808.pth.tar
[Sat Apr 22 23:50:17 2023|main.py|INFO] EPOCH [4/120] Train NME: 0.20216
[Sat Apr 22 23:50:20 2023|main.py|INFO] EPOCH [4/120] Test NME: 0.28135
[Sat Apr 22 23:50:20 2023|main.py|INFO] EPOCH [4/120] Learning rate: 0.15360
[Sat Apr 22 23:50:43 2023|main.py|INFO] EPOCH [5/120] Train NME: 0.16993
[Sat Apr 22 23:50:47 2023|main.py|INFO] EPOCH [5/120] Test NME: 0.18968
[Sat Apr 22 23:50:47 2023|main.py|INFO] EPOCH [5/120] Learning rate: 0.12288
[Sat Apr 22 23:50:47 2023|main.py|INFO] EPOCH [5/120] NME improved from 0.23808 to 0.18968
[Sat Apr 22 23:50:47 2023|main.py|INFO] EPOCH [5/120] Saving model to: checkpoints/Cas_Stage2_noAug_Wing-S1_noAug_MSE-lr0.3_B8/2023-04-22_23-50-47_epoch_5_NME_0.18968.pth.tar
[Sat Apr 22 23:51:11 2023|main.py|INFO] EPOCH [6/120] Train NME: 0.14392
[Sat Apr 22 23:51:14 2023|main.py|INFO] EPOCH [6/120] Test NME: 0.21531
[Sat Apr 22 23:51:14 2023|main.py|INFO] EPOCH [6/120] Learning rate: 0.09830
[Sat Apr 22 23:51:37 2023|main.py|INFO] EPOCH [7/120] Train NME: 0.12583
[Sat Apr 22 23:51:41 2023|main.py|INFO] EPOCH [7/120] Test NME: 0.16149
[Sat Apr 22 23:51:41 2023|main.py|INFO] EPOCH [7/120] Learning rate: 0.07864
[Sat Apr 22 23:51:41 2023|main.py|INFO] EPOCH [7/120] NME improved from 0.18968 to 0.16149
[Sat Apr 22 23:51:41 2023|main.py|INFO] EPOCH [7/120] Saving model to: checkpoints/Cas_Stage2_noAug_Wing-S1_noAug_MSE-lr0.3_B8/2023-04-22_23-51-41_epoch_7_NME_0.16149.pth.tar
[Sat Apr 22 23:52:05 2023|main.py|INFO] EPOCH [8/120] Train NME: 0.11571
[Sat Apr 22 23:52:08 2023|main.py|INFO] EPOCH [8/120] Test NME: 0.13034
[Sat Apr 22 23:52:08 2023|main.py|INFO] EPOCH [8/120] Learning rate: 0.06291
[Sat Apr 22 23:52:08 2023|main.py|INFO] EPOCH [8/120] NME improved from 0.16149 to 0.13034
[Sat Apr 22 23:52:08 2023|main.py|INFO] EPOCH [8/120] Saving model to: checkpoints/Cas_Stage2_noAug_Wing-S1_noAug_MSE-lr0.3_B8/2023-04-22_23-52-08_epoch_8_NME_0.13034.pth.tar
[Sat Apr 22 23:52:32 2023|main.py|INFO] EPOCH [9/120] Train NME: 0.11040
[Sat Apr 22 23:52:36 2023|main.py|INFO] EPOCH [9/120] Test NME: 0.17454
[Sat Apr 22 23:52:36 2023|main.py|INFO] EPOCH [9/120] Learning rate: 0.05033
[Sat Apr 22 23:53:00 2023|main.py|INFO] EPOCH [10/120] Train NME: 0.10282
[Sat Apr 22 23:53:03 2023|main.py|INFO] EPOCH [10/120] Test NME: 0.11286
[Sat Apr 22 23:53:03 2023|main.py|INFO] EPOCH [10/120] Learning rate: 0.04027
[Sat Apr 22 23:53:03 2023|main.py|INFO] EPOCH [10/120] NME improved from 0.13034 to 0.11286
[Sat Apr 22 23:53:03 2023|main.py|INFO] EPOCH [10/120] Saving model to: checkpoints/Cas_Stage2_noAug_Wing-S1_noAug_MSE-lr0.3_B8/2023-04-22_23-53-03_epoch_10_NME_0.11286.pth.tar
[Sat Apr 22 23:53:28 2023|main.py|INFO] EPOCH [11/120] Train NME: 0.09777
[Sat Apr 22 23:53:31 2023|main.py|INFO] EPOCH [11/120] Test NME: 0.13972
[Sat Apr 22 23:53:31 2023|main.py|INFO] EPOCH [11/120] Learning rate: 0.03221
[Sat Apr 22 23:53:55 2023|main.py|INFO] EPOCH [12/120] Train NME: 0.09322
[Sat Apr 22 23:53:58 2023|main.py|INFO] EPOCH [12/120] Test NME: 0.10684
[Sat Apr 22 23:53:58 2023|main.py|INFO] EPOCH [12/120] Learning rate: 0.02577
[Sat Apr 22 23:53:58 2023|main.py|INFO] EPOCH [12/120] NME improved from 0.11286 to 0.10684
[Sat Apr 22 23:53:58 2023|main.py|INFO] EPOCH [12/120] Saving model to: checkpoints/Cas_Stage2_noAug_Wing-S1_noAug_MSE-lr0.3_B8/2023-04-22_23-53-58_epoch_12_NME_0.10684.pth.tar
[Sat Apr 22 23:54:23 2023|main.py|INFO] EPOCH [13/120] Train NME: 0.08871
[Sat Apr 22 23:54:26 2023|main.py|INFO] EPOCH [13/120] Test NME: 0.10060
[Sat Apr 22 23:54:26 2023|main.py|INFO] EPOCH [13/120] Learning rate: 0.02062
[Sat Apr 22 23:54:26 2023|main.py|INFO] EPOCH [13/120] NME improved from 0.10684 to 0.10060
[Sat Apr 22 23:54:26 2023|main.py|INFO] EPOCH [13/120] Saving model to: checkpoints/Cas_Stage2_noAug_Wing-S1_noAug_MSE-lr0.3_B8/2023-04-22_23-54-26_epoch_13_NME_0.10060.pth.tar
[Sat Apr 22 23:54:51 2023|main.py|INFO] EPOCH [14/120] Train NME: 0.08524
[Sat Apr 22 23:54:54 2023|main.py|INFO] EPOCH [14/120] Test NME: 0.09489
[Sat Apr 22 23:54:54 2023|main.py|INFO] EPOCH [14/120] Learning rate: 0.01649
[Sat Apr 22 23:54:54 2023|main.py|INFO] EPOCH [14/120] NME improved from 0.10060 to 0.09489
[Sat Apr 22 23:54:54 2023|main.py|INFO] EPOCH [14/120] Saving model to: checkpoints/Cas_Stage2_noAug_Wing-S1_noAug_MSE-lr0.3_B8/2023-04-22_23-54-54_epoch_14_NME_0.09489.pth.tar
[Sat Apr 22 23:55:19 2023|main.py|INFO] EPOCH [15/120] Train NME: 0.08284
[Sat Apr 22 23:55:22 2023|main.py|INFO] EPOCH [15/120] Test NME: 0.09658
[Sat Apr 22 23:55:22 2023|main.py|INFO] EPOCH [15/120] Learning rate: 0.01319
[Sat Apr 22 23:55:46 2023|main.py|INFO] EPOCH [16/120] Train NME: 0.07996
[Sat Apr 22 23:55:49 2023|main.py|INFO] EPOCH [16/120] Test NME: 0.08736
[Sat Apr 22 23:55:49 2023|main.py|INFO] EPOCH [16/120] Learning rate: 0.01056
[Sat Apr 22 23:55:49 2023|main.py|INFO] EPOCH [16/120] NME improved from 0.09489 to 0.08736
[Sat Apr 22 23:55:49 2023|main.py|INFO] EPOCH [16/120] Saving model to: checkpoints/Cas_Stage2_noAug_Wing-S1_noAug_MSE-lr0.3_B8/2023-04-22_23-55-49_epoch_16_NME_0.08736.pth.tar
[Sat Apr 22 23:56:14 2023|main.py|INFO] EPOCH [17/120] Train NME: 0.07971
[Sat Apr 22 23:56:17 2023|main.py|INFO] EPOCH [17/120] Test NME: 0.08477
[Sat Apr 22 23:56:17 2023|main.py|INFO] EPOCH [17/120] Learning rate: 0.00844
[Sat Apr 22 23:56:17 2023|main.py|INFO] EPOCH [17/120] NME improved from 0.08736 to 0.08477
[Sat Apr 22 23:56:17 2023|main.py|INFO] EPOCH [17/120] Saving model to: checkpoints/Cas_Stage2_noAug_Wing-S1_noAug_MSE-lr0.3_B8/2023-04-22_23-56-17_epoch_17_NME_0.08477.pth.tar
[Sat Apr 22 23:56:42 2023|main.py|INFO] EPOCH [18/120] Train NME: 0.07783
[Sat Apr 22 23:56:45 2023|main.py|INFO] EPOCH [18/120] Test NME: 0.09519
[Sat Apr 22 23:56:45 2023|main.py|INFO] EPOCH [18/120] Learning rate: 0.00676
[Sat Apr 22 23:57:09 2023|main.py|INFO] EPOCH [19/120] Train NME: 0.07662
[Sat Apr 22 23:57:13 2023|main.py|INFO] EPOCH [19/120] Test NME: 0.08529
[Sat Apr 22 23:57:13 2023|main.py|INFO] EPOCH [19/120] Learning rate: 0.00540
[Sat Apr 22 23:57:37 2023|main.py|INFO] EPOCH [20/120] Train NME: 0.07565
[Sat Apr 22 23:57:40 2023|main.py|INFO] EPOCH [20/120] Test NME: 0.07498
[Sat Apr 22 23:57:40 2023|main.py|INFO] EPOCH [20/120] Learning rate: 0.00432
[Sat Apr 22 23:57:40 2023|main.py|INFO] EPOCH [20/120] NME improved from 0.08477 to 0.07498
[Sat Apr 22 23:57:40 2023|main.py|INFO] EPOCH [20/120] Saving model to: checkpoints/Cas_Stage2_noAug_Wing-S1_noAug_MSE-lr0.3_B8/2023-04-22_23-57-40_epoch_20_NME_0.07498.pth.tar
[Sat Apr 22 23:58:05 2023|main.py|INFO] EPOCH [21/120] Train NME: 0.07482
[Sat Apr 22 23:58:08 2023|main.py|INFO] EPOCH [21/120] Test NME: 0.12068
[Sat Apr 22 23:58:08 2023|main.py|INFO] EPOCH [21/120] Learning rate: 0.00346
[Sat Apr 22 23:58:32 2023|main.py|INFO] EPOCH [22/120] Train NME: 0.07369
[Sat Apr 22 23:58:36 2023|main.py|INFO] EPOCH [22/120] Test NME: 0.07280
[Sat Apr 22 23:58:36 2023|main.py|INFO] EPOCH [22/120] Learning rate: 0.00277
[Sat Apr 22 23:58:36 2023|main.py|INFO] EPOCH [22/120] NME improved from 0.07498 to 0.07280
[Sat Apr 22 23:58:36 2023|main.py|INFO] EPOCH [22/120] Saving model to: checkpoints/Cas_Stage2_noAug_Wing-S1_noAug_MSE-lr0.3_B8/2023-04-22_23-58-36_epoch_22_NME_0.07280.pth.tar
[Sat Apr 22 23:59:00 2023|main.py|INFO] EPOCH [23/120] Train NME: 0.07381
[Sat Apr 22 23:59:04 2023|main.py|INFO] EPOCH [23/120] Test NME: 0.08696
[Sat Apr 22 23:59:04 2023|main.py|INFO] EPOCH [23/120] Learning rate: 0.00221
[Sat Apr 22 23:59:28 2023|main.py|INFO] EPOCH [24/120] Train NME: 0.07264
[Sat Apr 22 23:59:31 2023|main.py|INFO] EPOCH [24/120] Test NME: 0.08434
[Sat Apr 22 23:59:31 2023|main.py|INFO] EPOCH [24/120] Learning rate: 0.00177
[Sat Apr 22 23:59:55 2023|main.py|INFO] EPOCH [25/120] Train NME: 0.07183
[Sat Apr 22 23:59:59 2023|main.py|INFO] EPOCH [25/120] Test NME: 0.07202
[Sat Apr 22 23:59:59 2023|main.py|INFO] EPOCH [25/120] Learning rate: 0.00142
[Sat Apr 22 23:59:59 2023|main.py|INFO] EPOCH [25/120] NME improved from 0.07280 to 0.07202
[Sat Apr 22 23:59:59 2023|main.py|INFO] EPOCH [25/120] Saving model to: checkpoints/Cas_Stage2_noAug_Wing-S1_noAug_MSE-lr0.3_B8/2023-04-22_23-59-59_epoch_25_NME_0.07202.pth.tar
[Sun Apr 23 00:00:23 2023|main.py|INFO] EPOCH [26/120] Train NME: 0.07215
[Sun Apr 23 00:00:27 2023|main.py|INFO] EPOCH [26/120] Test NME: 0.07478
[Sun Apr 23 00:00:27 2023|main.py|INFO] EPOCH [26/120] Learning rate: 0.00113
[Sun Apr 23 00:00:51 2023|main.py|INFO] EPOCH [27/120] Train NME: 0.07159
[Sun Apr 23 00:00:55 2023|main.py|INFO] EPOCH [27/120] Test NME: 0.07240
[Sun Apr 23 00:00:55 2023|main.py|INFO] EPOCH [27/120] Learning rate: 0.00091
[Sun Apr 23 00:01:19 2023|main.py|INFO] EPOCH [28/120] Train NME: 0.07156
[Sun Apr 23 00:01:22 2023|main.py|INFO] EPOCH [28/120] Test NME: 0.07633
[Sun Apr 23 00:01:22 2023|main.py|INFO] EPOCH [28/120] Learning rate: 0.00073
[Sun Apr 23 00:01:46 2023|main.py|INFO] EPOCH [29/120] Train NME: 0.07117
[Sun Apr 23 00:01:50 2023|main.py|INFO] EPOCH [29/120] Test NME: 0.07353
[Sun Apr 23 00:01:50 2023|main.py|INFO] EPOCH [29/120] Learning rate: 0.00058
[Sun Apr 23 00:02:14 2023|main.py|INFO] EPOCH [30/120] Train NME: 0.07135
[Sun Apr 23 00:02:17 2023|main.py|INFO] EPOCH [30/120] Test NME: 0.07083
[Sun Apr 23 00:02:17 2023|main.py|INFO] EPOCH [30/120] Learning rate: 0.00046
[Sun Apr 23 00:02:17 2023|main.py|INFO] EPOCH [30/120] NME improved from 0.07202 to 0.07083
[Sun Apr 23 00:02:17 2023|main.py|INFO] EPOCH [30/120] Saving model to: checkpoints/Cas_Stage2_noAug_Wing-S1_noAug_MSE-lr0.3_B8/2023-04-23_00-02-17_epoch_30_NME_0.07083.pth.tar
[Sun Apr 23 00:02:42 2023|main.py|INFO] EPOCH [31/120] Train NME: 0.07108
[Sun Apr 23 00:02:45 2023|main.py|INFO] EPOCH [31/120] Test NME: 0.08798
[Sun Apr 23 00:02:45 2023|main.py|INFO] EPOCH [31/120] Learning rate: 0.00037
[Sun Apr 23 00:03:10 2023|main.py|INFO] EPOCH [32/120] Train NME: 0.07107
[Sun Apr 23 00:03:13 2023|main.py|INFO] EPOCH [32/120] Test NME: 0.09594
[Sun Apr 23 00:03:13 2023|main.py|INFO] EPOCH [32/120] Learning rate: 0.00030
[Sun Apr 23 00:03:37 2023|main.py|INFO] EPOCH [33/120] Train NME: 0.07129
[Sun Apr 23 00:03:41 2023|main.py|INFO] EPOCH [33/120] Test NME: 0.07761
[Sun Apr 23 00:03:41 2023|main.py|INFO] EPOCH [33/120] Learning rate: 0.00024
[Sun Apr 23 00:04:05 2023|main.py|INFO] EPOCH [34/120] Train NME: 0.07128
[Sun Apr 23 00:04:08 2023|main.py|INFO] EPOCH [34/120] Test NME: 0.07357
[Sun Apr 23 00:04:08 2023|main.py|INFO] EPOCH [34/120] Learning rate: 0.00019
[Sun Apr 23 00:04:32 2023|main.py|INFO] EPOCH [35/120] Train NME: 0.07129
[Sun Apr 23 00:04:36 2023|main.py|INFO] EPOCH [35/120] Test NME: 0.07964
[Sun Apr 23 00:04:36 2023|main.py|INFO] EPOCH [35/120] Learning rate: 0.00015
[Sun Apr 23 00:05:00 2023|main.py|INFO] EPOCH [36/120] Train NME: 0.07109
[Sun Apr 23 00:05:03 2023|main.py|INFO] EPOCH [36/120] Test NME: 0.07126
[Sun Apr 23 00:05:03 2023|main.py|INFO] EPOCH [36/120] Learning rate: 0.00012
[Sun Apr 23 00:05:27 2023|main.py|INFO] EPOCH [37/120] Train NME: 0.07091
[Sun Apr 23 00:05:31 2023|main.py|INFO] EPOCH [37/120] Test NME: 0.08491
[Sun Apr 23 00:05:31 2023|main.py|INFO] EPOCH [37/120] Learning rate: 0.00010
[Sun Apr 23 00:05:55 2023|main.py|INFO] EPOCH [38/120] Train NME: 0.07077
[Sun Apr 23 00:05:58 2023|main.py|INFO] EPOCH [38/120] Test NME: 0.07085
[Sun Apr 23 00:05:58 2023|main.py|INFO] EPOCH [38/120] Learning rate: 0.00008
[Sun Apr 23 00:06:22 2023|main.py|INFO] EPOCH [39/120] Train NME: 0.07115
[Sun Apr 23 00:06:26 2023|main.py|INFO] EPOCH [39/120] Test NME: 0.08611
[Sun Apr 23 00:06:26 2023|main.py|INFO] EPOCH [39/120] Learning rate: 0.00006
[Sun Apr 23 00:06:50 2023|main.py|INFO] EPOCH [40/120] Train NME: 0.07113
[Sun Apr 23 00:06:54 2023|main.py|INFO] EPOCH [40/120] Test NME: 0.07834
[Sun Apr 23 00:06:54 2023|main.py|INFO] EPOCH [40/120] Learning rate: 0.00005
[Sun Apr 23 00:07:18 2023|main.py|INFO] EPOCH [41/120] Train NME: 0.07089
[Sun Apr 23 00:07:21 2023|main.py|INFO] EPOCH [41/120] Test NME: 0.07615
[Sun Apr 23 00:07:21 2023|main.py|INFO] EPOCH [41/120] Learning rate: 0.00004
[Sun Apr 23 00:07:45 2023|main.py|INFO] EPOCH [42/120] Train NME: 0.07075
[Sun Apr 23 00:07:49 2023|main.py|INFO] EPOCH [42/120] Test NME: 0.10855
[Sun Apr 23 00:07:49 2023|main.py|INFO] EPOCH [42/120] Learning rate: 0.00003
[Sun Apr 23 00:08:13 2023|main.py|INFO] EPOCH [43/120] Train NME: 0.07184
[Sun Apr 23 00:08:17 2023|main.py|INFO] EPOCH [43/120] Test NME: 0.07128
[Sun Apr 23 00:08:17 2023|main.py|INFO] EPOCH [43/120] Learning rate: 0.00003
[Sun Apr 23 00:08:41 2023|main.py|INFO] EPOCH [44/120] Train NME: 0.07089
[Sun Apr 23 00:08:44 2023|main.py|INFO] EPOCH [44/120] Test NME: 0.07723
[Sun Apr 23 00:08:44 2023|main.py|INFO] EPOCH [44/120] Learning rate: 0.00002
[Sun Apr 23 00:09:09 2023|main.py|INFO] EPOCH [45/120] Train NME: 0.07042
[Sun Apr 23 00:09:12 2023|main.py|INFO] EPOCH [45/120] Test NME: 0.07775
[Sun Apr 23 00:09:12 2023|main.py|INFO] EPOCH [45/120] Learning rate: 0.00002
[Sun Apr 23 00:09:36 2023|main.py|INFO] EPOCH [46/120] Train NME: 0.07053
[Sun Apr 23 00:09:40 2023|main.py|INFO] EPOCH [46/120] Test NME: 0.08007
[Sun Apr 23 00:09:40 2023|main.py|INFO] EPOCH [46/120] Learning rate: 0.00001
[Sun Apr 23 00:10:04 2023|main.py|INFO] EPOCH [47/120] Train NME: 0.07159
[Sun Apr 23 00:10:07 2023|main.py|INFO] EPOCH [47/120] Test NME: 0.10054
[Sun Apr 23 00:10:07 2023|main.py|INFO] EPOCH [47/120] Learning rate: 0.00001
[Sun Apr 23 00:10:31 2023|main.py|INFO] EPOCH [48/120] Train NME: 0.07040
[Sun Apr 23 00:10:35 2023|main.py|INFO] EPOCH [48/120] Test NME: 0.08579
[Sun Apr 23 00:10:35 2023|main.py|INFO] EPOCH [48/120] Learning rate: 0.00001
[Sun Apr 23 00:10:59 2023|main.py|INFO] EPOCH [49/120] Train NME: 0.07105
[Sun Apr 23 00:11:03 2023|main.py|INFO] EPOCH [49/120] Test NME: 0.07414
[Sun Apr 23 00:11:03 2023|main.py|INFO] EPOCH [49/120] Learning rate: 0.00001
[Sun Apr 23 00:11:27 2023|main.py|INFO] EPOCH [50/120] Train NME: 0.07070
[Sun Apr 23 00:11:30 2023|main.py|INFO] EPOCH [50/120] Test NME: 0.08409
[Sun Apr 23 00:11:30 2023|main.py|INFO] EPOCH [50/120] Learning rate: 0.00001
[Sun Apr 23 00:11:54 2023|main.py|INFO] EPOCH [51/120] Train NME: 0.07060
[Sun Apr 23 00:11:58 2023|main.py|INFO] EPOCH [51/120] Test NME: 0.08163
[Sun Apr 23 00:11:58 2023|main.py|INFO] EPOCH [51/120] Learning rate: 0.00000
[Sun Apr 23 00:12:22 2023|main.py|INFO] EPOCH [52/120] Train NME: 0.07116
[Sun Apr 23 00:12:25 2023|main.py|INFO] EPOCH [52/120] Test NME: 0.08003
[Sun Apr 23 00:12:25 2023|main.py|INFO] EPOCH [52/120] Learning rate: 0.00000
[Sun Apr 23 00:12:49 2023|main.py|INFO] EPOCH [53/120] Train NME: 0.07060
[Sun Apr 23 00:12:53 2023|main.py|INFO] EPOCH [53/120] Test NME: 0.07249
[Sun Apr 23 00:12:53 2023|main.py|INFO] EPOCH [53/120] Learning rate: 0.00000
[Sun Apr 23 00:13:17 2023|main.py|INFO] EPOCH [54/120] Train NME: 0.07030
[Sun Apr 23 00:13:21 2023|main.py|INFO] EPOCH [54/120] Test NME: 0.07890
[Sun Apr 23 00:13:21 2023|main.py|INFO] EPOCH [54/120] Learning rate: 0.00000
[Sun Apr 23 00:13:45 2023|main.py|INFO] EPOCH [55/120] Train NME: 0.07081
[Sun Apr 23 00:13:48 2023|main.py|INFO] EPOCH [55/120] Test NME: 0.08575
[Sun Apr 23 00:13:48 2023|main.py|INFO] EPOCH [55/120] Learning rate: 0.00000
[Sun Apr 23 00:14:12 2023|main.py|INFO] EPOCH [56/120] Train NME: 0.07127
[Sun Apr 23 00:14:16 2023|main.py|INFO] EPOCH [56/120] Test NME: 0.07726
[Sun Apr 23 00:14:16 2023|main.py|INFO] EPOCH [56/120] Learning rate: 0.00000
[Sun Apr 23 00:14:40 2023|main.py|INFO] EPOCH [57/120] Train NME: 0.07097
[Sun Apr 23 00:14:43 2023|main.py|INFO] EPOCH [57/120] Test NME: 0.07155
[Sun Apr 23 00:14:43 2023|main.py|INFO] EPOCH [57/120] Learning rate: 0.00000
[Sun Apr 23 00:15:08 2023|main.py|INFO] EPOCH [58/120] Train NME: 0.07092
[Sun Apr 23 00:15:11 2023|main.py|INFO] EPOCH [58/120] Test NME: 0.09924
[Sun Apr 23 00:15:11 2023|main.py|INFO] EPOCH [58/120] Learning rate: 0.00000
[Sun Apr 23 00:15:35 2023|main.py|INFO] EPOCH [59/120] Train NME: 0.07153
[Sun Apr 23 00:15:39 2023|main.py|INFO] EPOCH [59/120] Test NME: 0.08047
[Sun Apr 23 00:15:39 2023|main.py|INFO] EPOCH [59/120] Learning rate: 0.00000
[Sun Apr 23 00:16:03 2023|main.py|INFO] EPOCH [60/120] Train NME: 0.07056
[Sun Apr 23 00:16:07 2023|main.py|INFO] EPOCH [60/120] Test NME: 0.08145
[Sun Apr 23 00:16:07 2023|main.py|INFO] EPOCH [60/120] Learning rate: 0.00000
[Sun Apr 23 00:16:31 2023|main.py|INFO] EPOCH [61/120] Train NME: 0.07031
[Sun Apr 23 00:16:34 2023|main.py|INFO] EPOCH [61/120] Test NME: 0.07243
[Sun Apr 23 00:16:34 2023|main.py|INFO] EPOCH [61/120] Learning rate: 0.00000
[Sun Apr 23 00:16:59 2023|main.py|INFO] EPOCH [62/120] Train NME: 0.07041
[Sun Apr 23 00:17:02 2023|main.py|INFO] EPOCH [62/120] Test NME: 0.07597
[Sun Apr 23 00:17:02 2023|main.py|INFO] EPOCH [62/120] Learning rate: 0.00000
[Sun Apr 23 00:17:26 2023|main.py|INFO] EPOCH [63/120] Train NME: 0.07089
[Sun Apr 23 00:17:30 2023|main.py|INFO] EPOCH [63/120] Test NME: 0.07974
[Sun Apr 23 00:17:30 2023|main.py|INFO] EPOCH [63/120] Learning rate: 0.00000
[Sun Apr 23 00:17:54 2023|main.py|INFO] EPOCH [64/120] Train NME: 0.07179
[Sun Apr 23 00:17:58 2023|main.py|INFO] EPOCH [64/120] Test NME: 0.11479
[Sun Apr 23 00:17:58 2023|main.py|INFO] EPOCH [64/120] Learning rate: 0.00000
[Sun Apr 23 00:18:22 2023|main.py|INFO] EPOCH [65/120] Train NME: 0.07086
[Sun Apr 23 00:18:25 2023|main.py|INFO] EPOCH [65/120] Test NME: 0.10133
[Sun Apr 23 00:18:25 2023|main.py|INFO] EPOCH [65/120] Learning rate: 0.00000
[Sun Apr 23 00:18:49 2023|main.py|INFO] EPOCH [66/120] Train NME: 0.07073
[Sun Apr 23 00:18:53 2023|main.py|INFO] EPOCH [66/120] Test NME: 0.09395
[Sun Apr 23 00:18:53 2023|main.py|INFO] EPOCH [66/120] Learning rate: 0.00000
[Sun Apr 23 00:19:17 2023|main.py|INFO] EPOCH [67/120] Train NME: 0.07098
[Sun Apr 23 00:19:21 2023|main.py|INFO] EPOCH [67/120] Test NME: 0.07436
[Sun Apr 23 00:19:21 2023|main.py|INFO] EPOCH [67/120] Learning rate: 0.00000
[Sun Apr 23 00:19:45 2023|main.py|INFO] EPOCH [68/120] Train NME: 0.07085
[Sun Apr 23 00:19:49 2023|main.py|INFO] EPOCH [68/120] Test NME: 0.07116
[Sun Apr 23 00:19:49 2023|main.py|INFO] EPOCH [68/120] Learning rate: 0.00000
[Sun Apr 23 00:20:13 2023|main.py|INFO] EPOCH [69/120] Train NME: 0.07099
[Sun Apr 23 00:20:16 2023|main.py|INFO] EPOCH [69/120] Test NME: 0.07676
[Sun Apr 23 00:20:16 2023|main.py|INFO] EPOCH [69/120] Learning rate: 0.00000
[Sun Apr 23 00:20:41 2023|main.py|INFO] EPOCH [70/120] Train NME: 0.07097
[Sun Apr 23 00:20:44 2023|main.py|INFO] EPOCH [70/120] Test NME: 0.07700
[Sun Apr 23 00:20:44 2023|main.py|INFO] EPOCH [70/120] Learning rate: 0.00000
[Sun Apr 23 00:21:08 2023|main.py|INFO] EPOCH [71/120] Train NME: 0.07073
[Sun Apr 23 00:21:12 2023|main.py|INFO] EPOCH [71/120] Test NME: 0.07857
[Sun Apr 23 00:21:12 2023|main.py|INFO] EPOCH [71/120] Learning rate: 0.00000
[Sun Apr 23 00:21:36 2023|main.py|INFO] EPOCH [72/120] Train NME: 0.07024
[Sun Apr 23 00:21:39 2023|main.py|INFO] EPOCH [72/120] Test NME: 0.07522
[Sun Apr 23 00:21:39 2023|main.py|INFO] EPOCH [72/120] Learning rate: 0.00000
[Sun Apr 23 00:22:03 2023|main.py|INFO] EPOCH [73/120] Train NME: 0.07025
[Sun Apr 23 00:22:07 2023|main.py|INFO] EPOCH [73/120] Test NME: 0.07766
[Sun Apr 23 00:22:07 2023|main.py|INFO] EPOCH [73/120] Learning rate: 0.00000
[Sun Apr 23 00:22:31 2023|main.py|INFO] EPOCH [74/120] Train NME: 0.07069
[Sun Apr 23 00:22:35 2023|main.py|INFO] EPOCH [74/120] Test NME: 0.08010
[Sun Apr 23 00:22:35 2023|main.py|INFO] EPOCH [74/120] Learning rate: 0.00000
[Sun Apr 23 00:22:59 2023|main.py|INFO] EPOCH [75/120] Train NME: 0.07062
[Sun Apr 23 00:23:03 2023|main.py|INFO] EPOCH [75/120] Test NME: 0.07795
[Sun Apr 23 00:23:03 2023|main.py|INFO] EPOCH [75/120] Learning rate: 0.00000
[Sun Apr 23 00:23:27 2023|main.py|INFO] EPOCH [76/120] Train NME: 0.07033
[Sun Apr 23 00:23:30 2023|main.py|INFO] EPOCH [76/120] Test NME: 0.07893
[Sun Apr 23 00:23:30 2023|main.py|INFO] EPOCH [76/120] Learning rate: 0.00000
[Sun Apr 23 00:23:54 2023|main.py|INFO] EPOCH [77/120] Train NME: 0.07101
[Sun Apr 23 00:23:58 2023|main.py|INFO] EPOCH [77/120] Test NME: 0.09783
[Sun Apr 23 00:23:58 2023|main.py|INFO] EPOCH [77/120] Learning rate: 0.00000
[Sun Apr 23 00:24:22 2023|main.py|INFO] EPOCH [78/120] Train NME: 0.07071
[Sun Apr 23 00:24:26 2023|main.py|INFO] EPOCH [78/120] Test NME: 0.07988
[Sun Apr 23 00:24:26 2023|main.py|INFO] EPOCH [78/120] Learning rate: 0.00000
[Sun Apr 23 00:24:50 2023|main.py|INFO] EPOCH [79/120] Train NME: 0.07062
[Sun Apr 23 00:24:53 2023|main.py|INFO] EPOCH [79/120] Test NME: 0.07095
[Sun Apr 23 00:24:53 2023|main.py|INFO] EPOCH [79/120] Learning rate: 0.00000
[Sun Apr 23 00:25:18 2023|main.py|INFO] EPOCH [80/120] Train NME: 0.07095
[Sun Apr 23 00:25:21 2023|main.py|INFO] EPOCH [80/120] Test NME: 0.08177
[Sun Apr 23 00:25:21 2023|main.py|INFO] EPOCH [80/120] Learning rate: 0.00000
[Sun Apr 23 00:25:45 2023|main.py|INFO] EPOCH [81/120] Train NME: 0.07048
[Sun Apr 23 00:25:49 2023|main.py|INFO] EPOCH [81/120] Test NME: 0.07043
[Sun Apr 23 00:25:49 2023|main.py|INFO] EPOCH [81/120] Learning rate: 0.00000
[Sun Apr 23 00:25:49 2023|main.py|INFO] EPOCH [81/120] NME improved from 0.07083 to 0.07043
[Sun Apr 23 00:25:49 2023|main.py|INFO] EPOCH [81/120] Saving model to: checkpoints/Cas_Stage2_noAug_Wing-S1_noAug_MSE-lr0.3_B8/2023-04-23_00-25-49_epoch_81_NME_0.07043.pth.tar
[Sun Apr 23 00:26:14 2023|main.py|INFO] EPOCH [82/120] Train NME: 0.07055
[Sun Apr 23 00:26:17 2023|main.py|INFO] EPOCH [82/120] Test NME: 0.07375
[Sun Apr 23 00:26:17 2023|main.py|INFO] EPOCH [82/120] Learning rate: 0.00000
[Sun Apr 23 00:26:41 2023|main.py|INFO] EPOCH [83/120] Train NME: 0.07043
[Sun Apr 23 00:26:45 2023|main.py|INFO] EPOCH [83/120] Test NME: 0.08471
[Sun Apr 23 00:26:45 2023|main.py|INFO] EPOCH [83/120] Learning rate: 0.00000
[Sun Apr 23 00:27:09 2023|main.py|INFO] EPOCH [84/120] Train NME: 0.07087
[Sun Apr 23 00:27:13 2023|main.py|INFO] EPOCH [84/120] Test NME: 0.07301
[Sun Apr 23 00:27:13 2023|main.py|INFO] EPOCH [84/120] Learning rate: 0.00000
[Sun Apr 23 00:27:37 2023|main.py|INFO] EPOCH [85/120] Train NME: 0.07071
[Sun Apr 23 00:27:40 2023|main.py|INFO] EPOCH [85/120] Test NME: 0.07289
[Sun Apr 23 00:27:40 2023|main.py|INFO] EPOCH [85/120] Learning rate: 0.00000
[Sun Apr 23 00:28:04 2023|main.py|INFO] EPOCH [86/120] Train NME: 0.07146
[Sun Apr 23 00:28:08 2023|main.py|INFO] EPOCH [86/120] Test NME: 0.09194
[Sun Apr 23 00:28:08 2023|main.py|INFO] EPOCH [86/120] Learning rate: 0.00000
[Sun Apr 23 00:28:32 2023|main.py|INFO] EPOCH [87/120] Train NME: 0.07085
[Sun Apr 23 00:28:36 2023|main.py|INFO] EPOCH [87/120] Test NME: 0.07349
[Sun Apr 23 00:28:36 2023|main.py|INFO] EPOCH [87/120] Learning rate: 0.00000
[Sun Apr 23 00:29:00 2023|main.py|INFO] EPOCH [88/120] Train NME: 0.07039
[Sun Apr 23 00:29:04 2023|main.py|INFO] EPOCH [88/120] Test NME: 0.07829
[Sun Apr 23 00:29:04 2023|main.py|INFO] EPOCH [88/120] Learning rate: 0.00000
[Sun Apr 23 00:29:28 2023|main.py|INFO] EPOCH [89/120] Train NME: 0.07123
[Sun Apr 23 00:29:31 2023|main.py|INFO] EPOCH [89/120] Test NME: 0.07376
[Sun Apr 23 00:29:31 2023|main.py|INFO] EPOCH [89/120] Learning rate: 0.00000
[Sun Apr 23 00:29:56 2023|main.py|INFO] EPOCH [90/120] Train NME: 0.07046
[Sun Apr 23 00:29:59 2023|main.py|INFO] EPOCH [90/120] Test NME: 0.08210
[Sun Apr 23 00:29:59 2023|main.py|INFO] EPOCH [90/120] Learning rate: 0.00000
[Sun Apr 23 00:30:23 2023|main.py|INFO] EPOCH [91/120] Train NME: 0.07044
[Sun Apr 23 00:30:27 2023|main.py|INFO] EPOCH [91/120] Test NME: 0.08407
[Sun Apr 23 00:30:27 2023|main.py|INFO] EPOCH [91/120] Learning rate: 0.00000
[Sun Apr 23 00:30:51 2023|main.py|INFO] EPOCH [92/120] Train NME: 0.07066
[Sun Apr 23 00:30:55 2023|main.py|INFO] EPOCH [92/120] Test NME: 0.07323
[Sun Apr 23 00:30:55 2023|main.py|INFO] EPOCH [92/120] Learning rate: 0.00000
[Sun Apr 23 00:31:19 2023|main.py|INFO] EPOCH [93/120] Train NME: 0.07112
[Sun Apr 23 00:31:23 2023|main.py|INFO] EPOCH [93/120] Test NME: 0.07798
[Sun Apr 23 00:31:23 2023|main.py|INFO] EPOCH [93/120] Learning rate: 0.00000
[Sun Apr 23 00:31:47 2023|main.py|INFO] EPOCH [94/120] Train NME: 0.07022
[Sun Apr 23 00:31:50 2023|main.py|INFO] EPOCH [94/120] Test NME: 0.08632
[Sun Apr 23 00:31:50 2023|main.py|INFO] EPOCH [94/120] Learning rate: 0.00000
[Sun Apr 23 00:32:15 2023|main.py|INFO] EPOCH [95/120] Train NME: 0.07126
[Sun Apr 23 00:32:18 2023|main.py|INFO] EPOCH [95/120] Test NME: 0.09925
[Sun Apr 23 00:32:18 2023|main.py|INFO] EPOCH [95/120] Learning rate: 0.00000
[Sun Apr 23 00:32:42 2023|main.py|INFO] EPOCH [96/120] Train NME: 0.07041
[Sun Apr 23 00:32:46 2023|main.py|INFO] EPOCH [96/120] Test NME: 0.07472
[Sun Apr 23 00:32:46 2023|main.py|INFO] EPOCH [96/120] Learning rate: 0.00000
[Sun Apr 23 00:33:10 2023|main.py|INFO] EPOCH [97/120] Train NME: 0.07066
[Sun Apr 23 00:33:13 2023|main.py|INFO] EPOCH [97/120] Test NME: 0.07174
[Sun Apr 23 00:33:13 2023|main.py|INFO] EPOCH [97/120] Learning rate: 0.00000
[Sun Apr 23 00:33:38 2023|main.py|INFO] EPOCH [98/120] Train NME: 0.07070
[Sun Apr 23 00:33:41 2023|main.py|INFO] EPOCH [98/120] Test NME: 0.07186
[Sun Apr 23 00:33:41 2023|main.py|INFO] EPOCH [98/120] Learning rate: 0.00000
[Sun Apr 23 00:34:06 2023|main.py|INFO] EPOCH [99/120] Train NME: 0.07060
[Sun Apr 23 00:34:09 2023|main.py|INFO] EPOCH [99/120] Test NME: 0.07300
[Sun Apr 23 00:34:09 2023|main.py|INFO] EPOCH [99/120] Learning rate: 0.00000
[Sun Apr 23 00:34:33 2023|main.py|INFO] EPOCH [100/120] Train NME: 0.07090
[Sun Apr 23 00:34:37 2023|main.py|INFO] EPOCH [100/120] Test NME: 0.07546
[Sun Apr 23 00:34:37 2023|main.py|INFO] EPOCH [100/120] Learning rate: 0.00000
[Sun Apr 23 00:35:01 2023|main.py|INFO] EPOCH [101/120] Train NME: 0.07100
[Sun Apr 23 00:35:05 2023|main.py|INFO] EPOCH [101/120] Test NME: 0.07193
[Sun Apr 23 00:35:05 2023|main.py|INFO] EPOCH [101/120] Learning rate: 0.00000
[Sun Apr 23 00:35:29 2023|main.py|INFO] EPOCH [102/120] Train NME: 0.07081
[Sun Apr 23 00:35:32 2023|main.py|INFO] EPOCH [102/120] Test NME: 0.07351
[Sun Apr 23 00:35:32 2023|main.py|INFO] EPOCH [102/120] Learning rate: 0.00000
[Sun Apr 23 00:35:57 2023|main.py|INFO] EPOCH [103/120] Train NME: 0.07042
[Sun Apr 23 00:36:00 2023|main.py|INFO] EPOCH [103/120] Test NME: 0.07514
[Sun Apr 23 00:36:00 2023|main.py|INFO] EPOCH [103/120] Learning rate: 0.00000
[Sun Apr 23 00:36:24 2023|main.py|INFO] EPOCH [104/120] Train NME: 0.07073
[Sun Apr 23 00:36:28 2023|main.py|INFO] EPOCH [104/120] Test NME: 0.09965
[Sun Apr 23 00:36:28 2023|main.py|INFO] EPOCH [104/120] Learning rate: 0.00000
[Sun Apr 23 00:36:52 2023|main.py|INFO] EPOCH [105/120] Train NME: 0.07025
[Sun Apr 23 00:36:56 2023|main.py|INFO] EPOCH [105/120] Test NME: 0.07239
[Sun Apr 23 00:36:56 2023|main.py|INFO] EPOCH [105/120] Learning rate: 0.00000
[Sun Apr 23 00:37:20 2023|main.py|INFO] EPOCH [106/120] Train NME: 0.07084
[Sun Apr 23 00:37:23 2023|main.py|INFO] EPOCH [106/120] Test NME: 0.07518
[Sun Apr 23 00:37:23 2023|main.py|INFO] EPOCH [106/120] Learning rate: 0.00000
[Sun Apr 23 00:37:48 2023|main.py|INFO] EPOCH [107/120] Train NME: 0.07078
[Sun Apr 23 00:37:51 2023|main.py|INFO] EPOCH [107/120] Test NME: 0.09056
[Sun Apr 23 00:37:51 2023|main.py|INFO] EPOCH [107/120] Learning rate: 0.00000
[Sun Apr 23 00:38:15 2023|main.py|INFO] EPOCH [108/120] Train NME: 0.07023
[Sun Apr 23 00:38:19 2023|main.py|INFO] EPOCH [108/120] Test NME: 0.07922
[Sun Apr 23 00:38:19 2023|main.py|INFO] EPOCH [108/120] Learning rate: 0.00000
[Sun Apr 23 00:38:43 2023|main.py|INFO] EPOCH [109/120] Train NME: 0.07029
[Sun Apr 23 00:38:47 2023|main.py|INFO] EPOCH [109/120] Test NME: 0.07817
[Sun Apr 23 00:38:47 2023|main.py|INFO] EPOCH [109/120] Learning rate: 0.00000
[Sun Apr 23 00:39:11 2023|main.py|INFO] EPOCH [110/120] Train NME: 0.07081
[Sun Apr 23 00:39:14 2023|main.py|INFO] EPOCH [110/120] Test NME: 0.09324
[Sun Apr 23 00:39:14 2023|main.py|INFO] EPOCH [110/120] Learning rate: 0.00000
[Sun Apr 23 00:39:39 2023|main.py|INFO] EPOCH [111/120] Train NME: 0.07085
[Sun Apr 23 00:39:42 2023|main.py|INFO] EPOCH [111/120] Test NME: 0.07557
[Sun Apr 23 00:39:42 2023|main.py|INFO] EPOCH [111/120] Learning rate: 0.00000
[Sun Apr 23 00:40:06 2023|main.py|INFO] EPOCH [112/120] Train NME: 0.07110
[Sun Apr 23 00:40:10 2023|main.py|INFO] EPOCH [112/120] Test NME: 0.07333
[Sun Apr 23 00:40:10 2023|main.py|INFO] EPOCH [112/120] Learning rate: 0.00000
[Sun Apr 23 00:40:34 2023|main.py|INFO] EPOCH [113/120] Train NME: 0.07126
[Sun Apr 23 00:40:38 2023|main.py|INFO] EPOCH [113/120] Test NME: 0.09157
[Sun Apr 23 00:40:38 2023|main.py|INFO] EPOCH [113/120] Learning rate: 0.00000
[Sun Apr 23 00:41:02 2023|main.py|INFO] EPOCH [114/120] Train NME: 0.07055
[Sun Apr 23 00:41:05 2023|main.py|INFO] EPOCH [114/120] Test NME: 0.08098
[Sun Apr 23 00:41:05 2023|main.py|INFO] EPOCH [114/120] Learning rate: 0.00000
[Sun Apr 23 00:41:30 2023|main.py|INFO] EPOCH [115/120] Train NME: 0.07060
[Sun Apr 23 00:41:33 2023|main.py|INFO] EPOCH [115/120] Test NME: 0.08529
[Sun Apr 23 00:41:33 2023|main.py|INFO] EPOCH [115/120] Learning rate: 0.00000
[Sun Apr 23 00:41:57 2023|main.py|INFO] EPOCH [116/120] Train NME: 0.07057
[Sun Apr 23 00:42:01 2023|main.py|INFO] EPOCH [116/120] Test NME: 0.07334
[Sun Apr 23 00:42:01 2023|main.py|INFO] EPOCH [116/120] Learning rate: 0.00000
[Sun Apr 23 00:42:25 2023|main.py|INFO] EPOCH [117/120] Train NME: 0.07031
[Sun Apr 23 00:42:29 2023|main.py|INFO] EPOCH [117/120] Test NME: 0.08623
[Sun Apr 23 00:42:29 2023|main.py|INFO] EPOCH [117/120] Learning rate: 0.00000
[Sun Apr 23 00:42:53 2023|main.py|INFO] EPOCH [118/120] Train NME: 0.07081
[Sun Apr 23 00:42:56 2023|main.py|INFO] EPOCH [118/120] Test NME: 0.08034
[Sun Apr 23 00:42:56 2023|main.py|INFO] EPOCH [118/120] Learning rate: 0.00000
[Sun Apr 23 00:43:21 2023|main.py|INFO] EPOCH [119/120] Train NME: 0.07074
[Sun Apr 23 00:43:24 2023|main.py|INFO] EPOCH [119/120] Test NME: 0.10655
[Sun Apr 23 00:43:24 2023|main.py|INFO] EPOCH [119/120] Learning rate: 0.00000
[Sun Apr 23 00:43:48 2023|main.py|INFO] EPOCH [120/120] Train NME: 0.07067
[Sun Apr 23 00:43:52 2023|main.py|INFO] EPOCH [120/120] Test NME: 0.07989
[Sun Apr 23 00:43:52 2023|main.py|INFO] EPOCH [120/120] Learning rate: 0.00000
