[Thu Apr 20 21:04:07 2023|main.py|INFO] Task: Cas_Stage1_noAug_MSE_lr0.5_B1
[Thu Apr 20 21:04:07 2023|main.py|INFO] Training cascade stage 1
[Thu Apr 20 21:04:07 2023|main.py|INFO] Using device: cuda
[Thu Apr 20 21:04:07 2023|main.py|INFO] Using config: config\Cas_Stage1_noAug_MSE\Cas_Stage1_noAug_MSE_lr0.5_B1.yaml
[Thu Apr 20 21:04:07 2023|main.py|INFO] Train path: data/training_images_full_train.npz
[Thu Apr 20 21:04:07 2023|main.py|INFO] Train path 2: data/training_images_subset.npz
[Thu Apr 20 21:04:07 2023|main.py|INFO] Test path: data/training_images_full_test.npz
[Thu Apr 20 21:04:07 2023|main.py|INFO] Train augment: False
[Thu Apr 20 21:04:07 2023|main.py|INFO] Learning rate: 0.5
[Thu Apr 20 21:04:07 2023|main.py|INFO] Batch size: 1
[Thu Apr 20 21:04:07 2023|main.py|INFO] Num epochs: 100
[Thu Apr 20 21:04:07 2023|main.py|INFO] Save model: True
[Thu Apr 20 21:04:07 2023|main.py|INFO] Loss: MSE
[Thu Apr 20 21:04:07 2023|main.py|INFO] Log path: logs/Cas_Stage1_noAug_MSE_lr0.5_B1/2023-04-20_21-04-07.log
[Thu Apr 20 21:04:07 2023|main.py|INFO] Writer path: runs/Cas_Stage1_noAug_MSE_lr0.5_B1/2023-04-20_21-04-07
[Thu Apr 20 21:04:07 2023|main.py|INFO] Model name: resnet18
[Thu Apr 20 21:04:07 2023|main.py|INFO] Num outputs: 10
[Thu Apr 20 21:04:07 2023|main.py|INFO] Pretrained: True
[Thu Apr 20 21:04:07 2023|main.py|INFO] Load model: False
[Thu Apr 20 21:04:07 2023|main.py|INFO] Load path: None
[Thu Apr 20 21:04:07 2023|main.py|INFO] Loading data...
[Thu Apr 20 21:04:07 2023|main.py|INFO] Load dataset for cascade stage 1
[Thu Apr 20 21:04:11 2023|main.py|INFO] Initializing network resnet18 with 10 outputs...
[Thu Apr 20 21:04:11 2023|main.py|INFO] Network: ResNet(
  (conv1): Conv2d(3, 64, kernel_size=(7, 7), stride=(2, 2), padding=(3, 3), bias=False)
  (bn1): BatchNorm2d(64, eps=1e-05, momentum=0.1, affine=True, track_running_stats=True)
  (relu): ReLU(inplace=True)
  (maxpool): MaxPool2d(kernel_size=3, stride=2, padding=1, dilation=1, ceil_mode=False)
  (layer1): Sequential(
    (0): BasicBlock(
      (conv1): Conv2d(64, 64, kernel_size=(3, 3), stride=(1, 1), padding=(1, 1), bias=False)
      (bn1): BatchNorm2d(64, eps=1e-05, momentum=0.1, affine=True, track_running_stats=True)
      (relu): ReLU(inplace=True)
      (conv2): Conv2d(64, 64, kernel_size=(3, 3), stride=(1, 1), padding=(1, 1), bias=False)
      (bn2): BatchNorm2d(64, eps=1e-05, momentum=0.1, affine=True, track_running_stats=True)
    )
    (1): BasicBlock(
      (conv1): Conv2d(64, 64, kernel_size=(3, 3), stride=(1, 1), padding=(1, 1), bias=False)
      (bn1): BatchNorm2d(64, eps=1e-05, momentum=0.1, affine=True, track_running_stats=True)
      (relu): ReLU(inplace=True)
      (conv2): Conv2d(64, 64, kernel_size=(3, 3), stride=(1, 1), padding=(1, 1), bias=False)
      (bn2): BatchNorm2d(64, eps=1e-05, momentum=0.1, affine=True, track_running_stats=True)
    )
  )
  (layer2): Sequential(
    (0): BasicBlock(
      (conv1): Conv2d(64, 128, kernel_size=(3, 3), stride=(2, 2), padding=(1, 1), bias=False)
      (bn1): BatchNorm2d(128, eps=1e-05, momentum=0.1, affine=True, track_running_stats=True)
      (relu): ReLU(inplace=True)
      (conv2): Conv2d(128, 128, kernel_size=(3, 3), stride=(1, 1), padding=(1, 1), bias=False)
      (bn2): BatchNorm2d(128, eps=1e-05, momentum=0.1, affine=True, track_running_stats=True)
      (downsample): Sequential(
        (0): Conv2d(64, 128, kernel_size=(1, 1), stride=(2, 2), bias=False)
        (1): BatchNorm2d(128, eps=1e-05, momentum=0.1, affine=True, track_running_stats=True)
      )
    )
    (1): BasicBlock(
      (conv1): Conv2d(128, 128, kernel_size=(3, 3), stride=(1, 1), padding=(1, 1), bias=False)
      (bn1): BatchNorm2d(128, eps=1e-05, momentum=0.1, affine=True, track_running_stats=True)
      (relu): ReLU(inplace=True)
      (conv2): Conv2d(128, 128, kernel_size=(3, 3), stride=(1, 1), padding=(1, 1), bias=False)
      (bn2): BatchNorm2d(128, eps=1e-05, momentum=0.1, affine=True, track_running_stats=True)
    )
  )
  (layer3): Sequential(
    (0): BasicBlock(
      (conv1): Conv2d(128, 256, kernel_size=(3, 3), stride=(2, 2), padding=(1, 1), bias=False)
      (bn1): BatchNorm2d(256, eps=1e-05, momentum=0.1, affine=True, track_running_stats=True)
      (relu): ReLU(inplace=True)
      (conv2): Conv2d(256, 256, kernel_size=(3, 3), stride=(1, 1), padding=(1, 1), bias=False)
      (bn2): BatchNorm2d(256, eps=1e-05, momentum=0.1, affine=True, track_running_stats=True)
      (downsample): Sequential(
        (0): Conv2d(128, 256, kernel_size=(1, 1), stride=(2, 2), bias=False)
        (1): BatchNorm2d(256, eps=1e-05, momentum=0.1, affine=True, track_running_stats=True)
      )
    )
    (1): BasicBlock(
      (conv1): Conv2d(256, 256, kernel_size=(3, 3), stride=(1, 1), padding=(1, 1), bias=False)
      (bn1): BatchNorm2d(256, eps=1e-05, momentum=0.1, affine=True, track_running_stats=True)
      (relu): ReLU(inplace=True)
      (conv2): Conv2d(256, 256, kernel_size=(3, 3), stride=(1, 1), padding=(1, 1), bias=False)
      (bn2): BatchNorm2d(256, eps=1e-05, momentum=0.1, affine=True, track_running_stats=True)
    )
  )
  (layer4): Sequential(
    (0): BasicBlock(
      (conv1): Conv2d(256, 512, kernel_size=(3, 3), stride=(2, 2), padding=(1, 1), bias=False)
      (bn1): BatchNorm2d(512, eps=1e-05, momentum=0.1, affine=True, track_running_stats=True)
      (relu): ReLU(inplace=True)
      (conv2): Conv2d(512, 512, kernel_size=(3, 3), stride=(1, 1), padding=(1, 1), bias=False)
      (bn2): BatchNorm2d(512, eps=1e-05, momentum=0.1, affine=True, track_running_stats=True)
      (downsample): Sequential(
        (0): Conv2d(256, 512, kernel_size=(1, 1), stride=(2, 2), bias=False)
        (1): BatchNorm2d(512, eps=1e-05, momentum=0.1, affine=True, track_running_stats=True)
      )
    )
    (1): BasicBlock(
      (conv1): Conv2d(512, 512, kernel_size=(3, 3), stride=(1, 1), padding=(1, 1), bias=False)
      (bn1): BatchNorm2d(512, eps=1e-05, momentum=0.1, affine=True, track_running_stats=True)
      (relu): ReLU(inplace=True)
      (conv2): Conv2d(512, 512, kernel_size=(3, 3), stride=(1, 1), padding=(1, 1), bias=False)
      (bn2): BatchNorm2d(512, eps=1e-05, momentum=0.1, affine=True, track_running_stats=True)
    )
  )
  (avgpool): AdaptiveAvgPool2d(output_size=(1, 1))
  (fc): Linear(in_features=512, out_features=10, bias=True)
)
[Thu Apr 20 21:04:11 2023|main.py|INFO] Initializing loss and optimizer...
[Thu Apr 20 21:04:11 2023|main.py|INFO] Loss: MSE
[Thu Apr 20 21:04:11 2023|main.py|INFO] Optimizer: Adam
[Thu Apr 20 21:04:11 2023|main.py|INFO] Initializing tensorboard writer at: runs/Cas_Stage1_noAug_MSE_lr0.5_B1/2023-04-20_21-04-07
[Thu Apr 20 21:04:11 2023|main.py|INFO] Training network...
[Thu Apr 20 21:05:16 2023|main.py|INFO] EPOCH [1/100] Train NME: 0.17687
[Thu Apr 20 21:05:20 2023|main.py|INFO] EPOCH [1/100] Test NME: 0.80524
[Thu Apr 20 21:05:20 2023|main.py|INFO] EPOCH [1/100] Learning rate: 0.50000
[Thu Apr 20 21:05:20 2023|main.py|INFO] EPOCH [1/100] NME improved from 1000.00000 to 0.80524
[Thu Apr 20 21:05:20 2023|main.py|INFO] EPOCH [1/100] Saving model to: checkpoints/Cas_Stage1_noAug_MSE_lr0.5_B1/2023-04-20_21-05-20_epoch_1_NME_0.80524.pth.tar
[Thu Apr 20 21:06:21 2023|main.py|INFO] EPOCH [2/100] Train NME: 0.14167
[Thu Apr 20 21:06:23 2023|main.py|INFO] EPOCH [2/100] Test NME: 0.15044
[Thu Apr 20 21:06:23 2023|main.py|INFO] EPOCH [2/100] Learning rate: 0.40000
[Thu Apr 20 21:06:23 2023|main.py|INFO] EPOCH [2/100] NME improved from 0.80524 to 0.15044
[Thu Apr 20 21:06:23 2023|main.py|INFO] EPOCH [2/100] Saving model to: checkpoints/Cas_Stage1_noAug_MSE_lr0.5_B1/2023-04-20_21-06-23_epoch_2_NME_0.15044.pth.tar
[Thu Apr 20 21:07:26 2023|main.py|INFO] EPOCH [3/100] Train NME: 0.13804
[Thu Apr 20 21:07:28 2023|main.py|INFO] EPOCH [3/100] Test NME: 0.14022
[Thu Apr 20 21:07:28 2023|main.py|INFO] EPOCH [3/100] Learning rate: 0.32000
[Thu Apr 20 21:07:28 2023|main.py|INFO] EPOCH [3/100] NME improved from 0.15044 to 0.14022
[Thu Apr 20 21:07:28 2023|main.py|INFO] EPOCH [3/100] Saving model to: checkpoints/Cas_Stage1_noAug_MSE_lr0.5_B1/2023-04-20_21-07-28_epoch_3_NME_0.14022.pth.tar
[Thu Apr 20 21:08:28 2023|main.py|INFO] EPOCH [4/100] Train NME: 0.13620
[Thu Apr 20 21:08:32 2023|main.py|INFO] EPOCH [4/100] Test NME: 0.13057
[Thu Apr 20 21:08:32 2023|main.py|INFO] EPOCH [4/100] Learning rate: 0.25600
[Thu Apr 20 21:08:32 2023|main.py|INFO] EPOCH [4/100] NME improved from 0.14022 to 0.13057
[Thu Apr 20 21:08:32 2023|main.py|INFO] EPOCH [4/100] Saving model to: checkpoints/Cas_Stage1_noAug_MSE_lr0.5_B1/2023-04-20_21-08-32_epoch_4_NME_0.13057.pth.tar
[Thu Apr 20 21:09:32 2023|main.py|INFO] EPOCH [5/100] Train NME: 0.13290
[Thu Apr 20 21:09:36 2023|main.py|INFO] EPOCH [5/100] Test NME: 0.13652
[Thu Apr 20 21:09:36 2023|main.py|INFO] EPOCH [5/100] Learning rate: 0.20480
[Thu Apr 20 21:10:40 2023|main.py|INFO] EPOCH [6/100] Train NME: 0.12866
[Thu Apr 20 21:10:42 2023|main.py|INFO] EPOCH [6/100] Test NME: 0.13908
[Thu Apr 20 21:10:42 2023|main.py|INFO] EPOCH [6/100] Learning rate: 0.16384
[Thu Apr 20 21:11:43 2023|main.py|INFO] EPOCH [7/100] Train NME: 0.12435
[Thu Apr 20 21:11:46 2023|main.py|INFO] EPOCH [7/100] Test NME: 0.13613
[Thu Apr 20 21:11:46 2023|main.py|INFO] EPOCH [7/100] Learning rate: 0.13107
[Thu Apr 20 21:12:50 2023|main.py|INFO] EPOCH [8/100] Train NME: 0.11217
[Thu Apr 20 21:12:53 2023|main.py|INFO] EPOCH [8/100] Test NME: 0.11941
[Thu Apr 20 21:12:53 2023|main.py|INFO] EPOCH [8/100] Learning rate: 0.10486
[Thu Apr 20 21:12:53 2023|main.py|INFO] EPOCH [8/100] NME improved from 0.13057 to 0.11941
[Thu Apr 20 21:12:53 2023|main.py|INFO] EPOCH [8/100] Saving model to: checkpoints/Cas_Stage1_noAug_MSE_lr0.5_B1/2023-04-20_21-12-53_epoch_8_NME_0.11941.pth.tar
[Thu Apr 20 21:13:55 2023|main.py|INFO] EPOCH [9/100] Train NME: 0.09077
[Thu Apr 20 21:13:57 2023|main.py|INFO] EPOCH [9/100] Test NME: 0.12407
[Thu Apr 20 21:13:57 2023|main.py|INFO] EPOCH [9/100] Learning rate: 0.08389
[Thu Apr 20 21:14:57 2023|main.py|INFO] EPOCH [10/100] Train NME: 0.08662
[Thu Apr 20 21:15:00 2023|main.py|INFO] EPOCH [10/100] Test NME: 0.11041
[Thu Apr 20 21:15:00 2023|main.py|INFO] EPOCH [10/100] Learning rate: 0.06711
[Thu Apr 20 21:15:00 2023|main.py|INFO] EPOCH [10/100] NME improved from 0.11941 to 0.11041
[Thu Apr 20 21:15:00 2023|main.py|INFO] EPOCH [10/100] Saving model to: checkpoints/Cas_Stage1_noAug_MSE_lr0.5_B1/2023-04-20_21-15-00_epoch_10_NME_0.11041.pth.tar
[Thu Apr 20 21:16:00 2023|main.py|INFO] EPOCH [11/100] Train NME: 0.08430
[Thu Apr 20 21:16:03 2023|main.py|INFO] EPOCH [11/100] Test NME: 0.10848
[Thu Apr 20 21:16:03 2023|main.py|INFO] EPOCH [11/100] Learning rate: 0.05369
[Thu Apr 20 21:16:03 2023|main.py|INFO] EPOCH [11/100] NME improved from 0.11041 to 0.10848
[Thu Apr 20 21:16:03 2023|main.py|INFO] EPOCH [11/100] Saving model to: checkpoints/Cas_Stage1_noAug_MSE_lr0.5_B1/2023-04-20_21-16-03_epoch_11_NME_0.10848.pth.tar
[Thu Apr 20 21:17:03 2023|main.py|INFO] EPOCH [12/100] Train NME: 0.08291
[Thu Apr 20 21:17:06 2023|main.py|INFO] EPOCH [12/100] Test NME: 0.10623
[Thu Apr 20 21:17:06 2023|main.py|INFO] EPOCH [12/100] Learning rate: 0.04295
[Thu Apr 20 21:17:06 2023|main.py|INFO] EPOCH [12/100] NME improved from 0.10848 to 0.10623
[Thu Apr 20 21:17:06 2023|main.py|INFO] EPOCH [12/100] Saving model to: checkpoints/Cas_Stage1_noAug_MSE_lr0.5_B1/2023-04-20_21-17-06_epoch_12_NME_0.10623.pth.tar
[Thu Apr 20 21:18:07 2023|main.py|INFO] EPOCH [13/100] Train NME: 0.08164
[Thu Apr 20 21:18:10 2023|main.py|INFO] EPOCH [13/100] Test NME: 0.10822
[Thu Apr 20 21:18:10 2023|main.py|INFO] EPOCH [13/100] Learning rate: 0.03436
[Thu Apr 20 21:19:10 2023|main.py|INFO] EPOCH [14/100] Train NME: 0.08083
[Thu Apr 20 21:19:13 2023|main.py|INFO] EPOCH [14/100] Test NME: 0.10543
[Thu Apr 20 21:19:13 2023|main.py|INFO] EPOCH [14/100] Learning rate: 0.02749
[Thu Apr 20 21:19:13 2023|main.py|INFO] EPOCH [14/100] NME improved from 0.10623 to 0.10543
[Thu Apr 20 21:19:13 2023|main.py|INFO] EPOCH [14/100] Saving model to: checkpoints/Cas_Stage1_noAug_MSE_lr0.5_B1/2023-04-20_21-19-13_epoch_14_NME_0.10543.pth.tar
[Thu Apr 20 21:20:14 2023|main.py|INFO] EPOCH [15/100] Train NME: 0.07992
[Thu Apr 20 21:20:16 2023|main.py|INFO] EPOCH [15/100] Test NME: 0.11236
[Thu Apr 20 21:20:16 2023|main.py|INFO] EPOCH [15/100] Learning rate: 0.02199
[Thu Apr 20 21:21:16 2023|main.py|INFO] EPOCH [16/100] Train NME: 0.07947
[Thu Apr 20 21:21:19 2023|main.py|INFO] EPOCH [16/100] Test NME: 0.11855
[Thu Apr 20 21:21:19 2023|main.py|INFO] EPOCH [16/100] Learning rate: 0.01759
[Thu Apr 20 21:22:20 2023|main.py|INFO] EPOCH [17/100] Train NME: 0.07858
[Thu Apr 20 21:22:23 2023|main.py|INFO] EPOCH [17/100] Test NME: 0.11043
[Thu Apr 20 21:22:23 2023|main.py|INFO] EPOCH [17/100] Learning rate: 0.01407
[Thu Apr 20 21:23:24 2023|main.py|INFO] EPOCH [18/100] Train NME: 0.06951
[Thu Apr 20 21:23:30 2023|main.py|INFO] EPOCH [18/100] Test NME: 0.10147
[Thu Apr 20 21:23:30 2023|main.py|INFO] EPOCH [18/100] Learning rate: 0.01126
[Thu Apr 20 21:23:30 2023|main.py|INFO] EPOCH [18/100] NME improved from 0.10543 to 0.10147
[Thu Apr 20 21:23:30 2023|main.py|INFO] EPOCH [18/100] Saving model to: checkpoints/Cas_Stage1_noAug_MSE_lr0.5_B1/2023-04-20_21-23-30_epoch_18_NME_0.10147.pth.tar
[Thu Apr 20 21:24:31 2023|main.py|INFO] EPOCH [19/100] Train NME: 0.06284
[Thu Apr 20 21:24:34 2023|main.py|INFO] EPOCH [19/100] Test NME: 0.11612
[Thu Apr 20 21:24:34 2023|main.py|INFO] EPOCH [19/100] Learning rate: 0.00901
[Thu Apr 20 21:25:35 2023|main.py|INFO] EPOCH [20/100] Train NME: 0.05719
[Thu Apr 20 21:25:38 2023|main.py|INFO] EPOCH [20/100] Test NME: 0.11068
[Thu Apr 20 21:25:38 2023|main.py|INFO] EPOCH [20/100] Learning rate: 0.00721
[Thu Apr 20 21:26:42 2023|main.py|INFO] EPOCH [21/100] Train NME: 0.05353
[Thu Apr 20 21:26:46 2023|main.py|INFO] EPOCH [21/100] Test NME: 0.10447
[Thu Apr 20 21:26:46 2023|main.py|INFO] EPOCH [21/100] Learning rate: 0.00576
[Thu Apr 20 21:27:47 2023|main.py|INFO] EPOCH [22/100] Train NME: 0.05076
[Thu Apr 20 21:27:50 2023|main.py|INFO] EPOCH [22/100] Test NME: 0.09929
[Thu Apr 20 21:27:50 2023|main.py|INFO] EPOCH [22/100] Learning rate: 0.00461
[Thu Apr 20 21:27:50 2023|main.py|INFO] EPOCH [22/100] NME improved from 0.10147 to 0.09929
[Thu Apr 20 21:27:50 2023|main.py|INFO] EPOCH [22/100] Saving model to: checkpoints/Cas_Stage1_noAug_MSE_lr0.5_B1/2023-04-20_21-27-50_epoch_22_NME_0.09929.pth.tar
[Thu Apr 20 21:28:53 2023|main.py|INFO] EPOCH [23/100] Train NME: 0.04837
[Thu Apr 20 21:28:56 2023|main.py|INFO] EPOCH [23/100] Test NME: 0.10825
[Thu Apr 20 21:28:56 2023|main.py|INFO] EPOCH [23/100] Learning rate: 0.00369
[Thu Apr 20 21:29:58 2023|main.py|INFO] EPOCH [24/100] Train NME: 0.04648
[Thu Apr 20 21:30:02 2023|main.py|INFO] EPOCH [24/100] Test NME: 0.12010
[Thu Apr 20 21:30:02 2023|main.py|INFO] EPOCH [24/100] Learning rate: 0.00295
[Thu Apr 20 21:31:03 2023|main.py|INFO] EPOCH [25/100] Train NME: 0.04521
[Thu Apr 20 21:31:06 2023|main.py|INFO] EPOCH [25/100] Test NME: 0.10957
[Thu Apr 20 21:31:06 2023|main.py|INFO] EPOCH [25/100] Learning rate: 0.00236
[Thu Apr 20 21:32:07 2023|main.py|INFO] EPOCH [26/100] Train NME: 0.04435
[Thu Apr 20 21:32:10 2023|main.py|INFO] EPOCH [26/100] Test NME: 0.10521
[Thu Apr 20 21:32:10 2023|main.py|INFO] EPOCH [26/100] Learning rate: 0.00189
[Thu Apr 20 21:33:10 2023|main.py|INFO] EPOCH [27/100] Train NME: 0.04365
[Thu Apr 20 21:33:14 2023|main.py|INFO] EPOCH [27/100] Test NME: 0.11356
[Thu Apr 20 21:33:14 2023|main.py|INFO] EPOCH [27/100] Learning rate: 0.00151
[Thu Apr 20 21:34:15 2023|main.py|INFO] EPOCH [28/100] Train NME: 0.04316
[Thu Apr 20 21:34:18 2023|main.py|INFO] EPOCH [28/100] Test NME: 0.11918
[Thu Apr 20 21:34:18 2023|main.py|INFO] EPOCH [28/100] Learning rate: 0.00121
[Thu Apr 20 21:35:19 2023|main.py|INFO] EPOCH [29/100] Train NME: 0.04276
[Thu Apr 20 21:35:22 2023|main.py|INFO] EPOCH [29/100] Test NME: 0.11478
[Thu Apr 20 21:35:22 2023|main.py|INFO] EPOCH [29/100] Learning rate: 0.00097
[Thu Apr 20 21:36:23 2023|main.py|INFO] EPOCH [30/100] Train NME: 0.04246
[Thu Apr 20 21:36:25 2023|main.py|INFO] EPOCH [30/100] Test NME: 0.11684
[Thu Apr 20 21:36:25 2023|main.py|INFO] EPOCH [30/100] Learning rate: 0.00077
[Thu Apr 20 21:37:26 2023|main.py|INFO] EPOCH [31/100] Train NME: 0.04223
[Thu Apr 20 21:37:29 2023|main.py|INFO] EPOCH [31/100] Test NME: 0.11092
[Thu Apr 20 21:37:29 2023|main.py|INFO] EPOCH [31/100] Learning rate: 0.00062
[Thu Apr 20 21:38:31 2023|main.py|INFO] EPOCH [32/100] Train NME: 0.04199
[Thu Apr 20 21:38:35 2023|main.py|INFO] EPOCH [32/100] Test NME: 0.10481
[Thu Apr 20 21:38:35 2023|main.py|INFO] EPOCH [32/100] Learning rate: 0.00050
[Thu Apr 20 21:39:36 2023|main.py|INFO] EPOCH [33/100] Train NME: 0.04182
[Thu Apr 20 21:39:39 2023|main.py|INFO] EPOCH [33/100] Test NME: 0.10496
[Thu Apr 20 21:39:39 2023|main.py|INFO] EPOCH [33/100] Learning rate: 0.00040
[Thu Apr 20 21:40:41 2023|main.py|INFO] EPOCH [34/100] Train NME: 0.04170
[Thu Apr 20 21:40:44 2023|main.py|INFO] EPOCH [34/100] Test NME: 0.12415
[Thu Apr 20 21:40:44 2023|main.py|INFO] EPOCH [34/100] Learning rate: 0.00032
[Thu Apr 20 21:41:46 2023|main.py|INFO] EPOCH [35/100] Train NME: 0.04160
[Thu Apr 20 21:41:49 2023|main.py|INFO] EPOCH [35/100] Test NME: 0.10605
[Thu Apr 20 21:41:49 2023|main.py|INFO] EPOCH [35/100] Learning rate: 0.00025
[Thu Apr 20 21:42:49 2023|main.py|INFO] EPOCH [36/100] Train NME: 0.04151
[Thu Apr 20 21:42:52 2023|main.py|INFO] EPOCH [36/100] Test NME: 0.11215
[Thu Apr 20 21:42:52 2023|main.py|INFO] EPOCH [36/100] Learning rate: 0.00020
[Thu Apr 20 21:43:54 2023|main.py|INFO] EPOCH [37/100] Train NME: 0.04144
[Thu Apr 20 21:43:57 2023|main.py|INFO] EPOCH [37/100] Test NME: 0.10031
[Thu Apr 20 21:43:57 2023|main.py|INFO] EPOCH [37/100] Learning rate: 0.00016
[Thu Apr 20 21:44:59 2023|main.py|INFO] EPOCH [38/100] Train NME: 0.04139
[Thu Apr 20 21:45:02 2023|main.py|INFO] EPOCH [38/100] Test NME: 0.12596
[Thu Apr 20 21:45:02 2023|main.py|INFO] EPOCH [38/100] Learning rate: 0.00013
[Thu Apr 20 21:46:03 2023|main.py|INFO] EPOCH [39/100] Train NME: 0.04133
[Thu Apr 20 21:46:06 2023|main.py|INFO] EPOCH [39/100] Test NME: 0.10638
[Thu Apr 20 21:46:06 2023|main.py|INFO] EPOCH [39/100] Learning rate: 0.00010
[Thu Apr 20 21:47:06 2023|main.py|INFO] EPOCH [40/100] Train NME: 0.04131
[Thu Apr 20 21:47:09 2023|main.py|INFO] EPOCH [40/100] Test NME: 0.09924
[Thu Apr 20 21:47:09 2023|main.py|INFO] EPOCH [40/100] Learning rate: 0.00008
[Thu Apr 20 21:47:09 2023|main.py|INFO] EPOCH [40/100] NME improved from 0.09929 to 0.09924
[Thu Apr 20 21:47:09 2023|main.py|INFO] EPOCH [40/100] Saving model to: checkpoints/Cas_Stage1_noAug_MSE_lr0.5_B1/2023-04-20_21-47-09_epoch_40_NME_0.09924.pth.tar
[Thu Apr 20 21:48:11 2023|main.py|INFO] EPOCH [41/100] Train NME: 0.04127
[Thu Apr 20 21:48:14 2023|main.py|INFO] EPOCH [41/100] Test NME: 0.10177
[Thu Apr 20 21:48:14 2023|main.py|INFO] EPOCH [41/100] Learning rate: 0.00007
[Thu Apr 20 21:49:15 2023|main.py|INFO] EPOCH [42/100] Train NME: 0.04125
[Thu Apr 20 21:49:18 2023|main.py|INFO] EPOCH [42/100] Test NME: 0.10821
[Thu Apr 20 21:49:18 2023|main.py|INFO] EPOCH [42/100] Learning rate: 0.00005
[Thu Apr 20 21:50:20 2023|main.py|INFO] EPOCH [43/100] Train NME: 0.04123
[Thu Apr 20 21:50:23 2023|main.py|INFO] EPOCH [43/100] Test NME: 0.10292
[Thu Apr 20 21:50:23 2023|main.py|INFO] EPOCH [43/100] Learning rate: 0.00004
[Thu Apr 20 21:51:24 2023|main.py|INFO] EPOCH [44/100] Train NME: 0.04122
[Thu Apr 20 21:51:27 2023|main.py|INFO] EPOCH [44/100] Test NME: 0.11024
[Thu Apr 20 21:51:27 2023|main.py|INFO] EPOCH [44/100] Learning rate: 0.00003
[Thu Apr 20 21:52:30 2023|main.py|INFO] EPOCH [45/100] Train NME: 0.04121
[Thu Apr 20 21:52:33 2023|main.py|INFO] EPOCH [45/100] Test NME: 0.11565
[Thu Apr 20 21:52:33 2023|main.py|INFO] EPOCH [45/100] Learning rate: 0.00003
[Thu Apr 20 21:53:35 2023|main.py|INFO] EPOCH [46/100] Train NME: 0.04120
[Thu Apr 20 21:53:39 2023|main.py|INFO] EPOCH [46/100] Test NME: 0.10070
[Thu Apr 20 21:53:39 2023|main.py|INFO] EPOCH [46/100] Learning rate: 0.00002
[Thu Apr 20 21:54:38 2023|main.py|INFO] EPOCH [47/100] Train NME: 0.04119
[Thu Apr 20 21:54:41 2023|main.py|INFO] EPOCH [47/100] Test NME: 0.11855
[Thu Apr 20 21:54:41 2023|main.py|INFO] EPOCH [47/100] Learning rate: 0.00002
[Thu Apr 20 21:55:41 2023|main.py|INFO] EPOCH [48/100] Train NME: 0.04119
[Thu Apr 20 21:55:45 2023|main.py|INFO] EPOCH [48/100] Test NME: 0.11969
[Thu Apr 20 21:55:45 2023|main.py|INFO] EPOCH [48/100] Learning rate: 0.00001
[Thu Apr 20 21:56:45 2023|main.py|INFO] EPOCH [49/100] Train NME: 0.04118
[Thu Apr 20 21:56:48 2023|main.py|INFO] EPOCH [49/100] Test NME: 0.10986
[Thu Apr 20 21:56:48 2023|main.py|INFO] EPOCH [49/100] Learning rate: 0.00001
[Thu Apr 20 21:57:48 2023|main.py|INFO] EPOCH [50/100] Train NME: 0.04118
[Thu Apr 20 21:57:51 2023|main.py|INFO] EPOCH [50/100] Test NME: 0.11529
[Thu Apr 20 21:57:51 2023|main.py|INFO] EPOCH [50/100] Learning rate: 0.00001
[Thu Apr 20 21:58:51 2023|main.py|INFO] EPOCH [51/100] Train NME: 0.04118
[Thu Apr 20 21:58:53 2023|main.py|INFO] EPOCH [51/100] Test NME: 0.10319
[Thu Apr 20 21:58:53 2023|main.py|INFO] EPOCH [51/100] Learning rate: 0.00001
[Thu Apr 20 21:59:54 2023|main.py|INFO] EPOCH [52/100] Train NME: 0.04117
[Thu Apr 20 21:59:57 2023|main.py|INFO] EPOCH [52/100] Test NME: 0.10345
[Thu Apr 20 21:59:57 2023|main.py|INFO] EPOCH [52/100] Learning rate: 0.00001
[Thu Apr 20 22:00:57 2023|main.py|INFO] EPOCH [53/100] Train NME: 0.04117
[Thu Apr 20 22:01:00 2023|main.py|INFO] EPOCH [53/100] Test NME: 0.10510
[Thu Apr 20 22:01:00 2023|main.py|INFO] EPOCH [53/100] Learning rate: 0.00000
[Thu Apr 20 22:02:01 2023|main.py|INFO] EPOCH [54/100] Train NME: 0.04117
[Thu Apr 20 22:02:03 2023|main.py|INFO] EPOCH [54/100] Test NME: 0.10619
[Thu Apr 20 22:02:03 2023|main.py|INFO] EPOCH [54/100] Learning rate: 0.00000
[Thu Apr 20 22:03:04 2023|main.py|INFO] EPOCH [55/100] Train NME: 0.04117
[Thu Apr 20 22:03:07 2023|main.py|INFO] EPOCH [55/100] Test NME: 0.11135
[Thu Apr 20 22:03:07 2023|main.py|INFO] EPOCH [55/100] Learning rate: 0.00000
[Thu Apr 20 22:04:07 2023|main.py|INFO] EPOCH [56/100] Train NME: 0.04117
[Thu Apr 20 22:04:10 2023|main.py|INFO] EPOCH [56/100] Test NME: 0.11208
[Thu Apr 20 22:04:10 2023|main.py|INFO] EPOCH [56/100] Learning rate: 0.00000
[Thu Apr 20 22:05:10 2023|main.py|INFO] EPOCH [57/100] Train NME: 0.04117
[Thu Apr 20 22:05:13 2023|main.py|INFO] EPOCH [57/100] Test NME: 0.10449
[Thu Apr 20 22:05:13 2023|main.py|INFO] EPOCH [57/100] Learning rate: 0.00000
[Thu Apr 20 22:06:16 2023|main.py|INFO] EPOCH [58/100] Train NME: 0.04117
[Thu Apr 20 22:06:19 2023|main.py|INFO] EPOCH [58/100] Test NME: 0.11206
[Thu Apr 20 22:06:19 2023|main.py|INFO] EPOCH [58/100] Learning rate: 0.00000
[Thu Apr 20 22:07:19 2023|main.py|INFO] EPOCH [59/100] Train NME: 0.04117
[Thu Apr 20 22:07:22 2023|main.py|INFO] EPOCH [59/100] Test NME: 0.11218
[Thu Apr 20 22:07:22 2023|main.py|INFO] EPOCH [59/100] Learning rate: 0.00000
[Thu Apr 20 22:08:24 2023|main.py|INFO] EPOCH [60/100] Train NME: 0.04117
[Thu Apr 20 22:08:26 2023|main.py|INFO] EPOCH [60/100] Test NME: 0.10342
[Thu Apr 20 22:08:26 2023|main.py|INFO] EPOCH [60/100] Learning rate: 0.00000
[Thu Apr 20 22:09:27 2023|main.py|INFO] EPOCH [61/100] Train NME: 0.04117
[Thu Apr 20 22:09:29 2023|main.py|INFO] EPOCH [61/100] Test NME: 0.10829
[Thu Apr 20 22:09:29 2023|main.py|INFO] EPOCH [61/100] Learning rate: 0.00000
[Thu Apr 20 22:10:29 2023|main.py|INFO] EPOCH [62/100] Train NME: 0.04117
[Thu Apr 20 22:10:32 2023|main.py|INFO] EPOCH [62/100] Test NME: 0.11566
[Thu Apr 20 22:10:32 2023|main.py|INFO] EPOCH [62/100] Learning rate: 0.00000
[Thu Apr 20 22:11:32 2023|main.py|INFO] EPOCH [63/100] Train NME: 0.04116
[Thu Apr 20 22:11:35 2023|main.py|INFO] EPOCH [63/100] Test NME: 0.10096
[Thu Apr 20 22:11:35 2023|main.py|INFO] EPOCH [63/100] Learning rate: 0.00000
[Thu Apr 20 22:12:35 2023|main.py|INFO] EPOCH [64/100] Train NME: 0.04116
[Thu Apr 20 22:12:38 2023|main.py|INFO] EPOCH [64/100] Test NME: 0.10624
[Thu Apr 20 22:12:38 2023|main.py|INFO] EPOCH [64/100] Learning rate: 0.00000
[Thu Apr 20 22:13:39 2023|main.py|INFO] EPOCH [65/100] Train NME: 0.04116
[Thu Apr 20 22:13:41 2023|main.py|INFO] EPOCH [65/100] Test NME: 0.10107
[Thu Apr 20 22:13:41 2023|main.py|INFO] EPOCH [65/100] Learning rate: 0.00000
[Thu Apr 20 22:14:41 2023|main.py|INFO] EPOCH [66/100] Train NME: 0.04116
[Thu Apr 20 22:14:44 2023|main.py|INFO] EPOCH [66/100] Test NME: 0.12079
[Thu Apr 20 22:14:44 2023|main.py|INFO] EPOCH [66/100] Learning rate: 0.00000
[Thu Apr 20 22:15:44 2023|main.py|INFO] EPOCH [67/100] Train NME: 0.04116
[Thu Apr 20 22:15:47 2023|main.py|INFO] EPOCH [67/100] Test NME: 0.10895
[Thu Apr 20 22:15:47 2023|main.py|INFO] EPOCH [67/100] Learning rate: 0.00000
[Thu Apr 20 22:16:48 2023|main.py|INFO] EPOCH [68/100] Train NME: 0.04116
[Thu Apr 20 22:16:51 2023|main.py|INFO] EPOCH [68/100] Test NME: 0.11259
[Thu Apr 20 22:16:51 2023|main.py|INFO] EPOCH [68/100] Learning rate: 0.00000
[Thu Apr 20 22:17:50 2023|main.py|INFO] EPOCH [69/100] Train NME: 0.04116
[Thu Apr 20 22:17:53 2023|main.py|INFO] EPOCH [69/100] Test NME: 0.10601
[Thu Apr 20 22:17:53 2023|main.py|INFO] EPOCH [69/100] Learning rate: 0.00000
[Thu Apr 20 22:18:53 2023|main.py|INFO] EPOCH [70/100] Train NME: 0.04116
[Thu Apr 20 22:18:56 2023|main.py|INFO] EPOCH [70/100] Test NME: 0.10671
[Thu Apr 20 22:18:56 2023|main.py|INFO] EPOCH [70/100] Learning rate: 0.00000
[Thu Apr 20 22:19:57 2023|main.py|INFO] EPOCH [71/100] Train NME: 0.04116
[Thu Apr 20 22:20:00 2023|main.py|INFO] EPOCH [71/100] Test NME: 0.10689
[Thu Apr 20 22:20:00 2023|main.py|INFO] EPOCH [71/100] Learning rate: 0.00000
[Thu Apr 20 22:21:03 2023|main.py|INFO] EPOCH [72/100] Train NME: 0.04116
[Thu Apr 20 22:21:06 2023|main.py|INFO] EPOCH [72/100] Test NME: 0.11296
[Thu Apr 20 22:21:06 2023|main.py|INFO] EPOCH [72/100] Learning rate: 0.00000
[Thu Apr 20 22:22:09 2023|main.py|INFO] EPOCH [73/100] Train NME: 0.04116
[Thu Apr 20 22:22:11 2023|main.py|INFO] EPOCH [73/100] Test NME: 0.10376
[Thu Apr 20 22:22:11 2023|main.py|INFO] EPOCH [73/100] Learning rate: 0.00000
[Thu Apr 20 22:23:11 2023|main.py|INFO] EPOCH [74/100] Train NME: 0.04116
[Thu Apr 20 22:23:15 2023|main.py|INFO] EPOCH [74/100] Test NME: 0.11227
[Thu Apr 20 22:23:15 2023|main.py|INFO] EPOCH [74/100] Learning rate: 0.00000
[Thu Apr 20 22:24:15 2023|main.py|INFO] EPOCH [75/100] Train NME: 0.04116
[Thu Apr 20 22:24:18 2023|main.py|INFO] EPOCH [75/100] Test NME: 0.10661
[Thu Apr 20 22:24:18 2023|main.py|INFO] EPOCH [75/100] Learning rate: 0.00000
[Thu Apr 20 22:25:18 2023|main.py|INFO] EPOCH [76/100] Train NME: 0.04116
[Thu Apr 20 22:25:21 2023|main.py|INFO] EPOCH [76/100] Test NME: 0.10808
[Thu Apr 20 22:25:21 2023|main.py|INFO] EPOCH [76/100] Learning rate: 0.00000
[Thu Apr 20 22:26:23 2023|main.py|INFO] EPOCH [77/100] Train NME: 0.04116
[Thu Apr 20 22:26:26 2023|main.py|INFO] EPOCH [77/100] Test NME: 0.10814
[Thu Apr 20 22:26:26 2023|main.py|INFO] EPOCH [77/100] Learning rate: 0.00000
[Thu Apr 20 22:27:26 2023|main.py|INFO] EPOCH [78/100] Train NME: 0.04116
[Thu Apr 20 22:27:29 2023|main.py|INFO] EPOCH [78/100] Test NME: 0.11534
[Thu Apr 20 22:27:29 2023|main.py|INFO] EPOCH [78/100] Learning rate: 0.00000
[Thu Apr 20 22:28:29 2023|main.py|INFO] EPOCH [79/100] Train NME: 0.04116
[Thu Apr 20 22:28:32 2023|main.py|INFO] EPOCH [79/100] Test NME: 0.10307
[Thu Apr 20 22:28:32 2023|main.py|INFO] EPOCH [79/100] Learning rate: 0.00000
[Thu Apr 20 22:29:33 2023|main.py|INFO] EPOCH [80/100] Train NME: 0.04116
[Thu Apr 20 22:29:36 2023|main.py|INFO] EPOCH [80/100] Test NME: 0.12557
[Thu Apr 20 22:29:36 2023|main.py|INFO] EPOCH [80/100] Learning rate: 0.00000
[Thu Apr 20 22:30:37 2023|main.py|INFO] EPOCH [81/100] Train NME: 0.04116
[Thu Apr 20 22:30:40 2023|main.py|INFO] EPOCH [81/100] Test NME: 0.11215
[Thu Apr 20 22:30:40 2023|main.py|INFO] EPOCH [81/100] Learning rate: 0.00000
[Thu Apr 20 22:31:42 2023|main.py|INFO] EPOCH [82/100] Train NME: 0.04116
[Thu Apr 20 22:31:45 2023|main.py|INFO] EPOCH [82/100] Test NME: 0.10098
[Thu Apr 20 22:31:45 2023|main.py|INFO] EPOCH [82/100] Learning rate: 0.00000
[Thu Apr 20 22:32:46 2023|main.py|INFO] EPOCH [83/100] Train NME: 0.04116
[Thu Apr 20 22:32:49 2023|main.py|INFO] EPOCH [83/100] Test NME: 0.10213
[Thu Apr 20 22:32:49 2023|main.py|INFO] EPOCH [83/100] Learning rate: 0.00000
[Thu Apr 20 22:33:51 2023|main.py|INFO] EPOCH [84/100] Train NME: 0.04116
[Thu Apr 20 22:33:54 2023|main.py|INFO] EPOCH [84/100] Test NME: 0.12206
[Thu Apr 20 22:33:54 2023|main.py|INFO] EPOCH [84/100] Learning rate: 0.00000
[Thu Apr 20 22:34:55 2023|main.py|INFO] EPOCH [85/100] Train NME: 0.04116
[Thu Apr 20 22:34:58 2023|main.py|INFO] EPOCH [85/100] Test NME: 0.10205
[Thu Apr 20 22:34:58 2023|main.py|INFO] EPOCH [85/100] Learning rate: 0.00000
[Thu Apr 20 22:36:00 2023|main.py|INFO] EPOCH [86/100] Train NME: 0.04116
[Thu Apr 20 22:36:03 2023|main.py|INFO] EPOCH [86/100] Test NME: 0.10086
[Thu Apr 20 22:36:03 2023|main.py|INFO] EPOCH [86/100] Learning rate: 0.00000
[Thu Apr 20 22:37:05 2023|main.py|INFO] EPOCH [87/100] Train NME: 0.04116
[Thu Apr 20 22:37:08 2023|main.py|INFO] EPOCH [87/100] Test NME: 0.11770
[Thu Apr 20 22:37:08 2023|main.py|INFO] EPOCH [87/100] Learning rate: 0.00000
[Thu Apr 20 22:38:09 2023|main.py|INFO] EPOCH [88/100] Train NME: 0.04116
[Thu Apr 20 22:38:12 2023|main.py|INFO] EPOCH [88/100] Test NME: 0.10870
[Thu Apr 20 22:38:12 2023|main.py|INFO] EPOCH [88/100] Learning rate: 0.00000
[Thu Apr 20 22:39:13 2023|main.py|INFO] EPOCH [89/100] Train NME: 0.04116
[Thu Apr 20 22:39:16 2023|main.py|INFO] EPOCH [89/100] Test NME: 0.10477
[Thu Apr 20 22:39:16 2023|main.py|INFO] EPOCH [89/100] Learning rate: 0.00000
[Thu Apr 20 22:40:17 2023|main.py|INFO] EPOCH [90/100] Train NME: 0.04116
[Thu Apr 20 22:40:20 2023|main.py|INFO] EPOCH [90/100] Test NME: 0.10201
[Thu Apr 20 22:40:20 2023|main.py|INFO] EPOCH [90/100] Learning rate: 0.00000
[Thu Apr 20 22:41:22 2023|main.py|INFO] EPOCH [91/100] Train NME: 0.04116
[Thu Apr 20 22:41:25 2023|main.py|INFO] EPOCH [91/100] Test NME: 0.10385
[Thu Apr 20 22:41:25 2023|main.py|INFO] EPOCH [91/100] Learning rate: 0.00000
[Thu Apr 20 22:42:26 2023|main.py|INFO] EPOCH [92/100] Train NME: 0.04116
[Thu Apr 20 22:42:30 2023|main.py|INFO] EPOCH [92/100] Test NME: 0.11834
[Thu Apr 20 22:42:30 2023|main.py|INFO] EPOCH [92/100] Learning rate: 0.00000
[Thu Apr 20 22:43:31 2023|main.py|INFO] EPOCH [93/100] Train NME: 0.04116
[Thu Apr 20 22:43:34 2023|main.py|INFO] EPOCH [93/100] Test NME: 0.11315
[Thu Apr 20 22:43:34 2023|main.py|INFO] EPOCH [93/100] Learning rate: 0.00000
[Thu Apr 20 22:44:37 2023|main.py|INFO] EPOCH [94/100] Train NME: 0.04116
[Thu Apr 20 22:44:40 2023|main.py|INFO] EPOCH [94/100] Test NME: 0.10703
[Thu Apr 20 22:44:40 2023|main.py|INFO] EPOCH [94/100] Learning rate: 0.00000
[Thu Apr 20 22:45:43 2023|main.py|INFO] EPOCH [95/100] Train NME: 0.04116
[Thu Apr 20 22:45:46 2023|main.py|INFO] EPOCH [95/100] Test NME: 0.10379
[Thu Apr 20 22:45:46 2023|main.py|INFO] EPOCH [95/100] Learning rate: 0.00000
[Thu Apr 20 22:46:49 2023|main.py|INFO] EPOCH [96/100] Train NME: 0.04116
[Thu Apr 20 22:46:52 2023|main.py|INFO] EPOCH [96/100] Test NME: 0.10389
[Thu Apr 20 22:46:52 2023|main.py|INFO] EPOCH [96/100] Learning rate: 0.00000
[Thu Apr 20 22:47:56 2023|main.py|INFO] EPOCH [97/100] Train NME: 0.04116
[Thu Apr 20 22:48:00 2023|main.py|INFO] EPOCH [97/100] Test NME: 0.10218
[Thu Apr 20 22:48:00 2023|main.py|INFO] EPOCH [97/100] Learning rate: 0.00000
[Thu Apr 20 22:49:03 2023|main.py|INFO] EPOCH [98/100] Train NME: 0.04116
[Thu Apr 20 22:49:07 2023|main.py|INFO] EPOCH [98/100] Test NME: 0.11253
[Thu Apr 20 22:49:07 2023|main.py|INFO] EPOCH [98/100] Learning rate: 0.00000
[Thu Apr 20 22:50:11 2023|main.py|INFO] EPOCH [99/100] Train NME: 0.04116
[Thu Apr 20 22:50:14 2023|main.py|INFO] EPOCH [99/100] Test NME: 0.10661
[Thu Apr 20 22:50:14 2023|main.py|INFO] EPOCH [99/100] Learning rate: 0.00000
[Thu Apr 20 22:51:20 2023|main.py|INFO] EPOCH [100/100] Train NME: 0.04116
[Thu Apr 20 22:51:23 2023|main.py|INFO] EPOCH [100/100] Test NME: 0.11343
[Thu Apr 20 22:51:23 2023|main.py|INFO] EPOCH [100/100] Learning rate: 0.00000
