[Sun Apr 16 18:30:53 2023|main.py|INFO] Task: raw_CNN_Aug_MSE_lr0.3_B4
[Sun Apr 16 18:30:53 2023|main.py|INFO] Using device: cuda
[Sun Apr 16 18:30:53 2023|main.py|INFO] Using config: config\raw_CNN_Aug_MSE_lr0.3_B4.yaml
[Sun Apr 16 18:30:53 2023|main.py|INFO] Train path: data/training_images_full_train.npz
[Sun Apr 16 18:30:53 2023|main.py|INFO] Test path: data/training_images_full_test.npz
[Sun Apr 16 18:30:53 2023|main.py|INFO] Train augment: True
[Sun Apr 16 18:30:53 2023|main.py|INFO] Learning rate: 0.3
[Sun Apr 16 18:30:53 2023|main.py|INFO] Batch size: 4
[Sun Apr 16 18:30:53 2023|main.py|INFO] Num epochs: 100
[Sun Apr 16 18:30:53 2023|main.py|INFO] Save model: True
[Sun Apr 16 18:30:53 2023|main.py|INFO] Loss: MSE
[Sun Apr 16 18:30:53 2023|main.py|INFO] Log path: logs/raw_CNN_Aug_MSE_lr0.3_B4/2023-04-16_18-30-53.log
[Sun Apr 16 18:30:53 2023|main.py|INFO] Writer path: runs/raw_CNN_Aug_MSE_lr0.3_B4/2023-04-16_18-30-53
[Sun Apr 16 18:30:53 2023|main.py|INFO] Model name: resnet18
[Sun Apr 16 18:30:53 2023|main.py|INFO] Num outputs: 88
[Sun Apr 16 18:30:53 2023|main.py|INFO] Pretrained: True
[Sun Apr 16 18:30:53 2023|main.py|INFO] Load model: False
[Sun Apr 16 18:30:53 2023|main.py|INFO] Load path: None
[Sun Apr 16 18:30:53 2023|main.py|INFO] Loading data...
[Sun Apr 16 18:30:53 2023|main.py|INFO] Load dataset for raw_CNN_Aug_MSE_lr0.3_B4
[Sun Apr 16 18:30:55 2023|main.py|INFO] Initializing network resnet18 with 88 outputs...
[Sun Apr 16 18:30:56 2023|main.py|INFO] Network: ResNet(
  (conv1): Conv2d(3, 64, kernel_size=(7, 7), stride=(2, 2), padding=(3, 3), bias=False)
  (bn1): BatchNorm2d(64, eps=1e-05, momentum=0.1, affine=True, track_running_stats=True)
  (relu): ReLU(inplace=True)
  (maxpool): MaxPool2d(kernel_size=3, stride=2, padding=1, dilation=1, ceil_mode=False)
  (layer1): Sequential(
    (0): BasicBlock(
      (conv1): Conv2d(64, 64, kernel_size=(3, 3), stride=(1, 1), padding=(1, 1), bias=False)
      (bn1): BatchNorm2d(64, eps=1e-05, momentum=0.1, affine=True, track_running_stats=True)
      (relu): ReLU(inplace=True)
      (conv2): Conv2d(64, 64, kernel_size=(3, 3), stride=(1, 1), padding=(1, 1), bias=False)
      (bn2): BatchNorm2d(64, eps=1e-05, momentum=0.1, affine=True, track_running_stats=True)
    )
    (1): BasicBlock(
      (conv1): Conv2d(64, 64, kernel_size=(3, 3), stride=(1, 1), padding=(1, 1), bias=False)
      (bn1): BatchNorm2d(64, eps=1e-05, momentum=0.1, affine=True, track_running_stats=True)
      (relu): ReLU(inplace=True)
      (conv2): Conv2d(64, 64, kernel_size=(3, 3), stride=(1, 1), padding=(1, 1), bias=False)
      (bn2): BatchNorm2d(64, eps=1e-05, momentum=0.1, affine=True, track_running_stats=True)
    )
  )
  (layer2): Sequential(
    (0): BasicBlock(
      (conv1): Conv2d(64, 128, kernel_size=(3, 3), stride=(2, 2), padding=(1, 1), bias=False)
      (bn1): BatchNorm2d(128, eps=1e-05, momentum=0.1, affine=True, track_running_stats=True)
      (relu): ReLU(inplace=True)
      (conv2): Conv2d(128, 128, kernel_size=(3, 3), stride=(1, 1), padding=(1, 1), bias=False)
      (bn2): BatchNorm2d(128, eps=1e-05, momentum=0.1, affine=True, track_running_stats=True)
      (downsample): Sequential(
        (0): Conv2d(64, 128, kernel_size=(1, 1), stride=(2, 2), bias=False)
        (1): BatchNorm2d(128, eps=1e-05, momentum=0.1, affine=True, track_running_stats=True)
      )
    )
    (1): BasicBlock(
      (conv1): Conv2d(128, 128, kernel_size=(3, 3), stride=(1, 1), padding=(1, 1), bias=False)
      (bn1): BatchNorm2d(128, eps=1e-05, momentum=0.1, affine=True, track_running_stats=True)
      (relu): ReLU(inplace=True)
      (conv2): Conv2d(128, 128, kernel_size=(3, 3), stride=(1, 1), padding=(1, 1), bias=False)
      (bn2): BatchNorm2d(128, eps=1e-05, momentum=0.1, affine=True, track_running_stats=True)
    )
  )
  (layer3): Sequential(
    (0): BasicBlock(
      (conv1): Conv2d(128, 256, kernel_size=(3, 3), stride=(2, 2), padding=(1, 1), bias=False)
      (bn1): BatchNorm2d(256, eps=1e-05, momentum=0.1, affine=True, track_running_stats=True)
      (relu): ReLU(inplace=True)
      (conv2): Conv2d(256, 256, kernel_size=(3, 3), stride=(1, 1), padding=(1, 1), bias=False)
      (bn2): BatchNorm2d(256, eps=1e-05, momentum=0.1, affine=True, track_running_stats=True)
      (downsample): Sequential(
        (0): Conv2d(128, 256, kernel_size=(1, 1), stride=(2, 2), bias=False)
        (1): BatchNorm2d(256, eps=1e-05, momentum=0.1, affine=True, track_running_stats=True)
      )
    )
    (1): BasicBlock(
      (conv1): Conv2d(256, 256, kernel_size=(3, 3), stride=(1, 1), padding=(1, 1), bias=False)
      (bn1): BatchNorm2d(256, eps=1e-05, momentum=0.1, affine=True, track_running_stats=True)
      (relu): ReLU(inplace=True)
      (conv2): Conv2d(256, 256, kernel_size=(3, 3), stride=(1, 1), padding=(1, 1), bias=False)
      (bn2): BatchNorm2d(256, eps=1e-05, momentum=0.1, affine=True, track_running_stats=True)
    )
  )
  (layer4): Sequential(
    (0): BasicBlock(
      (conv1): Conv2d(256, 512, kernel_size=(3, 3), stride=(2, 2), padding=(1, 1), bias=False)
      (bn1): BatchNorm2d(512, eps=1e-05, momentum=0.1, affine=True, track_running_stats=True)
      (relu): ReLU(inplace=True)
      (conv2): Conv2d(512, 512, kernel_size=(3, 3), stride=(1, 1), padding=(1, 1), bias=False)
      (bn2): BatchNorm2d(512, eps=1e-05, momentum=0.1, affine=True, track_running_stats=True)
      (downsample): Sequential(
        (0): Conv2d(256, 512, kernel_size=(1, 1), stride=(2, 2), bias=False)
        (1): BatchNorm2d(512, eps=1e-05, momentum=0.1, affine=True, track_running_stats=True)
      )
    )
    (1): BasicBlock(
      (conv1): Conv2d(512, 512, kernel_size=(3, 3), stride=(1, 1), padding=(1, 1), bias=False)
      (bn1): BatchNorm2d(512, eps=1e-05, momentum=0.1, affine=True, track_running_stats=True)
      (relu): ReLU(inplace=True)
      (conv2): Conv2d(512, 512, kernel_size=(3, 3), stride=(1, 1), padding=(1, 1), bias=False)
      (bn2): BatchNorm2d(512, eps=1e-05, momentum=0.1, affine=True, track_running_stats=True)
    )
  )
  (avgpool): AdaptiveAvgPool2d(output_size=(1, 1))
  (fc): Linear(in_features=512, out_features=88, bias=True)
)
[Sun Apr 16 18:30:56 2023|main.py|INFO] Initializing loss and optimizer...
[Sun Apr 16 18:30:56 2023|main.py|INFO] Loss: MSE
[Sun Apr 16 18:30:56 2023|main.py|INFO] Optimizer: Adam
[Sun Apr 16 18:30:56 2023|main.py|INFO] Initializing tensorboard writer at: runs/raw_CNN_Aug_MSE_lr0.3_B4/2023-04-16_18-30-53
[Sun Apr 16 18:30:56 2023|main.py|INFO] Training network...
[Sun Apr 16 18:39:33 2023|main.py|INFO] EPOCH [1/100] Train NME: 0.27355
[Sun Apr 16 18:39:34 2023|main.py|INFO] EPOCH [1/100] Test NME: 0.19564
[Sun Apr 16 18:39:34 2023|main.py|INFO] EPOCH [1/100] Learning rate: 0.30000
[Sun Apr 16 18:39:34 2023|main.py|INFO] EPOCH [1/100] NME improved from 1000.00000 to 0.19564
[Sun Apr 16 18:39:34 2023|main.py|INFO] EPOCH [1/100] Saving model to: checkpoints/raw_CNN_Aug_MSE_lr0.3_B4/2023-04-16_18-39-34_epoch_1_NME_0.19564.pth.tar
[Sun Apr 16 18:45:09 2023|main.py|INFO] EPOCH [2/100] Train NME: 0.21537
[Sun Apr 16 18:45:10 2023|main.py|INFO] EPOCH [2/100] Test NME: 0.17231
[Sun Apr 16 18:45:10 2023|main.py|INFO] EPOCH [2/100] Learning rate: 0.24000
[Sun Apr 16 18:45:10 2023|main.py|INFO] EPOCH [2/100] NME improved from 0.19564 to 0.17231
[Sun Apr 16 18:45:10 2023|main.py|INFO] EPOCH [2/100] Saving model to: checkpoints/raw_CNN_Aug_MSE_lr0.3_B4/2023-04-16_18-45-10_epoch_2_NME_0.17231.pth.tar
[Sun Apr 16 18:52:17 2023|main.py|INFO] EPOCH [3/100] Train NME: 0.17983
[Sun Apr 16 18:52:18 2023|main.py|INFO] EPOCH [3/100] Test NME: 0.17829
[Sun Apr 16 18:52:18 2023|main.py|INFO] EPOCH [3/100] Learning rate: 0.19200
[Sun Apr 16 18:58:45 2023|main.py|INFO] EPOCH [4/100] Train NME: 0.17168
[Sun Apr 16 18:58:46 2023|main.py|INFO] EPOCH [4/100] Test NME: 0.15378
[Sun Apr 16 18:58:46 2023|main.py|INFO] EPOCH [4/100] Learning rate: 0.15360
[Sun Apr 16 18:58:46 2023|main.py|INFO] EPOCH [4/100] NME improved from 0.17231 to 0.15378
[Sun Apr 16 18:58:46 2023|main.py|INFO] EPOCH [4/100] Saving model to: checkpoints/raw_CNN_Aug_MSE_lr0.3_B4/2023-04-16_18-58-46_epoch_4_NME_0.15378.pth.tar
[Sun Apr 16 19:06:03 2023|main.py|INFO] EPOCH [5/100] Train NME: 0.16284
[Sun Apr 16 19:06:04 2023|main.py|INFO] EPOCH [5/100] Test NME: 0.17471
[Sun Apr 16 19:06:04 2023|main.py|INFO] EPOCH [5/100] Learning rate: 0.12288
[Sun Apr 16 19:12:49 2023|main.py|INFO] EPOCH [6/100] Train NME: 0.15770
[Sun Apr 16 19:12:50 2023|main.py|INFO] EPOCH [6/100] Test NME: 0.14060
[Sun Apr 16 19:12:50 2023|main.py|INFO] EPOCH [6/100] Learning rate: 0.09830
[Sun Apr 16 19:12:50 2023|main.py|INFO] EPOCH [6/100] NME improved from 0.15378 to 0.14060
[Sun Apr 16 19:12:50 2023|main.py|INFO] EPOCH [6/100] Saving model to: checkpoints/raw_CNN_Aug_MSE_lr0.3_B4/2023-04-16_19-12-50_epoch_6_NME_0.14060.pth.tar
[Sun Apr 16 19:19:37 2023|main.py|INFO] EPOCH [7/100] Train NME: 0.14931
[Sun Apr 16 19:19:38 2023|main.py|INFO] EPOCH [7/100] Test NME: 0.14256
[Sun Apr 16 19:19:38 2023|main.py|INFO] EPOCH [7/100] Learning rate: 0.07864
[Sun Apr 16 19:26:25 2023|main.py|INFO] EPOCH [8/100] Train NME: 0.14791
[Sun Apr 16 19:26:26 2023|main.py|INFO] EPOCH [8/100] Test NME: 0.16874
[Sun Apr 16 19:26:26 2023|main.py|INFO] EPOCH [8/100] Learning rate: 0.06291
[Sun Apr 16 19:32:52 2023|main.py|INFO] EPOCH [9/100] Train NME: 0.14199
[Sun Apr 16 19:32:52 2023|main.py|INFO] EPOCH [9/100] Test NME: 0.19336
[Sun Apr 16 19:32:52 2023|main.py|INFO] EPOCH [9/100] Learning rate: 0.05033
[Sun Apr 16 19:39:17 2023|main.py|INFO] EPOCH [10/100] Train NME: 0.14018
[Sun Apr 16 19:39:18 2023|main.py|INFO] EPOCH [10/100] Test NME: 0.14529
[Sun Apr 16 19:39:18 2023|main.py|INFO] EPOCH [10/100] Learning rate: 0.04027
[Sun Apr 16 19:46:10 2023|main.py|INFO] EPOCH [11/100] Train NME: 0.13647
[Sun Apr 16 19:46:11 2023|main.py|INFO] EPOCH [11/100] Test NME: 0.13740
[Sun Apr 16 19:46:11 2023|main.py|INFO] EPOCH [11/100] Learning rate: 0.03221
[Sun Apr 16 19:46:11 2023|main.py|INFO] EPOCH [11/100] NME improved from 0.14060 to 0.13740
[Sun Apr 16 19:46:11 2023|main.py|INFO] EPOCH [11/100] Saving model to: checkpoints/raw_CNN_Aug_MSE_lr0.3_B4/2023-04-16_19-46-11_epoch_11_NME_0.13740.pth.tar
[Sun Apr 16 19:52:40 2023|main.py|INFO] EPOCH [12/100] Train NME: 0.13174
[Sun Apr 16 19:52:41 2023|main.py|INFO] EPOCH [12/100] Test NME: 0.21002
[Sun Apr 16 19:52:41 2023|main.py|INFO] EPOCH [12/100] Learning rate: 0.02577
[Sun Apr 16 19:59:17 2023|main.py|INFO] EPOCH [13/100] Train NME: 0.12912
[Sun Apr 16 19:59:18 2023|main.py|INFO] EPOCH [13/100] Test NME: 0.13620
[Sun Apr 16 19:59:18 2023|main.py|INFO] EPOCH [13/100] Learning rate: 0.02062
[Sun Apr 16 19:59:18 2023|main.py|INFO] EPOCH [13/100] NME improved from 0.13740 to 0.13620
[Sun Apr 16 19:59:18 2023|main.py|INFO] EPOCH [13/100] Saving model to: checkpoints/raw_CNN_Aug_MSE_lr0.3_B4/2023-04-16_19-59-18_epoch_13_NME_0.13620.pth.tar
[Sun Apr 16 20:05:45 2023|main.py|INFO] EPOCH [14/100] Train NME: 0.12600
[Sun Apr 16 20:05:46 2023|main.py|INFO] EPOCH [14/100] Test NME: 0.13710
[Sun Apr 16 20:05:46 2023|main.py|INFO] EPOCH [14/100] Learning rate: 0.01649
[Sun Apr 16 20:12:01 2023|main.py|INFO] EPOCH [15/100] Train NME: 0.12319
[Sun Apr 16 20:12:02 2023|main.py|INFO] EPOCH [15/100] Test NME: 0.13052
[Sun Apr 16 20:12:02 2023|main.py|INFO] EPOCH [15/100] Learning rate: 0.01319
[Sun Apr 16 20:12:02 2023|main.py|INFO] EPOCH [15/100] NME improved from 0.13620 to 0.13052
[Sun Apr 16 20:12:02 2023|main.py|INFO] EPOCH [15/100] Saving model to: checkpoints/raw_CNN_Aug_MSE_lr0.3_B4/2023-04-16_20-12-02_epoch_15_NME_0.13052.pth.tar
[Sun Apr 16 20:18:29 2023|main.py|INFO] EPOCH [16/100] Train NME: 0.12008
[Sun Apr 16 20:18:30 2023|main.py|INFO] EPOCH [16/100] Test NME: 0.14074
[Sun Apr 16 20:18:30 2023|main.py|INFO] EPOCH [16/100] Learning rate: 0.01056
[Sun Apr 16 20:24:48 2023|main.py|INFO] EPOCH [17/100] Train NME: 0.11841
[Sun Apr 16 20:24:49 2023|main.py|INFO] EPOCH [17/100] Test NME: 0.13014
[Sun Apr 16 20:24:49 2023|main.py|INFO] EPOCH [17/100] Learning rate: 0.00844
[Sun Apr 16 20:24:49 2023|main.py|INFO] EPOCH [17/100] NME improved from 0.13052 to 0.13014
[Sun Apr 16 20:24:49 2023|main.py|INFO] EPOCH [17/100] Saving model to: checkpoints/raw_CNN_Aug_MSE_lr0.3_B4/2023-04-16_20-24-49_epoch_17_NME_0.13014.pth.tar
[Sun Apr 16 20:31:20 2023|main.py|INFO] EPOCH [18/100] Train NME: 0.11776
[Sun Apr 16 20:31:21 2023|main.py|INFO] EPOCH [18/100] Test NME: 0.13333
[Sun Apr 16 20:31:21 2023|main.py|INFO] EPOCH [18/100] Learning rate: 0.00676
[Sun Apr 16 20:37:45 2023|main.py|INFO] EPOCH [19/100] Train NME: 0.11825
[Sun Apr 16 20:37:46 2023|main.py|INFO] EPOCH [19/100] Test NME: 0.12824
[Sun Apr 16 20:37:46 2023|main.py|INFO] EPOCH [19/100] Learning rate: 0.00540
[Sun Apr 16 20:37:46 2023|main.py|INFO] EPOCH [19/100] NME improved from 0.13014 to 0.12824
[Sun Apr 16 20:37:46 2023|main.py|INFO] EPOCH [19/100] Saving model to: checkpoints/raw_CNN_Aug_MSE_lr0.3_B4/2023-04-16_20-37-46_epoch_19_NME_0.12824.pth.tar
[Sun Apr 16 20:44:21 2023|main.py|INFO] EPOCH [20/100] Train NME: 0.11815
[Sun Apr 16 20:44:22 2023|main.py|INFO] EPOCH [20/100] Test NME: 0.12922
[Sun Apr 16 20:44:22 2023|main.py|INFO] EPOCH [20/100] Learning rate: 0.00432
[Sun Apr 16 20:50:37 2023|main.py|INFO] EPOCH [21/100] Train NME: 0.11837
[Sun Apr 16 20:50:38 2023|main.py|INFO] EPOCH [21/100] Test NME: 0.12892
[Sun Apr 16 20:50:38 2023|main.py|INFO] EPOCH [21/100] Learning rate: 0.00346
[Sun Apr 16 20:56:50 2023|main.py|INFO] EPOCH [22/100] Train NME: 0.11815
[Sun Apr 16 20:56:51 2023|main.py|INFO] EPOCH [22/100] Test NME: 0.12627
[Sun Apr 16 20:56:51 2023|main.py|INFO] EPOCH [22/100] Learning rate: 0.00277
[Sun Apr 16 20:56:51 2023|main.py|INFO] EPOCH [22/100] NME improved from 0.12824 to 0.12627
[Sun Apr 16 20:56:51 2023|main.py|INFO] EPOCH [22/100] Saving model to: checkpoints/raw_CNN_Aug_MSE_lr0.3_B4/2023-04-16_20-56-51_epoch_22_NME_0.12627.pth.tar
[Sun Apr 16 21:03:10 2023|main.py|INFO] EPOCH [23/100] Train NME: 0.11907
[Sun Apr 16 21:03:11 2023|main.py|INFO] EPOCH [23/100] Test NME: 0.13073
[Sun Apr 16 21:03:11 2023|main.py|INFO] EPOCH [23/100] Learning rate: 0.00221
[Sun Apr 16 21:09:36 2023|main.py|INFO] EPOCH [24/100] Train NME: 0.11998
[Sun Apr 16 21:09:37 2023|main.py|INFO] EPOCH [24/100] Test NME: 0.12888
[Sun Apr 16 21:09:37 2023|main.py|INFO] EPOCH [24/100] Learning rate: 0.00177
[Sun Apr 16 21:16:22 2023|main.py|INFO] EPOCH [25/100] Train NME: 0.11918
[Sun Apr 16 21:16:23 2023|main.py|INFO] EPOCH [25/100] Test NME: 0.13113
[Sun Apr 16 21:16:23 2023|main.py|INFO] EPOCH [25/100] Learning rate: 0.00142
[Sun Apr 16 21:22:39 2023|main.py|INFO] EPOCH [26/100] Train NME: 0.12023
[Sun Apr 16 21:22:40 2023|main.py|INFO] EPOCH [26/100] Test NME: 0.12634
[Sun Apr 16 21:22:40 2023|main.py|INFO] EPOCH [26/100] Learning rate: 0.00113
[Sun Apr 16 21:29:00 2023|main.py|INFO] EPOCH [27/100] Train NME: 0.12210
[Sun Apr 16 21:29:01 2023|main.py|INFO] EPOCH [27/100] Test NME: 0.12916
[Sun Apr 16 21:29:01 2023|main.py|INFO] EPOCH [27/100] Learning rate: 0.00091
[Sun Apr 16 21:35:21 2023|main.py|INFO] EPOCH [28/100] Train NME: 0.12380
[Sun Apr 16 21:35:22 2023|main.py|INFO] EPOCH [28/100] Test NME: 0.12936
[Sun Apr 16 21:35:22 2023|main.py|INFO] EPOCH [28/100] Learning rate: 0.00073
[Sun Apr 16 21:41:37 2023|main.py|INFO] EPOCH [29/100] Train NME: 0.12392
[Sun Apr 16 21:41:38 2023|main.py|INFO] EPOCH [29/100] Test NME: 0.12811
[Sun Apr 16 21:41:38 2023|main.py|INFO] EPOCH [29/100] Learning rate: 0.00058
[Sun Apr 16 21:47:51 2023|main.py|INFO] EPOCH [30/100] Train NME: 0.12562
[Sun Apr 16 21:47:52 2023|main.py|INFO] EPOCH [30/100] Test NME: 0.12552
[Sun Apr 16 21:47:52 2023|main.py|INFO] EPOCH [30/100] Learning rate: 0.00046
[Sun Apr 16 21:47:52 2023|main.py|INFO] EPOCH [30/100] NME improved from 0.12627 to 0.12552
[Sun Apr 16 21:47:52 2023|main.py|INFO] EPOCH [30/100] Saving model to: checkpoints/raw_CNN_Aug_MSE_lr0.3_B4/2023-04-16_21-47-52_epoch_30_NME_0.12552.pth.tar
[Sun Apr 16 21:54:13 2023|main.py|INFO] EPOCH [31/100] Train NME: 0.12730
[Sun Apr 16 21:54:14 2023|main.py|INFO] EPOCH [31/100] Test NME: 0.12641
[Sun Apr 16 21:54:14 2023|main.py|INFO] EPOCH [31/100] Learning rate: 0.00037
[Sun Apr 16 22:00:37 2023|main.py|INFO] EPOCH [32/100] Train NME: 0.12696
[Sun Apr 16 22:00:38 2023|main.py|INFO] EPOCH [32/100] Test NME: 0.12906
[Sun Apr 16 22:00:38 2023|main.py|INFO] EPOCH [32/100] Learning rate: 0.00030
[Sun Apr 16 22:07:00 2023|main.py|INFO] EPOCH [33/100] Train NME: 0.12743
[Sun Apr 16 22:07:01 2023|main.py|INFO] EPOCH [33/100] Test NME: 0.12755
[Sun Apr 16 22:07:01 2023|main.py|INFO] EPOCH [33/100] Learning rate: 0.00024
[Sun Apr 16 22:13:22 2023|main.py|INFO] EPOCH [34/100] Train NME: 0.12868
[Sun Apr 16 22:13:23 2023|main.py|INFO] EPOCH [34/100] Test NME: 0.12730
[Sun Apr 16 22:13:23 2023|main.py|INFO] EPOCH [34/100] Learning rate: 0.00019
[Sun Apr 16 22:19:34 2023|main.py|INFO] EPOCH [35/100] Train NME: 0.13034
[Sun Apr 16 22:19:35 2023|main.py|INFO] EPOCH [35/100] Test NME: 0.12707
[Sun Apr 16 22:19:35 2023|main.py|INFO] EPOCH [35/100] Learning rate: 0.00015
[Sun Apr 16 22:25:36 2023|main.py|INFO] EPOCH [36/100] Train NME: 0.13048
[Sun Apr 16 22:25:37 2023|main.py|INFO] EPOCH [36/100] Test NME: 0.12649
[Sun Apr 16 22:25:37 2023|main.py|INFO] EPOCH [36/100] Learning rate: 0.00012
[Sun Apr 16 22:31:56 2023|main.py|INFO] EPOCH [37/100] Train NME: 0.13079
[Sun Apr 16 22:31:57 2023|main.py|INFO] EPOCH [37/100] Test NME: 0.17423
[Sun Apr 16 22:31:57 2023|main.py|INFO] EPOCH [37/100] Learning rate: 0.00010
[Sun Apr 16 22:38:24 2023|main.py|INFO] EPOCH [38/100] Train NME: 0.13265
[Sun Apr 16 22:38:25 2023|main.py|INFO] EPOCH [38/100] Test NME: 0.12828
[Sun Apr 16 22:38:25 2023|main.py|INFO] EPOCH [38/100] Learning rate: 0.00008
[Sun Apr 16 22:44:53 2023|main.py|INFO] EPOCH [39/100] Train NME: 0.13331
[Sun Apr 16 22:44:54 2023|main.py|INFO] EPOCH [39/100] Test NME: 0.12942
[Sun Apr 16 22:44:54 2023|main.py|INFO] EPOCH [39/100] Learning rate: 0.00006
[Sun Apr 16 22:51:22 2023|main.py|INFO] EPOCH [40/100] Train NME: 0.13347
[Sun Apr 16 22:51:23 2023|main.py|INFO] EPOCH [40/100] Test NME: 0.13631
[Sun Apr 16 22:51:23 2023|main.py|INFO] EPOCH [40/100] Learning rate: 0.00005
[Sun Apr 16 22:57:34 2023|main.py|INFO] EPOCH [41/100] Train NME: 0.13596
[Sun Apr 16 22:57:35 2023|main.py|INFO] EPOCH [41/100] Test NME: 0.13313
[Sun Apr 16 22:57:35 2023|main.py|INFO] EPOCH [41/100] Learning rate: 0.00004
[Sun Apr 16 23:03:50 2023|main.py|INFO] EPOCH [42/100] Train NME: 0.13582
[Sun Apr 16 23:03:51 2023|main.py|INFO] EPOCH [42/100] Test NME: 0.13207
[Sun Apr 16 23:03:51 2023|main.py|INFO] EPOCH [42/100] Learning rate: 0.00003
[Sun Apr 16 23:09:59 2023|main.py|INFO] EPOCH [43/100] Train NME: 0.13533
[Sun Apr 16 23:10:00 2023|main.py|INFO] EPOCH [43/100] Test NME: 0.13058
[Sun Apr 16 23:10:00 2023|main.py|INFO] EPOCH [43/100] Learning rate: 0.00003
[Sun Apr 16 23:16:08 2023|main.py|INFO] EPOCH [44/100] Train NME: 0.13608
[Sun Apr 16 23:16:09 2023|main.py|INFO] EPOCH [44/100] Test NME: 0.13207
[Sun Apr 16 23:16:09 2023|main.py|INFO] EPOCH [44/100] Learning rate: 0.00002
[Sun Apr 16 23:22:24 2023|main.py|INFO] EPOCH [45/100] Train NME: 0.13610
[Sun Apr 16 23:22:25 2023|main.py|INFO] EPOCH [45/100] Test NME: 0.13479
[Sun Apr 16 23:22:25 2023|main.py|INFO] EPOCH [45/100] Learning rate: 0.00002
[Sun Apr 16 23:28:58 2023|main.py|INFO] EPOCH [46/100] Train NME: 0.13695
[Sun Apr 16 23:28:59 2023|main.py|INFO] EPOCH [46/100] Test NME: 0.13373
[Sun Apr 16 23:28:59 2023|main.py|INFO] EPOCH [46/100] Learning rate: 0.00001
[Sun Apr 16 23:35:22 2023|main.py|INFO] EPOCH [47/100] Train NME: 0.13740
[Sun Apr 16 23:35:23 2023|main.py|INFO] EPOCH [47/100] Test NME: 0.13319
[Sun Apr 16 23:35:23 2023|main.py|INFO] EPOCH [47/100] Learning rate: 0.00001
[Sun Apr 16 23:42:05 2023|main.py|INFO] EPOCH [48/100] Train NME: 0.13731
[Sun Apr 16 23:42:06 2023|main.py|INFO] EPOCH [48/100] Test NME: 0.13348
[Sun Apr 16 23:42:06 2023|main.py|INFO] EPOCH [48/100] Learning rate: 0.00001
[Sun Apr 16 23:48:28 2023|main.py|INFO] EPOCH [49/100] Train NME: 0.13707
[Sun Apr 16 23:48:29 2023|main.py|INFO] EPOCH [49/100] Test NME: 0.13281
[Sun Apr 16 23:48:29 2023|main.py|INFO] EPOCH [49/100] Learning rate: 0.00001
[Sun Apr 16 23:55:05 2023|main.py|INFO] EPOCH [50/100] Train NME: 0.13878
[Sun Apr 16 23:55:06 2023|main.py|INFO] EPOCH [50/100] Test NME: 0.13463
[Sun Apr 16 23:55:06 2023|main.py|INFO] EPOCH [50/100] Learning rate: 0.00001
[Mon Apr 17 00:01:28 2023|main.py|INFO] EPOCH [51/100] Train NME: 0.13829
[Mon Apr 17 00:01:28 2023|main.py|INFO] EPOCH [51/100] Test NME: 0.13537
[Mon Apr 17 00:01:28 2023|main.py|INFO] EPOCH [51/100] Learning rate: 0.00000
[Mon Apr 17 00:07:47 2023|main.py|INFO] EPOCH [52/100] Train NME: 0.13906
[Mon Apr 17 00:07:48 2023|main.py|INFO] EPOCH [52/100] Test NME: 0.13232
[Mon Apr 17 00:07:48 2023|main.py|INFO] EPOCH [52/100] Learning rate: 0.00000
[Mon Apr 17 00:14:21 2023|main.py|INFO] EPOCH [53/100] Train NME: 0.13784
[Mon Apr 17 00:14:22 2023|main.py|INFO] EPOCH [53/100] Test NME: 0.13434
[Mon Apr 17 00:14:22 2023|main.py|INFO] EPOCH [53/100] Learning rate: 0.00000
[Mon Apr 17 00:20:47 2023|main.py|INFO] EPOCH [54/100] Train NME: 0.13856
[Mon Apr 17 00:20:47 2023|main.py|INFO] EPOCH [54/100] Test NME: 0.13547
[Mon Apr 17 00:20:47 2023|main.py|INFO] EPOCH [54/100] Learning rate: 0.00000
[Mon Apr 17 00:27:24 2023|main.py|INFO] EPOCH [55/100] Train NME: 0.13953
[Mon Apr 17 00:27:25 2023|main.py|INFO] EPOCH [55/100] Test NME: 0.13385
[Mon Apr 17 00:27:25 2023|main.py|INFO] EPOCH [55/100] Learning rate: 0.00000
[Mon Apr 17 00:33:32 2023|main.py|INFO] EPOCH [56/100] Train NME: 0.14001
[Mon Apr 17 00:33:33 2023|main.py|INFO] EPOCH [56/100] Test NME: 0.13507
[Mon Apr 17 00:33:33 2023|main.py|INFO] EPOCH [56/100] Learning rate: 0.00000
[Mon Apr 17 00:39:23 2023|main.py|INFO] EPOCH [57/100] Train NME: 0.14001
[Mon Apr 17 00:39:24 2023|main.py|INFO] EPOCH [57/100] Test NME: 0.12720
[Mon Apr 17 00:39:24 2023|main.py|INFO] EPOCH [57/100] Learning rate: 0.00000
[Mon Apr 17 00:45:42 2023|main.py|INFO] EPOCH [58/100] Train NME: 0.13988
[Mon Apr 17 00:45:43 2023|main.py|INFO] EPOCH [58/100] Test NME: 0.13806
[Mon Apr 17 00:45:43 2023|main.py|INFO] EPOCH [58/100] Learning rate: 0.00000
[Mon Apr 17 00:52:17 2023|main.py|INFO] EPOCH [59/100] Train NME: 0.14025
[Mon Apr 17 00:52:18 2023|main.py|INFO] EPOCH [59/100] Test NME: 0.13014
[Mon Apr 17 00:52:18 2023|main.py|INFO] EPOCH [59/100] Learning rate: 0.00000
[Mon Apr 17 00:58:30 2023|main.py|INFO] EPOCH [60/100] Train NME: 0.13934
[Mon Apr 17 00:58:31 2023|main.py|INFO] EPOCH [60/100] Test NME: 0.12910
[Mon Apr 17 00:58:31 2023|main.py|INFO] EPOCH [60/100] Learning rate: 0.00000
[Mon Apr 17 01:04:47 2023|main.py|INFO] EPOCH [61/100] Train NME: 0.14027
[Mon Apr 17 01:04:48 2023|main.py|INFO] EPOCH [61/100] Test NME: 0.13739
[Mon Apr 17 01:04:48 2023|main.py|INFO] EPOCH [61/100] Learning rate: 0.00000
[Mon Apr 17 01:10:54 2023|main.py|INFO] EPOCH [62/100] Train NME: 0.14015
[Mon Apr 17 01:10:55 2023|main.py|INFO] EPOCH [62/100] Test NME: 0.13179
[Mon Apr 17 01:10:55 2023|main.py|INFO] EPOCH [62/100] Learning rate: 0.00000
[Mon Apr 17 01:16:54 2023|main.py|INFO] EPOCH [63/100] Train NME: 0.13957
[Mon Apr 17 01:16:55 2023|main.py|INFO] EPOCH [63/100] Test NME: 0.13390
[Mon Apr 17 01:16:55 2023|main.py|INFO] EPOCH [63/100] Learning rate: 0.00000
[Mon Apr 17 01:22:36 2023|main.py|INFO] EPOCH [64/100] Train NME: 0.14057
[Mon Apr 17 01:22:37 2023|main.py|INFO] EPOCH [64/100] Test NME: 0.13522
[Mon Apr 17 01:22:37 2023|main.py|INFO] EPOCH [64/100] Learning rate: 0.00000
[Mon Apr 17 01:28:57 2023|main.py|INFO] EPOCH [65/100] Train NME: 0.13951
[Mon Apr 17 01:28:58 2023|main.py|INFO] EPOCH [65/100] Test NME: 0.13603
[Mon Apr 17 01:28:58 2023|main.py|INFO] EPOCH [65/100] Learning rate: 0.00000
[Mon Apr 17 01:35:10 2023|main.py|INFO] EPOCH [66/100] Train NME: 0.13935
[Mon Apr 17 01:35:10 2023|main.py|INFO] EPOCH [66/100] Test NME: 0.13025
[Mon Apr 17 01:35:10 2023|main.py|INFO] EPOCH [66/100] Learning rate: 0.00000
[Mon Apr 17 01:41:14 2023|main.py|INFO] EPOCH [67/100] Train NME: 0.14061
[Mon Apr 17 01:41:14 2023|main.py|INFO] EPOCH [67/100] Test NME: 0.13330
[Mon Apr 17 01:41:14 2023|main.py|INFO] EPOCH [67/100] Learning rate: 0.00000
[Mon Apr 17 01:47:29 2023|main.py|INFO] EPOCH [68/100] Train NME: 0.14044
[Mon Apr 17 01:47:30 2023|main.py|INFO] EPOCH [68/100] Test NME: 0.14019
[Mon Apr 17 01:47:30 2023|main.py|INFO] EPOCH [68/100] Learning rate: 0.00000
[Mon Apr 17 01:53:24 2023|main.py|INFO] EPOCH [69/100] Train NME: 0.13965
[Mon Apr 17 01:53:25 2023|main.py|INFO] EPOCH [69/100] Test NME: 0.13380
[Mon Apr 17 01:53:25 2023|main.py|INFO] EPOCH [69/100] Learning rate: 0.00000
[Mon Apr 17 01:59:25 2023|main.py|INFO] EPOCH [70/100] Train NME: 0.14065
[Mon Apr 17 01:59:26 2023|main.py|INFO] EPOCH [70/100] Test NME: 0.13896
[Mon Apr 17 01:59:26 2023|main.py|INFO] EPOCH [70/100] Learning rate: 0.00000
[Mon Apr 17 02:05:36 2023|main.py|INFO] EPOCH [71/100] Train NME: 0.14099
[Mon Apr 17 02:05:37 2023|main.py|INFO] EPOCH [71/100] Test NME: 0.13550
[Mon Apr 17 02:05:37 2023|main.py|INFO] EPOCH [71/100] Learning rate: 0.00000
[Mon Apr 17 02:12:08 2023|main.py|INFO] EPOCH [72/100] Train NME: 0.14115
[Mon Apr 17 02:12:09 2023|main.py|INFO] EPOCH [72/100] Test NME: 0.13439
[Mon Apr 17 02:12:09 2023|main.py|INFO] EPOCH [72/100] Learning rate: 0.00000
[Mon Apr 17 02:18:12 2023|main.py|INFO] EPOCH [73/100] Train NME: 0.14102
[Mon Apr 17 02:18:13 2023|main.py|INFO] EPOCH [73/100] Test NME: 0.13301
[Mon Apr 17 02:18:13 2023|main.py|INFO] EPOCH [73/100] Learning rate: 0.00000
[Mon Apr 17 02:24:30 2023|main.py|INFO] EPOCH [74/100] Train NME: 0.14050
[Mon Apr 17 02:24:31 2023|main.py|INFO] EPOCH [74/100] Test NME: 0.13616
[Mon Apr 17 02:24:31 2023|main.py|INFO] EPOCH [74/100] Learning rate: 0.00000
[Mon Apr 17 02:30:40 2023|main.py|INFO] EPOCH [75/100] Train NME: 0.14050
[Mon Apr 17 02:30:41 2023|main.py|INFO] EPOCH [75/100] Test NME: 0.13354
[Mon Apr 17 02:30:41 2023|main.py|INFO] EPOCH [75/100] Learning rate: 0.00000
[Mon Apr 17 02:36:31 2023|main.py|INFO] EPOCH [76/100] Train NME: 0.14110
[Mon Apr 17 02:36:32 2023|main.py|INFO] EPOCH [76/100] Test NME: 0.13609
[Mon Apr 17 02:36:32 2023|main.py|INFO] EPOCH [76/100] Learning rate: 0.00000
[Mon Apr 17 02:42:20 2023|main.py|INFO] EPOCH [77/100] Train NME: 0.14042
[Mon Apr 17 02:42:21 2023|main.py|INFO] EPOCH [77/100] Test NME: 0.13008
[Mon Apr 17 02:42:21 2023|main.py|INFO] EPOCH [77/100] Learning rate: 0.00000
[Mon Apr 17 02:48:33 2023|main.py|INFO] EPOCH [78/100] Train NME: 0.14192
[Mon Apr 17 02:48:34 2023|main.py|INFO] EPOCH [78/100] Test NME: 0.13371
[Mon Apr 17 02:48:34 2023|main.py|INFO] EPOCH [78/100] Learning rate: 0.00000
[Mon Apr 17 02:55:01 2023|main.py|INFO] EPOCH [79/100] Train NME: 0.14130
[Mon Apr 17 02:55:02 2023|main.py|INFO] EPOCH [79/100] Test NME: 0.13396
[Mon Apr 17 02:55:02 2023|main.py|INFO] EPOCH [79/100] Learning rate: 0.00000
[Mon Apr 17 03:01:23 2023|main.py|INFO] EPOCH [80/100] Train NME: 0.14134
[Mon Apr 17 03:01:24 2023|main.py|INFO] EPOCH [80/100] Test NME: 0.13404
[Mon Apr 17 03:01:24 2023|main.py|INFO] EPOCH [80/100] Learning rate: 0.00000
[Mon Apr 17 03:07:42 2023|main.py|INFO] EPOCH [81/100] Train NME: 0.13988
[Mon Apr 17 03:07:42 2023|main.py|INFO] EPOCH [81/100] Test NME: 0.13411
[Mon Apr 17 03:07:42 2023|main.py|INFO] EPOCH [81/100] Learning rate: 0.00000
[Mon Apr 17 03:14:10 2023|main.py|INFO] EPOCH [82/100] Train NME: 0.14070
[Mon Apr 17 03:14:11 2023|main.py|INFO] EPOCH [82/100] Test NME: 0.13236
[Mon Apr 17 03:14:11 2023|main.py|INFO] EPOCH [82/100] Learning rate: 0.00000
[Mon Apr 17 03:20:35 2023|main.py|INFO] EPOCH [83/100] Train NME: 0.14127
[Mon Apr 17 03:20:36 2023|main.py|INFO] EPOCH [83/100] Test NME: 0.13707
[Mon Apr 17 03:20:36 2023|main.py|INFO] EPOCH [83/100] Learning rate: 0.00000
[Mon Apr 17 03:26:51 2023|main.py|INFO] EPOCH [84/100] Train NME: 0.14107
[Mon Apr 17 03:26:52 2023|main.py|INFO] EPOCH [84/100] Test NME: 0.13168
[Mon Apr 17 03:26:52 2023|main.py|INFO] EPOCH [84/100] Learning rate: 0.00000
[Mon Apr 17 03:33:05 2023|main.py|INFO] EPOCH [85/100] Train NME: 0.13965
[Mon Apr 17 03:33:06 2023|main.py|INFO] EPOCH [85/100] Test NME: 0.13393
[Mon Apr 17 03:33:06 2023|main.py|INFO] EPOCH [85/100] Learning rate: 0.00000
[Mon Apr 17 03:39:29 2023|main.py|INFO] EPOCH [86/100] Train NME: 0.14092
[Mon Apr 17 03:39:30 2023|main.py|INFO] EPOCH [86/100] Test NME: 0.13530
[Mon Apr 17 03:39:30 2023|main.py|INFO] EPOCH [86/100] Learning rate: 0.00000
[Mon Apr 17 03:45:29 2023|main.py|INFO] EPOCH [87/100] Train NME: 0.14030
[Mon Apr 17 03:45:30 2023|main.py|INFO] EPOCH [87/100] Test NME: 0.13435
[Mon Apr 17 03:45:30 2023|main.py|INFO] EPOCH [87/100] Learning rate: 0.00000
[Mon Apr 17 03:51:53 2023|main.py|INFO] EPOCH [88/100] Train NME: 0.14023
[Mon Apr 17 03:51:54 2023|main.py|INFO] EPOCH [88/100] Test NME: 0.13119
[Mon Apr 17 03:51:54 2023|main.py|INFO] EPOCH [88/100] Learning rate: 0.00000
[Mon Apr 17 03:58:51 2023|main.py|INFO] EPOCH [89/100] Train NME: 0.14053
[Mon Apr 17 03:58:52 2023|main.py|INFO] EPOCH [89/100] Test NME: 0.13698
[Mon Apr 17 03:58:52 2023|main.py|INFO] EPOCH [89/100] Learning rate: 0.00000
[Mon Apr 17 04:05:32 2023|main.py|INFO] EPOCH [90/100] Train NME: 0.14100
[Mon Apr 17 04:05:33 2023|main.py|INFO] EPOCH [90/100] Test NME: 0.13360
[Mon Apr 17 04:05:33 2023|main.py|INFO] EPOCH [90/100] Learning rate: 0.00000
[Mon Apr 17 04:11:50 2023|main.py|INFO] EPOCH [91/100] Train NME: 0.14005
[Mon Apr 17 04:11:51 2023|main.py|INFO] EPOCH [91/100] Test NME: 0.14296
[Mon Apr 17 04:11:51 2023|main.py|INFO] EPOCH [91/100] Learning rate: 0.00000
[Mon Apr 17 04:18:05 2023|main.py|INFO] EPOCH [92/100] Train NME: 0.14113
[Mon Apr 17 04:18:06 2023|main.py|INFO] EPOCH [92/100] Test NME: 0.13069
[Mon Apr 17 04:18:06 2023|main.py|INFO] EPOCH [92/100] Learning rate: 0.00000
[Mon Apr 17 04:24:12 2023|main.py|INFO] EPOCH [93/100] Train NME: 0.14118
[Mon Apr 17 04:24:13 2023|main.py|INFO] EPOCH [93/100] Test NME: 0.15938
[Mon Apr 17 04:24:13 2023|main.py|INFO] EPOCH [93/100] Learning rate: 0.00000
[Mon Apr 17 04:30:31 2023|main.py|INFO] EPOCH [94/100] Train NME: 0.14080
[Mon Apr 17 04:30:32 2023|main.py|INFO] EPOCH [94/100] Test NME: 0.13206
[Mon Apr 17 04:30:32 2023|main.py|INFO] EPOCH [94/100] Learning rate: 0.00000
[Mon Apr 17 04:36:35 2023|main.py|INFO] EPOCH [95/100] Train NME: 0.14134
[Mon Apr 17 04:36:36 2023|main.py|INFO] EPOCH [95/100] Test NME: 0.13208
[Mon Apr 17 04:36:36 2023|main.py|INFO] EPOCH [95/100] Learning rate: 0.00000
[Mon Apr 17 04:42:43 2023|main.py|INFO] EPOCH [96/100] Train NME: 0.14033
[Mon Apr 17 04:42:44 2023|main.py|INFO] EPOCH [96/100] Test NME: 0.13435
[Mon Apr 17 04:42:44 2023|main.py|INFO] EPOCH [96/100] Learning rate: 0.00000
[Mon Apr 17 04:49:03 2023|main.py|INFO] EPOCH [97/100] Train NME: 0.14014
[Mon Apr 17 04:49:04 2023|main.py|INFO] EPOCH [97/100] Test NME: 0.13581
[Mon Apr 17 04:49:04 2023|main.py|INFO] EPOCH [97/100] Learning rate: 0.00000
[Mon Apr 17 04:55:44 2023|main.py|INFO] EPOCH [98/100] Train NME: 0.14127
[Mon Apr 17 04:55:45 2023|main.py|INFO] EPOCH [98/100] Test NME: 0.13682
[Mon Apr 17 04:55:45 2023|main.py|INFO] EPOCH [98/100] Learning rate: 0.00000
[Mon Apr 17 05:02:03 2023|main.py|INFO] EPOCH [99/100] Train NME: 0.14105
[Mon Apr 17 05:02:04 2023|main.py|INFO] EPOCH [99/100] Test NME: 0.13357
[Mon Apr 17 05:02:04 2023|main.py|INFO] EPOCH [99/100] Learning rate: 0.00000
[Mon Apr 17 05:08:46 2023|main.py|INFO] EPOCH [100/100] Train NME: 0.14061
[Mon Apr 17 05:08:47 2023|main.py|INFO] EPOCH [100/100] Test NME: 0.13160
[Mon Apr 17 05:08:47 2023|main.py|INFO] EPOCH [100/100] Learning rate: 0.00000
