[Fri Apr 14 04:42:31 2023|main.py|INFO] Task: Cas_Stage2_Aug_Wing-S1_MSE
[Fri Apr 14 04:42:31 2023|main.py|INFO] Training cascade stage 2
[Fri Apr 14 04:42:31 2023|main.py|INFO] Stage 1 model: resnet18
[Fri Apr 14 04:42:31 2023|main.py|INFO] Stage 1 model path: checkpoints/Cas_Stage1_Aug_MSE/2023-04-10_16-12-06_epoch_22_NME_1.53919.pth.tar
[Fri Apr 14 04:42:31 2023|main.py|INFO] Using device: cuda
[Fri Apr 14 04:42:31 2023|main.py|INFO] Using config: config/Cas_Stage2_Aug_Wing-S1_MSE.yaml
[Fri Apr 14 04:42:31 2023|main.py|INFO] Train path: data/training_images_full_train.npz
[Fri Apr 14 04:42:31 2023|main.py|INFO] Test path: data/training_images_full_test.npz
[Fri Apr 14 04:42:31 2023|main.py|INFO] Train augment: True
[Fri Apr 14 04:42:31 2023|main.py|INFO] Learning rate: 0.3
[Fri Apr 14 04:42:31 2023|main.py|INFO] Batch size: 24
[Fri Apr 14 04:42:31 2023|main.py|INFO] Num epochs: 100
[Fri Apr 14 04:42:31 2023|main.py|INFO] Save model: True
[Fri Apr 14 04:42:31 2023|main.py|INFO] Loss: Wing
[Fri Apr 14 04:42:31 2023|main.py|INFO] Log path: logs/Cas_Stage2_Aug_Wing-S1_MSE/2023-04-14_04-42-31.log
[Fri Apr 14 04:42:31 2023|main.py|INFO] Writer path: runs/Cas_Stage2_Aug_Wing-S1_MSE/2023-04-14_04-42-31
[Fri Apr 14 04:42:31 2023|main.py|INFO] Model name: resnet50
[Fri Apr 14 04:42:31 2023|main.py|INFO] Num outputs: 88
[Fri Apr 14 04:42:31 2023|main.py|INFO] Pretrained: True
[Fri Apr 14 04:42:31 2023|main.py|INFO] Load model: False
[Fri Apr 14 04:42:31 2023|main.py|INFO] Load path: None
[Fri Apr 14 04:42:31 2023|main.py|INFO] Loading data...
[Fri Apr 14 04:42:31 2023|main.py|INFO] Load stage 1 model
[Fri Apr 14 04:42:33 2023|main.py|INFO] Load dataset for cascade stage 2
[Fri Apr 14 04:42:35 2023|main.py|INFO] Initializing network resnet50 with 88 outputs...
[Fri Apr 14 04:42:35 2023|main.py|INFO] Network: ResNet(
  (conv1): Conv2d(3, 64, kernel_size=(7, 7), stride=(2, 2), padding=(3, 3), bias=False)
  (bn1): BatchNorm2d(64, eps=1e-05, momentum=0.1, affine=True, track_running_stats=True)
  (relu): ReLU(inplace=True)
  (maxpool): MaxPool2d(kernel_size=3, stride=2, padding=1, dilation=1, ceil_mode=False)
  (layer1): Sequential(
    (0): BottleNeck(
      (conv1): Conv2d(64, 64, kernel_size=(1, 1), stride=(1, 1), bias=False)
      (bn1): BatchNorm2d(64, eps=1e-05, momentum=0.1, affine=True, track_running_stats=True)
      (relu): ReLU(inplace=True)
      (conv2): Conv2d(64, 64, kernel_size=(3, 3), stride=(1, 1), padding=(1, 1), bias=False)
      (bn2): BatchNorm2d(64, eps=1e-05, momentum=0.1, affine=True, track_running_stats=True)
      (conv3): Conv2d(64, 256, kernel_size=(1, 1), stride=(1, 1), bias=False)
      (bn3): BatchNorm2d(256, eps=1e-05, momentum=0.1, affine=True, track_running_stats=True)
      (downsample): Sequential(
        (0): Conv2d(64, 256, kernel_size=(1, 1), stride=(1, 1), bias=False)
        (1): BatchNorm2d(256, eps=1e-05, momentum=0.1, affine=True, track_running_stats=True)
      )
    )
    (1): BottleNeck(
      (conv1): Conv2d(256, 64, kernel_size=(1, 1), stride=(1, 1), bias=False)
      (bn1): BatchNorm2d(64, eps=1e-05, momentum=0.1, affine=True, track_running_stats=True)
      (relu): ReLU(inplace=True)
      (conv2): Conv2d(64, 64, kernel_size=(3, 3), stride=(1, 1), padding=(1, 1), bias=False)
      (bn2): BatchNorm2d(64, eps=1e-05, momentum=0.1, affine=True, track_running_stats=True)
      (conv3): Conv2d(64, 256, kernel_size=(1, 1), stride=(1, 1), bias=False)
      (bn3): BatchNorm2d(256, eps=1e-05, momentum=0.1, affine=True, track_running_stats=True)
    )
    (2): BottleNeck(
      (conv1): Conv2d(256, 64, kernel_size=(1, 1), stride=(1, 1), bias=False)
      (bn1): BatchNorm2d(64, eps=1e-05, momentum=0.1, affine=True, track_running_stats=True)
      (relu): ReLU(inplace=True)
      (conv2): Conv2d(64, 64, kernel_size=(3, 3), stride=(1, 1), padding=(1, 1), bias=False)
      (bn2): BatchNorm2d(64, eps=1e-05, momentum=0.1, affine=True, track_running_stats=True)
      (conv3): Conv2d(64, 256, kernel_size=(1, 1), stride=(1, 1), bias=False)
      (bn3): BatchNorm2d(256, eps=1e-05, momentum=0.1, affine=True, track_running_stats=True)
    )
  )
  (layer2): Sequential(
    (0): BottleNeck(
      (conv1): Conv2d(256, 128, kernel_size=(1, 1), stride=(1, 1), bias=False)
      (bn1): BatchNorm2d(128, eps=1e-05, momentum=0.1, affine=True, track_running_stats=True)
      (relu): ReLU(inplace=True)
      (conv2): Conv2d(128, 128, kernel_size=(3, 3), stride=(2, 2), padding=(1, 1), bias=False)
      (bn2): BatchNorm2d(128, eps=1e-05, momentum=0.1, affine=True, track_running_stats=True)
      (conv3): Conv2d(128, 512, kernel_size=(1, 1), stride=(1, 1), bias=False)
      (bn3): BatchNorm2d(512, eps=1e-05, momentum=0.1, affine=True, track_running_stats=True)
      (downsample): Sequential(
        (0): Conv2d(256, 512, kernel_size=(1, 1), stride=(2, 2), bias=False)
        (1): BatchNorm2d(512, eps=1e-05, momentum=0.1, affine=True, track_running_stats=True)
      )
    )
    (1): BottleNeck(
      (conv1): Conv2d(512, 128, kernel_size=(1, 1), stride=(1, 1), bias=False)
      (bn1): BatchNorm2d(128, eps=1e-05, momentum=0.1, affine=True, track_running_stats=True)
      (relu): ReLU(inplace=True)
      (conv2): Conv2d(128, 128, kernel_size=(3, 3), stride=(1, 1), padding=(1, 1), bias=False)
      (bn2): BatchNorm2d(128, eps=1e-05, momentum=0.1, affine=True, track_running_stats=True)
      (conv3): Conv2d(128, 512, kernel_size=(1, 1), stride=(1, 1), bias=False)
      (bn3): BatchNorm2d(512, eps=1e-05, momentum=0.1, affine=True, track_running_stats=True)
    )
    (2): BottleNeck(
      (conv1): Conv2d(512, 128, kernel_size=(1, 1), stride=(1, 1), bias=False)
      (bn1): BatchNorm2d(128, eps=1e-05, momentum=0.1, affine=True, track_running_stats=True)
      (relu): ReLU(inplace=True)
      (conv2): Conv2d(128, 128, kernel_size=(3, 3), stride=(1, 1), padding=(1, 1), bias=False)
      (bn2): BatchNorm2d(128, eps=1e-05, momentum=0.1, affine=True, track_running_stats=True)
      (conv3): Conv2d(128, 512, kernel_size=(1, 1), stride=(1, 1), bias=False)
      (bn3): BatchNorm2d(512, eps=1e-05, momentum=0.1, affine=True, track_running_stats=True)
    )
    (3): BottleNeck(
      (conv1): Conv2d(512, 128, kernel_size=(1, 1), stride=(1, 1), bias=False)
      (bn1): BatchNorm2d(128, eps=1e-05, momentum=0.1, affine=True, track_running_stats=True)
      (relu): ReLU(inplace=True)
      (conv2): Conv2d(128, 128, kernel_size=(3, 3), stride=(1, 1), padding=(1, 1), bias=False)
      (bn2): BatchNorm2d(128, eps=1e-05, momentum=0.1, affine=True, track_running_stats=True)
      (conv3): Conv2d(128, 512, kernel_size=(1, 1), stride=(1, 1), bias=False)
      (bn3): BatchNorm2d(512, eps=1e-05, momentum=0.1, affine=True, track_running_stats=True)
    )
  )
  (layer3): Sequential(
    (0): BottleNeck(
      (conv1): Conv2d(512, 256, kernel_size=(1, 1), stride=(1, 1), bias=False)
      (bn1): BatchNorm2d(256, eps=1e-05, momentum=0.1, affine=True, track_running_stats=True)
      (relu): ReLU(inplace=True)
      (conv2): Conv2d(256, 256, kernel_size=(3, 3), stride=(2, 2), padding=(1, 1), bias=False)
      (bn2): BatchNorm2d(256, eps=1e-05, momentum=0.1, affine=True, track_running_stats=True)
      (conv3): Conv2d(256, 1024, kernel_size=(1, 1), stride=(1, 1), bias=False)
      (bn3): BatchNorm2d(1024, eps=1e-05, momentum=0.1, affine=True, track_running_stats=True)
      (downsample): Sequential(
        (0): Conv2d(512, 1024, kernel_size=(1, 1), stride=(2, 2), bias=False)
        (1): BatchNorm2d(1024, eps=1e-05, momentum=0.1, affine=True, track_running_stats=True)
      )
    )
    (1): BottleNeck(
      (conv1): Conv2d(1024, 256, kernel_size=(1, 1), stride=(1, 1), bias=False)
      (bn1): BatchNorm2d(256, eps=1e-05, momentum=0.1, affine=True, track_running_stats=True)
      (relu): ReLU(inplace=True)
      (conv2): Conv2d(256, 256, kernel_size=(3, 3), stride=(1, 1), padding=(1, 1), bias=False)
      (bn2): BatchNorm2d(256, eps=1e-05, momentum=0.1, affine=True, track_running_stats=True)
      (conv3): Conv2d(256, 1024, kernel_size=(1, 1), stride=(1, 1), bias=False)
      (bn3): BatchNorm2d(1024, eps=1e-05, momentum=0.1, affine=True, track_running_stats=True)
    )
    (2): BottleNeck(
      (conv1): Conv2d(1024, 256, kernel_size=(1, 1), stride=(1, 1), bias=False)
      (bn1): BatchNorm2d(256, eps=1e-05, momentum=0.1, affine=True, track_running_stats=True)
      (relu): ReLU(inplace=True)
      (conv2): Conv2d(256, 256, kernel_size=(3, 3), stride=(1, 1), padding=(1, 1), bias=False)
      (bn2): BatchNorm2d(256, eps=1e-05, momentum=0.1, affine=True, track_running_stats=True)
      (conv3): Conv2d(256, 1024, kernel_size=(1, 1), stride=(1, 1), bias=False)
      (bn3): BatchNorm2d(1024, eps=1e-05, momentum=0.1, affine=True, track_running_stats=True)
    )
    (3): BottleNeck(
      (conv1): Conv2d(1024, 256, kernel_size=(1, 1), stride=(1, 1), bias=False)
      (bn1): BatchNorm2d(256, eps=1e-05, momentum=0.1, affine=True, track_running_stats=True)
      (relu): ReLU(inplace=True)
      (conv2): Conv2d(256, 256, kernel_size=(3, 3), stride=(1, 1), padding=(1, 1), bias=False)
      (bn2): BatchNorm2d(256, eps=1e-05, momentum=0.1, affine=True, track_running_stats=True)
      (conv3): Conv2d(256, 1024, kernel_size=(1, 1), stride=(1, 1), bias=False)
      (bn3): BatchNorm2d(1024, eps=1e-05, momentum=0.1, affine=True, track_running_stats=True)
    )
    (4): BottleNeck(
      (conv1): Conv2d(1024, 256, kernel_size=(1, 1), stride=(1, 1), bias=False)
      (bn1): BatchNorm2d(256, eps=1e-05, momentum=0.1, affine=True, track_running_stats=True)
      (relu): ReLU(inplace=True)
      (conv2): Conv2d(256, 256, kernel_size=(3, 3), stride=(1, 1), padding=(1, 1), bias=False)
      (bn2): BatchNorm2d(256, eps=1e-05, momentum=0.1, affine=True, track_running_stats=True)
      (conv3): Conv2d(256, 1024, kernel_size=(1, 1), stride=(1, 1), bias=False)
      (bn3): BatchNorm2d(1024, eps=1e-05, momentum=0.1, affine=True, track_running_stats=True)
    )
    (5): BottleNeck(
      (conv1): Conv2d(1024, 256, kernel_size=(1, 1), stride=(1, 1), bias=False)
      (bn1): BatchNorm2d(256, eps=1e-05, momentum=0.1, affine=True, track_running_stats=True)
      (relu): ReLU(inplace=True)
      (conv2): Conv2d(256, 256, kernel_size=(3, 3), stride=(1, 1), padding=(1, 1), bias=False)
      (bn2): BatchNorm2d(256, eps=1e-05, momentum=0.1, affine=True, track_running_stats=True)
      (conv3): Conv2d(256, 1024, kernel_size=(1, 1), stride=(1, 1), bias=False)
      (bn3): BatchNorm2d(1024, eps=1e-05, momentum=0.1, affine=True, track_running_stats=True)
    )
  )
  (layer4): Sequential(
    (0): BottleNeck(
      (conv1): Conv2d(1024, 512, kernel_size=(1, 1), stride=(1, 1), bias=False)
      (bn1): BatchNorm2d(512, eps=1e-05, momentum=0.1, affine=True, track_running_stats=True)
      (relu): ReLU(inplace=True)
      (conv2): Conv2d(512, 512, kernel_size=(3, 3), stride=(2, 2), padding=(1, 1), bias=False)
      (bn2): BatchNorm2d(512, eps=1e-05, momentum=0.1, affine=True, track_running_stats=True)
      (conv3): Conv2d(512, 2048, kernel_size=(1, 1), stride=(1, 1), bias=False)
      (bn3): BatchNorm2d(2048, eps=1e-05, momentum=0.1, affine=True, track_running_stats=True)
      (downsample): Sequential(
        (0): Conv2d(1024, 2048, kernel_size=(1, 1), stride=(2, 2), bias=False)
        (1): BatchNorm2d(2048, eps=1e-05, momentum=0.1, affine=True, track_running_stats=True)
      )
    )
    (1): BottleNeck(
      (conv1): Conv2d(2048, 512, kernel_size=(1, 1), stride=(1, 1), bias=False)
      (bn1): BatchNorm2d(512, eps=1e-05, momentum=0.1, affine=True, track_running_stats=True)
      (relu): ReLU(inplace=True)
      (conv2): Conv2d(512, 512, kernel_size=(3, 3), stride=(1, 1), padding=(1, 1), bias=False)
      (bn2): BatchNorm2d(512, eps=1e-05, momentum=0.1, affine=True, track_running_stats=True)
      (conv3): Conv2d(512, 2048, kernel_size=(1, 1), stride=(1, 1), bias=False)
      (bn3): BatchNorm2d(2048, eps=1e-05, momentum=0.1, affine=True, track_running_stats=True)
    )
    (2): BottleNeck(
      (conv1): Conv2d(2048, 512, kernel_size=(1, 1), stride=(1, 1), bias=False)
      (bn1): BatchNorm2d(512, eps=1e-05, momentum=0.1, affine=True, track_running_stats=True)
      (relu): ReLU(inplace=True)
      (conv2): Conv2d(512, 512, kernel_size=(3, 3), stride=(1, 1), padding=(1, 1), bias=False)
      (bn2): BatchNorm2d(512, eps=1e-05, momentum=0.1, affine=True, track_running_stats=True)
      (conv3): Conv2d(512, 2048, kernel_size=(1, 1), stride=(1, 1), bias=False)
      (bn3): BatchNorm2d(2048, eps=1e-05, momentum=0.1, affine=True, track_running_stats=True)
    )
  )
  (avgpool): AdaptiveAvgPool2d(output_size=(1, 1))
  (fc): Linear(in_features=2048, out_features=88, bias=True)
)
[Fri Apr 14 04:42:35 2023|main.py|INFO] Initializing loss and optimizer...
[Fri Apr 14 04:42:35 2023|main.py|INFO] Loss: Wing
[Fri Apr 14 04:42:35 2023|main.py|INFO] Optimizer: Adam
[Fri Apr 14 04:42:35 2023|main.py|INFO] Initializing tensorboard writer at: runs/Cas_Stage2_Aug_Wing-S1_MSE/2023-04-14_04-42-31
[Fri Apr 14 04:42:35 2023|main.py|INFO] Training network...
[Fri Apr 14 04:48:46 2023|main.py|INFO] EPOCH [1/100] Train NME: 55.36951
[Fri Apr 14 04:48:47 2023|main.py|INFO] EPOCH [1/100] Test NME: 51.06902
[Fri Apr 14 04:48:47 2023|main.py|INFO] EPOCH [1/100] Learning rate: 0.30000
[Fri Apr 14 04:48:47 2023|main.py|INFO] EPOCH [1/100] NME improved from 1000.00000 to 51.06902
[Fri Apr 14 04:48:47 2023|main.py|INFO] EPOCH [1/100] Saving model to: checkpoints/Cas_Stage2_Aug_Wing-S1_MSE/2023-04-14_04-48-47_epoch_1_NME_51.06902.pth.tar
[Fri Apr 14 04:55:23 2023|main.py|INFO] EPOCH [2/100] Train NME: 7.25496
[Fri Apr 14 04:55:24 2023|main.py|INFO] EPOCH [2/100] Test NME: 5.27811
[Fri Apr 14 04:55:24 2023|main.py|INFO] EPOCH [2/100] Learning rate: 0.24000
[Fri Apr 14 04:55:24 2023|main.py|INFO] EPOCH [2/100] NME improved from 51.06902 to 5.27811
[Fri Apr 14 04:55:24 2023|main.py|INFO] EPOCH [2/100] Saving model to: checkpoints/Cas_Stage2_Aug_Wing-S1_MSE/2023-04-14_04-55-24_epoch_2_NME_5.27811.pth.tar
[Fri Apr 14 05:01:49 2023|main.py|INFO] EPOCH [3/100] Train NME: 5.30645
[Fri Apr 14 05:01:50 2023|main.py|INFO] EPOCH [3/100] Test NME: 4.39982
[Fri Apr 14 05:01:50 2023|main.py|INFO] EPOCH [3/100] Learning rate: 0.19200
[Fri Apr 14 05:01:50 2023|main.py|INFO] EPOCH [3/100] NME improved from 5.27811 to 4.39982
[Fri Apr 14 05:01:50 2023|main.py|INFO] EPOCH [3/100] Saving model to: checkpoints/Cas_Stage2_Aug_Wing-S1_MSE/2023-04-14_05-01-50_epoch_3_NME_4.39982.pth.tar
[Fri Apr 14 05:08:30 2023|main.py|INFO] EPOCH [4/100] Train NME: 4.01173
[Fri Apr 14 05:08:31 2023|main.py|INFO] EPOCH [4/100] Test NME: 4.52616
[Fri Apr 14 05:08:31 2023|main.py|INFO] EPOCH [4/100] Learning rate: 0.15360
[Fri Apr 14 05:14:56 2023|main.py|INFO] EPOCH [5/100] Train NME: 3.66818
[Fri Apr 14 05:14:57 2023|main.py|INFO] EPOCH [5/100] Test NME: 4.35843
[Fri Apr 14 05:14:57 2023|main.py|INFO] EPOCH [5/100] Learning rate: 0.12288
[Fri Apr 14 05:14:57 2023|main.py|INFO] EPOCH [5/100] NME improved from 4.39982 to 4.35843
[Fri Apr 14 05:14:57 2023|main.py|INFO] EPOCH [5/100] Saving model to: checkpoints/Cas_Stage2_Aug_Wing-S1_MSE/2023-04-14_05-14-57_epoch_5_NME_4.35843.pth.tar
[Fri Apr 14 05:21:42 2023|main.py|INFO] EPOCH [6/100] Train NME: 3.36490
[Fri Apr 14 05:21:43 2023|main.py|INFO] EPOCH [6/100] Test NME: 4.10076
[Fri Apr 14 05:21:43 2023|main.py|INFO] EPOCH [6/100] Learning rate: 0.09830
[Fri Apr 14 05:21:43 2023|main.py|INFO] EPOCH [6/100] NME improved from 4.35843 to 4.10076
[Fri Apr 14 05:21:43 2023|main.py|INFO] EPOCH [6/100] Saving model to: checkpoints/Cas_Stage2_Aug_Wing-S1_MSE/2023-04-14_05-21-43_epoch_6_NME_4.10076.pth.tar
[Fri Apr 14 05:27:44 2023|main.py|INFO] EPOCH [7/100] Train NME: 3.16144
[Fri Apr 14 05:27:45 2023|main.py|INFO] EPOCH [7/100] Test NME: 3.67546
[Fri Apr 14 05:27:45 2023|main.py|INFO] EPOCH [7/100] Learning rate: 0.07864
[Fri Apr 14 05:27:45 2023|main.py|INFO] EPOCH [7/100] NME improved from 4.10076 to 3.67546
[Fri Apr 14 05:27:45 2023|main.py|INFO] EPOCH [7/100] Saving model to: checkpoints/Cas_Stage2_Aug_Wing-S1_MSE/2023-04-14_05-27-45_epoch_7_NME_3.67546.pth.tar
[Fri Apr 14 05:33:38 2023|main.py|INFO] EPOCH [8/100] Train NME: 3.11874
[Fri Apr 14 05:33:39 2023|main.py|INFO] EPOCH [8/100] Test NME: 4.48934
[Fri Apr 14 05:33:39 2023|main.py|INFO] EPOCH [8/100] Learning rate: 0.06291
[Fri Apr 14 05:39:24 2023|main.py|INFO] EPOCH [9/100] Train NME: 2.80427
[Fri Apr 14 05:39:25 2023|main.py|INFO] EPOCH [9/100] Test NME: 4.14275
[Fri Apr 14 05:39:25 2023|main.py|INFO] EPOCH [9/100] Learning rate: 0.05033
[Fri Apr 14 05:44:59 2023|main.py|INFO] EPOCH [10/100] Train NME: 2.47072
[Fri Apr 14 05:45:00 2023|main.py|INFO] EPOCH [10/100] Test NME: 2.78113
[Fri Apr 14 05:45:00 2023|main.py|INFO] EPOCH [10/100] Learning rate: 0.04027
[Fri Apr 14 05:45:01 2023|main.py|INFO] EPOCH [10/100] NME improved from 3.67546 to 2.78113
[Fri Apr 14 05:45:01 2023|main.py|INFO] EPOCH [10/100] Saving model to: checkpoints/Cas_Stage2_Aug_Wing-S1_MSE/2023-04-14_05-45-01_epoch_10_NME_2.78113.pth.tar
[Fri Apr 14 05:50:47 2023|main.py|INFO] EPOCH [11/100] Train NME: 2.34973
[Fri Apr 14 05:50:48 2023|main.py|INFO] EPOCH [11/100] Test NME: 4.28900
[Fri Apr 14 05:50:48 2023|main.py|INFO] EPOCH [11/100] Learning rate: 0.03221
[Fri Apr 14 05:56:33 2023|main.py|INFO] EPOCH [12/100] Train NME: 2.27979
[Fri Apr 14 05:56:34 2023|main.py|INFO] EPOCH [12/100] Test NME: 2.44419
[Fri Apr 14 05:56:34 2023|main.py|INFO] EPOCH [12/100] Learning rate: 0.02577
[Fri Apr 14 05:56:34 2023|main.py|INFO] EPOCH [12/100] NME improved from 2.78113 to 2.44419
[Fri Apr 14 05:56:34 2023|main.py|INFO] EPOCH [12/100] Saving model to: checkpoints/Cas_Stage2_Aug_Wing-S1_MSE/2023-04-14_05-56-34_epoch_12_NME_2.44419.pth.tar
[Fri Apr 14 06:02:21 2023|main.py|INFO] EPOCH [13/100] Train NME: 2.11133
[Fri Apr 14 06:02:22 2023|main.py|INFO] EPOCH [13/100] Test NME: 2.92521
[Fri Apr 14 06:02:22 2023|main.py|INFO] EPOCH [13/100] Learning rate: 0.02062
[Fri Apr 14 06:08:19 2023|main.py|INFO] EPOCH [14/100] Train NME: 2.07849
[Fri Apr 14 06:08:20 2023|main.py|INFO] EPOCH [14/100] Test NME: 2.05310
[Fri Apr 14 06:08:20 2023|main.py|INFO] EPOCH [14/100] Learning rate: 0.01649
[Fri Apr 14 06:08:20 2023|main.py|INFO] EPOCH [14/100] NME improved from 2.44419 to 2.05310
[Fri Apr 14 06:08:20 2023|main.py|INFO] EPOCH [14/100] Saving model to: checkpoints/Cas_Stage2_Aug_Wing-S1_MSE/2023-04-14_06-08-20_epoch_14_NME_2.05310.pth.tar
[Fri Apr 14 06:14:30 2023|main.py|INFO] EPOCH [15/100] Train NME: 2.02596
[Fri Apr 14 06:14:31 2023|main.py|INFO] EPOCH [15/100] Test NME: 2.32811
[Fri Apr 14 06:14:31 2023|main.py|INFO] EPOCH [15/100] Learning rate: 0.01319
[Fri Apr 14 06:20:25 2023|main.py|INFO] EPOCH [16/100] Train NME: 2.02156
[Fri Apr 14 06:20:26 2023|main.py|INFO] EPOCH [16/100] Test NME: 2.07226
[Fri Apr 14 06:20:26 2023|main.py|INFO] EPOCH [16/100] Learning rate: 0.01056
[Fri Apr 14 06:26:02 2023|main.py|INFO] EPOCH [17/100] Train NME: 1.92473
[Fri Apr 14 06:26:03 2023|main.py|INFO] EPOCH [17/100] Test NME: 1.88622
[Fri Apr 14 06:26:03 2023|main.py|INFO] EPOCH [17/100] Learning rate: 0.00844
[Fri Apr 14 06:26:03 2023|main.py|INFO] EPOCH [17/100] NME improved from 2.05310 to 1.88622
[Fri Apr 14 06:26:03 2023|main.py|INFO] EPOCH [17/100] Saving model to: checkpoints/Cas_Stage2_Aug_Wing-S1_MSE/2023-04-14_06-26-03_epoch_17_NME_1.88622.pth.tar
[Fri Apr 14 06:32:09 2023|main.py|INFO] EPOCH [18/100] Train NME: 1.84334
[Fri Apr 14 06:32:10 2023|main.py|INFO] EPOCH [18/100] Test NME: 2.09295
[Fri Apr 14 06:32:10 2023|main.py|INFO] EPOCH [18/100] Learning rate: 0.00676
[Fri Apr 14 06:37:54 2023|main.py|INFO] EPOCH [19/100] Train NME: 1.84804
[Fri Apr 14 06:37:55 2023|main.py|INFO] EPOCH [19/100] Test NME: 1.83206
[Fri Apr 14 06:37:55 2023|main.py|INFO] EPOCH [19/100] Learning rate: 0.00540
[Fri Apr 14 06:37:55 2023|main.py|INFO] EPOCH [19/100] NME improved from 1.88622 to 1.83206
[Fri Apr 14 06:37:55 2023|main.py|INFO] EPOCH [19/100] Saving model to: checkpoints/Cas_Stage2_Aug_Wing-S1_MSE/2023-04-14_06-37-55_epoch_19_NME_1.83206.pth.tar
[Fri Apr 14 06:43:35 2023|main.py|INFO] EPOCH [20/100] Train NME: 1.80322
[Fri Apr 14 06:43:36 2023|main.py|INFO] EPOCH [20/100] Test NME: 1.82649
[Fri Apr 14 06:43:36 2023|main.py|INFO] EPOCH [20/100] Learning rate: 0.00432
[Fri Apr 14 06:43:36 2023|main.py|INFO] EPOCH [20/100] NME improved from 1.83206 to 1.82649
[Fri Apr 14 06:43:36 2023|main.py|INFO] EPOCH [20/100] Saving model to: checkpoints/Cas_Stage2_Aug_Wing-S1_MSE/2023-04-14_06-43-36_epoch_20_NME_1.82649.pth.tar
[Fri Apr 14 06:49:21 2023|main.py|INFO] EPOCH [21/100] Train NME: 1.77671
[Fri Apr 14 06:49:22 2023|main.py|INFO] EPOCH [21/100] Test NME: 1.93763
[Fri Apr 14 06:49:22 2023|main.py|INFO] EPOCH [21/100] Learning rate: 0.00346
[Fri Apr 14 06:54:54 2023|main.py|INFO] EPOCH [22/100] Train NME: 1.75034
[Fri Apr 14 06:54:55 2023|main.py|INFO] EPOCH [22/100] Test NME: 1.82002
[Fri Apr 14 06:54:55 2023|main.py|INFO] EPOCH [22/100] Learning rate: 0.00277
[Fri Apr 14 06:54:55 2023|main.py|INFO] EPOCH [22/100] NME improved from 1.82649 to 1.82002
[Fri Apr 14 06:54:55 2023|main.py|INFO] EPOCH [22/100] Saving model to: checkpoints/Cas_Stage2_Aug_Wing-S1_MSE/2023-04-14_06-54-55_epoch_22_NME_1.82002.pth.tar
[Fri Apr 14 07:00:46 2023|main.py|INFO] EPOCH [23/100] Train NME: 1.73254
[Fri Apr 14 07:00:47 2023|main.py|INFO] EPOCH [23/100] Test NME: 1.79557
[Fri Apr 14 07:00:47 2023|main.py|INFO] EPOCH [23/100] Learning rate: 0.00221
[Fri Apr 14 07:00:47 2023|main.py|INFO] EPOCH [23/100] NME improved from 1.82002 to 1.79557
[Fri Apr 14 07:00:47 2023|main.py|INFO] EPOCH [23/100] Saving model to: checkpoints/Cas_Stage2_Aug_Wing-S1_MSE/2023-04-14_07-00-47_epoch_23_NME_1.79557.pth.tar
[Fri Apr 14 07:06:34 2023|main.py|INFO] EPOCH [24/100] Train NME: 1.71601
[Fri Apr 14 07:06:35 2023|main.py|INFO] EPOCH [24/100] Test NME: 1.73497
[Fri Apr 14 07:06:35 2023|main.py|INFO] EPOCH [24/100] Learning rate: 0.00177
[Fri Apr 14 07:06:35 2023|main.py|INFO] EPOCH [24/100] NME improved from 1.79557 to 1.73497
[Fri Apr 14 07:06:35 2023|main.py|INFO] EPOCH [24/100] Saving model to: checkpoints/Cas_Stage2_Aug_Wing-S1_MSE/2023-04-14_07-06-35_epoch_24_NME_1.73497.pth.tar
[Fri Apr 14 07:12:10 2023|main.py|INFO] EPOCH [25/100] Train NME: 1.72766
[Fri Apr 14 07:12:11 2023|main.py|INFO] EPOCH [25/100] Test NME: 1.77597
[Fri Apr 14 07:12:11 2023|main.py|INFO] EPOCH [25/100] Learning rate: 0.00142
[Fri Apr 14 07:18:13 2023|main.py|INFO] EPOCH [26/100] Train NME: 1.70594
[Fri Apr 14 07:18:14 2023|main.py|INFO] EPOCH [26/100] Test NME: 1.72454
[Fri Apr 14 07:18:14 2023|main.py|INFO] EPOCH [26/100] Learning rate: 0.00113
[Fri Apr 14 07:18:14 2023|main.py|INFO] EPOCH [26/100] NME improved from 1.73497 to 1.72454
[Fri Apr 14 07:18:14 2023|main.py|INFO] EPOCH [26/100] Saving model to: checkpoints/Cas_Stage2_Aug_Wing-S1_MSE/2023-04-14_07-18-14_epoch_26_NME_1.72454.pth.tar
[Fri Apr 14 07:23:59 2023|main.py|INFO] EPOCH [27/100] Train NME: 1.70546
[Fri Apr 14 07:24:00 2023|main.py|INFO] EPOCH [27/100] Test NME: 1.72744
[Fri Apr 14 07:24:00 2023|main.py|INFO] EPOCH [27/100] Learning rate: 0.00091
[Fri Apr 14 07:29:53 2023|main.py|INFO] EPOCH [28/100] Train NME: 1.67175
[Fri Apr 14 07:29:54 2023|main.py|INFO] EPOCH [28/100] Test NME: 1.73625
[Fri Apr 14 07:29:54 2023|main.py|INFO] EPOCH [28/100] Learning rate: 0.00073
[Fri Apr 14 07:35:39 2023|main.py|INFO] EPOCH [29/100] Train NME: 1.67758
[Fri Apr 14 07:35:40 2023|main.py|INFO] EPOCH [29/100] Test NME: 1.72096
[Fri Apr 14 07:35:40 2023|main.py|INFO] EPOCH [29/100] Learning rate: 0.00058
[Fri Apr 14 07:35:40 2023|main.py|INFO] EPOCH [29/100] NME improved from 1.72454 to 1.72096
[Fri Apr 14 07:35:40 2023|main.py|INFO] EPOCH [29/100] Saving model to: checkpoints/Cas_Stage2_Aug_Wing-S1_MSE/2023-04-14_07-35-40_epoch_29_NME_1.72096.pth.tar
[Fri Apr 14 07:41:22 2023|main.py|INFO] EPOCH [30/100] Train NME: 1.67646
[Fri Apr 14 07:41:23 2023|main.py|INFO] EPOCH [30/100] Test NME: 1.73095
[Fri Apr 14 07:41:23 2023|main.py|INFO] EPOCH [30/100] Learning rate: 0.00046
[Fri Apr 14 07:47:23 2023|main.py|INFO] EPOCH [31/100] Train NME: 1.65748
[Fri Apr 14 07:47:24 2023|main.py|INFO] EPOCH [31/100] Test NME: 1.73353
[Fri Apr 14 07:47:24 2023|main.py|INFO] EPOCH [31/100] Learning rate: 0.00037
[Fri Apr 14 07:53:21 2023|main.py|INFO] EPOCH [32/100] Train NME: 1.70530
[Fri Apr 14 07:53:22 2023|main.py|INFO] EPOCH [32/100] Test NME: 1.72474
[Fri Apr 14 07:53:22 2023|main.py|INFO] EPOCH [32/100] Learning rate: 0.00030
[Fri Apr 14 07:59:17 2023|main.py|INFO] EPOCH [33/100] Train NME: 1.66908
[Fri Apr 14 07:59:18 2023|main.py|INFO] EPOCH [33/100] Test NME: 1.71660
[Fri Apr 14 07:59:18 2023|main.py|INFO] EPOCH [33/100] Learning rate: 0.00024
[Fri Apr 14 07:59:18 2023|main.py|INFO] EPOCH [33/100] NME improved from 1.72096 to 1.71660
[Fri Apr 14 07:59:18 2023|main.py|INFO] EPOCH [33/100] Saving model to: checkpoints/Cas_Stage2_Aug_Wing-S1_MSE/2023-04-14_07-59-18_epoch_33_NME_1.71660.pth.tar
[Fri Apr 14 08:05:08 2023|main.py|INFO] EPOCH [34/100] Train NME: 1.68260
[Fri Apr 14 08:05:09 2023|main.py|INFO] EPOCH [34/100] Test NME: 1.71329
[Fri Apr 14 08:05:09 2023|main.py|INFO] EPOCH [34/100] Learning rate: 0.00019
[Fri Apr 14 08:05:09 2023|main.py|INFO] EPOCH [34/100] NME improved from 1.71660 to 1.71329
[Fri Apr 14 08:05:09 2023|main.py|INFO] EPOCH [34/100] Saving model to: checkpoints/Cas_Stage2_Aug_Wing-S1_MSE/2023-04-14_08-05-09_epoch_34_NME_1.71329.pth.tar
[Fri Apr 14 08:10:56 2023|main.py|INFO] EPOCH [35/100] Train NME: 1.67713
[Fri Apr 14 08:10:57 2023|main.py|INFO] EPOCH [35/100] Test NME: 1.73280
[Fri Apr 14 08:10:57 2023|main.py|INFO] EPOCH [35/100] Learning rate: 0.00015
[Fri Apr 14 08:16:43 2023|main.py|INFO] EPOCH [36/100] Train NME: 1.67177
[Fri Apr 14 08:16:44 2023|main.py|INFO] EPOCH [36/100] Test NME: 1.71893
[Fri Apr 14 08:16:44 2023|main.py|INFO] EPOCH [36/100] Learning rate: 0.00012
[Fri Apr 14 08:22:34 2023|main.py|INFO] EPOCH [37/100] Train NME: 1.67435
[Fri Apr 14 08:22:35 2023|main.py|INFO] EPOCH [37/100] Test NME: 1.73075
[Fri Apr 14 08:22:35 2023|main.py|INFO] EPOCH [37/100] Learning rate: 0.00010
[Fri Apr 14 08:28:40 2023|main.py|INFO] EPOCH [38/100] Train NME: 1.67755
[Fri Apr 14 08:28:41 2023|main.py|INFO] EPOCH [38/100] Test NME: 1.71541
[Fri Apr 14 08:28:41 2023|main.py|INFO] EPOCH [38/100] Learning rate: 0.00008
[Fri Apr 14 08:34:33 2023|main.py|INFO] EPOCH [39/100] Train NME: 1.68121
[Fri Apr 14 08:34:34 2023|main.py|INFO] EPOCH [39/100] Test NME: 1.71262
[Fri Apr 14 08:34:34 2023|main.py|INFO] EPOCH [39/100] Learning rate: 0.00006
[Fri Apr 14 08:34:34 2023|main.py|INFO] EPOCH [39/100] NME improved from 1.71329 to 1.71262
[Fri Apr 14 08:34:34 2023|main.py|INFO] EPOCH [39/100] Saving model to: checkpoints/Cas_Stage2_Aug_Wing-S1_MSE/2023-04-14_08-34-34_epoch_39_NME_1.71262.pth.tar
[Fri Apr 14 08:40:35 2023|main.py|INFO] EPOCH [40/100] Train NME: 1.67881
[Fri Apr 14 08:40:36 2023|main.py|INFO] EPOCH [40/100] Test NME: 1.71122
[Fri Apr 14 08:40:36 2023|main.py|INFO] EPOCH [40/100] Learning rate: 0.00005
[Fri Apr 14 08:40:36 2023|main.py|INFO] EPOCH [40/100] NME improved from 1.71262 to 1.71122
[Fri Apr 14 08:40:36 2023|main.py|INFO] EPOCH [40/100] Saving model to: checkpoints/Cas_Stage2_Aug_Wing-S1_MSE/2023-04-14_08-40-36_epoch_40_NME_1.71122.pth.tar
[Fri Apr 14 08:46:35 2023|main.py|INFO] EPOCH [41/100] Train NME: 1.67324
[Fri Apr 14 08:46:36 2023|main.py|INFO] EPOCH [41/100] Test NME: 1.71057
[Fri Apr 14 08:46:36 2023|main.py|INFO] EPOCH [41/100] Learning rate: 0.00004
[Fri Apr 14 08:46:36 2023|main.py|INFO] EPOCH [41/100] NME improved from 1.71122 to 1.71057
[Fri Apr 14 08:46:36 2023|main.py|INFO] EPOCH [41/100] Saving model to: checkpoints/Cas_Stage2_Aug_Wing-S1_MSE/2023-04-14_08-46-36_epoch_41_NME_1.71057.pth.tar
[Fri Apr 14 08:52:23 2023|main.py|INFO] EPOCH [42/100] Train NME: 1.68425
[Fri Apr 14 08:52:24 2023|main.py|INFO] EPOCH [42/100] Test NME: 1.71780
[Fri Apr 14 08:52:24 2023|main.py|INFO] EPOCH [42/100] Learning rate: 0.00003
[Fri Apr 14 08:58:24 2023|main.py|INFO] EPOCH [43/100] Train NME: 1.66041
[Fri Apr 14 08:58:25 2023|main.py|INFO] EPOCH [43/100] Test NME: 1.71547
[Fri Apr 14 08:58:25 2023|main.py|INFO] EPOCH [43/100] Learning rate: 0.00003
[Fri Apr 14 09:04:04 2023|main.py|INFO] EPOCH [44/100] Train NME: 1.69648
[Fri Apr 14 09:04:05 2023|main.py|INFO] EPOCH [44/100] Test NME: 1.71156
[Fri Apr 14 09:04:05 2023|main.py|INFO] EPOCH [44/100] Learning rate: 0.00002
[Fri Apr 14 09:09:59 2023|main.py|INFO] EPOCH [45/100] Train NME: 1.66517
[Fri Apr 14 09:10:00 2023|main.py|INFO] EPOCH [45/100] Test NME: 1.72189
[Fri Apr 14 09:10:00 2023|main.py|INFO] EPOCH [45/100] Learning rate: 0.00002
[Fri Apr 14 09:15:54 2023|main.py|INFO] EPOCH [46/100] Train NME: 1.68837
[Fri Apr 14 09:15:55 2023|main.py|INFO] EPOCH [46/100] Test NME: 1.73313
[Fri Apr 14 09:15:55 2023|main.py|INFO] EPOCH [46/100] Learning rate: 0.00001
[Fri Apr 14 09:21:33 2023|main.py|INFO] EPOCH [47/100] Train NME: 1.66918
[Fri Apr 14 09:21:34 2023|main.py|INFO] EPOCH [47/100] Test NME: 1.71943
[Fri Apr 14 09:21:34 2023|main.py|INFO] EPOCH [47/100] Learning rate: 0.00001
[Fri Apr 14 09:27:39 2023|main.py|INFO] EPOCH [48/100] Train NME: 1.67609
[Fri Apr 14 09:27:40 2023|main.py|INFO] EPOCH [48/100] Test NME: 1.71522
[Fri Apr 14 09:27:40 2023|main.py|INFO] EPOCH [48/100] Learning rate: 0.00001
[Fri Apr 14 09:33:39 2023|main.py|INFO] EPOCH [49/100] Train NME: 1.66715
[Fri Apr 14 09:33:40 2023|main.py|INFO] EPOCH [49/100] Test NME: 1.71549
[Fri Apr 14 09:33:40 2023|main.py|INFO] EPOCH [49/100] Learning rate: 0.00001
[Fri Apr 14 09:39:26 2023|main.py|INFO] EPOCH [50/100] Train NME: 1.66702
[Fri Apr 14 09:39:27 2023|main.py|INFO] EPOCH [50/100] Test NME: 1.72172
[Fri Apr 14 09:39:27 2023|main.py|INFO] EPOCH [50/100] Learning rate: 0.00001
[Fri Apr 14 09:45:43 2023|main.py|INFO] EPOCH [51/100] Train NME: 1.68649
[Fri Apr 14 09:45:44 2023|main.py|INFO] EPOCH [51/100] Test NME: 1.70967
[Fri Apr 14 09:45:44 2023|main.py|INFO] EPOCH [51/100] Learning rate: 0.00000
[Fri Apr 14 09:45:44 2023|main.py|INFO] EPOCH [51/100] NME improved from 1.71057 to 1.70967
[Fri Apr 14 09:45:44 2023|main.py|INFO] EPOCH [51/100] Saving model to: checkpoints/Cas_Stage2_Aug_Wing-S1_MSE/2023-04-14_09-45-44_epoch_51_NME_1.70967.pth.tar
[Fri Apr 14 09:51:45 2023|main.py|INFO] EPOCH [52/100] Train NME: 1.67839
[Fri Apr 14 09:51:46 2023|main.py|INFO] EPOCH [52/100] Test NME: 1.71364
[Fri Apr 14 09:51:46 2023|main.py|INFO] EPOCH [52/100] Learning rate: 0.00000
[Fri Apr 14 09:57:24 2023|main.py|INFO] EPOCH [53/100] Train NME: 1.67249
[Fri Apr 14 09:57:25 2023|main.py|INFO] EPOCH [53/100] Test NME: 1.72558
[Fri Apr 14 09:57:25 2023|main.py|INFO] EPOCH [53/100] Learning rate: 0.00000
[Fri Apr 14 10:03:14 2023|main.py|INFO] EPOCH [54/100] Train NME: 1.68977
[Fri Apr 14 10:03:16 2023|main.py|INFO] EPOCH [54/100] Test NME: 1.71351
[Fri Apr 14 10:03:16 2023|main.py|INFO] EPOCH [54/100] Learning rate: 0.00000
[Fri Apr 14 10:08:54 2023|main.py|INFO] EPOCH [55/100] Train NME: 1.69290
[Fri Apr 14 10:08:55 2023|main.py|INFO] EPOCH [55/100] Test NME: 1.73089
[Fri Apr 14 10:08:55 2023|main.py|INFO] EPOCH [55/100] Learning rate: 0.00000
[Fri Apr 14 10:14:44 2023|main.py|INFO] EPOCH [56/100] Train NME: 1.69245
[Fri Apr 14 10:14:45 2023|main.py|INFO] EPOCH [56/100] Test NME: 1.71473
[Fri Apr 14 10:14:45 2023|main.py|INFO] EPOCH [56/100] Learning rate: 0.00000
[Fri Apr 14 10:20:41 2023|main.py|INFO] EPOCH [57/100] Train NME: 1.69471
[Fri Apr 14 10:20:42 2023|main.py|INFO] EPOCH [57/100] Test NME: 1.71640
[Fri Apr 14 10:20:42 2023|main.py|INFO] EPOCH [57/100] Learning rate: 0.00000
[Fri Apr 14 10:26:36 2023|main.py|INFO] EPOCH [58/100] Train NME: 1.65357
[Fri Apr 14 10:26:37 2023|main.py|INFO] EPOCH [58/100] Test NME: 1.75040
[Fri Apr 14 10:26:37 2023|main.py|INFO] EPOCH [58/100] Learning rate: 0.00000
[Fri Apr 14 10:32:20 2023|main.py|INFO] EPOCH [59/100] Train NME: 1.64986
[Fri Apr 14 10:32:21 2023|main.py|INFO] EPOCH [59/100] Test NME: 1.71526
[Fri Apr 14 10:32:21 2023|main.py|INFO] EPOCH [59/100] Learning rate: 0.00000
[Fri Apr 14 10:38:13 2023|main.py|INFO] EPOCH [60/100] Train NME: 1.67476
[Fri Apr 14 10:38:14 2023|main.py|INFO] EPOCH [60/100] Test NME: 1.70914
[Fri Apr 14 10:38:14 2023|main.py|INFO] EPOCH [60/100] Learning rate: 0.00000
[Fri Apr 14 10:38:14 2023|main.py|INFO] EPOCH [60/100] NME improved from 1.70967 to 1.70914
[Fri Apr 14 10:38:14 2023|main.py|INFO] EPOCH [60/100] Saving model to: checkpoints/Cas_Stage2_Aug_Wing-S1_MSE/2023-04-14_10-38-14_epoch_60_NME_1.70914.pth.tar
[Fri Apr 14 10:44:22 2023|main.py|INFO] EPOCH [61/100] Train NME: 1.67575
[Fri Apr 14 10:44:23 2023|main.py|INFO] EPOCH [61/100] Test NME: 1.71074
[Fri Apr 14 10:44:23 2023|main.py|INFO] EPOCH [61/100] Learning rate: 0.00000
[Fri Apr 14 10:50:23 2023|main.py|INFO] EPOCH [62/100] Train NME: 1.68804
[Fri Apr 14 10:50:24 2023|main.py|INFO] EPOCH [62/100] Test NME: 1.71152
[Fri Apr 14 10:50:24 2023|main.py|INFO] EPOCH [62/100] Learning rate: 0.00000
[Fri Apr 14 10:56:25 2023|main.py|INFO] EPOCH [63/100] Train NME: 1.68216
[Fri Apr 14 10:56:26 2023|main.py|INFO] EPOCH [63/100] Test NME: 1.73149
[Fri Apr 14 10:56:26 2023|main.py|INFO] EPOCH [63/100] Learning rate: 0.00000
[Fri Apr 14 11:02:15 2023|main.py|INFO] EPOCH [64/100] Train NME: 1.67113
[Fri Apr 14 11:02:16 2023|main.py|INFO] EPOCH [64/100] Test NME: 1.71466
[Fri Apr 14 11:02:16 2023|main.py|INFO] EPOCH [64/100] Learning rate: 0.00000
[Fri Apr 14 11:07:50 2023|main.py|INFO] EPOCH [65/100] Train NME: 1.66960
[Fri Apr 14 11:07:51 2023|main.py|INFO] EPOCH [65/100] Test NME: 1.71296
[Fri Apr 14 11:07:51 2023|main.py|INFO] EPOCH [65/100] Learning rate: 0.00000
[Fri Apr 14 11:13:42 2023|main.py|INFO] EPOCH [66/100] Train NME: 1.65499
[Fri Apr 14 11:13:43 2023|main.py|INFO] EPOCH [66/100] Test NME: 1.71353
[Fri Apr 14 11:13:43 2023|main.py|INFO] EPOCH [66/100] Learning rate: 0.00000
[Fri Apr 14 11:19:24 2023|main.py|INFO] EPOCH [67/100] Train NME: 1.68182
[Fri Apr 14 11:19:26 2023|main.py|INFO] EPOCH [67/100] Test NME: 1.70921
[Fri Apr 14 11:19:26 2023|main.py|INFO] EPOCH [67/100] Learning rate: 0.00000
[Fri Apr 14 11:25:18 2023|main.py|INFO] EPOCH [68/100] Train NME: 1.65503
[Fri Apr 14 11:25:19 2023|main.py|INFO] EPOCH [68/100] Test NME: 1.71489
[Fri Apr 14 11:25:19 2023|main.py|INFO] EPOCH [68/100] Learning rate: 0.00000
[Fri Apr 14 11:31:11 2023|main.py|INFO] EPOCH [69/100] Train NME: 1.67921
[Fri Apr 14 11:31:12 2023|main.py|INFO] EPOCH [69/100] Test NME: 1.71100
[Fri Apr 14 11:31:12 2023|main.py|INFO] EPOCH [69/100] Learning rate: 0.00000
[Fri Apr 14 11:37:06 2023|main.py|INFO] EPOCH [70/100] Train NME: 1.67714
[Fri Apr 14 11:37:07 2023|main.py|INFO] EPOCH [70/100] Test NME: 1.71315
[Fri Apr 14 11:37:07 2023|main.py|INFO] EPOCH [70/100] Learning rate: 0.00000
[Fri Apr 14 11:43:07 2023|main.py|INFO] EPOCH [71/100] Train NME: 1.67272
[Fri Apr 14 11:43:08 2023|main.py|INFO] EPOCH [71/100] Test NME: 1.70887
[Fri Apr 14 11:43:08 2023|main.py|INFO] EPOCH [71/100] Learning rate: 0.00000
[Fri Apr 14 11:43:08 2023|main.py|INFO] EPOCH [71/100] NME improved from 1.70914 to 1.70887
[Fri Apr 14 11:43:08 2023|main.py|INFO] EPOCH [71/100] Saving model to: checkpoints/Cas_Stage2_Aug_Wing-S1_MSE/2023-04-14_11-43-08_epoch_71_NME_1.70887.pth.tar
[Fri Apr 14 11:49:02 2023|main.py|INFO] EPOCH [72/100] Train NME: 1.68440
[Fri Apr 14 11:49:03 2023|main.py|INFO] EPOCH [72/100] Test NME: 1.70870
[Fri Apr 14 11:49:03 2023|main.py|INFO] EPOCH [72/100] Learning rate: 0.00000
[Fri Apr 14 11:49:03 2023|main.py|INFO] EPOCH [72/100] NME improved from 1.70887 to 1.70870
[Fri Apr 14 11:49:03 2023|main.py|INFO] EPOCH [72/100] Saving model to: checkpoints/Cas_Stage2_Aug_Wing-S1_MSE/2023-04-14_11-49-03_epoch_72_NME_1.70870.pth.tar
[Fri Apr 14 11:54:55 2023|main.py|INFO] EPOCH [73/100] Train NME: 1.66753
[Fri Apr 14 11:54:56 2023|main.py|INFO] EPOCH [73/100] Test NME: 1.70861
[Fri Apr 14 11:54:56 2023|main.py|INFO] EPOCH [73/100] Learning rate: 0.00000
[Fri Apr 14 11:54:56 2023|main.py|INFO] EPOCH [73/100] NME improved from 1.70870 to 1.70861
[Fri Apr 14 11:54:56 2023|main.py|INFO] EPOCH [73/100] Saving model to: checkpoints/Cas_Stage2_Aug_Wing-S1_MSE/2023-04-14_11-54-56_epoch_73_NME_1.70861.pth.tar
[Fri Apr 14 12:00:53 2023|main.py|INFO] EPOCH [74/100] Train NME: 1.66769
[Fri Apr 14 12:00:54 2023|main.py|INFO] EPOCH [74/100] Test NME: 1.71402
[Fri Apr 14 12:00:54 2023|main.py|INFO] EPOCH [74/100] Learning rate: 0.00000
[Fri Apr 14 12:06:47 2023|main.py|INFO] EPOCH [75/100] Train NME: 1.65632
[Fri Apr 14 12:06:48 2023|main.py|INFO] EPOCH [75/100] Test NME: 1.72794
[Fri Apr 14 12:06:48 2023|main.py|INFO] EPOCH [75/100] Learning rate: 0.00000
[Fri Apr 14 12:13:00 2023|main.py|INFO] EPOCH [76/100] Train NME: 1.67175
[Fri Apr 14 12:13:01 2023|main.py|INFO] EPOCH [76/100] Test NME: 1.71292
[Fri Apr 14 12:13:01 2023|main.py|INFO] EPOCH [76/100] Learning rate: 0.00000
[Fri Apr 14 12:18:52 2023|main.py|INFO] EPOCH [77/100] Train NME: 1.65960
[Fri Apr 14 12:18:53 2023|main.py|INFO] EPOCH [77/100] Test NME: 1.70752
[Fri Apr 14 12:18:53 2023|main.py|INFO] EPOCH [77/100] Learning rate: 0.00000
[Fri Apr 14 12:18:53 2023|main.py|INFO] EPOCH [77/100] NME improved from 1.70861 to 1.70752
[Fri Apr 14 12:18:53 2023|main.py|INFO] EPOCH [77/100] Saving model to: checkpoints/Cas_Stage2_Aug_Wing-S1_MSE/2023-04-14_12-18-53_epoch_77_NME_1.70752.pth.tar
[Fri Apr 14 12:24:39 2023|main.py|INFO] EPOCH [78/100] Train NME: 1.66032
[Fri Apr 14 12:24:40 2023|main.py|INFO] EPOCH [78/100] Test NME: 1.71302
[Fri Apr 14 12:24:40 2023|main.py|INFO] EPOCH [78/100] Learning rate: 0.00000
[Fri Apr 14 12:30:24 2023|main.py|INFO] EPOCH [79/100] Train NME: 1.69742
[Fri Apr 14 12:30:25 2023|main.py|INFO] EPOCH [79/100] Test NME: 1.72577
[Fri Apr 14 12:30:25 2023|main.py|INFO] EPOCH [79/100] Learning rate: 0.00000
[Fri Apr 14 12:36:27 2023|main.py|INFO] EPOCH [80/100] Train NME: 1.69011
[Fri Apr 14 12:36:28 2023|main.py|INFO] EPOCH [80/100] Test NME: 1.71089
[Fri Apr 14 12:36:28 2023|main.py|INFO] EPOCH [80/100] Learning rate: 0.00000
[Fri Apr 14 12:42:19 2023|main.py|INFO] EPOCH [81/100] Train NME: 1.67461
[Fri Apr 14 12:42:20 2023|main.py|INFO] EPOCH [81/100] Test NME: 1.71944
[Fri Apr 14 12:42:20 2023|main.py|INFO] EPOCH [81/100] Learning rate: 0.00000
[Fri Apr 14 12:48:21 2023|main.py|INFO] EPOCH [82/100] Train NME: 1.67529
[Fri Apr 14 12:48:22 2023|main.py|INFO] EPOCH [82/100] Test NME: 1.73272
[Fri Apr 14 12:48:22 2023|main.py|INFO] EPOCH [82/100] Learning rate: 0.00000
[Fri Apr 14 12:54:19 2023|main.py|INFO] EPOCH [83/100] Train NME: 1.69286
[Fri Apr 14 12:54:20 2023|main.py|INFO] EPOCH [83/100] Test NME: 1.71536
[Fri Apr 14 12:54:20 2023|main.py|INFO] EPOCH [83/100] Learning rate: 0.00000
[Fri Apr 14 13:00:09 2023|main.py|INFO] EPOCH [84/100] Train NME: 1.69875
[Fri Apr 14 13:00:11 2023|main.py|INFO] EPOCH [84/100] Test NME: 1.71381
[Fri Apr 14 13:00:11 2023|main.py|INFO] EPOCH [84/100] Learning rate: 0.00000
[Fri Apr 14 13:06:20 2023|main.py|INFO] EPOCH [85/100] Train NME: 1.67142
[Fri Apr 14 13:06:22 2023|main.py|INFO] EPOCH [85/100] Test NME: 1.71215
[Fri Apr 14 13:06:22 2023|main.py|INFO] EPOCH [85/100] Learning rate: 0.00000
[Fri Apr 14 13:11:52 2023|main.py|INFO] EPOCH [86/100] Train NME: 1.67431
[Fri Apr 14 13:11:53 2023|main.py|INFO] EPOCH [86/100] Test NME: 1.71911
[Fri Apr 14 13:11:53 2023|main.py|INFO] EPOCH [86/100] Learning rate: 0.00000
[Fri Apr 14 13:17:59 2023|main.py|INFO] EPOCH [87/100] Train NME: 1.67035
[Fri Apr 14 13:18:00 2023|main.py|INFO] EPOCH [87/100] Test NME: 1.70968
[Fri Apr 14 13:18:00 2023|main.py|INFO] EPOCH [87/100] Learning rate: 0.00000
[Fri Apr 14 13:23:59 2023|main.py|INFO] EPOCH [88/100] Train NME: 1.67411
[Fri Apr 14 13:24:00 2023|main.py|INFO] EPOCH [88/100] Test NME: 1.71205
[Fri Apr 14 13:24:00 2023|main.py|INFO] EPOCH [88/100] Learning rate: 0.00000
[Fri Apr 14 13:29:55 2023|main.py|INFO] EPOCH [89/100] Train NME: 1.67480
[Fri Apr 14 13:29:56 2023|main.py|INFO] EPOCH [89/100] Test NME: 1.72543
[Fri Apr 14 13:29:56 2023|main.py|INFO] EPOCH [89/100] Learning rate: 0.00000
[Fri Apr 14 13:35:54 2023|main.py|INFO] EPOCH [90/100] Train NME: 1.69246
[Fri Apr 14 13:35:55 2023|main.py|INFO] EPOCH [90/100] Test NME: 1.71339
[Fri Apr 14 13:35:55 2023|main.py|INFO] EPOCH [90/100] Learning rate: 0.00000
[Fri Apr 14 13:41:43 2023|main.py|INFO] EPOCH [91/100] Train NME: 1.64377
[Fri Apr 14 13:41:44 2023|main.py|INFO] EPOCH [91/100] Test NME: 1.71225
[Fri Apr 14 13:41:44 2023|main.py|INFO] EPOCH [91/100] Learning rate: 0.00000
[Fri Apr 14 13:47:55 2023|main.py|INFO] EPOCH [92/100] Train NME: 1.67775
[Fri Apr 14 13:47:56 2023|main.py|INFO] EPOCH [92/100] Test NME: 1.71783
[Fri Apr 14 13:47:56 2023|main.py|INFO] EPOCH [92/100] Learning rate: 0.00000
[Fri Apr 14 13:53:58 2023|main.py|INFO] EPOCH [93/100] Train NME: 1.66320
[Fri Apr 14 13:53:59 2023|main.py|INFO] EPOCH [93/100] Test NME: 1.72029
[Fri Apr 14 13:53:59 2023|main.py|INFO] EPOCH [93/100] Learning rate: 0.00000
[Fri Apr 14 13:59:39 2023|main.py|INFO] EPOCH [94/100] Train NME: 1.67572
[Fri Apr 14 13:59:40 2023|main.py|INFO] EPOCH [94/100] Test NME: 1.73008
[Fri Apr 14 13:59:40 2023|main.py|INFO] EPOCH [94/100] Learning rate: 0.00000
[Fri Apr 14 14:05:32 2023|main.py|INFO] EPOCH [95/100] Train NME: 1.65406
[Fri Apr 14 14:05:33 2023|main.py|INFO] EPOCH [95/100] Test NME: 1.70887
[Fri Apr 14 14:05:33 2023|main.py|INFO] EPOCH [95/100] Learning rate: 0.00000
[Fri Apr 14 14:11:30 2023|main.py|INFO] EPOCH [96/100] Train NME: 1.68492
[Fri Apr 14 14:11:31 2023|main.py|INFO] EPOCH [96/100] Test NME: 1.72347
[Fri Apr 14 14:11:31 2023|main.py|INFO] EPOCH [96/100] Learning rate: 0.00000
[Fri Apr 14 14:17:21 2023|main.py|INFO] EPOCH [97/100] Train NME: 1.67968
[Fri Apr 14 14:17:22 2023|main.py|INFO] EPOCH [97/100] Test NME: 1.72467
[Fri Apr 14 14:17:22 2023|main.py|INFO] EPOCH [97/100] Learning rate: 0.00000
[Fri Apr 14 14:23:13 2023|main.py|INFO] EPOCH [98/100] Train NME: 1.67171
[Fri Apr 14 14:23:14 2023|main.py|INFO] EPOCH [98/100] Test NME: 1.70856
[Fri Apr 14 14:23:14 2023|main.py|INFO] EPOCH [98/100] Learning rate: 0.00000
[Fri Apr 14 14:29:00 2023|main.py|INFO] EPOCH [99/100] Train NME: 1.66859
[Fri Apr 14 14:29:01 2023|main.py|INFO] EPOCH [99/100] Test NME: 1.70953
[Fri Apr 14 14:29:01 2023|main.py|INFO] EPOCH [99/100] Learning rate: 0.00000
[Fri Apr 14 14:34:59 2023|main.py|INFO] EPOCH [100/100] Train NME: 1.64926
[Fri Apr 14 14:35:00 2023|main.py|INFO] EPOCH [100/100] Test NME: 1.71935
[Fri Apr 14 14:35:00 2023|main.py|INFO] EPOCH [100/100] Learning rate: 0.00000
