[Thu Apr 20 17:20:49 2023|main.py|INFO] Task: raw_CNN_Aug_MSE_lr0.3_B2
[Thu Apr 20 17:20:49 2023|main.py|INFO] Using device: cuda
[Thu Apr 20 17:20:49 2023|main.py|INFO] Using config: config\raw_CNN_Aug_MSE\raw_CNN_Aug_MSE_lr0.3_B2.yaml
[Thu Apr 20 17:20:49 2023|main.py|INFO] Train path: data/training_images_full_train.npz
[Thu Apr 20 17:20:49 2023|main.py|INFO] Test path: data/training_images_full_test.npz
[Thu Apr 20 17:20:49 2023|main.py|INFO] Train augment: True
[Thu Apr 20 17:20:49 2023|main.py|INFO] Learning rate: 0.3
[Thu Apr 20 17:20:49 2023|main.py|INFO] Batch size: 2
[Thu Apr 20 17:20:49 2023|main.py|INFO] Num epochs: 100
[Thu Apr 20 17:20:49 2023|main.py|INFO] Save model: True
[Thu Apr 20 17:20:49 2023|main.py|INFO] Loss: MSE
[Thu Apr 20 17:20:49 2023|main.py|INFO] Log path: logs/raw_CNN_Aug_MSE_lr0.3_B2/2023-04-20_17-20-49.log
[Thu Apr 20 17:20:49 2023|main.py|INFO] Writer path: runs/raw_CNN_Aug_MSE_lr0.3_B2/2023-04-20_17-20-49
[Thu Apr 20 17:20:49 2023|main.py|INFO] Model name: resnet18
[Thu Apr 20 17:20:49 2023|main.py|INFO] Num outputs: 88
[Thu Apr 20 17:20:49 2023|main.py|INFO] Pretrained: True
[Thu Apr 20 17:20:49 2023|main.py|INFO] Load model: False
[Thu Apr 20 17:20:49 2023|main.py|INFO] Load path: None
[Thu Apr 20 17:20:49 2023|main.py|INFO] Loading data...
[Thu Apr 20 17:20:49 2023|main.py|INFO] Load dataset for raw_CNN_Aug_MSE_lr0.3_B2
[Thu Apr 20 17:20:52 2023|main.py|INFO] Initializing network resnet18 with 88 outputs...
[Thu Apr 20 17:20:53 2023|main.py|INFO] Network: ResNet(
  (conv1): Conv2d(3, 64, kernel_size=(7, 7), stride=(2, 2), padding=(3, 3), bias=False)
  (bn1): BatchNorm2d(64, eps=1e-05, momentum=0.1, affine=True, track_running_stats=True)
  (relu): ReLU(inplace=True)
  (maxpool): MaxPool2d(kernel_size=3, stride=2, padding=1, dilation=1, ceil_mode=False)
  (layer1): Sequential(
    (0): BasicBlock(
      (conv1): Conv2d(64, 64, kernel_size=(3, 3), stride=(1, 1), padding=(1, 1), bias=False)
      (bn1): BatchNorm2d(64, eps=1e-05, momentum=0.1, affine=True, track_running_stats=True)
      (relu): ReLU(inplace=True)
      (conv2): Conv2d(64, 64, kernel_size=(3, 3), stride=(1, 1), padding=(1, 1), bias=False)
      (bn2): BatchNorm2d(64, eps=1e-05, momentum=0.1, affine=True, track_running_stats=True)
    )
    (1): BasicBlock(
      (conv1): Conv2d(64, 64, kernel_size=(3, 3), stride=(1, 1), padding=(1, 1), bias=False)
      (bn1): BatchNorm2d(64, eps=1e-05, momentum=0.1, affine=True, track_running_stats=True)
      (relu): ReLU(inplace=True)
      (conv2): Conv2d(64, 64, kernel_size=(3, 3), stride=(1, 1), padding=(1, 1), bias=False)
      (bn2): BatchNorm2d(64, eps=1e-05, momentum=0.1, affine=True, track_running_stats=True)
    )
  )
  (layer2): Sequential(
    (0): BasicBlock(
      (conv1): Conv2d(64, 128, kernel_size=(3, 3), stride=(2, 2), padding=(1, 1), bias=False)
      (bn1): BatchNorm2d(128, eps=1e-05, momentum=0.1, affine=True, track_running_stats=True)
      (relu): ReLU(inplace=True)
      (conv2): Conv2d(128, 128, kernel_size=(3, 3), stride=(1, 1), padding=(1, 1), bias=False)
      (bn2): BatchNorm2d(128, eps=1e-05, momentum=0.1, affine=True, track_running_stats=True)
      (downsample): Sequential(
        (0): Conv2d(64, 128, kernel_size=(1, 1), stride=(2, 2), bias=False)
        (1): BatchNorm2d(128, eps=1e-05, momentum=0.1, affine=True, track_running_stats=True)
      )
    )
    (1): BasicBlock(
      (conv1): Conv2d(128, 128, kernel_size=(3, 3), stride=(1, 1), padding=(1, 1), bias=False)
      (bn1): BatchNorm2d(128, eps=1e-05, momentum=0.1, affine=True, track_running_stats=True)
      (relu): ReLU(inplace=True)
      (conv2): Conv2d(128, 128, kernel_size=(3, 3), stride=(1, 1), padding=(1, 1), bias=False)
      (bn2): BatchNorm2d(128, eps=1e-05, momentum=0.1, affine=True, track_running_stats=True)
    )
  )
  (layer3): Sequential(
    (0): BasicBlock(
      (conv1): Conv2d(128, 256, kernel_size=(3, 3), stride=(2, 2), padding=(1, 1), bias=False)
      (bn1): BatchNorm2d(256, eps=1e-05, momentum=0.1, affine=True, track_running_stats=True)
      (relu): ReLU(inplace=True)
      (conv2): Conv2d(256, 256, kernel_size=(3, 3), stride=(1, 1), padding=(1, 1), bias=False)
      (bn2): BatchNorm2d(256, eps=1e-05, momentum=0.1, affine=True, track_running_stats=True)
      (downsample): Sequential(
        (0): Conv2d(128, 256, kernel_size=(1, 1), stride=(2, 2), bias=False)
        (1): BatchNorm2d(256, eps=1e-05, momentum=0.1, affine=True, track_running_stats=True)
      )
    )
    (1): BasicBlock(
      (conv1): Conv2d(256, 256, kernel_size=(3, 3), stride=(1, 1), padding=(1, 1), bias=False)
      (bn1): BatchNorm2d(256, eps=1e-05, momentum=0.1, affine=True, track_running_stats=True)
      (relu): ReLU(inplace=True)
      (conv2): Conv2d(256, 256, kernel_size=(3, 3), stride=(1, 1), padding=(1, 1), bias=False)
      (bn2): BatchNorm2d(256, eps=1e-05, momentum=0.1, affine=True, track_running_stats=True)
    )
  )
  (layer4): Sequential(
    (0): BasicBlock(
      (conv1): Conv2d(256, 512, kernel_size=(3, 3), stride=(2, 2), padding=(1, 1), bias=False)
      (bn1): BatchNorm2d(512, eps=1e-05, momentum=0.1, affine=True, track_running_stats=True)
      (relu): ReLU(inplace=True)
      (conv2): Conv2d(512, 512, kernel_size=(3, 3), stride=(1, 1), padding=(1, 1), bias=False)
      (bn2): BatchNorm2d(512, eps=1e-05, momentum=0.1, affine=True, track_running_stats=True)
      (downsample): Sequential(
        (0): Conv2d(256, 512, kernel_size=(1, 1), stride=(2, 2), bias=False)
        (1): BatchNorm2d(512, eps=1e-05, momentum=0.1, affine=True, track_running_stats=True)
      )
    )
    (1): BasicBlock(
      (conv1): Conv2d(512, 512, kernel_size=(3, 3), stride=(1, 1), padding=(1, 1), bias=False)
      (bn1): BatchNorm2d(512, eps=1e-05, momentum=0.1, affine=True, track_running_stats=True)
      (relu): ReLU(inplace=True)
      (conv2): Conv2d(512, 512, kernel_size=(3, 3), stride=(1, 1), padding=(1, 1), bias=False)
      (bn2): BatchNorm2d(512, eps=1e-05, momentum=0.1, affine=True, track_running_stats=True)
    )
  )
  (avgpool): AdaptiveAvgPool2d(output_size=(1, 1))
  (fc): Linear(in_features=512, out_features=88, bias=True)
)
[Thu Apr 20 17:20:53 2023|main.py|INFO] Initializing loss and optimizer...
[Thu Apr 20 17:20:53 2023|main.py|INFO] Loss: MSE
[Thu Apr 20 17:20:53 2023|main.py|INFO] Optimizer: Adam
[Thu Apr 20 17:20:53 2023|main.py|INFO] Initializing tensorboard writer at: runs/raw_CNN_Aug_MSE_lr0.3_B2/2023-04-20_17-20-49
[Thu Apr 20 17:20:53 2023|main.py|INFO] Training network...
[Thu Apr 20 17:32:07 2023|main.py|INFO] EPOCH [1/100] Train NME: 0.27382
[Thu Apr 20 17:32:10 2023|main.py|INFO] EPOCH [1/100] Test NME: 0.18432
[Thu Apr 20 17:32:10 2023|main.py|INFO] EPOCH [1/100] Learning rate: 0.30000
[Thu Apr 20 17:32:10 2023|main.py|INFO] EPOCH [1/100] NME improved from 1000.00000 to 0.18432
[Thu Apr 20 17:32:10 2023|main.py|INFO] EPOCH [1/100] Saving model to: checkpoints/raw_CNN_Aug_MSE_lr0.3_B2/2023-04-20_17-32-10_epoch_1_NME_0.18432.pth.tar
[Thu Apr 20 17:46:03 2023|main.py|INFO] EPOCH [2/100] Train NME: 0.19899
[Thu Apr 20 17:46:06 2023|main.py|INFO] EPOCH [2/100] Test NME: 0.16725
[Thu Apr 20 17:46:06 2023|main.py|INFO] EPOCH [2/100] Learning rate: 0.24000
[Thu Apr 20 17:46:06 2023|main.py|INFO] EPOCH [2/100] NME improved from 0.18432 to 0.16725
[Thu Apr 20 17:46:06 2023|main.py|INFO] EPOCH [2/100] Saving model to: checkpoints/raw_CNN_Aug_MSE_lr0.3_B2/2023-04-20_17-46-06_epoch_2_NME_0.16725.pth.tar
[Thu Apr 20 18:00:11 2023|main.py|INFO] EPOCH [3/100] Train NME: 0.17679
[Thu Apr 20 18:00:14 2023|main.py|INFO] EPOCH [3/100] Test NME: 0.16593
[Thu Apr 20 18:00:14 2023|main.py|INFO] EPOCH [3/100] Learning rate: 0.19200
[Thu Apr 20 18:00:14 2023|main.py|INFO] EPOCH [3/100] NME improved from 0.16725 to 0.16593
[Thu Apr 20 18:00:14 2023|main.py|INFO] EPOCH [3/100] Saving model to: checkpoints/raw_CNN_Aug_MSE_lr0.3_B2/2023-04-20_18-00-14_epoch_3_NME_0.16593.pth.tar
[Thu Apr 20 18:15:13 2023|main.py|INFO] EPOCH [4/100] Train NME: 0.16915
[Thu Apr 20 18:15:16 2023|main.py|INFO] EPOCH [4/100] Test NME: 0.19421
[Thu Apr 20 18:15:16 2023|main.py|INFO] EPOCH [4/100] Learning rate: 0.15360
[Thu Apr 20 18:30:22 2023|main.py|INFO] EPOCH [5/100] Train NME: 0.16480
[Thu Apr 20 18:30:25 2023|main.py|INFO] EPOCH [5/100] Test NME: 0.17190
[Thu Apr 20 18:30:25 2023|main.py|INFO] EPOCH [5/100] Learning rate: 0.12288
[Thu Apr 20 18:39:53 2023|main.py|INFO] EPOCH [6/100] Train NME: 0.15683
[Thu Apr 20 18:39:54 2023|main.py|INFO] EPOCH [6/100] Test NME: 0.14527
[Thu Apr 20 18:39:54 2023|main.py|INFO] EPOCH [6/100] Learning rate: 0.09830
[Thu Apr 20 18:39:54 2023|main.py|INFO] EPOCH [6/100] NME improved from 0.16593 to 0.14527
[Thu Apr 20 18:39:54 2023|main.py|INFO] EPOCH [6/100] Saving model to: checkpoints/raw_CNN_Aug_MSE_lr0.3_B2/2023-04-20_18-39-54_epoch_6_NME_0.14527.pth.tar
[Thu Apr 20 18:48:13 2023|main.py|INFO] EPOCH [7/100] Train NME: 0.15368
[Thu Apr 20 18:48:15 2023|main.py|INFO] EPOCH [7/100] Test NME: 0.16451
[Thu Apr 20 18:48:15 2023|main.py|INFO] EPOCH [7/100] Learning rate: 0.07864
[Thu Apr 20 18:55:44 2023|main.py|INFO] EPOCH [8/100] Train NME: 0.15132
[Thu Apr 20 18:55:45 2023|main.py|INFO] EPOCH [8/100] Test NME: 0.14759
[Thu Apr 20 18:55:45 2023|main.py|INFO] EPOCH [8/100] Learning rate: 0.06291
[Thu Apr 20 19:03:34 2023|main.py|INFO] EPOCH [9/100] Train NME: 0.14833
[Thu Apr 20 19:03:36 2023|main.py|INFO] EPOCH [9/100] Test NME: 0.14828
[Thu Apr 20 19:03:36 2023|main.py|INFO] EPOCH [9/100] Learning rate: 0.05033
[Thu Apr 20 19:10:51 2023|main.py|INFO] EPOCH [10/100] Train NME: 0.14604
[Thu Apr 20 19:10:52 2023|main.py|INFO] EPOCH [10/100] Test NME: 0.14909
[Thu Apr 20 19:10:52 2023|main.py|INFO] EPOCH [10/100] Learning rate: 0.04027
[Thu Apr 20 19:18:28 2023|main.py|INFO] EPOCH [11/100] Train NME: 0.14437
[Thu Apr 20 19:18:29 2023|main.py|INFO] EPOCH [11/100] Test NME: 0.14939
[Thu Apr 20 19:18:29 2023|main.py|INFO] EPOCH [11/100] Learning rate: 0.03221
[Thu Apr 20 19:25:22 2023|main.py|INFO] EPOCH [12/100] Train NME: 0.14226
[Thu Apr 20 19:25:24 2023|main.py|INFO] EPOCH [12/100] Test NME: 0.14485
[Thu Apr 20 19:25:24 2023|main.py|INFO] EPOCH [12/100] Learning rate: 0.02577
[Thu Apr 20 19:25:24 2023|main.py|INFO] EPOCH [12/100] NME improved from 0.14527 to 0.14485
[Thu Apr 20 19:25:24 2023|main.py|INFO] EPOCH [12/100] Saving model to: checkpoints/raw_CNN_Aug_MSE_lr0.3_B2/2023-04-20_19-25-24_epoch_12_NME_0.14485.pth.tar
[Thu Apr 20 19:32:13 2023|main.py|INFO] EPOCH [13/100] Train NME: 0.14080
[Thu Apr 20 19:32:14 2023|main.py|INFO] EPOCH [13/100] Test NME: 0.14881
[Thu Apr 20 19:32:14 2023|main.py|INFO] EPOCH [13/100] Learning rate: 0.02062
[Thu Apr 20 19:39:00 2023|main.py|INFO] EPOCH [14/100] Train NME: 0.13818
[Thu Apr 20 19:39:01 2023|main.py|INFO] EPOCH [14/100] Test NME: 0.14823
[Thu Apr 20 19:39:01 2023|main.py|INFO] EPOCH [14/100] Learning rate: 0.01649
[Thu Apr 20 19:46:19 2023|main.py|INFO] EPOCH [15/100] Train NME: 0.13641
[Thu Apr 20 19:46:20 2023|main.py|INFO] EPOCH [15/100] Test NME: 0.14260
[Thu Apr 20 19:46:20 2023|main.py|INFO] EPOCH [15/100] Learning rate: 0.01319
[Thu Apr 20 19:46:20 2023|main.py|INFO] EPOCH [15/100] NME improved from 0.14485 to 0.14260
[Thu Apr 20 19:46:20 2023|main.py|INFO] EPOCH [15/100] Saving model to: checkpoints/raw_CNN_Aug_MSE_lr0.3_B2/2023-04-20_19-46-20_epoch_15_NME_0.14260.pth.tar
[Thu Apr 20 19:53:33 2023|main.py|INFO] EPOCH [16/100] Train NME: 0.13419
[Thu Apr 20 19:53:34 2023|main.py|INFO] EPOCH [16/100] Test NME: 0.14430
[Thu Apr 20 19:53:34 2023|main.py|INFO] EPOCH [16/100] Learning rate: 0.01056
[Thu Apr 20 20:00:20 2023|main.py|INFO] EPOCH [17/100] Train NME: 0.13337
[Thu Apr 20 20:00:21 2023|main.py|INFO] EPOCH [17/100] Test NME: 0.14865
[Thu Apr 20 20:00:21 2023|main.py|INFO] EPOCH [17/100] Learning rate: 0.00844
[Thu Apr 20 20:07:13 2023|main.py|INFO] EPOCH [18/100] Train NME: 0.13324
[Thu Apr 20 20:07:14 2023|main.py|INFO] EPOCH [18/100] Test NME: 0.14689
[Thu Apr 20 20:07:14 2023|main.py|INFO] EPOCH [18/100] Learning rate: 0.00676
[Thu Apr 20 20:14:31 2023|main.py|INFO] EPOCH [19/100] Train NME: 0.13144
[Thu Apr 20 20:14:33 2023|main.py|INFO] EPOCH [19/100] Test NME: 0.14450
[Thu Apr 20 20:14:33 2023|main.py|INFO] EPOCH [19/100] Learning rate: 0.00540
[Thu Apr 20 20:21:58 2023|main.py|INFO] EPOCH [20/100] Train NME: 0.13122
[Thu Apr 20 20:21:59 2023|main.py|INFO] EPOCH [20/100] Test NME: 0.14303
[Thu Apr 20 20:21:59 2023|main.py|INFO] EPOCH [20/100] Learning rate: 0.00432
[Thu Apr 20 20:29:22 2023|main.py|INFO] EPOCH [21/100] Train NME: 0.13054
[Thu Apr 20 20:29:23 2023|main.py|INFO] EPOCH [21/100] Test NME: 0.14387
[Thu Apr 20 20:29:23 2023|main.py|INFO] EPOCH [21/100] Learning rate: 0.00346
[Thu Apr 20 20:36:22 2023|main.py|INFO] EPOCH [22/100] Train NME: 0.13005
[Thu Apr 20 20:36:24 2023|main.py|INFO] EPOCH [22/100] Test NME: 0.14058
[Thu Apr 20 20:36:24 2023|main.py|INFO] EPOCH [22/100] Learning rate: 0.00277
[Thu Apr 20 20:36:24 2023|main.py|INFO] EPOCH [22/100] NME improved from 0.14260 to 0.14058
[Thu Apr 20 20:36:24 2023|main.py|INFO] EPOCH [22/100] Saving model to: checkpoints/raw_CNN_Aug_MSE_lr0.3_B2/2023-04-20_20-36-24_epoch_22_NME_0.14058.pth.tar
[Thu Apr 20 20:42:58 2023|main.py|INFO] EPOCH [23/100] Train NME: 0.13012
[Thu Apr 20 20:43:00 2023|main.py|INFO] EPOCH [23/100] Test NME: 0.14358
[Thu Apr 20 20:43:00 2023|main.py|INFO] EPOCH [23/100] Learning rate: 0.00221
[Thu Apr 20 20:49:45 2023|main.py|INFO] EPOCH [24/100] Train NME: 0.13015
[Thu Apr 20 20:49:46 2023|main.py|INFO] EPOCH [24/100] Test NME: 0.14135
[Thu Apr 20 20:49:46 2023|main.py|INFO] EPOCH [24/100] Learning rate: 0.00177
[Thu Apr 20 20:57:03 2023|main.py|INFO] EPOCH [25/100] Train NME: 0.13024
[Thu Apr 20 20:57:05 2023|main.py|INFO] EPOCH [25/100] Test NME: 0.14171
[Thu Apr 20 20:57:05 2023|main.py|INFO] EPOCH [25/100] Learning rate: 0.00142
[Thu Apr 20 21:04:02 2023|main.py|INFO] EPOCH [26/100] Train NME: 0.13071
[Thu Apr 20 21:04:03 2023|main.py|INFO] EPOCH [26/100] Test NME: 0.14507
[Thu Apr 20 21:04:03 2023|main.py|INFO] EPOCH [26/100] Learning rate: 0.00113
[Thu Apr 20 21:17:49 2023|main.py|INFO] EPOCH [27/100] Train NME: 0.13171
[Thu Apr 20 21:17:51 2023|main.py|INFO] EPOCH [27/100] Test NME: 0.14267
[Thu Apr 20 21:17:51 2023|main.py|INFO] EPOCH [27/100] Learning rate: 0.00091
[Thu Apr 20 21:30:21 2023|main.py|INFO] EPOCH [28/100] Train NME: 0.13138
[Thu Apr 20 21:30:23 2023|main.py|INFO] EPOCH [28/100] Test NME: 0.14724
[Thu Apr 20 21:30:23 2023|main.py|INFO] EPOCH [28/100] Learning rate: 0.00073
[Thu Apr 20 21:42:08 2023|main.py|INFO] EPOCH [29/100] Train NME: 0.13207
[Thu Apr 20 21:42:10 2023|main.py|INFO] EPOCH [29/100] Test NME: 0.14620
[Thu Apr 20 21:42:10 2023|main.py|INFO] EPOCH [29/100] Learning rate: 0.00058
[Thu Apr 20 21:54:53 2023|main.py|INFO] EPOCH [30/100] Train NME: 0.13173
[Thu Apr 20 21:54:55 2023|main.py|INFO] EPOCH [30/100] Test NME: 0.14411
[Thu Apr 20 21:54:55 2023|main.py|INFO] EPOCH [30/100] Learning rate: 0.00046
[Thu Apr 20 22:07:02 2023|main.py|INFO] EPOCH [31/100] Train NME: 0.13304
[Thu Apr 20 22:07:04 2023|main.py|INFO] EPOCH [31/100] Test NME: 0.14364
[Thu Apr 20 22:07:04 2023|main.py|INFO] EPOCH [31/100] Learning rate: 0.00037
[Thu Apr 20 22:19:47 2023|main.py|INFO] EPOCH [32/100] Train NME: 0.13226
[Thu Apr 20 22:19:49 2023|main.py|INFO] EPOCH [32/100] Test NME: 0.14521
[Thu Apr 20 22:19:49 2023|main.py|INFO] EPOCH [32/100] Learning rate: 0.00030
[Thu Apr 20 22:31:39 2023|main.py|INFO] EPOCH [33/100] Train NME: 0.13345
[Thu Apr 20 22:31:41 2023|main.py|INFO] EPOCH [33/100] Test NME: 0.14600
[Thu Apr 20 22:31:41 2023|main.py|INFO] EPOCH [33/100] Learning rate: 0.00024
[Thu Apr 20 22:43:30 2023|main.py|INFO] EPOCH [34/100] Train NME: 0.13410
[Thu Apr 20 22:43:32 2023|main.py|INFO] EPOCH [34/100] Test NME: 0.14521
[Thu Apr 20 22:43:32 2023|main.py|INFO] EPOCH [34/100] Learning rate: 0.00019
[Thu Apr 20 22:53:53 2023|main.py|INFO] EPOCH [35/100] Train NME: 0.13374
[Thu Apr 20 22:53:55 2023|main.py|INFO] EPOCH [35/100] Test NME: 0.14397
[Thu Apr 20 22:53:55 2023|main.py|INFO] EPOCH [35/100] Learning rate: 0.00015
[Thu Apr 20 23:07:16 2023|main.py|INFO] EPOCH [36/100] Train NME: 0.13472
[Thu Apr 20 23:07:19 2023|main.py|INFO] EPOCH [36/100] Test NME: 0.14679
[Thu Apr 20 23:07:19 2023|main.py|INFO] EPOCH [36/100] Learning rate: 0.00012
[Thu Apr 20 23:21:12 2023|main.py|INFO] EPOCH [37/100] Train NME: 0.13486
[Thu Apr 20 23:21:14 2023|main.py|INFO] EPOCH [37/100] Test NME: 0.14863
[Thu Apr 20 23:21:14 2023|main.py|INFO] EPOCH [37/100] Learning rate: 0.00010
[Thu Apr 20 23:33:15 2023|main.py|INFO] EPOCH [38/100] Train NME: 0.13555
[Thu Apr 20 23:33:17 2023|main.py|INFO] EPOCH [38/100] Test NME: 0.14829
[Thu Apr 20 23:33:17 2023|main.py|INFO] EPOCH [38/100] Learning rate: 0.00008
[Thu Apr 20 23:42:29 2023|main.py|INFO] EPOCH [39/100] Train NME: 0.13531
[Thu Apr 20 23:42:30 2023|main.py|INFO] EPOCH [39/100] Test NME: 0.14747
[Thu Apr 20 23:42:30 2023|main.py|INFO] EPOCH [39/100] Learning rate: 0.00006
[Thu Apr 20 23:51:59 2023|main.py|INFO] EPOCH [40/100] Train NME: 0.13618
[Thu Apr 20 23:52:02 2023|main.py|INFO] EPOCH [40/100] Test NME: 0.14899
[Thu Apr 20 23:52:02 2023|main.py|INFO] EPOCH [40/100] Learning rate: 0.00005
[Fri Apr 21 00:04:49 2023|main.py|INFO] EPOCH [41/100] Train NME: 0.13581
[Fri Apr 21 00:04:51 2023|main.py|INFO] EPOCH [41/100] Test NME: 0.14841
[Fri Apr 21 00:04:51 2023|main.py|INFO] EPOCH [41/100] Learning rate: 0.00004
[Fri Apr 21 00:18:32 2023|main.py|INFO] EPOCH [42/100] Train NME: 0.13694
[Fri Apr 21 00:18:35 2023|main.py|INFO] EPOCH [42/100] Test NME: 0.14437
[Fri Apr 21 00:18:35 2023|main.py|INFO] EPOCH [42/100] Learning rate: 0.00003
[Fri Apr 21 00:31:44 2023|main.py|INFO] EPOCH [43/100] Train NME: 0.13640
[Fri Apr 21 00:31:47 2023|main.py|INFO] EPOCH [43/100] Test NME: 0.14635
[Fri Apr 21 00:31:47 2023|main.py|INFO] EPOCH [43/100] Learning rate: 0.00003
[Fri Apr 21 00:44:58 2023|main.py|INFO] EPOCH [44/100] Train NME: 0.13650
[Fri Apr 21 00:45:00 2023|main.py|INFO] EPOCH [44/100] Test NME: 0.14996
[Fri Apr 21 00:45:00 2023|main.py|INFO] EPOCH [44/100] Learning rate: 0.00002
[Fri Apr 21 00:58:07 2023|main.py|INFO] EPOCH [45/100] Train NME: 0.13668
[Fri Apr 21 00:58:10 2023|main.py|INFO] EPOCH [45/100] Test NME: 0.14830
[Fri Apr 21 00:58:10 2023|main.py|INFO] EPOCH [45/100] Learning rate: 0.00002
[Fri Apr 21 01:11:29 2023|main.py|INFO] EPOCH [46/100] Train NME: 0.13648
[Fri Apr 21 01:11:32 2023|main.py|INFO] EPOCH [46/100] Test NME: 0.14747
[Fri Apr 21 01:11:32 2023|main.py|INFO] EPOCH [46/100] Learning rate: 0.00001
[Fri Apr 21 01:25:04 2023|main.py|INFO] EPOCH [47/100] Train NME: 0.13675
[Fri Apr 21 01:25:07 2023|main.py|INFO] EPOCH [47/100] Test NME: 0.14873
[Fri Apr 21 01:25:07 2023|main.py|INFO] EPOCH [47/100] Learning rate: 0.00001
[Fri Apr 21 01:37:56 2023|main.py|INFO] EPOCH [48/100] Train NME: 0.13679
[Fri Apr 21 01:37:58 2023|main.py|INFO] EPOCH [48/100] Test NME: 0.14457
[Fri Apr 21 01:37:58 2023|main.py|INFO] EPOCH [48/100] Learning rate: 0.00001
[Fri Apr 21 01:51:05 2023|main.py|INFO] EPOCH [49/100] Train NME: 0.13707
[Fri Apr 21 01:51:07 2023|main.py|INFO] EPOCH [49/100] Test NME: 0.15117
[Fri Apr 21 01:51:07 2023|main.py|INFO] EPOCH [49/100] Learning rate: 0.00001
[Fri Apr 21 01:58:27 2023|main.py|INFO] EPOCH [50/100] Train NME: 0.13712
[Fri Apr 21 01:58:28 2023|main.py|INFO] EPOCH [50/100] Test NME: 0.15191
[Fri Apr 21 01:58:28 2023|main.py|INFO] EPOCH [50/100] Learning rate: 0.00001
[Fri Apr 21 02:05:22 2023|main.py|INFO] EPOCH [51/100] Train NME: 0.13753
[Fri Apr 21 02:05:23 2023|main.py|INFO] EPOCH [51/100] Test NME: 0.15008
[Fri Apr 21 02:05:23 2023|main.py|INFO] EPOCH [51/100] Learning rate: 0.00000
[Fri Apr 21 02:14:30 2023|main.py|INFO] EPOCH [52/100] Train NME: 0.13734
[Fri Apr 21 02:14:33 2023|main.py|INFO] EPOCH [52/100] Test NME: 0.15267
[Fri Apr 21 02:14:33 2023|main.py|INFO] EPOCH [52/100] Learning rate: 0.00000
[Fri Apr 21 02:28:12 2023|main.py|INFO] EPOCH [53/100] Train NME: 0.13745
[Fri Apr 21 02:28:16 2023|main.py|INFO] EPOCH [53/100] Test NME: 0.15024
[Fri Apr 21 02:28:16 2023|main.py|INFO] EPOCH [53/100] Learning rate: 0.00000
[Fri Apr 21 02:41:48 2023|main.py|INFO] EPOCH [54/100] Train NME: 0.13728
[Fri Apr 21 02:41:51 2023|main.py|INFO] EPOCH [54/100] Test NME: 0.15581
[Fri Apr 21 02:41:51 2023|main.py|INFO] EPOCH [54/100] Learning rate: 0.00000
[Fri Apr 21 02:54:47 2023|main.py|INFO] EPOCH [55/100] Train NME: 0.13763
[Fri Apr 21 02:54:50 2023|main.py|INFO] EPOCH [55/100] Test NME: 0.15123
[Fri Apr 21 02:54:50 2023|main.py|INFO] EPOCH [55/100] Learning rate: 0.00000
[Fri Apr 21 03:09:12 2023|main.py|INFO] EPOCH [56/100] Train NME: 0.13849
[Fri Apr 21 03:09:16 2023|main.py|INFO] EPOCH [56/100] Test NME: 0.14787
[Fri Apr 21 03:09:16 2023|main.py|INFO] EPOCH [56/100] Learning rate: 0.00000
[Fri Apr 21 03:23:10 2023|main.py|INFO] EPOCH [57/100] Train NME: 0.13760
[Fri Apr 21 03:23:15 2023|main.py|INFO] EPOCH [57/100] Test NME: 0.15637
[Fri Apr 21 03:23:15 2023|main.py|INFO] EPOCH [57/100] Learning rate: 0.00000
[Fri Apr 21 03:36:23 2023|main.py|INFO] EPOCH [58/100] Train NME: 0.13769
[Fri Apr 21 03:36:26 2023|main.py|INFO] EPOCH [58/100] Test NME: 0.14951
[Fri Apr 21 03:36:26 2023|main.py|INFO] EPOCH [58/100] Learning rate: 0.00000
[Fri Apr 21 03:47:30 2023|main.py|INFO] EPOCH [59/100] Train NME: 0.13749
[Fri Apr 21 03:47:32 2023|main.py|INFO] EPOCH [59/100] Test NME: 0.14922
[Fri Apr 21 03:47:32 2023|main.py|INFO] EPOCH [59/100] Learning rate: 0.00000
[Fri Apr 21 03:54:29 2023|main.py|INFO] EPOCH [60/100] Train NME: 0.13765
[Fri Apr 21 03:54:30 2023|main.py|INFO] EPOCH [60/100] Test NME: 0.14871
[Fri Apr 21 03:54:30 2023|main.py|INFO] EPOCH [60/100] Learning rate: 0.00000
[Fri Apr 21 04:01:24 2023|main.py|INFO] EPOCH [61/100] Train NME: 0.13830
[Fri Apr 21 04:01:26 2023|main.py|INFO] EPOCH [61/100] Test NME: 0.15364
[Fri Apr 21 04:01:26 2023|main.py|INFO] EPOCH [61/100] Learning rate: 0.00000
[Fri Apr 21 04:09:02 2023|main.py|INFO] EPOCH [62/100] Train NME: 0.13830
[Fri Apr 21 04:09:03 2023|main.py|INFO] EPOCH [62/100] Test NME: 0.15022
[Fri Apr 21 04:09:03 2023|main.py|INFO] EPOCH [62/100] Learning rate: 0.00000
[Fri Apr 21 04:15:53 2023|main.py|INFO] EPOCH [63/100] Train NME: 0.13780
[Fri Apr 21 04:15:54 2023|main.py|INFO] EPOCH [63/100] Test NME: 0.15524
[Fri Apr 21 04:15:54 2023|main.py|INFO] EPOCH [63/100] Learning rate: 0.00000
[Fri Apr 21 04:22:25 2023|main.py|INFO] EPOCH [64/100] Train NME: 0.13793
[Fri Apr 21 04:22:26 2023|main.py|INFO] EPOCH [64/100] Test NME: 0.15348
[Fri Apr 21 04:22:26 2023|main.py|INFO] EPOCH [64/100] Learning rate: 0.00000
[Fri Apr 21 04:29:22 2023|main.py|INFO] EPOCH [65/100] Train NME: 0.13815
[Fri Apr 21 04:29:23 2023|main.py|INFO] EPOCH [65/100] Test NME: 0.14778
[Fri Apr 21 04:29:23 2023|main.py|INFO] EPOCH [65/100] Learning rate: 0.00000
[Fri Apr 21 04:36:08 2023|main.py|INFO] EPOCH [66/100] Train NME: 0.13803
[Fri Apr 21 04:36:09 2023|main.py|INFO] EPOCH [66/100] Test NME: 0.15058
[Fri Apr 21 04:36:09 2023|main.py|INFO] EPOCH [66/100] Learning rate: 0.00000
[Fri Apr 21 04:43:08 2023|main.py|INFO] EPOCH [67/100] Train NME: 0.13817
[Fri Apr 21 04:43:10 2023|main.py|INFO] EPOCH [67/100] Test NME: 0.14960
[Fri Apr 21 04:43:10 2023|main.py|INFO] EPOCH [67/100] Learning rate: 0.00000
[Fri Apr 21 04:50:06 2023|main.py|INFO] EPOCH [68/100] Train NME: 0.13795
[Fri Apr 21 04:50:07 2023|main.py|INFO] EPOCH [68/100] Test NME: 0.15137
[Fri Apr 21 04:50:07 2023|main.py|INFO] EPOCH [68/100] Learning rate: 0.00000
[Fri Apr 21 04:57:02 2023|main.py|INFO] EPOCH [69/100] Train NME: 0.13805
[Fri Apr 21 04:57:04 2023|main.py|INFO] EPOCH [69/100] Test NME: 0.15374
[Fri Apr 21 04:57:04 2023|main.py|INFO] EPOCH [69/100] Learning rate: 0.00000
[Fri Apr 21 05:04:01 2023|main.py|INFO] EPOCH [70/100] Train NME: 0.13858
[Fri Apr 21 05:04:03 2023|main.py|INFO] EPOCH [70/100] Test NME: 0.14643
[Fri Apr 21 05:04:03 2023|main.py|INFO] EPOCH [70/100] Learning rate: 0.00000
[Fri Apr 21 05:11:15 2023|main.py|INFO] EPOCH [71/100] Train NME: 0.13757
[Fri Apr 21 05:11:16 2023|main.py|INFO] EPOCH [71/100] Test NME: 0.14951
[Fri Apr 21 05:11:16 2023|main.py|INFO] EPOCH [71/100] Learning rate: 0.00000
[Fri Apr 21 05:18:01 2023|main.py|INFO] EPOCH [72/100] Train NME: 0.13779
[Fri Apr 21 05:18:02 2023|main.py|INFO] EPOCH [72/100] Test NME: 0.15357
[Fri Apr 21 05:18:02 2023|main.py|INFO] EPOCH [72/100] Learning rate: 0.00000
[Fri Apr 21 05:25:00 2023|main.py|INFO] EPOCH [73/100] Train NME: 0.13802
[Fri Apr 21 05:25:02 2023|main.py|INFO] EPOCH [73/100] Test NME: 0.15134
[Fri Apr 21 05:25:02 2023|main.py|INFO] EPOCH [73/100] Learning rate: 0.00000
[Fri Apr 21 05:32:15 2023|main.py|INFO] EPOCH [74/100] Train NME: 0.13827
[Fri Apr 21 05:32:17 2023|main.py|INFO] EPOCH [74/100] Test NME: 0.15127
[Fri Apr 21 05:32:17 2023|main.py|INFO] EPOCH [74/100] Learning rate: 0.00000
[Fri Apr 21 05:39:12 2023|main.py|INFO] EPOCH [75/100] Train NME: 0.13850
[Fri Apr 21 05:39:13 2023|main.py|INFO] EPOCH [75/100] Test NME: 0.14914
[Fri Apr 21 05:39:13 2023|main.py|INFO] EPOCH [75/100] Learning rate: 0.00000
[Fri Apr 21 05:46:32 2023|main.py|INFO] EPOCH [76/100] Train NME: 0.13756
[Fri Apr 21 05:46:34 2023|main.py|INFO] EPOCH [76/100] Test NME: 0.14964
[Fri Apr 21 05:46:34 2023|main.py|INFO] EPOCH [76/100] Learning rate: 0.00000
[Fri Apr 21 05:53:45 2023|main.py|INFO] EPOCH [77/100] Train NME: 0.13834
[Fri Apr 21 05:53:46 2023|main.py|INFO] EPOCH [77/100] Test NME: 0.15032
[Fri Apr 21 05:53:46 2023|main.py|INFO] EPOCH [77/100] Learning rate: 0.00000
[Fri Apr 21 06:01:21 2023|main.py|INFO] EPOCH [78/100] Train NME: 0.13785
[Fri Apr 21 06:01:22 2023|main.py|INFO] EPOCH [78/100] Test NME: 0.14985
[Fri Apr 21 06:01:22 2023|main.py|INFO] EPOCH [78/100] Learning rate: 0.00000
[Fri Apr 21 06:08:44 2023|main.py|INFO] EPOCH [79/100] Train NME: 0.13823
[Fri Apr 21 06:08:46 2023|main.py|INFO] EPOCH [79/100] Test NME: 0.14777
[Fri Apr 21 06:08:46 2023|main.py|INFO] EPOCH [79/100] Learning rate: 0.00000
[Fri Apr 21 06:16:10 2023|main.py|INFO] EPOCH [80/100] Train NME: 0.13824
[Fri Apr 21 06:16:12 2023|main.py|INFO] EPOCH [80/100] Test NME: 0.15424
[Fri Apr 21 06:16:12 2023|main.py|INFO] EPOCH [80/100] Learning rate: 0.00000
[Fri Apr 21 06:23:18 2023|main.py|INFO] EPOCH [81/100] Train NME: 0.13746
[Fri Apr 21 06:23:19 2023|main.py|INFO] EPOCH [81/100] Test NME: 0.14893
[Fri Apr 21 06:23:19 2023|main.py|INFO] EPOCH [81/100] Learning rate: 0.00000
[Fri Apr 21 06:30:11 2023|main.py|INFO] EPOCH [82/100] Train NME: 0.13786
[Fri Apr 21 06:30:13 2023|main.py|INFO] EPOCH [82/100] Test NME: 0.15268
[Fri Apr 21 06:30:13 2023|main.py|INFO] EPOCH [82/100] Learning rate: 0.00000
[Fri Apr 21 06:37:26 2023|main.py|INFO] EPOCH [83/100] Train NME: 0.13795
[Fri Apr 21 06:37:28 2023|main.py|INFO] EPOCH [83/100] Test NME: 0.15120
[Fri Apr 21 06:37:28 2023|main.py|INFO] EPOCH [83/100] Learning rate: 0.00000
[Fri Apr 21 06:44:44 2023|main.py|INFO] EPOCH [84/100] Train NME: 0.13832
[Fri Apr 21 06:44:45 2023|main.py|INFO] EPOCH [84/100] Test NME: 0.15363
[Fri Apr 21 06:44:45 2023|main.py|INFO] EPOCH [84/100] Learning rate: 0.00000
[Fri Apr 21 06:51:45 2023|main.py|INFO] EPOCH [85/100] Train NME: 0.13806
[Fri Apr 21 06:51:46 2023|main.py|INFO] EPOCH [85/100] Test NME: 0.15120
[Fri Apr 21 06:51:46 2023|main.py|INFO] EPOCH [85/100] Learning rate: 0.00000
[Fri Apr 21 06:58:33 2023|main.py|INFO] EPOCH [86/100] Train NME: 0.13728
[Fri Apr 21 06:58:34 2023|main.py|INFO] EPOCH [86/100] Test NME: 0.15235
[Fri Apr 21 06:58:34 2023|main.py|INFO] EPOCH [86/100] Learning rate: 0.00000
[Fri Apr 21 07:05:45 2023|main.py|INFO] EPOCH [87/100] Train NME: 0.13805
[Fri Apr 21 07:05:46 2023|main.py|INFO] EPOCH [87/100] Test NME: 0.15325
[Fri Apr 21 07:05:46 2023|main.py|INFO] EPOCH [87/100] Learning rate: 0.00000
[Fri Apr 21 07:12:53 2023|main.py|INFO] EPOCH [88/100] Train NME: 0.13816
[Fri Apr 21 07:12:54 2023|main.py|INFO] EPOCH [88/100] Test NME: 0.15174
[Fri Apr 21 07:12:54 2023|main.py|INFO] EPOCH [88/100] Learning rate: 0.00000
[Fri Apr 21 07:20:13 2023|main.py|INFO] EPOCH [89/100] Train NME: 0.13814
[Fri Apr 21 07:20:15 2023|main.py|INFO] EPOCH [89/100] Test NME: 0.15192
[Fri Apr 21 07:20:15 2023|main.py|INFO] EPOCH [89/100] Learning rate: 0.00000
[Fri Apr 21 07:27:04 2023|main.py|INFO] EPOCH [90/100] Train NME: 0.13800
[Fri Apr 21 07:27:06 2023|main.py|INFO] EPOCH [90/100] Test NME: 0.14866
[Fri Apr 21 07:27:06 2023|main.py|INFO] EPOCH [90/100] Learning rate: 0.00000
[Fri Apr 21 07:34:16 2023|main.py|INFO] EPOCH [91/100] Train NME: 0.13845
[Fri Apr 21 07:34:17 2023|main.py|INFO] EPOCH [91/100] Test NME: 0.15395
[Fri Apr 21 07:34:17 2023|main.py|INFO] EPOCH [91/100] Learning rate: 0.00000
[Fri Apr 21 07:41:28 2023|main.py|INFO] EPOCH [92/100] Train NME: 0.13852
[Fri Apr 21 07:41:29 2023|main.py|INFO] EPOCH [92/100] Test NME: 0.15266
[Fri Apr 21 07:41:29 2023|main.py|INFO] EPOCH [92/100] Learning rate: 0.00000
[Fri Apr 21 07:48:47 2023|main.py|INFO] EPOCH [93/100] Train NME: 0.13812
[Fri Apr 21 07:48:48 2023|main.py|INFO] EPOCH [93/100] Test NME: 0.14990
[Fri Apr 21 07:48:48 2023|main.py|INFO] EPOCH [93/100] Learning rate: 0.00000
[Fri Apr 21 07:55:47 2023|main.py|INFO] EPOCH [94/100] Train NME: 0.13806
[Fri Apr 21 07:55:49 2023|main.py|INFO] EPOCH [94/100] Test NME: 0.14785
[Fri Apr 21 07:55:49 2023|main.py|INFO] EPOCH [94/100] Learning rate: 0.00000
[Fri Apr 21 08:02:51 2023|main.py|INFO] EPOCH [95/100] Train NME: 0.13797
[Fri Apr 21 08:02:53 2023|main.py|INFO] EPOCH [95/100] Test NME: 0.15124
[Fri Apr 21 08:02:53 2023|main.py|INFO] EPOCH [95/100] Learning rate: 0.00000
[Fri Apr 21 08:10:36 2023|main.py|INFO] EPOCH [96/100] Train NME: 0.13828
[Fri Apr 21 08:10:37 2023|main.py|INFO] EPOCH [96/100] Test NME: 0.15669
[Fri Apr 21 08:10:37 2023|main.py|INFO] EPOCH [96/100] Learning rate: 0.00000
[Fri Apr 21 08:18:09 2023|main.py|INFO] EPOCH [97/100] Train NME: 0.13815
[Fri Apr 21 08:18:11 2023|main.py|INFO] EPOCH [97/100] Test NME: 0.15127
[Fri Apr 21 08:18:11 2023|main.py|INFO] EPOCH [97/100] Learning rate: 0.00000
[Fri Apr 21 08:25:42 2023|main.py|INFO] EPOCH [98/100] Train NME: 0.13737
[Fri Apr 21 08:25:44 2023|main.py|INFO] EPOCH [98/100] Test NME: 0.15456
[Fri Apr 21 08:25:44 2023|main.py|INFO] EPOCH [98/100] Learning rate: 0.00000
[Fri Apr 21 08:32:46 2023|main.py|INFO] EPOCH [99/100] Train NME: 0.13803
[Fri Apr 21 08:32:48 2023|main.py|INFO] EPOCH [99/100] Test NME: 0.15177
[Fri Apr 21 08:32:48 2023|main.py|INFO] EPOCH [99/100] Learning rate: 0.00000
[Fri Apr 21 08:40:03 2023|main.py|INFO] EPOCH [100/100] Train NME: 0.13864
[Fri Apr 21 08:40:05 2023|main.py|INFO] EPOCH [100/100] Test NME: 0.15004
[Fri Apr 21 08:40:05 2023|main.py|INFO] EPOCH [100/100] Learning rate: 0.00000
