[Mon Apr 24 17:38:00 2023|main.py|INFO] Task: Cas_Stage2_noAug_Wing-S1_noAug_MSE-lr0.3_B2
[Mon Apr 24 17:38:00 2023|main.py|INFO] Training cascade stage 2
[Mon Apr 24 17:38:00 2023|main.py|INFO] Stage 1 model: resnet18
[Mon Apr 24 17:38:00 2023|main.py|INFO] Stage 1 model path: checkpoints/Cas_Stage1_noAug_MSE/Cas_Stage1_noAug_MSE_lr0.5_B2/2023-04-20_18-11-00_epoch_68_NME_0.03373.pth.tar
[Mon Apr 24 17:38:00 2023|main.py|INFO] Using device: cuda
[Mon Apr 24 17:38:00 2023|main.py|INFO] Using config: config\Cas_Stage2_noAug_Wing-S1_noAug_MSE\Cas_Stage2_noAug_Wing-S1_noAug_MSE-lr0.3_B2.yaml
[Mon Apr 24 17:38:00 2023|main.py|INFO] Train path: data/training_images_full_train.npz
[Mon Apr 24 17:38:00 2023|main.py|INFO] Test path: data/training_images_full_test.npz
[Mon Apr 24 17:38:00 2023|main.py|INFO] Train augment: False
[Mon Apr 24 17:38:00 2023|main.py|INFO] Learning rate: 0.3
[Mon Apr 24 17:38:00 2023|main.py|INFO] Batch size: 2
[Mon Apr 24 17:38:00 2023|main.py|INFO] Num epochs: 120
[Mon Apr 24 17:38:00 2023|main.py|INFO] Save model: True
[Mon Apr 24 17:38:00 2023|main.py|INFO] Loss: Wing
[Mon Apr 24 17:38:00 2023|main.py|INFO] Log path: logs/Cas_Stage2_noAug_Wing-S1_noAug_MSE-lr0.3_B2/2023-04-24_17-38-00.log
[Mon Apr 24 17:38:00 2023|main.py|INFO] Writer path: runs/Cas_Stage2_noAug_Wing-S1_noAug_MSE-lr0.3_B2/2023-04-24_17-38-00
[Mon Apr 24 17:38:00 2023|main.py|INFO] Model name: resnet50
[Mon Apr 24 17:38:00 2023|main.py|INFO] Num outputs: 88
[Mon Apr 24 17:38:00 2023|main.py|INFO] Pretrained: True
[Mon Apr 24 17:38:00 2023|main.py|INFO] Load model: False
[Mon Apr 24 17:38:00 2023|main.py|INFO] Load path: None
[Mon Apr 24 17:38:00 2023|main.py|INFO] Loading data...
[Mon Apr 24 17:38:00 2023|main.py|INFO] Load stage 1 model
[Mon Apr 24 17:38:03 2023|main.py|INFO] Load dataset for cascade stage 2
[Mon Apr 24 17:38:05 2023|main.py|INFO] Initializing network resnet50 with 88 outputs...
[Mon Apr 24 17:38:06 2023|main.py|INFO] Network: ResNet(
  (conv1): Conv2d(3, 64, kernel_size=(7, 7), stride=(2, 2), padding=(3, 3), bias=False)
  (bn1): BatchNorm2d(64, eps=1e-05, momentum=0.1, affine=True, track_running_stats=True)
  (relu): ReLU(inplace=True)
  (maxpool): MaxPool2d(kernel_size=3, stride=2, padding=1, dilation=1, ceil_mode=False)
  (layer1): Sequential(
    (0): BottleNeck(
      (conv1): Conv2d(64, 64, kernel_size=(1, 1), stride=(1, 1), bias=False)
      (bn1): BatchNorm2d(64, eps=1e-05, momentum=0.1, affine=True, track_running_stats=True)
      (relu): ReLU(inplace=True)
      (conv2): Conv2d(64, 64, kernel_size=(3, 3), stride=(1, 1), padding=(1, 1), bias=False)
      (bn2): BatchNorm2d(64, eps=1e-05, momentum=0.1, affine=True, track_running_stats=True)
      (conv3): Conv2d(64, 256, kernel_size=(1, 1), stride=(1, 1), bias=False)
      (bn3): BatchNorm2d(256, eps=1e-05, momentum=0.1, affine=True, track_running_stats=True)
      (downsample): Sequential(
        (0): Conv2d(64, 256, kernel_size=(1, 1), stride=(1, 1), bias=False)
        (1): BatchNorm2d(256, eps=1e-05, momentum=0.1, affine=True, track_running_stats=True)
      )
    )
    (1): BottleNeck(
      (conv1): Conv2d(256, 64, kernel_size=(1, 1), stride=(1, 1), bias=False)
      (bn1): BatchNorm2d(64, eps=1e-05, momentum=0.1, affine=True, track_running_stats=True)
      (relu): ReLU(inplace=True)
      (conv2): Conv2d(64, 64, kernel_size=(3, 3), stride=(1, 1), padding=(1, 1), bias=False)
      (bn2): BatchNorm2d(64, eps=1e-05, momentum=0.1, affine=True, track_running_stats=True)
      (conv3): Conv2d(64, 256, kernel_size=(1, 1), stride=(1, 1), bias=False)
      (bn3): BatchNorm2d(256, eps=1e-05, momentum=0.1, affine=True, track_running_stats=True)
    )
    (2): BottleNeck(
      (conv1): Conv2d(256, 64, kernel_size=(1, 1), stride=(1, 1), bias=False)
      (bn1): BatchNorm2d(64, eps=1e-05, momentum=0.1, affine=True, track_running_stats=True)
      (relu): ReLU(inplace=True)
      (conv2): Conv2d(64, 64, kernel_size=(3, 3), stride=(1, 1), padding=(1, 1), bias=False)
      (bn2): BatchNorm2d(64, eps=1e-05, momentum=0.1, affine=True, track_running_stats=True)
      (conv3): Conv2d(64, 256, kernel_size=(1, 1), stride=(1, 1), bias=False)
      (bn3): BatchNorm2d(256, eps=1e-05, momentum=0.1, affine=True, track_running_stats=True)
    )
  )
  (layer2): Sequential(
    (0): BottleNeck(
      (conv1): Conv2d(256, 128, kernel_size=(1, 1), stride=(1, 1), bias=False)
      (bn1): BatchNorm2d(128, eps=1e-05, momentum=0.1, affine=True, track_running_stats=True)
      (relu): ReLU(inplace=True)
      (conv2): Conv2d(128, 128, kernel_size=(3, 3), stride=(2, 2), padding=(1, 1), bias=False)
      (bn2): BatchNorm2d(128, eps=1e-05, momentum=0.1, affine=True, track_running_stats=True)
      (conv3): Conv2d(128, 512, kernel_size=(1, 1), stride=(1, 1), bias=False)
      (bn3): BatchNorm2d(512, eps=1e-05, momentum=0.1, affine=True, track_running_stats=True)
      (downsample): Sequential(
        (0): Conv2d(256, 512, kernel_size=(1, 1), stride=(2, 2), bias=False)
        (1): BatchNorm2d(512, eps=1e-05, momentum=0.1, affine=True, track_running_stats=True)
      )
    )
    (1): BottleNeck(
      (conv1): Conv2d(512, 128, kernel_size=(1, 1), stride=(1, 1), bias=False)
      (bn1): BatchNorm2d(128, eps=1e-05, momentum=0.1, affine=True, track_running_stats=True)
      (relu): ReLU(inplace=True)
      (conv2): Conv2d(128, 128, kernel_size=(3, 3), stride=(1, 1), padding=(1, 1), bias=False)
      (bn2): BatchNorm2d(128, eps=1e-05, momentum=0.1, affine=True, track_running_stats=True)
      (conv3): Conv2d(128, 512, kernel_size=(1, 1), stride=(1, 1), bias=False)
      (bn3): BatchNorm2d(512, eps=1e-05, momentum=0.1, affine=True, track_running_stats=True)
    )
    (2): BottleNeck(
      (conv1): Conv2d(512, 128, kernel_size=(1, 1), stride=(1, 1), bias=False)
      (bn1): BatchNorm2d(128, eps=1e-05, momentum=0.1, affine=True, track_running_stats=True)
      (relu): ReLU(inplace=True)
      (conv2): Conv2d(128, 128, kernel_size=(3, 3), stride=(1, 1), padding=(1, 1), bias=False)
      (bn2): BatchNorm2d(128, eps=1e-05, momentum=0.1, affine=True, track_running_stats=True)
      (conv3): Conv2d(128, 512, kernel_size=(1, 1), stride=(1, 1), bias=False)
      (bn3): BatchNorm2d(512, eps=1e-05, momentum=0.1, affine=True, track_running_stats=True)
    )
    (3): BottleNeck(
      (conv1): Conv2d(512, 128, kernel_size=(1, 1), stride=(1, 1), bias=False)
      (bn1): BatchNorm2d(128, eps=1e-05, momentum=0.1, affine=True, track_running_stats=True)
      (relu): ReLU(inplace=True)
      (conv2): Conv2d(128, 128, kernel_size=(3, 3), stride=(1, 1), padding=(1, 1), bias=False)
      (bn2): BatchNorm2d(128, eps=1e-05, momentum=0.1, affine=True, track_running_stats=True)
      (conv3): Conv2d(128, 512, kernel_size=(1, 1), stride=(1, 1), bias=False)
      (bn3): BatchNorm2d(512, eps=1e-05, momentum=0.1, affine=True, track_running_stats=True)
    )
  )
  (layer3): Sequential(
    (0): BottleNeck(
      (conv1): Conv2d(512, 256, kernel_size=(1, 1), stride=(1, 1), bias=False)
      (bn1): BatchNorm2d(256, eps=1e-05, momentum=0.1, affine=True, track_running_stats=True)
      (relu): ReLU(inplace=True)
      (conv2): Conv2d(256, 256, kernel_size=(3, 3), stride=(2, 2), padding=(1, 1), bias=False)
      (bn2): BatchNorm2d(256, eps=1e-05, momentum=0.1, affine=True, track_running_stats=True)
      (conv3): Conv2d(256, 1024, kernel_size=(1, 1), stride=(1, 1), bias=False)
      (bn3): BatchNorm2d(1024, eps=1e-05, momentum=0.1, affine=True, track_running_stats=True)
      (downsample): Sequential(
        (0): Conv2d(512, 1024, kernel_size=(1, 1), stride=(2, 2), bias=False)
        (1): BatchNorm2d(1024, eps=1e-05, momentum=0.1, affine=True, track_running_stats=True)
      )
    )
    (1): BottleNeck(
      (conv1): Conv2d(1024, 256, kernel_size=(1, 1), stride=(1, 1), bias=False)
      (bn1): BatchNorm2d(256, eps=1e-05, momentum=0.1, affine=True, track_running_stats=True)
      (relu): ReLU(inplace=True)
      (conv2): Conv2d(256, 256, kernel_size=(3, 3), stride=(1, 1), padding=(1, 1), bias=False)
      (bn2): BatchNorm2d(256, eps=1e-05, momentum=0.1, affine=True, track_running_stats=True)
      (conv3): Conv2d(256, 1024, kernel_size=(1, 1), stride=(1, 1), bias=False)
      (bn3): BatchNorm2d(1024, eps=1e-05, momentum=0.1, affine=True, track_running_stats=True)
    )
    (2): BottleNeck(
      (conv1): Conv2d(1024, 256, kernel_size=(1, 1), stride=(1, 1), bias=False)
      (bn1): BatchNorm2d(256, eps=1e-05, momentum=0.1, affine=True, track_running_stats=True)
      (relu): ReLU(inplace=True)
      (conv2): Conv2d(256, 256, kernel_size=(3, 3), stride=(1, 1), padding=(1, 1), bias=False)
      (bn2): BatchNorm2d(256, eps=1e-05, momentum=0.1, affine=True, track_running_stats=True)
      (conv3): Conv2d(256, 1024, kernel_size=(1, 1), stride=(1, 1), bias=False)
      (bn3): BatchNorm2d(1024, eps=1e-05, momentum=0.1, affine=True, track_running_stats=True)
    )
    (3): BottleNeck(
      (conv1): Conv2d(1024, 256, kernel_size=(1, 1), stride=(1, 1), bias=False)
      (bn1): BatchNorm2d(256, eps=1e-05, momentum=0.1, affine=True, track_running_stats=True)
      (relu): ReLU(inplace=True)
      (conv2): Conv2d(256, 256, kernel_size=(3, 3), stride=(1, 1), padding=(1, 1), bias=False)
      (bn2): BatchNorm2d(256, eps=1e-05, momentum=0.1, affine=True, track_running_stats=True)
      (conv3): Conv2d(256, 1024, kernel_size=(1, 1), stride=(1, 1), bias=False)
      (bn3): BatchNorm2d(1024, eps=1e-05, momentum=0.1, affine=True, track_running_stats=True)
    )
    (4): BottleNeck(
      (conv1): Conv2d(1024, 256, kernel_size=(1, 1), stride=(1, 1), bias=False)
      (bn1): BatchNorm2d(256, eps=1e-05, momentum=0.1, affine=True, track_running_stats=True)
      (relu): ReLU(inplace=True)
      (conv2): Conv2d(256, 256, kernel_size=(3, 3), stride=(1, 1), padding=(1, 1), bias=False)
      (bn2): BatchNorm2d(256, eps=1e-05, momentum=0.1, affine=True, track_running_stats=True)
      (conv3): Conv2d(256, 1024, kernel_size=(1, 1), stride=(1, 1), bias=False)
      (bn3): BatchNorm2d(1024, eps=1e-05, momentum=0.1, affine=True, track_running_stats=True)
    )
    (5): BottleNeck(
      (conv1): Conv2d(1024, 256, kernel_size=(1, 1), stride=(1, 1), bias=False)
      (bn1): BatchNorm2d(256, eps=1e-05, momentum=0.1, affine=True, track_running_stats=True)
      (relu): ReLU(inplace=True)
      (conv2): Conv2d(256, 256, kernel_size=(3, 3), stride=(1, 1), padding=(1, 1), bias=False)
      (bn2): BatchNorm2d(256, eps=1e-05, momentum=0.1, affine=True, track_running_stats=True)
      (conv3): Conv2d(256, 1024, kernel_size=(1, 1), stride=(1, 1), bias=False)
      (bn3): BatchNorm2d(1024, eps=1e-05, momentum=0.1, affine=True, track_running_stats=True)
    )
  )
  (layer4): Sequential(
    (0): BottleNeck(
      (conv1): Conv2d(1024, 512, kernel_size=(1, 1), stride=(1, 1), bias=False)
      (bn1): BatchNorm2d(512, eps=1e-05, momentum=0.1, affine=True, track_running_stats=True)
      (relu): ReLU(inplace=True)
      (conv2): Conv2d(512, 512, kernel_size=(3, 3), stride=(2, 2), padding=(1, 1), bias=False)
      (bn2): BatchNorm2d(512, eps=1e-05, momentum=0.1, affine=True, track_running_stats=True)
      (conv3): Conv2d(512, 2048, kernel_size=(1, 1), stride=(1, 1), bias=False)
      (bn3): BatchNorm2d(2048, eps=1e-05, momentum=0.1, affine=True, track_running_stats=True)
      (downsample): Sequential(
        (0): Conv2d(1024, 2048, kernel_size=(1, 1), stride=(2, 2), bias=False)
        (1): BatchNorm2d(2048, eps=1e-05, momentum=0.1, affine=True, track_running_stats=True)
      )
    )
    (1): BottleNeck(
      (conv1): Conv2d(2048, 512, kernel_size=(1, 1), stride=(1, 1), bias=False)
      (bn1): BatchNorm2d(512, eps=1e-05, momentum=0.1, affine=True, track_running_stats=True)
      (relu): ReLU(inplace=True)
      (conv2): Conv2d(512, 512, kernel_size=(3, 3), stride=(1, 1), padding=(1, 1), bias=False)
      (bn2): BatchNorm2d(512, eps=1e-05, momentum=0.1, affine=True, track_running_stats=True)
      (conv3): Conv2d(512, 2048, kernel_size=(1, 1), stride=(1, 1), bias=False)
      (bn3): BatchNorm2d(2048, eps=1e-05, momentum=0.1, affine=True, track_running_stats=True)
    )
    (2): BottleNeck(
      (conv1): Conv2d(2048, 512, kernel_size=(1, 1), stride=(1, 1), bias=False)
      (bn1): BatchNorm2d(512, eps=1e-05, momentum=0.1, affine=True, track_running_stats=True)
      (relu): ReLU(inplace=True)
      (conv2): Conv2d(512, 512, kernel_size=(3, 3), stride=(1, 1), padding=(1, 1), bias=False)
      (bn2): BatchNorm2d(512, eps=1e-05, momentum=0.1, affine=True, track_running_stats=True)
      (conv3): Conv2d(512, 2048, kernel_size=(1, 1), stride=(1, 1), bias=False)
      (bn3): BatchNorm2d(2048, eps=1e-05, momentum=0.1, affine=True, track_running_stats=True)
    )
  )
  (avgpool): AdaptiveAvgPool2d(output_size=(1, 1))
  (fc): Linear(in_features=2048, out_features=88, bias=True)
)
[Mon Apr 24 17:38:06 2023|main.py|INFO] Initializing loss and optimizer...
[Mon Apr 24 17:38:06 2023|main.py|INFO] Loss: Wing
[Mon Apr 24 17:38:06 2023|main.py|INFO] Optimizer: Adam
[Mon Apr 24 17:38:06 2023|main.py|INFO] Initializing tensorboard writer at: runs/Cas_Stage2_noAug_Wing-S1_noAug_MSE-lr0.3_B2/2023-04-24_17-38-00
[Mon Apr 24 17:38:06 2023|main.py|INFO] Training network...
[Mon Apr 24 17:38:44 2023|main.py|INFO] EPOCH [1/120] Train NME: 0.93904
[Mon Apr 24 17:38:49 2023|main.py|INFO] EPOCH [1/120] Test NME: 1.06882
[Mon Apr 24 17:38:49 2023|main.py|INFO] EPOCH [1/120] Learning rate: 0.30000
[Mon Apr 24 17:38:49 2023|main.py|INFO] EPOCH [1/120] NME improved from 1000.00000 to 1.06882
[Mon Apr 24 17:38:49 2023|main.py|INFO] EPOCH [1/120] Saving model to: checkpoints/Cas_Stage2_noAug_Wing-S1_noAug_MSE-lr0.3_B2/2023-04-24_17-38-49_epoch_1_NME_1.06882.pth.tar
[Mon Apr 24 17:39:27 2023|main.py|INFO] EPOCH [2/120] Train NME: 0.71547
[Mon Apr 24 17:39:32 2023|main.py|INFO] EPOCH [2/120] Test NME: 0.86453
[Mon Apr 24 17:39:32 2023|main.py|INFO] EPOCH [2/120] Learning rate: 0.24000
[Mon Apr 24 17:39:32 2023|main.py|INFO] EPOCH [2/120] NME improved from 1.06882 to 0.86453
[Mon Apr 24 17:39:32 2023|main.py|INFO] EPOCH [2/120] Saving model to: checkpoints/Cas_Stage2_noAug_Wing-S1_noAug_MSE-lr0.3_B2/2023-04-24_17-39-32_epoch_2_NME_0.86453.pth.tar
[Mon Apr 24 17:40:10 2023|main.py|INFO] EPOCH [3/120] Train NME: 0.54033
[Mon Apr 24 17:40:15 2023|main.py|INFO] EPOCH [3/120] Test NME: 0.49883
[Mon Apr 24 17:40:15 2023|main.py|INFO] EPOCH [3/120] Learning rate: 0.19200
[Mon Apr 24 17:40:15 2023|main.py|INFO] EPOCH [3/120] NME improved from 0.86453 to 0.49883
[Mon Apr 24 17:40:15 2023|main.py|INFO] EPOCH [3/120] Saving model to: checkpoints/Cas_Stage2_noAug_Wing-S1_noAug_MSE-lr0.3_B2/2023-04-24_17-40-15_epoch_3_NME_0.49883.pth.tar
[Mon Apr 24 17:40:53 2023|main.py|INFO] EPOCH [4/120] Train NME: 0.40920
[Mon Apr 24 17:40:58 2023|main.py|INFO] EPOCH [4/120] Test NME: 0.37821
[Mon Apr 24 17:40:58 2023|main.py|INFO] EPOCH [4/120] Learning rate: 0.15360
[Mon Apr 24 17:40:58 2023|main.py|INFO] EPOCH [4/120] NME improved from 0.49883 to 0.37821
[Mon Apr 24 17:40:58 2023|main.py|INFO] EPOCH [4/120] Saving model to: checkpoints/Cas_Stage2_noAug_Wing-S1_noAug_MSE-lr0.3_B2/2023-04-24_17-40-58_epoch_4_NME_0.37821.pth.tar
[Mon Apr 24 17:41:36 2023|main.py|INFO] EPOCH [5/120] Train NME: 0.31159
[Mon Apr 24 17:41:41 2023|main.py|INFO] EPOCH [5/120] Test NME: 0.30715
[Mon Apr 24 17:41:41 2023|main.py|INFO] EPOCH [5/120] Learning rate: 0.12288
[Mon Apr 24 17:41:41 2023|main.py|INFO] EPOCH [5/120] NME improved from 0.37821 to 0.30715
[Mon Apr 24 17:41:41 2023|main.py|INFO] EPOCH [5/120] Saving model to: checkpoints/Cas_Stage2_noAug_Wing-S1_noAug_MSE-lr0.3_B2/2023-04-24_17-41-41_epoch_5_NME_0.30715.pth.tar
[Mon Apr 24 17:42:19 2023|main.py|INFO] EPOCH [6/120] Train NME: 0.25314
[Mon Apr 24 17:42:24 2023|main.py|INFO] EPOCH [6/120] Test NME: 0.26359
[Mon Apr 24 17:42:24 2023|main.py|INFO] EPOCH [6/120] Learning rate: 0.09830
[Mon Apr 24 17:42:24 2023|main.py|INFO] EPOCH [6/120] NME improved from 0.30715 to 0.26359
[Mon Apr 24 17:42:24 2023|main.py|INFO] EPOCH [6/120] Saving model to: checkpoints/Cas_Stage2_noAug_Wing-S1_noAug_MSE-lr0.3_B2/2023-04-24_17-42-24_epoch_6_NME_0.26359.pth.tar
[Mon Apr 24 17:43:03 2023|main.py|INFO] EPOCH [7/120] Train NME: 0.20675
[Mon Apr 24 17:43:08 2023|main.py|INFO] EPOCH [7/120] Test NME: 0.19802
[Mon Apr 24 17:43:08 2023|main.py|INFO] EPOCH [7/120] Learning rate: 0.07864
[Mon Apr 24 17:43:08 2023|main.py|INFO] EPOCH [7/120] NME improved from 0.26359 to 0.19802
[Mon Apr 24 17:43:08 2023|main.py|INFO] EPOCH [7/120] Saving model to: checkpoints/Cas_Stage2_noAug_Wing-S1_noAug_MSE-lr0.3_B2/2023-04-24_17-43-08_epoch_7_NME_0.19802.pth.tar
[Mon Apr 24 17:43:47 2023|main.py|INFO] EPOCH [8/120] Train NME: 0.17234
[Mon Apr 24 17:43:52 2023|main.py|INFO] EPOCH [8/120] Test NME: 0.16858
[Mon Apr 24 17:43:52 2023|main.py|INFO] EPOCH [8/120] Learning rate: 0.06291
[Mon Apr 24 17:43:52 2023|main.py|INFO] EPOCH [8/120] NME improved from 0.19802 to 0.16858
[Mon Apr 24 17:43:52 2023|main.py|INFO] EPOCH [8/120] Saving model to: checkpoints/Cas_Stage2_noAug_Wing-S1_noAug_MSE-lr0.3_B2/2023-04-24_17-43-52_epoch_8_NME_0.16858.pth.tar
[Mon Apr 24 17:44:31 2023|main.py|INFO] EPOCH [9/120] Train NME: 0.15277
[Mon Apr 24 17:44:36 2023|main.py|INFO] EPOCH [9/120] Test NME: 0.14698
[Mon Apr 24 17:44:36 2023|main.py|INFO] EPOCH [9/120] Learning rate: 0.05033
[Mon Apr 24 17:44:36 2023|main.py|INFO] EPOCH [9/120] NME improved from 0.16858 to 0.14698
[Mon Apr 24 17:44:36 2023|main.py|INFO] EPOCH [9/120] Saving model to: checkpoints/Cas_Stage2_noAug_Wing-S1_noAug_MSE-lr0.3_B2/2023-04-24_17-44-36_epoch_9_NME_0.14698.pth.tar
[Mon Apr 24 17:45:15 2023|main.py|INFO] EPOCH [10/120] Train NME: 0.13400
[Mon Apr 24 17:45:20 2023|main.py|INFO] EPOCH [10/120] Test NME: 0.11656
[Mon Apr 24 17:45:20 2023|main.py|INFO] EPOCH [10/120] Learning rate: 0.04027
[Mon Apr 24 17:45:20 2023|main.py|INFO] EPOCH [10/120] NME improved from 0.14698 to 0.11656
[Mon Apr 24 17:45:20 2023|main.py|INFO] EPOCH [10/120] Saving model to: checkpoints/Cas_Stage2_noAug_Wing-S1_noAug_MSE-lr0.3_B2/2023-04-24_17-45-20_epoch_10_NME_0.11656.pth.tar
[Mon Apr 24 17:45:59 2023|main.py|INFO] EPOCH [11/120] Train NME: 0.12016
[Mon Apr 24 17:46:04 2023|main.py|INFO] EPOCH [11/120] Test NME: 0.12433
[Mon Apr 24 17:46:04 2023|main.py|INFO] EPOCH [11/120] Learning rate: 0.03221
[Mon Apr 24 17:46:43 2023|main.py|INFO] EPOCH [12/120] Train NME: 0.11179
[Mon Apr 24 17:46:48 2023|main.py|INFO] EPOCH [12/120] Test NME: 0.13026
[Mon Apr 24 17:46:48 2023|main.py|INFO] EPOCH [12/120] Learning rate: 0.02577
[Mon Apr 24 17:47:28 2023|main.py|INFO] EPOCH [13/120] Train NME: 0.10564
[Mon Apr 24 17:47:33 2023|main.py|INFO] EPOCH [13/120] Test NME: 0.09907
[Mon Apr 24 17:47:33 2023|main.py|INFO] EPOCH [13/120] Learning rate: 0.02062
[Mon Apr 24 17:47:33 2023|main.py|INFO] EPOCH [13/120] NME improved from 0.11656 to 0.09907
[Mon Apr 24 17:47:33 2023|main.py|INFO] EPOCH [13/120] Saving model to: checkpoints/Cas_Stage2_noAug_Wing-S1_noAug_MSE-lr0.3_B2/2023-04-24_17-47-33_epoch_13_NME_0.09907.pth.tar
[Mon Apr 24 17:48:12 2023|main.py|INFO] EPOCH [14/120] Train NME: 0.09974
[Mon Apr 24 17:48:17 2023|main.py|INFO] EPOCH [14/120] Test NME: 0.10137
[Mon Apr 24 17:48:17 2023|main.py|INFO] EPOCH [14/120] Learning rate: 0.01649
[Mon Apr 24 17:48:56 2023|main.py|INFO] EPOCH [15/120] Train NME: 0.09467
[Mon Apr 24 17:49:01 2023|main.py|INFO] EPOCH [15/120] Test NME: 0.08555
[Mon Apr 24 17:49:01 2023|main.py|INFO] EPOCH [15/120] Learning rate: 0.01319
[Mon Apr 24 17:49:01 2023|main.py|INFO] EPOCH [15/120] NME improved from 0.09907 to 0.08555
[Mon Apr 24 17:49:01 2023|main.py|INFO] EPOCH [15/120] Saving model to: checkpoints/Cas_Stage2_noAug_Wing-S1_noAug_MSE-lr0.3_B2/2023-04-24_17-49-01_epoch_15_NME_0.08555.pth.tar
[Mon Apr 24 17:49:40 2023|main.py|INFO] EPOCH [16/120] Train NME: 0.09193
[Mon Apr 24 17:49:45 2023|main.py|INFO] EPOCH [16/120] Test NME: 0.08362
[Mon Apr 24 17:49:45 2023|main.py|INFO] EPOCH [16/120] Learning rate: 0.01056
[Mon Apr 24 17:49:45 2023|main.py|INFO] EPOCH [16/120] NME improved from 0.08555 to 0.08362
[Mon Apr 24 17:49:45 2023|main.py|INFO] EPOCH [16/120] Saving model to: checkpoints/Cas_Stage2_noAug_Wing-S1_noAug_MSE-lr0.3_B2/2023-04-24_17-49-45_epoch_16_NME_0.08362.pth.tar
[Mon Apr 24 17:50:24 2023|main.py|INFO] EPOCH [17/120] Train NME: 0.08968
[Mon Apr 24 17:50:29 2023|main.py|INFO] EPOCH [17/120] Test NME: 0.08314
[Mon Apr 24 17:50:29 2023|main.py|INFO] EPOCH [17/120] Learning rate: 0.00844
[Mon Apr 24 17:50:29 2023|main.py|INFO] EPOCH [17/120] NME improved from 0.08362 to 0.08314
[Mon Apr 24 17:50:29 2023|main.py|INFO] EPOCH [17/120] Saving model to: checkpoints/Cas_Stage2_noAug_Wing-S1_noAug_MSE-lr0.3_B2/2023-04-24_17-50-29_epoch_17_NME_0.08314.pth.tar
[Mon Apr 24 17:51:09 2023|main.py|INFO] EPOCH [18/120] Train NME: 0.08776
[Mon Apr 24 17:51:14 2023|main.py|INFO] EPOCH [18/120] Test NME: 0.07739
[Mon Apr 24 17:51:14 2023|main.py|INFO] EPOCH [18/120] Learning rate: 0.00676
[Mon Apr 24 17:51:14 2023|main.py|INFO] EPOCH [18/120] NME improved from 0.08314 to 0.07739
[Mon Apr 24 17:51:14 2023|main.py|INFO] EPOCH [18/120] Saving model to: checkpoints/Cas_Stage2_noAug_Wing-S1_noAug_MSE-lr0.3_B2/2023-04-24_17-51-14_epoch_18_NME_0.07739.pth.tar
[Mon Apr 24 17:51:53 2023|main.py|INFO] EPOCH [19/120] Train NME: 0.08703
[Mon Apr 24 17:51:58 2023|main.py|INFO] EPOCH [19/120] Test NME: 0.07853
[Mon Apr 24 17:51:58 2023|main.py|INFO] EPOCH [19/120] Learning rate: 0.00540
[Mon Apr 24 17:52:37 2023|main.py|INFO] EPOCH [20/120] Train NME: 0.08572
[Mon Apr 24 17:52:42 2023|main.py|INFO] EPOCH [20/120] Test NME: 0.07378
[Mon Apr 24 17:52:42 2023|main.py|INFO] EPOCH [20/120] Learning rate: 0.00432
[Mon Apr 24 17:52:42 2023|main.py|INFO] EPOCH [20/120] NME improved from 0.07739 to 0.07378
[Mon Apr 24 17:52:42 2023|main.py|INFO] EPOCH [20/120] Saving model to: checkpoints/Cas_Stage2_noAug_Wing-S1_noAug_MSE-lr0.3_B2/2023-04-24_17-52-42_epoch_20_NME_0.07378.pth.tar
[Mon Apr 24 17:53:21 2023|main.py|INFO] EPOCH [21/120] Train NME: 0.08440
[Mon Apr 24 17:53:26 2023|main.py|INFO] EPOCH [21/120] Test NME: 0.07492
[Mon Apr 24 17:53:26 2023|main.py|INFO] EPOCH [21/120] Learning rate: 0.00346
[Mon Apr 24 17:54:05 2023|main.py|INFO] EPOCH [22/120] Train NME: 0.08357
[Mon Apr 24 17:54:10 2023|main.py|INFO] EPOCH [22/120] Test NME: 0.07934
[Mon Apr 24 17:54:10 2023|main.py|INFO] EPOCH [22/120] Learning rate: 0.00277
[Mon Apr 24 17:54:49 2023|main.py|INFO] EPOCH [23/120] Train NME: 0.08220
[Mon Apr 24 17:54:54 2023|main.py|INFO] EPOCH [23/120] Test NME: 0.07443
[Mon Apr 24 17:54:54 2023|main.py|INFO] EPOCH [23/120] Learning rate: 0.00221
[Mon Apr 24 17:55:33 2023|main.py|INFO] EPOCH [24/120] Train NME: 0.08152
[Mon Apr 24 17:55:38 2023|main.py|INFO] EPOCH [24/120] Test NME: 0.07231
[Mon Apr 24 17:55:38 2023|main.py|INFO] EPOCH [24/120] Learning rate: 0.00177
[Mon Apr 24 17:55:38 2023|main.py|INFO] EPOCH [24/120] NME improved from 0.07378 to 0.07231
[Mon Apr 24 17:55:38 2023|main.py|INFO] EPOCH [24/120] Saving model to: checkpoints/Cas_Stage2_noAug_Wing-S1_noAug_MSE-lr0.3_B2/2023-04-24_17-55-38_epoch_24_NME_0.07231.pth.tar
[Mon Apr 24 17:56:18 2023|main.py|INFO] EPOCH [25/120] Train NME: 0.08116
[Mon Apr 24 17:56:23 2023|main.py|INFO] EPOCH [25/120] Test NME: 0.07045
[Mon Apr 24 17:56:23 2023|main.py|INFO] EPOCH [25/120] Learning rate: 0.00142
[Mon Apr 24 17:56:23 2023|main.py|INFO] EPOCH [25/120] NME improved from 0.07231 to 0.07045
[Mon Apr 24 17:56:23 2023|main.py|INFO] EPOCH [25/120] Saving model to: checkpoints/Cas_Stage2_noAug_Wing-S1_noAug_MSE-lr0.3_B2/2023-04-24_17-56-23_epoch_25_NME_0.07045.pth.tar
[Mon Apr 24 17:57:03 2023|main.py|INFO] EPOCH [26/120] Train NME: 0.08123
[Mon Apr 24 17:57:08 2023|main.py|INFO] EPOCH [26/120] Test NME: 0.06952
[Mon Apr 24 17:57:08 2023|main.py|INFO] EPOCH [26/120] Learning rate: 0.00113
[Mon Apr 24 17:57:08 2023|main.py|INFO] EPOCH [26/120] NME improved from 0.07045 to 0.06952
[Mon Apr 24 17:57:08 2023|main.py|INFO] EPOCH [26/120] Saving model to: checkpoints/Cas_Stage2_noAug_Wing-S1_noAug_MSE-lr0.3_B2/2023-04-24_17-57-08_epoch_26_NME_0.06952.pth.tar
[Mon Apr 24 17:57:48 2023|main.py|INFO] EPOCH [27/120] Train NME: 0.08143
[Mon Apr 24 17:57:53 2023|main.py|INFO] EPOCH [27/120] Test NME: 0.07077
[Mon Apr 24 17:57:53 2023|main.py|INFO] EPOCH [27/120] Learning rate: 0.00091
[Mon Apr 24 17:58:34 2023|main.py|INFO] EPOCH [28/120] Train NME: 0.08067
[Mon Apr 24 17:58:39 2023|main.py|INFO] EPOCH [28/120] Test NME: 0.07028
[Mon Apr 24 17:58:39 2023|main.py|INFO] EPOCH [28/120] Learning rate: 0.00073
[Mon Apr 24 17:59:18 2023|main.py|INFO] EPOCH [29/120] Train NME: 0.08099
[Mon Apr 24 17:59:23 2023|main.py|INFO] EPOCH [29/120] Test NME: 0.06964
[Mon Apr 24 17:59:23 2023|main.py|INFO] EPOCH [29/120] Learning rate: 0.00058
[Mon Apr 24 18:00:02 2023|main.py|INFO] EPOCH [30/120] Train NME: 0.08018
[Mon Apr 24 18:00:07 2023|main.py|INFO] EPOCH [30/120] Test NME: 0.07091
[Mon Apr 24 18:00:07 2023|main.py|INFO] EPOCH [30/120] Learning rate: 0.00046
[Mon Apr 24 18:00:46 2023|main.py|INFO] EPOCH [31/120] Train NME: 0.08071
[Mon Apr 24 18:00:51 2023|main.py|INFO] EPOCH [31/120] Test NME: 0.06839
[Mon Apr 24 18:00:51 2023|main.py|INFO] EPOCH [31/120] Learning rate: 0.00037
[Mon Apr 24 18:00:51 2023|main.py|INFO] EPOCH [31/120] NME improved from 0.06952 to 0.06839
[Mon Apr 24 18:00:51 2023|main.py|INFO] EPOCH [31/120] Saving model to: checkpoints/Cas_Stage2_noAug_Wing-S1_noAug_MSE-lr0.3_B2/2023-04-24_18-00-51_epoch_31_NME_0.06839.pth.tar
[Mon Apr 24 18:01:30 2023|main.py|INFO] EPOCH [32/120] Train NME: 0.08136
[Mon Apr 24 18:01:35 2023|main.py|INFO] EPOCH [32/120] Test NME: 0.06889
[Mon Apr 24 18:01:35 2023|main.py|INFO] EPOCH [32/120] Learning rate: 0.00030
[Mon Apr 24 18:02:14 2023|main.py|INFO] EPOCH [33/120] Train NME: 0.07989
[Mon Apr 24 18:02:19 2023|main.py|INFO] EPOCH [33/120] Test NME: 0.07053
[Mon Apr 24 18:02:19 2023|main.py|INFO] EPOCH [33/120] Learning rate: 0.00024
[Mon Apr 24 18:02:58 2023|main.py|INFO] EPOCH [34/120] Train NME: 0.07970
[Mon Apr 24 18:03:03 2023|main.py|INFO] EPOCH [34/120] Test NME: 0.07043
[Mon Apr 24 18:03:03 2023|main.py|INFO] EPOCH [34/120] Learning rate: 0.00019
[Mon Apr 24 18:03:43 2023|main.py|INFO] EPOCH [35/120] Train NME: 0.08020
[Mon Apr 24 18:03:47 2023|main.py|INFO] EPOCH [35/120] Test NME: 0.07056
[Mon Apr 24 18:03:47 2023|main.py|INFO] EPOCH [35/120] Learning rate: 0.00015
[Mon Apr 24 18:04:27 2023|main.py|INFO] EPOCH [36/120] Train NME: 0.08044
[Mon Apr 24 18:04:32 2023|main.py|INFO] EPOCH [36/120] Test NME: 0.07015
[Mon Apr 24 18:04:32 2023|main.py|INFO] EPOCH [36/120] Learning rate: 0.00012
[Mon Apr 24 18:05:11 2023|main.py|INFO] EPOCH [37/120] Train NME: 0.08085
[Mon Apr 24 18:05:16 2023|main.py|INFO] EPOCH [37/120] Test NME: 0.07254
[Mon Apr 24 18:05:16 2023|main.py|INFO] EPOCH [37/120] Learning rate: 0.00010
[Mon Apr 24 18:05:55 2023|main.py|INFO] EPOCH [38/120] Train NME: 0.08093
[Mon Apr 24 18:06:00 2023|main.py|INFO] EPOCH [38/120] Test NME: 0.06877
[Mon Apr 24 18:06:00 2023|main.py|INFO] EPOCH [38/120] Learning rate: 0.00008
[Mon Apr 24 18:06:39 2023|main.py|INFO] EPOCH [39/120] Train NME: 0.08004
[Mon Apr 24 18:06:44 2023|main.py|INFO] EPOCH [39/120] Test NME: 0.07049
[Mon Apr 24 18:06:44 2023|main.py|INFO] EPOCH [39/120] Learning rate: 0.00006
[Mon Apr 24 18:07:23 2023|main.py|INFO] EPOCH [40/120] Train NME: 0.07951
[Mon Apr 24 18:07:28 2023|main.py|INFO] EPOCH [40/120] Test NME: 0.06870
[Mon Apr 24 18:07:28 2023|main.py|INFO] EPOCH [40/120] Learning rate: 0.00005
[Mon Apr 24 18:08:07 2023|main.py|INFO] EPOCH [41/120] Train NME: 0.07942
[Mon Apr 24 18:08:12 2023|main.py|INFO] EPOCH [41/120] Test NME: 0.06789
[Mon Apr 24 18:08:12 2023|main.py|INFO] EPOCH [41/120] Learning rate: 0.00004
[Mon Apr 24 18:08:12 2023|main.py|INFO] EPOCH [41/120] NME improved from 0.06839 to 0.06789
[Mon Apr 24 18:08:12 2023|main.py|INFO] EPOCH [41/120] Saving model to: checkpoints/Cas_Stage2_noAug_Wing-S1_noAug_MSE-lr0.3_B2/2023-04-24_18-08-12_epoch_41_NME_0.06789.pth.tar
[Mon Apr 24 18:08:52 2023|main.py|INFO] EPOCH [42/120] Train NME: 0.08023
[Mon Apr 24 18:08:57 2023|main.py|INFO] EPOCH [42/120] Test NME: 0.06986
[Mon Apr 24 18:08:57 2023|main.py|INFO] EPOCH [42/120] Learning rate: 0.00003
[Mon Apr 24 18:09:36 2023|main.py|INFO] EPOCH [43/120] Train NME: 0.08025
[Mon Apr 24 18:09:41 2023|main.py|INFO] EPOCH [43/120] Test NME: 0.07162
[Mon Apr 24 18:09:41 2023|main.py|INFO] EPOCH [43/120] Learning rate: 0.00003
[Mon Apr 24 18:10:23 2023|main.py|INFO] EPOCH [44/120] Train NME: 0.07996
[Mon Apr 24 18:10:28 2023|main.py|INFO] EPOCH [44/120] Test NME: 0.06836
[Mon Apr 24 18:10:28 2023|main.py|INFO] EPOCH [44/120] Learning rate: 0.00002
[Mon Apr 24 18:11:07 2023|main.py|INFO] EPOCH [45/120] Train NME: 0.08016
[Mon Apr 24 18:11:12 2023|main.py|INFO] EPOCH [45/120] Test NME: 0.06946
[Mon Apr 24 18:11:12 2023|main.py|INFO] EPOCH [45/120] Learning rate: 0.00002
[Mon Apr 24 18:11:51 2023|main.py|INFO] EPOCH [46/120] Train NME: 0.07978
[Mon Apr 24 18:11:56 2023|main.py|INFO] EPOCH [46/120] Test NME: 0.06998
[Mon Apr 24 18:11:56 2023|main.py|INFO] EPOCH [46/120] Learning rate: 0.00001
[Mon Apr 24 18:12:35 2023|main.py|INFO] EPOCH [47/120] Train NME: 0.07931
[Mon Apr 24 18:12:40 2023|main.py|INFO] EPOCH [47/120] Test NME: 0.06809
[Mon Apr 24 18:12:40 2023|main.py|INFO] EPOCH [47/120] Learning rate: 0.00001
[Mon Apr 24 18:13:20 2023|main.py|INFO] EPOCH [48/120] Train NME: 0.08048
[Mon Apr 24 18:13:25 2023|main.py|INFO] EPOCH [48/120] Test NME: 0.06822
[Mon Apr 24 18:13:25 2023|main.py|INFO] EPOCH [48/120] Learning rate: 0.00001
[Mon Apr 24 18:14:04 2023|main.py|INFO] EPOCH [49/120] Train NME: 0.07946
[Mon Apr 24 18:14:09 2023|main.py|INFO] EPOCH [49/120] Test NME: 0.06982
[Mon Apr 24 18:14:09 2023|main.py|INFO] EPOCH [49/120] Learning rate: 0.00001
[Mon Apr 24 18:14:48 2023|main.py|INFO] EPOCH [50/120] Train NME: 0.08048
[Mon Apr 24 18:14:53 2023|main.py|INFO] EPOCH [50/120] Test NME: 0.06789
[Mon Apr 24 18:14:53 2023|main.py|INFO] EPOCH [50/120] Learning rate: 0.00001
[Mon Apr 24 18:14:53 2023|main.py|INFO] EPOCH [50/120] NME improved from 0.06789 to 0.06789
[Mon Apr 24 18:14:53 2023|main.py|INFO] EPOCH [50/120] Saving model to: checkpoints/Cas_Stage2_noAug_Wing-S1_noAug_MSE-lr0.3_B2/2023-04-24_18-14-53_epoch_50_NME_0.06789.pth.tar
[Mon Apr 24 18:15:33 2023|main.py|INFO] EPOCH [51/120] Train NME: 0.08014
[Mon Apr 24 18:15:38 2023|main.py|INFO] EPOCH [51/120] Test NME: 0.07025
[Mon Apr 24 18:15:38 2023|main.py|INFO] EPOCH [51/120] Learning rate: 0.00000
[Mon Apr 24 18:16:17 2023|main.py|INFO] EPOCH [52/120] Train NME: 0.08108
[Mon Apr 24 18:16:22 2023|main.py|INFO] EPOCH [52/120] Test NME: 0.06921
[Mon Apr 24 18:16:22 2023|main.py|INFO] EPOCH [52/120] Learning rate: 0.00000
[Mon Apr 24 18:17:01 2023|main.py|INFO] EPOCH [53/120] Train NME: 0.08028
[Mon Apr 24 18:17:06 2023|main.py|INFO] EPOCH [53/120] Test NME: 0.06835
[Mon Apr 24 18:17:06 2023|main.py|INFO] EPOCH [53/120] Learning rate: 0.00000
[Mon Apr 24 18:17:46 2023|main.py|INFO] EPOCH [54/120] Train NME: 0.07959
[Mon Apr 24 18:17:51 2023|main.py|INFO] EPOCH [54/120] Test NME: 0.06894
[Mon Apr 24 18:17:51 2023|main.py|INFO] EPOCH [54/120] Learning rate: 0.00000
[Mon Apr 24 18:18:31 2023|main.py|INFO] EPOCH [55/120] Train NME: 0.08049
[Mon Apr 24 18:18:36 2023|main.py|INFO] EPOCH [55/120] Test NME: 0.06822
[Mon Apr 24 18:18:36 2023|main.py|INFO] EPOCH [55/120] Learning rate: 0.00000
[Mon Apr 24 18:19:16 2023|main.py|INFO] EPOCH [56/120] Train NME: 0.07960
[Mon Apr 24 18:19:21 2023|main.py|INFO] EPOCH [56/120] Test NME: 0.06813
[Mon Apr 24 18:19:21 2023|main.py|INFO] EPOCH [56/120] Learning rate: 0.00000
[Mon Apr 24 18:20:00 2023|main.py|INFO] EPOCH [57/120] Train NME: 0.08039
[Mon Apr 24 18:20:06 2023|main.py|INFO] EPOCH [57/120] Test NME: 0.06815
[Mon Apr 24 18:20:06 2023|main.py|INFO] EPOCH [57/120] Learning rate: 0.00000
[Mon Apr 24 18:20:45 2023|main.py|INFO] EPOCH [58/120] Train NME: 0.07952
[Mon Apr 24 18:20:52 2023|main.py|INFO] EPOCH [58/120] Test NME: 0.06933
[Mon Apr 24 18:20:52 2023|main.py|INFO] EPOCH [58/120] Learning rate: 0.00000
[Mon Apr 24 18:21:31 2023|main.py|INFO] EPOCH [59/120] Train NME: 0.08048
[Mon Apr 24 18:21:36 2023|main.py|INFO] EPOCH [59/120] Test NME: 0.06869
[Mon Apr 24 18:21:36 2023|main.py|INFO] EPOCH [59/120] Learning rate: 0.00000
[Mon Apr 24 18:22:16 2023|main.py|INFO] EPOCH [60/120] Train NME: 0.07978
[Mon Apr 24 18:22:21 2023|main.py|INFO] EPOCH [60/120] Test NME: 0.07077
[Mon Apr 24 18:22:21 2023|main.py|INFO] EPOCH [60/120] Learning rate: 0.00000
[Mon Apr 24 18:23:00 2023|main.py|INFO] EPOCH [61/120] Train NME: 0.08053
[Mon Apr 24 18:23:05 2023|main.py|INFO] EPOCH [61/120] Test NME: 0.06860
[Mon Apr 24 18:23:05 2023|main.py|INFO] EPOCH [61/120] Learning rate: 0.00000
[Mon Apr 24 18:23:45 2023|main.py|INFO] EPOCH [62/120] Train NME: 0.07992
[Mon Apr 24 18:23:50 2023|main.py|INFO] EPOCH [62/120] Test NME: 0.06836
[Mon Apr 24 18:23:50 2023|main.py|INFO] EPOCH [62/120] Learning rate: 0.00000
[Mon Apr 24 18:24:31 2023|main.py|INFO] EPOCH [63/120] Train NME: 0.08015
[Mon Apr 24 18:24:36 2023|main.py|INFO] EPOCH [63/120] Test NME: 0.07112
[Mon Apr 24 18:24:36 2023|main.py|INFO] EPOCH [63/120] Learning rate: 0.00000
[Mon Apr 24 18:25:16 2023|main.py|INFO] EPOCH [64/120] Train NME: 0.07942
[Mon Apr 24 18:25:20 2023|main.py|INFO] EPOCH [64/120] Test NME: 0.06858
[Mon Apr 24 18:25:20 2023|main.py|INFO] EPOCH [64/120] Learning rate: 0.00000
[Mon Apr 24 18:26:00 2023|main.py|INFO] EPOCH [65/120] Train NME: 0.07986
[Mon Apr 24 18:26:05 2023|main.py|INFO] EPOCH [65/120] Test NME: 0.07068
[Mon Apr 24 18:26:05 2023|main.py|INFO] EPOCH [65/120] Learning rate: 0.00000
[Mon Apr 24 18:26:45 2023|main.py|INFO] EPOCH [66/120] Train NME: 0.07993
[Mon Apr 24 18:26:50 2023|main.py|INFO] EPOCH [66/120] Test NME: 0.06881
[Mon Apr 24 18:26:50 2023|main.py|INFO] EPOCH [66/120] Learning rate: 0.00000
[Mon Apr 24 18:27:29 2023|main.py|INFO] EPOCH [67/120] Train NME: 0.07989
[Mon Apr 24 18:27:34 2023|main.py|INFO] EPOCH [67/120] Test NME: 0.06913
[Mon Apr 24 18:27:34 2023|main.py|INFO] EPOCH [67/120] Learning rate: 0.00000
[Mon Apr 24 18:28:13 2023|main.py|INFO] EPOCH [68/120] Train NME: 0.08012
[Mon Apr 24 18:28:18 2023|main.py|INFO] EPOCH [68/120] Test NME: 0.07114
[Mon Apr 24 18:28:18 2023|main.py|INFO] EPOCH [68/120] Learning rate: 0.00000
[Mon Apr 24 18:28:57 2023|main.py|INFO] EPOCH [69/120] Train NME: 0.08133
[Mon Apr 24 18:29:02 2023|main.py|INFO] EPOCH [69/120] Test NME: 0.06834
[Mon Apr 24 18:29:02 2023|main.py|INFO] EPOCH [69/120] Learning rate: 0.00000
[Mon Apr 24 18:29:42 2023|main.py|INFO] EPOCH [70/120] Train NME: 0.07958
[Mon Apr 24 18:29:47 2023|main.py|INFO] EPOCH [70/120] Test NME: 0.06859
[Mon Apr 24 18:29:47 2023|main.py|INFO] EPOCH [70/120] Learning rate: 0.00000
[Mon Apr 24 18:30:26 2023|main.py|INFO] EPOCH [71/120] Train NME: 0.07974
[Mon Apr 24 18:30:31 2023|main.py|INFO] EPOCH [71/120] Test NME: 0.06969
[Mon Apr 24 18:30:31 2023|main.py|INFO] EPOCH [71/120] Learning rate: 0.00000
[Mon Apr 24 18:31:10 2023|main.py|INFO] EPOCH [72/120] Train NME: 0.08008
[Mon Apr 24 18:31:15 2023|main.py|INFO] EPOCH [72/120] Test NME: 0.06837
[Mon Apr 24 18:31:15 2023|main.py|INFO] EPOCH [72/120] Learning rate: 0.00000
[Mon Apr 24 18:31:55 2023|main.py|INFO] EPOCH [73/120] Train NME: 0.07965
[Mon Apr 24 18:32:01 2023|main.py|INFO] EPOCH [73/120] Test NME: 0.06913
[Mon Apr 24 18:32:01 2023|main.py|INFO] EPOCH [73/120] Learning rate: 0.00000
[Mon Apr 24 18:32:39 2023|main.py|INFO] EPOCH [74/120] Train NME: 0.08019
[Mon Apr 24 18:32:44 2023|main.py|INFO] EPOCH [74/120] Test NME: 0.07084
[Mon Apr 24 18:32:44 2023|main.py|INFO] EPOCH [74/120] Learning rate: 0.00000
[Mon Apr 24 18:33:24 2023|main.py|INFO] EPOCH [75/120] Train NME: 0.07993
[Mon Apr 24 18:33:29 2023|main.py|INFO] EPOCH [75/120] Test NME: 0.07000
[Mon Apr 24 18:33:29 2023|main.py|INFO] EPOCH [75/120] Learning rate: 0.00000
[Mon Apr 24 18:34:08 2023|main.py|INFO] EPOCH [76/120] Train NME: 0.08112
[Mon Apr 24 18:34:13 2023|main.py|INFO] EPOCH [76/120] Test NME: 0.07085
[Mon Apr 24 18:34:13 2023|main.py|INFO] EPOCH [76/120] Learning rate: 0.00000
[Mon Apr 24 18:34:52 2023|main.py|INFO] EPOCH [77/120] Train NME: 0.07980
[Mon Apr 24 18:34:57 2023|main.py|INFO] EPOCH [77/120] Test NME: 0.06971
[Mon Apr 24 18:34:57 2023|main.py|INFO] EPOCH [77/120] Learning rate: 0.00000
[Mon Apr 24 18:35:36 2023|main.py|INFO] EPOCH [78/120] Train NME: 0.08026
[Mon Apr 24 18:35:41 2023|main.py|INFO] EPOCH [78/120] Test NME: 0.06922
[Mon Apr 24 18:35:41 2023|main.py|INFO] EPOCH [78/120] Learning rate: 0.00000
[Mon Apr 24 18:36:20 2023|main.py|INFO] EPOCH [79/120] Train NME: 0.08005
[Mon Apr 24 18:36:25 2023|main.py|INFO] EPOCH [79/120] Test NME: 0.07010
[Mon Apr 24 18:36:25 2023|main.py|INFO] EPOCH [79/120] Learning rate: 0.00000
[Mon Apr 24 18:37:04 2023|main.py|INFO] EPOCH [80/120] Train NME: 0.07991
[Mon Apr 24 18:37:09 2023|main.py|INFO] EPOCH [80/120] Test NME: 0.07163
[Mon Apr 24 18:37:09 2023|main.py|INFO] EPOCH [80/120] Learning rate: 0.00000
[Mon Apr 24 18:37:48 2023|main.py|INFO] EPOCH [81/120] Train NME: 0.08010
[Mon Apr 24 18:37:54 2023|main.py|INFO] EPOCH [81/120] Test NME: 0.07129
[Mon Apr 24 18:37:54 2023|main.py|INFO] EPOCH [81/120] Learning rate: 0.00000
[Mon Apr 24 18:38:32 2023|main.py|INFO] EPOCH [82/120] Train NME: 0.08008
[Mon Apr 24 18:38:37 2023|main.py|INFO] EPOCH [82/120] Test NME: 0.07070
[Mon Apr 24 18:38:37 2023|main.py|INFO] EPOCH [82/120] Learning rate: 0.00000
[Mon Apr 24 18:39:16 2023|main.py|INFO] EPOCH [83/120] Train NME: 0.08003
[Mon Apr 24 18:39:21 2023|main.py|INFO] EPOCH [83/120] Test NME: 0.07051
[Mon Apr 24 18:39:21 2023|main.py|INFO] EPOCH [83/120] Learning rate: 0.00000
[Mon Apr 24 18:40:00 2023|main.py|INFO] EPOCH [84/120] Train NME: 0.07941
[Mon Apr 24 18:40:05 2023|main.py|INFO] EPOCH [84/120] Test NME: 0.06950
[Mon Apr 24 18:40:05 2023|main.py|INFO] EPOCH [84/120] Learning rate: 0.00000
[Mon Apr 24 18:40:44 2023|main.py|INFO] EPOCH [85/120] Train NME: 0.07977
[Mon Apr 24 18:40:49 2023|main.py|INFO] EPOCH [85/120] Test NME: 0.06933
[Mon Apr 24 18:40:49 2023|main.py|INFO] EPOCH [85/120] Learning rate: 0.00000
[Mon Apr 24 18:41:28 2023|main.py|INFO] EPOCH [86/120] Train NME: 0.07981
[Mon Apr 24 18:41:33 2023|main.py|INFO] EPOCH [86/120] Test NME: 0.07024
[Mon Apr 24 18:41:33 2023|main.py|INFO] EPOCH [86/120] Learning rate: 0.00000
[Mon Apr 24 18:42:12 2023|main.py|INFO] EPOCH [87/120] Train NME: 0.08056
[Mon Apr 24 18:42:17 2023|main.py|INFO] EPOCH [87/120] Test NME: 0.07126
[Mon Apr 24 18:42:17 2023|main.py|INFO] EPOCH [87/120] Learning rate: 0.00000
[Mon Apr 24 18:42:58 2023|main.py|INFO] EPOCH [88/120] Train NME: 0.08012
[Mon Apr 24 18:43:03 2023|main.py|INFO] EPOCH [88/120] Test NME: 0.06861
[Mon Apr 24 18:43:03 2023|main.py|INFO] EPOCH [88/120] Learning rate: 0.00000
[Mon Apr 24 18:43:42 2023|main.py|INFO] EPOCH [89/120] Train NME: 0.08019
[Mon Apr 24 18:43:47 2023|main.py|INFO] EPOCH [89/120] Test NME: 0.06821
[Mon Apr 24 18:43:47 2023|main.py|INFO] EPOCH [89/120] Learning rate: 0.00000
[Mon Apr 24 18:44:26 2023|main.py|INFO] EPOCH [90/120] Train NME: 0.07999
[Mon Apr 24 18:44:31 2023|main.py|INFO] EPOCH [90/120] Test NME: 0.06807
[Mon Apr 24 18:44:31 2023|main.py|INFO] EPOCH [90/120] Learning rate: 0.00000
[Mon Apr 24 18:45:10 2023|main.py|INFO] EPOCH [91/120] Train NME: 0.08027
[Mon Apr 24 18:45:15 2023|main.py|INFO] EPOCH [91/120] Test NME: 0.06890
[Mon Apr 24 18:45:15 2023|main.py|INFO] EPOCH [91/120] Learning rate: 0.00000
[Mon Apr 24 18:45:54 2023|main.py|INFO] EPOCH [92/120] Train NME: 0.07913
[Mon Apr 24 18:45:59 2023|main.py|INFO] EPOCH [92/120] Test NME: 0.06921
[Mon Apr 24 18:45:59 2023|main.py|INFO] EPOCH [92/120] Learning rate: 0.00000
[Mon Apr 24 18:46:38 2023|main.py|INFO] EPOCH [93/120] Train NME: 0.08044
[Mon Apr 24 18:46:43 2023|main.py|INFO] EPOCH [93/120] Test NME: 0.07018
[Mon Apr 24 18:46:43 2023|main.py|INFO] EPOCH [93/120] Learning rate: 0.00000
[Mon Apr 24 18:47:22 2023|main.py|INFO] EPOCH [94/120] Train NME: 0.07922
[Mon Apr 24 18:47:27 2023|main.py|INFO] EPOCH [94/120] Test NME: 0.07013
[Mon Apr 24 18:47:27 2023|main.py|INFO] EPOCH [94/120] Learning rate: 0.00000
[Mon Apr 24 18:48:06 2023|main.py|INFO] EPOCH [95/120] Train NME: 0.07974
[Mon Apr 24 18:48:11 2023|main.py|INFO] EPOCH [95/120] Test NME: 0.07040
[Mon Apr 24 18:48:11 2023|main.py|INFO] EPOCH [95/120] Learning rate: 0.00000
[Mon Apr 24 18:48:50 2023|main.py|INFO] EPOCH [96/120] Train NME: 0.07961
[Mon Apr 24 18:48:55 2023|main.py|INFO] EPOCH [96/120] Test NME: 0.06790
[Mon Apr 24 18:48:55 2023|main.py|INFO] EPOCH [96/120] Learning rate: 0.00000
[Mon Apr 24 18:49:34 2023|main.py|INFO] EPOCH [97/120] Train NME: 0.07945
[Mon Apr 24 18:49:40 2023|main.py|INFO] EPOCH [97/120] Test NME: 0.06824
[Mon Apr 24 18:49:40 2023|main.py|INFO] EPOCH [97/120] Learning rate: 0.00000
[Mon Apr 24 18:50:19 2023|main.py|INFO] EPOCH [98/120] Train NME: 0.07996
[Mon Apr 24 18:50:24 2023|main.py|INFO] EPOCH [98/120] Test NME: 0.06819
[Mon Apr 24 18:50:24 2023|main.py|INFO] EPOCH [98/120] Learning rate: 0.00000
[Mon Apr 24 18:51:02 2023|main.py|INFO] EPOCH [99/120] Train NME: 0.07975
[Mon Apr 24 18:51:07 2023|main.py|INFO] EPOCH [99/120] Test NME: 0.07002
[Mon Apr 24 18:51:07 2023|main.py|INFO] EPOCH [99/120] Learning rate: 0.00000
[Mon Apr 24 18:51:46 2023|main.py|INFO] EPOCH [100/120] Train NME: 0.08067
[Mon Apr 24 18:51:51 2023|main.py|INFO] EPOCH [100/120] Test NME: 0.07120
[Mon Apr 24 18:51:51 2023|main.py|INFO] EPOCH [100/120] Learning rate: 0.00000
[Mon Apr 24 18:52:30 2023|main.py|INFO] EPOCH [101/120] Train NME: 0.08022
[Mon Apr 24 18:52:35 2023|main.py|INFO] EPOCH [101/120] Test NME: 0.06818
[Mon Apr 24 18:52:35 2023|main.py|INFO] EPOCH [101/120] Learning rate: 0.00000
[Mon Apr 24 18:53:15 2023|main.py|INFO] EPOCH [102/120] Train NME: 0.07954
[Mon Apr 24 18:53:20 2023|main.py|INFO] EPOCH [102/120] Test NME: 0.06956
[Mon Apr 24 18:53:20 2023|main.py|INFO] EPOCH [102/120] Learning rate: 0.00000
[Mon Apr 24 18:53:59 2023|main.py|INFO] EPOCH [103/120] Train NME: 0.08041
[Mon Apr 24 18:54:03 2023|main.py|INFO] EPOCH [103/120] Test NME: 0.07000
[Mon Apr 24 18:54:03 2023|main.py|INFO] EPOCH [103/120] Learning rate: 0.00000
[Mon Apr 24 18:54:42 2023|main.py|INFO] EPOCH [104/120] Train NME: 0.07995
[Mon Apr 24 18:54:47 2023|main.py|INFO] EPOCH [104/120] Test NME: 0.06838
[Mon Apr 24 18:54:47 2023|main.py|INFO] EPOCH [104/120] Learning rate: 0.00000
[Mon Apr 24 18:55:26 2023|main.py|INFO] EPOCH [105/120] Train NME: 0.07980
[Mon Apr 24 18:55:31 2023|main.py|INFO] EPOCH [105/120] Test NME: 0.06791
[Mon Apr 24 18:55:31 2023|main.py|INFO] EPOCH [105/120] Learning rate: 0.00000
[Mon Apr 24 18:56:10 2023|main.py|INFO] EPOCH [106/120] Train NME: 0.07954
[Mon Apr 24 18:56:15 2023|main.py|INFO] EPOCH [106/120] Test NME: 0.07018
[Mon Apr 24 18:56:15 2023|main.py|INFO] EPOCH [106/120] Learning rate: 0.00000
[Mon Apr 24 18:56:53 2023|main.py|INFO] EPOCH [107/120] Train NME: 0.08033
[Mon Apr 24 18:56:58 2023|main.py|INFO] EPOCH [107/120] Test NME: 0.07169
[Mon Apr 24 18:56:58 2023|main.py|INFO] EPOCH [107/120] Learning rate: 0.00000
[Mon Apr 24 18:57:38 2023|main.py|INFO] EPOCH [108/120] Train NME: 0.07996
[Mon Apr 24 18:57:43 2023|main.py|INFO] EPOCH [108/120] Test NME: 0.06840
[Mon Apr 24 18:57:43 2023|main.py|INFO] EPOCH [108/120] Learning rate: 0.00000
[Mon Apr 24 18:58:22 2023|main.py|INFO] EPOCH [109/120] Train NME: 0.07944
[Mon Apr 24 18:58:27 2023|main.py|INFO] EPOCH [109/120] Test NME: 0.07165
[Mon Apr 24 18:58:27 2023|main.py|INFO] EPOCH [109/120] Learning rate: 0.00000
[Mon Apr 24 18:59:05 2023|main.py|INFO] EPOCH [110/120] Train NME: 0.07984
[Mon Apr 24 18:59:10 2023|main.py|INFO] EPOCH [110/120] Test NME: 0.06954
[Mon Apr 24 18:59:10 2023|main.py|INFO] EPOCH [110/120] Learning rate: 0.00000
[Mon Apr 24 18:59:49 2023|main.py|INFO] EPOCH [111/120] Train NME: 0.08018
[Mon Apr 24 18:59:54 2023|main.py|INFO] EPOCH [111/120] Test NME: 0.06903
[Mon Apr 24 18:59:54 2023|main.py|INFO] EPOCH [111/120] Learning rate: 0.00000
[Mon Apr 24 19:00:33 2023|main.py|INFO] EPOCH [112/120] Train NME: 0.08109
[Mon Apr 24 19:00:38 2023|main.py|INFO] EPOCH [112/120] Test NME: 0.06880
[Mon Apr 24 19:00:38 2023|main.py|INFO] EPOCH [112/120] Learning rate: 0.00000
[Mon Apr 24 19:01:17 2023|main.py|INFO] EPOCH [113/120] Train NME: 0.08029
[Mon Apr 24 19:01:22 2023|main.py|INFO] EPOCH [113/120] Test NME: 0.06942
[Mon Apr 24 19:01:22 2023|main.py|INFO] EPOCH [113/120] Learning rate: 0.00000
[Mon Apr 24 19:02:00 2023|main.py|INFO] EPOCH [114/120] Train NME: 0.07944
[Mon Apr 24 19:02:05 2023|main.py|INFO] EPOCH [114/120] Test NME: 0.06743
[Mon Apr 24 19:02:05 2023|main.py|INFO] EPOCH [114/120] Learning rate: 0.00000
[Mon Apr 24 19:02:05 2023|main.py|INFO] EPOCH [114/120] NME improved from 0.06789 to 0.06743
[Mon Apr 24 19:02:05 2023|main.py|INFO] EPOCH [114/120] Saving model to: checkpoints/Cas_Stage2_noAug_Wing-S1_noAug_MSE-lr0.3_B2/2023-04-24_19-02-05_epoch_114_NME_0.06743.pth.tar
[Mon Apr 24 19:02:45 2023|main.py|INFO] EPOCH [115/120] Train NME: 0.08002
[Mon Apr 24 19:02:50 2023|main.py|INFO] EPOCH [115/120] Test NME: 0.06843
[Mon Apr 24 19:02:50 2023|main.py|INFO] EPOCH [115/120] Learning rate: 0.00000
[Mon Apr 24 19:03:29 2023|main.py|INFO] EPOCH [116/120] Train NME: 0.07947
[Mon Apr 24 19:03:36 2023|main.py|INFO] EPOCH [116/120] Test NME: 0.06843
[Mon Apr 24 19:03:36 2023|main.py|INFO] EPOCH [116/120] Learning rate: 0.00000
[Mon Apr 24 19:04:15 2023|main.py|INFO] EPOCH [117/120] Train NME: 0.07954
[Mon Apr 24 19:04:20 2023|main.py|INFO] EPOCH [117/120] Test NME: 0.06906
[Mon Apr 24 19:04:20 2023|main.py|INFO] EPOCH [117/120] Learning rate: 0.00000
[Mon Apr 24 19:04:59 2023|main.py|INFO] EPOCH [118/120] Train NME: 0.07903
[Mon Apr 24 19:05:04 2023|main.py|INFO] EPOCH [118/120] Test NME: 0.06903
[Mon Apr 24 19:05:04 2023|main.py|INFO] EPOCH [118/120] Learning rate: 0.00000
[Mon Apr 24 19:05:43 2023|main.py|INFO] EPOCH [119/120] Train NME: 0.07906
[Mon Apr 24 19:05:48 2023|main.py|INFO] EPOCH [119/120] Test NME: 0.06799
[Mon Apr 24 19:05:48 2023|main.py|INFO] EPOCH [119/120] Learning rate: 0.00000
[Mon Apr 24 19:06:27 2023|main.py|INFO] EPOCH [120/120] Train NME: 0.08031
[Mon Apr 24 19:06:32 2023|main.py|INFO] EPOCH [120/120] Test NME: 0.06840
[Mon Apr 24 19:06:32 2023|main.py|INFO] EPOCH [120/120] Learning rate: 0.00000
