[Sat Apr 22 15:29:42 2023|main.py|INFO] Task: Cas_Stage2_noAug_MSE-S1_noAug_MSE-lr0.5g0.9_B2
[Sat Apr 22 15:29:42 2023|main.py|INFO] Training cascade stage 2
[Sat Apr 22 15:29:42 2023|main.py|INFO] Stage 1 model: resnet18
[Sat Apr 22 15:29:42 2023|main.py|INFO] Stage 1 model path: checkpoints/Cas_Stage1_noAug_MSE/Cas_Stage1_noAug_MSE_lr0.5_B2/2023-04-20_18-11-00_epoch_68_NME_0.03373.pth.tar
[Sat Apr 22 15:29:42 2023|main.py|INFO] Using device: cuda
[Sat Apr 22 15:29:42 2023|main.py|INFO] Using config: config\Cas_Stage2_noAug_MSE-S1_noAug_MSE\Cas_Stage2_noAug_MSE-S1_noAug_MSE-lr0.5g0.9_B2.yaml
[Sat Apr 22 15:29:42 2023|main.py|INFO] Train path: data/training_images_full_train.npz
[Sat Apr 22 15:29:42 2023|main.py|INFO] Test path: data/training_images_full_test.npz
[Sat Apr 22 15:29:42 2023|main.py|INFO] Train augment: False
[Sat Apr 22 15:29:42 2023|main.py|INFO] Learning rate: 0.5
[Sat Apr 22 15:29:42 2023|main.py|INFO] Batch size: 2
[Sat Apr 22 15:29:42 2023|main.py|INFO] Num epochs: 120
[Sat Apr 22 15:29:42 2023|main.py|INFO] Save model: True
[Sat Apr 22 15:29:42 2023|main.py|INFO] Loss: MSE
[Sat Apr 22 15:29:42 2023|main.py|INFO] Log path: logs/Cas_Stage2_noAug_MSE-S1_noAug_MSE-lr0.5g0.9_B2/2023-04-22_15-29-42.log
[Sat Apr 22 15:29:42 2023|main.py|INFO] Writer path: runs/Cas_Stage2_noAug_MSE-S1_noAug_MSE-lr0.5g0.9_B2/2023-04-22_15-29-42
[Sat Apr 22 15:29:42 2023|main.py|INFO] Model name: resnet50
[Sat Apr 22 15:29:42 2023|main.py|INFO] Num outputs: 88
[Sat Apr 22 15:29:42 2023|main.py|INFO] Pretrained: True
[Sat Apr 22 15:29:42 2023|main.py|INFO] Load model: False
[Sat Apr 22 15:29:42 2023|main.py|INFO] Load path: None
[Sat Apr 22 15:29:42 2023|main.py|INFO] Loading data...
[Sat Apr 22 15:29:42 2023|main.py|INFO] Load stage 1 model
