[Thu Apr 20 23:29:54 2023|main.py|INFO] Task: raw_CNN_Aug_Wing_lr0.3_B4
[Thu Apr 20 23:29:54 2023|main.py|INFO] Using device: cuda
[Thu Apr 20 23:29:54 2023|main.py|INFO] Using config: config\raw_CNN_Aug_Wing\raw_CNN_Aug_Wing_lr0.3_B4.yaml
[Thu Apr 20 23:29:54 2023|main.py|INFO] Train path: data/training_images_full_train.npz
[Thu Apr 20 23:29:54 2023|main.py|INFO] Test path: data/training_images_full_test.npz
[Thu Apr 20 23:29:54 2023|main.py|INFO] Train augment: True
[Thu Apr 20 23:29:54 2023|main.py|INFO] Learning rate: 0.3
[Thu Apr 20 23:29:54 2023|main.py|INFO] Batch size: 4
[Thu Apr 20 23:29:54 2023|main.py|INFO] Num epochs: 100
[Thu Apr 20 23:29:54 2023|main.py|INFO] Save model: True
[Thu Apr 20 23:29:54 2023|main.py|INFO] Loss: Wing
[Thu Apr 20 23:29:54 2023|main.py|INFO] Log path: logs/raw_CNN_Aug_Wing_lr0.3_B4/2023-04-20_23-29-54.log
[Thu Apr 20 23:29:54 2023|main.py|INFO] Writer path: runs/raw_CNN_Aug_Wing_lr0.3_B4/2023-04-20_23-29-54
[Thu Apr 20 23:29:54 2023|main.py|INFO] Model name: resnet18
[Thu Apr 20 23:29:54 2023|main.py|INFO] Num outputs: 88
[Thu Apr 20 23:29:54 2023|main.py|INFO] Pretrained: True
[Thu Apr 20 23:29:54 2023|main.py|INFO] Load model: False
[Thu Apr 20 23:29:54 2023|main.py|INFO] Load path: None
[Thu Apr 20 23:29:54 2023|main.py|INFO] Loading data...
[Thu Apr 20 23:29:54 2023|main.py|INFO] Load dataset for raw_CNN_Aug_Wing_lr0.3_B4
[Thu Apr 20 23:29:57 2023|main.py|INFO] Initializing network resnet18 with 88 outputs...
[Thu Apr 20 23:29:58 2023|main.py|INFO] Network: ResNet(
  (conv1): Conv2d(3, 64, kernel_size=(7, 7), stride=(2, 2), padding=(3, 3), bias=False)
  (bn1): BatchNorm2d(64, eps=1e-05, momentum=0.1, affine=True, track_running_stats=True)
  (relu): ReLU(inplace=True)
  (maxpool): MaxPool2d(kernel_size=3, stride=2, padding=1, dilation=1, ceil_mode=False)
  (layer1): Sequential(
    (0): BasicBlock(
      (conv1): Conv2d(64, 64, kernel_size=(3, 3), stride=(1, 1), padding=(1, 1), bias=False)
      (bn1): BatchNorm2d(64, eps=1e-05, momentum=0.1, affine=True, track_running_stats=True)
      (relu): ReLU(inplace=True)
      (conv2): Conv2d(64, 64, kernel_size=(3, 3), stride=(1, 1), padding=(1, 1), bias=False)
      (bn2): BatchNorm2d(64, eps=1e-05, momentum=0.1, affine=True, track_running_stats=True)
    )
    (1): BasicBlock(
      (conv1): Conv2d(64, 64, kernel_size=(3, 3), stride=(1, 1), padding=(1, 1), bias=False)
      (bn1): BatchNorm2d(64, eps=1e-05, momentum=0.1, affine=True, track_running_stats=True)
      (relu): ReLU(inplace=True)
      (conv2): Conv2d(64, 64, kernel_size=(3, 3), stride=(1, 1), padding=(1, 1), bias=False)
      (bn2): BatchNorm2d(64, eps=1e-05, momentum=0.1, affine=True, track_running_stats=True)
    )
  )
  (layer2): Sequential(
    (0): BasicBlock(
      (conv1): Conv2d(64, 128, kernel_size=(3, 3), stride=(2, 2), padding=(1, 1), bias=False)
      (bn1): BatchNorm2d(128, eps=1e-05, momentum=0.1, affine=True, track_running_stats=True)
      (relu): ReLU(inplace=True)
      (conv2): Conv2d(128, 128, kernel_size=(3, 3), stride=(1, 1), padding=(1, 1), bias=False)
      (bn2): BatchNorm2d(128, eps=1e-05, momentum=0.1, affine=True, track_running_stats=True)
      (downsample): Sequential(
        (0): Conv2d(64, 128, kernel_size=(1, 1), stride=(2, 2), bias=False)
        (1): BatchNorm2d(128, eps=1e-05, momentum=0.1, affine=True, track_running_stats=True)
      )
    )
    (1): BasicBlock(
      (conv1): Conv2d(128, 128, kernel_size=(3, 3), stride=(1, 1), padding=(1, 1), bias=False)
      (bn1): BatchNorm2d(128, eps=1e-05, momentum=0.1, affine=True, track_running_stats=True)
      (relu): ReLU(inplace=True)
      (conv2): Conv2d(128, 128, kernel_size=(3, 3), stride=(1, 1), padding=(1, 1), bias=False)
      (bn2): BatchNorm2d(128, eps=1e-05, momentum=0.1, affine=True, track_running_stats=True)
    )
  )
  (layer3): Sequential(
    (0): BasicBlock(
      (conv1): Conv2d(128, 256, kernel_size=(3, 3), stride=(2, 2), padding=(1, 1), bias=False)
      (bn1): BatchNorm2d(256, eps=1e-05, momentum=0.1, affine=True, track_running_stats=True)
      (relu): ReLU(inplace=True)
      (conv2): Conv2d(256, 256, kernel_size=(3, 3), stride=(1, 1), padding=(1, 1), bias=False)
      (bn2): BatchNorm2d(256, eps=1e-05, momentum=0.1, affine=True, track_running_stats=True)
      (downsample): Sequential(
        (0): Conv2d(128, 256, kernel_size=(1, 1), stride=(2, 2), bias=False)
        (1): BatchNorm2d(256, eps=1e-05, momentum=0.1, affine=True, track_running_stats=True)
      )
    )
    (1): BasicBlock(
      (conv1): Conv2d(256, 256, kernel_size=(3, 3), stride=(1, 1), padding=(1, 1), bias=False)
      (bn1): BatchNorm2d(256, eps=1e-05, momentum=0.1, affine=True, track_running_stats=True)
      (relu): ReLU(inplace=True)
      (conv2): Conv2d(256, 256, kernel_size=(3, 3), stride=(1, 1), padding=(1, 1), bias=False)
      (bn2): BatchNorm2d(256, eps=1e-05, momentum=0.1, affine=True, track_running_stats=True)
    )
  )
  (layer4): Sequential(
    (0): BasicBlock(
      (conv1): Conv2d(256, 512, kernel_size=(3, 3), stride=(2, 2), padding=(1, 1), bias=False)
      (bn1): BatchNorm2d(512, eps=1e-05, momentum=0.1, affine=True, track_running_stats=True)
      (relu): ReLU(inplace=True)
      (conv2): Conv2d(512, 512, kernel_size=(3, 3), stride=(1, 1), padding=(1, 1), bias=False)
      (bn2): BatchNorm2d(512, eps=1e-05, momentum=0.1, affine=True, track_running_stats=True)
      (downsample): Sequential(
        (0): Conv2d(256, 512, kernel_size=(1, 1), stride=(2, 2), bias=False)
        (1): BatchNorm2d(512, eps=1e-05, momentum=0.1, affine=True, track_running_stats=True)
      )
    )
    (1): BasicBlock(
      (conv1): Conv2d(512, 512, kernel_size=(3, 3), stride=(1, 1), padding=(1, 1), bias=False)
      (bn1): BatchNorm2d(512, eps=1e-05, momentum=0.1, affine=True, track_running_stats=True)
      (relu): ReLU(inplace=True)
      (conv2): Conv2d(512, 512, kernel_size=(3, 3), stride=(1, 1), padding=(1, 1), bias=False)
      (bn2): BatchNorm2d(512, eps=1e-05, momentum=0.1, affine=True, track_running_stats=True)
    )
  )
  (avgpool): AdaptiveAvgPool2d(output_size=(1, 1))
  (fc): Linear(in_features=512, out_features=88, bias=True)
)
[Thu Apr 20 23:29:58 2023|main.py|INFO] Initializing loss and optimizer...
[Thu Apr 20 23:29:58 2023|main.py|INFO] Loss: Wing
[Thu Apr 20 23:29:58 2023|main.py|INFO] Optimizer: Adam
[Thu Apr 20 23:29:58 2023|main.py|INFO] Initializing tensorboard writer at: runs/raw_CNN_Aug_Wing_lr0.3_B4/2023-04-20_23-29-54
[Thu Apr 20 23:29:58 2023|main.py|INFO] Training network...
[Thu Apr 20 23:41:18 2023|main.py|INFO] EPOCH [1/100] Train NME: 0.31804
[Thu Apr 20 23:41:19 2023|main.py|INFO] EPOCH [1/100] Test NME: 0.21478
[Thu Apr 20 23:41:19 2023|main.py|INFO] EPOCH [1/100] Learning rate: 0.30000
[Thu Apr 20 23:41:19 2023|main.py|INFO] EPOCH [1/100] NME improved from 1000.00000 to 0.21478
[Thu Apr 20 23:41:19 2023|main.py|INFO] EPOCH [1/100] Saving model to: checkpoints/raw_CNN_Aug_Wing_lr0.3_B4/2023-04-20_23-41-19_epoch_1_NME_0.21478.pth.tar
[Thu Apr 20 23:50:19 2023|main.py|INFO] EPOCH [2/100] Train NME: 0.21273
[Thu Apr 20 23:50:21 2023|main.py|INFO] EPOCH [2/100] Test NME: 0.17828
[Thu Apr 20 23:50:21 2023|main.py|INFO] EPOCH [2/100] Learning rate: 0.24000
[Thu Apr 20 23:50:21 2023|main.py|INFO] EPOCH [2/100] NME improved from 0.21478 to 0.17828
[Thu Apr 20 23:50:21 2023|main.py|INFO] EPOCH [2/100] Saving model to: checkpoints/raw_CNN_Aug_Wing_lr0.3_B4/2023-04-20_23-50-21_epoch_2_NME_0.17828.pth.tar
[Fri Apr 21 00:02:56 2023|main.py|INFO] EPOCH [3/100] Train NME: 0.19544
[Fri Apr 21 00:02:58 2023|main.py|INFO] EPOCH [3/100] Test NME: 0.16614
[Fri Apr 21 00:02:58 2023|main.py|INFO] EPOCH [3/100] Learning rate: 0.19200
[Fri Apr 21 00:02:58 2023|main.py|INFO] EPOCH [3/100] NME improved from 0.17828 to 0.16614
[Fri Apr 21 00:02:58 2023|main.py|INFO] EPOCH [3/100] Saving model to: checkpoints/raw_CNN_Aug_Wing_lr0.3_B4/2023-04-21_00-02-58_epoch_3_NME_0.16614.pth.tar
[Fri Apr 21 00:15:45 2023|main.py|INFO] EPOCH [4/100] Train NME: 0.17569
[Fri Apr 21 00:15:47 2023|main.py|INFO] EPOCH [4/100] Test NME: 0.16682
[Fri Apr 21 00:15:47 2023|main.py|INFO] EPOCH [4/100] Learning rate: 0.15360
[Fri Apr 21 00:29:00 2023|main.py|INFO] EPOCH [5/100] Train NME: 0.16886
[Fri Apr 21 00:29:02 2023|main.py|INFO] EPOCH [5/100] Test NME: 0.15338
[Fri Apr 21 00:29:02 2023|main.py|INFO] EPOCH [5/100] Learning rate: 0.12288
[Fri Apr 21 00:29:02 2023|main.py|INFO] EPOCH [5/100] NME improved from 0.16614 to 0.15338
[Fri Apr 21 00:29:02 2023|main.py|INFO] EPOCH [5/100] Saving model to: checkpoints/raw_CNN_Aug_Wing_lr0.3_B4/2023-04-21_00-29-02_epoch_5_NME_0.15338.pth.tar
[Fri Apr 21 00:42:40 2023|main.py|INFO] EPOCH [6/100] Train NME: 0.16246
[Fri Apr 21 00:42:44 2023|main.py|INFO] EPOCH [6/100] Test NME: 0.15522
[Fri Apr 21 00:42:44 2023|main.py|INFO] EPOCH [6/100] Learning rate: 0.09830
[Fri Apr 21 00:56:29 2023|main.py|INFO] EPOCH [7/100] Train NME: 0.15967
[Fri Apr 21 00:56:31 2023|main.py|INFO] EPOCH [7/100] Test NME: 0.16911
[Fri Apr 21 00:56:31 2023|main.py|INFO] EPOCH [7/100] Learning rate: 0.07864
[Fri Apr 21 01:10:32 2023|main.py|INFO] EPOCH [8/100] Train NME: 0.15306
[Fri Apr 21 01:10:33 2023|main.py|INFO] EPOCH [8/100] Test NME: 0.15349
[Fri Apr 21 01:10:33 2023|main.py|INFO] EPOCH [8/100] Learning rate: 0.06291
[Fri Apr 21 01:24:13 2023|main.py|INFO] EPOCH [9/100] Train NME: 0.14995
[Fri Apr 21 01:24:14 2023|main.py|INFO] EPOCH [9/100] Test NME: 0.14913
[Fri Apr 21 01:24:14 2023|main.py|INFO] EPOCH [9/100] Learning rate: 0.05033
[Fri Apr 21 01:24:14 2023|main.py|INFO] EPOCH [9/100] NME improved from 0.15338 to 0.14913
[Fri Apr 21 01:24:14 2023|main.py|INFO] EPOCH [9/100] Saving model to: checkpoints/raw_CNN_Aug_Wing_lr0.3_B4/2023-04-21_01-24-14_epoch_9_NME_0.14913.pth.tar
[Fri Apr 21 01:38:10 2023|main.py|INFO] EPOCH [10/100] Train NME: 0.14776
[Fri Apr 21 01:38:12 2023|main.py|INFO] EPOCH [10/100] Test NME: 0.14676
[Fri Apr 21 01:38:12 2023|main.py|INFO] EPOCH [10/100] Learning rate: 0.04027
[Fri Apr 21 01:38:12 2023|main.py|INFO] EPOCH [10/100] NME improved from 0.14913 to 0.14676
[Fri Apr 21 01:38:12 2023|main.py|INFO] EPOCH [10/100] Saving model to: checkpoints/raw_CNN_Aug_Wing_lr0.3_B4/2023-04-21_01-38-12_epoch_10_NME_0.14676.pth.tar
[Fri Apr 21 01:51:05 2023|main.py|INFO] EPOCH [11/100] Train NME: 0.14671
[Fri Apr 21 01:51:07 2023|main.py|INFO] EPOCH [11/100] Test NME: 0.15046
[Fri Apr 21 01:51:07 2023|main.py|INFO] EPOCH [11/100] Learning rate: 0.03221
[Fri Apr 21 01:58:33 2023|main.py|INFO] EPOCH [12/100] Train NME: 0.14511
[Fri Apr 21 01:58:34 2023|main.py|INFO] EPOCH [12/100] Test NME: 0.15502
[Fri Apr 21 01:58:34 2023|main.py|INFO] EPOCH [12/100] Learning rate: 0.02577
[Fri Apr 21 02:06:05 2023|main.py|INFO] EPOCH [13/100] Train NME: 0.14356
[Fri Apr 21 02:06:06 2023|main.py|INFO] EPOCH [13/100] Test NME: 0.15069
[Fri Apr 21 02:06:06 2023|main.py|INFO] EPOCH [13/100] Learning rate: 0.02062
[Fri Apr 21 02:15:44 2023|main.py|INFO] EPOCH [14/100] Train NME: 0.14199
[Fri Apr 21 02:15:46 2023|main.py|INFO] EPOCH [14/100] Test NME: 0.15249
[Fri Apr 21 02:15:46 2023|main.py|INFO] EPOCH [14/100] Learning rate: 0.01649
[Fri Apr 21 02:29:16 2023|main.py|INFO] EPOCH [15/100] Train NME: 0.14165
[Fri Apr 21 02:29:19 2023|main.py|INFO] EPOCH [15/100] Test NME: 0.15473
[Fri Apr 21 02:29:19 2023|main.py|INFO] EPOCH [15/100] Learning rate: 0.01319
[Fri Apr 21 02:42:33 2023|main.py|INFO] EPOCH [16/100] Train NME: 0.14062
[Fri Apr 21 02:42:35 2023|main.py|INFO] EPOCH [16/100] Test NME: 0.15597
[Fri Apr 21 02:42:35 2023|main.py|INFO] EPOCH [16/100] Learning rate: 0.01056
[Fri Apr 21 02:55:37 2023|main.py|INFO] EPOCH [17/100] Train NME: 0.14121
[Fri Apr 21 02:55:40 2023|main.py|INFO] EPOCH [17/100] Test NME: 0.15004
[Fri Apr 21 02:55:40 2023|main.py|INFO] EPOCH [17/100] Learning rate: 0.00844
[Fri Apr 21 03:08:44 2023|main.py|INFO] EPOCH [18/100] Train NME: 0.13979
[Fri Apr 21 03:08:47 2023|main.py|INFO] EPOCH [18/100] Test NME: 0.15264
[Fri Apr 21 03:08:47 2023|main.py|INFO] EPOCH [18/100] Learning rate: 0.00676
[Fri Apr 21 03:21:46 2023|main.py|INFO] EPOCH [19/100] Train NME: 0.13922
[Fri Apr 21 03:21:49 2023|main.py|INFO] EPOCH [19/100] Test NME: 0.15250
[Fri Apr 21 03:21:49 2023|main.py|INFO] EPOCH [19/100] Learning rate: 0.00540
[Fri Apr 21 03:34:58 2023|main.py|INFO] EPOCH [20/100] Train NME: 0.13994
[Fri Apr 21 03:35:00 2023|main.py|INFO] EPOCH [20/100] Test NME: 0.15240
[Fri Apr 21 03:35:00 2023|main.py|INFO] EPOCH [20/100] Learning rate: 0.00432
[Fri Apr 21 03:46:48 2023|main.py|INFO] EPOCH [21/100] Train NME: 0.13932
[Fri Apr 21 03:46:49 2023|main.py|INFO] EPOCH [21/100] Test NME: 0.15184
[Fri Apr 21 03:46:49 2023|main.py|INFO] EPOCH [21/100] Learning rate: 0.00346
[Fri Apr 21 03:53:57 2023|main.py|INFO] EPOCH [22/100] Train NME: 0.13866
[Fri Apr 21 03:53:58 2023|main.py|INFO] EPOCH [22/100] Test NME: 0.14898
[Fri Apr 21 03:53:58 2023|main.py|INFO] EPOCH [22/100] Learning rate: 0.00277
[Fri Apr 21 04:00:42 2023|main.py|INFO] EPOCH [23/100] Train NME: 0.13917
[Fri Apr 21 04:00:44 2023|main.py|INFO] EPOCH [23/100] Test NME: 0.14854
[Fri Apr 21 04:00:44 2023|main.py|INFO] EPOCH [23/100] Learning rate: 0.00221
[Fri Apr 21 04:08:04 2023|main.py|INFO] EPOCH [24/100] Train NME: 0.13843
[Fri Apr 21 04:08:05 2023|main.py|INFO] EPOCH [24/100] Test NME: 0.15035
[Fri Apr 21 04:08:05 2023|main.py|INFO] EPOCH [24/100] Learning rate: 0.00177
[Fri Apr 21 04:15:13 2023|main.py|INFO] EPOCH [25/100] Train NME: 0.13862
[Fri Apr 21 04:15:14 2023|main.py|INFO] EPOCH [25/100] Test NME: 0.15131
[Fri Apr 21 04:15:14 2023|main.py|INFO] EPOCH [25/100] Learning rate: 0.00142
[Fri Apr 21 04:22:21 2023|main.py|INFO] EPOCH [26/100] Train NME: 0.13904
[Fri Apr 21 04:22:22 2023|main.py|INFO] EPOCH [26/100] Test NME: 0.15135
[Fri Apr 21 04:22:22 2023|main.py|INFO] EPOCH [26/100] Learning rate: 0.00113
[Fri Apr 21 04:29:21 2023|main.py|INFO] EPOCH [27/100] Train NME: 0.13820
[Fri Apr 21 04:29:22 2023|main.py|INFO] EPOCH [27/100] Test NME: 0.15159
[Fri Apr 21 04:29:22 2023|main.py|INFO] EPOCH [27/100] Learning rate: 0.00091
[Fri Apr 21 04:36:45 2023|main.py|INFO] EPOCH [28/100] Train NME: 0.13885
[Fri Apr 21 04:36:46 2023|main.py|INFO] EPOCH [28/100] Test NME: 0.14965
[Fri Apr 21 04:36:46 2023|main.py|INFO] EPOCH [28/100] Learning rate: 0.00073
[Fri Apr 21 04:44:08 2023|main.py|INFO] EPOCH [29/100] Train NME: 0.13837
[Fri Apr 21 04:44:09 2023|main.py|INFO] EPOCH [29/100] Test NME: 0.15121
[Fri Apr 21 04:44:09 2023|main.py|INFO] EPOCH [29/100] Learning rate: 0.00058
[Fri Apr 21 04:51:34 2023|main.py|INFO] EPOCH [30/100] Train NME: 0.13787
[Fri Apr 21 04:51:35 2023|main.py|INFO] EPOCH [30/100] Test NME: 0.15328
[Fri Apr 21 04:51:35 2023|main.py|INFO] EPOCH [30/100] Learning rate: 0.00046
[Fri Apr 21 04:58:27 2023|main.py|INFO] EPOCH [31/100] Train NME: 0.13814
[Fri Apr 21 04:58:28 2023|main.py|INFO] EPOCH [31/100] Test NME: 0.15336
[Fri Apr 21 04:58:28 2023|main.py|INFO] EPOCH [31/100] Learning rate: 0.00037
[Fri Apr 21 05:05:27 2023|main.py|INFO] EPOCH [32/100] Train NME: 0.13776
[Fri Apr 21 05:05:28 2023|main.py|INFO] EPOCH [32/100] Test NME: 0.15488
[Fri Apr 21 05:05:28 2023|main.py|INFO] EPOCH [32/100] Learning rate: 0.00030
[Fri Apr 21 05:12:14 2023|main.py|INFO] EPOCH [33/100] Train NME: 0.13803
[Fri Apr 21 05:12:15 2023|main.py|INFO] EPOCH [33/100] Test NME: 0.15194
[Fri Apr 21 05:12:15 2023|main.py|INFO] EPOCH [33/100] Learning rate: 0.00024
[Fri Apr 21 05:19:19 2023|main.py|INFO] EPOCH [34/100] Train NME: 0.13854
[Fri Apr 21 05:19:20 2023|main.py|INFO] EPOCH [34/100] Test NME: 0.14745
[Fri Apr 21 05:19:20 2023|main.py|INFO] EPOCH [34/100] Learning rate: 0.00019
[Fri Apr 21 05:25:57 2023|main.py|INFO] EPOCH [35/100] Train NME: 0.13762
[Fri Apr 21 05:25:58 2023|main.py|INFO] EPOCH [35/100] Test NME: 0.15158
[Fri Apr 21 05:25:58 2023|main.py|INFO] EPOCH [35/100] Learning rate: 0.00015
[Fri Apr 21 05:33:03 2023|main.py|INFO] EPOCH [36/100] Train NME: 0.13785
[Fri Apr 21 05:33:04 2023|main.py|INFO] EPOCH [36/100] Test NME: 0.15045
[Fri Apr 21 05:33:04 2023|main.py|INFO] EPOCH [36/100] Learning rate: 0.00012
[Fri Apr 21 05:39:56 2023|main.py|INFO] EPOCH [37/100] Train NME: 0.13838
[Fri Apr 21 05:39:57 2023|main.py|INFO] EPOCH [37/100] Test NME: 0.15179
[Fri Apr 21 05:39:57 2023|main.py|INFO] EPOCH [37/100] Learning rate: 0.00010
[Fri Apr 21 05:47:02 2023|main.py|INFO] EPOCH [38/100] Train NME: 0.13792
[Fri Apr 21 05:47:03 2023|main.py|INFO] EPOCH [38/100] Test NME: 0.15246
[Fri Apr 21 05:47:03 2023|main.py|INFO] EPOCH [38/100] Learning rate: 0.00008
[Fri Apr 21 05:54:14 2023|main.py|INFO] EPOCH [39/100] Train NME: 0.13790
[Fri Apr 21 05:54:15 2023|main.py|INFO] EPOCH [39/100] Test NME: 0.14875
[Fri Apr 21 05:54:15 2023|main.py|INFO] EPOCH [39/100] Learning rate: 0.00006
[Fri Apr 21 06:01:40 2023|main.py|INFO] EPOCH [40/100] Train NME: 0.13815
[Fri Apr 21 06:01:41 2023|main.py|INFO] EPOCH [40/100] Test NME: 0.15165
[Fri Apr 21 06:01:41 2023|main.py|INFO] EPOCH [40/100] Learning rate: 0.00005
[Fri Apr 21 06:08:38 2023|main.py|INFO] EPOCH [41/100] Train NME: 0.13804
[Fri Apr 21 06:08:39 2023|main.py|INFO] EPOCH [41/100] Test NME: 0.15134
[Fri Apr 21 06:08:39 2023|main.py|INFO] EPOCH [41/100] Learning rate: 0.00004
[Fri Apr 21 06:15:37 2023|main.py|INFO] EPOCH [42/100] Train NME: 0.13774
[Fri Apr 21 06:15:38 2023|main.py|INFO] EPOCH [42/100] Test NME: 0.15245
[Fri Apr 21 06:15:38 2023|main.py|INFO] EPOCH [42/100] Learning rate: 0.00003
[Fri Apr 21 06:22:39 2023|main.py|INFO] EPOCH [43/100] Train NME: 0.13836
[Fri Apr 21 06:22:40 2023|main.py|INFO] EPOCH [43/100] Test NME: 0.15330
[Fri Apr 21 06:22:40 2023|main.py|INFO] EPOCH [43/100] Learning rate: 0.00003
[Fri Apr 21 06:29:29 2023|main.py|INFO] EPOCH [44/100] Train NME: 0.13810
[Fri Apr 21 06:29:30 2023|main.py|INFO] EPOCH [44/100] Test NME: 0.15053
[Fri Apr 21 06:29:30 2023|main.py|INFO] EPOCH [44/100] Learning rate: 0.00002
[Fri Apr 21 06:36:35 2023|main.py|INFO] EPOCH [45/100] Train NME: 0.13782
[Fri Apr 21 06:36:36 2023|main.py|INFO] EPOCH [45/100] Test NME: 0.15167
[Fri Apr 21 06:36:36 2023|main.py|INFO] EPOCH [45/100] Learning rate: 0.00002
[Fri Apr 21 06:43:58 2023|main.py|INFO] EPOCH [46/100] Train NME: 0.13800
[Fri Apr 21 06:43:59 2023|main.py|INFO] EPOCH [46/100] Test NME: 0.15181
[Fri Apr 21 06:43:59 2023|main.py|INFO] EPOCH [46/100] Learning rate: 0.00001
[Fri Apr 21 06:50:36 2023|main.py|INFO] EPOCH [47/100] Train NME: 0.13845
[Fri Apr 21 06:50:37 2023|main.py|INFO] EPOCH [47/100] Test NME: 0.14835
[Fri Apr 21 06:50:37 2023|main.py|INFO] EPOCH [47/100] Learning rate: 0.00001
[Fri Apr 21 06:58:07 2023|main.py|INFO] EPOCH [48/100] Train NME: 0.13823
[Fri Apr 21 06:58:08 2023|main.py|INFO] EPOCH [48/100] Test NME: 0.14918
[Fri Apr 21 06:58:08 2023|main.py|INFO] EPOCH [48/100] Learning rate: 0.00001
[Fri Apr 21 07:04:56 2023|main.py|INFO] EPOCH [49/100] Train NME: 0.13868
[Fri Apr 21 07:04:57 2023|main.py|INFO] EPOCH [49/100] Test NME: 0.15246
[Fri Apr 21 07:04:57 2023|main.py|INFO] EPOCH [49/100] Learning rate: 0.00001
[Fri Apr 21 07:12:12 2023|main.py|INFO] EPOCH [50/100] Train NME: 0.13752
[Fri Apr 21 07:12:13 2023|main.py|INFO] EPOCH [50/100] Test NME: 0.15197
[Fri Apr 21 07:12:13 2023|main.py|INFO] EPOCH [50/100] Learning rate: 0.00001
[Fri Apr 21 07:19:13 2023|main.py|INFO] EPOCH [51/100] Train NME: 0.13814
[Fri Apr 21 07:19:14 2023|main.py|INFO] EPOCH [51/100] Test NME: 0.15157
[Fri Apr 21 07:19:14 2023|main.py|INFO] EPOCH [51/100] Learning rate: 0.00000
[Fri Apr 21 07:25:46 2023|main.py|INFO] EPOCH [52/100] Train NME: 0.13751
[Fri Apr 21 07:25:47 2023|main.py|INFO] EPOCH [52/100] Test NME: 0.15039
[Fri Apr 21 07:25:47 2023|main.py|INFO] EPOCH [52/100] Learning rate: 0.00000
[Fri Apr 21 07:32:39 2023|main.py|INFO] EPOCH [53/100] Train NME: 0.13805
[Fri Apr 21 07:32:40 2023|main.py|INFO] EPOCH [53/100] Test NME: 0.14969
[Fri Apr 21 07:32:40 2023|main.py|INFO] EPOCH [53/100] Learning rate: 0.00000
[Fri Apr 21 07:39:01 2023|main.py|INFO] EPOCH [54/100] Train NME: 0.13763
[Fri Apr 21 07:39:02 2023|main.py|INFO] EPOCH [54/100] Test NME: 0.14773
[Fri Apr 21 07:39:02 2023|main.py|INFO] EPOCH [54/100] Learning rate: 0.00000
[Fri Apr 21 07:45:45 2023|main.py|INFO] EPOCH [55/100] Train NME: 0.13795
[Fri Apr 21 07:45:45 2023|main.py|INFO] EPOCH [55/100] Test NME: 0.15379
[Fri Apr 21 07:45:45 2023|main.py|INFO] EPOCH [55/100] Learning rate: 0.00000
[Fri Apr 21 07:52:39 2023|main.py|INFO] EPOCH [56/100] Train NME: 0.13803
[Fri Apr 21 07:52:41 2023|main.py|INFO] EPOCH [56/100] Test NME: 0.15070
[Fri Apr 21 07:52:41 2023|main.py|INFO] EPOCH [56/100] Learning rate: 0.00000
[Fri Apr 21 07:59:40 2023|main.py|INFO] EPOCH [57/100] Train NME: 0.13772
[Fri Apr 21 07:59:41 2023|main.py|INFO] EPOCH [57/100] Test NME: 0.15012
[Fri Apr 21 07:59:41 2023|main.py|INFO] EPOCH [57/100] Learning rate: 0.00000
[Fri Apr 21 08:07:10 2023|main.py|INFO] EPOCH [58/100] Train NME: 0.13855
[Fri Apr 21 08:07:11 2023|main.py|INFO] EPOCH [58/100] Test NME: 0.15039
[Fri Apr 21 08:07:11 2023|main.py|INFO] EPOCH [58/100] Learning rate: 0.00000
[Fri Apr 21 08:14:24 2023|main.py|INFO] EPOCH [59/100] Train NME: 0.13859
[Fri Apr 21 08:14:25 2023|main.py|INFO] EPOCH [59/100] Test NME: 0.15353
[Fri Apr 21 08:14:25 2023|main.py|INFO] EPOCH [59/100] Learning rate: 0.00000
[Fri Apr 21 08:21:28 2023|main.py|INFO] EPOCH [60/100] Train NME: 0.13743
[Fri Apr 21 08:21:29 2023|main.py|INFO] EPOCH [60/100] Test NME: 0.15257
[Fri Apr 21 08:21:29 2023|main.py|INFO] EPOCH [60/100] Learning rate: 0.00000
[Fri Apr 21 08:28:16 2023|main.py|INFO] EPOCH [61/100] Train NME: 0.13834
[Fri Apr 21 08:28:17 2023|main.py|INFO] EPOCH [61/100] Test NME: 0.15064
[Fri Apr 21 08:28:17 2023|main.py|INFO] EPOCH [61/100] Learning rate: 0.00000
[Fri Apr 21 08:35:41 2023|main.py|INFO] EPOCH [62/100] Train NME: 0.13832
[Fri Apr 21 08:35:42 2023|main.py|INFO] EPOCH [62/100] Test NME: 0.15403
[Fri Apr 21 08:35:42 2023|main.py|INFO] EPOCH [62/100] Learning rate: 0.00000
[Fri Apr 21 08:42:15 2023|main.py|INFO] EPOCH [63/100] Train NME: 0.13820
[Fri Apr 21 08:42:16 2023|main.py|INFO] EPOCH [63/100] Test NME: 0.15490
[Fri Apr 21 08:42:16 2023|main.py|INFO] EPOCH [63/100] Learning rate: 0.00000
[Fri Apr 21 08:47:59 2023|main.py|INFO] EPOCH [64/100] Train NME: 0.13839
[Fri Apr 21 08:48:00 2023|main.py|INFO] EPOCH [64/100] Test NME: 0.15147
[Fri Apr 21 08:48:00 2023|main.py|INFO] EPOCH [64/100] Learning rate: 0.00000
[Fri Apr 21 08:53:52 2023|main.py|INFO] EPOCH [65/100] Train NME: 0.13810
[Fri Apr 21 08:53:53 2023|main.py|INFO] EPOCH [65/100] Test NME: 0.14986
[Fri Apr 21 08:53:53 2023|main.py|INFO] EPOCH [65/100] Learning rate: 0.00000
[Fri Apr 21 08:59:36 2023|main.py|INFO] EPOCH [66/100] Train NME: 0.13802
[Fri Apr 21 08:59:37 2023|main.py|INFO] EPOCH [66/100] Test NME: 0.15057
[Fri Apr 21 08:59:37 2023|main.py|INFO] EPOCH [66/100] Learning rate: 0.00000
[Fri Apr 21 09:05:10 2023|main.py|INFO] EPOCH [67/100] Train NME: 0.13832
[Fri Apr 21 09:05:11 2023|main.py|INFO] EPOCH [67/100] Test NME: 0.15028
[Fri Apr 21 09:05:11 2023|main.py|INFO] EPOCH [67/100] Learning rate: 0.00000
[Fri Apr 21 09:10:53 2023|main.py|INFO] EPOCH [68/100] Train NME: 0.13801
[Fri Apr 21 09:10:54 2023|main.py|INFO] EPOCH [68/100] Test NME: 0.14831
[Fri Apr 21 09:10:54 2023|main.py|INFO] EPOCH [68/100] Learning rate: 0.00000
[Fri Apr 21 09:16:22 2023|main.py|INFO] EPOCH [69/100] Train NME: 0.13783
[Fri Apr 21 09:16:23 2023|main.py|INFO] EPOCH [69/100] Test NME: 0.14934
[Fri Apr 21 09:16:23 2023|main.py|INFO] EPOCH [69/100] Learning rate: 0.00000
[Fri Apr 21 09:21:53 2023|main.py|INFO] EPOCH [70/100] Train NME: 0.13848
[Fri Apr 21 09:21:54 2023|main.py|INFO] EPOCH [70/100] Test NME: 0.14994
[Fri Apr 21 09:21:54 2023|main.py|INFO] EPOCH [70/100] Learning rate: 0.00000
[Fri Apr 21 09:27:45 2023|main.py|INFO] EPOCH [71/100] Train NME: 0.13873
[Fri Apr 21 09:27:46 2023|main.py|INFO] EPOCH [71/100] Test NME: 0.15279
[Fri Apr 21 09:27:46 2023|main.py|INFO] EPOCH [71/100] Learning rate: 0.00000
[Fri Apr 21 09:33:24 2023|main.py|INFO] EPOCH [72/100] Train NME: 0.13850
[Fri Apr 21 09:33:25 2023|main.py|INFO] EPOCH [72/100] Test NME: 0.15194
[Fri Apr 21 09:33:25 2023|main.py|INFO] EPOCH [72/100] Learning rate: 0.00000
[Fri Apr 21 09:39:16 2023|main.py|INFO] EPOCH [73/100] Train NME: 0.13854
[Fri Apr 21 09:39:17 2023|main.py|INFO] EPOCH [73/100] Test NME: 0.15185
[Fri Apr 21 09:39:17 2023|main.py|INFO] EPOCH [73/100] Learning rate: 0.00000
[Fri Apr 21 09:44:50 2023|main.py|INFO] EPOCH [74/100] Train NME: 0.13782
[Fri Apr 21 09:44:51 2023|main.py|INFO] EPOCH [74/100] Test NME: 0.15347
[Fri Apr 21 09:44:51 2023|main.py|INFO] EPOCH [74/100] Learning rate: 0.00000
[Fri Apr 21 09:50:28 2023|main.py|INFO] EPOCH [75/100] Train NME: 0.13778
[Fri Apr 21 09:50:29 2023|main.py|INFO] EPOCH [75/100] Test NME: 0.15093
[Fri Apr 21 09:50:29 2023|main.py|INFO] EPOCH [75/100] Learning rate: 0.00000
[Fri Apr 21 09:56:22 2023|main.py|INFO] EPOCH [76/100] Train NME: 0.13829
[Fri Apr 21 09:56:23 2023|main.py|INFO] EPOCH [76/100] Test NME: 0.15192
[Fri Apr 21 09:56:23 2023|main.py|INFO] EPOCH [76/100] Learning rate: 0.00000
[Fri Apr 21 10:02:02 2023|main.py|INFO] EPOCH [77/100] Train NME: 0.13819
[Fri Apr 21 10:02:03 2023|main.py|INFO] EPOCH [77/100] Test NME: 0.15053
[Fri Apr 21 10:02:03 2023|main.py|INFO] EPOCH [77/100] Learning rate: 0.00000
[Fri Apr 21 10:07:40 2023|main.py|INFO] EPOCH [78/100] Train NME: 0.13832
[Fri Apr 21 10:07:41 2023|main.py|INFO] EPOCH [78/100] Test NME: 0.14999
[Fri Apr 21 10:07:41 2023|main.py|INFO] EPOCH [78/100] Learning rate: 0.00000
[Fri Apr 21 10:13:16 2023|main.py|INFO] EPOCH [79/100] Train NME: 0.13867
[Fri Apr 21 10:13:17 2023|main.py|INFO] EPOCH [79/100] Test NME: 0.15392
[Fri Apr 21 10:13:17 2023|main.py|INFO] EPOCH [79/100] Learning rate: 0.00000
[Fri Apr 21 10:18:48 2023|main.py|INFO] EPOCH [80/100] Train NME: 0.13828
[Fri Apr 21 10:18:49 2023|main.py|INFO] EPOCH [80/100] Test NME: 0.15237
[Fri Apr 21 10:18:49 2023|main.py|INFO] EPOCH [80/100] Learning rate: 0.00000
[Fri Apr 21 10:24:38 2023|main.py|INFO] EPOCH [81/100] Train NME: 0.13850
[Fri Apr 21 10:24:39 2023|main.py|INFO] EPOCH [81/100] Test NME: 0.15079
[Fri Apr 21 10:24:39 2023|main.py|INFO] EPOCH [81/100] Learning rate: 0.00000
[Fri Apr 21 10:30:08 2023|main.py|INFO] EPOCH [82/100] Train NME: 0.13806
[Fri Apr 21 10:30:09 2023|main.py|INFO] EPOCH [82/100] Test NME: 0.15263
[Fri Apr 21 10:30:09 2023|main.py|INFO] EPOCH [82/100] Learning rate: 0.00000
[Fri Apr 21 10:35:58 2023|main.py|INFO] EPOCH [83/100] Train NME: 0.13800
[Fri Apr 21 10:35:59 2023|main.py|INFO] EPOCH [83/100] Test NME: 0.15242
[Fri Apr 21 10:35:59 2023|main.py|INFO] EPOCH [83/100] Learning rate: 0.00000
[Fri Apr 21 10:41:42 2023|main.py|INFO] EPOCH [84/100] Train NME: 0.13777
[Fri Apr 21 10:41:42 2023|main.py|INFO] EPOCH [84/100] Test NME: 0.15060
[Fri Apr 21 10:41:42 2023|main.py|INFO] EPOCH [84/100] Learning rate: 0.00000
[Fri Apr 21 10:47:17 2023|main.py|INFO] EPOCH [85/100] Train NME: 0.13793
[Fri Apr 21 10:47:18 2023|main.py|INFO] EPOCH [85/100] Test NME: 0.15023
[Fri Apr 21 10:47:18 2023|main.py|INFO] EPOCH [85/100] Learning rate: 0.00000
[Fri Apr 21 10:52:46 2023|main.py|INFO] EPOCH [86/100] Train NME: 0.13796
[Fri Apr 21 10:52:47 2023|main.py|INFO] EPOCH [86/100] Test NME: 0.14881
[Fri Apr 21 10:52:47 2023|main.py|INFO] EPOCH [86/100] Learning rate: 0.00000
[Fri Apr 21 10:58:31 2023|main.py|INFO] EPOCH [87/100] Train NME: 0.13855
[Fri Apr 21 10:58:32 2023|main.py|INFO] EPOCH [87/100] Test NME: 0.15298
[Fri Apr 21 10:58:32 2023|main.py|INFO] EPOCH [87/100] Learning rate: 0.00000
[Fri Apr 21 11:04:06 2023|main.py|INFO] EPOCH [88/100] Train NME: 0.13814
[Fri Apr 21 11:04:07 2023|main.py|INFO] EPOCH [88/100] Test NME: 0.15416
[Fri Apr 21 11:04:07 2023|main.py|INFO] EPOCH [88/100] Learning rate: 0.00000
[Fri Apr 21 11:09:35 2023|main.py|INFO] EPOCH [89/100] Train NME: 0.13802
[Fri Apr 21 11:09:36 2023|main.py|INFO] EPOCH [89/100] Test NME: 0.15205
[Fri Apr 21 11:09:36 2023|main.py|INFO] EPOCH [89/100] Learning rate: 0.00000
[Fri Apr 21 11:15:07 2023|main.py|INFO] EPOCH [90/100] Train NME: 0.13780
[Fri Apr 21 11:15:07 2023|main.py|INFO] EPOCH [90/100] Test NME: 0.15144
[Fri Apr 21 11:15:07 2023|main.py|INFO] EPOCH [90/100] Learning rate: 0.00000
[Fri Apr 21 11:21:01 2023|main.py|INFO] EPOCH [91/100] Train NME: 0.13787
[Fri Apr 21 11:21:02 2023|main.py|INFO] EPOCH [91/100] Test NME: 0.15343
[Fri Apr 21 11:21:02 2023|main.py|INFO] EPOCH [91/100] Learning rate: 0.00000
[Fri Apr 21 11:26:45 2023|main.py|INFO] EPOCH [92/100] Train NME: 0.13825
[Fri Apr 21 11:26:46 2023|main.py|INFO] EPOCH [92/100] Test NME: 0.14896
[Fri Apr 21 11:26:46 2023|main.py|INFO] EPOCH [92/100] Learning rate: 0.00000
[Fri Apr 21 11:32:18 2023|main.py|INFO] EPOCH [93/100] Train NME: 0.13782
[Fri Apr 21 11:32:19 2023|main.py|INFO] EPOCH [93/100] Test NME: 0.15040
[Fri Apr 21 11:32:19 2023|main.py|INFO] EPOCH [93/100] Learning rate: 0.00000
[Fri Apr 21 11:38:01 2023|main.py|INFO] EPOCH [94/100] Train NME: 0.13847
[Fri Apr 21 11:38:02 2023|main.py|INFO] EPOCH [94/100] Test NME: 0.15255
[Fri Apr 21 11:38:02 2023|main.py|INFO] EPOCH [94/100] Learning rate: 0.00000
[Fri Apr 21 11:43:35 2023|main.py|INFO] EPOCH [95/100] Train NME: 0.13778
[Fri Apr 21 11:43:36 2023|main.py|INFO] EPOCH [95/100] Test NME: 0.15087
[Fri Apr 21 11:43:36 2023|main.py|INFO] EPOCH [95/100] Learning rate: 0.00000
[Fri Apr 21 11:49:11 2023|main.py|INFO] EPOCH [96/100] Train NME: 0.13825
[Fri Apr 21 11:49:12 2023|main.py|INFO] EPOCH [96/100] Test NME: 0.14911
[Fri Apr 21 11:49:12 2023|main.py|INFO] EPOCH [96/100] Learning rate: 0.00000
[Fri Apr 21 11:54:51 2023|main.py|INFO] EPOCH [97/100] Train NME: 0.13795
[Fri Apr 21 11:54:51 2023|main.py|INFO] EPOCH [97/100] Test NME: 0.15208
[Fri Apr 21 11:54:51 2023|main.py|INFO] EPOCH [97/100] Learning rate: 0.00000
[Fri Apr 21 12:00:42 2023|main.py|INFO] EPOCH [98/100] Train NME: 0.13859
[Fri Apr 21 12:00:43 2023|main.py|INFO] EPOCH [98/100] Test NME: 0.15019
[Fri Apr 21 12:00:43 2023|main.py|INFO] EPOCH [98/100] Learning rate: 0.00000
[Fri Apr 21 12:05:57 2023|main.py|INFO] EPOCH [99/100] Train NME: 0.13763
[Fri Apr 21 12:05:58 2023|main.py|INFO] EPOCH [99/100] Test NME: 0.15007
[Fri Apr 21 12:05:58 2023|main.py|INFO] EPOCH [99/100] Learning rate: 0.00000
[Fri Apr 21 12:11:27 2023|main.py|INFO] EPOCH [100/100] Train NME: 0.13809
[Fri Apr 21 12:11:28 2023|main.py|INFO] EPOCH [100/100] Test NME: 0.15210
[Fri Apr 21 12:11:28 2023|main.py|INFO] EPOCH [100/100] Learning rate: 0.00000
