[Mon Apr 24 12:08:11 2023|main.py|INFO] Task: Cas_Stage2_noAug_Wing-S1_noAug_MSE-lr0.3_B16
[Mon Apr 24 12:08:11 2023|main.py|INFO] Training cascade stage 2
[Mon Apr 24 12:08:11 2023|main.py|INFO] Stage 1 model: resnet18
[Mon Apr 24 12:08:11 2023|main.py|INFO] Stage 1 model path: checkpoints/Cas_Stage1_noAug_MSE/Cas_Stage1_noAug_MSE_lr0.5_B2/2023-04-20_18-11-00_epoch_68_NME_0.03373.pth.tar
[Mon Apr 24 12:08:11 2023|main.py|INFO] Using device: cuda
[Mon Apr 24 12:08:11 2023|main.py|INFO] Using config: config\Cas_Stage2_noAug_Wing-S1_noAug_MSE\Cas_Stage2_noAug_Wing-S1_noAug_MSE-lr0.3_B16.yaml
[Mon Apr 24 12:08:11 2023|main.py|INFO] Train path: data/training_images_full_train.npz
[Mon Apr 24 12:08:11 2023|main.py|INFO] Test path: data/training_images_full_test.npz
[Mon Apr 24 12:08:11 2023|main.py|INFO] Train augment: False
[Mon Apr 24 12:08:11 2023|main.py|INFO] Learning rate: 0.3
[Mon Apr 24 12:08:11 2023|main.py|INFO] Batch size: 16
[Mon Apr 24 12:08:11 2023|main.py|INFO] Num epochs: 120
[Mon Apr 24 12:08:11 2023|main.py|INFO] Save model: True
[Mon Apr 24 12:08:11 2023|main.py|INFO] Loss: Wing
[Mon Apr 24 12:08:11 2023|main.py|INFO] Log path: logs/Cas_Stage2_noAug_Wing-S1_noAug_MSE-lr0.3_B16/2023-04-24_12-08-11.log
[Mon Apr 24 12:08:11 2023|main.py|INFO] Writer path: runs/Cas_Stage2_noAug_Wing-S1_noAug_MSE-lr0.3_B16/2023-04-24_12-08-11
[Mon Apr 24 12:08:11 2023|main.py|INFO] Model name: resnet50
[Mon Apr 24 12:08:11 2023|main.py|INFO] Num outputs: 88
[Mon Apr 24 12:08:11 2023|main.py|INFO] Pretrained: True
[Mon Apr 24 12:08:11 2023|main.py|INFO] Load model: False
[Mon Apr 24 12:08:11 2023|main.py|INFO] Load path: None
[Mon Apr 24 12:08:11 2023|main.py|INFO] Loading data...
[Mon Apr 24 12:08:11 2023|main.py|INFO] Load stage 1 model
[Mon Apr 24 12:08:15 2023|main.py|INFO] Load dataset for cascade stage 2
[Mon Apr 24 12:08:16 2023|main.py|INFO] Initializing network resnet50 with 88 outputs...
[Mon Apr 24 12:08:17 2023|main.py|INFO] Network: ResNet(
  (conv1): Conv2d(3, 64, kernel_size=(7, 7), stride=(2, 2), padding=(3, 3), bias=False)
  (bn1): BatchNorm2d(64, eps=1e-05, momentum=0.1, affine=True, track_running_stats=True)
  (relu): ReLU(inplace=True)
  (maxpool): MaxPool2d(kernel_size=3, stride=2, padding=1, dilation=1, ceil_mode=False)
  (layer1): Sequential(
    (0): BottleNeck(
      (conv1): Conv2d(64, 64, kernel_size=(1, 1), stride=(1, 1), bias=False)
      (bn1): BatchNorm2d(64, eps=1e-05, momentum=0.1, affine=True, track_running_stats=True)
      (relu): ReLU(inplace=True)
      (conv2): Conv2d(64, 64, kernel_size=(3, 3), stride=(1, 1), padding=(1, 1), bias=False)
      (bn2): BatchNorm2d(64, eps=1e-05, momentum=0.1, affine=True, track_running_stats=True)
      (conv3): Conv2d(64, 256, kernel_size=(1, 1), stride=(1, 1), bias=False)
      (bn3): BatchNorm2d(256, eps=1e-05, momentum=0.1, affine=True, track_running_stats=True)
      (downsample): Sequential(
        (0): Conv2d(64, 256, kernel_size=(1, 1), stride=(1, 1), bias=False)
        (1): BatchNorm2d(256, eps=1e-05, momentum=0.1, affine=True, track_running_stats=True)
      )
    )
    (1): BottleNeck(
      (conv1): Conv2d(256, 64, kernel_size=(1, 1), stride=(1, 1), bias=False)
      (bn1): BatchNorm2d(64, eps=1e-05, momentum=0.1, affine=True, track_running_stats=True)
      (relu): ReLU(inplace=True)
      (conv2): Conv2d(64, 64, kernel_size=(3, 3), stride=(1, 1), padding=(1, 1), bias=False)
      (bn2): BatchNorm2d(64, eps=1e-05, momentum=0.1, affine=True, track_running_stats=True)
      (conv3): Conv2d(64, 256, kernel_size=(1, 1), stride=(1, 1), bias=False)
      (bn3): BatchNorm2d(256, eps=1e-05, momentum=0.1, affine=True, track_running_stats=True)
    )
    (2): BottleNeck(
      (conv1): Conv2d(256, 64, kernel_size=(1, 1), stride=(1, 1), bias=False)
      (bn1): BatchNorm2d(64, eps=1e-05, momentum=0.1, affine=True, track_running_stats=True)
      (relu): ReLU(inplace=True)
      (conv2): Conv2d(64, 64, kernel_size=(3, 3), stride=(1, 1), padding=(1, 1), bias=False)
      (bn2): BatchNorm2d(64, eps=1e-05, momentum=0.1, affine=True, track_running_stats=True)
      (conv3): Conv2d(64, 256, kernel_size=(1, 1), stride=(1, 1), bias=False)
      (bn3): BatchNorm2d(256, eps=1e-05, momentum=0.1, affine=True, track_running_stats=True)
    )
  )
  (layer2): Sequential(
    (0): BottleNeck(
      (conv1): Conv2d(256, 128, kernel_size=(1, 1), stride=(1, 1), bias=False)
      (bn1): BatchNorm2d(128, eps=1e-05, momentum=0.1, affine=True, track_running_stats=True)
      (relu): ReLU(inplace=True)
      (conv2): Conv2d(128, 128, kernel_size=(3, 3), stride=(2, 2), padding=(1, 1), bias=False)
      (bn2): BatchNorm2d(128, eps=1e-05, momentum=0.1, affine=True, track_running_stats=True)
      (conv3): Conv2d(128, 512, kernel_size=(1, 1), stride=(1, 1), bias=False)
      (bn3): BatchNorm2d(512, eps=1e-05, momentum=0.1, affine=True, track_running_stats=True)
      (downsample): Sequential(
        (0): Conv2d(256, 512, kernel_size=(1, 1), stride=(2, 2), bias=False)
        (1): BatchNorm2d(512, eps=1e-05, momentum=0.1, affine=True, track_running_stats=True)
      )
    )
    (1): BottleNeck(
      (conv1): Conv2d(512, 128, kernel_size=(1, 1), stride=(1, 1), bias=False)
      (bn1): BatchNorm2d(128, eps=1e-05, momentum=0.1, affine=True, track_running_stats=True)
      (relu): ReLU(inplace=True)
      (conv2): Conv2d(128, 128, kernel_size=(3, 3), stride=(1, 1), padding=(1, 1), bias=False)
      (bn2): BatchNorm2d(128, eps=1e-05, momentum=0.1, affine=True, track_running_stats=True)
      (conv3): Conv2d(128, 512, kernel_size=(1, 1), stride=(1, 1), bias=False)
      (bn3): BatchNorm2d(512, eps=1e-05, momentum=0.1, affine=True, track_running_stats=True)
    )
    (2): BottleNeck(
      (conv1): Conv2d(512, 128, kernel_size=(1, 1), stride=(1, 1), bias=False)
      (bn1): BatchNorm2d(128, eps=1e-05, momentum=0.1, affine=True, track_running_stats=True)
      (relu): ReLU(inplace=True)
      (conv2): Conv2d(128, 128, kernel_size=(3, 3), stride=(1, 1), padding=(1, 1), bias=False)
      (bn2): BatchNorm2d(128, eps=1e-05, momentum=0.1, affine=True, track_running_stats=True)
      (conv3): Conv2d(128, 512, kernel_size=(1, 1), stride=(1, 1), bias=False)
      (bn3): BatchNorm2d(512, eps=1e-05, momentum=0.1, affine=True, track_running_stats=True)
    )
    (3): BottleNeck(
      (conv1): Conv2d(512, 128, kernel_size=(1, 1), stride=(1, 1), bias=False)
      (bn1): BatchNorm2d(128, eps=1e-05, momentum=0.1, affine=True, track_running_stats=True)
      (relu): ReLU(inplace=True)
      (conv2): Conv2d(128, 128, kernel_size=(3, 3), stride=(1, 1), padding=(1, 1), bias=False)
      (bn2): BatchNorm2d(128, eps=1e-05, momentum=0.1, affine=True, track_running_stats=True)
      (conv3): Conv2d(128, 512, kernel_size=(1, 1), stride=(1, 1), bias=False)
      (bn3): BatchNorm2d(512, eps=1e-05, momentum=0.1, affine=True, track_running_stats=True)
    )
  )
  (layer3): Sequential(
    (0): BottleNeck(
      (conv1): Conv2d(512, 256, kernel_size=(1, 1), stride=(1, 1), bias=False)
      (bn1): BatchNorm2d(256, eps=1e-05, momentum=0.1, affine=True, track_running_stats=True)
      (relu): ReLU(inplace=True)
      (conv2): Conv2d(256, 256, kernel_size=(3, 3), stride=(2, 2), padding=(1, 1), bias=False)
      (bn2): BatchNorm2d(256, eps=1e-05, momentum=0.1, affine=True, track_running_stats=True)
      (conv3): Conv2d(256, 1024, kernel_size=(1, 1), stride=(1, 1), bias=False)
      (bn3): BatchNorm2d(1024, eps=1e-05, momentum=0.1, affine=True, track_running_stats=True)
      (downsample): Sequential(
        (0): Conv2d(512, 1024, kernel_size=(1, 1), stride=(2, 2), bias=False)
        (1): BatchNorm2d(1024, eps=1e-05, momentum=0.1, affine=True, track_running_stats=True)
      )
    )
    (1): BottleNeck(
      (conv1): Conv2d(1024, 256, kernel_size=(1, 1), stride=(1, 1), bias=False)
      (bn1): BatchNorm2d(256, eps=1e-05, momentum=0.1, affine=True, track_running_stats=True)
      (relu): ReLU(inplace=True)
      (conv2): Conv2d(256, 256, kernel_size=(3, 3), stride=(1, 1), padding=(1, 1), bias=False)
      (bn2): BatchNorm2d(256, eps=1e-05, momentum=0.1, affine=True, track_running_stats=True)
      (conv3): Conv2d(256, 1024, kernel_size=(1, 1), stride=(1, 1), bias=False)
      (bn3): BatchNorm2d(1024, eps=1e-05, momentum=0.1, affine=True, track_running_stats=True)
    )
    (2): BottleNeck(
      (conv1): Conv2d(1024, 256, kernel_size=(1, 1), stride=(1, 1), bias=False)
      (bn1): BatchNorm2d(256, eps=1e-05, momentum=0.1, affine=True, track_running_stats=True)
      (relu): ReLU(inplace=True)
      (conv2): Conv2d(256, 256, kernel_size=(3, 3), stride=(1, 1), padding=(1, 1), bias=False)
      (bn2): BatchNorm2d(256, eps=1e-05, momentum=0.1, affine=True, track_running_stats=True)
      (conv3): Conv2d(256, 1024, kernel_size=(1, 1), stride=(1, 1), bias=False)
      (bn3): BatchNorm2d(1024, eps=1e-05, momentum=0.1, affine=True, track_running_stats=True)
    )
    (3): BottleNeck(
      (conv1): Conv2d(1024, 256, kernel_size=(1, 1), stride=(1, 1), bias=False)
      (bn1): BatchNorm2d(256, eps=1e-05, momentum=0.1, affine=True, track_running_stats=True)
      (relu): ReLU(inplace=True)
      (conv2): Conv2d(256, 256, kernel_size=(3, 3), stride=(1, 1), padding=(1, 1), bias=False)
      (bn2): BatchNorm2d(256, eps=1e-05, momentum=0.1, affine=True, track_running_stats=True)
      (conv3): Conv2d(256, 1024, kernel_size=(1, 1), stride=(1, 1), bias=False)
      (bn3): BatchNorm2d(1024, eps=1e-05, momentum=0.1, affine=True, track_running_stats=True)
    )
    (4): BottleNeck(
      (conv1): Conv2d(1024, 256, kernel_size=(1, 1), stride=(1, 1), bias=False)
      (bn1): BatchNorm2d(256, eps=1e-05, momentum=0.1, affine=True, track_running_stats=True)
      (relu): ReLU(inplace=True)
      (conv2): Conv2d(256, 256, kernel_size=(3, 3), stride=(1, 1), padding=(1, 1), bias=False)
      (bn2): BatchNorm2d(256, eps=1e-05, momentum=0.1, affine=True, track_running_stats=True)
      (conv3): Conv2d(256, 1024, kernel_size=(1, 1), stride=(1, 1), bias=False)
      (bn3): BatchNorm2d(1024, eps=1e-05, momentum=0.1, affine=True, track_running_stats=True)
    )
    (5): BottleNeck(
      (conv1): Conv2d(1024, 256, kernel_size=(1, 1), stride=(1, 1), bias=False)
      (bn1): BatchNorm2d(256, eps=1e-05, momentum=0.1, affine=True, track_running_stats=True)
      (relu): ReLU(inplace=True)
      (conv2): Conv2d(256, 256, kernel_size=(3, 3), stride=(1, 1), padding=(1, 1), bias=False)
      (bn2): BatchNorm2d(256, eps=1e-05, momentum=0.1, affine=True, track_running_stats=True)
      (conv3): Conv2d(256, 1024, kernel_size=(1, 1), stride=(1, 1), bias=False)
      (bn3): BatchNorm2d(1024, eps=1e-05, momentum=0.1, affine=True, track_running_stats=True)
    )
  )
  (layer4): Sequential(
    (0): BottleNeck(
      (conv1): Conv2d(1024, 512, kernel_size=(1, 1), stride=(1, 1), bias=False)
      (bn1): BatchNorm2d(512, eps=1e-05, momentum=0.1, affine=True, track_running_stats=True)
      (relu): ReLU(inplace=True)
      (conv2): Conv2d(512, 512, kernel_size=(3, 3), stride=(2, 2), padding=(1, 1), bias=False)
      (bn2): BatchNorm2d(512, eps=1e-05, momentum=0.1, affine=True, track_running_stats=True)
      (conv3): Conv2d(512, 2048, kernel_size=(1, 1), stride=(1, 1), bias=False)
      (bn3): BatchNorm2d(2048, eps=1e-05, momentum=0.1, affine=True, track_running_stats=True)
      (downsample): Sequential(
        (0): Conv2d(1024, 2048, kernel_size=(1, 1), stride=(2, 2), bias=False)
        (1): BatchNorm2d(2048, eps=1e-05, momentum=0.1, affine=True, track_running_stats=True)
      )
    )
    (1): BottleNeck(
      (conv1): Conv2d(2048, 512, kernel_size=(1, 1), stride=(1, 1), bias=False)
      (bn1): BatchNorm2d(512, eps=1e-05, momentum=0.1, affine=True, track_running_stats=True)
      (relu): ReLU(inplace=True)
      (conv2): Conv2d(512, 512, kernel_size=(3, 3), stride=(1, 1), padding=(1, 1), bias=False)
      (bn2): BatchNorm2d(512, eps=1e-05, momentum=0.1, affine=True, track_running_stats=True)
      (conv3): Conv2d(512, 2048, kernel_size=(1, 1), stride=(1, 1), bias=False)
      (bn3): BatchNorm2d(2048, eps=1e-05, momentum=0.1, affine=True, track_running_stats=True)
    )
    (2): BottleNeck(
      (conv1): Conv2d(2048, 512, kernel_size=(1, 1), stride=(1, 1), bias=False)
      (bn1): BatchNorm2d(512, eps=1e-05, momentum=0.1, affine=True, track_running_stats=True)
      (relu): ReLU(inplace=True)
      (conv2): Conv2d(512, 512, kernel_size=(3, 3), stride=(1, 1), padding=(1, 1), bias=False)
      (bn2): BatchNorm2d(512, eps=1e-05, momentum=0.1, affine=True, track_running_stats=True)
      (conv3): Conv2d(512, 2048, kernel_size=(1, 1), stride=(1, 1), bias=False)
      (bn3): BatchNorm2d(2048, eps=1e-05, momentum=0.1, affine=True, track_running_stats=True)
    )
  )
  (avgpool): AdaptiveAvgPool2d(output_size=(1, 1))
  (fc): Linear(in_features=2048, out_features=88, bias=True)
)
[Mon Apr 24 12:08:17 2023|main.py|INFO] Initializing loss and optimizer...
[Mon Apr 24 12:08:17 2023|main.py|INFO] Loss: Wing
[Mon Apr 24 12:08:17 2023|main.py|INFO] Optimizer: Adam
[Mon Apr 24 12:08:17 2023|main.py|INFO] Initializing tensorboard writer at: runs/Cas_Stage2_noAug_Wing-S1_noAug_MSE-lr0.3_B16/2023-04-24_12-08-11
[Mon Apr 24 12:08:17 2023|main.py|INFO] Training network...
[Mon Apr 24 12:08:41 2023|main.py|INFO] EPOCH [1/120] Train NME: 1.73291
[Mon Apr 24 12:08:45 2023|main.py|INFO] EPOCH [1/120] Test NME: 0.42753
[Mon Apr 24 12:08:45 2023|main.py|INFO] EPOCH [1/120] Learning rate: 0.30000
[Mon Apr 24 12:08:45 2023|main.py|INFO] EPOCH [1/120] NME improved from 1000.00000 to 0.42753
[Mon Apr 24 12:08:45 2023|main.py|INFO] EPOCH [1/120] Saving model to: checkpoints/Cas_Stage2_noAug_Wing-S1_noAug_MSE-lr0.3_B16/2023-04-24_12-08-45_epoch_1_NME_0.42753.pth.tar
[Mon Apr 24 12:09:06 2023|main.py|INFO] EPOCH [2/120] Train NME: 0.29700
[Mon Apr 24 12:09:09 2023|main.py|INFO] EPOCH [2/120] Test NME: 0.17990
[Mon Apr 24 12:09:09 2023|main.py|INFO] EPOCH [2/120] Learning rate: 0.24000
[Mon Apr 24 12:09:09 2023|main.py|INFO] EPOCH [2/120] NME improved from 0.42753 to 0.17990
[Mon Apr 24 12:09:09 2023|main.py|INFO] EPOCH [2/120] Saving model to: checkpoints/Cas_Stage2_noAug_Wing-S1_noAug_MSE-lr0.3_B16/2023-04-24_12-09-09_epoch_2_NME_0.17990.pth.tar
[Mon Apr 24 12:09:30 2023|main.py|INFO] EPOCH [3/120] Train NME: 0.17710
[Mon Apr 24 12:09:33 2023|main.py|INFO] EPOCH [3/120] Test NME: 0.17996
[Mon Apr 24 12:09:33 2023|main.py|INFO] EPOCH [3/120] Learning rate: 0.19200
[Mon Apr 24 12:09:54 2023|main.py|INFO] EPOCH [4/120] Train NME: 0.14106
[Mon Apr 24 12:09:57 2023|main.py|INFO] EPOCH [4/120] Test NME: 0.13714
[Mon Apr 24 12:09:57 2023|main.py|INFO] EPOCH [4/120] Learning rate: 0.15360
[Mon Apr 24 12:09:57 2023|main.py|INFO] EPOCH [4/120] NME improved from 0.17990 to 0.13714
[Mon Apr 24 12:09:57 2023|main.py|INFO] EPOCH [4/120] Saving model to: checkpoints/Cas_Stage2_noAug_Wing-S1_noAug_MSE-lr0.3_B16/2023-04-24_12-09-57_epoch_4_NME_0.13714.pth.tar
[Mon Apr 24 12:10:18 2023|main.py|INFO] EPOCH [5/120] Train NME: 0.11950
[Mon Apr 24 12:10:22 2023|main.py|INFO] EPOCH [5/120] Test NME: 0.12088
[Mon Apr 24 12:10:22 2023|main.py|INFO] EPOCH [5/120] Learning rate: 0.12288
[Mon Apr 24 12:10:22 2023|main.py|INFO] EPOCH [5/120] NME improved from 0.13714 to 0.12088
[Mon Apr 24 12:10:22 2023|main.py|INFO] EPOCH [5/120] Saving model to: checkpoints/Cas_Stage2_noAug_Wing-S1_noAug_MSE-lr0.3_B16/2023-04-24_12-10-22_epoch_5_NME_0.12088.pth.tar
[Mon Apr 24 12:10:43 2023|main.py|INFO] EPOCH [6/120] Train NME: 0.10924
[Mon Apr 24 12:10:46 2023|main.py|INFO] EPOCH [6/120] Test NME: 0.14459
[Mon Apr 24 12:10:46 2023|main.py|INFO] EPOCH [6/120] Learning rate: 0.09830
[Mon Apr 24 12:11:05 2023|main.py|INFO] EPOCH [7/120] Train NME: 0.09827
[Mon Apr 24 12:11:08 2023|main.py|INFO] EPOCH [7/120] Test NME: 0.15842
[Mon Apr 24 12:11:08 2023|main.py|INFO] EPOCH [7/120] Learning rate: 0.07864
[Mon Apr 24 12:11:28 2023|main.py|INFO] EPOCH [8/120] Train NME: 0.09139
[Mon Apr 24 12:11:31 2023|main.py|INFO] EPOCH [8/120] Test NME: 0.10594
[Mon Apr 24 12:11:31 2023|main.py|INFO] EPOCH [8/120] Learning rate: 0.06291
[Mon Apr 24 12:11:31 2023|main.py|INFO] EPOCH [8/120] NME improved from 0.12088 to 0.10594
[Mon Apr 24 12:11:31 2023|main.py|INFO] EPOCH [8/120] Saving model to: checkpoints/Cas_Stage2_noAug_Wing-S1_noAug_MSE-lr0.3_B16/2023-04-24_12-11-31_epoch_8_NME_0.10594.pth.tar
[Mon Apr 24 12:11:52 2023|main.py|INFO] EPOCH [9/120] Train NME: 0.08752
[Mon Apr 24 12:11:55 2023|main.py|INFO] EPOCH [9/120] Test NME: 0.09028
[Mon Apr 24 12:11:55 2023|main.py|INFO] EPOCH [9/120] Learning rate: 0.05033
[Mon Apr 24 12:11:55 2023|main.py|INFO] EPOCH [9/120] NME improved from 0.10594 to 0.09028
[Mon Apr 24 12:11:55 2023|main.py|INFO] EPOCH [9/120] Saving model to: checkpoints/Cas_Stage2_noAug_Wing-S1_noAug_MSE-lr0.3_B16/2023-04-24_12-11-55_epoch_9_NME_0.09028.pth.tar
[Mon Apr 24 12:12:17 2023|main.py|INFO] EPOCH [10/120] Train NME: 0.08215
[Mon Apr 24 12:12:21 2023|main.py|INFO] EPOCH [10/120] Test NME: 0.08394
[Mon Apr 24 12:12:21 2023|main.py|INFO] EPOCH [10/120] Learning rate: 0.04027
[Mon Apr 24 12:12:21 2023|main.py|INFO] EPOCH [10/120] NME improved from 0.09028 to 0.08394
[Mon Apr 24 12:12:21 2023|main.py|INFO] EPOCH [10/120] Saving model to: checkpoints/Cas_Stage2_noAug_Wing-S1_noAug_MSE-lr0.3_B16/2023-04-24_12-12-21_epoch_10_NME_0.08394.pth.tar
[Mon Apr 24 12:12:43 2023|main.py|INFO] EPOCH [11/120] Train NME: 0.07827
[Mon Apr 24 12:12:47 2023|main.py|INFO] EPOCH [11/120] Test NME: 0.08860
[Mon Apr 24 12:12:47 2023|main.py|INFO] EPOCH [11/120] Learning rate: 0.03221
[Mon Apr 24 12:13:09 2023|main.py|INFO] EPOCH [12/120] Train NME: 0.07631
[Mon Apr 24 12:13:12 2023|main.py|INFO] EPOCH [12/120] Test NME: 0.07677
[Mon Apr 24 12:13:12 2023|main.py|INFO] EPOCH [12/120] Learning rate: 0.02577
[Mon Apr 24 12:13:12 2023|main.py|INFO] EPOCH [12/120] NME improved from 0.08394 to 0.07677
[Mon Apr 24 12:13:12 2023|main.py|INFO] EPOCH [12/120] Saving model to: checkpoints/Cas_Stage2_noAug_Wing-S1_noAug_MSE-lr0.3_B16/2023-04-24_12-13-12_epoch_12_NME_0.07677.pth.tar
[Mon Apr 24 12:13:35 2023|main.py|INFO] EPOCH [13/120] Train NME: 0.07211
[Mon Apr 24 12:13:38 2023|main.py|INFO] EPOCH [13/120] Test NME: 0.09153
[Mon Apr 24 12:13:38 2023|main.py|INFO] EPOCH [13/120] Learning rate: 0.02062
[Mon Apr 24 12:14:00 2023|main.py|INFO] EPOCH [14/120] Train NME: 0.07310
[Mon Apr 24 12:14:04 2023|main.py|INFO] EPOCH [14/120] Test NME: 0.07348
[Mon Apr 24 12:14:04 2023|main.py|INFO] EPOCH [14/120] Learning rate: 0.01649
[Mon Apr 24 12:14:04 2023|main.py|INFO] EPOCH [14/120] NME improved from 0.07677 to 0.07348
[Mon Apr 24 12:14:04 2023|main.py|INFO] EPOCH [14/120] Saving model to: checkpoints/Cas_Stage2_noAug_Wing-S1_noAug_MSE-lr0.3_B16/2023-04-24_12-14-04_epoch_14_NME_0.07348.pth.tar
[Mon Apr 24 12:14:26 2023|main.py|INFO] EPOCH [15/120] Train NME: 0.07067
[Mon Apr 24 12:14:30 2023|main.py|INFO] EPOCH [15/120] Test NME: 0.06882
[Mon Apr 24 12:14:30 2023|main.py|INFO] EPOCH [15/120] Learning rate: 0.01319
[Mon Apr 24 12:14:30 2023|main.py|INFO] EPOCH [15/120] NME improved from 0.07348 to 0.06882
[Mon Apr 24 12:14:30 2023|main.py|INFO] EPOCH [15/120] Saving model to: checkpoints/Cas_Stage2_noAug_Wing-S1_noAug_MSE-lr0.3_B16/2023-04-24_12-14-30_epoch_15_NME_0.06882.pth.tar
[Mon Apr 24 12:14:53 2023|main.py|INFO] EPOCH [16/120] Train NME: 0.06811
[Mon Apr 24 12:14:56 2023|main.py|INFO] EPOCH [16/120] Test NME: 0.06866
[Mon Apr 24 12:14:56 2023|main.py|INFO] EPOCH [16/120] Learning rate: 0.01056
[Mon Apr 24 12:14:56 2023|main.py|INFO] EPOCH [16/120] NME improved from 0.06882 to 0.06866
[Mon Apr 24 12:14:56 2023|main.py|INFO] EPOCH [16/120] Saving model to: checkpoints/Cas_Stage2_noAug_Wing-S1_noAug_MSE-lr0.3_B16/2023-04-24_12-14-56_epoch_16_NME_0.06866.pth.tar
[Mon Apr 24 12:15:19 2023|main.py|INFO] EPOCH [17/120] Train NME: 0.06728
[Mon Apr 24 12:15:23 2023|main.py|INFO] EPOCH [17/120] Test NME: 0.06772
[Mon Apr 24 12:15:23 2023|main.py|INFO] EPOCH [17/120] Learning rate: 0.00844
[Mon Apr 24 12:15:23 2023|main.py|INFO] EPOCH [17/120] NME improved from 0.06866 to 0.06772
[Mon Apr 24 12:15:23 2023|main.py|INFO] EPOCH [17/120] Saving model to: checkpoints/Cas_Stage2_noAug_Wing-S1_noAug_MSE-lr0.3_B16/2023-04-24_12-15-23_epoch_17_NME_0.06772.pth.tar
[Mon Apr 24 12:15:46 2023|main.py|INFO] EPOCH [18/120] Train NME: 0.06547
[Mon Apr 24 12:15:49 2023|main.py|INFO] EPOCH [18/120] Test NME: 0.06675
[Mon Apr 24 12:15:49 2023|main.py|INFO] EPOCH [18/120] Learning rate: 0.00676
[Mon Apr 24 12:15:49 2023|main.py|INFO] EPOCH [18/120] NME improved from 0.06772 to 0.06675
[Mon Apr 24 12:15:49 2023|main.py|INFO] EPOCH [18/120] Saving model to: checkpoints/Cas_Stage2_noAug_Wing-S1_noAug_MSE-lr0.3_B16/2023-04-24_12-15-49_epoch_18_NME_0.06675.pth.tar
[Mon Apr 24 12:16:12 2023|main.py|INFO] EPOCH [19/120] Train NME: 0.06499
[Mon Apr 24 12:16:15 2023|main.py|INFO] EPOCH [19/120] Test NME: 0.06591
[Mon Apr 24 12:16:15 2023|main.py|INFO] EPOCH [19/120] Learning rate: 0.00540
[Mon Apr 24 12:16:15 2023|main.py|INFO] EPOCH [19/120] NME improved from 0.06675 to 0.06591
[Mon Apr 24 12:16:15 2023|main.py|INFO] EPOCH [19/120] Saving model to: checkpoints/Cas_Stage2_noAug_Wing-S1_noAug_MSE-lr0.3_B16/2023-04-24_12-16-15_epoch_19_NME_0.06591.pth.tar
[Mon Apr 24 12:16:37 2023|main.py|INFO] EPOCH [20/120] Train NME: 0.06427
[Mon Apr 24 12:16:41 2023|main.py|INFO] EPOCH [20/120] Test NME: 0.06764
[Mon Apr 24 12:16:41 2023|main.py|INFO] EPOCH [20/120] Learning rate: 0.00432
[Mon Apr 24 12:17:03 2023|main.py|INFO] EPOCH [21/120] Train NME: 0.06426
[Mon Apr 24 12:17:06 2023|main.py|INFO] EPOCH [21/120] Test NME: 0.06520
[Mon Apr 24 12:17:06 2023|main.py|INFO] EPOCH [21/120] Learning rate: 0.00346
[Mon Apr 24 12:17:06 2023|main.py|INFO] EPOCH [21/120] NME improved from 0.06591 to 0.06520
[Mon Apr 24 12:17:06 2023|main.py|INFO] EPOCH [21/120] Saving model to: checkpoints/Cas_Stage2_noAug_Wing-S1_noAug_MSE-lr0.3_B16/2023-04-24_12-17-06_epoch_21_NME_0.06520.pth.tar
[Mon Apr 24 12:17:30 2023|main.py|INFO] EPOCH [22/120] Train NME: 0.06308
[Mon Apr 24 12:17:34 2023|main.py|INFO] EPOCH [22/120] Test NME: 0.06361
[Mon Apr 24 12:17:34 2023|main.py|INFO] EPOCH [22/120] Learning rate: 0.00277
[Mon Apr 24 12:17:34 2023|main.py|INFO] EPOCH [22/120] NME improved from 0.06520 to 0.06361
[Mon Apr 24 12:17:34 2023|main.py|INFO] EPOCH [22/120] Saving model to: checkpoints/Cas_Stage2_noAug_Wing-S1_noAug_MSE-lr0.3_B16/2023-04-24_12-17-34_epoch_22_NME_0.06361.pth.tar
[Mon Apr 24 12:17:57 2023|main.py|INFO] EPOCH [23/120] Train NME: 0.06228
[Mon Apr 24 12:18:01 2023|main.py|INFO] EPOCH [23/120] Test NME: 0.06349
[Mon Apr 24 12:18:01 2023|main.py|INFO] EPOCH [23/120] Learning rate: 0.00221
[Mon Apr 24 12:18:01 2023|main.py|INFO] EPOCH [23/120] NME improved from 0.06361 to 0.06349
[Mon Apr 24 12:18:01 2023|main.py|INFO] EPOCH [23/120] Saving model to: checkpoints/Cas_Stage2_noAug_Wing-S1_noAug_MSE-lr0.3_B16/2023-04-24_12-18-01_epoch_23_NME_0.06349.pth.tar
[Mon Apr 24 12:18:25 2023|main.py|INFO] EPOCH [24/120] Train NME: 0.06171
[Mon Apr 24 12:18:28 2023|main.py|INFO] EPOCH [24/120] Test NME: 0.06382
[Mon Apr 24 12:18:28 2023|main.py|INFO] EPOCH [24/120] Learning rate: 0.00177
[Mon Apr 24 12:18:50 2023|main.py|INFO] EPOCH [25/120] Train NME: 0.06259
[Mon Apr 24 12:18:54 2023|main.py|INFO] EPOCH [25/120] Test NME: 0.06375
[Mon Apr 24 12:18:54 2023|main.py|INFO] EPOCH [25/120] Learning rate: 0.00142
[Mon Apr 24 12:19:16 2023|main.py|INFO] EPOCH [26/120] Train NME: 0.06234
[Mon Apr 24 12:19:20 2023|main.py|INFO] EPOCH [26/120] Test NME: 0.06381
[Mon Apr 24 12:19:20 2023|main.py|INFO] EPOCH [26/120] Learning rate: 0.00113
[Mon Apr 24 12:19:42 2023|main.py|INFO] EPOCH [27/120] Train NME: 0.06154
[Mon Apr 24 12:19:46 2023|main.py|INFO] EPOCH [27/120] Test NME: 0.06308
[Mon Apr 24 12:19:46 2023|main.py|INFO] EPOCH [27/120] Learning rate: 0.00091
[Mon Apr 24 12:19:46 2023|main.py|INFO] EPOCH [27/120] NME improved from 0.06349 to 0.06308
[Mon Apr 24 12:19:46 2023|main.py|INFO] EPOCH [27/120] Saving model to: checkpoints/Cas_Stage2_noAug_Wing-S1_noAug_MSE-lr0.3_B16/2023-04-24_12-19-46_epoch_27_NME_0.06308.pth.tar
[Mon Apr 24 12:20:09 2023|main.py|INFO] EPOCH [28/120] Train NME: 0.06152
[Mon Apr 24 12:20:12 2023|main.py|INFO] EPOCH [28/120] Test NME: 0.06303
[Mon Apr 24 12:20:13 2023|main.py|INFO] EPOCH [28/120] Learning rate: 0.00073
[Mon Apr 24 12:20:13 2023|main.py|INFO] EPOCH [28/120] NME improved from 0.06308 to 0.06303
[Mon Apr 24 12:20:13 2023|main.py|INFO] EPOCH [28/120] Saving model to: checkpoints/Cas_Stage2_noAug_Wing-S1_noAug_MSE-lr0.3_B16/2023-04-24_12-20-13_epoch_28_NME_0.06303.pth.tar
[Mon Apr 24 12:20:35 2023|main.py|INFO] EPOCH [29/120] Train NME: 0.06114
[Mon Apr 24 12:20:39 2023|main.py|INFO] EPOCH [29/120] Test NME: 0.06282
[Mon Apr 24 12:20:39 2023|main.py|INFO] EPOCH [29/120] Learning rate: 0.00058
[Mon Apr 24 12:20:39 2023|main.py|INFO] EPOCH [29/120] NME improved from 0.06303 to 0.06282
[Mon Apr 24 12:20:39 2023|main.py|INFO] EPOCH [29/120] Saving model to: checkpoints/Cas_Stage2_noAug_Wing-S1_noAug_MSE-lr0.3_B16/2023-04-24_12-20-39_epoch_29_NME_0.06282.pth.tar
[Mon Apr 24 12:21:01 2023|main.py|INFO] EPOCH [30/120] Train NME: 0.06122
[Mon Apr 24 12:21:05 2023|main.py|INFO] EPOCH [30/120] Test NME: 0.06310
[Mon Apr 24 12:21:05 2023|main.py|INFO] EPOCH [30/120] Learning rate: 0.00046
[Mon Apr 24 12:21:29 2023|main.py|INFO] EPOCH [31/120] Train NME: 0.06075
[Mon Apr 24 12:21:32 2023|main.py|INFO] EPOCH [31/120] Test NME: 0.06254
[Mon Apr 24 12:21:32 2023|main.py|INFO] EPOCH [31/120] Learning rate: 0.00037
[Mon Apr 24 12:21:32 2023|main.py|INFO] EPOCH [31/120] NME improved from 0.06282 to 0.06254
[Mon Apr 24 12:21:32 2023|main.py|INFO] EPOCH [31/120] Saving model to: checkpoints/Cas_Stage2_noAug_Wing-S1_noAug_MSE-lr0.3_B16/2023-04-24_12-21-32_epoch_31_NME_0.06254.pth.tar
[Mon Apr 24 12:21:55 2023|main.py|INFO] EPOCH [32/120] Train NME: 0.06204
[Mon Apr 24 12:21:59 2023|main.py|INFO] EPOCH [32/120] Test NME: 0.06353
[Mon Apr 24 12:21:59 2023|main.py|INFO] EPOCH [32/120] Learning rate: 0.00030
[Mon Apr 24 12:22:21 2023|main.py|INFO] EPOCH [33/120] Train NME: 0.06118
[Mon Apr 24 12:22:25 2023|main.py|INFO] EPOCH [33/120] Test NME: 0.06274
[Mon Apr 24 12:22:25 2023|main.py|INFO] EPOCH [33/120] Learning rate: 0.00024
[Mon Apr 24 12:22:47 2023|main.py|INFO] EPOCH [34/120] Train NME: 0.06088
[Mon Apr 24 12:22:50 2023|main.py|INFO] EPOCH [34/120] Test NME: 0.06271
[Mon Apr 24 12:22:50 2023|main.py|INFO] EPOCH [34/120] Learning rate: 0.00019
[Mon Apr 24 12:23:12 2023|main.py|INFO] EPOCH [35/120] Train NME: 0.06068
[Mon Apr 24 12:23:16 2023|main.py|INFO] EPOCH [35/120] Test NME: 0.06292
[Mon Apr 24 12:23:16 2023|main.py|INFO] EPOCH [35/120] Learning rate: 0.00015
[Mon Apr 24 12:23:39 2023|main.py|INFO] EPOCH [36/120] Train NME: 0.06056
[Mon Apr 24 12:23:42 2023|main.py|INFO] EPOCH [36/120] Test NME: 0.06260
[Mon Apr 24 12:23:42 2023|main.py|INFO] EPOCH [36/120] Learning rate: 0.00012
[Mon Apr 24 12:24:05 2023|main.py|INFO] EPOCH [37/120] Train NME: 0.06082
[Mon Apr 24 12:24:08 2023|main.py|INFO] EPOCH [37/120] Test NME: 0.06247
[Mon Apr 24 12:24:08 2023|main.py|INFO] EPOCH [37/120] Learning rate: 0.00010
[Mon Apr 24 12:24:08 2023|main.py|INFO] EPOCH [37/120] NME improved from 0.06254 to 0.06247
[Mon Apr 24 12:24:08 2023|main.py|INFO] EPOCH [37/120] Saving model to: checkpoints/Cas_Stage2_noAug_Wing-S1_noAug_MSE-lr0.3_B16/2023-04-24_12-24-08_epoch_37_NME_0.06247.pth.tar
[Mon Apr 24 12:24:31 2023|main.py|INFO] EPOCH [38/120] Train NME: 0.06106
[Mon Apr 24 12:24:34 2023|main.py|INFO] EPOCH [38/120] Test NME: 0.06297
[Mon Apr 24 12:24:34 2023|main.py|INFO] EPOCH [38/120] Learning rate: 0.00008
[Mon Apr 24 12:24:57 2023|main.py|INFO] EPOCH [39/120] Train NME: 0.06065
[Mon Apr 24 12:25:00 2023|main.py|INFO] EPOCH [39/120] Test NME: 0.06254
[Mon Apr 24 12:25:00 2023|main.py|INFO] EPOCH [39/120] Learning rate: 0.00006
[Mon Apr 24 12:25:22 2023|main.py|INFO] EPOCH [40/120] Train NME: 0.06079
[Mon Apr 24 12:25:25 2023|main.py|INFO] EPOCH [40/120] Test NME: 0.06272
[Mon Apr 24 12:25:25 2023|main.py|INFO] EPOCH [40/120] Learning rate: 0.00005
[Mon Apr 24 12:25:47 2023|main.py|INFO] EPOCH [41/120] Train NME: 0.06085
[Mon Apr 24 12:25:51 2023|main.py|INFO] EPOCH [41/120] Test NME: 0.06257
[Mon Apr 24 12:25:51 2023|main.py|INFO] EPOCH [41/120] Learning rate: 0.00004
[Mon Apr 24 12:26:13 2023|main.py|INFO] EPOCH [42/120] Train NME: 0.06025
[Mon Apr 24 12:26:17 2023|main.py|INFO] EPOCH [42/120] Test NME: 0.06260
[Mon Apr 24 12:26:17 2023|main.py|INFO] EPOCH [42/120] Learning rate: 0.00003
[Mon Apr 24 12:26:38 2023|main.py|INFO] EPOCH [43/120] Train NME: 0.06090
[Mon Apr 24 12:26:42 2023|main.py|INFO] EPOCH [43/120] Test NME: 0.06283
[Mon Apr 24 12:26:42 2023|main.py|INFO] EPOCH [43/120] Learning rate: 0.00003
[Mon Apr 24 12:27:04 2023|main.py|INFO] EPOCH [44/120] Train NME: 0.06093
[Mon Apr 24 12:27:08 2023|main.py|INFO] EPOCH [44/120] Test NME: 0.06271
[Mon Apr 24 12:27:08 2023|main.py|INFO] EPOCH [44/120] Learning rate: 0.00002
[Mon Apr 24 12:27:30 2023|main.py|INFO] EPOCH [45/120] Train NME: 0.06042
[Mon Apr 24 12:27:34 2023|main.py|INFO] EPOCH [45/120] Test NME: 0.06260
[Mon Apr 24 12:27:34 2023|main.py|INFO] EPOCH [45/120] Learning rate: 0.00002
[Mon Apr 24 12:27:56 2023|main.py|INFO] EPOCH [46/120] Train NME: 0.06124
[Mon Apr 24 12:27:59 2023|main.py|INFO] EPOCH [46/120] Test NME: 0.06252
[Mon Apr 24 12:27:59 2023|main.py|INFO] EPOCH [46/120] Learning rate: 0.00001
[Mon Apr 24 12:28:22 2023|main.py|INFO] EPOCH [47/120] Train NME: 0.06041
[Mon Apr 24 12:28:25 2023|main.py|INFO] EPOCH [47/120] Test NME: 0.06247
[Mon Apr 24 12:28:25 2023|main.py|INFO] EPOCH [47/120] Learning rate: 0.00001
[Mon Apr 24 12:28:48 2023|main.py|INFO] EPOCH [48/120] Train NME: 0.06020
[Mon Apr 24 12:28:52 2023|main.py|INFO] EPOCH [48/120] Test NME: 0.06287
[Mon Apr 24 12:28:52 2023|main.py|INFO] EPOCH [48/120] Learning rate: 0.00001
[Mon Apr 24 12:29:15 2023|main.py|INFO] EPOCH [49/120] Train NME: 0.06123
[Mon Apr 24 12:29:19 2023|main.py|INFO] EPOCH [49/120] Test NME: 0.06302
[Mon Apr 24 12:29:19 2023|main.py|INFO] EPOCH [49/120] Learning rate: 0.00001
[Mon Apr 24 12:29:42 2023|main.py|INFO] EPOCH [50/120] Train NME: 0.06069
[Mon Apr 24 12:29:45 2023|main.py|INFO] EPOCH [50/120] Test NME: 0.06237
[Mon Apr 24 12:29:45 2023|main.py|INFO] EPOCH [50/120] Learning rate: 0.00001
[Mon Apr 24 12:29:45 2023|main.py|INFO] EPOCH [50/120] NME improved from 0.06247 to 0.06237
[Mon Apr 24 12:29:45 2023|main.py|INFO] EPOCH [50/120] Saving model to: checkpoints/Cas_Stage2_noAug_Wing-S1_noAug_MSE-lr0.3_B16/2023-04-24_12-29-45_epoch_50_NME_0.06237.pth.tar
[Mon Apr 24 12:30:08 2023|main.py|INFO] EPOCH [51/120] Train NME: 0.06031
[Mon Apr 24 12:30:12 2023|main.py|INFO] EPOCH [51/120] Test NME: 0.06264
[Mon Apr 24 12:30:12 2023|main.py|INFO] EPOCH [51/120] Learning rate: 0.00000
[Mon Apr 24 12:30:34 2023|main.py|INFO] EPOCH [52/120] Train NME: 0.06020
[Mon Apr 24 12:30:37 2023|main.py|INFO] EPOCH [52/120] Test NME: 0.06266
[Mon Apr 24 12:30:37 2023|main.py|INFO] EPOCH [52/120] Learning rate: 0.00000
[Mon Apr 24 12:31:01 2023|main.py|INFO] EPOCH [53/120] Train NME: 0.06066
[Mon Apr 24 12:31:05 2023|main.py|INFO] EPOCH [53/120] Test NME: 0.06284
[Mon Apr 24 12:31:05 2023|main.py|INFO] EPOCH [53/120] Learning rate: 0.00000
[Mon Apr 24 12:31:27 2023|main.py|INFO] EPOCH [54/120] Train NME: 0.06050
[Mon Apr 24 12:31:31 2023|main.py|INFO] EPOCH [54/120] Test NME: 0.06240
[Mon Apr 24 12:31:31 2023|main.py|INFO] EPOCH [54/120] Learning rate: 0.00000
[Mon Apr 24 12:31:53 2023|main.py|INFO] EPOCH [55/120] Train NME: 0.06049
[Mon Apr 24 12:31:57 2023|main.py|INFO] EPOCH [55/120] Test NME: 0.06251
[Mon Apr 24 12:31:57 2023|main.py|INFO] EPOCH [55/120] Learning rate: 0.00000
[Mon Apr 24 12:32:20 2023|main.py|INFO] EPOCH [56/120] Train NME: 0.06158
[Mon Apr 24 12:32:23 2023|main.py|INFO] EPOCH [56/120] Test NME: 0.06298
[Mon Apr 24 12:32:23 2023|main.py|INFO] EPOCH [56/120] Learning rate: 0.00000
[Mon Apr 24 12:32:46 2023|main.py|INFO] EPOCH [57/120] Train NME: 0.06101
[Mon Apr 24 12:32:50 2023|main.py|INFO] EPOCH [57/120] Test NME: 0.06284
[Mon Apr 24 12:32:50 2023|main.py|INFO] EPOCH [57/120] Learning rate: 0.00000
[Mon Apr 24 12:33:12 2023|main.py|INFO] EPOCH [58/120] Train NME: 0.06048
[Mon Apr 24 12:33:16 2023|main.py|INFO] EPOCH [58/120] Test NME: 0.06250
[Mon Apr 24 12:33:16 2023|main.py|INFO] EPOCH [58/120] Learning rate: 0.00000
[Mon Apr 24 12:33:38 2023|main.py|INFO] EPOCH [59/120] Train NME: 0.06204
[Mon Apr 24 12:33:42 2023|main.py|INFO] EPOCH [59/120] Test NME: 0.06236
[Mon Apr 24 12:33:42 2023|main.py|INFO] EPOCH [59/120] Learning rate: 0.00000
[Mon Apr 24 12:33:42 2023|main.py|INFO] EPOCH [59/120] NME improved from 0.06237 to 0.06236
[Mon Apr 24 12:33:42 2023|main.py|INFO] EPOCH [59/120] Saving model to: checkpoints/Cas_Stage2_noAug_Wing-S1_noAug_MSE-lr0.3_B16/2023-04-24_12-33-42_epoch_59_NME_0.06236.pth.tar
[Mon Apr 24 12:34:05 2023|main.py|INFO] EPOCH [60/120] Train NME: 0.06045
[Mon Apr 24 12:34:08 2023|main.py|INFO] EPOCH [60/120] Test NME: 0.06290
[Mon Apr 24 12:34:08 2023|main.py|INFO] EPOCH [60/120] Learning rate: 0.00000
[Mon Apr 24 12:34:30 2023|main.py|INFO] EPOCH [61/120] Train NME: 0.06038
[Mon Apr 24 12:34:34 2023|main.py|INFO] EPOCH [61/120] Test NME: 0.06233
[Mon Apr 24 12:34:34 2023|main.py|INFO] EPOCH [61/120] Learning rate: 0.00000
[Mon Apr 24 12:34:34 2023|main.py|INFO] EPOCH [61/120] NME improved from 0.06236 to 0.06233
[Mon Apr 24 12:34:34 2023|main.py|INFO] EPOCH [61/120] Saving model to: checkpoints/Cas_Stage2_noAug_Wing-S1_noAug_MSE-lr0.3_B16/2023-04-24_12-34-34_epoch_61_NME_0.06233.pth.tar
[Mon Apr 24 12:34:57 2023|main.py|INFO] EPOCH [62/120] Train NME: 0.06077
[Mon Apr 24 12:35:01 2023|main.py|INFO] EPOCH [62/120] Test NME: 0.06255
[Mon Apr 24 12:35:01 2023|main.py|INFO] EPOCH [62/120] Learning rate: 0.00000
[Mon Apr 24 12:35:23 2023|main.py|INFO] EPOCH [63/120] Train NME: 0.06043
[Mon Apr 24 12:35:26 2023|main.py|INFO] EPOCH [63/120] Test NME: 0.06254
[Mon Apr 24 12:35:26 2023|main.py|INFO] EPOCH [63/120] Learning rate: 0.00000
[Mon Apr 24 12:35:49 2023|main.py|INFO] EPOCH [64/120] Train NME: 0.05992
[Mon Apr 24 12:35:52 2023|main.py|INFO] EPOCH [64/120] Test NME: 0.06255
[Mon Apr 24 12:35:52 2023|main.py|INFO] EPOCH [64/120] Learning rate: 0.00000
[Mon Apr 24 12:36:15 2023|main.py|INFO] EPOCH [65/120] Train NME: 0.06052
[Mon Apr 24 12:36:18 2023|main.py|INFO] EPOCH [65/120] Test NME: 0.06261
[Mon Apr 24 12:36:18 2023|main.py|INFO] EPOCH [65/120] Learning rate: 0.00000
[Mon Apr 24 12:36:40 2023|main.py|INFO] EPOCH [66/120] Train NME: 0.06078
[Mon Apr 24 12:36:44 2023|main.py|INFO] EPOCH [66/120] Test NME: 0.06255
[Mon Apr 24 12:36:44 2023|main.py|INFO] EPOCH [66/120] Learning rate: 0.00000
[Mon Apr 24 12:37:06 2023|main.py|INFO] EPOCH [67/120] Train NME: 0.06105
[Mon Apr 24 12:37:10 2023|main.py|INFO] EPOCH [67/120] Test NME: 0.06245
[Mon Apr 24 12:37:10 2023|main.py|INFO] EPOCH [67/120] Learning rate: 0.00000
[Mon Apr 24 12:37:32 2023|main.py|INFO] EPOCH [68/120] Train NME: 0.06048
[Mon Apr 24 12:37:36 2023|main.py|INFO] EPOCH [68/120] Test NME: 0.06261
[Mon Apr 24 12:37:36 2023|main.py|INFO] EPOCH [68/120] Learning rate: 0.00000
[Mon Apr 24 12:37:58 2023|main.py|INFO] EPOCH [69/120] Train NME: 0.06029
[Mon Apr 24 12:38:01 2023|main.py|INFO] EPOCH [69/120] Test NME: 0.06262
[Mon Apr 24 12:38:01 2023|main.py|INFO] EPOCH [69/120] Learning rate: 0.00000
[Mon Apr 24 12:38:24 2023|main.py|INFO] EPOCH [70/120] Train NME: 0.06090
[Mon Apr 24 12:38:27 2023|main.py|INFO] EPOCH [70/120] Test NME: 0.06249
[Mon Apr 24 12:38:27 2023|main.py|INFO] EPOCH [70/120] Learning rate: 0.00000
[Mon Apr 24 12:38:49 2023|main.py|INFO] EPOCH [71/120] Train NME: 0.06111
[Mon Apr 24 12:38:52 2023|main.py|INFO] EPOCH [71/120] Test NME: 0.06255
[Mon Apr 24 12:38:52 2023|main.py|INFO] EPOCH [71/120] Learning rate: 0.00000
[Mon Apr 24 12:39:14 2023|main.py|INFO] EPOCH [72/120] Train NME: 0.05980
[Mon Apr 24 12:39:18 2023|main.py|INFO] EPOCH [72/120] Test NME: 0.06238
[Mon Apr 24 12:39:18 2023|main.py|INFO] EPOCH [72/120] Learning rate: 0.00000
[Mon Apr 24 12:39:40 2023|main.py|INFO] EPOCH [73/120] Train NME: 0.06111
[Mon Apr 24 12:39:44 2023|main.py|INFO] EPOCH [73/120] Test NME: 0.06259
[Mon Apr 24 12:39:44 2023|main.py|INFO] EPOCH [73/120] Learning rate: 0.00000
[Mon Apr 24 12:40:08 2023|main.py|INFO] EPOCH [74/120] Train NME: 0.06038
[Mon Apr 24 12:40:12 2023|main.py|INFO] EPOCH [74/120] Test NME: 0.06278
[Mon Apr 24 12:40:12 2023|main.py|INFO] EPOCH [74/120] Learning rate: 0.00000
[Mon Apr 24 12:40:34 2023|main.py|INFO] EPOCH [75/120] Train NME: 0.06149
[Mon Apr 24 12:40:38 2023|main.py|INFO] EPOCH [75/120] Test NME: 0.06284
[Mon Apr 24 12:40:38 2023|main.py|INFO] EPOCH [75/120] Learning rate: 0.00000
[Mon Apr 24 12:41:00 2023|main.py|INFO] EPOCH [76/120] Train NME: 0.06090
[Mon Apr 24 12:41:04 2023|main.py|INFO] EPOCH [76/120] Test NME: 0.06252
[Mon Apr 24 12:41:04 2023|main.py|INFO] EPOCH [76/120] Learning rate: 0.00000
[Mon Apr 24 12:41:26 2023|main.py|INFO] EPOCH [77/120] Train NME: 0.06091
[Mon Apr 24 12:41:29 2023|main.py|INFO] EPOCH [77/120] Test NME: 0.06258
[Mon Apr 24 12:41:29 2023|main.py|INFO] EPOCH [77/120] Learning rate: 0.00000
[Mon Apr 24 12:41:51 2023|main.py|INFO] EPOCH [78/120] Train NME: 0.06056
[Mon Apr 24 12:41:55 2023|main.py|INFO] EPOCH [78/120] Test NME: 0.06254
[Mon Apr 24 12:41:55 2023|main.py|INFO] EPOCH [78/120] Learning rate: 0.00000
[Mon Apr 24 12:42:18 2023|main.py|INFO] EPOCH [79/120] Train NME: 0.06051
[Mon Apr 24 12:42:21 2023|main.py|INFO] EPOCH [79/120] Test NME: 0.06276
[Mon Apr 24 12:42:21 2023|main.py|INFO] EPOCH [79/120] Learning rate: 0.00000
[Mon Apr 24 12:42:43 2023|main.py|INFO] EPOCH [80/120] Train NME: 0.05992
[Mon Apr 24 12:42:47 2023|main.py|INFO] EPOCH [80/120] Test NME: 0.06252
[Mon Apr 24 12:42:47 2023|main.py|INFO] EPOCH [80/120] Learning rate: 0.00000
[Mon Apr 24 12:43:09 2023|main.py|INFO] EPOCH [81/120] Train NME: 0.06108
[Mon Apr 24 12:43:13 2023|main.py|INFO] EPOCH [81/120] Test NME: 0.06249
[Mon Apr 24 12:43:13 2023|main.py|INFO] EPOCH [81/120] Learning rate: 0.00000
[Mon Apr 24 12:43:35 2023|main.py|INFO] EPOCH [82/120] Train NME: 0.06076
[Mon Apr 24 12:43:39 2023|main.py|INFO] EPOCH [82/120] Test NME: 0.06274
[Mon Apr 24 12:43:39 2023|main.py|INFO] EPOCH [82/120] Learning rate: 0.00000
[Mon Apr 24 12:44:01 2023|main.py|INFO] EPOCH [83/120] Train NME: 0.06084
[Mon Apr 24 12:44:05 2023|main.py|INFO] EPOCH [83/120] Test NME: 0.06249
[Mon Apr 24 12:44:05 2023|main.py|INFO] EPOCH [83/120] Learning rate: 0.00000
[Mon Apr 24 12:44:27 2023|main.py|INFO] EPOCH [84/120] Train NME: 0.06029
[Mon Apr 24 12:44:30 2023|main.py|INFO] EPOCH [84/120] Test NME: 0.06247
[Mon Apr 24 12:44:30 2023|main.py|INFO] EPOCH [84/120] Learning rate: 0.00000
[Mon Apr 24 12:44:53 2023|main.py|INFO] EPOCH [85/120] Train NME: 0.06025
[Mon Apr 24 12:44:56 2023|main.py|INFO] EPOCH [85/120] Test NME: 0.06265
[Mon Apr 24 12:44:56 2023|main.py|INFO] EPOCH [85/120] Learning rate: 0.00000
[Mon Apr 24 12:45:18 2023|main.py|INFO] EPOCH [86/120] Train NME: 0.06009
[Mon Apr 24 12:45:22 2023|main.py|INFO] EPOCH [86/120] Test NME: 0.06245
[Mon Apr 24 12:45:22 2023|main.py|INFO] EPOCH [86/120] Learning rate: 0.00000
[Mon Apr 24 12:45:44 2023|main.py|INFO] EPOCH [87/120] Train NME: 0.06074
[Mon Apr 24 12:45:47 2023|main.py|INFO] EPOCH [87/120] Test NME: 0.06237
[Mon Apr 24 12:45:47 2023|main.py|INFO] EPOCH [87/120] Learning rate: 0.00000
[Mon Apr 24 12:46:10 2023|main.py|INFO] EPOCH [88/120] Train NME: 0.06041
[Mon Apr 24 12:46:13 2023|main.py|INFO] EPOCH [88/120] Test NME: 0.06258
[Mon Apr 24 12:46:13 2023|main.py|INFO] EPOCH [88/120] Learning rate: 0.00000
[Mon Apr 24 12:46:35 2023|main.py|INFO] EPOCH [89/120] Train NME: 0.06077
[Mon Apr 24 12:46:39 2023|main.py|INFO] EPOCH [89/120] Test NME: 0.06274
[Mon Apr 24 12:46:39 2023|main.py|INFO] EPOCH [89/120] Learning rate: 0.00000
[Mon Apr 24 12:47:01 2023|main.py|INFO] EPOCH [90/120] Train NME: 0.06025
[Mon Apr 24 12:47:05 2023|main.py|INFO] EPOCH [90/120] Test NME: 0.06282
[Mon Apr 24 12:47:05 2023|main.py|INFO] EPOCH [90/120] Learning rate: 0.00000
[Mon Apr 24 12:47:27 2023|main.py|INFO] EPOCH [91/120] Train NME: 0.05992
[Mon Apr 24 12:47:31 2023|main.py|INFO] EPOCH [91/120] Test NME: 0.06245
[Mon Apr 24 12:47:31 2023|main.py|INFO] EPOCH [91/120] Learning rate: 0.00000
[Mon Apr 24 12:47:53 2023|main.py|INFO] EPOCH [92/120] Train NME: 0.06054
[Mon Apr 24 12:47:57 2023|main.py|INFO] EPOCH [92/120] Test NME: 0.06250
[Mon Apr 24 12:47:57 2023|main.py|INFO] EPOCH [92/120] Learning rate: 0.00000
[Mon Apr 24 12:48:19 2023|main.py|INFO] EPOCH [93/120] Train NME: 0.06087
[Mon Apr 24 12:48:23 2023|main.py|INFO] EPOCH [93/120] Test NME: 0.06278
[Mon Apr 24 12:48:23 2023|main.py|INFO] EPOCH [93/120] Learning rate: 0.00000
[Mon Apr 24 12:48:45 2023|main.py|INFO] EPOCH [94/120] Train NME: 0.06032
[Mon Apr 24 12:48:48 2023|main.py|INFO] EPOCH [94/120] Test NME: 0.06246
[Mon Apr 24 12:48:48 2023|main.py|INFO] EPOCH [94/120] Learning rate: 0.00000
[Mon Apr 24 12:49:12 2023|main.py|INFO] EPOCH [95/120] Train NME: 0.06004
[Mon Apr 24 12:49:16 2023|main.py|INFO] EPOCH [95/120] Test NME: 0.06259
[Mon Apr 24 12:49:16 2023|main.py|INFO] EPOCH [95/120] Learning rate: 0.00000
[Mon Apr 24 12:49:38 2023|main.py|INFO] EPOCH [96/120] Train NME: 0.06055
[Mon Apr 24 12:49:42 2023|main.py|INFO] EPOCH [96/120] Test NME: 0.06276
[Mon Apr 24 12:49:42 2023|main.py|INFO] EPOCH [96/120] Learning rate: 0.00000
[Mon Apr 24 12:50:04 2023|main.py|INFO] EPOCH [97/120] Train NME: 0.06109
[Mon Apr 24 12:50:07 2023|main.py|INFO] EPOCH [97/120] Test NME: 0.06280
[Mon Apr 24 12:50:07 2023|main.py|INFO] EPOCH [97/120] Learning rate: 0.00000
[Mon Apr 24 12:50:30 2023|main.py|INFO] EPOCH [98/120] Train NME: 0.06029
[Mon Apr 24 12:50:33 2023|main.py|INFO] EPOCH [98/120] Test NME: 0.06255
[Mon Apr 24 12:50:33 2023|main.py|INFO] EPOCH [98/120] Learning rate: 0.00000
[Mon Apr 24 12:50:55 2023|main.py|INFO] EPOCH [99/120] Train NME: 0.06070
[Mon Apr 24 12:50:59 2023|main.py|INFO] EPOCH [99/120] Test NME: 0.06254
[Mon Apr 24 12:50:59 2023|main.py|INFO] EPOCH [99/120] Learning rate: 0.00000
[Mon Apr 24 12:51:21 2023|main.py|INFO] EPOCH [100/120] Train NME: 0.06089
[Mon Apr 24 12:51:25 2023|main.py|INFO] EPOCH [100/120] Test NME: 0.06245
[Mon Apr 24 12:51:25 2023|main.py|INFO] EPOCH [100/120] Learning rate: 0.00000
[Mon Apr 24 12:51:47 2023|main.py|INFO] EPOCH [101/120] Train NME: 0.06087
[Mon Apr 24 12:51:51 2023|main.py|INFO] EPOCH [101/120] Test NME: 0.06259
[Mon Apr 24 12:51:51 2023|main.py|INFO] EPOCH [101/120] Learning rate: 0.00000
[Mon Apr 24 12:52:13 2023|main.py|INFO] EPOCH [102/120] Train NME: 0.06081
[Mon Apr 24 12:52:16 2023|main.py|INFO] EPOCH [102/120] Test NME: 0.06275
[Mon Apr 24 12:52:16 2023|main.py|INFO] EPOCH [102/120] Learning rate: 0.00000
[Mon Apr 24 12:52:39 2023|main.py|INFO] EPOCH [103/120] Train NME: 0.06020
[Mon Apr 24 12:52:42 2023|main.py|INFO] EPOCH [103/120] Test NME: 0.06239
[Mon Apr 24 12:52:42 2023|main.py|INFO] EPOCH [103/120] Learning rate: 0.00000
[Mon Apr 24 12:53:05 2023|main.py|INFO] EPOCH [104/120] Train NME: 0.06070
[Mon Apr 24 12:53:08 2023|main.py|INFO] EPOCH [104/120] Test NME: 0.06263
[Mon Apr 24 12:53:08 2023|main.py|INFO] EPOCH [104/120] Learning rate: 0.00000
[Mon Apr 24 12:53:30 2023|main.py|INFO] EPOCH [105/120] Train NME: 0.06084
[Mon Apr 24 12:53:34 2023|main.py|INFO] EPOCH [105/120] Test NME: 0.06237
[Mon Apr 24 12:53:34 2023|main.py|INFO] EPOCH [105/120] Learning rate: 0.00000
[Mon Apr 24 12:53:56 2023|main.py|INFO] EPOCH [106/120] Train NME: 0.06111
[Mon Apr 24 12:54:00 2023|main.py|INFO] EPOCH [106/120] Test NME: 0.06251
[Mon Apr 24 12:54:00 2023|main.py|INFO] EPOCH [106/120] Learning rate: 0.00000
[Mon Apr 24 12:54:22 2023|main.py|INFO] EPOCH [107/120] Train NME: 0.06089
[Mon Apr 24 12:54:25 2023|main.py|INFO] EPOCH [107/120] Test NME: 0.06280
[Mon Apr 24 12:54:25 2023|main.py|INFO] EPOCH [107/120] Learning rate: 0.00000
[Mon Apr 24 12:54:48 2023|main.py|INFO] EPOCH [108/120] Train NME: 0.06033
[Mon Apr 24 12:54:51 2023|main.py|INFO] EPOCH [108/120] Test NME: 0.06251
[Mon Apr 24 12:54:51 2023|main.py|INFO] EPOCH [108/120] Learning rate: 0.00000
[Mon Apr 24 12:55:13 2023|main.py|INFO] EPOCH [109/120] Train NME: 0.06052
[Mon Apr 24 12:55:17 2023|main.py|INFO] EPOCH [109/120] Test NME: 0.06294
[Mon Apr 24 12:55:17 2023|main.py|INFO] EPOCH [109/120] Learning rate: 0.00000
[Mon Apr 24 12:55:40 2023|main.py|INFO] EPOCH [110/120] Train NME: 0.06128
[Mon Apr 24 12:55:43 2023|main.py|INFO] EPOCH [110/120] Test NME: 0.06265
[Mon Apr 24 12:55:43 2023|main.py|INFO] EPOCH [110/120] Learning rate: 0.00000
[Mon Apr 24 12:56:05 2023|main.py|INFO] EPOCH [111/120] Train NME: 0.06063
[Mon Apr 24 12:56:09 2023|main.py|INFO] EPOCH [111/120] Test NME: 0.06256
[Mon Apr 24 12:56:09 2023|main.py|INFO] EPOCH [111/120] Learning rate: 0.00000
[Mon Apr 24 12:56:31 2023|main.py|INFO] EPOCH [112/120] Train NME: 0.05992
[Mon Apr 24 12:56:34 2023|main.py|INFO] EPOCH [112/120] Test NME: 0.06254
[Mon Apr 24 12:56:34 2023|main.py|INFO] EPOCH [112/120] Learning rate: 0.00000
[Mon Apr 24 12:56:56 2023|main.py|INFO] EPOCH [113/120] Train NME: 0.06096
[Mon Apr 24 12:57:00 2023|main.py|INFO] EPOCH [113/120] Test NME: 0.06286
[Mon Apr 24 12:57:00 2023|main.py|INFO] EPOCH [113/120] Learning rate: 0.00000
[Mon Apr 24 12:57:23 2023|main.py|INFO] EPOCH [114/120] Train NME: 0.06118
[Mon Apr 24 12:57:26 2023|main.py|INFO] EPOCH [114/120] Test NME: 0.06249
[Mon Apr 24 12:57:26 2023|main.py|INFO] EPOCH [114/120] Learning rate: 0.00000
[Mon Apr 24 12:57:48 2023|main.py|INFO] EPOCH [115/120] Train NME: 0.06057
[Mon Apr 24 12:57:52 2023|main.py|INFO] EPOCH [115/120] Test NME: 0.06263
[Mon Apr 24 12:57:52 2023|main.py|INFO] EPOCH [115/120] Learning rate: 0.00000
[Mon Apr 24 12:58:14 2023|main.py|INFO] EPOCH [116/120] Train NME: 0.06073
[Mon Apr 24 12:58:17 2023|main.py|INFO] EPOCH [116/120] Test NME: 0.06250
[Mon Apr 24 12:58:17 2023|main.py|INFO] EPOCH [116/120] Learning rate: 0.00000
[Mon Apr 24 12:58:41 2023|main.py|INFO] EPOCH [117/120] Train NME: 0.06066
[Mon Apr 24 12:58:45 2023|main.py|INFO] EPOCH [117/120] Test NME: 0.06276
[Mon Apr 24 12:58:45 2023|main.py|INFO] EPOCH [117/120] Learning rate: 0.00000
[Mon Apr 24 12:59:07 2023|main.py|INFO] EPOCH [118/120] Train NME: 0.06099
[Mon Apr 24 12:59:11 2023|main.py|INFO] EPOCH [118/120] Test NME: 0.06293
[Mon Apr 24 12:59:11 2023|main.py|INFO] EPOCH [118/120] Learning rate: 0.00000
[Mon Apr 24 12:59:33 2023|main.py|INFO] EPOCH [119/120] Train NME: 0.06066
[Mon Apr 24 12:59:36 2023|main.py|INFO] EPOCH [119/120] Test NME: 0.06292
[Mon Apr 24 12:59:36 2023|main.py|INFO] EPOCH [119/120] Learning rate: 0.00000
[Mon Apr 24 12:59:59 2023|main.py|INFO] EPOCH [120/120] Train NME: 0.06040
[Mon Apr 24 13:00:02 2023|main.py|INFO] EPOCH [120/120] Test NME: 0.06277
[Mon Apr 24 13:00:02 2023|main.py|INFO] EPOCH [120/120] Learning rate: 0.00000
