[Sun Apr 16 06:02:24 2023|main.py|INFO] Task: raw_CNN_noAug_MSE_lr0.6_B4
[Sun Apr 16 06:02:24 2023|main.py|INFO] Using device: cuda
[Sun Apr 16 06:02:24 2023|main.py|INFO] Using config: config\raw_CNN_noAug_MSE\raw_CNN_noAug_MSE_lr0.6_B4.yaml
[Sun Apr 16 06:02:24 2023|main.py|INFO] Train path: data/training_images_full_train.npz
[Sun Apr 16 06:02:24 2023|main.py|INFO] Test path: data/training_images_full_test.npz
[Sun Apr 16 06:02:24 2023|main.py|INFO] Train augment: False
[Sun Apr 16 06:02:24 2023|main.py|INFO] Learning rate: 0.6
[Sun Apr 16 06:02:24 2023|main.py|INFO] Batch size: 4
[Sun Apr 16 06:02:24 2023|main.py|INFO] Num epochs: 100
[Sun Apr 16 06:02:24 2023|main.py|INFO] Save model: True
[Sun Apr 16 06:02:24 2023|main.py|INFO] Loss: MSE
[Sun Apr 16 06:02:24 2023|main.py|INFO] Log path: logs/raw_CNN_noAug_MSE_lr0.6_B4/2023-04-16_06-02-24.log
[Sun Apr 16 06:02:24 2023|main.py|INFO] Writer path: runs/raw_CNN_noAug_MSE_lr0.6_B4/2023-04-16_06-02-24
[Sun Apr 16 06:02:24 2023|main.py|INFO] Model name: resnet18
[Sun Apr 16 06:02:24 2023|main.py|INFO] Num outputs: 88
[Sun Apr 16 06:02:24 2023|main.py|INFO] Pretrained: True
[Sun Apr 16 06:02:24 2023|main.py|INFO] Load model: False
[Sun Apr 16 06:02:24 2023|main.py|INFO] Load path: None
[Sun Apr 16 06:02:24 2023|main.py|INFO] Loading data...
[Sun Apr 16 06:02:24 2023|main.py|INFO] Load dataset for raw_CNN_noAug_MSE_lr0.6_B4
[Sun Apr 16 06:02:27 2023|main.py|INFO] Initializing network resnet18 with 88 outputs...
[Sun Apr 16 06:02:28 2023|main.py|INFO] Network: ResNet(
  (conv1): Conv2d(3, 64, kernel_size=(7, 7), stride=(2, 2), padding=(3, 3), bias=False)
  (bn1): BatchNorm2d(64, eps=1e-05, momentum=0.1, affine=True, track_running_stats=True)
  (relu): ReLU(inplace=True)
  (maxpool): MaxPool2d(kernel_size=3, stride=2, padding=1, dilation=1, ceil_mode=False)
  (layer1): Sequential(
    (0): BasicBlock(
      (conv1): Conv2d(64, 64, kernel_size=(3, 3), stride=(1, 1), padding=(1, 1), bias=False)
      (bn1): BatchNorm2d(64, eps=1e-05, momentum=0.1, affine=True, track_running_stats=True)
      (relu): ReLU(inplace=True)
      (conv2): Conv2d(64, 64, kernel_size=(3, 3), stride=(1, 1), padding=(1, 1), bias=False)
      (bn2): BatchNorm2d(64, eps=1e-05, momentum=0.1, affine=True, track_running_stats=True)
    )
    (1): BasicBlock(
      (conv1): Conv2d(64, 64, kernel_size=(3, 3), stride=(1, 1), padding=(1, 1), bias=False)
      (bn1): BatchNorm2d(64, eps=1e-05, momentum=0.1, affine=True, track_running_stats=True)
      (relu): ReLU(inplace=True)
      (conv2): Conv2d(64, 64, kernel_size=(3, 3), stride=(1, 1), padding=(1, 1), bias=False)
      (bn2): BatchNorm2d(64, eps=1e-05, momentum=0.1, affine=True, track_running_stats=True)
    )
  )
  (layer2): Sequential(
    (0): BasicBlock(
      (conv1): Conv2d(64, 128, kernel_size=(3, 3), stride=(2, 2), padding=(1, 1), bias=False)
      (bn1): BatchNorm2d(128, eps=1e-05, momentum=0.1, affine=True, track_running_stats=True)
      (relu): ReLU(inplace=True)
      (conv2): Conv2d(128, 128, kernel_size=(3, 3), stride=(1, 1), padding=(1, 1), bias=False)
      (bn2): BatchNorm2d(128, eps=1e-05, momentum=0.1, affine=True, track_running_stats=True)
      (downsample): Sequential(
        (0): Conv2d(64, 128, kernel_size=(1, 1), stride=(2, 2), bias=False)
        (1): BatchNorm2d(128, eps=1e-05, momentum=0.1, affine=True, track_running_stats=True)
      )
    )
    (1): BasicBlock(
      (conv1): Conv2d(128, 128, kernel_size=(3, 3), stride=(1, 1), padding=(1, 1), bias=False)
      (bn1): BatchNorm2d(128, eps=1e-05, momentum=0.1, affine=True, track_running_stats=True)
      (relu): ReLU(inplace=True)
      (conv2): Conv2d(128, 128, kernel_size=(3, 3), stride=(1, 1), padding=(1, 1), bias=False)
      (bn2): BatchNorm2d(128, eps=1e-05, momentum=0.1, affine=True, track_running_stats=True)
    )
  )
  (layer3): Sequential(
    (0): BasicBlock(
      (conv1): Conv2d(128, 256, kernel_size=(3, 3), stride=(2, 2), padding=(1, 1), bias=False)
      (bn1): BatchNorm2d(256, eps=1e-05, momentum=0.1, affine=True, track_running_stats=True)
      (relu): ReLU(inplace=True)
      (conv2): Conv2d(256, 256, kernel_size=(3, 3), stride=(1, 1), padding=(1, 1), bias=False)
      (bn2): BatchNorm2d(256, eps=1e-05, momentum=0.1, affine=True, track_running_stats=True)
      (downsample): Sequential(
        (0): Conv2d(128, 256, kernel_size=(1, 1), stride=(2, 2), bias=False)
        (1): BatchNorm2d(256, eps=1e-05, momentum=0.1, affine=True, track_running_stats=True)
      )
    )
    (1): BasicBlock(
      (conv1): Conv2d(256, 256, kernel_size=(3, 3), stride=(1, 1), padding=(1, 1), bias=False)
      (bn1): BatchNorm2d(256, eps=1e-05, momentum=0.1, affine=True, track_running_stats=True)
      (relu): ReLU(inplace=True)
      (conv2): Conv2d(256, 256, kernel_size=(3, 3), stride=(1, 1), padding=(1, 1), bias=False)
      (bn2): BatchNorm2d(256, eps=1e-05, momentum=0.1, affine=True, track_running_stats=True)
    )
  )
  (layer4): Sequential(
    (0): BasicBlock(
      (conv1): Conv2d(256, 512, kernel_size=(3, 3), stride=(2, 2), padding=(1, 1), bias=False)
      (bn1): BatchNorm2d(512, eps=1e-05, momentum=0.1, affine=True, track_running_stats=True)
      (relu): ReLU(inplace=True)
      (conv2): Conv2d(512, 512, kernel_size=(3, 3), stride=(1, 1), padding=(1, 1), bias=False)
      (bn2): BatchNorm2d(512, eps=1e-05, momentum=0.1, affine=True, track_running_stats=True)
      (downsample): Sequential(
        (0): Conv2d(256, 512, kernel_size=(1, 1), stride=(2, 2), bias=False)
        (1): BatchNorm2d(512, eps=1e-05, momentum=0.1, affine=True, track_running_stats=True)
      )
    )
    (1): BasicBlock(
      (conv1): Conv2d(512, 512, kernel_size=(3, 3), stride=(1, 1), padding=(1, 1), bias=False)
      (bn1): BatchNorm2d(512, eps=1e-05, momentum=0.1, affine=True, track_running_stats=True)
      (relu): ReLU(inplace=True)
      (conv2): Conv2d(512, 512, kernel_size=(3, 3), stride=(1, 1), padding=(1, 1), bias=False)
      (bn2): BatchNorm2d(512, eps=1e-05, momentum=0.1, affine=True, track_running_stats=True)
    )
  )
  (avgpool): AdaptiveAvgPool2d(output_size=(1, 1))
  (fc): Linear(in_features=512, out_features=88, bias=True)
)
[Sun Apr 16 06:02:28 2023|main.py|INFO] Initializing loss and optimizer...
[Sun Apr 16 06:02:28 2023|main.py|INFO] Loss: MSE
[Sun Apr 16 06:02:28 2023|main.py|INFO] Optimizer: Adam
[Sun Apr 16 06:02:28 2023|main.py|INFO] Initializing tensorboard writer at: runs/raw_CNN_noAug_MSE_lr0.6_B4/2023-04-16_06-02-24
[Sun Apr 16 06:02:28 2023|main.py|INFO] Training network...
[Sun Apr 16 06:02:59 2023|main.py|INFO] EPOCH [1/100] Train NME: 0.22362
[Sun Apr 16 06:03:01 2023|main.py|INFO] EPOCH [1/100] Test NME: 0.14965
[Sun Apr 16 06:03:01 2023|main.py|INFO] EPOCH [1/100] Learning rate: 0.60000
[Sun Apr 16 06:03:01 2023|main.py|INFO] EPOCH [1/100] NME improved from 1000.00000 to 0.14965
[Sun Apr 16 06:03:01 2023|main.py|INFO] EPOCH [1/100] Saving model to: checkpoints/raw_CNN_noAug_MSE_lr0.6_B4/2023-04-16_06-03-01_epoch_1_NME_0.14965.pth.tar
[Sun Apr 16 06:03:24 2023|main.py|INFO] EPOCH [2/100] Train NME: 0.14974
[Sun Apr 16 06:03:27 2023|main.py|INFO] EPOCH [2/100] Test NME: 0.14115
[Sun Apr 16 06:03:27 2023|main.py|INFO] EPOCH [2/100] Learning rate: 0.48000
[Sun Apr 16 06:03:27 2023|main.py|INFO] EPOCH [2/100] NME improved from 0.14965 to 0.14115
[Sun Apr 16 06:03:27 2023|main.py|INFO] EPOCH [2/100] Saving model to: checkpoints/raw_CNN_noAug_MSE_lr0.6_B4/2023-04-16_06-03-27_epoch_2_NME_0.14115.pth.tar
[Sun Apr 16 06:03:50 2023|main.py|INFO] EPOCH [3/100] Train NME: 0.14376
[Sun Apr 16 06:03:52 2023|main.py|INFO] EPOCH [3/100] Test NME: 0.13950
[Sun Apr 16 06:03:52 2023|main.py|INFO] EPOCH [3/100] Learning rate: 0.38400
[Sun Apr 16 06:03:52 2023|main.py|INFO] EPOCH [3/100] NME improved from 0.14115 to 0.13950
[Sun Apr 16 06:03:52 2023|main.py|INFO] EPOCH [3/100] Saving model to: checkpoints/raw_CNN_noAug_MSE_lr0.6_B4/2023-04-16_06-03-52_epoch_3_NME_0.13950.pth.tar
[Sun Apr 16 06:04:15 2023|main.py|INFO] EPOCH [4/100] Train NME: 0.13483
[Sun Apr 16 06:04:18 2023|main.py|INFO] EPOCH [4/100] Test NME: 0.12709
[Sun Apr 16 06:04:18 2023|main.py|INFO] EPOCH [4/100] Learning rate: 0.30720
[Sun Apr 16 06:04:18 2023|main.py|INFO] EPOCH [4/100] NME improved from 0.13950 to 0.12709
[Sun Apr 16 06:04:18 2023|main.py|INFO] EPOCH [4/100] Saving model to: checkpoints/raw_CNN_noAug_MSE_lr0.6_B4/2023-04-16_06-04-18_epoch_4_NME_0.12709.pth.tar
[Sun Apr 16 06:04:40 2023|main.py|INFO] EPOCH [5/100] Train NME: 0.11843
[Sun Apr 16 06:04:43 2023|main.py|INFO] EPOCH [5/100] Test NME: 0.10087
[Sun Apr 16 06:04:43 2023|main.py|INFO] EPOCH [5/100] Learning rate: 0.24576
[Sun Apr 16 06:04:43 2023|main.py|INFO] EPOCH [5/100] NME improved from 0.12709 to 0.10087
[Sun Apr 16 06:04:43 2023|main.py|INFO] EPOCH [5/100] Saving model to: checkpoints/raw_CNN_noAug_MSE_lr0.6_B4/2023-04-16_06-04-43_epoch_5_NME_0.10087.pth.tar
[Sun Apr 16 06:05:06 2023|main.py|INFO] EPOCH [6/100] Train NME: 0.09541
[Sun Apr 16 06:05:09 2023|main.py|INFO] EPOCH [6/100] Test NME: 0.09168
[Sun Apr 16 06:05:09 2023|main.py|INFO] EPOCH [6/100] Learning rate: 0.19661
[Sun Apr 16 06:05:09 2023|main.py|INFO] EPOCH [6/100] NME improved from 0.10087 to 0.09168
[Sun Apr 16 06:05:09 2023|main.py|INFO] EPOCH [6/100] Saving model to: checkpoints/raw_CNN_noAug_MSE_lr0.6_B4/2023-04-16_06-05-09_epoch_6_NME_0.09168.pth.tar
[Sun Apr 16 06:05:35 2023|main.py|INFO] EPOCH [7/100] Train NME: 0.08249
[Sun Apr 16 06:05:37 2023|main.py|INFO] EPOCH [7/100] Test NME: 0.07588
[Sun Apr 16 06:05:37 2023|main.py|INFO] EPOCH [7/100] Learning rate: 0.15729
[Sun Apr 16 06:05:37 2023|main.py|INFO] EPOCH [7/100] NME improved from 0.09168 to 0.07588
[Sun Apr 16 06:05:37 2023|main.py|INFO] EPOCH [7/100] Saving model to: checkpoints/raw_CNN_noAug_MSE_lr0.6_B4/2023-04-16_06-05-37_epoch_7_NME_0.07588.pth.tar
[Sun Apr 16 06:06:00 2023|main.py|INFO] EPOCH [8/100] Train NME: 0.07803
[Sun Apr 16 06:06:02 2023|main.py|INFO] EPOCH [8/100] Test NME: 0.07459
[Sun Apr 16 06:06:02 2023|main.py|INFO] EPOCH [8/100] Learning rate: 0.12583
[Sun Apr 16 06:06:02 2023|main.py|INFO] EPOCH [8/100] NME improved from 0.07588 to 0.07459
[Sun Apr 16 06:06:02 2023|main.py|INFO] EPOCH [8/100] Saving model to: checkpoints/raw_CNN_noAug_MSE_lr0.6_B4/2023-04-16_06-06-02_epoch_8_NME_0.07459.pth.tar
[Sun Apr 16 06:06:25 2023|main.py|INFO] EPOCH [9/100] Train NME: 0.07237
[Sun Apr 16 06:06:27 2023|main.py|INFO] EPOCH [9/100] Test NME: 0.07302
[Sun Apr 16 06:06:27 2023|main.py|INFO] EPOCH [9/100] Learning rate: 0.10066
[Sun Apr 16 06:06:27 2023|main.py|INFO] EPOCH [9/100] NME improved from 0.07459 to 0.07302
[Sun Apr 16 06:06:27 2023|main.py|INFO] EPOCH [9/100] Saving model to: checkpoints/raw_CNN_noAug_MSE_lr0.6_B4/2023-04-16_06-06-27_epoch_9_NME_0.07302.pth.tar
[Sun Apr 16 06:06:47 2023|main.py|INFO] EPOCH [10/100] Train NME: 0.06847
[Sun Apr 16 06:06:49 2023|main.py|INFO] EPOCH [10/100] Test NME: 0.07070
[Sun Apr 16 06:06:49 2023|main.py|INFO] EPOCH [10/100] Learning rate: 0.08053
[Sun Apr 16 06:06:49 2023|main.py|INFO] EPOCH [10/100] NME improved from 0.07302 to 0.07070
[Sun Apr 16 06:06:49 2023|main.py|INFO] EPOCH [10/100] Saving model to: checkpoints/raw_CNN_noAug_MSE_lr0.6_B4/2023-04-16_06-06-49_epoch_10_NME_0.07070.pth.tar
[Sun Apr 16 06:07:08 2023|main.py|INFO] EPOCH [11/100] Train NME: 0.06396
[Sun Apr 16 06:07:10 2023|main.py|INFO] EPOCH [11/100] Test NME: 0.06804
[Sun Apr 16 06:07:10 2023|main.py|INFO] EPOCH [11/100] Learning rate: 0.06442
[Sun Apr 16 06:07:10 2023|main.py|INFO] EPOCH [11/100] NME improved from 0.07070 to 0.06804
[Sun Apr 16 06:07:10 2023|main.py|INFO] EPOCH [11/100] Saving model to: checkpoints/raw_CNN_noAug_MSE_lr0.6_B4/2023-04-16_06-07-10_epoch_11_NME_0.06804.pth.tar
[Sun Apr 16 06:07:31 2023|main.py|INFO] EPOCH [12/100] Train NME: 0.06200
[Sun Apr 16 06:07:33 2023|main.py|INFO] EPOCH [12/100] Test NME: 0.06845
[Sun Apr 16 06:07:33 2023|main.py|INFO] EPOCH [12/100] Learning rate: 0.05154
[Sun Apr 16 06:07:53 2023|main.py|INFO] EPOCH [13/100] Train NME: 0.05942
[Sun Apr 16 06:07:55 2023|main.py|INFO] EPOCH [13/100] Test NME: 0.06696
[Sun Apr 16 06:07:55 2023|main.py|INFO] EPOCH [13/100] Learning rate: 0.04123
[Sun Apr 16 06:07:55 2023|main.py|INFO] EPOCH [13/100] NME improved from 0.06804 to 0.06696
[Sun Apr 16 06:07:55 2023|main.py|INFO] EPOCH [13/100] Saving model to: checkpoints/raw_CNN_noAug_MSE_lr0.6_B4/2023-04-16_06-07-55_epoch_13_NME_0.06696.pth.tar
[Sun Apr 16 06:08:15 2023|main.py|INFO] EPOCH [14/100] Train NME: 0.05644
[Sun Apr 16 06:08:17 2023|main.py|INFO] EPOCH [14/100] Test NME: 0.06684
[Sun Apr 16 06:08:17 2023|main.py|INFO] EPOCH [14/100] Learning rate: 0.03299
[Sun Apr 16 06:08:17 2023|main.py|INFO] EPOCH [14/100] NME improved from 0.06696 to 0.06684
[Sun Apr 16 06:08:17 2023|main.py|INFO] EPOCH [14/100] Saving model to: checkpoints/raw_CNN_noAug_MSE_lr0.6_B4/2023-04-16_06-08-17_epoch_14_NME_0.06684.pth.tar
[Sun Apr 16 06:08:37 2023|main.py|INFO] EPOCH [15/100] Train NME: 0.05454
[Sun Apr 16 06:08:39 2023|main.py|INFO] EPOCH [15/100] Test NME: 0.06441
[Sun Apr 16 06:08:39 2023|main.py|INFO] EPOCH [15/100] Learning rate: 0.02639
[Sun Apr 16 06:08:39 2023|main.py|INFO] EPOCH [15/100] NME improved from 0.06684 to 0.06441
[Sun Apr 16 06:08:39 2023|main.py|INFO] EPOCH [15/100] Saving model to: checkpoints/raw_CNN_noAug_MSE_lr0.6_B4/2023-04-16_06-08-39_epoch_15_NME_0.06441.pth.tar
[Sun Apr 16 06:08:59 2023|main.py|INFO] EPOCH [16/100] Train NME: 0.05245
[Sun Apr 16 06:09:01 2023|main.py|INFO] EPOCH [16/100] Test NME: 0.06392
[Sun Apr 16 06:09:01 2023|main.py|INFO] EPOCH [16/100] Learning rate: 0.02111
[Sun Apr 16 06:09:01 2023|main.py|INFO] EPOCH [16/100] NME improved from 0.06441 to 0.06392
[Sun Apr 16 06:09:01 2023|main.py|INFO] EPOCH [16/100] Saving model to: checkpoints/raw_CNN_noAug_MSE_lr0.6_B4/2023-04-16_06-09-01_epoch_16_NME_0.06392.pth.tar
[Sun Apr 16 06:09:21 2023|main.py|INFO] EPOCH [17/100] Train NME: 0.05089
[Sun Apr 16 06:09:23 2023|main.py|INFO] EPOCH [17/100] Test NME: 0.06361
[Sun Apr 16 06:09:23 2023|main.py|INFO] EPOCH [17/100] Learning rate: 0.01689
[Sun Apr 16 06:09:23 2023|main.py|INFO] EPOCH [17/100] NME improved from 0.06392 to 0.06361
[Sun Apr 16 06:09:23 2023|main.py|INFO] EPOCH [17/100] Saving model to: checkpoints/raw_CNN_noAug_MSE_lr0.6_B4/2023-04-16_06-09-23_epoch_17_NME_0.06361.pth.tar
[Sun Apr 16 06:09:44 2023|main.py|INFO] EPOCH [18/100] Train NME: 0.05046
[Sun Apr 16 06:09:46 2023|main.py|INFO] EPOCH [18/100] Test NME: 0.06371
[Sun Apr 16 06:09:46 2023|main.py|INFO] EPOCH [18/100] Learning rate: 0.01351
[Sun Apr 16 06:10:06 2023|main.py|INFO] EPOCH [19/100] Train NME: 0.04913
[Sun Apr 16 06:10:08 2023|main.py|INFO] EPOCH [19/100] Test NME: 0.06340
[Sun Apr 16 06:10:08 2023|main.py|INFO] EPOCH [19/100] Learning rate: 0.01081
[Sun Apr 16 06:10:08 2023|main.py|INFO] EPOCH [19/100] NME improved from 0.06361 to 0.06340
[Sun Apr 16 06:10:08 2023|main.py|INFO] EPOCH [19/100] Saving model to: checkpoints/raw_CNN_noAug_MSE_lr0.6_B4/2023-04-16_06-10-08_epoch_19_NME_0.06340.pth.tar
[Sun Apr 16 06:10:28 2023|main.py|INFO] EPOCH [20/100] Train NME: 0.04826
[Sun Apr 16 06:10:30 2023|main.py|INFO] EPOCH [20/100] Test NME: 0.06380
[Sun Apr 16 06:10:30 2023|main.py|INFO] EPOCH [20/100] Learning rate: 0.00865
[Sun Apr 16 06:10:50 2023|main.py|INFO] EPOCH [21/100] Train NME: 0.04763
[Sun Apr 16 06:10:52 2023|main.py|INFO] EPOCH [21/100] Test NME: 0.06306
[Sun Apr 16 06:10:52 2023|main.py|INFO] EPOCH [21/100] Learning rate: 0.00692
[Sun Apr 16 06:10:52 2023|main.py|INFO] EPOCH [21/100] NME improved from 0.06340 to 0.06306
[Sun Apr 16 06:10:52 2023|main.py|INFO] EPOCH [21/100] Saving model to: checkpoints/raw_CNN_noAug_MSE_lr0.6_B4/2023-04-16_06-10-52_epoch_21_NME_0.06306.pth.tar
[Sun Apr 16 06:11:12 2023|main.py|INFO] EPOCH [22/100] Train NME: 0.04683
[Sun Apr 16 06:11:14 2023|main.py|INFO] EPOCH [22/100] Test NME: 0.06278
[Sun Apr 16 06:11:14 2023|main.py|INFO] EPOCH [22/100] Learning rate: 0.00553
[Sun Apr 16 06:11:14 2023|main.py|INFO] EPOCH [22/100] NME improved from 0.06306 to 0.06278
[Sun Apr 16 06:11:14 2023|main.py|INFO] EPOCH [22/100] Saving model to: checkpoints/raw_CNN_noAug_MSE_lr0.6_B4/2023-04-16_06-11-14_epoch_22_NME_0.06278.pth.tar
[Sun Apr 16 06:11:34 2023|main.py|INFO] EPOCH [23/100] Train NME: 0.04617
[Sun Apr 16 06:11:36 2023|main.py|INFO] EPOCH [23/100] Test NME: 0.06270
[Sun Apr 16 06:11:36 2023|main.py|INFO] EPOCH [23/100] Learning rate: 0.00443
[Sun Apr 16 06:11:36 2023|main.py|INFO] EPOCH [23/100] NME improved from 0.06278 to 0.06270
[Sun Apr 16 06:11:36 2023|main.py|INFO] EPOCH [23/100] Saving model to: checkpoints/raw_CNN_noAug_MSE_lr0.6_B4/2023-04-16_06-11-36_epoch_23_NME_0.06270.pth.tar
[Sun Apr 16 06:11:57 2023|main.py|INFO] EPOCH [24/100] Train NME: 0.04577
[Sun Apr 16 06:11:59 2023|main.py|INFO] EPOCH [24/100] Test NME: 0.06268
[Sun Apr 16 06:11:59 2023|main.py|INFO] EPOCH [24/100] Learning rate: 0.00354
[Sun Apr 16 06:11:59 2023|main.py|INFO] EPOCH [24/100] NME improved from 0.06270 to 0.06268
[Sun Apr 16 06:11:59 2023|main.py|INFO] EPOCH [24/100] Saving model to: checkpoints/raw_CNN_noAug_MSE_lr0.6_B4/2023-04-16_06-11-59_epoch_24_NME_0.06268.pth.tar
[Sun Apr 16 06:12:19 2023|main.py|INFO] EPOCH [25/100] Train NME: 0.04545
[Sun Apr 16 06:12:21 2023|main.py|INFO] EPOCH [25/100] Test NME: 0.06237
[Sun Apr 16 06:12:21 2023|main.py|INFO] EPOCH [25/100] Learning rate: 0.00283
[Sun Apr 16 06:12:21 2023|main.py|INFO] EPOCH [25/100] NME improved from 0.06268 to 0.06237
[Sun Apr 16 06:12:21 2023|main.py|INFO] EPOCH [25/100] Saving model to: checkpoints/raw_CNN_noAug_MSE_lr0.6_B4/2023-04-16_06-12-21_epoch_25_NME_0.06237.pth.tar
[Sun Apr 16 06:12:41 2023|main.py|INFO] EPOCH [26/100] Train NME: 0.04494
[Sun Apr 16 06:12:43 2023|main.py|INFO] EPOCH [26/100] Test NME: 0.06298
[Sun Apr 16 06:12:43 2023|main.py|INFO] EPOCH [26/100] Learning rate: 0.00227
[Sun Apr 16 06:13:03 2023|main.py|INFO] EPOCH [27/100] Train NME: 0.04491
[Sun Apr 16 06:13:05 2023|main.py|INFO] EPOCH [27/100] Test NME: 0.06259
[Sun Apr 16 06:13:05 2023|main.py|INFO] EPOCH [27/100] Learning rate: 0.00181
[Sun Apr 16 06:13:25 2023|main.py|INFO] EPOCH [28/100] Train NME: 0.04447
[Sun Apr 16 06:13:27 2023|main.py|INFO] EPOCH [28/100] Test NME: 0.06289
[Sun Apr 16 06:13:27 2023|main.py|INFO] EPOCH [28/100] Learning rate: 0.00145
[Sun Apr 16 06:13:47 2023|main.py|INFO] EPOCH [29/100] Train NME: 0.04438
[Sun Apr 16 06:13:49 2023|main.py|INFO] EPOCH [29/100] Test NME: 0.06284
[Sun Apr 16 06:13:49 2023|main.py|INFO] EPOCH [29/100] Learning rate: 0.00116
[Sun Apr 16 06:14:09 2023|main.py|INFO] EPOCH [30/100] Train NME: 0.04434
[Sun Apr 16 06:14:11 2023|main.py|INFO] EPOCH [30/100] Test NME: 0.06227
[Sun Apr 16 06:14:11 2023|main.py|INFO] EPOCH [30/100] Learning rate: 0.00093
[Sun Apr 16 06:14:11 2023|main.py|INFO] EPOCH [30/100] NME improved from 0.06237 to 0.06227
[Sun Apr 16 06:14:11 2023|main.py|INFO] EPOCH [30/100] Saving model to: checkpoints/raw_CNN_noAug_MSE_lr0.6_B4/2023-04-16_06-14-11_epoch_30_NME_0.06227.pth.tar
[Sun Apr 16 06:14:31 2023|main.py|INFO] EPOCH [31/100] Train NME: 0.04430
[Sun Apr 16 06:14:33 2023|main.py|INFO] EPOCH [31/100] Test NME: 0.06300
[Sun Apr 16 06:14:33 2023|main.py|INFO] EPOCH [31/100] Learning rate: 0.00074
[Sun Apr 16 06:14:53 2023|main.py|INFO] EPOCH [32/100] Train NME: 0.04433
[Sun Apr 16 06:14:55 2023|main.py|INFO] EPOCH [32/100] Test NME: 0.06237
[Sun Apr 16 06:14:55 2023|main.py|INFO] EPOCH [32/100] Learning rate: 0.00059
[Sun Apr 16 06:15:15 2023|main.py|INFO] EPOCH [33/100] Train NME: 0.04419
[Sun Apr 16 06:15:17 2023|main.py|INFO] EPOCH [33/100] Test NME: 0.06293
[Sun Apr 16 06:15:17 2023|main.py|INFO] EPOCH [33/100] Learning rate: 0.00048
[Sun Apr 16 06:15:37 2023|main.py|INFO] EPOCH [34/100] Train NME: 0.04400
[Sun Apr 16 06:15:39 2023|main.py|INFO] EPOCH [34/100] Test NME: 0.06290
[Sun Apr 16 06:15:39 2023|main.py|INFO] EPOCH [34/100] Learning rate: 0.00038
[Sun Apr 16 06:15:59 2023|main.py|INFO] EPOCH [35/100] Train NME: 0.04391
[Sun Apr 16 06:16:01 2023|main.py|INFO] EPOCH [35/100] Test NME: 0.06241
[Sun Apr 16 06:16:01 2023|main.py|INFO] EPOCH [35/100] Learning rate: 0.00030
[Sun Apr 16 06:16:21 2023|main.py|INFO] EPOCH [36/100] Train NME: 0.04375
[Sun Apr 16 06:16:23 2023|main.py|INFO] EPOCH [36/100] Test NME: 0.06230
[Sun Apr 16 06:16:23 2023|main.py|INFO] EPOCH [36/100] Learning rate: 0.00024
[Sun Apr 16 06:16:43 2023|main.py|INFO] EPOCH [37/100] Train NME: 0.04380
[Sun Apr 16 06:16:45 2023|main.py|INFO] EPOCH [37/100] Test NME: 0.06231
[Sun Apr 16 06:16:45 2023|main.py|INFO] EPOCH [37/100] Learning rate: 0.00019
[Sun Apr 16 06:17:05 2023|main.py|INFO] EPOCH [38/100] Train NME: 0.04367
[Sun Apr 16 06:17:07 2023|main.py|INFO] EPOCH [38/100] Test NME: 0.06307
[Sun Apr 16 06:17:07 2023|main.py|INFO] EPOCH [38/100] Learning rate: 0.00016
[Sun Apr 16 06:17:26 2023|main.py|INFO] EPOCH [39/100] Train NME: 0.04388
[Sun Apr 16 06:17:28 2023|main.py|INFO] EPOCH [39/100] Test NME: 0.06256
[Sun Apr 16 06:17:28 2023|main.py|INFO] EPOCH [39/100] Learning rate: 0.00012
[Sun Apr 16 06:17:48 2023|main.py|INFO] EPOCH [40/100] Train NME: 0.04373
[Sun Apr 16 06:17:50 2023|main.py|INFO] EPOCH [40/100] Test NME: 0.06304
[Sun Apr 16 06:17:50 2023|main.py|INFO] EPOCH [40/100] Learning rate: 0.00010
[Sun Apr 16 06:18:10 2023|main.py|INFO] EPOCH [41/100] Train NME: 0.04362
[Sun Apr 16 06:18:12 2023|main.py|INFO] EPOCH [41/100] Test NME: 0.06190
[Sun Apr 16 06:18:12 2023|main.py|INFO] EPOCH [41/100] Learning rate: 0.00008
[Sun Apr 16 06:18:12 2023|main.py|INFO] EPOCH [41/100] NME improved from 0.06227 to 0.06190
[Sun Apr 16 06:18:12 2023|main.py|INFO] EPOCH [41/100] Saving model to: checkpoints/raw_CNN_noAug_MSE_lr0.6_B4/2023-04-16_06-18-12_epoch_41_NME_0.06190.pth.tar
[Sun Apr 16 06:18:31 2023|main.py|INFO] EPOCH [42/100] Train NME: 0.04362
[Sun Apr 16 06:18:34 2023|main.py|INFO] EPOCH [42/100] Test NME: 0.06221
[Sun Apr 16 06:18:34 2023|main.py|INFO] EPOCH [42/100] Learning rate: 0.00006
[Sun Apr 16 06:18:53 2023|main.py|INFO] EPOCH [43/100] Train NME: 0.04366
[Sun Apr 16 06:18:56 2023|main.py|INFO] EPOCH [43/100] Test NME: 0.06196
[Sun Apr 16 06:18:56 2023|main.py|INFO] EPOCH [43/100] Learning rate: 0.00005
[Sun Apr 16 06:19:15 2023|main.py|INFO] EPOCH [44/100] Train NME: 0.04369
[Sun Apr 16 06:19:17 2023|main.py|INFO] EPOCH [44/100] Test NME: 0.06295
[Sun Apr 16 06:19:17 2023|main.py|INFO] EPOCH [44/100] Learning rate: 0.00004
[Sun Apr 16 06:19:37 2023|main.py|INFO] EPOCH [45/100] Train NME: 0.04359
[Sun Apr 16 06:19:39 2023|main.py|INFO] EPOCH [45/100] Test NME: 0.06261
[Sun Apr 16 06:19:39 2023|main.py|INFO] EPOCH [45/100] Learning rate: 0.00003
[Sun Apr 16 06:19:58 2023|main.py|INFO] EPOCH [46/100] Train NME: 0.04363
[Sun Apr 16 06:20:01 2023|main.py|INFO] EPOCH [46/100] Test NME: 0.06275
[Sun Apr 16 06:20:01 2023|main.py|INFO] EPOCH [46/100] Learning rate: 0.00003
[Sun Apr 16 06:20:20 2023|main.py|INFO] EPOCH [47/100] Train NME: 0.04345
[Sun Apr 16 06:20:22 2023|main.py|INFO] EPOCH [47/100] Test NME: 0.06264
[Sun Apr 16 06:20:22 2023|main.py|INFO] EPOCH [47/100] Learning rate: 0.00002
[Sun Apr 16 06:20:42 2023|main.py|INFO] EPOCH [48/100] Train NME: 0.04361
[Sun Apr 16 06:20:44 2023|main.py|INFO] EPOCH [48/100] Test NME: 0.06236
[Sun Apr 16 06:20:44 2023|main.py|INFO] EPOCH [48/100] Learning rate: 0.00002
[Sun Apr 16 06:21:05 2023|main.py|INFO] EPOCH [49/100] Train NME: 0.04362
[Sun Apr 16 06:21:07 2023|main.py|INFO] EPOCH [49/100] Test NME: 0.06209
[Sun Apr 16 06:21:07 2023|main.py|INFO] EPOCH [49/100] Learning rate: 0.00001
[Sun Apr 16 06:21:26 2023|main.py|INFO] EPOCH [50/100] Train NME: 0.04357
[Sun Apr 16 06:21:28 2023|main.py|INFO] EPOCH [50/100] Test NME: 0.06312
[Sun Apr 16 06:21:28 2023|main.py|INFO] EPOCH [50/100] Learning rate: 0.00001
[Sun Apr 16 06:21:48 2023|main.py|INFO] EPOCH [51/100] Train NME: 0.04362
[Sun Apr 16 06:21:50 2023|main.py|INFO] EPOCH [51/100] Test NME: 0.06235
[Sun Apr 16 06:21:50 2023|main.py|INFO] EPOCH [51/100] Learning rate: 0.00001
[Sun Apr 16 06:22:10 2023|main.py|INFO] EPOCH [52/100] Train NME: 0.04342
[Sun Apr 16 06:22:12 2023|main.py|INFO] EPOCH [52/100] Test NME: 0.06286
[Sun Apr 16 06:22:12 2023|main.py|INFO] EPOCH [52/100] Learning rate: 0.00001
[Sun Apr 16 06:22:32 2023|main.py|INFO] EPOCH [53/100] Train NME: 0.04373
[Sun Apr 16 06:22:34 2023|main.py|INFO] EPOCH [53/100] Test NME: 0.06210
[Sun Apr 16 06:22:34 2023|main.py|INFO] EPOCH [53/100] Learning rate: 0.00001
[Sun Apr 16 06:22:54 2023|main.py|INFO] EPOCH [54/100] Train NME: 0.04367
[Sun Apr 16 06:22:56 2023|main.py|INFO] EPOCH [54/100] Test NME: 0.06245
[Sun Apr 16 06:22:56 2023|main.py|INFO] EPOCH [54/100] Learning rate: 0.00000
[Sun Apr 16 06:23:16 2023|main.py|INFO] EPOCH [55/100] Train NME: 0.04359
[Sun Apr 16 06:23:18 2023|main.py|INFO] EPOCH [55/100] Test NME: 0.06268
[Sun Apr 16 06:23:18 2023|main.py|INFO] EPOCH [55/100] Learning rate: 0.00000
[Sun Apr 16 06:23:37 2023|main.py|INFO] EPOCH [56/100] Train NME: 0.04354
[Sun Apr 16 06:23:39 2023|main.py|INFO] EPOCH [56/100] Test NME: 0.06228
[Sun Apr 16 06:23:39 2023|main.py|INFO] EPOCH [56/100] Learning rate: 0.00000
[Sun Apr 16 06:23:59 2023|main.py|INFO] EPOCH [57/100] Train NME: 0.04353
[Sun Apr 16 06:24:01 2023|main.py|INFO] EPOCH [57/100] Test NME: 0.06243
[Sun Apr 16 06:24:01 2023|main.py|INFO] EPOCH [57/100] Learning rate: 0.00000
[Sun Apr 16 06:24:21 2023|main.py|INFO] EPOCH [58/100] Train NME: 0.04358
[Sun Apr 16 06:24:23 2023|main.py|INFO] EPOCH [58/100] Test NME: 0.06235
[Sun Apr 16 06:24:23 2023|main.py|INFO] EPOCH [58/100] Learning rate: 0.00000
[Sun Apr 16 06:24:43 2023|main.py|INFO] EPOCH [59/100] Train NME: 0.04368
[Sun Apr 16 06:24:45 2023|main.py|INFO] EPOCH [59/100] Test NME: 0.06242
[Sun Apr 16 06:24:45 2023|main.py|INFO] EPOCH [59/100] Learning rate: 0.00000
[Sun Apr 16 06:25:04 2023|main.py|INFO] EPOCH [60/100] Train NME: 0.04355
[Sun Apr 16 06:25:07 2023|main.py|INFO] EPOCH [60/100] Test NME: 0.06221
[Sun Apr 16 06:25:07 2023|main.py|INFO] EPOCH [60/100] Learning rate: 0.00000
[Sun Apr 16 06:25:26 2023|main.py|INFO] EPOCH [61/100] Train NME: 0.04343
[Sun Apr 16 06:25:28 2023|main.py|INFO] EPOCH [61/100] Test NME: 0.06242
[Sun Apr 16 06:25:28 2023|main.py|INFO] EPOCH [61/100] Learning rate: 0.00000
[Sun Apr 16 06:25:49 2023|main.py|INFO] EPOCH [62/100] Train NME: 0.04357
[Sun Apr 16 06:25:51 2023|main.py|INFO] EPOCH [62/100] Test NME: 0.06207
[Sun Apr 16 06:25:51 2023|main.py|INFO] EPOCH [62/100] Learning rate: 0.00000
[Sun Apr 16 06:26:11 2023|main.py|INFO] EPOCH [63/100] Train NME: 0.04362
[Sun Apr 16 06:26:13 2023|main.py|INFO] EPOCH [63/100] Test NME: 0.06251
[Sun Apr 16 06:26:13 2023|main.py|INFO] EPOCH [63/100] Learning rate: 0.00000
[Sun Apr 16 06:26:32 2023|main.py|INFO] EPOCH [64/100] Train NME: 0.04371
[Sun Apr 16 06:26:34 2023|main.py|INFO] EPOCH [64/100] Test NME: 0.06196
[Sun Apr 16 06:26:34 2023|main.py|INFO] EPOCH [64/100] Learning rate: 0.00000
[Sun Apr 16 06:26:54 2023|main.py|INFO] EPOCH [65/100] Train NME: 0.04358
[Sun Apr 16 06:26:56 2023|main.py|INFO] EPOCH [65/100] Test NME: 0.06266
[Sun Apr 16 06:26:56 2023|main.py|INFO] EPOCH [65/100] Learning rate: 0.00000
[Sun Apr 16 06:27:16 2023|main.py|INFO] EPOCH [66/100] Train NME: 0.04369
[Sun Apr 16 06:27:18 2023|main.py|INFO] EPOCH [66/100] Test NME: 0.06239
[Sun Apr 16 06:27:18 2023|main.py|INFO] EPOCH [66/100] Learning rate: 0.00000
[Sun Apr 16 06:27:38 2023|main.py|INFO] EPOCH [67/100] Train NME: 0.04363
[Sun Apr 16 06:27:40 2023|main.py|INFO] EPOCH [67/100] Test NME: 0.06265
[Sun Apr 16 06:27:40 2023|main.py|INFO] EPOCH [67/100] Learning rate: 0.00000
[Sun Apr 16 06:28:00 2023|main.py|INFO] EPOCH [68/100] Train NME: 0.04365
[Sun Apr 16 06:28:02 2023|main.py|INFO] EPOCH [68/100] Test NME: 0.06249
[Sun Apr 16 06:28:02 2023|main.py|INFO] EPOCH [68/100] Learning rate: 0.00000
[Sun Apr 16 06:28:21 2023|main.py|INFO] EPOCH [69/100] Train NME: 0.04366
[Sun Apr 16 06:28:24 2023|main.py|INFO] EPOCH [69/100] Test NME: 0.06259
[Sun Apr 16 06:28:24 2023|main.py|INFO] EPOCH [69/100] Learning rate: 0.00000
[Sun Apr 16 06:28:43 2023|main.py|INFO] EPOCH [70/100] Train NME: 0.04354
[Sun Apr 16 06:28:45 2023|main.py|INFO] EPOCH [70/100] Test NME: 0.06231
[Sun Apr 16 06:28:45 2023|main.py|INFO] EPOCH [70/100] Learning rate: 0.00000
[Sun Apr 16 06:29:05 2023|main.py|INFO] EPOCH [71/100] Train NME: 0.04362
[Sun Apr 16 06:29:08 2023|main.py|INFO] EPOCH [71/100] Test NME: 0.06240
[Sun Apr 16 06:29:08 2023|main.py|INFO] EPOCH [71/100] Learning rate: 0.00000
[Sun Apr 16 06:29:27 2023|main.py|INFO] EPOCH [72/100] Train NME: 0.04366
[Sun Apr 16 06:29:29 2023|main.py|INFO] EPOCH [72/100] Test NME: 0.06230
[Sun Apr 16 06:29:29 2023|main.py|INFO] EPOCH [72/100] Learning rate: 0.00000
[Sun Apr 16 06:29:49 2023|main.py|INFO] EPOCH [73/100] Train NME: 0.04356
[Sun Apr 16 06:29:51 2023|main.py|INFO] EPOCH [73/100] Test NME: 0.06240
[Sun Apr 16 06:29:51 2023|main.py|INFO] EPOCH [73/100] Learning rate: 0.00000
[Sun Apr 16 06:30:12 2023|main.py|INFO] EPOCH [74/100] Train NME: 0.04349
[Sun Apr 16 06:30:14 2023|main.py|INFO] EPOCH [74/100] Test NME: 0.06273
[Sun Apr 16 06:30:14 2023|main.py|INFO] EPOCH [74/100] Learning rate: 0.00000
[Sun Apr 16 06:30:33 2023|main.py|INFO] EPOCH [75/100] Train NME: 0.04368
[Sun Apr 16 06:30:35 2023|main.py|INFO] EPOCH [75/100] Test NME: 0.06233
[Sun Apr 16 06:30:35 2023|main.py|INFO] EPOCH [75/100] Learning rate: 0.00000
[Sun Apr 16 06:30:56 2023|main.py|INFO] EPOCH [76/100] Train NME: 0.04358
[Sun Apr 16 06:30:58 2023|main.py|INFO] EPOCH [76/100] Test NME: 0.06249
[Sun Apr 16 06:30:58 2023|main.py|INFO] EPOCH [76/100] Learning rate: 0.00000
[Sun Apr 16 06:31:17 2023|main.py|INFO] EPOCH [77/100] Train NME: 0.04351
[Sun Apr 16 06:31:19 2023|main.py|INFO] EPOCH [77/100] Test NME: 0.06230
[Sun Apr 16 06:31:19 2023|main.py|INFO] EPOCH [77/100] Learning rate: 0.00000
[Sun Apr 16 06:31:39 2023|main.py|INFO] EPOCH [78/100] Train NME: 0.04356
[Sun Apr 16 06:31:41 2023|main.py|INFO] EPOCH [78/100] Test NME: 0.06218
[Sun Apr 16 06:31:41 2023|main.py|INFO] EPOCH [78/100] Learning rate: 0.00000
[Sun Apr 16 06:32:01 2023|main.py|INFO] EPOCH [79/100] Train NME: 0.04377
[Sun Apr 16 06:32:03 2023|main.py|INFO] EPOCH [79/100] Test NME: 0.06243
[Sun Apr 16 06:32:03 2023|main.py|INFO] EPOCH [79/100] Learning rate: 0.00000
[Sun Apr 16 06:32:22 2023|main.py|INFO] EPOCH [80/100] Train NME: 0.04383
[Sun Apr 16 06:32:25 2023|main.py|INFO] EPOCH [80/100] Test NME: 0.06239
[Sun Apr 16 06:32:25 2023|main.py|INFO] EPOCH [80/100] Learning rate: 0.00000
[Sun Apr 16 06:32:41 2023|main.py|INFO] EPOCH [81/100] Train NME: 0.04365
[Sun Apr 16 06:32:42 2023|main.py|INFO] EPOCH [81/100] Test NME: 0.06239
[Sun Apr 16 06:32:42 2023|main.py|INFO] EPOCH [81/100] Learning rate: 0.00000
[Sun Apr 16 06:32:56 2023|main.py|INFO] EPOCH [82/100] Train NME: 0.04355
[Sun Apr 16 06:32:57 2023|main.py|INFO] EPOCH [82/100] Test NME: 0.06252
[Sun Apr 16 06:32:57 2023|main.py|INFO] EPOCH [82/100] Learning rate: 0.00000
[Sun Apr 16 06:33:10 2023|main.py|INFO] EPOCH [83/100] Train NME: 0.04340
[Sun Apr 16 06:33:12 2023|main.py|INFO] EPOCH [83/100] Test NME: 0.06248
[Sun Apr 16 06:33:12 2023|main.py|INFO] EPOCH [83/100] Learning rate: 0.00000
[Sun Apr 16 06:33:25 2023|main.py|INFO] EPOCH [84/100] Train NME: 0.04369
[Sun Apr 16 06:33:27 2023|main.py|INFO] EPOCH [84/100] Test NME: 0.06266
[Sun Apr 16 06:33:27 2023|main.py|INFO] EPOCH [84/100] Learning rate: 0.00000
[Sun Apr 16 06:33:40 2023|main.py|INFO] EPOCH [85/100] Train NME: 0.04350
[Sun Apr 16 06:33:41 2023|main.py|INFO] EPOCH [85/100] Test NME: 0.06207
[Sun Apr 16 06:33:41 2023|main.py|INFO] EPOCH [85/100] Learning rate: 0.00000
[Sun Apr 16 06:33:55 2023|main.py|INFO] EPOCH [86/100] Train NME: 0.04339
[Sun Apr 16 06:33:56 2023|main.py|INFO] EPOCH [86/100] Test NME: 0.06265
[Sun Apr 16 06:33:56 2023|main.py|INFO] EPOCH [86/100] Learning rate: 0.00000
[Sun Apr 16 06:34:10 2023|main.py|INFO] EPOCH [87/100] Train NME: 0.04357
[Sun Apr 16 06:34:12 2023|main.py|INFO] EPOCH [87/100] Test NME: 0.06262
[Sun Apr 16 06:34:12 2023|main.py|INFO] EPOCH [87/100] Learning rate: 0.00000
[Sun Apr 16 06:34:25 2023|main.py|INFO] EPOCH [88/100] Train NME: 0.04350
[Sun Apr 16 06:34:26 2023|main.py|INFO] EPOCH [88/100] Test NME: 0.06207
[Sun Apr 16 06:34:26 2023|main.py|INFO] EPOCH [88/100] Learning rate: 0.00000
[Sun Apr 16 06:34:40 2023|main.py|INFO] EPOCH [89/100] Train NME: 0.04353
[Sun Apr 16 06:34:41 2023|main.py|INFO] EPOCH [89/100] Test NME: 0.06282
[Sun Apr 16 06:34:41 2023|main.py|INFO] EPOCH [89/100] Learning rate: 0.00000
[Sun Apr 16 06:34:54 2023|main.py|INFO] EPOCH [90/100] Train NME: 0.04353
[Sun Apr 16 06:34:55 2023|main.py|INFO] EPOCH [90/100] Test NME: 0.06266
[Sun Apr 16 06:34:55 2023|main.py|INFO] EPOCH [90/100] Learning rate: 0.00000
[Sun Apr 16 06:35:09 2023|main.py|INFO] EPOCH [91/100] Train NME: 0.04368
[Sun Apr 16 06:35:10 2023|main.py|INFO] EPOCH [91/100] Test NME: 0.06254
[Sun Apr 16 06:35:10 2023|main.py|INFO] EPOCH [91/100] Learning rate: 0.00000
[Sun Apr 16 06:35:23 2023|main.py|INFO] EPOCH [92/100] Train NME: 0.04359
[Sun Apr 16 06:35:25 2023|main.py|INFO] EPOCH [92/100] Test NME: 0.06301
[Sun Apr 16 06:35:25 2023|main.py|INFO] EPOCH [92/100] Learning rate: 0.00000
[Sun Apr 16 06:35:38 2023|main.py|INFO] EPOCH [93/100] Train NME: 0.04367
[Sun Apr 16 06:35:39 2023|main.py|INFO] EPOCH [93/100] Test NME: 0.06227
[Sun Apr 16 06:35:39 2023|main.py|INFO] EPOCH [93/100] Learning rate: 0.00000
[Sun Apr 16 06:35:52 2023|main.py|INFO] EPOCH [94/100] Train NME: 0.04351
[Sun Apr 16 06:35:54 2023|main.py|INFO] EPOCH [94/100] Test NME: 0.06221
[Sun Apr 16 06:35:54 2023|main.py|INFO] EPOCH [94/100] Learning rate: 0.00000
[Sun Apr 16 06:36:07 2023|main.py|INFO] EPOCH [95/100] Train NME: 0.04380
[Sun Apr 16 06:36:08 2023|main.py|INFO] EPOCH [95/100] Test NME: 0.06255
[Sun Apr 16 06:36:08 2023|main.py|INFO] EPOCH [95/100] Learning rate: 0.00000
[Sun Apr 16 06:36:21 2023|main.py|INFO] EPOCH [96/100] Train NME: 0.04348
[Sun Apr 16 06:36:23 2023|main.py|INFO] EPOCH [96/100] Test NME: 0.06266
[Sun Apr 16 06:36:23 2023|main.py|INFO] EPOCH [96/100] Learning rate: 0.00000
[Sun Apr 16 06:36:31 2023|main.py|INFO] EPOCH [97/100] Train NME: 0.04363
[Sun Apr 16 06:36:32 2023|main.py|INFO] EPOCH [97/100] Test NME: 0.06263
[Sun Apr 16 06:36:32 2023|main.py|INFO] EPOCH [97/100] Learning rate: 0.00000
[Sun Apr 16 06:36:40 2023|main.py|INFO] EPOCH [98/100] Train NME: 0.04366
[Sun Apr 16 06:36:41 2023|main.py|INFO] EPOCH [98/100] Test NME: 0.06254
[Sun Apr 16 06:36:41 2023|main.py|INFO] EPOCH [98/100] Learning rate: 0.00000
[Sun Apr 16 06:36:50 2023|main.py|INFO] EPOCH [99/100] Train NME: 0.04360
[Sun Apr 16 06:36:51 2023|main.py|INFO] EPOCH [99/100] Test NME: 0.06253
[Sun Apr 16 06:36:51 2023|main.py|INFO] EPOCH [99/100] Learning rate: 0.00000
[Sun Apr 16 06:36:59 2023|main.py|INFO] EPOCH [100/100] Train NME: 0.04355
[Sun Apr 16 06:37:00 2023|main.py|INFO] EPOCH [100/100] Test NME: 0.06333
[Sun Apr 16 06:37:00 2023|main.py|INFO] EPOCH [100/100] Learning rate: 0.00000
