[Sun Apr 16 18:27:23 2023|main.py|INFO] Task: raw_CNN_noAug_Wing_lr0.3_B32
[Sun Apr 16 18:27:23 2023|main.py|INFO] Using device: cuda
[Sun Apr 16 18:27:23 2023|main.py|INFO] Using config: config\raw_CNN_noAug_Wing\raw_CNN_noAug_Wing_lr0.3_B32.yaml
[Sun Apr 16 18:27:23 2023|main.py|INFO] Train path: data/training_images_full_train.npz
[Sun Apr 16 18:27:23 2023|main.py|INFO] Test path: data/training_images_full_test.npz
[Sun Apr 16 18:27:23 2023|main.py|INFO] Train augment: False
[Sun Apr 16 18:27:23 2023|main.py|INFO] Learning rate: 0.3
[Sun Apr 16 18:27:23 2023|main.py|INFO] Batch size: 32
[Sun Apr 16 18:27:23 2023|main.py|INFO] Num epochs: 100
[Sun Apr 16 18:27:23 2023|main.py|INFO] Save model: True
[Sun Apr 16 18:27:23 2023|main.py|INFO] Loss: Wing
[Sun Apr 16 18:27:23 2023|main.py|INFO] Log path: logs/raw_CNN_noAug_Wing_lr0.3_B32/2023-04-16_18-27-23.log
[Sun Apr 16 18:27:23 2023|main.py|INFO] Writer path: runs/raw_CNN_noAug_Wing_lr0.3_B32/2023-04-16_18-27-23
[Sun Apr 16 18:27:23 2023|main.py|INFO] Model name: resnet18
[Sun Apr 16 18:27:23 2023|main.py|INFO] Num outputs: 88
[Sun Apr 16 18:27:23 2023|main.py|INFO] Pretrained: True
[Sun Apr 16 18:27:23 2023|main.py|INFO] Load model: False
[Sun Apr 16 18:27:23 2023|main.py|INFO] Load path: None
[Sun Apr 16 18:27:23 2023|main.py|INFO] Loading data...
[Sun Apr 16 18:27:23 2023|main.py|INFO] Load dataset for raw_CNN_noAug_Wing_lr0.3_B32
[Sun Apr 16 18:27:25 2023|main.py|INFO] Initializing network resnet18 with 88 outputs...
[Sun Apr 16 18:27:25 2023|main.py|INFO] Network: ResNet(
  (conv1): Conv2d(3, 64, kernel_size=(7, 7), stride=(2, 2), padding=(3, 3), bias=False)
  (bn1): BatchNorm2d(64, eps=1e-05, momentum=0.1, affine=True, track_running_stats=True)
  (relu): ReLU(inplace=True)
  (maxpool): MaxPool2d(kernel_size=3, stride=2, padding=1, dilation=1, ceil_mode=False)
  (layer1): Sequential(
    (0): BasicBlock(
      (conv1): Conv2d(64, 64, kernel_size=(3, 3), stride=(1, 1), padding=(1, 1), bias=False)
      (bn1): BatchNorm2d(64, eps=1e-05, momentum=0.1, affine=True, track_running_stats=True)
      (relu): ReLU(inplace=True)
      (conv2): Conv2d(64, 64, kernel_size=(3, 3), stride=(1, 1), padding=(1, 1), bias=False)
      (bn2): BatchNorm2d(64, eps=1e-05, momentum=0.1, affine=True, track_running_stats=True)
    )
    (1): BasicBlock(
      (conv1): Conv2d(64, 64, kernel_size=(3, 3), stride=(1, 1), padding=(1, 1), bias=False)
      (bn1): BatchNorm2d(64, eps=1e-05, momentum=0.1, affine=True, track_running_stats=True)
      (relu): ReLU(inplace=True)
      (conv2): Conv2d(64, 64, kernel_size=(3, 3), stride=(1, 1), padding=(1, 1), bias=False)
      (bn2): BatchNorm2d(64, eps=1e-05, momentum=0.1, affine=True, track_running_stats=True)
    )
  )
  (layer2): Sequential(
    (0): BasicBlock(
      (conv1): Conv2d(64, 128, kernel_size=(3, 3), stride=(2, 2), padding=(1, 1), bias=False)
      (bn1): BatchNorm2d(128, eps=1e-05, momentum=0.1, affine=True, track_running_stats=True)
      (relu): ReLU(inplace=True)
      (conv2): Conv2d(128, 128, kernel_size=(3, 3), stride=(1, 1), padding=(1, 1), bias=False)
      (bn2): BatchNorm2d(128, eps=1e-05, momentum=0.1, affine=True, track_running_stats=True)
      (downsample): Sequential(
        (0): Conv2d(64, 128, kernel_size=(1, 1), stride=(2, 2), bias=False)
        (1): BatchNorm2d(128, eps=1e-05, momentum=0.1, affine=True, track_running_stats=True)
      )
    )
    (1): BasicBlock(
      (conv1): Conv2d(128, 128, kernel_size=(3, 3), stride=(1, 1), padding=(1, 1), bias=False)
      (bn1): BatchNorm2d(128, eps=1e-05, momentum=0.1, affine=True, track_running_stats=True)
      (relu): ReLU(inplace=True)
      (conv2): Conv2d(128, 128, kernel_size=(3, 3), stride=(1, 1), padding=(1, 1), bias=False)
      (bn2): BatchNorm2d(128, eps=1e-05, momentum=0.1, affine=True, track_running_stats=True)
    )
  )
  (layer3): Sequential(
    (0): BasicBlock(
      (conv1): Conv2d(128, 256, kernel_size=(3, 3), stride=(2, 2), padding=(1, 1), bias=False)
      (bn1): BatchNorm2d(256, eps=1e-05, momentum=0.1, affine=True, track_running_stats=True)
      (relu): ReLU(inplace=True)
      (conv2): Conv2d(256, 256, kernel_size=(3, 3), stride=(1, 1), padding=(1, 1), bias=False)
      (bn2): BatchNorm2d(256, eps=1e-05, momentum=0.1, affine=True, track_running_stats=True)
      (downsample): Sequential(
        (0): Conv2d(128, 256, kernel_size=(1, 1), stride=(2, 2), bias=False)
        (1): BatchNorm2d(256, eps=1e-05, momentum=0.1, affine=True, track_running_stats=True)
      )
    )
    (1): BasicBlock(
      (conv1): Conv2d(256, 256, kernel_size=(3, 3), stride=(1, 1), padding=(1, 1), bias=False)
      (bn1): BatchNorm2d(256, eps=1e-05, momentum=0.1, affine=True, track_running_stats=True)
      (relu): ReLU(inplace=True)
      (conv2): Conv2d(256, 256, kernel_size=(3, 3), stride=(1, 1), padding=(1, 1), bias=False)
      (bn2): BatchNorm2d(256, eps=1e-05, momentum=0.1, affine=True, track_running_stats=True)
    )
  )
  (layer4): Sequential(
    (0): BasicBlock(
      (conv1): Conv2d(256, 512, kernel_size=(3, 3), stride=(2, 2), padding=(1, 1), bias=False)
      (bn1): BatchNorm2d(512, eps=1e-05, momentum=0.1, affine=True, track_running_stats=True)
      (relu): ReLU(inplace=True)
      (conv2): Conv2d(512, 512, kernel_size=(3, 3), stride=(1, 1), padding=(1, 1), bias=False)
      (bn2): BatchNorm2d(512, eps=1e-05, momentum=0.1, affine=True, track_running_stats=True)
      (downsample): Sequential(
        (0): Conv2d(256, 512, kernel_size=(1, 1), stride=(2, 2), bias=False)
        (1): BatchNorm2d(512, eps=1e-05, momentum=0.1, affine=True, track_running_stats=True)
      )
    )
    (1): BasicBlock(
      (conv1): Conv2d(512, 512, kernel_size=(3, 3), stride=(1, 1), padding=(1, 1), bias=False)
      (bn1): BatchNorm2d(512, eps=1e-05, momentum=0.1, affine=True, track_running_stats=True)
      (relu): ReLU(inplace=True)
      (conv2): Conv2d(512, 512, kernel_size=(3, 3), stride=(1, 1), padding=(1, 1), bias=False)
      (bn2): BatchNorm2d(512, eps=1e-05, momentum=0.1, affine=True, track_running_stats=True)
    )
  )
  (avgpool): AdaptiveAvgPool2d(output_size=(1, 1))
  (fc): Linear(in_features=512, out_features=88, bias=True)
)
[Sun Apr 16 18:27:25 2023|main.py|INFO] Initializing loss and optimizer...
[Sun Apr 16 18:27:25 2023|main.py|INFO] Loss: Wing
[Sun Apr 16 18:27:25 2023|main.py|INFO] Optimizer: Adam
[Sun Apr 16 18:27:25 2023|main.py|INFO] Initializing tensorboard writer at: runs/raw_CNN_noAug_Wing_lr0.3_B32/2023-04-16_18-27-23
[Sun Apr 16 18:27:25 2023|main.py|INFO] Training network...
[Sun Apr 16 18:27:32 2023|main.py|INFO] EPOCH [1/100] Train NME: 0.47287
[Sun Apr 16 18:27:33 2023|main.py|INFO] EPOCH [1/100] Test NME: 0.55178
[Sun Apr 16 18:27:33 2023|main.py|INFO] EPOCH [1/100] Learning rate: 0.30000
[Sun Apr 16 18:27:33 2023|main.py|INFO] EPOCH [1/100] NME improved from 1000.00000 to 0.55178
[Sun Apr 16 18:27:33 2023|main.py|INFO] EPOCH [1/100] Saving model to: checkpoints/raw_CNN_noAug_Wing_lr0.3_B32/2023-04-16_18-27-33_epoch_1_NME_0.55178.pth.tar
[Sun Apr 16 18:27:38 2023|main.py|INFO] EPOCH [2/100] Train NME: 0.27387
[Sun Apr 16 18:27:38 2023|main.py|INFO] EPOCH [2/100] Test NME: 0.34740
[Sun Apr 16 18:27:38 2023|main.py|INFO] EPOCH [2/100] Learning rate: 0.24000
[Sun Apr 16 18:27:38 2023|main.py|INFO] EPOCH [2/100] NME improved from 0.55178 to 0.34740
[Sun Apr 16 18:27:38 2023|main.py|INFO] EPOCH [2/100] Saving model to: checkpoints/raw_CNN_noAug_Wing_lr0.3_B32/2023-04-16_18-27-38_epoch_2_NME_0.34740.pth.tar
[Sun Apr 16 18:27:43 2023|main.py|INFO] EPOCH [3/100] Train NME: 0.17810
[Sun Apr 16 18:27:43 2023|main.py|INFO] EPOCH [3/100] Test NME: 0.17694
[Sun Apr 16 18:27:43 2023|main.py|INFO] EPOCH [3/100] Learning rate: 0.19200
[Sun Apr 16 18:27:43 2023|main.py|INFO] EPOCH [3/100] NME improved from 0.34740 to 0.17694
[Sun Apr 16 18:27:43 2023|main.py|INFO] EPOCH [3/100] Saving model to: checkpoints/raw_CNN_noAug_Wing_lr0.3_B32/2023-04-16_18-27-43_epoch_3_NME_0.17694.pth.tar
[Sun Apr 16 18:27:48 2023|main.py|INFO] EPOCH [4/100] Train NME: 0.16181
[Sun Apr 16 18:27:49 2023|main.py|INFO] EPOCH [4/100] Test NME: 0.15594
[Sun Apr 16 18:27:49 2023|main.py|INFO] EPOCH [4/100] Learning rate: 0.15360
[Sun Apr 16 18:27:49 2023|main.py|INFO] EPOCH [4/100] NME improved from 0.17694 to 0.15594
[Sun Apr 16 18:27:49 2023|main.py|INFO] EPOCH [4/100] Saving model to: checkpoints/raw_CNN_noAug_Wing_lr0.3_B32/2023-04-16_18-27-49_epoch_4_NME_0.15594.pth.tar
[Sun Apr 16 18:27:54 2023|main.py|INFO] EPOCH [5/100] Train NME: 0.15524
[Sun Apr 16 18:27:54 2023|main.py|INFO] EPOCH [5/100] Test NME: 0.15376
[Sun Apr 16 18:27:54 2023|main.py|INFO] EPOCH [5/100] Learning rate: 0.12288
[Sun Apr 16 18:27:54 2023|main.py|INFO] EPOCH [5/100] NME improved from 0.15594 to 0.15376
[Sun Apr 16 18:27:54 2023|main.py|INFO] EPOCH [5/100] Saving model to: checkpoints/raw_CNN_noAug_Wing_lr0.3_B32/2023-04-16_18-27-54_epoch_5_NME_0.15376.pth.tar
[Sun Apr 16 18:27:59 2023|main.py|INFO] EPOCH [6/100] Train NME: 0.15076
[Sun Apr 16 18:28:00 2023|main.py|INFO] EPOCH [6/100] Test NME: 0.14622
[Sun Apr 16 18:28:00 2023|main.py|INFO] EPOCH [6/100] Learning rate: 0.09830
[Sun Apr 16 18:28:00 2023|main.py|INFO] EPOCH [6/100] NME improved from 0.15376 to 0.14622
[Sun Apr 16 18:28:00 2023|main.py|INFO] EPOCH [6/100] Saving model to: checkpoints/raw_CNN_noAug_Wing_lr0.3_B32/2023-04-16_18-28-00_epoch_6_NME_0.14622.pth.tar
[Sun Apr 16 18:28:05 2023|main.py|INFO] EPOCH [7/100] Train NME: 0.14494
[Sun Apr 16 18:28:05 2023|main.py|INFO] EPOCH [7/100] Test NME: 0.15140
[Sun Apr 16 18:28:05 2023|main.py|INFO] EPOCH [7/100] Learning rate: 0.07864
[Sun Apr 16 18:28:10 2023|main.py|INFO] EPOCH [8/100] Train NME: 0.14183
[Sun Apr 16 18:28:10 2023|main.py|INFO] EPOCH [8/100] Test NME: 0.13800
[Sun Apr 16 18:28:10 2023|main.py|INFO] EPOCH [8/100] Learning rate: 0.06291
[Sun Apr 16 18:28:10 2023|main.py|INFO] EPOCH [8/100] NME improved from 0.14622 to 0.13800
[Sun Apr 16 18:28:10 2023|main.py|INFO] EPOCH [8/100] Saving model to: checkpoints/raw_CNN_noAug_Wing_lr0.3_B32/2023-04-16_18-28-10_epoch_8_NME_0.13800.pth.tar
[Sun Apr 16 18:28:15 2023|main.py|INFO] EPOCH [9/100] Train NME: 0.13883
[Sun Apr 16 18:28:15 2023|main.py|INFO] EPOCH [9/100] Test NME: 0.13616
[Sun Apr 16 18:28:15 2023|main.py|INFO] EPOCH [9/100] Learning rate: 0.05033
[Sun Apr 16 18:28:15 2023|main.py|INFO] EPOCH [9/100] NME improved from 0.13800 to 0.13616
[Sun Apr 16 18:28:15 2023|main.py|INFO] EPOCH [9/100] Saving model to: checkpoints/raw_CNN_noAug_Wing_lr0.3_B32/2023-04-16_18-28-15_epoch_9_NME_0.13616.pth.tar
[Sun Apr 16 18:28:20 2023|main.py|INFO] EPOCH [10/100] Train NME: 0.13671
[Sun Apr 16 18:28:21 2023|main.py|INFO] EPOCH [10/100] Test NME: 0.14016
[Sun Apr 16 18:28:21 2023|main.py|INFO] EPOCH [10/100] Learning rate: 0.04027
[Sun Apr 16 18:28:26 2023|main.py|INFO] EPOCH [11/100] Train NME: 0.13661
[Sun Apr 16 18:28:26 2023|main.py|INFO] EPOCH [11/100] Test NME: 0.13479
[Sun Apr 16 18:28:26 2023|main.py|INFO] EPOCH [11/100] Learning rate: 0.03221
[Sun Apr 16 18:28:26 2023|main.py|INFO] EPOCH [11/100] NME improved from 0.13616 to 0.13479
[Sun Apr 16 18:28:26 2023|main.py|INFO] EPOCH [11/100] Saving model to: checkpoints/raw_CNN_noAug_Wing_lr0.3_B32/2023-04-16_18-28-26_epoch_11_NME_0.13479.pth.tar
[Sun Apr 16 18:28:31 2023|main.py|INFO] EPOCH [12/100] Train NME: 0.13537
[Sun Apr 16 18:28:32 2023|main.py|INFO] EPOCH [12/100] Test NME: 0.13394
[Sun Apr 16 18:28:32 2023|main.py|INFO] EPOCH [12/100] Learning rate: 0.02577
[Sun Apr 16 18:28:32 2023|main.py|INFO] EPOCH [12/100] NME improved from 0.13479 to 0.13394
[Sun Apr 16 18:28:32 2023|main.py|INFO] EPOCH [12/100] Saving model to: checkpoints/raw_CNN_noAug_Wing_lr0.3_B32/2023-04-16_18-28-32_epoch_12_NME_0.13394.pth.tar
[Sun Apr 16 18:28:37 2023|main.py|INFO] EPOCH [13/100] Train NME: 0.13473
[Sun Apr 16 18:28:37 2023|main.py|INFO] EPOCH [13/100] Test NME: 0.13468
[Sun Apr 16 18:28:37 2023|main.py|INFO] EPOCH [13/100] Learning rate: 0.02062
[Sun Apr 16 18:28:42 2023|main.py|INFO] EPOCH [14/100] Train NME: 0.13431
[Sun Apr 16 18:28:43 2023|main.py|INFO] EPOCH [14/100] Test NME: 0.13373
[Sun Apr 16 18:28:43 2023|main.py|INFO] EPOCH [14/100] Learning rate: 0.01649
[Sun Apr 16 18:28:43 2023|main.py|INFO] EPOCH [14/100] NME improved from 0.13394 to 0.13373
[Sun Apr 16 18:28:43 2023|main.py|INFO] EPOCH [14/100] Saving model to: checkpoints/raw_CNN_noAug_Wing_lr0.3_B32/2023-04-16_18-28-43_epoch_14_NME_0.13373.pth.tar
[Sun Apr 16 18:28:48 2023|main.py|INFO] EPOCH [15/100] Train NME: 0.13340
[Sun Apr 16 18:28:48 2023|main.py|INFO] EPOCH [15/100] Test NME: 0.13349
[Sun Apr 16 18:28:48 2023|main.py|INFO] EPOCH [15/100] Learning rate: 0.01319
[Sun Apr 16 18:28:48 2023|main.py|INFO] EPOCH [15/100] NME improved from 0.13373 to 0.13349
[Sun Apr 16 18:28:48 2023|main.py|INFO] EPOCH [15/100] Saving model to: checkpoints/raw_CNN_noAug_Wing_lr0.3_B32/2023-04-16_18-28-48_epoch_15_NME_0.13349.pth.tar
[Sun Apr 16 18:28:53 2023|main.py|INFO] EPOCH [16/100] Train NME: 0.13321
[Sun Apr 16 18:28:54 2023|main.py|INFO] EPOCH [16/100] Test NME: 0.13305
[Sun Apr 16 18:28:54 2023|main.py|INFO] EPOCH [16/100] Learning rate: 0.01056
[Sun Apr 16 18:28:54 2023|main.py|INFO] EPOCH [16/100] NME improved from 0.13349 to 0.13305
[Sun Apr 16 18:28:54 2023|main.py|INFO] EPOCH [16/100] Saving model to: checkpoints/raw_CNN_noAug_Wing_lr0.3_B32/2023-04-16_18-28-54_epoch_16_NME_0.13305.pth.tar
[Sun Apr 16 18:28:59 2023|main.py|INFO] EPOCH [17/100] Train NME: 0.13319
[Sun Apr 16 18:28:59 2023|main.py|INFO] EPOCH [17/100] Test NME: 0.13274
[Sun Apr 16 18:28:59 2023|main.py|INFO] EPOCH [17/100] Learning rate: 0.00844
[Sun Apr 16 18:28:59 2023|main.py|INFO] EPOCH [17/100] NME improved from 0.13305 to 0.13274
[Sun Apr 16 18:28:59 2023|main.py|INFO] EPOCH [17/100] Saving model to: checkpoints/raw_CNN_noAug_Wing_lr0.3_B32/2023-04-16_18-28-59_epoch_17_NME_0.13274.pth.tar
[Sun Apr 16 18:29:04 2023|main.py|INFO] EPOCH [18/100] Train NME: 0.13254
[Sun Apr 16 18:29:05 2023|main.py|INFO] EPOCH [18/100] Test NME: 0.13283
[Sun Apr 16 18:29:05 2023|main.py|INFO] EPOCH [18/100] Learning rate: 0.00676
[Sun Apr 16 18:29:09 2023|main.py|INFO] EPOCH [19/100] Train NME: 0.13238
[Sun Apr 16 18:29:10 2023|main.py|INFO] EPOCH [19/100] Test NME: 0.13257
[Sun Apr 16 18:29:10 2023|main.py|INFO] EPOCH [19/100] Learning rate: 0.00540
[Sun Apr 16 18:29:10 2023|main.py|INFO] EPOCH [19/100] NME improved from 0.13274 to 0.13257
[Sun Apr 16 18:29:10 2023|main.py|INFO] EPOCH [19/100] Saving model to: checkpoints/raw_CNN_noAug_Wing_lr0.3_B32/2023-04-16_18-29-10_epoch_19_NME_0.13257.pth.tar
[Sun Apr 16 18:29:15 2023|main.py|INFO] EPOCH [20/100] Train NME: 0.13196
[Sun Apr 16 18:29:15 2023|main.py|INFO] EPOCH [20/100] Test NME: 0.13318
[Sun Apr 16 18:29:15 2023|main.py|INFO] EPOCH [20/100] Learning rate: 0.00432
[Sun Apr 16 18:29:20 2023|main.py|INFO] EPOCH [21/100] Train NME: 0.13256
[Sun Apr 16 18:29:20 2023|main.py|INFO] EPOCH [21/100] Test NME: 0.13310
[Sun Apr 16 18:29:20 2023|main.py|INFO] EPOCH [21/100] Learning rate: 0.00346
[Sun Apr 16 18:29:25 2023|main.py|INFO] EPOCH [22/100] Train NME: 0.13230
[Sun Apr 16 18:29:26 2023|main.py|INFO] EPOCH [22/100] Test NME: 0.13246
[Sun Apr 16 18:29:26 2023|main.py|INFO] EPOCH [22/100] Learning rate: 0.00277
[Sun Apr 16 18:29:26 2023|main.py|INFO] EPOCH [22/100] NME improved from 0.13257 to 0.13246
[Sun Apr 16 18:29:26 2023|main.py|INFO] EPOCH [22/100] Saving model to: checkpoints/raw_CNN_noAug_Wing_lr0.3_B32/2023-04-16_18-29-26_epoch_22_NME_0.13246.pth.tar
[Sun Apr 16 18:29:31 2023|main.py|INFO] EPOCH [23/100] Train NME: 0.13242
[Sun Apr 16 18:29:31 2023|main.py|INFO] EPOCH [23/100] Test NME: 0.13218
[Sun Apr 16 18:29:31 2023|main.py|INFO] EPOCH [23/100] Learning rate: 0.00221
[Sun Apr 16 18:29:31 2023|main.py|INFO] EPOCH [23/100] NME improved from 0.13246 to 0.13218
[Sun Apr 16 18:29:31 2023|main.py|INFO] EPOCH [23/100] Saving model to: checkpoints/raw_CNN_noAug_Wing_lr0.3_B32/2023-04-16_18-29-31_epoch_23_NME_0.13218.pth.tar
[Sun Apr 16 18:29:36 2023|main.py|INFO] EPOCH [24/100] Train NME: 0.13209
[Sun Apr 16 18:29:36 2023|main.py|INFO] EPOCH [24/100] Test NME: 0.13240
[Sun Apr 16 18:29:36 2023|main.py|INFO] EPOCH [24/100] Learning rate: 0.00177
[Sun Apr 16 18:29:41 2023|main.py|INFO] EPOCH [25/100] Train NME: 0.13214
[Sun Apr 16 18:29:42 2023|main.py|INFO] EPOCH [25/100] Test NME: 0.13213
[Sun Apr 16 18:29:42 2023|main.py|INFO] EPOCH [25/100] Learning rate: 0.00142
[Sun Apr 16 18:29:42 2023|main.py|INFO] EPOCH [25/100] NME improved from 0.13218 to 0.13213
[Sun Apr 16 18:29:42 2023|main.py|INFO] EPOCH [25/100] Saving model to: checkpoints/raw_CNN_noAug_Wing_lr0.3_B32/2023-04-16_18-29-42_epoch_25_NME_0.13213.pth.tar
[Sun Apr 16 18:29:46 2023|main.py|INFO] EPOCH [26/100] Train NME: 0.13209
[Sun Apr 16 18:29:47 2023|main.py|INFO] EPOCH [26/100] Test NME: 0.13217
[Sun Apr 16 18:29:47 2023|main.py|INFO] EPOCH [26/100] Learning rate: 0.00113
[Sun Apr 16 18:29:52 2023|main.py|INFO] EPOCH [27/100] Train NME: 0.13182
[Sun Apr 16 18:29:52 2023|main.py|INFO] EPOCH [27/100] Test NME: 0.13213
[Sun Apr 16 18:29:52 2023|main.py|INFO] EPOCH [27/100] Learning rate: 0.00091
[Sun Apr 16 18:29:52 2023|main.py|INFO] EPOCH [27/100] NME improved from 0.13213 to 0.13213
[Sun Apr 16 18:29:52 2023|main.py|INFO] EPOCH [27/100] Saving model to: checkpoints/raw_CNN_noAug_Wing_lr0.3_B32/2023-04-16_18-29-52_epoch_27_NME_0.13213.pth.tar
[Sun Apr 16 18:29:57 2023|main.py|INFO] EPOCH [28/100] Train NME: 0.13193
[Sun Apr 16 18:29:58 2023|main.py|INFO] EPOCH [28/100] Test NME: 0.13228
[Sun Apr 16 18:29:58 2023|main.py|INFO] EPOCH [28/100] Learning rate: 0.00073
[Sun Apr 16 18:30:02 2023|main.py|INFO] EPOCH [29/100] Train NME: 0.13168
[Sun Apr 16 18:30:03 2023|main.py|INFO] EPOCH [29/100] Test NME: 0.13188
[Sun Apr 16 18:30:03 2023|main.py|INFO] EPOCH [29/100] Learning rate: 0.00058
[Sun Apr 16 18:30:03 2023|main.py|INFO] EPOCH [29/100] NME improved from 0.13213 to 0.13188
[Sun Apr 16 18:30:03 2023|main.py|INFO] EPOCH [29/100] Saving model to: checkpoints/raw_CNN_noAug_Wing_lr0.3_B32/2023-04-16_18-30-03_epoch_29_NME_0.13188.pth.tar
[Sun Apr 16 18:30:08 2023|main.py|INFO] EPOCH [30/100] Train NME: 0.13158
[Sun Apr 16 18:30:09 2023|main.py|INFO] EPOCH [30/100] Test NME: 0.13254
[Sun Apr 16 18:30:09 2023|main.py|INFO] EPOCH [30/100] Learning rate: 0.00046
[Sun Apr 16 18:30:14 2023|main.py|INFO] EPOCH [31/100] Train NME: 0.13194
[Sun Apr 16 18:30:14 2023|main.py|INFO] EPOCH [31/100] Test NME: 0.13206
[Sun Apr 16 18:30:14 2023|main.py|INFO] EPOCH [31/100] Learning rate: 0.00037
[Sun Apr 16 18:30:19 2023|main.py|INFO] EPOCH [32/100] Train NME: 0.13201
[Sun Apr 16 18:30:20 2023|main.py|INFO] EPOCH [32/100] Test NME: 0.13203
[Sun Apr 16 18:30:20 2023|main.py|INFO] EPOCH [32/100] Learning rate: 0.00030
[Sun Apr 16 18:30:24 2023|main.py|INFO] EPOCH [33/100] Train NME: 0.13172
[Sun Apr 16 18:30:25 2023|main.py|INFO] EPOCH [33/100] Test NME: 0.13188
[Sun Apr 16 18:30:25 2023|main.py|INFO] EPOCH [33/100] Learning rate: 0.00024
[Sun Apr 16 18:30:29 2023|main.py|INFO] EPOCH [34/100] Train NME: 0.13183
[Sun Apr 16 18:30:30 2023|main.py|INFO] EPOCH [34/100] Test NME: 0.13232
[Sun Apr 16 18:30:30 2023|main.py|INFO] EPOCH [34/100] Learning rate: 0.00019
[Sun Apr 16 18:30:35 2023|main.py|INFO] EPOCH [35/100] Train NME: 0.13176
[Sun Apr 16 18:30:35 2023|main.py|INFO] EPOCH [35/100] Test NME: 0.13208
[Sun Apr 16 18:30:35 2023|main.py|INFO] EPOCH [35/100] Learning rate: 0.00015
[Sun Apr 16 18:30:40 2023|main.py|INFO] EPOCH [36/100] Train NME: 0.13187
[Sun Apr 16 18:30:40 2023|main.py|INFO] EPOCH [36/100] Test NME: 0.13225
[Sun Apr 16 18:30:40 2023|main.py|INFO] EPOCH [36/100] Learning rate: 0.00012
[Sun Apr 16 18:30:45 2023|main.py|INFO] EPOCH [37/100] Train NME: 0.13169
[Sun Apr 16 18:30:45 2023|main.py|INFO] EPOCH [37/100] Test NME: 0.13207
[Sun Apr 16 18:30:45 2023|main.py|INFO] EPOCH [37/100] Learning rate: 0.00010
[Sun Apr 16 18:30:50 2023|main.py|INFO] EPOCH [38/100] Train NME: 0.13177
[Sun Apr 16 18:30:51 2023|main.py|INFO] EPOCH [38/100] Test NME: 0.13183
[Sun Apr 16 18:30:51 2023|main.py|INFO] EPOCH [38/100] Learning rate: 0.00008
[Sun Apr 16 18:30:51 2023|main.py|INFO] EPOCH [38/100] NME improved from 0.13188 to 0.13183
[Sun Apr 16 18:30:51 2023|main.py|INFO] EPOCH [38/100] Saving model to: checkpoints/raw_CNN_noAug_Wing_lr0.3_B32/2023-04-16_18-30-51_epoch_38_NME_0.13183.pth.tar
[Sun Apr 16 18:30:56 2023|main.py|INFO] EPOCH [39/100] Train NME: 0.13142
[Sun Apr 16 18:30:56 2023|main.py|INFO] EPOCH [39/100] Test NME: 0.13195
[Sun Apr 16 18:30:56 2023|main.py|INFO] EPOCH [39/100] Learning rate: 0.00006
[Sun Apr 16 18:31:01 2023|main.py|INFO] EPOCH [40/100] Train NME: 0.13185
[Sun Apr 16 18:31:02 2023|main.py|INFO] EPOCH [40/100] Test NME: 0.13204
[Sun Apr 16 18:31:02 2023|main.py|INFO] EPOCH [40/100] Learning rate: 0.00005
[Sun Apr 16 18:31:07 2023|main.py|INFO] EPOCH [41/100] Train NME: 0.13161
[Sun Apr 16 18:31:07 2023|main.py|INFO] EPOCH [41/100] Test NME: 0.13192
[Sun Apr 16 18:31:07 2023|main.py|INFO] EPOCH [41/100] Learning rate: 0.00004
[Sun Apr 16 18:31:12 2023|main.py|INFO] EPOCH [42/100] Train NME: 0.13162
[Sun Apr 16 18:31:13 2023|main.py|INFO] EPOCH [42/100] Test NME: 0.13208
[Sun Apr 16 18:31:13 2023|main.py|INFO] EPOCH [42/100] Learning rate: 0.00003
[Sun Apr 16 18:31:18 2023|main.py|INFO] EPOCH [43/100] Train NME: 0.13179
[Sun Apr 16 18:31:18 2023|main.py|INFO] EPOCH [43/100] Test NME: 0.13308
[Sun Apr 16 18:31:18 2023|main.py|INFO] EPOCH [43/100] Learning rate: 0.00003
[Sun Apr 16 18:31:23 2023|main.py|INFO] EPOCH [44/100] Train NME: 0.13168
[Sun Apr 16 18:31:24 2023|main.py|INFO] EPOCH [44/100] Test NME: 0.13227
[Sun Apr 16 18:31:24 2023|main.py|INFO] EPOCH [44/100] Learning rate: 0.00002
[Sun Apr 16 18:31:29 2023|main.py|INFO] EPOCH [45/100] Train NME: 0.13162
[Sun Apr 16 18:31:29 2023|main.py|INFO] EPOCH [45/100] Test NME: 0.13220
[Sun Apr 16 18:31:29 2023|main.py|INFO] EPOCH [45/100] Learning rate: 0.00002
[Sun Apr 16 18:31:34 2023|main.py|INFO] EPOCH [46/100] Train NME: 0.13159
[Sun Apr 16 18:31:35 2023|main.py|INFO] EPOCH [46/100] Test NME: 0.13212
[Sun Apr 16 18:31:35 2023|main.py|INFO] EPOCH [46/100] Learning rate: 0.00001
[Sun Apr 16 18:31:39 2023|main.py|INFO] EPOCH [47/100] Train NME: 0.13184
[Sun Apr 16 18:31:40 2023|main.py|INFO] EPOCH [47/100] Test NME: 0.13235
[Sun Apr 16 18:31:40 2023|main.py|INFO] EPOCH [47/100] Learning rate: 0.00001
[Sun Apr 16 18:31:45 2023|main.py|INFO] EPOCH [48/100] Train NME: 0.13150
[Sun Apr 16 18:31:45 2023|main.py|INFO] EPOCH [48/100] Test NME: 0.13219
[Sun Apr 16 18:31:45 2023|main.py|INFO] EPOCH [48/100] Learning rate: 0.00001
[Sun Apr 16 18:31:50 2023|main.py|INFO] EPOCH [49/100] Train NME: 0.13168
[Sun Apr 16 18:31:51 2023|main.py|INFO] EPOCH [49/100] Test NME: 0.13180
[Sun Apr 16 18:31:51 2023|main.py|INFO] EPOCH [49/100] Learning rate: 0.00001
[Sun Apr 16 18:31:51 2023|main.py|INFO] EPOCH [49/100] NME improved from 0.13183 to 0.13180
[Sun Apr 16 18:31:51 2023|main.py|INFO] EPOCH [49/100] Saving model to: checkpoints/raw_CNN_noAug_Wing_lr0.3_B32/2023-04-16_18-31-51_epoch_49_NME_0.13180.pth.tar
[Sun Apr 16 18:31:56 2023|main.py|INFO] EPOCH [50/100] Train NME: 0.13154
[Sun Apr 16 18:31:56 2023|main.py|INFO] EPOCH [50/100] Test NME: 0.13203
[Sun Apr 16 18:31:56 2023|main.py|INFO] EPOCH [50/100] Learning rate: 0.00001
[Sun Apr 16 18:32:01 2023|main.py|INFO] EPOCH [51/100] Train NME: 0.13143
[Sun Apr 16 18:32:02 2023|main.py|INFO] EPOCH [51/100] Test NME: 0.13233
[Sun Apr 16 18:32:02 2023|main.py|INFO] EPOCH [51/100] Learning rate: 0.00000
[Sun Apr 16 18:32:06 2023|main.py|INFO] EPOCH [52/100] Train NME: 0.13195
[Sun Apr 16 18:32:07 2023|main.py|INFO] EPOCH [52/100] Test NME: 0.13236
[Sun Apr 16 18:32:07 2023|main.py|INFO] EPOCH [52/100] Learning rate: 0.00000
[Sun Apr 16 18:32:12 2023|main.py|INFO] EPOCH [53/100] Train NME: 0.13152
[Sun Apr 16 18:32:13 2023|main.py|INFO] EPOCH [53/100] Test NME: 0.13201
[Sun Apr 16 18:32:13 2023|main.py|INFO] EPOCH [53/100] Learning rate: 0.00000
[Sun Apr 16 18:32:18 2023|main.py|INFO] EPOCH [54/100] Train NME: 0.13173
[Sun Apr 16 18:32:18 2023|main.py|INFO] EPOCH [54/100] Test NME: 0.13195
[Sun Apr 16 18:32:18 2023|main.py|INFO] EPOCH [54/100] Learning rate: 0.00000
[Sun Apr 16 18:32:23 2023|main.py|INFO] EPOCH [55/100] Train NME: 0.13148
[Sun Apr 16 18:32:24 2023|main.py|INFO] EPOCH [55/100] Test NME: 0.13180
[Sun Apr 16 18:32:24 2023|main.py|INFO] EPOCH [55/100] Learning rate: 0.00000
[Sun Apr 16 18:32:29 2023|main.py|INFO] EPOCH [56/100] Train NME: 0.13190
[Sun Apr 16 18:32:29 2023|main.py|INFO] EPOCH [56/100] Test NME: 0.13211
[Sun Apr 16 18:32:29 2023|main.py|INFO] EPOCH [56/100] Learning rate: 0.00000
[Sun Apr 16 18:32:34 2023|main.py|INFO] EPOCH [57/100] Train NME: 0.13210
[Sun Apr 16 18:32:34 2023|main.py|INFO] EPOCH [57/100] Test NME: 0.13182
[Sun Apr 16 18:32:34 2023|main.py|INFO] EPOCH [57/100] Learning rate: 0.00000
[Sun Apr 16 18:32:39 2023|main.py|INFO] EPOCH [58/100] Train NME: 0.13183
[Sun Apr 16 18:32:40 2023|main.py|INFO] EPOCH [58/100] Test NME: 0.13220
[Sun Apr 16 18:32:40 2023|main.py|INFO] EPOCH [58/100] Learning rate: 0.00000
[Sun Apr 16 18:32:45 2023|main.py|INFO] EPOCH [59/100] Train NME: 0.13150
[Sun Apr 16 18:32:46 2023|main.py|INFO] EPOCH [59/100] Test NME: 0.13215
[Sun Apr 16 18:32:46 2023|main.py|INFO] EPOCH [59/100] Learning rate: 0.00000
[Sun Apr 16 18:32:51 2023|main.py|INFO] EPOCH [60/100] Train NME: 0.13150
[Sun Apr 16 18:32:52 2023|main.py|INFO] EPOCH [60/100] Test NME: 0.13250
[Sun Apr 16 18:32:52 2023|main.py|INFO] EPOCH [60/100] Learning rate: 0.00000
[Sun Apr 16 18:32:57 2023|main.py|INFO] EPOCH [61/100] Train NME: 0.13167
[Sun Apr 16 18:32:57 2023|main.py|INFO] EPOCH [61/100] Test NME: 0.13232
[Sun Apr 16 18:32:57 2023|main.py|INFO] EPOCH [61/100] Learning rate: 0.00000
[Sun Apr 16 18:33:02 2023|main.py|INFO] EPOCH [62/100] Train NME: 0.13183
[Sun Apr 16 18:33:03 2023|main.py|INFO] EPOCH [62/100] Test NME: 0.13253
[Sun Apr 16 18:33:03 2023|main.py|INFO] EPOCH [62/100] Learning rate: 0.00000
[Sun Apr 16 18:33:08 2023|main.py|INFO] EPOCH [63/100] Train NME: 0.13187
[Sun Apr 16 18:33:08 2023|main.py|INFO] EPOCH [63/100] Test NME: 0.13244
[Sun Apr 16 18:33:08 2023|main.py|INFO] EPOCH [63/100] Learning rate: 0.00000
[Sun Apr 16 18:33:13 2023|main.py|INFO] EPOCH [64/100] Train NME: 0.13187
[Sun Apr 16 18:33:13 2023|main.py|INFO] EPOCH [64/100] Test NME: 0.13247
[Sun Apr 16 18:33:13 2023|main.py|INFO] EPOCH [64/100] Learning rate: 0.00000
[Sun Apr 16 18:33:18 2023|main.py|INFO] EPOCH [65/100] Train NME: 0.13197
[Sun Apr 16 18:33:19 2023|main.py|INFO] EPOCH [65/100] Test NME: 0.13210
[Sun Apr 16 18:33:19 2023|main.py|INFO] EPOCH [65/100] Learning rate: 0.00000
[Sun Apr 16 18:33:23 2023|main.py|INFO] EPOCH [66/100] Train NME: 0.13178
[Sun Apr 16 18:33:24 2023|main.py|INFO] EPOCH [66/100] Test NME: 0.13210
[Sun Apr 16 18:33:24 2023|main.py|INFO] EPOCH [66/100] Learning rate: 0.00000
[Sun Apr 16 18:33:29 2023|main.py|INFO] EPOCH [67/100] Train NME: 0.13181
[Sun Apr 16 18:33:30 2023|main.py|INFO] EPOCH [67/100] Test NME: 0.13240
[Sun Apr 16 18:33:30 2023|main.py|INFO] EPOCH [67/100] Learning rate: 0.00000
[Sun Apr 16 18:33:35 2023|main.py|INFO] EPOCH [68/100] Train NME: 0.13159
[Sun Apr 16 18:33:36 2023|main.py|INFO] EPOCH [68/100] Test NME: 0.13202
[Sun Apr 16 18:33:36 2023|main.py|INFO] EPOCH [68/100] Learning rate: 0.00000
[Sun Apr 16 18:33:40 2023|main.py|INFO] EPOCH [69/100] Train NME: 0.13167
[Sun Apr 16 18:33:41 2023|main.py|INFO] EPOCH [69/100] Test NME: 0.13225
[Sun Apr 16 18:33:41 2023|main.py|INFO] EPOCH [69/100] Learning rate: 0.00000
[Sun Apr 16 18:33:46 2023|main.py|INFO] EPOCH [70/100] Train NME: 0.13148
[Sun Apr 16 18:33:47 2023|main.py|INFO] EPOCH [70/100] Test NME: 0.13212
[Sun Apr 16 18:33:47 2023|main.py|INFO] EPOCH [70/100] Learning rate: 0.00000
[Sun Apr 16 18:33:52 2023|main.py|INFO] EPOCH [71/100] Train NME: 0.13173
[Sun Apr 16 18:33:52 2023|main.py|INFO] EPOCH [71/100] Test NME: 0.13221
[Sun Apr 16 18:33:52 2023|main.py|INFO] EPOCH [71/100] Learning rate: 0.00000
[Sun Apr 16 18:33:57 2023|main.py|INFO] EPOCH [72/100] Train NME: 0.13165
[Sun Apr 16 18:33:58 2023|main.py|INFO] EPOCH [72/100] Test NME: 0.13220
[Sun Apr 16 18:33:58 2023|main.py|INFO] EPOCH [72/100] Learning rate: 0.00000
[Sun Apr 16 18:34:03 2023|main.py|INFO] EPOCH [73/100] Train NME: 0.13172
[Sun Apr 16 18:34:04 2023|main.py|INFO] EPOCH [73/100] Test NME: 0.13223
[Sun Apr 16 18:34:04 2023|main.py|INFO] EPOCH [73/100] Learning rate: 0.00000
[Sun Apr 16 18:34:09 2023|main.py|INFO] EPOCH [74/100] Train NME: 0.13171
[Sun Apr 16 18:34:09 2023|main.py|INFO] EPOCH [74/100] Test NME: 0.13205
[Sun Apr 16 18:34:09 2023|main.py|INFO] EPOCH [74/100] Learning rate: 0.00000
[Sun Apr 16 18:34:14 2023|main.py|INFO] EPOCH [75/100] Train NME: 0.13174
[Sun Apr 16 18:34:15 2023|main.py|INFO] EPOCH [75/100] Test NME: 0.13251
[Sun Apr 16 18:34:15 2023|main.py|INFO] EPOCH [75/100] Learning rate: 0.00000
[Sun Apr 16 18:34:20 2023|main.py|INFO] EPOCH [76/100] Train NME: 0.13181
[Sun Apr 16 18:34:20 2023|main.py|INFO] EPOCH [76/100] Test NME: 0.13246
[Sun Apr 16 18:34:20 2023|main.py|INFO] EPOCH [76/100] Learning rate: 0.00000
[Sun Apr 16 18:34:26 2023|main.py|INFO] EPOCH [77/100] Train NME: 0.13161
[Sun Apr 16 18:34:26 2023|main.py|INFO] EPOCH [77/100] Test NME: 0.13212
[Sun Apr 16 18:34:26 2023|main.py|INFO] EPOCH [77/100] Learning rate: 0.00000
[Sun Apr 16 18:34:31 2023|main.py|INFO] EPOCH [78/100] Train NME: 0.13150
[Sun Apr 16 18:34:32 2023|main.py|INFO] EPOCH [78/100] Test NME: 0.13197
[Sun Apr 16 18:34:32 2023|main.py|INFO] EPOCH [78/100] Learning rate: 0.00000
[Sun Apr 16 18:34:37 2023|main.py|INFO] EPOCH [79/100] Train NME: 0.13172
[Sun Apr 16 18:34:37 2023|main.py|INFO] EPOCH [79/100] Test NME: 0.13218
[Sun Apr 16 18:34:37 2023|main.py|INFO] EPOCH [79/100] Learning rate: 0.00000
[Sun Apr 16 18:34:42 2023|main.py|INFO] EPOCH [80/100] Train NME: 0.13151
[Sun Apr 16 18:34:43 2023|main.py|INFO] EPOCH [80/100] Test NME: 0.13277
[Sun Apr 16 18:34:43 2023|main.py|INFO] EPOCH [80/100] Learning rate: 0.00000
[Sun Apr 16 18:34:48 2023|main.py|INFO] EPOCH [81/100] Train NME: 0.13155
[Sun Apr 16 18:34:48 2023|main.py|INFO] EPOCH [81/100] Test NME: 0.13217
[Sun Apr 16 18:34:48 2023|main.py|INFO] EPOCH [81/100] Learning rate: 0.00000
[Sun Apr 16 18:34:54 2023|main.py|INFO] EPOCH [82/100] Train NME: 0.13174
[Sun Apr 16 18:34:54 2023|main.py|INFO] EPOCH [82/100] Test NME: 0.13235
[Sun Apr 16 18:34:54 2023|main.py|INFO] EPOCH [82/100] Learning rate: 0.00000
[Sun Apr 16 18:34:59 2023|main.py|INFO] EPOCH [83/100] Train NME: 0.13206
[Sun Apr 16 18:35:00 2023|main.py|INFO] EPOCH [83/100] Test NME: 0.13199
[Sun Apr 16 18:35:00 2023|main.py|INFO] EPOCH [83/100] Learning rate: 0.00000
[Sun Apr 16 18:35:05 2023|main.py|INFO] EPOCH [84/100] Train NME: 0.13179
[Sun Apr 16 18:35:06 2023|main.py|INFO] EPOCH [84/100] Test NME: 0.13217
[Sun Apr 16 18:35:06 2023|main.py|INFO] EPOCH [84/100] Learning rate: 0.00000
[Sun Apr 16 18:35:11 2023|main.py|INFO] EPOCH [85/100] Train NME: 0.13154
[Sun Apr 16 18:35:11 2023|main.py|INFO] EPOCH [85/100] Test NME: 0.13273
[Sun Apr 16 18:35:11 2023|main.py|INFO] EPOCH [85/100] Learning rate: 0.00000
[Sun Apr 16 18:35:16 2023|main.py|INFO] EPOCH [86/100] Train NME: 0.13175
[Sun Apr 16 18:35:17 2023|main.py|INFO] EPOCH [86/100] Test NME: 0.13210
[Sun Apr 16 18:35:17 2023|main.py|INFO] EPOCH [86/100] Learning rate: 0.00000
[Sun Apr 16 18:35:22 2023|main.py|INFO] EPOCH [87/100] Train NME: 0.13166
[Sun Apr 16 18:35:22 2023|main.py|INFO] EPOCH [87/100] Test NME: 0.13182
[Sun Apr 16 18:35:22 2023|main.py|INFO] EPOCH [87/100] Learning rate: 0.00000
[Sun Apr 16 18:35:27 2023|main.py|INFO] EPOCH [88/100] Train NME: 0.13172
[Sun Apr 16 18:35:28 2023|main.py|INFO] EPOCH [88/100] Test NME: 0.13185
[Sun Apr 16 18:35:28 2023|main.py|INFO] EPOCH [88/100] Learning rate: 0.00000
[Sun Apr 16 18:35:33 2023|main.py|INFO] EPOCH [89/100] Train NME: 0.13182
[Sun Apr 16 18:35:33 2023|main.py|INFO] EPOCH [89/100] Test NME: 0.13185
[Sun Apr 16 18:35:33 2023|main.py|INFO] EPOCH [89/100] Learning rate: 0.00000
[Sun Apr 16 18:35:38 2023|main.py|INFO] EPOCH [90/100] Train NME: 0.13165
[Sun Apr 16 18:35:39 2023|main.py|INFO] EPOCH [90/100] Test NME: 0.13205
[Sun Apr 16 18:35:39 2023|main.py|INFO] EPOCH [90/100] Learning rate: 0.00000
[Sun Apr 16 18:35:44 2023|main.py|INFO] EPOCH [91/100] Train NME: 0.13208
[Sun Apr 16 18:35:45 2023|main.py|INFO] EPOCH [91/100] Test NME: 0.13235
[Sun Apr 16 18:35:45 2023|main.py|INFO] EPOCH [91/100] Learning rate: 0.00000
[Sun Apr 16 18:35:50 2023|main.py|INFO] EPOCH [92/100] Train NME: 0.13169
[Sun Apr 16 18:35:50 2023|main.py|INFO] EPOCH [92/100] Test NME: 0.13253
[Sun Apr 16 18:35:50 2023|main.py|INFO] EPOCH [92/100] Learning rate: 0.00000
[Sun Apr 16 18:35:55 2023|main.py|INFO] EPOCH [93/100] Train NME: 0.13175
[Sun Apr 16 18:35:56 2023|main.py|INFO] EPOCH [93/100] Test NME: 0.13230
[Sun Apr 16 18:35:56 2023|main.py|INFO] EPOCH [93/100] Learning rate: 0.00000
[Sun Apr 16 18:36:01 2023|main.py|INFO] EPOCH [94/100] Train NME: 0.13159
[Sun Apr 16 18:36:01 2023|main.py|INFO] EPOCH [94/100] Test NME: 0.13197
[Sun Apr 16 18:36:01 2023|main.py|INFO] EPOCH [94/100] Learning rate: 0.00000
[Sun Apr 16 18:36:06 2023|main.py|INFO] EPOCH [95/100] Train NME: 0.13172
[Sun Apr 16 18:36:07 2023|main.py|INFO] EPOCH [95/100] Test NME: 0.13211
[Sun Apr 16 18:36:07 2023|main.py|INFO] EPOCH [95/100] Learning rate: 0.00000
[Sun Apr 16 18:36:12 2023|main.py|INFO] EPOCH [96/100] Train NME: 0.13172
[Sun Apr 16 18:36:12 2023|main.py|INFO] EPOCH [96/100] Test NME: 0.13230
[Sun Apr 16 18:36:12 2023|main.py|INFO] EPOCH [96/100] Learning rate: 0.00000
[Sun Apr 16 18:36:17 2023|main.py|INFO] EPOCH [97/100] Train NME: 0.13240
[Sun Apr 16 18:36:18 2023|main.py|INFO] EPOCH [97/100] Test NME: 0.13203
[Sun Apr 16 18:36:18 2023|main.py|INFO] EPOCH [97/100] Learning rate: 0.00000
[Sun Apr 16 18:36:23 2023|main.py|INFO] EPOCH [98/100] Train NME: 0.13180
[Sun Apr 16 18:36:23 2023|main.py|INFO] EPOCH [98/100] Test NME: 0.13243
[Sun Apr 16 18:36:23 2023|main.py|INFO] EPOCH [98/100] Learning rate: 0.00000
[Sun Apr 16 18:36:28 2023|main.py|INFO] EPOCH [99/100] Train NME: 0.13172
[Sun Apr 16 18:36:29 2023|main.py|INFO] EPOCH [99/100] Test NME: 0.13223
[Sun Apr 16 18:36:29 2023|main.py|INFO] EPOCH [99/100] Learning rate: 0.00000
[Sun Apr 16 18:36:34 2023|main.py|INFO] EPOCH [100/100] Train NME: 0.13152
[Sun Apr 16 18:36:34 2023|main.py|INFO] EPOCH [100/100] Test NME: 0.13221
[Sun Apr 16 18:36:34 2023|main.py|INFO] EPOCH [100/100] Learning rate: 0.00000
