[Sun Apr 16 04:33:02 2023|main.py|INFO] Task: raw_CNN_noAug_MSE_lr0.5_B4
[Sun Apr 16 04:33:02 2023|main.py|INFO] Using device: cuda
[Sun Apr 16 04:33:02 2023|main.py|INFO] Using config: config\raw_CNN_noAug_MSE\raw_CNN_noAug_MSE_lr0.5_B4.yaml
[Sun Apr 16 04:33:02 2023|main.py|INFO] Train path: data/training_images_full_train.npz
[Sun Apr 16 04:33:02 2023|main.py|INFO] Test path: data/training_images_full_test.npz
[Sun Apr 16 04:33:02 2023|main.py|INFO] Train augment: False
[Sun Apr 16 04:33:02 2023|main.py|INFO] Learning rate: 0.5
[Sun Apr 16 04:33:02 2023|main.py|INFO] Batch size: 4
[Sun Apr 16 04:33:02 2023|main.py|INFO] Num epochs: 100
[Sun Apr 16 04:33:02 2023|main.py|INFO] Save model: True
[Sun Apr 16 04:33:02 2023|main.py|INFO] Loss: MSE
[Sun Apr 16 04:33:02 2023|main.py|INFO] Log path: logs/raw_CNN_noAug_MSE_lr0.5_B4/2023-04-16_04-33-02.log
[Sun Apr 16 04:33:02 2023|main.py|INFO] Writer path: runs/raw_CNN_noAug_MSE_lr0.5_B4/2023-04-16_04-33-02
[Sun Apr 16 04:33:02 2023|main.py|INFO] Model name: resnet18
[Sun Apr 16 04:33:02 2023|main.py|INFO] Num outputs: 88
[Sun Apr 16 04:33:02 2023|main.py|INFO] Pretrained: True
[Sun Apr 16 04:33:02 2023|main.py|INFO] Load model: False
[Sun Apr 16 04:33:02 2023|main.py|INFO] Load path: None
[Sun Apr 16 04:33:02 2023|main.py|INFO] Loading data...
[Sun Apr 16 04:33:02 2023|main.py|INFO] Load dataset for raw_CNN_noAug_MSE_lr0.5_B4
[Sun Apr 16 04:33:05 2023|main.py|INFO] Initializing network resnet18 with 88 outputs...
[Sun Apr 16 04:33:06 2023|main.py|INFO] Network: ResNet(
  (conv1): Conv2d(3, 64, kernel_size=(7, 7), stride=(2, 2), padding=(3, 3), bias=False)
  (bn1): BatchNorm2d(64, eps=1e-05, momentum=0.1, affine=True, track_running_stats=True)
  (relu): ReLU(inplace=True)
  (maxpool): MaxPool2d(kernel_size=3, stride=2, padding=1, dilation=1, ceil_mode=False)
  (layer1): Sequential(
    (0): BasicBlock(
      (conv1): Conv2d(64, 64, kernel_size=(3, 3), stride=(1, 1), padding=(1, 1), bias=False)
      (bn1): BatchNorm2d(64, eps=1e-05, momentum=0.1, affine=True, track_running_stats=True)
      (relu): ReLU(inplace=True)
      (conv2): Conv2d(64, 64, kernel_size=(3, 3), stride=(1, 1), padding=(1, 1), bias=False)
      (bn2): BatchNorm2d(64, eps=1e-05, momentum=0.1, affine=True, track_running_stats=True)
    )
    (1): BasicBlock(
      (conv1): Conv2d(64, 64, kernel_size=(3, 3), stride=(1, 1), padding=(1, 1), bias=False)
      (bn1): BatchNorm2d(64, eps=1e-05, momentum=0.1, affine=True, track_running_stats=True)
      (relu): ReLU(inplace=True)
      (conv2): Conv2d(64, 64, kernel_size=(3, 3), stride=(1, 1), padding=(1, 1), bias=False)
      (bn2): BatchNorm2d(64, eps=1e-05, momentum=0.1, affine=True, track_running_stats=True)
    )
  )
  (layer2): Sequential(
    (0): BasicBlock(
      (conv1): Conv2d(64, 128, kernel_size=(3, 3), stride=(2, 2), padding=(1, 1), bias=False)
      (bn1): BatchNorm2d(128, eps=1e-05, momentum=0.1, affine=True, track_running_stats=True)
      (relu): ReLU(inplace=True)
      (conv2): Conv2d(128, 128, kernel_size=(3, 3), stride=(1, 1), padding=(1, 1), bias=False)
      (bn2): BatchNorm2d(128, eps=1e-05, momentum=0.1, affine=True, track_running_stats=True)
      (downsample): Sequential(
        (0): Conv2d(64, 128, kernel_size=(1, 1), stride=(2, 2), bias=False)
        (1): BatchNorm2d(128, eps=1e-05, momentum=0.1, affine=True, track_running_stats=True)
      )
    )
    (1): BasicBlock(
      (conv1): Conv2d(128, 128, kernel_size=(3, 3), stride=(1, 1), padding=(1, 1), bias=False)
      (bn1): BatchNorm2d(128, eps=1e-05, momentum=0.1, affine=True, track_running_stats=True)
      (relu): ReLU(inplace=True)
      (conv2): Conv2d(128, 128, kernel_size=(3, 3), stride=(1, 1), padding=(1, 1), bias=False)
      (bn2): BatchNorm2d(128, eps=1e-05, momentum=0.1, affine=True, track_running_stats=True)
    )
  )
  (layer3): Sequential(
    (0): BasicBlock(
      (conv1): Conv2d(128, 256, kernel_size=(3, 3), stride=(2, 2), padding=(1, 1), bias=False)
      (bn1): BatchNorm2d(256, eps=1e-05, momentum=0.1, affine=True, track_running_stats=True)
      (relu): ReLU(inplace=True)
      (conv2): Conv2d(256, 256, kernel_size=(3, 3), stride=(1, 1), padding=(1, 1), bias=False)
      (bn2): BatchNorm2d(256, eps=1e-05, momentum=0.1, affine=True, track_running_stats=True)
      (downsample): Sequential(
        (0): Conv2d(128, 256, kernel_size=(1, 1), stride=(2, 2), bias=False)
        (1): BatchNorm2d(256, eps=1e-05, momentum=0.1, affine=True, track_running_stats=True)
      )
    )
    (1): BasicBlock(
      (conv1): Conv2d(256, 256, kernel_size=(3, 3), stride=(1, 1), padding=(1, 1), bias=False)
      (bn1): BatchNorm2d(256, eps=1e-05, momentum=0.1, affine=True, track_running_stats=True)
      (relu): ReLU(inplace=True)
      (conv2): Conv2d(256, 256, kernel_size=(3, 3), stride=(1, 1), padding=(1, 1), bias=False)
      (bn2): BatchNorm2d(256, eps=1e-05, momentum=0.1, affine=True, track_running_stats=True)
    )
  )
  (layer4): Sequential(
    (0): BasicBlock(
      (conv1): Conv2d(256, 512, kernel_size=(3, 3), stride=(2, 2), padding=(1, 1), bias=False)
      (bn1): BatchNorm2d(512, eps=1e-05, momentum=0.1, affine=True, track_running_stats=True)
      (relu): ReLU(inplace=True)
      (conv2): Conv2d(512, 512, kernel_size=(3, 3), stride=(1, 1), padding=(1, 1), bias=False)
      (bn2): BatchNorm2d(512, eps=1e-05, momentum=0.1, affine=True, track_running_stats=True)
      (downsample): Sequential(
        (0): Conv2d(256, 512, kernel_size=(1, 1), stride=(2, 2), bias=False)
        (1): BatchNorm2d(512, eps=1e-05, momentum=0.1, affine=True, track_running_stats=True)
      )
    )
    (1): BasicBlock(
      (conv1): Conv2d(512, 512, kernel_size=(3, 3), stride=(1, 1), padding=(1, 1), bias=False)
      (bn1): BatchNorm2d(512, eps=1e-05, momentum=0.1, affine=True, track_running_stats=True)
      (relu): ReLU(inplace=True)
      (conv2): Conv2d(512, 512, kernel_size=(3, 3), stride=(1, 1), padding=(1, 1), bias=False)
      (bn2): BatchNorm2d(512, eps=1e-05, momentum=0.1, affine=True, track_running_stats=True)
    )
  )
  (avgpool): AdaptiveAvgPool2d(output_size=(1, 1))
  (fc): Linear(in_features=512, out_features=88, bias=True)
)
[Sun Apr 16 04:33:06 2023|main.py|INFO] Initializing loss and optimizer...
[Sun Apr 16 04:33:06 2023|main.py|INFO] Loss: MSE
[Sun Apr 16 04:33:06 2023|main.py|INFO] Optimizer: Adam
[Sun Apr 16 04:33:06 2023|main.py|INFO] Initializing tensorboard writer at: runs/raw_CNN_noAug_MSE_lr0.5_B4/2023-04-16_04-33-02
[Sun Apr 16 04:33:06 2023|main.py|INFO] Training network...
[Sun Apr 16 04:33:37 2023|main.py|INFO] EPOCH [1/100] Train NME: 0.20863
[Sun Apr 16 04:33:39 2023|main.py|INFO] EPOCH [1/100] Test NME: 0.13563
[Sun Apr 16 04:33:39 2023|main.py|INFO] EPOCH [1/100] Learning rate: 0.50000
[Sun Apr 16 04:33:39 2023|main.py|INFO] EPOCH [1/100] NME improved from 1000.00000 to 0.13563
[Sun Apr 16 04:33:39 2023|main.py|INFO] EPOCH [1/100] Saving model to: checkpoints/raw_CNN_noAug_MSE_lr0.5_B4/2023-04-16_04-33-39_epoch_1_NME_0.13563.pth.tar
[Sun Apr 16 04:34:01 2023|main.py|INFO] EPOCH [2/100] Train NME: 0.15567
[Sun Apr 16 04:34:03 2023|main.py|INFO] EPOCH [2/100] Test NME: 0.14995
[Sun Apr 16 04:34:03 2023|main.py|INFO] EPOCH [2/100] Learning rate: 0.40000
[Sun Apr 16 04:34:24 2023|main.py|INFO] EPOCH [3/100] Train NME: 0.13539
[Sun Apr 16 04:34:26 2023|main.py|INFO] EPOCH [3/100] Test NME: 0.12680
[Sun Apr 16 04:34:26 2023|main.py|INFO] EPOCH [3/100] Learning rate: 0.32000
[Sun Apr 16 04:34:26 2023|main.py|INFO] EPOCH [3/100] NME improved from 0.13563 to 0.12680
[Sun Apr 16 04:34:26 2023|main.py|INFO] EPOCH [3/100] Saving model to: checkpoints/raw_CNN_noAug_MSE_lr0.5_B4/2023-04-16_04-34-26_epoch_3_NME_0.12680.pth.tar
[Sun Apr 16 04:34:48 2023|main.py|INFO] EPOCH [4/100] Train NME: 0.10785
[Sun Apr 16 04:34:50 2023|main.py|INFO] EPOCH [4/100] Test NME: 0.12751
[Sun Apr 16 04:34:50 2023|main.py|INFO] EPOCH [4/100] Learning rate: 0.25600
[Sun Apr 16 04:35:11 2023|main.py|INFO] EPOCH [5/100] Train NME: 0.09038
[Sun Apr 16 04:35:13 2023|main.py|INFO] EPOCH [5/100] Test NME: 0.09119
[Sun Apr 16 04:35:13 2023|main.py|INFO] EPOCH [5/100] Learning rate: 0.20480
[Sun Apr 16 04:35:13 2023|main.py|INFO] EPOCH [5/100] NME improved from 0.12680 to 0.09119
[Sun Apr 16 04:35:13 2023|main.py|INFO] EPOCH [5/100] Saving model to: checkpoints/raw_CNN_noAug_MSE_lr0.5_B4/2023-04-16_04-35-13_epoch_5_NME_0.09119.pth.tar
[Sun Apr 16 04:35:35 2023|main.py|INFO] EPOCH [6/100] Train NME: 0.07926
[Sun Apr 16 04:35:37 2023|main.py|INFO] EPOCH [6/100] Test NME: 0.08554
[Sun Apr 16 04:35:37 2023|main.py|INFO] EPOCH [6/100] Learning rate: 0.16384
[Sun Apr 16 04:35:37 2023|main.py|INFO] EPOCH [6/100] NME improved from 0.09119 to 0.08554
[Sun Apr 16 04:35:37 2023|main.py|INFO] EPOCH [6/100] Saving model to: checkpoints/raw_CNN_noAug_MSE_lr0.5_B4/2023-04-16_04-35-37_epoch_6_NME_0.08554.pth.tar
[Sun Apr 16 04:35:58 2023|main.py|INFO] EPOCH [7/100] Train NME: 0.07460
[Sun Apr 16 04:36:01 2023|main.py|INFO] EPOCH [7/100] Test NME: 0.07232
[Sun Apr 16 04:36:01 2023|main.py|INFO] EPOCH [7/100] Learning rate: 0.13107
[Sun Apr 16 04:36:01 2023|main.py|INFO] EPOCH [7/100] NME improved from 0.08554 to 0.07232
[Sun Apr 16 04:36:01 2023|main.py|INFO] EPOCH [7/100] Saving model to: checkpoints/raw_CNN_noAug_MSE_lr0.5_B4/2023-04-16_04-36-01_epoch_7_NME_0.07232.pth.tar
[Sun Apr 16 04:36:22 2023|main.py|INFO] EPOCH [8/100] Train NME: 0.06850
[Sun Apr 16 04:36:24 2023|main.py|INFO] EPOCH [8/100] Test NME: 0.06988
[Sun Apr 16 04:36:24 2023|main.py|INFO] EPOCH [8/100] Learning rate: 0.10486
[Sun Apr 16 04:36:24 2023|main.py|INFO] EPOCH [8/100] NME improved from 0.07232 to 0.06988
[Sun Apr 16 04:36:24 2023|main.py|INFO] EPOCH [8/100] Saving model to: checkpoints/raw_CNN_noAug_MSE_lr0.5_B4/2023-04-16_04-36-24_epoch_8_NME_0.06988.pth.tar
[Sun Apr 16 04:36:46 2023|main.py|INFO] EPOCH [9/100] Train NME: 0.06295
[Sun Apr 16 04:36:48 2023|main.py|INFO] EPOCH [9/100] Test NME: 0.06885
[Sun Apr 16 04:36:48 2023|main.py|INFO] EPOCH [9/100] Learning rate: 0.08389
[Sun Apr 16 04:36:48 2023|main.py|INFO] EPOCH [9/100] NME improved from 0.06988 to 0.06885
[Sun Apr 16 04:36:48 2023|main.py|INFO] EPOCH [9/100] Saving model to: checkpoints/raw_CNN_noAug_MSE_lr0.5_B4/2023-04-16_04-36-48_epoch_9_NME_0.06885.pth.tar
[Sun Apr 16 04:37:09 2023|main.py|INFO] EPOCH [10/100] Train NME: 0.05863
[Sun Apr 16 04:37:11 2023|main.py|INFO] EPOCH [10/100] Test NME: 0.06731
[Sun Apr 16 04:37:11 2023|main.py|INFO] EPOCH [10/100] Learning rate: 0.06711
[Sun Apr 16 04:37:11 2023|main.py|INFO] EPOCH [10/100] NME improved from 0.06885 to 0.06731
[Sun Apr 16 04:37:11 2023|main.py|INFO] EPOCH [10/100] Saving model to: checkpoints/raw_CNN_noAug_MSE_lr0.5_B4/2023-04-16_04-37-11_epoch_10_NME_0.06731.pth.tar
[Sun Apr 16 04:37:33 2023|main.py|INFO] EPOCH [11/100] Train NME: 0.05613
[Sun Apr 16 04:37:35 2023|main.py|INFO] EPOCH [11/100] Test NME: 0.06380
[Sun Apr 16 04:37:35 2023|main.py|INFO] EPOCH [11/100] Learning rate: 0.05369
[Sun Apr 16 04:37:35 2023|main.py|INFO] EPOCH [11/100] NME improved from 0.06731 to 0.06380
[Sun Apr 16 04:37:35 2023|main.py|INFO] EPOCH [11/100] Saving model to: checkpoints/raw_CNN_noAug_MSE_lr0.5_B4/2023-04-16_04-37-35_epoch_11_NME_0.06380.pth.tar
[Sun Apr 16 04:37:56 2023|main.py|INFO] EPOCH [12/100] Train NME: 0.05365
[Sun Apr 16 04:37:59 2023|main.py|INFO] EPOCH [12/100] Test NME: 0.06452
[Sun Apr 16 04:37:59 2023|main.py|INFO] EPOCH [12/100] Learning rate: 0.04295
[Sun Apr 16 04:38:13 2023|main.py|INFO] EPOCH [13/100] Train NME: 0.05034
[Sun Apr 16 04:38:14 2023|main.py|INFO] EPOCH [13/100] Test NME: 0.06227
[Sun Apr 16 04:38:14 2023|main.py|INFO] EPOCH [13/100] Learning rate: 0.03436
[Sun Apr 16 04:38:14 2023|main.py|INFO] EPOCH [13/100] NME improved from 0.06380 to 0.06227
[Sun Apr 16 04:38:14 2023|main.py|INFO] EPOCH [13/100] Saving model to: checkpoints/raw_CNN_noAug_MSE_lr0.5_B4/2023-04-16_04-38-14_epoch_13_NME_0.06227.pth.tar
[Sun Apr 16 04:38:28 2023|main.py|INFO] EPOCH [14/100] Train NME: 0.04900
[Sun Apr 16 04:38:29 2023|main.py|INFO] EPOCH [14/100] Test NME: 0.06344
[Sun Apr 16 04:38:29 2023|main.py|INFO] EPOCH [14/100] Learning rate: 0.02749
[Sun Apr 16 04:38:43 2023|main.py|INFO] EPOCH [15/100] Train NME: 0.04741
[Sun Apr 16 04:38:44 2023|main.py|INFO] EPOCH [15/100] Test NME: 0.06114
[Sun Apr 16 04:38:44 2023|main.py|INFO] EPOCH [15/100] Learning rate: 0.02199
[Sun Apr 16 04:38:44 2023|main.py|INFO] EPOCH [15/100] NME improved from 0.06227 to 0.06114
[Sun Apr 16 04:38:44 2023|main.py|INFO] EPOCH [15/100] Saving model to: checkpoints/raw_CNN_noAug_MSE_lr0.5_B4/2023-04-16_04-38-44_epoch_15_NME_0.06114.pth.tar
[Sun Apr 16 04:38:58 2023|main.py|INFO] EPOCH [16/100] Train NME: 0.04580
[Sun Apr 16 04:38:59 2023|main.py|INFO] EPOCH [16/100] Test NME: 0.06299
[Sun Apr 16 04:38:59 2023|main.py|INFO] EPOCH [16/100] Learning rate: 0.01759
[Sun Apr 16 04:39:13 2023|main.py|INFO] EPOCH [17/100] Train NME: 0.04475
[Sun Apr 16 04:39:15 2023|main.py|INFO] EPOCH [17/100] Test NME: 0.06057
[Sun Apr 16 04:39:15 2023|main.py|INFO] EPOCH [17/100] Learning rate: 0.01407
[Sun Apr 16 04:39:15 2023|main.py|INFO] EPOCH [17/100] NME improved from 0.06114 to 0.06057
[Sun Apr 16 04:39:15 2023|main.py|INFO] EPOCH [17/100] Saving model to: checkpoints/raw_CNN_noAug_MSE_lr0.5_B4/2023-04-16_04-39-15_epoch_17_NME_0.06057.pth.tar
[Sun Apr 16 04:39:29 2023|main.py|INFO] EPOCH [18/100] Train NME: 0.04358
[Sun Apr 16 04:39:31 2023|main.py|INFO] EPOCH [18/100] Test NME: 0.06000
[Sun Apr 16 04:39:31 2023|main.py|INFO] EPOCH [18/100] Learning rate: 0.01126
[Sun Apr 16 04:39:31 2023|main.py|INFO] EPOCH [18/100] NME improved from 0.06057 to 0.06000
[Sun Apr 16 04:39:31 2023|main.py|INFO] EPOCH [18/100] Saving model to: checkpoints/raw_CNN_noAug_MSE_lr0.5_B4/2023-04-16_04-39-31_epoch_18_NME_0.06000.pth.tar
[Sun Apr 16 04:39:51 2023|main.py|INFO] EPOCH [19/100] Train NME: 0.04275
[Sun Apr 16 04:39:53 2023|main.py|INFO] EPOCH [19/100] Test NME: 0.05971
[Sun Apr 16 04:39:53 2023|main.py|INFO] EPOCH [19/100] Learning rate: 0.00901
[Sun Apr 16 04:39:53 2023|main.py|INFO] EPOCH [19/100] NME improved from 0.06000 to 0.05971
[Sun Apr 16 04:39:53 2023|main.py|INFO] EPOCH [19/100] Saving model to: checkpoints/raw_CNN_noAug_MSE_lr0.5_B4/2023-04-16_04-39-53_epoch_19_NME_0.05971.pth.tar
[Sun Apr 16 04:40:16 2023|main.py|INFO] EPOCH [20/100] Train NME: 0.04202
[Sun Apr 16 04:40:18 2023|main.py|INFO] EPOCH [20/100] Test NME: 0.05911
[Sun Apr 16 04:40:18 2023|main.py|INFO] EPOCH [20/100] Learning rate: 0.00721
[Sun Apr 16 04:40:18 2023|main.py|INFO] EPOCH [20/100] NME improved from 0.05971 to 0.05911
[Sun Apr 16 04:40:18 2023|main.py|INFO] EPOCH [20/100] Saving model to: checkpoints/raw_CNN_noAug_MSE_lr0.5_B4/2023-04-16_04-40-18_epoch_20_NME_0.05911.pth.tar
[Sun Apr 16 04:40:41 2023|main.py|INFO] EPOCH [21/100] Train NME: 0.04128
[Sun Apr 16 04:40:43 2023|main.py|INFO] EPOCH [21/100] Test NME: 0.06000
[Sun Apr 16 04:40:43 2023|main.py|INFO] EPOCH [21/100] Learning rate: 0.00576
[Sun Apr 16 04:41:04 2023|main.py|INFO] EPOCH [22/100] Train NME: 0.04068
[Sun Apr 16 04:41:07 2023|main.py|INFO] EPOCH [22/100] Test NME: 0.05997
[Sun Apr 16 04:41:07 2023|main.py|INFO] EPOCH [22/100] Learning rate: 0.00461
[Sun Apr 16 04:41:29 2023|main.py|INFO] EPOCH [23/100] Train NME: 0.04016
[Sun Apr 16 04:41:31 2023|main.py|INFO] EPOCH [23/100] Test NME: 0.05921
[Sun Apr 16 04:41:31 2023|main.py|INFO] EPOCH [23/100] Learning rate: 0.00369
[Sun Apr 16 04:41:53 2023|main.py|INFO] EPOCH [24/100] Train NME: 0.04004
[Sun Apr 16 04:41:56 2023|main.py|INFO] EPOCH [24/100] Test NME: 0.05985
[Sun Apr 16 04:41:56 2023|main.py|INFO] EPOCH [24/100] Learning rate: 0.00295
[Sun Apr 16 04:42:18 2023|main.py|INFO] EPOCH [25/100] Train NME: 0.03970
[Sun Apr 16 04:42:20 2023|main.py|INFO] EPOCH [25/100] Test NME: 0.05921
[Sun Apr 16 04:42:20 2023|main.py|INFO] EPOCH [25/100] Learning rate: 0.00236
[Sun Apr 16 04:42:43 2023|main.py|INFO] EPOCH [26/100] Train NME: 0.03935
[Sun Apr 16 04:42:45 2023|main.py|INFO] EPOCH [26/100] Test NME: 0.05925
[Sun Apr 16 04:42:45 2023|main.py|INFO] EPOCH [26/100] Learning rate: 0.00189
[Sun Apr 16 04:43:07 2023|main.py|INFO] EPOCH [27/100] Train NME: 0.03923
[Sun Apr 16 04:43:09 2023|main.py|INFO] EPOCH [27/100] Test NME: 0.05899
[Sun Apr 16 04:43:09 2023|main.py|INFO] EPOCH [27/100] Learning rate: 0.00151
[Sun Apr 16 04:43:09 2023|main.py|INFO] EPOCH [27/100] NME improved from 0.05911 to 0.05899
[Sun Apr 16 04:43:09 2023|main.py|INFO] EPOCH [27/100] Saving model to: checkpoints/raw_CNN_noAug_MSE_lr0.5_B4/2023-04-16_04-43-09_epoch_27_NME_0.05899.pth.tar
[Sun Apr 16 04:43:31 2023|main.py|INFO] EPOCH [28/100] Train NME: 0.03893
[Sun Apr 16 04:43:34 2023|main.py|INFO] EPOCH [28/100] Test NME: 0.06013
[Sun Apr 16 04:43:34 2023|main.py|INFO] EPOCH [28/100] Learning rate: 0.00121
[Sun Apr 16 04:43:56 2023|main.py|INFO] EPOCH [29/100] Train NME: 0.03877
[Sun Apr 16 04:43:58 2023|main.py|INFO] EPOCH [29/100] Test NME: 0.05929
[Sun Apr 16 04:43:58 2023|main.py|INFO] EPOCH [29/100] Learning rate: 0.00097
[Sun Apr 16 04:44:21 2023|main.py|INFO] EPOCH [30/100] Train NME: 0.03867
[Sun Apr 16 04:44:23 2023|main.py|INFO] EPOCH [30/100] Test NME: 0.05874
[Sun Apr 16 04:44:23 2023|main.py|INFO] EPOCH [30/100] Learning rate: 0.00077
[Sun Apr 16 04:44:23 2023|main.py|INFO] EPOCH [30/100] NME improved from 0.05899 to 0.05874
[Sun Apr 16 04:44:23 2023|main.py|INFO] EPOCH [30/100] Saving model to: checkpoints/raw_CNN_noAug_MSE_lr0.5_B4/2023-04-16_04-44-23_epoch_30_NME_0.05874.pth.tar
[Sun Apr 16 04:44:46 2023|main.py|INFO] EPOCH [31/100] Train NME: 0.03844
[Sun Apr 16 04:44:48 2023|main.py|INFO] EPOCH [31/100] Test NME: 0.05886
[Sun Apr 16 04:44:48 2023|main.py|INFO] EPOCH [31/100] Learning rate: 0.00062
[Sun Apr 16 04:45:10 2023|main.py|INFO] EPOCH [32/100] Train NME: 0.03837
[Sun Apr 16 04:45:13 2023|main.py|INFO] EPOCH [32/100] Test NME: 0.05924
[Sun Apr 16 04:45:13 2023|main.py|INFO] EPOCH [32/100] Learning rate: 0.00050
[Sun Apr 16 04:45:35 2023|main.py|INFO] EPOCH [33/100] Train NME: 0.03835
[Sun Apr 16 04:45:37 2023|main.py|INFO] EPOCH [33/100] Test NME: 0.05888
[Sun Apr 16 04:45:37 2023|main.py|INFO] EPOCH [33/100] Learning rate: 0.00040
[Sun Apr 16 04:46:00 2023|main.py|INFO] EPOCH [34/100] Train NME: 0.03821
[Sun Apr 16 04:46:02 2023|main.py|INFO] EPOCH [34/100] Test NME: 0.05856
[Sun Apr 16 04:46:02 2023|main.py|INFO] EPOCH [34/100] Learning rate: 0.00032
[Sun Apr 16 04:46:02 2023|main.py|INFO] EPOCH [34/100] NME improved from 0.05874 to 0.05856
[Sun Apr 16 04:46:02 2023|main.py|INFO] EPOCH [34/100] Saving model to: checkpoints/raw_CNN_noAug_MSE_lr0.5_B4/2023-04-16_04-46-02_epoch_34_NME_0.05856.pth.tar
[Sun Apr 16 04:46:25 2023|main.py|INFO] EPOCH [35/100] Train NME: 0.03823
[Sun Apr 16 04:46:27 2023|main.py|INFO] EPOCH [35/100] Test NME: 0.05950
[Sun Apr 16 04:46:27 2023|main.py|INFO] EPOCH [35/100] Learning rate: 0.00025
[Sun Apr 16 04:46:49 2023|main.py|INFO] EPOCH [36/100] Train NME: 0.03819
[Sun Apr 16 04:46:52 2023|main.py|INFO] EPOCH [36/100] Test NME: 0.05926
[Sun Apr 16 04:46:52 2023|main.py|INFO] EPOCH [36/100] Learning rate: 0.00020
[Sun Apr 16 04:47:14 2023|main.py|INFO] EPOCH [37/100] Train NME: 0.03808
[Sun Apr 16 04:47:17 2023|main.py|INFO] EPOCH [37/100] Test NME: 0.05876
[Sun Apr 16 04:47:17 2023|main.py|INFO] EPOCH [37/100] Learning rate: 0.00016
[Sun Apr 16 04:47:39 2023|main.py|INFO] EPOCH [38/100] Train NME: 0.03803
[Sun Apr 16 04:47:41 2023|main.py|INFO] EPOCH [38/100] Test NME: 0.05870
[Sun Apr 16 04:47:41 2023|main.py|INFO] EPOCH [38/100] Learning rate: 0.00013
[Sun Apr 16 04:48:03 2023|main.py|INFO] EPOCH [39/100] Train NME: 0.03796
[Sun Apr 16 04:48:05 2023|main.py|INFO] EPOCH [39/100] Test NME: 0.05968
[Sun Apr 16 04:48:05 2023|main.py|INFO] EPOCH [39/100] Learning rate: 0.00010
[Sun Apr 16 04:48:28 2023|main.py|INFO] EPOCH [40/100] Train NME: 0.03806
[Sun Apr 16 04:48:30 2023|main.py|INFO] EPOCH [40/100] Test NME: 0.05912
[Sun Apr 16 04:48:30 2023|main.py|INFO] EPOCH [40/100] Learning rate: 0.00008
[Sun Apr 16 04:48:53 2023|main.py|INFO] EPOCH [41/100] Train NME: 0.03811
[Sun Apr 16 04:48:55 2023|main.py|INFO] EPOCH [41/100] Test NME: 0.05924
[Sun Apr 16 04:48:55 2023|main.py|INFO] EPOCH [41/100] Learning rate: 0.00007
[Sun Apr 16 04:49:17 2023|main.py|INFO] EPOCH [42/100] Train NME: 0.03803
[Sun Apr 16 04:49:20 2023|main.py|INFO] EPOCH [42/100] Test NME: 0.05913
[Sun Apr 16 04:49:20 2023|main.py|INFO] EPOCH [42/100] Learning rate: 0.00005
[Sun Apr 16 04:49:42 2023|main.py|INFO] EPOCH [43/100] Train NME: 0.03801
[Sun Apr 16 04:49:45 2023|main.py|INFO] EPOCH [43/100] Test NME: 0.05892
[Sun Apr 16 04:49:45 2023|main.py|INFO] EPOCH [43/100] Learning rate: 0.00004
[Sun Apr 16 04:50:06 2023|main.py|INFO] EPOCH [44/100] Train NME: 0.03802
[Sun Apr 16 04:50:09 2023|main.py|INFO] EPOCH [44/100] Test NME: 0.05903
[Sun Apr 16 04:50:09 2023|main.py|INFO] EPOCH [44/100] Learning rate: 0.00003
[Sun Apr 16 04:50:32 2023|main.py|INFO] EPOCH [45/100] Train NME: 0.03800
[Sun Apr 16 04:50:34 2023|main.py|INFO] EPOCH [45/100] Test NME: 0.05914
[Sun Apr 16 04:50:34 2023|main.py|INFO] EPOCH [45/100] Learning rate: 0.00003
[Sun Apr 16 04:50:56 2023|main.py|INFO] EPOCH [46/100] Train NME: 0.03799
[Sun Apr 16 04:50:59 2023|main.py|INFO] EPOCH [46/100] Test NME: 0.05932
[Sun Apr 16 04:50:59 2023|main.py|INFO] EPOCH [46/100] Learning rate: 0.00002
[Sun Apr 16 04:51:21 2023|main.py|INFO] EPOCH [47/100] Train NME: 0.03812
[Sun Apr 16 04:51:23 2023|main.py|INFO] EPOCH [47/100] Test NME: 0.05916
[Sun Apr 16 04:51:23 2023|main.py|INFO] EPOCH [47/100] Learning rate: 0.00002
[Sun Apr 16 04:51:45 2023|main.py|INFO] EPOCH [48/100] Train NME: 0.03797
[Sun Apr 16 04:51:48 2023|main.py|INFO] EPOCH [48/100] Test NME: 0.05902
[Sun Apr 16 04:51:48 2023|main.py|INFO] EPOCH [48/100] Learning rate: 0.00001
[Sun Apr 16 04:52:10 2023|main.py|INFO] EPOCH [49/100] Train NME: 0.03796
[Sun Apr 16 04:52:12 2023|main.py|INFO] EPOCH [49/100] Test NME: 0.05908
[Sun Apr 16 04:52:12 2023|main.py|INFO] EPOCH [49/100] Learning rate: 0.00001
[Sun Apr 16 04:52:34 2023|main.py|INFO] EPOCH [50/100] Train NME: 0.03799
[Sun Apr 16 04:52:37 2023|main.py|INFO] EPOCH [50/100] Test NME: 0.05929
[Sun Apr 16 04:52:37 2023|main.py|INFO] EPOCH [50/100] Learning rate: 0.00001
[Sun Apr 16 04:52:59 2023|main.py|INFO] EPOCH [51/100] Train NME: 0.03800
[Sun Apr 16 04:53:02 2023|main.py|INFO] EPOCH [51/100] Test NME: 0.05923
[Sun Apr 16 04:53:02 2023|main.py|INFO] EPOCH [51/100] Learning rate: 0.00001
[Sun Apr 16 04:53:24 2023|main.py|INFO] EPOCH [52/100] Train NME: 0.03779
[Sun Apr 16 04:53:26 2023|main.py|INFO] EPOCH [52/100] Test NME: 0.05872
[Sun Apr 16 04:53:26 2023|main.py|INFO] EPOCH [52/100] Learning rate: 0.00001
[Sun Apr 16 04:53:48 2023|main.py|INFO] EPOCH [53/100] Train NME: 0.03803
[Sun Apr 16 04:53:51 2023|main.py|INFO] EPOCH [53/100] Test NME: 0.05907
[Sun Apr 16 04:53:51 2023|main.py|INFO] EPOCH [53/100] Learning rate: 0.00000
[Sun Apr 16 04:54:14 2023|main.py|INFO] EPOCH [54/100] Train NME: 0.03785
[Sun Apr 16 04:54:16 2023|main.py|INFO] EPOCH [54/100] Test NME: 0.05873
[Sun Apr 16 04:54:16 2023|main.py|INFO] EPOCH [54/100] Learning rate: 0.00000
[Sun Apr 16 04:54:38 2023|main.py|INFO] EPOCH [55/100] Train NME: 0.03797
[Sun Apr 16 04:54:41 2023|main.py|INFO] EPOCH [55/100] Test NME: 0.05937
[Sun Apr 16 04:54:41 2023|main.py|INFO] EPOCH [55/100] Learning rate: 0.00000
[Sun Apr 16 04:55:03 2023|main.py|INFO] EPOCH [56/100] Train NME: 0.03796
[Sun Apr 16 04:55:06 2023|main.py|INFO] EPOCH [56/100] Test NME: 0.05906
[Sun Apr 16 04:55:06 2023|main.py|INFO] EPOCH [56/100] Learning rate: 0.00000
[Sun Apr 16 04:55:28 2023|main.py|INFO] EPOCH [57/100] Train NME: 0.03791
[Sun Apr 16 04:55:31 2023|main.py|INFO] EPOCH [57/100] Test NME: 0.05933
[Sun Apr 16 04:55:31 2023|main.py|INFO] EPOCH [57/100] Learning rate: 0.00000
[Sun Apr 16 04:55:48 2023|main.py|INFO] EPOCH [58/100] Train NME: 0.03792
[Sun Apr 16 04:55:50 2023|main.py|INFO] EPOCH [58/100] Test NME: 0.05893
[Sun Apr 16 04:55:50 2023|main.py|INFO] EPOCH [58/100] Learning rate: 0.00000
[Sun Apr 16 04:56:03 2023|main.py|INFO] EPOCH [59/100] Train NME: 0.03782
[Sun Apr 16 04:56:05 2023|main.py|INFO] EPOCH [59/100] Test NME: 0.05933
[Sun Apr 16 04:56:05 2023|main.py|INFO] EPOCH [59/100] Learning rate: 0.00000
[Sun Apr 16 04:56:18 2023|main.py|INFO] EPOCH [60/100] Train NME: 0.03803
[Sun Apr 16 04:56:20 2023|main.py|INFO] EPOCH [60/100] Test NME: 0.05899
[Sun Apr 16 04:56:20 2023|main.py|INFO] EPOCH [60/100] Learning rate: 0.00000
[Sun Apr 16 04:56:33 2023|main.py|INFO] EPOCH [61/100] Train NME: 0.03798
[Sun Apr 16 04:56:34 2023|main.py|INFO] EPOCH [61/100] Test NME: 0.05935
[Sun Apr 16 04:56:34 2023|main.py|INFO] EPOCH [61/100] Learning rate: 0.00000
[Sun Apr 16 04:56:48 2023|main.py|INFO] EPOCH [62/100] Train NME: 0.03798
[Sun Apr 16 04:56:50 2023|main.py|INFO] EPOCH [62/100] Test NME: 0.05917
[Sun Apr 16 04:56:50 2023|main.py|INFO] EPOCH [62/100] Learning rate: 0.00000
[Sun Apr 16 04:57:03 2023|main.py|INFO] EPOCH [63/100] Train NME: 0.03799
[Sun Apr 16 04:57:04 2023|main.py|INFO] EPOCH [63/100] Test NME: 0.05915
[Sun Apr 16 04:57:04 2023|main.py|INFO] EPOCH [63/100] Learning rate: 0.00000
[Sun Apr 16 04:57:18 2023|main.py|INFO] EPOCH [64/100] Train NME: 0.03799
[Sun Apr 16 04:57:19 2023|main.py|INFO] EPOCH [64/100] Test NME: 0.05891
[Sun Apr 16 04:57:19 2023|main.py|INFO] EPOCH [64/100] Learning rate: 0.00000
[Sun Apr 16 04:57:33 2023|main.py|INFO] EPOCH [65/100] Train NME: 0.03802
[Sun Apr 16 04:57:34 2023|main.py|INFO] EPOCH [65/100] Test NME: 0.05929
[Sun Apr 16 04:57:34 2023|main.py|INFO] EPOCH [65/100] Learning rate: 0.00000
[Sun Apr 16 04:57:47 2023|main.py|INFO] EPOCH [66/100] Train NME: 0.03809
[Sun Apr 16 04:57:49 2023|main.py|INFO] EPOCH [66/100] Test NME: 0.05953
[Sun Apr 16 04:57:49 2023|main.py|INFO] EPOCH [66/100] Learning rate: 0.00000
[Sun Apr 16 04:58:02 2023|main.py|INFO] EPOCH [67/100] Train NME: 0.03784
[Sun Apr 16 04:58:04 2023|main.py|INFO] EPOCH [67/100] Test NME: 0.05939
[Sun Apr 16 04:58:04 2023|main.py|INFO] EPOCH [67/100] Learning rate: 0.00000
[Sun Apr 16 04:58:17 2023|main.py|INFO] EPOCH [68/100] Train NME: 0.03796
[Sun Apr 16 04:58:19 2023|main.py|INFO] EPOCH [68/100] Test NME: 0.05914
[Sun Apr 16 04:58:19 2023|main.py|INFO] EPOCH [68/100] Learning rate: 0.00000
[Sun Apr 16 04:58:32 2023|main.py|INFO] EPOCH [69/100] Train NME: 0.03797
[Sun Apr 16 04:58:33 2023|main.py|INFO] EPOCH [69/100] Test NME: 0.05921
[Sun Apr 16 04:58:33 2023|main.py|INFO] EPOCH [69/100] Learning rate: 0.00000
[Sun Apr 16 04:58:47 2023|main.py|INFO] EPOCH [70/100] Train NME: 0.03792
[Sun Apr 16 04:58:49 2023|main.py|INFO] EPOCH [70/100] Test NME: 0.05931
[Sun Apr 16 04:58:49 2023|main.py|INFO] EPOCH [70/100] Learning rate: 0.00000
[Sun Apr 16 04:58:59 2023|main.py|INFO] EPOCH [71/100] Train NME: 0.03801
[Sun Apr 16 04:59:00 2023|main.py|INFO] EPOCH [71/100] Test NME: 0.05896
[Sun Apr 16 04:59:00 2023|main.py|INFO] EPOCH [71/100] Learning rate: 0.00000
[Sun Apr 16 04:59:08 2023|main.py|INFO] EPOCH [72/100] Train NME: 0.03822
[Sun Apr 16 04:59:09 2023|main.py|INFO] EPOCH [72/100] Test NME: 0.05897
[Sun Apr 16 04:59:09 2023|main.py|INFO] EPOCH [72/100] Learning rate: 0.00000
[Sun Apr 16 04:59:18 2023|main.py|INFO] EPOCH [73/100] Train NME: 0.03793
[Sun Apr 16 04:59:19 2023|main.py|INFO] EPOCH [73/100] Test NME: 0.05869
[Sun Apr 16 04:59:19 2023|main.py|INFO] EPOCH [73/100] Learning rate: 0.00000
[Sun Apr 16 04:59:27 2023|main.py|INFO] EPOCH [74/100] Train NME: 0.03810
[Sun Apr 16 04:59:28 2023|main.py|INFO] EPOCH [74/100] Test NME: 0.05966
[Sun Apr 16 04:59:28 2023|main.py|INFO] EPOCH [74/100] Learning rate: 0.00000
[Sun Apr 16 04:59:36 2023|main.py|INFO] EPOCH [75/100] Train NME: 0.03806
[Sun Apr 16 04:59:37 2023|main.py|INFO] EPOCH [75/100] Test NME: 0.05918
[Sun Apr 16 04:59:37 2023|main.py|INFO] EPOCH [75/100] Learning rate: 0.00000
[Sun Apr 16 04:59:46 2023|main.py|INFO] EPOCH [76/100] Train NME: 0.03812
[Sun Apr 16 04:59:47 2023|main.py|INFO] EPOCH [76/100] Test NME: 0.05880
[Sun Apr 16 04:59:47 2023|main.py|INFO] EPOCH [76/100] Learning rate: 0.00000
[Sun Apr 16 04:59:55 2023|main.py|INFO] EPOCH [77/100] Train NME: 0.03799
[Sun Apr 16 04:59:56 2023|main.py|INFO] EPOCH [77/100] Test NME: 0.05908
[Sun Apr 16 04:59:56 2023|main.py|INFO] EPOCH [77/100] Learning rate: 0.00000
[Sun Apr 16 05:00:04 2023|main.py|INFO] EPOCH [78/100] Train NME: 0.03792
[Sun Apr 16 05:00:05 2023|main.py|INFO] EPOCH [78/100] Test NME: 0.05894
[Sun Apr 16 05:00:05 2023|main.py|INFO] EPOCH [78/100] Learning rate: 0.00000
[Sun Apr 16 05:00:14 2023|main.py|INFO] EPOCH [79/100] Train NME: 0.03776
[Sun Apr 16 05:00:14 2023|main.py|INFO] EPOCH [79/100] Test NME: 0.05899
[Sun Apr 16 05:00:14 2023|main.py|INFO] EPOCH [79/100] Learning rate: 0.00000
[Sun Apr 16 05:00:23 2023|main.py|INFO] EPOCH [80/100] Train NME: 0.03799
[Sun Apr 16 05:00:24 2023|main.py|INFO] EPOCH [80/100] Test NME: 0.05893
[Sun Apr 16 05:00:24 2023|main.py|INFO] EPOCH [80/100] Learning rate: 0.00000
[Sun Apr 16 05:00:32 2023|main.py|INFO] EPOCH [81/100] Train NME: 0.03809
[Sun Apr 16 05:00:33 2023|main.py|INFO] EPOCH [81/100] Test NME: 0.05930
[Sun Apr 16 05:00:33 2023|main.py|INFO] EPOCH [81/100] Learning rate: 0.00000
[Sun Apr 16 05:00:42 2023|main.py|INFO] EPOCH [82/100] Train NME: 0.03807
[Sun Apr 16 05:00:43 2023|main.py|INFO] EPOCH [82/100] Test NME: 0.05884
[Sun Apr 16 05:00:43 2023|main.py|INFO] EPOCH [82/100] Learning rate: 0.00000
[Sun Apr 16 05:00:52 2023|main.py|INFO] EPOCH [83/100] Train NME: 0.03795
[Sun Apr 16 05:00:53 2023|main.py|INFO] EPOCH [83/100] Test NME: 0.05930
[Sun Apr 16 05:00:53 2023|main.py|INFO] EPOCH [83/100] Learning rate: 0.00000
[Sun Apr 16 05:01:02 2023|main.py|INFO] EPOCH [84/100] Train NME: 0.03790
[Sun Apr 16 05:01:03 2023|main.py|INFO] EPOCH [84/100] Test NME: 0.05949
[Sun Apr 16 05:01:03 2023|main.py|INFO] EPOCH [84/100] Learning rate: 0.00000
[Sun Apr 16 05:01:12 2023|main.py|INFO] EPOCH [85/100] Train NME: 0.03798
[Sun Apr 16 05:01:13 2023|main.py|INFO] EPOCH [85/100] Test NME: 0.05964
[Sun Apr 16 05:01:13 2023|main.py|INFO] EPOCH [85/100] Learning rate: 0.00000
[Sun Apr 16 05:01:22 2023|main.py|INFO] EPOCH [86/100] Train NME: 0.03797
[Sun Apr 16 05:01:23 2023|main.py|INFO] EPOCH [86/100] Test NME: 0.05963
[Sun Apr 16 05:01:23 2023|main.py|INFO] EPOCH [86/100] Learning rate: 0.00000
[Sun Apr 16 05:01:32 2023|main.py|INFO] EPOCH [87/100] Train NME: 0.03802
[Sun Apr 16 05:01:33 2023|main.py|INFO] EPOCH [87/100] Test NME: 0.05893
[Sun Apr 16 05:01:33 2023|main.py|INFO] EPOCH [87/100] Learning rate: 0.00000
[Sun Apr 16 05:01:41 2023|main.py|INFO] EPOCH [88/100] Train NME: 0.03803
[Sun Apr 16 05:01:42 2023|main.py|INFO] EPOCH [88/100] Test NME: 0.05900
[Sun Apr 16 05:01:42 2023|main.py|INFO] EPOCH [88/100] Learning rate: 0.00000
[Sun Apr 16 05:01:51 2023|main.py|INFO] EPOCH [89/100] Train NME: 0.03803
[Sun Apr 16 05:01:52 2023|main.py|INFO] EPOCH [89/100] Test NME: 0.05911
[Sun Apr 16 05:01:52 2023|main.py|INFO] EPOCH [89/100] Learning rate: 0.00000
[Sun Apr 16 05:02:01 2023|main.py|INFO] EPOCH [90/100] Train NME: 0.03787
[Sun Apr 16 05:02:02 2023|main.py|INFO] EPOCH [90/100] Test NME: 0.05928
[Sun Apr 16 05:02:02 2023|main.py|INFO] EPOCH [90/100] Learning rate: 0.00000
[Sun Apr 16 05:02:10 2023|main.py|INFO] EPOCH [91/100] Train NME: 0.03804
[Sun Apr 16 05:02:11 2023|main.py|INFO] EPOCH [91/100] Test NME: 0.05922
[Sun Apr 16 05:02:11 2023|main.py|INFO] EPOCH [91/100] Learning rate: 0.00000
[Sun Apr 16 05:02:20 2023|main.py|INFO] EPOCH [92/100] Train NME: 0.03812
[Sun Apr 16 05:02:21 2023|main.py|INFO] EPOCH [92/100] Test NME: 0.05911
[Sun Apr 16 05:02:21 2023|main.py|INFO] EPOCH [92/100] Learning rate: 0.00000
[Sun Apr 16 05:02:30 2023|main.py|INFO] EPOCH [93/100] Train NME: 0.03791
[Sun Apr 16 05:02:31 2023|main.py|INFO] EPOCH [93/100] Test NME: 0.05952
[Sun Apr 16 05:02:31 2023|main.py|INFO] EPOCH [93/100] Learning rate: 0.00000
[Sun Apr 16 05:02:40 2023|main.py|INFO] EPOCH [94/100] Train NME: 0.03795
[Sun Apr 16 05:02:41 2023|main.py|INFO] EPOCH [94/100] Test NME: 0.05904
[Sun Apr 16 05:02:41 2023|main.py|INFO] EPOCH [94/100] Learning rate: 0.00000
[Sun Apr 16 05:02:50 2023|main.py|INFO] EPOCH [95/100] Train NME: 0.03797
[Sun Apr 16 05:02:51 2023|main.py|INFO] EPOCH [95/100] Test NME: 0.05932
[Sun Apr 16 05:02:51 2023|main.py|INFO] EPOCH [95/100] Learning rate: 0.00000
[Sun Apr 16 05:02:59 2023|main.py|INFO] EPOCH [96/100] Train NME: 0.03805
[Sun Apr 16 05:03:00 2023|main.py|INFO] EPOCH [96/100] Test NME: 0.05917
[Sun Apr 16 05:03:00 2023|main.py|INFO] EPOCH [96/100] Learning rate: 0.00000
[Sun Apr 16 05:03:08 2023|main.py|INFO] EPOCH [97/100] Train NME: 0.03794
[Sun Apr 16 05:03:09 2023|main.py|INFO] EPOCH [97/100] Test NME: 0.05888
[Sun Apr 16 05:03:09 2023|main.py|INFO] EPOCH [97/100] Learning rate: 0.00000
[Sun Apr 16 05:03:18 2023|main.py|INFO] EPOCH [98/100] Train NME: 0.03797
[Sun Apr 16 05:03:19 2023|main.py|INFO] EPOCH [98/100] Test NME: 0.05862
[Sun Apr 16 05:03:19 2023|main.py|INFO] EPOCH [98/100] Learning rate: 0.00000
[Sun Apr 16 05:03:27 2023|main.py|INFO] EPOCH [99/100] Train NME: 0.03788
[Sun Apr 16 05:03:28 2023|main.py|INFO] EPOCH [99/100] Test NME: 0.05936
[Sun Apr 16 05:03:28 2023|main.py|INFO] EPOCH [99/100] Learning rate: 0.00000
[Sun Apr 16 05:03:37 2023|main.py|INFO] EPOCH [100/100] Train NME: 0.03811
[Sun Apr 16 05:03:38 2023|main.py|INFO] EPOCH [100/100] Test NME: 0.05878
[Sun Apr 16 05:03:38 2023|main.py|INFO] EPOCH [100/100] Learning rate: 0.00000
