[Sun Apr 16 03:21:38 2023|main.py|INFO] Task: raw_CNN_noAug_MSE_lr0.3_B4
[Sun Apr 16 03:21:38 2023|main.py|INFO] Using device: cuda
[Sun Apr 16 03:21:38 2023|main.py|INFO] Using config: config\raw_CNN_noAug_MSE_lr0.3_B4.yaml
[Sun Apr 16 03:21:38 2023|main.py|INFO] Train path: data/training_images_full_train.npz
[Sun Apr 16 03:21:38 2023|main.py|INFO] Test path: data/training_images_full_test.npz
[Sun Apr 16 03:21:38 2023|main.py|INFO] Train augment: False
[Sun Apr 16 03:21:38 2023|main.py|INFO] Learning rate: 0.3
[Sun Apr 16 03:21:38 2023|main.py|INFO] Batch size: 4
[Sun Apr 16 03:21:38 2023|main.py|INFO] Num epochs: 100
[Sun Apr 16 03:21:38 2023|main.py|INFO] Save model: True
[Sun Apr 16 03:21:38 2023|main.py|INFO] Loss: MSE
[Sun Apr 16 03:21:38 2023|main.py|INFO] Log path: logs/raw_CNN_noAug_MSE_lr0.3_B4/2023-04-16_03-21-38.log
[Sun Apr 16 03:21:38 2023|main.py|INFO] Writer path: runs/raw_CNN_noAug_MSE_lr0.3_B4/2023-04-16_03-21-38
[Sun Apr 16 03:21:38 2023|main.py|INFO] Model name: resnet18
[Sun Apr 16 03:21:38 2023|main.py|INFO] Num outputs: 88
[Sun Apr 16 03:21:38 2023|main.py|INFO] Pretrained: True
[Sun Apr 16 03:21:38 2023|main.py|INFO] Load model: False
[Sun Apr 16 03:21:38 2023|main.py|INFO] Load path: None
[Sun Apr 16 03:21:38 2023|main.py|INFO] Loading data...
[Sun Apr 16 03:21:38 2023|main.py|INFO] Load dataset for raw_CNN_noAug_MSE_lr0.3_B4
[Sun Apr 16 03:21:39 2023|main.py|INFO] Initializing network resnet18 with 88 outputs...
[Sun Apr 16 03:21:40 2023|main.py|INFO] Network: ResNet(
  (conv1): Conv2d(3, 64, kernel_size=(7, 7), stride=(2, 2), padding=(3, 3), bias=False)
  (bn1): BatchNorm2d(64, eps=1e-05, momentum=0.1, affine=True, track_running_stats=True)
  (relu): ReLU(inplace=True)
  (maxpool): MaxPool2d(kernel_size=3, stride=2, padding=1, dilation=1, ceil_mode=False)
  (layer1): Sequential(
    (0): BasicBlock(
      (conv1): Conv2d(64, 64, kernel_size=(3, 3), stride=(1, 1), padding=(1, 1), bias=False)
      (bn1): BatchNorm2d(64, eps=1e-05, momentum=0.1, affine=True, track_running_stats=True)
      (relu): ReLU(inplace=True)
      (conv2): Conv2d(64, 64, kernel_size=(3, 3), stride=(1, 1), padding=(1, 1), bias=False)
      (bn2): BatchNorm2d(64, eps=1e-05, momentum=0.1, affine=True, track_running_stats=True)
    )
    (1): BasicBlock(
      (conv1): Conv2d(64, 64, kernel_size=(3, 3), stride=(1, 1), padding=(1, 1), bias=False)
      (bn1): BatchNorm2d(64, eps=1e-05, momentum=0.1, affine=True, track_running_stats=True)
      (relu): ReLU(inplace=True)
      (conv2): Conv2d(64, 64, kernel_size=(3, 3), stride=(1, 1), padding=(1, 1), bias=False)
      (bn2): BatchNorm2d(64, eps=1e-05, momentum=0.1, affine=True, track_running_stats=True)
    )
  )
  (layer2): Sequential(
    (0): BasicBlock(
      (conv1): Conv2d(64, 128, kernel_size=(3, 3), stride=(2, 2), padding=(1, 1), bias=False)
      (bn1): BatchNorm2d(128, eps=1e-05, momentum=0.1, affine=True, track_running_stats=True)
      (relu): ReLU(inplace=True)
      (conv2): Conv2d(128, 128, kernel_size=(3, 3), stride=(1, 1), padding=(1, 1), bias=False)
      (bn2): BatchNorm2d(128, eps=1e-05, momentum=0.1, affine=True, track_running_stats=True)
      (downsample): Sequential(
        (0): Conv2d(64, 128, kernel_size=(1, 1), stride=(2, 2), bias=False)
        (1): BatchNorm2d(128, eps=1e-05, momentum=0.1, affine=True, track_running_stats=True)
      )
    )
    (1): BasicBlock(
      (conv1): Conv2d(128, 128, kernel_size=(3, 3), stride=(1, 1), padding=(1, 1), bias=False)
      (bn1): BatchNorm2d(128, eps=1e-05, momentum=0.1, affine=True, track_running_stats=True)
      (relu): ReLU(inplace=True)
      (conv2): Conv2d(128, 128, kernel_size=(3, 3), stride=(1, 1), padding=(1, 1), bias=False)
      (bn2): BatchNorm2d(128, eps=1e-05, momentum=0.1, affine=True, track_running_stats=True)
    )
  )
  (layer3): Sequential(
    (0): BasicBlock(
      (conv1): Conv2d(128, 256, kernel_size=(3, 3), stride=(2, 2), padding=(1, 1), bias=False)
      (bn1): BatchNorm2d(256, eps=1e-05, momentum=0.1, affine=True, track_running_stats=True)
      (relu): ReLU(inplace=True)
      (conv2): Conv2d(256, 256, kernel_size=(3, 3), stride=(1, 1), padding=(1, 1), bias=False)
      (bn2): BatchNorm2d(256, eps=1e-05, momentum=0.1, affine=True, track_running_stats=True)
      (downsample): Sequential(
        (0): Conv2d(128, 256, kernel_size=(1, 1), stride=(2, 2), bias=False)
        (1): BatchNorm2d(256, eps=1e-05, momentum=0.1, affine=True, track_running_stats=True)
      )
    )
    (1): BasicBlock(
      (conv1): Conv2d(256, 256, kernel_size=(3, 3), stride=(1, 1), padding=(1, 1), bias=False)
      (bn1): BatchNorm2d(256, eps=1e-05, momentum=0.1, affine=True, track_running_stats=True)
      (relu): ReLU(inplace=True)
      (conv2): Conv2d(256, 256, kernel_size=(3, 3), stride=(1, 1), padding=(1, 1), bias=False)
      (bn2): BatchNorm2d(256, eps=1e-05, momentum=0.1, affine=True, track_running_stats=True)
    )
  )
  (layer4): Sequential(
    (0): BasicBlock(
      (conv1): Conv2d(256, 512, kernel_size=(3, 3), stride=(2, 2), padding=(1, 1), bias=False)
      (bn1): BatchNorm2d(512, eps=1e-05, momentum=0.1, affine=True, track_running_stats=True)
      (relu): ReLU(inplace=True)
      (conv2): Conv2d(512, 512, kernel_size=(3, 3), stride=(1, 1), padding=(1, 1), bias=False)
      (bn2): BatchNorm2d(512, eps=1e-05, momentum=0.1, affine=True, track_running_stats=True)
      (downsample): Sequential(
        (0): Conv2d(256, 512, kernel_size=(1, 1), stride=(2, 2), bias=False)
        (1): BatchNorm2d(512, eps=1e-05, momentum=0.1, affine=True, track_running_stats=True)
      )
    )
    (1): BasicBlock(
      (conv1): Conv2d(512, 512, kernel_size=(3, 3), stride=(1, 1), padding=(1, 1), bias=False)
      (bn1): BatchNorm2d(512, eps=1e-05, momentum=0.1, affine=True, track_running_stats=True)
      (relu): ReLU(inplace=True)
      (conv2): Conv2d(512, 512, kernel_size=(3, 3), stride=(1, 1), padding=(1, 1), bias=False)
      (bn2): BatchNorm2d(512, eps=1e-05, momentum=0.1, affine=True, track_running_stats=True)
    )
  )
  (avgpool): AdaptiveAvgPool2d(output_size=(1, 1))
  (fc): Linear(in_features=512, out_features=88, bias=True)
)
[Sun Apr 16 03:21:40 2023|main.py|INFO] Initializing loss and optimizer...
[Sun Apr 16 03:21:40 2023|main.py|INFO] Loss: MSE
[Sun Apr 16 03:21:40 2023|main.py|INFO] Optimizer: Adam
[Sun Apr 16 03:21:40 2023|main.py|INFO] Initializing tensorboard writer at: runs/raw_CNN_noAug_MSE_lr0.3_B4/2023-04-16_03-21-38
[Sun Apr 16 03:21:40 2023|main.py|INFO] Training network...
[Sun Apr 16 03:21:51 2023|main.py|INFO] EPOCH [1/100] Train NME: 0.19989
[Sun Apr 16 03:21:52 2023|main.py|INFO] EPOCH [1/100] Test NME: 0.14821
[Sun Apr 16 03:21:52 2023|main.py|INFO] EPOCH [1/100] Learning rate: 0.30000
[Sun Apr 16 03:21:52 2023|main.py|INFO] EPOCH [1/100] NME improved from 1000.00000 to 0.14821
[Sun Apr 16 03:21:52 2023|main.py|INFO] EPOCH [1/100] Saving model to: checkpoints/raw_CNN_noAug_MSE_lr0.3_B4/2023-04-16_03-21-52_epoch_1_NME_0.14821.pth.tar
[Sun Apr 16 03:22:06 2023|main.py|INFO] EPOCH [2/100] Train NME: 0.16123
[Sun Apr 16 03:22:08 2023|main.py|INFO] EPOCH [2/100] Test NME: 0.14297
[Sun Apr 16 03:22:08 2023|main.py|INFO] EPOCH [2/100] Learning rate: 0.24000
[Sun Apr 16 03:22:08 2023|main.py|INFO] EPOCH [2/100] NME improved from 0.14821 to 0.14297
[Sun Apr 16 03:22:08 2023|main.py|INFO] EPOCH [2/100] Saving model to: checkpoints/raw_CNN_noAug_MSE_lr0.3_B4/2023-04-16_03-22-08_epoch_2_NME_0.14297.pth.tar
[Sun Apr 16 03:22:32 2023|main.py|INFO] EPOCH [3/100] Train NME: 0.15044
[Sun Apr 16 03:22:34 2023|main.py|INFO] EPOCH [3/100] Test NME: 0.12728
[Sun Apr 16 03:22:34 2023|main.py|INFO] EPOCH [3/100] Learning rate: 0.19200
[Sun Apr 16 03:22:34 2023|main.py|INFO] EPOCH [3/100] NME improved from 0.14297 to 0.12728
[Sun Apr 16 03:22:34 2023|main.py|INFO] EPOCH [3/100] Saving model to: checkpoints/raw_CNN_noAug_MSE_lr0.3_B4/2023-04-16_03-22-34_epoch_3_NME_0.12728.pth.tar
[Sun Apr 16 03:22:57 2023|main.py|INFO] EPOCH [4/100] Train NME: 0.13933
[Sun Apr 16 03:22:59 2023|main.py|INFO] EPOCH [4/100] Test NME: 0.13476
[Sun Apr 16 03:22:59 2023|main.py|INFO] EPOCH [4/100] Learning rate: 0.15360
[Sun Apr 16 03:23:21 2023|main.py|INFO] EPOCH [5/100] Train NME: 0.12248
[Sun Apr 16 03:23:23 2023|main.py|INFO] EPOCH [5/100] Test NME: 0.09470
[Sun Apr 16 03:23:23 2023|main.py|INFO] EPOCH [5/100] Learning rate: 0.12288
[Sun Apr 16 03:23:23 2023|main.py|INFO] EPOCH [5/100] NME improved from 0.12728 to 0.09470
[Sun Apr 16 03:23:23 2023|main.py|INFO] EPOCH [5/100] Saving model to: checkpoints/raw_CNN_noAug_MSE_lr0.3_B4/2023-04-16_03-23-23_epoch_5_NME_0.09470.pth.tar
[Sun Apr 16 03:23:46 2023|main.py|INFO] EPOCH [6/100] Train NME: 0.10001
[Sun Apr 16 03:23:48 2023|main.py|INFO] EPOCH [6/100] Test NME: 0.11122
[Sun Apr 16 03:23:48 2023|main.py|INFO] EPOCH [6/100] Learning rate: 0.09830
[Sun Apr 16 03:24:10 2023|main.py|INFO] EPOCH [7/100] Train NME: 0.08771
[Sun Apr 16 03:24:12 2023|main.py|INFO] EPOCH [7/100] Test NME: 0.08213
[Sun Apr 16 03:24:12 2023|main.py|INFO] EPOCH [7/100] Learning rate: 0.07864
[Sun Apr 16 03:24:12 2023|main.py|INFO] EPOCH [7/100] NME improved from 0.09470 to 0.08213
[Sun Apr 16 03:24:12 2023|main.py|INFO] EPOCH [7/100] Saving model to: checkpoints/raw_CNN_noAug_MSE_lr0.3_B4/2023-04-16_03-24-12_epoch_7_NME_0.08213.pth.tar
[Sun Apr 16 03:24:34 2023|main.py|INFO] EPOCH [8/100] Train NME: 0.07766
[Sun Apr 16 03:24:36 2023|main.py|INFO] EPOCH [8/100] Test NME: 0.07135
[Sun Apr 16 03:24:36 2023|main.py|INFO] EPOCH [8/100] Learning rate: 0.06291
[Sun Apr 16 03:24:36 2023|main.py|INFO] EPOCH [8/100] NME improved from 0.08213 to 0.07135
[Sun Apr 16 03:24:36 2023|main.py|INFO] EPOCH [8/100] Saving model to: checkpoints/raw_CNN_noAug_MSE_lr0.3_B4/2023-04-16_03-24-36_epoch_8_NME_0.07135.pth.tar
[Sun Apr 16 03:24:59 2023|main.py|INFO] EPOCH [9/100] Train NME: 0.07133
[Sun Apr 16 03:25:01 2023|main.py|INFO] EPOCH [9/100] Test NME: 0.07519
[Sun Apr 16 03:25:01 2023|main.py|INFO] EPOCH [9/100] Learning rate: 0.05033
[Sun Apr 16 03:25:23 2023|main.py|INFO] EPOCH [10/100] Train NME: 0.06655
[Sun Apr 16 03:25:25 2023|main.py|INFO] EPOCH [10/100] Test NME: 0.06779
[Sun Apr 16 03:25:25 2023|main.py|INFO] EPOCH [10/100] Learning rate: 0.04027
[Sun Apr 16 03:25:25 2023|main.py|INFO] EPOCH [10/100] NME improved from 0.07135 to 0.06779
[Sun Apr 16 03:25:25 2023|main.py|INFO] EPOCH [10/100] Saving model to: checkpoints/raw_CNN_noAug_MSE_lr0.3_B4/2023-04-16_03-25-25_epoch_10_NME_0.06779.pth.tar
[Sun Apr 16 03:25:47 2023|main.py|INFO] EPOCH [11/100] Train NME: 0.06267
[Sun Apr 16 03:25:50 2023|main.py|INFO] EPOCH [11/100] Test NME: 0.06638
[Sun Apr 16 03:25:50 2023|main.py|INFO] EPOCH [11/100] Learning rate: 0.03221
[Sun Apr 16 03:25:50 2023|main.py|INFO] EPOCH [11/100] NME improved from 0.06779 to 0.06638
[Sun Apr 16 03:25:50 2023|main.py|INFO] EPOCH [11/100] Saving model to: checkpoints/raw_CNN_noAug_MSE_lr0.3_B4/2023-04-16_03-25-50_epoch_11_NME_0.06638.pth.tar
[Sun Apr 16 03:26:12 2023|main.py|INFO] EPOCH [12/100] Train NME: 0.05931
[Sun Apr 16 03:26:14 2023|main.py|INFO] EPOCH [12/100] Test NME: 0.06365
[Sun Apr 16 03:26:14 2023|main.py|INFO] EPOCH [12/100] Learning rate: 0.02577
[Sun Apr 16 03:26:14 2023|main.py|INFO] EPOCH [12/100] NME improved from 0.06638 to 0.06365
[Sun Apr 16 03:26:14 2023|main.py|INFO] EPOCH [12/100] Saving model to: checkpoints/raw_CNN_noAug_MSE_lr0.3_B4/2023-04-16_03-26-14_epoch_12_NME_0.06365.pth.tar
[Sun Apr 16 03:26:37 2023|main.py|INFO] EPOCH [13/100] Train NME: 0.05622
[Sun Apr 16 03:26:40 2023|main.py|INFO] EPOCH [13/100] Test NME: 0.06156
[Sun Apr 16 03:26:40 2023|main.py|INFO] EPOCH [13/100] Learning rate: 0.02062
[Sun Apr 16 03:26:40 2023|main.py|INFO] EPOCH [13/100] NME improved from 0.06365 to 0.06156
[Sun Apr 16 03:26:40 2023|main.py|INFO] EPOCH [13/100] Saving model to: checkpoints/raw_CNN_noAug_MSE_lr0.3_B4/2023-04-16_03-26-40_epoch_13_NME_0.06156.pth.tar
[Sun Apr 16 03:27:02 2023|main.py|INFO] EPOCH [14/100] Train NME: 0.05440
[Sun Apr 16 03:27:04 2023|main.py|INFO] EPOCH [14/100] Test NME: 0.06036
[Sun Apr 16 03:27:04 2023|main.py|INFO] EPOCH [14/100] Learning rate: 0.01649
[Sun Apr 16 03:27:04 2023|main.py|INFO] EPOCH [14/100] NME improved from 0.06156 to 0.06036
[Sun Apr 16 03:27:04 2023|main.py|INFO] EPOCH [14/100] Saving model to: checkpoints/raw_CNN_noAug_MSE_lr0.3_B4/2023-04-16_03-27-04_epoch_14_NME_0.06036.pth.tar
[Sun Apr 16 03:27:26 2023|main.py|INFO] EPOCH [15/100] Train NME: 0.05250
[Sun Apr 16 03:27:29 2023|main.py|INFO] EPOCH [15/100] Test NME: 0.05957
[Sun Apr 16 03:27:29 2023|main.py|INFO] EPOCH [15/100] Learning rate: 0.01319
[Sun Apr 16 03:27:29 2023|main.py|INFO] EPOCH [15/100] NME improved from 0.06036 to 0.05957
[Sun Apr 16 03:27:29 2023|main.py|INFO] EPOCH [15/100] Saving model to: checkpoints/raw_CNN_noAug_MSE_lr0.3_B4/2023-04-16_03-27-29_epoch_15_NME_0.05957.pth.tar
[Sun Apr 16 03:27:52 2023|main.py|INFO] EPOCH [16/100] Train NME: 0.05088
[Sun Apr 16 03:27:54 2023|main.py|INFO] EPOCH [16/100] Test NME: 0.05848
[Sun Apr 16 03:27:54 2023|main.py|INFO] EPOCH [16/100] Learning rate: 0.01056
[Sun Apr 16 03:27:54 2023|main.py|INFO] EPOCH [16/100] NME improved from 0.05957 to 0.05848
[Sun Apr 16 03:27:54 2023|main.py|INFO] EPOCH [16/100] Saving model to: checkpoints/raw_CNN_noAug_MSE_lr0.3_B4/2023-04-16_03-27-54_epoch_16_NME_0.05848.pth.tar
[Sun Apr 16 03:28:16 2023|main.py|INFO] EPOCH [17/100] Train NME: 0.04988
[Sun Apr 16 03:28:19 2023|main.py|INFO] EPOCH [17/100] Test NME: 0.05854
[Sun Apr 16 03:28:19 2023|main.py|INFO] EPOCH [17/100] Learning rate: 0.00844
[Sun Apr 16 03:28:41 2023|main.py|INFO] EPOCH [18/100] Train NME: 0.04867
[Sun Apr 16 03:28:43 2023|main.py|INFO] EPOCH [18/100] Test NME: 0.05752
[Sun Apr 16 03:28:43 2023|main.py|INFO] EPOCH [18/100] Learning rate: 0.00676
[Sun Apr 16 03:28:43 2023|main.py|INFO] EPOCH [18/100] NME improved from 0.05848 to 0.05752
[Sun Apr 16 03:28:43 2023|main.py|INFO] EPOCH [18/100] Saving model to: checkpoints/raw_CNN_noAug_MSE_lr0.3_B4/2023-04-16_03-28-43_epoch_18_NME_0.05752.pth.tar
[Sun Apr 16 03:29:06 2023|main.py|INFO] EPOCH [19/100] Train NME: 0.04790
[Sun Apr 16 03:29:09 2023|main.py|INFO] EPOCH [19/100] Test NME: 0.05755
[Sun Apr 16 03:29:09 2023|main.py|INFO] EPOCH [19/100] Learning rate: 0.00540
[Sun Apr 16 03:29:31 2023|main.py|INFO] EPOCH [20/100] Train NME: 0.04711
[Sun Apr 16 03:29:33 2023|main.py|INFO] EPOCH [20/100] Test NME: 0.05750
[Sun Apr 16 03:29:33 2023|main.py|INFO] EPOCH [20/100] Learning rate: 0.00432
[Sun Apr 16 03:29:33 2023|main.py|INFO] EPOCH [20/100] NME improved from 0.05752 to 0.05750
[Sun Apr 16 03:29:33 2023|main.py|INFO] EPOCH [20/100] Saving model to: checkpoints/raw_CNN_noAug_MSE_lr0.3_B4/2023-04-16_03-29-33_epoch_20_NME_0.05750.pth.tar
[Sun Apr 16 03:29:57 2023|main.py|INFO] EPOCH [21/100] Train NME: 0.04639
[Sun Apr 16 03:29:59 2023|main.py|INFO] EPOCH [21/100] Test NME: 0.05791
[Sun Apr 16 03:29:59 2023|main.py|INFO] EPOCH [21/100] Learning rate: 0.00346
[Sun Apr 16 03:30:22 2023|main.py|INFO] EPOCH [22/100] Train NME: 0.04583
[Sun Apr 16 03:30:24 2023|main.py|INFO] EPOCH [22/100] Test NME: 0.05671
[Sun Apr 16 03:30:24 2023|main.py|INFO] EPOCH [22/100] Learning rate: 0.00277
[Sun Apr 16 03:30:24 2023|main.py|INFO] EPOCH [22/100] NME improved from 0.05750 to 0.05671
[Sun Apr 16 03:30:24 2023|main.py|INFO] EPOCH [22/100] Saving model to: checkpoints/raw_CNN_noAug_MSE_lr0.3_B4/2023-04-16_03-30-24_epoch_22_NME_0.05671.pth.tar
[Sun Apr 16 03:30:47 2023|main.py|INFO] EPOCH [23/100] Train NME: 0.04554
[Sun Apr 16 03:30:49 2023|main.py|INFO] EPOCH [23/100] Test NME: 0.05710
[Sun Apr 16 03:30:49 2023|main.py|INFO] EPOCH [23/100] Learning rate: 0.00221
[Sun Apr 16 03:31:12 2023|main.py|INFO] EPOCH [24/100] Train NME: 0.04524
[Sun Apr 16 03:31:15 2023|main.py|INFO] EPOCH [24/100] Test NME: 0.05709
[Sun Apr 16 03:31:15 2023|main.py|INFO] EPOCH [24/100] Learning rate: 0.00177
[Sun Apr 16 03:31:38 2023|main.py|INFO] EPOCH [25/100] Train NME: 0.04514
[Sun Apr 16 03:31:41 2023|main.py|INFO] EPOCH [25/100] Test NME: 0.05619
[Sun Apr 16 03:31:41 2023|main.py|INFO] EPOCH [25/100] Learning rate: 0.00142
[Sun Apr 16 03:31:41 2023|main.py|INFO] EPOCH [25/100] NME improved from 0.05671 to 0.05619
[Sun Apr 16 03:31:41 2023|main.py|INFO] EPOCH [25/100] Saving model to: checkpoints/raw_CNN_noAug_MSE_lr0.3_B4/2023-04-16_03-31-41_epoch_25_NME_0.05619.pth.tar
[Sun Apr 16 03:32:04 2023|main.py|INFO] EPOCH [26/100] Train NME: 0.04436
[Sun Apr 16 03:32:07 2023|main.py|INFO] EPOCH [26/100] Test NME: 0.05671
[Sun Apr 16 03:32:07 2023|main.py|INFO] EPOCH [26/100] Learning rate: 0.00113
[Sun Apr 16 03:32:31 2023|main.py|INFO] EPOCH [27/100] Train NME: 0.04430
[Sun Apr 16 03:32:33 2023|main.py|INFO] EPOCH [27/100] Test NME: 0.05659
[Sun Apr 16 03:32:33 2023|main.py|INFO] EPOCH [27/100] Learning rate: 0.00091
[Sun Apr 16 03:32:58 2023|main.py|INFO] EPOCH [28/100] Train NME: 0.04433
[Sun Apr 16 03:33:01 2023|main.py|INFO] EPOCH [28/100] Test NME: 0.05637
[Sun Apr 16 03:33:01 2023|main.py|INFO] EPOCH [28/100] Learning rate: 0.00073
[Sun Apr 16 03:33:27 2023|main.py|INFO] EPOCH [29/100] Train NME: 0.04397
[Sun Apr 16 03:33:29 2023|main.py|INFO] EPOCH [29/100] Test NME: 0.05601
[Sun Apr 16 03:33:29 2023|main.py|INFO] EPOCH [29/100] Learning rate: 0.00058
[Sun Apr 16 03:33:29 2023|main.py|INFO] EPOCH [29/100] NME improved from 0.05619 to 0.05601
[Sun Apr 16 03:33:29 2023|main.py|INFO] EPOCH [29/100] Saving model to: checkpoints/raw_CNN_noAug_MSE_lr0.3_B4/2023-04-16_03-33-29_epoch_29_NME_0.05601.pth.tar
[Sun Apr 16 03:33:57 2023|main.py|INFO] EPOCH [30/100] Train NME: 0.04377
[Sun Apr 16 03:34:01 2023|main.py|INFO] EPOCH [30/100] Test NME: 0.05639
[Sun Apr 16 03:34:01 2023|main.py|INFO] EPOCH [30/100] Learning rate: 0.00046
[Sun Apr 16 03:34:43 2023|main.py|INFO] EPOCH [31/100] Train NME: 0.04368
[Sun Apr 16 03:34:48 2023|main.py|INFO] EPOCH [31/100] Test NME: 0.05654
[Sun Apr 16 03:34:48 2023|main.py|INFO] EPOCH [31/100] Learning rate: 0.00037
[Sun Apr 16 03:35:31 2023|main.py|INFO] EPOCH [32/100] Train NME: 0.04369
[Sun Apr 16 03:35:35 2023|main.py|INFO] EPOCH [32/100] Test NME: 0.05650
[Sun Apr 16 03:35:35 2023|main.py|INFO] EPOCH [32/100] Learning rate: 0.00030
[Sun Apr 16 03:36:15 2023|main.py|INFO] EPOCH [33/100] Train NME: 0.04380
[Sun Apr 16 03:36:19 2023|main.py|INFO] EPOCH [33/100] Test NME: 0.05621
[Sun Apr 16 03:36:19 2023|main.py|INFO] EPOCH [33/100] Learning rate: 0.00024
[Sun Apr 16 03:37:04 2023|main.py|INFO] EPOCH [34/100] Train NME: 0.04351
[Sun Apr 16 03:37:09 2023|main.py|INFO] EPOCH [34/100] Test NME: 0.05609
[Sun Apr 16 03:37:09 2023|main.py|INFO] EPOCH [34/100] Learning rate: 0.00019
[Sun Apr 16 03:37:48 2023|main.py|INFO] EPOCH [35/100] Train NME: 0.04352
[Sun Apr 16 03:37:52 2023|main.py|INFO] EPOCH [35/100] Test NME: 0.05654
[Sun Apr 16 03:37:52 2023|main.py|INFO] EPOCH [35/100] Learning rate: 0.00015
[Sun Apr 16 03:38:30 2023|main.py|INFO] EPOCH [36/100] Train NME: 0.04347
[Sun Apr 16 03:38:35 2023|main.py|INFO] EPOCH [36/100] Test NME: 0.05607
[Sun Apr 16 03:38:35 2023|main.py|INFO] EPOCH [36/100] Learning rate: 0.00012
[Sun Apr 16 03:39:14 2023|main.py|INFO] EPOCH [37/100] Train NME: 0.04340
[Sun Apr 16 03:39:18 2023|main.py|INFO] EPOCH [37/100] Test NME: 0.05638
[Sun Apr 16 03:39:18 2023|main.py|INFO] EPOCH [37/100] Learning rate: 0.00010
[Sun Apr 16 03:39:58 2023|main.py|INFO] EPOCH [38/100] Train NME: 0.04351
[Sun Apr 16 03:40:02 2023|main.py|INFO] EPOCH [38/100] Test NME: 0.05652
[Sun Apr 16 03:40:02 2023|main.py|INFO] EPOCH [38/100] Learning rate: 0.00008
[Sun Apr 16 03:40:41 2023|main.py|INFO] EPOCH [39/100] Train NME: 0.04325
[Sun Apr 16 03:40:45 2023|main.py|INFO] EPOCH [39/100] Test NME: 0.05641
[Sun Apr 16 03:40:45 2023|main.py|INFO] EPOCH [39/100] Learning rate: 0.00006
[Sun Apr 16 03:41:24 2023|main.py|INFO] EPOCH [40/100] Train NME: 0.04332
[Sun Apr 16 03:41:29 2023|main.py|INFO] EPOCH [40/100] Test NME: 0.05624
[Sun Apr 16 03:41:29 2023|main.py|INFO] EPOCH [40/100] Learning rate: 0.00005
[Sun Apr 16 03:42:09 2023|main.py|INFO] EPOCH [41/100] Train NME: 0.04327
[Sun Apr 16 03:42:14 2023|main.py|INFO] EPOCH [41/100] Test NME: 0.05607
[Sun Apr 16 03:42:14 2023|main.py|INFO] EPOCH [41/100] Learning rate: 0.00004
[Sun Apr 16 03:42:55 2023|main.py|INFO] EPOCH [42/100] Train NME: 0.04345
[Sun Apr 16 03:42:59 2023|main.py|INFO] EPOCH [42/100] Test NME: 0.05614
[Sun Apr 16 03:42:59 2023|main.py|INFO] EPOCH [42/100] Learning rate: 0.00003
[Sun Apr 16 03:43:40 2023|main.py|INFO] EPOCH [43/100] Train NME: 0.04346
[Sun Apr 16 03:43:44 2023|main.py|INFO] EPOCH [43/100] Test NME: 0.05609
[Sun Apr 16 03:43:44 2023|main.py|INFO] EPOCH [43/100] Learning rate: 0.00003
[Sun Apr 16 03:44:25 2023|main.py|INFO] EPOCH [44/100] Train NME: 0.04323
[Sun Apr 16 03:44:29 2023|main.py|INFO] EPOCH [44/100] Test NME: 0.05627
[Sun Apr 16 03:44:29 2023|main.py|INFO] EPOCH [44/100] Learning rate: 0.00002
[Sun Apr 16 03:45:10 2023|main.py|INFO] EPOCH [45/100] Train NME: 0.04336
[Sun Apr 16 03:45:14 2023|main.py|INFO] EPOCH [45/100] Test NME: 0.05637
[Sun Apr 16 03:45:14 2023|main.py|INFO] EPOCH [45/100] Learning rate: 0.00002
[Sun Apr 16 03:45:56 2023|main.py|INFO] EPOCH [46/100] Train NME: 0.04343
[Sun Apr 16 03:46:01 2023|main.py|INFO] EPOCH [46/100] Test NME: 0.05601
[Sun Apr 16 03:46:01 2023|main.py|INFO] EPOCH [46/100] Learning rate: 0.00001
[Sun Apr 16 03:46:42 2023|main.py|INFO] EPOCH [47/100] Train NME: 0.04345
[Sun Apr 16 03:46:46 2023|main.py|INFO] EPOCH [47/100] Test NME: 0.05618
[Sun Apr 16 03:46:46 2023|main.py|INFO] EPOCH [47/100] Learning rate: 0.00001
[Sun Apr 16 03:47:27 2023|main.py|INFO] EPOCH [48/100] Train NME: 0.04334
[Sun Apr 16 03:47:31 2023|main.py|INFO] EPOCH [48/100] Test NME: 0.05634
[Sun Apr 16 03:47:31 2023|main.py|INFO] EPOCH [48/100] Learning rate: 0.00001
[Sun Apr 16 03:48:12 2023|main.py|INFO] EPOCH [49/100] Train NME: 0.04337
[Sun Apr 16 03:48:17 2023|main.py|INFO] EPOCH [49/100] Test NME: 0.05641
[Sun Apr 16 03:48:17 2023|main.py|INFO] EPOCH [49/100] Learning rate: 0.00001
[Sun Apr 16 03:48:58 2023|main.py|INFO] EPOCH [50/100] Train NME: 0.04337
[Sun Apr 16 03:49:02 2023|main.py|INFO] EPOCH [50/100] Test NME: 0.05605
[Sun Apr 16 03:49:02 2023|main.py|INFO] EPOCH [50/100] Learning rate: 0.00001
[Sun Apr 16 03:49:44 2023|main.py|INFO] EPOCH [51/100] Train NME: 0.04349
[Sun Apr 16 03:49:48 2023|main.py|INFO] EPOCH [51/100] Test NME: 0.05658
[Sun Apr 16 03:49:48 2023|main.py|INFO] EPOCH [51/100] Learning rate: 0.00000
[Sun Apr 16 03:50:28 2023|main.py|INFO] EPOCH [52/100] Train NME: 0.04333
[Sun Apr 16 03:50:33 2023|main.py|INFO] EPOCH [52/100] Test NME: 0.05622
[Sun Apr 16 03:50:33 2023|main.py|INFO] EPOCH [52/100] Learning rate: 0.00000
[Sun Apr 16 03:51:14 2023|main.py|INFO] EPOCH [53/100] Train NME: 0.04331
[Sun Apr 16 03:51:19 2023|main.py|INFO] EPOCH [53/100] Test NME: 0.05641
[Sun Apr 16 03:51:19 2023|main.py|INFO] EPOCH [53/100] Learning rate: 0.00000
[Sun Apr 16 03:52:00 2023|main.py|INFO] EPOCH [54/100] Train NME: 0.04325
[Sun Apr 16 03:52:05 2023|main.py|INFO] EPOCH [54/100] Test NME: 0.05644
[Sun Apr 16 03:52:05 2023|main.py|INFO] EPOCH [54/100] Learning rate: 0.00000
[Sun Apr 16 03:52:45 2023|main.py|INFO] EPOCH [55/100] Train NME: 0.04335
[Sun Apr 16 03:52:50 2023|main.py|INFO] EPOCH [55/100] Test NME: 0.05611
[Sun Apr 16 03:52:50 2023|main.py|INFO] EPOCH [55/100] Learning rate: 0.00000
[Sun Apr 16 03:53:32 2023|main.py|INFO] EPOCH [56/100] Train NME: 0.04323
[Sun Apr 16 03:53:36 2023|main.py|INFO] EPOCH [56/100] Test NME: 0.05632
[Sun Apr 16 03:53:36 2023|main.py|INFO] EPOCH [56/100] Learning rate: 0.00000
[Sun Apr 16 03:54:17 2023|main.py|INFO] EPOCH [57/100] Train NME: 0.04328
[Sun Apr 16 03:54:21 2023|main.py|INFO] EPOCH [57/100] Test NME: 0.05643
[Sun Apr 16 03:54:21 2023|main.py|INFO] EPOCH [57/100] Learning rate: 0.00000
[Sun Apr 16 03:55:02 2023|main.py|INFO] EPOCH [58/100] Train NME: 0.04329
[Sun Apr 16 03:55:07 2023|main.py|INFO] EPOCH [58/100] Test NME: 0.05591
[Sun Apr 16 03:55:07 2023|main.py|INFO] EPOCH [58/100] Learning rate: 0.00000
[Sun Apr 16 03:55:07 2023|main.py|INFO] EPOCH [58/100] NME improved from 0.05601 to 0.05591
[Sun Apr 16 03:55:07 2023|main.py|INFO] EPOCH [58/100] Saving model to: checkpoints/raw_CNN_noAug_MSE_lr0.3_B4/2023-04-16_03-55-07_epoch_58_NME_0.05591.pth.tar
[Sun Apr 16 03:55:49 2023|main.py|INFO] EPOCH [59/100] Train NME: 0.04341
[Sun Apr 16 03:55:53 2023|main.py|INFO] EPOCH [59/100] Test NME: 0.05620
[Sun Apr 16 03:55:53 2023|main.py|INFO] EPOCH [59/100] Learning rate: 0.00000
[Sun Apr 16 03:56:34 2023|main.py|INFO] EPOCH [60/100] Train NME: 0.04324
[Sun Apr 16 03:56:38 2023|main.py|INFO] EPOCH [60/100] Test NME: 0.05639
[Sun Apr 16 03:56:38 2023|main.py|INFO] EPOCH [60/100] Learning rate: 0.00000
[Sun Apr 16 03:57:20 2023|main.py|INFO] EPOCH [61/100] Train NME: 0.04341
[Sun Apr 16 03:57:24 2023|main.py|INFO] EPOCH [61/100] Test NME: 0.05632
[Sun Apr 16 03:57:24 2023|main.py|INFO] EPOCH [61/100] Learning rate: 0.00000
[Sun Apr 16 03:58:06 2023|main.py|INFO] EPOCH [62/100] Train NME: 0.04333
[Sun Apr 16 03:58:10 2023|main.py|INFO] EPOCH [62/100] Test NME: 0.05600
[Sun Apr 16 03:58:10 2023|main.py|INFO] EPOCH [62/100] Learning rate: 0.00000
[Sun Apr 16 03:58:51 2023|main.py|INFO] EPOCH [63/100] Train NME: 0.04334
[Sun Apr 16 03:58:55 2023|main.py|INFO] EPOCH [63/100] Test NME: 0.05647
[Sun Apr 16 03:58:55 2023|main.py|INFO] EPOCH [63/100] Learning rate: 0.00000
[Sun Apr 16 03:59:36 2023|main.py|INFO] EPOCH [64/100] Train NME: 0.04342
[Sun Apr 16 03:59:40 2023|main.py|INFO] EPOCH [64/100] Test NME: 0.05623
[Sun Apr 16 03:59:40 2023|main.py|INFO] EPOCH [64/100] Learning rate: 0.00000
[Sun Apr 16 04:00:20 2023|main.py|INFO] EPOCH [65/100] Train NME: 0.04355
[Sun Apr 16 04:00:25 2023|main.py|INFO] EPOCH [65/100] Test NME: 0.05694
[Sun Apr 16 04:00:25 2023|main.py|INFO] EPOCH [65/100] Learning rate: 0.00000
[Sun Apr 16 04:01:06 2023|main.py|INFO] EPOCH [66/100] Train NME: 0.04345
[Sun Apr 16 04:01:10 2023|main.py|INFO] EPOCH [66/100] Test NME: 0.05643
[Sun Apr 16 04:01:10 2023|main.py|INFO] EPOCH [66/100] Learning rate: 0.00000
[Sun Apr 16 04:01:51 2023|main.py|INFO] EPOCH [67/100] Train NME: 0.04344
[Sun Apr 16 04:01:55 2023|main.py|INFO] EPOCH [67/100] Test NME: 0.05651
[Sun Apr 16 04:01:55 2023|main.py|INFO] EPOCH [67/100] Learning rate: 0.00000
[Sun Apr 16 04:02:37 2023|main.py|INFO] EPOCH [68/100] Train NME: 0.04336
[Sun Apr 16 04:02:42 2023|main.py|INFO] EPOCH [68/100] Test NME: 0.05604
[Sun Apr 16 04:02:42 2023|main.py|INFO] EPOCH [68/100] Learning rate: 0.00000
[Sun Apr 16 04:03:24 2023|main.py|INFO] EPOCH [69/100] Train NME: 0.04339
[Sun Apr 16 04:03:28 2023|main.py|INFO] EPOCH [69/100] Test NME: 0.05615
[Sun Apr 16 04:03:28 2023|main.py|INFO] EPOCH [69/100] Learning rate: 0.00000
[Sun Apr 16 04:04:10 2023|main.py|INFO] EPOCH [70/100] Train NME: 0.04334
[Sun Apr 16 04:04:14 2023|main.py|INFO] EPOCH [70/100] Test NME: 0.05614
[Sun Apr 16 04:04:14 2023|main.py|INFO] EPOCH [70/100] Learning rate: 0.00000
[Sun Apr 16 04:04:56 2023|main.py|INFO] EPOCH [71/100] Train NME: 0.04326
[Sun Apr 16 04:05:00 2023|main.py|INFO] EPOCH [71/100] Test NME: 0.05625
[Sun Apr 16 04:05:00 2023|main.py|INFO] EPOCH [71/100] Learning rate: 0.00000
[Sun Apr 16 04:05:42 2023|main.py|INFO] EPOCH [72/100] Train NME: 0.04330
[Sun Apr 16 04:05:46 2023|main.py|INFO] EPOCH [72/100] Test NME: 0.05593
[Sun Apr 16 04:05:46 2023|main.py|INFO] EPOCH [72/100] Learning rate: 0.00000
[Sun Apr 16 04:06:28 2023|main.py|INFO] EPOCH [73/100] Train NME: 0.04310
[Sun Apr 16 04:06:32 2023|main.py|INFO] EPOCH [73/100] Test NME: 0.05653
[Sun Apr 16 04:06:32 2023|main.py|INFO] EPOCH [73/100] Learning rate: 0.00000
[Sun Apr 16 04:07:14 2023|main.py|INFO] EPOCH [74/100] Train NME: 0.04337
[Sun Apr 16 04:07:18 2023|main.py|INFO] EPOCH [74/100] Test NME: 0.05580
[Sun Apr 16 04:07:18 2023|main.py|INFO] EPOCH [74/100] Learning rate: 0.00000
[Sun Apr 16 04:07:18 2023|main.py|INFO] EPOCH [74/100] NME improved from 0.05591 to 0.05580
[Sun Apr 16 04:07:18 2023|main.py|INFO] EPOCH [74/100] Saving model to: checkpoints/raw_CNN_noAug_MSE_lr0.3_B4/2023-04-16_04-07-18_epoch_74_NME_0.05580.pth.tar
[Sun Apr 16 04:08:00 2023|main.py|INFO] EPOCH [75/100] Train NME: 0.04334
[Sun Apr 16 04:08:04 2023|main.py|INFO] EPOCH [75/100] Test NME: 0.05647
[Sun Apr 16 04:08:04 2023|main.py|INFO] EPOCH [75/100] Learning rate: 0.00000
[Sun Apr 16 04:08:46 2023|main.py|INFO] EPOCH [76/100] Train NME: 0.04338
[Sun Apr 16 04:08:51 2023|main.py|INFO] EPOCH [76/100] Test NME: 0.05642
[Sun Apr 16 04:08:51 2023|main.py|INFO] EPOCH [76/100] Learning rate: 0.00000
[Sun Apr 16 04:09:33 2023|main.py|INFO] EPOCH [77/100] Train NME: 0.04333
[Sun Apr 16 04:09:37 2023|main.py|INFO] EPOCH [77/100] Test NME: 0.05615
[Sun Apr 16 04:09:37 2023|main.py|INFO] EPOCH [77/100] Learning rate: 0.00000
[Sun Apr 16 04:10:17 2023|main.py|INFO] EPOCH [78/100] Train NME: 0.04329
[Sun Apr 16 04:10:21 2023|main.py|INFO] EPOCH [78/100] Test NME: 0.05618
[Sun Apr 16 04:10:21 2023|main.py|INFO] EPOCH [78/100] Learning rate: 0.00000
[Sun Apr 16 04:11:02 2023|main.py|INFO] EPOCH [79/100] Train NME: 0.04328
[Sun Apr 16 04:11:07 2023|main.py|INFO] EPOCH [79/100] Test NME: 0.05644
[Sun Apr 16 04:11:07 2023|main.py|INFO] EPOCH [79/100] Learning rate: 0.00000
[Sun Apr 16 04:11:47 2023|main.py|INFO] EPOCH [80/100] Train NME: 0.04338
[Sun Apr 16 04:11:52 2023|main.py|INFO] EPOCH [80/100] Test NME: 0.05626
[Sun Apr 16 04:11:52 2023|main.py|INFO] EPOCH [80/100] Learning rate: 0.00000
[Sun Apr 16 04:12:33 2023|main.py|INFO] EPOCH [81/100] Train NME: 0.04335
[Sun Apr 16 04:12:37 2023|main.py|INFO] EPOCH [81/100] Test NME: 0.05604
[Sun Apr 16 04:12:37 2023|main.py|INFO] EPOCH [81/100] Learning rate: 0.00000
[Sun Apr 16 04:13:19 2023|main.py|INFO] EPOCH [82/100] Train NME: 0.04332
[Sun Apr 16 04:13:24 2023|main.py|INFO] EPOCH [82/100] Test NME: 0.05619
[Sun Apr 16 04:13:24 2023|main.py|INFO] EPOCH [82/100] Learning rate: 0.00000
[Sun Apr 16 04:14:04 2023|main.py|INFO] EPOCH [83/100] Train NME: 0.04332
[Sun Apr 16 04:14:08 2023|main.py|INFO] EPOCH [83/100] Test NME: 0.05634
[Sun Apr 16 04:14:08 2023|main.py|INFO] EPOCH [83/100] Learning rate: 0.00000
[Sun Apr 16 04:14:49 2023|main.py|INFO] EPOCH [84/100] Train NME: 0.04329
[Sun Apr 16 04:14:53 2023|main.py|INFO] EPOCH [84/100] Test NME: 0.05638
[Sun Apr 16 04:14:53 2023|main.py|INFO] EPOCH [84/100] Learning rate: 0.00000
[Sun Apr 16 04:15:34 2023|main.py|INFO] EPOCH [85/100] Train NME: 0.04333
[Sun Apr 16 04:15:38 2023|main.py|INFO] EPOCH [85/100] Test NME: 0.05611
[Sun Apr 16 04:15:38 2023|main.py|INFO] EPOCH [85/100] Learning rate: 0.00000
[Sun Apr 16 04:16:21 2023|main.py|INFO] EPOCH [86/100] Train NME: 0.04326
[Sun Apr 16 04:16:26 2023|main.py|INFO] EPOCH [86/100] Test NME: 0.05609
[Sun Apr 16 04:16:26 2023|main.py|INFO] EPOCH [86/100] Learning rate: 0.00000
[Sun Apr 16 04:17:08 2023|main.py|INFO] EPOCH [87/100] Train NME: 0.04338
[Sun Apr 16 04:17:12 2023|main.py|INFO] EPOCH [87/100] Test NME: 0.05636
[Sun Apr 16 04:17:12 2023|main.py|INFO] EPOCH [87/100] Learning rate: 0.00000
[Sun Apr 16 04:17:54 2023|main.py|INFO] EPOCH [88/100] Train NME: 0.04334
[Sun Apr 16 04:17:58 2023|main.py|INFO] EPOCH [88/100] Test NME: 0.05598
[Sun Apr 16 04:17:58 2023|main.py|INFO] EPOCH [88/100] Learning rate: 0.00000
[Sun Apr 16 04:18:38 2023|main.py|INFO] EPOCH [89/100] Train NME: 0.04325
[Sun Apr 16 04:18:42 2023|main.py|INFO] EPOCH [89/100] Test NME: 0.05638
[Sun Apr 16 04:18:42 2023|main.py|INFO] EPOCH [89/100] Learning rate: 0.00000
[Sun Apr 16 04:19:24 2023|main.py|INFO] EPOCH [90/100] Train NME: 0.04321
[Sun Apr 16 04:19:28 2023|main.py|INFO] EPOCH [90/100] Test NME: 0.05596
[Sun Apr 16 04:19:28 2023|main.py|INFO] EPOCH [90/100] Learning rate: 0.00000
[Sun Apr 16 04:20:09 2023|main.py|INFO] EPOCH [91/100] Train NME: 0.04320
[Sun Apr 16 04:20:13 2023|main.py|INFO] EPOCH [91/100] Test NME: 0.05618
[Sun Apr 16 04:20:13 2023|main.py|INFO] EPOCH [91/100] Learning rate: 0.00000
[Sun Apr 16 04:20:53 2023|main.py|INFO] EPOCH [92/100] Train NME: 0.04326
[Sun Apr 16 04:20:58 2023|main.py|INFO] EPOCH [92/100] Test NME: 0.05617
[Sun Apr 16 04:20:58 2023|main.py|INFO] EPOCH [92/100] Learning rate: 0.00000
[Sun Apr 16 04:21:39 2023|main.py|INFO] EPOCH [93/100] Train NME: 0.04321
[Sun Apr 16 04:21:44 2023|main.py|INFO] EPOCH [93/100] Test NME: 0.05608
[Sun Apr 16 04:21:44 2023|main.py|INFO] EPOCH [93/100] Learning rate: 0.00000
[Sun Apr 16 04:22:26 2023|main.py|INFO] EPOCH [94/100] Train NME: 0.04340
[Sun Apr 16 04:22:30 2023|main.py|INFO] EPOCH [94/100] Test NME: 0.05649
[Sun Apr 16 04:22:30 2023|main.py|INFO] EPOCH [94/100] Learning rate: 0.00000
[Sun Apr 16 04:23:11 2023|main.py|INFO] EPOCH [95/100] Train NME: 0.04315
[Sun Apr 16 04:23:15 2023|main.py|INFO] EPOCH [95/100] Test NME: 0.05632
[Sun Apr 16 04:23:15 2023|main.py|INFO] EPOCH [95/100] Learning rate: 0.00000
[Sun Apr 16 04:23:56 2023|main.py|INFO] EPOCH [96/100] Train NME: 0.04340
[Sun Apr 16 04:24:00 2023|main.py|INFO] EPOCH [96/100] Test NME: 0.05599
[Sun Apr 16 04:24:00 2023|main.py|INFO] EPOCH [96/100] Learning rate: 0.00000
[Sun Apr 16 04:24:42 2023|main.py|INFO] EPOCH [97/100] Train NME: 0.04327
[Sun Apr 16 04:24:46 2023|main.py|INFO] EPOCH [97/100] Test NME: 0.05607
[Sun Apr 16 04:24:46 2023|main.py|INFO] EPOCH [97/100] Learning rate: 0.00000
[Sun Apr 16 04:25:27 2023|main.py|INFO] EPOCH [98/100] Train NME: 0.04336
[Sun Apr 16 04:25:32 2023|main.py|INFO] EPOCH [98/100] Test NME: 0.05695
[Sun Apr 16 04:25:32 2023|main.py|INFO] EPOCH [98/100] Learning rate: 0.00000
[Sun Apr 16 04:26:13 2023|main.py|INFO] EPOCH [99/100] Train NME: 0.04342
[Sun Apr 16 04:26:17 2023|main.py|INFO] EPOCH [99/100] Test NME: 0.05632
[Sun Apr 16 04:26:17 2023|main.py|INFO] EPOCH [99/100] Learning rate: 0.00000
[Sun Apr 16 04:27:09 2023|main.py|INFO] EPOCH [100/100] Train NME: 0.04321
[Sun Apr 16 04:27:14 2023|main.py|INFO] EPOCH [100/100] Test NME: 0.05636
[Sun Apr 16 04:27:14 2023|main.py|INFO] EPOCH [100/100] Learning rate: 0.00000
