[Sun Apr 16 04:39:21 2023|main.py|INFO] Task: raw_CNN_noAug_MSE_lr0.3_B32
[Sun Apr 16 04:39:21 2023|main.py|INFO] Using device: cuda
[Sun Apr 16 04:39:21 2023|main.py|INFO] Using config: config\raw_CNN_noAug_MSE\raw_CNN_noAug_MSE_lr0.3_B32.yaml
[Sun Apr 16 04:39:21 2023|main.py|INFO] Train path: data/training_images_full_train.npz
[Sun Apr 16 04:39:21 2023|main.py|INFO] Test path: data/training_images_full_test.npz
[Sun Apr 16 04:39:21 2023|main.py|INFO] Train augment: False
[Sun Apr 16 04:39:21 2023|main.py|INFO] Learning rate: 0.3
[Sun Apr 16 04:39:21 2023|main.py|INFO] Batch size: 32
[Sun Apr 16 04:39:21 2023|main.py|INFO] Num epochs: 100
[Sun Apr 16 04:39:21 2023|main.py|INFO] Save model: True
[Sun Apr 16 04:39:21 2023|main.py|INFO] Loss: MSE
[Sun Apr 16 04:39:21 2023|main.py|INFO] Log path: logs/raw_CNN_noAug_MSE_lr0.3_B32/2023-04-16_04-39-21.log
[Sun Apr 16 04:39:21 2023|main.py|INFO] Writer path: runs/raw_CNN_noAug_MSE_lr0.3_B32/2023-04-16_04-39-21
[Sun Apr 16 04:39:21 2023|main.py|INFO] Model name: resnet18
[Sun Apr 16 04:39:21 2023|main.py|INFO] Num outputs: 88
[Sun Apr 16 04:39:21 2023|main.py|INFO] Pretrained: True
[Sun Apr 16 04:39:21 2023|main.py|INFO] Load model: False
[Sun Apr 16 04:39:21 2023|main.py|INFO] Load path: None
[Sun Apr 16 04:39:21 2023|main.py|INFO] Loading data...
[Sun Apr 16 04:39:21 2023|main.py|INFO] Load dataset for raw_CNN_noAug_MSE_lr0.3_B32
[Sun Apr 16 04:39:24 2023|main.py|INFO] Initializing network resnet18 with 88 outputs...
[Sun Apr 16 04:39:25 2023|main.py|INFO] Network: ResNet(
  (conv1): Conv2d(3, 64, kernel_size=(7, 7), stride=(2, 2), padding=(3, 3), bias=False)
  (bn1): BatchNorm2d(64, eps=1e-05, momentum=0.1, affine=True, track_running_stats=True)
  (relu): ReLU(inplace=True)
  (maxpool): MaxPool2d(kernel_size=3, stride=2, padding=1, dilation=1, ceil_mode=False)
  (layer1): Sequential(
    (0): BasicBlock(
      (conv1): Conv2d(64, 64, kernel_size=(3, 3), stride=(1, 1), padding=(1, 1), bias=False)
      (bn1): BatchNorm2d(64, eps=1e-05, momentum=0.1, affine=True, track_running_stats=True)
      (relu): ReLU(inplace=True)
      (conv2): Conv2d(64, 64, kernel_size=(3, 3), stride=(1, 1), padding=(1, 1), bias=False)
      (bn2): BatchNorm2d(64, eps=1e-05, momentum=0.1, affine=True, track_running_stats=True)
    )
    (1): BasicBlock(
      (conv1): Conv2d(64, 64, kernel_size=(3, 3), stride=(1, 1), padding=(1, 1), bias=False)
      (bn1): BatchNorm2d(64, eps=1e-05, momentum=0.1, affine=True, track_running_stats=True)
      (relu): ReLU(inplace=True)
      (conv2): Conv2d(64, 64, kernel_size=(3, 3), stride=(1, 1), padding=(1, 1), bias=False)
      (bn2): BatchNorm2d(64, eps=1e-05, momentum=0.1, affine=True, track_running_stats=True)
    )
  )
  (layer2): Sequential(
    (0): BasicBlock(
      (conv1): Conv2d(64, 128, kernel_size=(3, 3), stride=(2, 2), padding=(1, 1), bias=False)
      (bn1): BatchNorm2d(128, eps=1e-05, momentum=0.1, affine=True, track_running_stats=True)
      (relu): ReLU(inplace=True)
      (conv2): Conv2d(128, 128, kernel_size=(3, 3), stride=(1, 1), padding=(1, 1), bias=False)
      (bn2): BatchNorm2d(128, eps=1e-05, momentum=0.1, affine=True, track_running_stats=True)
      (downsample): Sequential(
        (0): Conv2d(64, 128, kernel_size=(1, 1), stride=(2, 2), bias=False)
        (1): BatchNorm2d(128, eps=1e-05, momentum=0.1, affine=True, track_running_stats=True)
      )
    )
    (1): BasicBlock(
      (conv1): Conv2d(128, 128, kernel_size=(3, 3), stride=(1, 1), padding=(1, 1), bias=False)
      (bn1): BatchNorm2d(128, eps=1e-05, momentum=0.1, affine=True, track_running_stats=True)
      (relu): ReLU(inplace=True)
      (conv2): Conv2d(128, 128, kernel_size=(3, 3), stride=(1, 1), padding=(1, 1), bias=False)
      (bn2): BatchNorm2d(128, eps=1e-05, momentum=0.1, affine=True, track_running_stats=True)
    )
  )
  (layer3): Sequential(
    (0): BasicBlock(
      (conv1): Conv2d(128, 256, kernel_size=(3, 3), stride=(2, 2), padding=(1, 1), bias=False)
      (bn1): BatchNorm2d(256, eps=1e-05, momentum=0.1, affine=True, track_running_stats=True)
      (relu): ReLU(inplace=True)
      (conv2): Conv2d(256, 256, kernel_size=(3, 3), stride=(1, 1), padding=(1, 1), bias=False)
      (bn2): BatchNorm2d(256, eps=1e-05, momentum=0.1, affine=True, track_running_stats=True)
      (downsample): Sequential(
        (0): Conv2d(128, 256, kernel_size=(1, 1), stride=(2, 2), bias=False)
        (1): BatchNorm2d(256, eps=1e-05, momentum=0.1, affine=True, track_running_stats=True)
      )
    )
    (1): BasicBlock(
      (conv1): Conv2d(256, 256, kernel_size=(3, 3), stride=(1, 1), padding=(1, 1), bias=False)
      (bn1): BatchNorm2d(256, eps=1e-05, momentum=0.1, affine=True, track_running_stats=True)
      (relu): ReLU(inplace=True)
      (conv2): Conv2d(256, 256, kernel_size=(3, 3), stride=(1, 1), padding=(1, 1), bias=False)
      (bn2): BatchNorm2d(256, eps=1e-05, momentum=0.1, affine=True, track_running_stats=True)
    )
  )
  (layer4): Sequential(
    (0): BasicBlock(
      (conv1): Conv2d(256, 512, kernel_size=(3, 3), stride=(2, 2), padding=(1, 1), bias=False)
      (bn1): BatchNorm2d(512, eps=1e-05, momentum=0.1, affine=True, track_running_stats=True)
      (relu): ReLU(inplace=True)
      (conv2): Conv2d(512, 512, kernel_size=(3, 3), stride=(1, 1), padding=(1, 1), bias=False)
      (bn2): BatchNorm2d(512, eps=1e-05, momentum=0.1, affine=True, track_running_stats=True)
      (downsample): Sequential(
        (0): Conv2d(256, 512, kernel_size=(1, 1), stride=(2, 2), bias=False)
        (1): BatchNorm2d(512, eps=1e-05, momentum=0.1, affine=True, track_running_stats=True)
      )
    )
    (1): BasicBlock(
      (conv1): Conv2d(512, 512, kernel_size=(3, 3), stride=(1, 1), padding=(1, 1), bias=False)
      (bn1): BatchNorm2d(512, eps=1e-05, momentum=0.1, affine=True, track_running_stats=True)
      (relu): ReLU(inplace=True)
      (conv2): Conv2d(512, 512, kernel_size=(3, 3), stride=(1, 1), padding=(1, 1), bias=False)
      (bn2): BatchNorm2d(512, eps=1e-05, momentum=0.1, affine=True, track_running_stats=True)
    )
  )
  (avgpool): AdaptiveAvgPool2d(output_size=(1, 1))
  (fc): Linear(in_features=512, out_features=88, bias=True)
)
[Sun Apr 16 04:39:25 2023|main.py|INFO] Initializing loss and optimizer...
[Sun Apr 16 04:39:25 2023|main.py|INFO] Loss: MSE
[Sun Apr 16 04:39:25 2023|main.py|INFO] Optimizer: Adam
[Sun Apr 16 04:39:25 2023|main.py|INFO] Initializing tensorboard writer at: runs/raw_CNN_noAug_MSE_lr0.3_B32/2023-04-16_04-39-21
[Sun Apr 16 04:39:25 2023|main.py|INFO] Training network...
[Sun Apr 16 04:39:42 2023|main.py|INFO] EPOCH [1/100] Train NME: 0.54135
[Sun Apr 16 04:39:43 2023|main.py|INFO] EPOCH [1/100] Test NME: 0.74597
[Sun Apr 16 04:39:43 2023|main.py|INFO] EPOCH [1/100] Learning rate: 0.30000
[Sun Apr 16 04:39:43 2023|main.py|INFO] EPOCH [1/100] NME improved from 1000.00000 to 0.74597
[Sun Apr 16 04:39:43 2023|main.py|INFO] EPOCH [1/100] Saving model to: checkpoints/raw_CNN_noAug_MSE_lr0.3_B32/2023-04-16_04-39-43_epoch_1_NME_0.74597.pth.tar
[Sun Apr 16 04:39:52 2023|main.py|INFO] EPOCH [2/100] Train NME: 0.15093
[Sun Apr 16 04:39:53 2023|main.py|INFO] EPOCH [2/100] Test NME: 0.13943
[Sun Apr 16 04:39:53 2023|main.py|INFO] EPOCH [2/100] Learning rate: 0.24000
[Sun Apr 16 04:39:53 2023|main.py|INFO] EPOCH [2/100] NME improved from 0.74597 to 0.13943
[Sun Apr 16 04:39:53 2023|main.py|INFO] EPOCH [2/100] Saving model to: checkpoints/raw_CNN_noAug_MSE_lr0.3_B32/2023-04-16_04-39-53_epoch_2_NME_0.13943.pth.tar
[Sun Apr 16 04:40:02 2023|main.py|INFO] EPOCH [3/100] Train NME: 0.13874
[Sun Apr 16 04:40:03 2023|main.py|INFO] EPOCH [3/100] Test NME: 0.13515
[Sun Apr 16 04:40:03 2023|main.py|INFO] EPOCH [3/100] Learning rate: 0.19200
[Sun Apr 16 04:40:03 2023|main.py|INFO] EPOCH [3/100] NME improved from 0.13943 to 0.13515
[Sun Apr 16 04:40:03 2023|main.py|INFO] EPOCH [3/100] Saving model to: checkpoints/raw_CNN_noAug_MSE_lr0.3_B32/2023-04-16_04-40-03_epoch_3_NME_0.13515.pth.tar
[Sun Apr 16 04:40:12 2023|main.py|INFO] EPOCH [4/100] Train NME: 0.13700
[Sun Apr 16 04:40:13 2023|main.py|INFO] EPOCH [4/100] Test NME: 0.13438
[Sun Apr 16 04:40:13 2023|main.py|INFO] EPOCH [4/100] Learning rate: 0.15360
[Sun Apr 16 04:40:13 2023|main.py|INFO] EPOCH [4/100] NME improved from 0.13515 to 0.13438
[Sun Apr 16 04:40:13 2023|main.py|INFO] EPOCH [4/100] Saving model to: checkpoints/raw_CNN_noAug_MSE_lr0.3_B32/2023-04-16_04-40-13_epoch_4_NME_0.13438.pth.tar
[Sun Apr 16 04:40:21 2023|main.py|INFO] EPOCH [5/100] Train NME: 0.13681
[Sun Apr 16 04:40:22 2023|main.py|INFO] EPOCH [5/100] Test NME: 0.13482
[Sun Apr 16 04:40:22 2023|main.py|INFO] EPOCH [5/100] Learning rate: 0.12288
[Sun Apr 16 04:40:31 2023|main.py|INFO] EPOCH [6/100] Train NME: 0.13689
[Sun Apr 16 04:40:32 2023|main.py|INFO] EPOCH [6/100] Test NME: 0.13284
[Sun Apr 16 04:40:32 2023|main.py|INFO] EPOCH [6/100] Learning rate: 0.09830
[Sun Apr 16 04:40:32 2023|main.py|INFO] EPOCH [6/100] NME improved from 0.13438 to 0.13284
[Sun Apr 16 04:40:32 2023|main.py|INFO] EPOCH [6/100] Saving model to: checkpoints/raw_CNN_noAug_MSE_lr0.3_B32/2023-04-16_04-40-32_epoch_6_NME_0.13284.pth.tar
[Sun Apr 16 04:40:41 2023|main.py|INFO] EPOCH [7/100] Train NME: 0.13576
[Sun Apr 16 04:40:42 2023|main.py|INFO] EPOCH [7/100] Test NME: 0.13236
[Sun Apr 16 04:40:42 2023|main.py|INFO] EPOCH [7/100] Learning rate: 0.07864
[Sun Apr 16 04:40:42 2023|main.py|INFO] EPOCH [7/100] NME improved from 0.13284 to 0.13236
[Sun Apr 16 04:40:42 2023|main.py|INFO] EPOCH [7/100] Saving model to: checkpoints/raw_CNN_noAug_MSE_lr0.3_B32/2023-04-16_04-40-42_epoch_7_NME_0.13236.pth.tar
[Sun Apr 16 04:40:51 2023|main.py|INFO] EPOCH [8/100] Train NME: 0.13523
[Sun Apr 16 04:40:52 2023|main.py|INFO] EPOCH [8/100] Test NME: 0.13178
[Sun Apr 16 04:40:52 2023|main.py|INFO] EPOCH [8/100] Learning rate: 0.06291
[Sun Apr 16 04:40:52 2023|main.py|INFO] EPOCH [8/100] NME improved from 0.13236 to 0.13178
[Sun Apr 16 04:40:52 2023|main.py|INFO] EPOCH [8/100] Saving model to: checkpoints/raw_CNN_noAug_MSE_lr0.3_B32/2023-04-16_04-40-52_epoch_8_NME_0.13178.pth.tar
[Sun Apr 16 04:41:01 2023|main.py|INFO] EPOCH [9/100] Train NME: 0.13340
[Sun Apr 16 04:41:02 2023|main.py|INFO] EPOCH [9/100] Test NME: 0.13141
[Sun Apr 16 04:41:02 2023|main.py|INFO] EPOCH [9/100] Learning rate: 0.05033
[Sun Apr 16 04:41:02 2023|main.py|INFO] EPOCH [9/100] NME improved from 0.13178 to 0.13141
[Sun Apr 16 04:41:02 2023|main.py|INFO] EPOCH [9/100] Saving model to: checkpoints/raw_CNN_noAug_MSE_lr0.3_B32/2023-04-16_04-41-02_epoch_9_NME_0.13141.pth.tar
[Sun Apr 16 04:41:11 2023|main.py|INFO] EPOCH [10/100] Train NME: 0.13245
[Sun Apr 16 04:41:12 2023|main.py|INFO] EPOCH [10/100] Test NME: 0.13112
[Sun Apr 16 04:41:12 2023|main.py|INFO] EPOCH [10/100] Learning rate: 0.04027
[Sun Apr 16 04:41:12 2023|main.py|INFO] EPOCH [10/100] NME improved from 0.13141 to 0.13112
[Sun Apr 16 04:41:12 2023|main.py|INFO] EPOCH [10/100] Saving model to: checkpoints/raw_CNN_noAug_MSE_lr0.3_B32/2023-04-16_04-41-12_epoch_10_NME_0.13112.pth.tar
[Sun Apr 16 04:41:21 2023|main.py|INFO] EPOCH [11/100] Train NME: 0.13163
[Sun Apr 16 04:41:22 2023|main.py|INFO] EPOCH [11/100] Test NME: 0.12882
[Sun Apr 16 04:41:22 2023|main.py|INFO] EPOCH [11/100] Learning rate: 0.03221
[Sun Apr 16 04:41:22 2023|main.py|INFO] EPOCH [11/100] NME improved from 0.13112 to 0.12882
[Sun Apr 16 04:41:22 2023|main.py|INFO] EPOCH [11/100] Saving model to: checkpoints/raw_CNN_noAug_MSE_lr0.3_B32/2023-04-16_04-41-22_epoch_11_NME_0.12882.pth.tar
[Sun Apr 16 04:41:31 2023|main.py|INFO] EPOCH [12/100] Train NME: 0.13090
[Sun Apr 16 04:41:32 2023|main.py|INFO] EPOCH [12/100] Test NME: 0.12908
[Sun Apr 16 04:41:32 2023|main.py|INFO] EPOCH [12/100] Learning rate: 0.02577
[Sun Apr 16 04:41:40 2023|main.py|INFO] EPOCH [13/100] Train NME: 0.12997
[Sun Apr 16 04:41:41 2023|main.py|INFO] EPOCH [13/100] Test NME: 0.12703
[Sun Apr 16 04:41:41 2023|main.py|INFO] EPOCH [13/100] Learning rate: 0.02062
[Sun Apr 16 04:41:41 2023|main.py|INFO] EPOCH [13/100] NME improved from 0.12882 to 0.12703
[Sun Apr 16 04:41:41 2023|main.py|INFO] EPOCH [13/100] Saving model to: checkpoints/raw_CNN_noAug_MSE_lr0.3_B32/2023-04-16_04-41-41_epoch_13_NME_0.12703.pth.tar
[Sun Apr 16 04:41:50 2023|main.py|INFO] EPOCH [14/100] Train NME: 0.12849
[Sun Apr 16 04:41:51 2023|main.py|INFO] EPOCH [14/100] Test NME: 0.12670
[Sun Apr 16 04:41:51 2023|main.py|INFO] EPOCH [14/100] Learning rate: 0.01649
[Sun Apr 16 04:41:51 2023|main.py|INFO] EPOCH [14/100] NME improved from 0.12703 to 0.12670
[Sun Apr 16 04:41:51 2023|main.py|INFO] EPOCH [14/100] Saving model to: checkpoints/raw_CNN_noAug_MSE_lr0.3_B32/2023-04-16_04-41-51_epoch_14_NME_0.12670.pth.tar
[Sun Apr 16 04:42:00 2023|main.py|INFO] EPOCH [15/100] Train NME: 0.12779
[Sun Apr 16 04:42:01 2023|main.py|INFO] EPOCH [15/100] Test NME: 0.12515
[Sun Apr 16 04:42:01 2023|main.py|INFO] EPOCH [15/100] Learning rate: 0.01319
[Sun Apr 16 04:42:01 2023|main.py|INFO] EPOCH [15/100] NME improved from 0.12670 to 0.12515
[Sun Apr 16 04:42:01 2023|main.py|INFO] EPOCH [15/100] Saving model to: checkpoints/raw_CNN_noAug_MSE_lr0.3_B32/2023-04-16_04-42-01_epoch_15_NME_0.12515.pth.tar
[Sun Apr 16 04:42:10 2023|main.py|INFO] EPOCH [16/100] Train NME: 0.12683
[Sun Apr 16 04:42:11 2023|main.py|INFO] EPOCH [16/100] Test NME: 0.12429
[Sun Apr 16 04:42:11 2023|main.py|INFO] EPOCH [16/100] Learning rate: 0.01056
[Sun Apr 16 04:42:11 2023|main.py|INFO] EPOCH [16/100] NME improved from 0.12515 to 0.12429
[Sun Apr 16 04:42:11 2023|main.py|INFO] EPOCH [16/100] Saving model to: checkpoints/raw_CNN_noAug_MSE_lr0.3_B32/2023-04-16_04-42-11_epoch_16_NME_0.12429.pth.tar
[Sun Apr 16 04:42:19 2023|main.py|INFO] EPOCH [17/100] Train NME: 0.12605
[Sun Apr 16 04:42:20 2023|main.py|INFO] EPOCH [17/100] Test NME: 0.12460
[Sun Apr 16 04:42:20 2023|main.py|INFO] EPOCH [17/100] Learning rate: 0.00844
[Sun Apr 16 04:42:29 2023|main.py|INFO] EPOCH [18/100] Train NME: 0.12601
[Sun Apr 16 04:42:30 2023|main.py|INFO] EPOCH [18/100] Test NME: 0.12359
[Sun Apr 16 04:42:30 2023|main.py|INFO] EPOCH [18/100] Learning rate: 0.00676
[Sun Apr 16 04:42:30 2023|main.py|INFO] EPOCH [18/100] NME improved from 0.12429 to 0.12359
[Sun Apr 16 04:42:30 2023|main.py|INFO] EPOCH [18/100] Saving model to: checkpoints/raw_CNN_noAug_MSE_lr0.3_B32/2023-04-16_04-42-30_epoch_18_NME_0.12359.pth.tar
[Sun Apr 16 04:42:39 2023|main.py|INFO] EPOCH [19/100] Train NME: 0.12548
[Sun Apr 16 04:42:40 2023|main.py|INFO] EPOCH [19/100] Test NME: 0.12264
[Sun Apr 16 04:42:40 2023|main.py|INFO] EPOCH [19/100] Learning rate: 0.00540
[Sun Apr 16 04:42:40 2023|main.py|INFO] EPOCH [19/100] NME improved from 0.12359 to 0.12264
[Sun Apr 16 04:42:40 2023|main.py|INFO] EPOCH [19/100] Saving model to: checkpoints/raw_CNN_noAug_MSE_lr0.3_B32/2023-04-16_04-42-40_epoch_19_NME_0.12264.pth.tar
[Sun Apr 16 04:42:49 2023|main.py|INFO] EPOCH [20/100] Train NME: 0.12433
[Sun Apr 16 04:42:50 2023|main.py|INFO] EPOCH [20/100] Test NME: 0.12258
[Sun Apr 16 04:42:50 2023|main.py|INFO] EPOCH [20/100] Learning rate: 0.00432
[Sun Apr 16 04:42:50 2023|main.py|INFO] EPOCH [20/100] NME improved from 0.12264 to 0.12258
[Sun Apr 16 04:42:50 2023|main.py|INFO] EPOCH [20/100] Saving model to: checkpoints/raw_CNN_noAug_MSE_lr0.3_B32/2023-04-16_04-42-50_epoch_20_NME_0.12258.pth.tar
[Sun Apr 16 04:42:58 2023|main.py|INFO] EPOCH [21/100] Train NME: 0.12461
[Sun Apr 16 04:43:00 2023|main.py|INFO] EPOCH [21/100] Test NME: 0.12234
[Sun Apr 16 04:43:00 2023|main.py|INFO] EPOCH [21/100] Learning rate: 0.00346
[Sun Apr 16 04:43:00 2023|main.py|INFO] EPOCH [21/100] NME improved from 0.12258 to 0.12234
[Sun Apr 16 04:43:00 2023|main.py|INFO] EPOCH [21/100] Saving model to: checkpoints/raw_CNN_noAug_MSE_lr0.3_B32/2023-04-16_04-43-00_epoch_21_NME_0.12234.pth.tar
[Sun Apr 16 04:43:08 2023|main.py|INFO] EPOCH [22/100] Train NME: 0.12416
[Sun Apr 16 04:43:09 2023|main.py|INFO] EPOCH [22/100] Test NME: 0.12217
[Sun Apr 16 04:43:09 2023|main.py|INFO] EPOCH [22/100] Learning rate: 0.00277
[Sun Apr 16 04:43:09 2023|main.py|INFO] EPOCH [22/100] NME improved from 0.12234 to 0.12217
[Sun Apr 16 04:43:09 2023|main.py|INFO] EPOCH [22/100] Saving model to: checkpoints/raw_CNN_noAug_MSE_lr0.3_B32/2023-04-16_04-43-09_epoch_22_NME_0.12217.pth.tar
[Sun Apr 16 04:43:19 2023|main.py|INFO] EPOCH [23/100] Train NME: 0.12372
[Sun Apr 16 04:43:20 2023|main.py|INFO] EPOCH [23/100] Test NME: 0.12169
[Sun Apr 16 04:43:20 2023|main.py|INFO] EPOCH [23/100] Learning rate: 0.00221
[Sun Apr 16 04:43:20 2023|main.py|INFO] EPOCH [23/100] NME improved from 0.12217 to 0.12169
[Sun Apr 16 04:43:20 2023|main.py|INFO] EPOCH [23/100] Saving model to: checkpoints/raw_CNN_noAug_MSE_lr0.3_B32/2023-04-16_04-43-20_epoch_23_NME_0.12169.pth.tar
[Sun Apr 16 04:43:29 2023|main.py|INFO] EPOCH [24/100] Train NME: 0.12345
[Sun Apr 16 04:43:30 2023|main.py|INFO] EPOCH [24/100] Test NME: 0.12141
[Sun Apr 16 04:43:30 2023|main.py|INFO] EPOCH [24/100] Learning rate: 0.00177
[Sun Apr 16 04:43:30 2023|main.py|INFO] EPOCH [24/100] NME improved from 0.12169 to 0.12141
[Sun Apr 16 04:43:30 2023|main.py|INFO] EPOCH [24/100] Saving model to: checkpoints/raw_CNN_noAug_MSE_lr0.3_B32/2023-04-16_04-43-30_epoch_24_NME_0.12141.pth.tar
[Sun Apr 16 04:43:38 2023|main.py|INFO] EPOCH [25/100] Train NME: 0.12319
[Sun Apr 16 04:43:39 2023|main.py|INFO] EPOCH [25/100] Test NME: 0.12130
[Sun Apr 16 04:43:39 2023|main.py|INFO] EPOCH [25/100] Learning rate: 0.00142
[Sun Apr 16 04:43:39 2023|main.py|INFO] EPOCH [25/100] NME improved from 0.12141 to 0.12130
[Sun Apr 16 04:43:39 2023|main.py|INFO] EPOCH [25/100] Saving model to: checkpoints/raw_CNN_noAug_MSE_lr0.3_B32/2023-04-16_04-43-39_epoch_25_NME_0.12130.pth.tar
[Sun Apr 16 04:43:48 2023|main.py|INFO] EPOCH [26/100] Train NME: 0.12348
[Sun Apr 16 04:43:49 2023|main.py|INFO] EPOCH [26/100] Test NME: 0.12144
[Sun Apr 16 04:43:49 2023|main.py|INFO] EPOCH [26/100] Learning rate: 0.00113
[Sun Apr 16 04:43:58 2023|main.py|INFO] EPOCH [27/100] Train NME: 0.12321
[Sun Apr 16 04:43:59 2023|main.py|INFO] EPOCH [27/100] Test NME: 0.12133
[Sun Apr 16 04:43:59 2023|main.py|INFO] EPOCH [27/100] Learning rate: 0.00091
[Sun Apr 16 04:44:08 2023|main.py|INFO] EPOCH [28/100] Train NME: 0.12303
[Sun Apr 16 04:44:09 2023|main.py|INFO] EPOCH [28/100] Test NME: 0.12095
[Sun Apr 16 04:44:09 2023|main.py|INFO] EPOCH [28/100] Learning rate: 0.00073
[Sun Apr 16 04:44:09 2023|main.py|INFO] EPOCH [28/100] NME improved from 0.12130 to 0.12095
[Sun Apr 16 04:44:09 2023|main.py|INFO] EPOCH [28/100] Saving model to: checkpoints/raw_CNN_noAug_MSE_lr0.3_B32/2023-04-16_04-44-09_epoch_28_NME_0.12095.pth.tar
[Sun Apr 16 04:44:17 2023|main.py|INFO] EPOCH [29/100] Train NME: 0.12258
[Sun Apr 16 04:44:18 2023|main.py|INFO] EPOCH [29/100] Test NME: 0.12125
[Sun Apr 16 04:44:18 2023|main.py|INFO] EPOCH [29/100] Learning rate: 0.00058
[Sun Apr 16 04:44:27 2023|main.py|INFO] EPOCH [30/100] Train NME: 0.12299
[Sun Apr 16 04:44:28 2023|main.py|INFO] EPOCH [30/100] Test NME: 0.12095
[Sun Apr 16 04:44:28 2023|main.py|INFO] EPOCH [30/100] Learning rate: 0.00046
[Sun Apr 16 04:44:28 2023|main.py|INFO] EPOCH [30/100] NME improved from 0.12095 to 0.12095
[Sun Apr 16 04:44:28 2023|main.py|INFO] EPOCH [30/100] Saving model to: checkpoints/raw_CNN_noAug_MSE_lr0.3_B32/2023-04-16_04-44-28_epoch_30_NME_0.12095.pth.tar
[Sun Apr 16 04:44:37 2023|main.py|INFO] EPOCH [31/100] Train NME: 0.12275
[Sun Apr 16 04:44:38 2023|main.py|INFO] EPOCH [31/100] Test NME: 0.12102
[Sun Apr 16 04:44:38 2023|main.py|INFO] EPOCH [31/100] Learning rate: 0.00037
[Sun Apr 16 04:44:46 2023|main.py|INFO] EPOCH [32/100] Train NME: 0.12261
[Sun Apr 16 04:44:47 2023|main.py|INFO] EPOCH [32/100] Test NME: 0.12102
[Sun Apr 16 04:44:47 2023|main.py|INFO] EPOCH [32/100] Learning rate: 0.00030
[Sun Apr 16 04:44:56 2023|main.py|INFO] EPOCH [33/100] Train NME: 0.12253
[Sun Apr 16 04:44:57 2023|main.py|INFO] EPOCH [33/100] Test NME: 0.12109
[Sun Apr 16 04:44:57 2023|main.py|INFO] EPOCH [33/100] Learning rate: 0.00024
[Sun Apr 16 04:45:05 2023|main.py|INFO] EPOCH [34/100] Train NME: 0.12257
[Sun Apr 16 04:45:06 2023|main.py|INFO] EPOCH [34/100] Test NME: 0.12102
[Sun Apr 16 04:45:06 2023|main.py|INFO] EPOCH [34/100] Learning rate: 0.00019
[Sun Apr 16 04:45:15 2023|main.py|INFO] EPOCH [35/100] Train NME: 0.12261
[Sun Apr 16 04:45:16 2023|main.py|INFO] EPOCH [35/100] Test NME: 0.12075
[Sun Apr 16 04:45:16 2023|main.py|INFO] EPOCH [35/100] Learning rate: 0.00015
[Sun Apr 16 04:45:16 2023|main.py|INFO] EPOCH [35/100] NME improved from 0.12095 to 0.12075
[Sun Apr 16 04:45:16 2023|main.py|INFO] EPOCH [35/100] Saving model to: checkpoints/raw_CNN_noAug_MSE_lr0.3_B32/2023-04-16_04-45-16_epoch_35_NME_0.12075.pth.tar
[Sun Apr 16 04:45:25 2023|main.py|INFO] EPOCH [36/100] Train NME: 0.12234
[Sun Apr 16 04:45:26 2023|main.py|INFO] EPOCH [36/100] Test NME: 0.12096
[Sun Apr 16 04:45:26 2023|main.py|INFO] EPOCH [36/100] Learning rate: 0.00012
[Sun Apr 16 04:45:34 2023|main.py|INFO] EPOCH [37/100] Train NME: 0.12255
[Sun Apr 16 04:45:35 2023|main.py|INFO] EPOCH [37/100] Test NME: 0.12078
[Sun Apr 16 04:45:35 2023|main.py|INFO] EPOCH [37/100] Learning rate: 0.00010
[Sun Apr 16 04:45:44 2023|main.py|INFO] EPOCH [38/100] Train NME: 0.12235
[Sun Apr 16 04:45:45 2023|main.py|INFO] EPOCH [38/100] Test NME: 0.12087
[Sun Apr 16 04:45:45 2023|main.py|INFO] EPOCH [38/100] Learning rate: 0.00008
[Sun Apr 16 04:45:54 2023|main.py|INFO] EPOCH [39/100] Train NME: 0.12255
[Sun Apr 16 04:45:55 2023|main.py|INFO] EPOCH [39/100] Test NME: 0.12078
[Sun Apr 16 04:45:55 2023|main.py|INFO] EPOCH [39/100] Learning rate: 0.00006
[Sun Apr 16 04:46:03 2023|main.py|INFO] EPOCH [40/100] Train NME: 0.12294
[Sun Apr 16 04:46:04 2023|main.py|INFO] EPOCH [40/100] Test NME: 0.12086
[Sun Apr 16 04:46:04 2023|main.py|INFO] EPOCH [40/100] Learning rate: 0.00005
[Sun Apr 16 04:46:13 2023|main.py|INFO] EPOCH [41/100] Train NME: 0.12231
[Sun Apr 16 04:46:14 2023|main.py|INFO] EPOCH [41/100] Test NME: 0.12088
[Sun Apr 16 04:46:14 2023|main.py|INFO] EPOCH [41/100] Learning rate: 0.00004
[Sun Apr 16 04:46:22 2023|main.py|INFO] EPOCH [42/100] Train NME: 0.12199
[Sun Apr 16 04:46:24 2023|main.py|INFO] EPOCH [42/100] Test NME: 0.12099
[Sun Apr 16 04:46:24 2023|main.py|INFO] EPOCH [42/100] Learning rate: 0.00003
[Sun Apr 16 04:46:32 2023|main.py|INFO] EPOCH [43/100] Train NME: 0.12246
[Sun Apr 16 04:46:33 2023|main.py|INFO] EPOCH [43/100] Test NME: 0.12083
[Sun Apr 16 04:46:33 2023|main.py|INFO] EPOCH [43/100] Learning rate: 0.00003
[Sun Apr 16 04:46:42 2023|main.py|INFO] EPOCH [44/100] Train NME: 0.12263
[Sun Apr 16 04:46:43 2023|main.py|INFO] EPOCH [44/100] Test NME: 0.12078
[Sun Apr 16 04:46:43 2023|main.py|INFO] EPOCH [44/100] Learning rate: 0.00002
[Sun Apr 16 04:46:51 2023|main.py|INFO] EPOCH [45/100] Train NME: 0.12262
[Sun Apr 16 04:46:52 2023|main.py|INFO] EPOCH [45/100] Test NME: 0.12093
[Sun Apr 16 04:46:52 2023|main.py|INFO] EPOCH [45/100] Learning rate: 0.00002
[Sun Apr 16 04:47:01 2023|main.py|INFO] EPOCH [46/100] Train NME: 0.12285
[Sun Apr 16 04:47:02 2023|main.py|INFO] EPOCH [46/100] Test NME: 0.12073
[Sun Apr 16 04:47:02 2023|main.py|INFO] EPOCH [46/100] Learning rate: 0.00001
[Sun Apr 16 04:47:02 2023|main.py|INFO] EPOCH [46/100] NME improved from 0.12075 to 0.12073
[Sun Apr 16 04:47:02 2023|main.py|INFO] EPOCH [46/100] Saving model to: checkpoints/raw_CNN_noAug_MSE_lr0.3_B32/2023-04-16_04-47-02_epoch_46_NME_0.12073.pth.tar
[Sun Apr 16 04:47:11 2023|main.py|INFO] EPOCH [47/100] Train NME: 0.12200
[Sun Apr 16 04:47:12 2023|main.py|INFO] EPOCH [47/100] Test NME: 0.12092
[Sun Apr 16 04:47:12 2023|main.py|INFO] EPOCH [47/100] Learning rate: 0.00001
[Sun Apr 16 04:47:20 2023|main.py|INFO] EPOCH [48/100] Train NME: 0.12262
[Sun Apr 16 04:47:21 2023|main.py|INFO] EPOCH [48/100] Test NME: 0.12090
[Sun Apr 16 04:47:21 2023|main.py|INFO] EPOCH [48/100] Learning rate: 0.00001
[Sun Apr 16 04:47:30 2023|main.py|INFO] EPOCH [49/100] Train NME: 0.12230
[Sun Apr 16 04:47:31 2023|main.py|INFO] EPOCH [49/100] Test NME: 0.12081
[Sun Apr 16 04:47:31 2023|main.py|INFO] EPOCH [49/100] Learning rate: 0.00001
[Sun Apr 16 04:47:39 2023|main.py|INFO] EPOCH [50/100] Train NME: 0.12294
[Sun Apr 16 04:47:40 2023|main.py|INFO] EPOCH [50/100] Test NME: 0.12071
[Sun Apr 16 04:47:40 2023|main.py|INFO] EPOCH [50/100] Learning rate: 0.00001
[Sun Apr 16 04:47:40 2023|main.py|INFO] EPOCH [50/100] NME improved from 0.12073 to 0.12071
[Sun Apr 16 04:47:40 2023|main.py|INFO] EPOCH [50/100] Saving model to: checkpoints/raw_CNN_noAug_MSE_lr0.3_B32/2023-04-16_04-47-40_epoch_50_NME_0.12071.pth.tar
[Sun Apr 16 04:47:49 2023|main.py|INFO] EPOCH [51/100] Train NME: 0.12235
[Sun Apr 16 04:47:50 2023|main.py|INFO] EPOCH [51/100] Test NME: 0.12063
[Sun Apr 16 04:47:50 2023|main.py|INFO] EPOCH [51/100] Learning rate: 0.00000
[Sun Apr 16 04:47:50 2023|main.py|INFO] EPOCH [51/100] NME improved from 0.12071 to 0.12063
[Sun Apr 16 04:47:50 2023|main.py|INFO] EPOCH [51/100] Saving model to: checkpoints/raw_CNN_noAug_MSE_lr0.3_B32/2023-04-16_04-47-50_epoch_51_NME_0.12063.pth.tar
[Sun Apr 16 04:47:59 2023|main.py|INFO] EPOCH [52/100] Train NME: 0.12259
[Sun Apr 16 04:48:00 2023|main.py|INFO] EPOCH [52/100] Test NME: 0.12079
[Sun Apr 16 04:48:00 2023|main.py|INFO] EPOCH [52/100] Learning rate: 0.00000
[Sun Apr 16 04:48:08 2023|main.py|INFO] EPOCH [53/100] Train NME: 0.12239
[Sun Apr 16 04:48:09 2023|main.py|INFO] EPOCH [53/100] Test NME: 0.12102
[Sun Apr 16 04:48:09 2023|main.py|INFO] EPOCH [53/100] Learning rate: 0.00000
[Sun Apr 16 04:48:18 2023|main.py|INFO] EPOCH [54/100] Train NME: 0.12263
[Sun Apr 16 04:48:19 2023|main.py|INFO] EPOCH [54/100] Test NME: 0.12085
[Sun Apr 16 04:48:19 2023|main.py|INFO] EPOCH [54/100] Learning rate: 0.00000
[Sun Apr 16 04:48:28 2023|main.py|INFO] EPOCH [55/100] Train NME: 0.12281
[Sun Apr 16 04:48:29 2023|main.py|INFO] EPOCH [55/100] Test NME: 0.12088
[Sun Apr 16 04:48:29 2023|main.py|INFO] EPOCH [55/100] Learning rate: 0.00000
[Sun Apr 16 04:48:38 2023|main.py|INFO] EPOCH [56/100] Train NME: 0.12254
[Sun Apr 16 04:48:39 2023|main.py|INFO] EPOCH [56/100] Test NME: 0.12086
[Sun Apr 16 04:48:39 2023|main.py|INFO] EPOCH [56/100] Learning rate: 0.00000
[Sun Apr 16 04:48:47 2023|main.py|INFO] EPOCH [57/100] Train NME: 0.12232
[Sun Apr 16 04:48:48 2023|main.py|INFO] EPOCH [57/100] Test NME: 0.12084
[Sun Apr 16 04:48:48 2023|main.py|INFO] EPOCH [57/100] Learning rate: 0.00000
[Sun Apr 16 04:48:56 2023|main.py|INFO] EPOCH [58/100] Train NME: 0.12274
[Sun Apr 16 04:48:57 2023|main.py|INFO] EPOCH [58/100] Test NME: 0.12079
[Sun Apr 16 04:48:57 2023|main.py|INFO] EPOCH [58/100] Learning rate: 0.00000
[Sun Apr 16 04:49:06 2023|main.py|INFO] EPOCH [59/100] Train NME: 0.12230
[Sun Apr 16 04:49:07 2023|main.py|INFO] EPOCH [59/100] Test NME: 0.12058
[Sun Apr 16 04:49:07 2023|main.py|INFO] EPOCH [59/100] Learning rate: 0.00000
[Sun Apr 16 04:49:07 2023|main.py|INFO] EPOCH [59/100] NME improved from 0.12063 to 0.12058
[Sun Apr 16 04:49:07 2023|main.py|INFO] EPOCH [59/100] Saving model to: checkpoints/raw_CNN_noAug_MSE_lr0.3_B32/2023-04-16_04-49-07_epoch_59_NME_0.12058.pth.tar
[Sun Apr 16 04:49:16 2023|main.py|INFO] EPOCH [60/100] Train NME: 0.12261
[Sun Apr 16 04:49:17 2023|main.py|INFO] EPOCH [60/100] Test NME: 0.12090
[Sun Apr 16 04:49:17 2023|main.py|INFO] EPOCH [60/100] Learning rate: 0.00000
[Sun Apr 16 04:49:25 2023|main.py|INFO] EPOCH [61/100] Train NME: 0.12232
[Sun Apr 16 04:49:26 2023|main.py|INFO] EPOCH [61/100] Test NME: 0.12068
[Sun Apr 16 04:49:26 2023|main.py|INFO] EPOCH [61/100] Learning rate: 0.00000
[Sun Apr 16 04:49:35 2023|main.py|INFO] EPOCH [62/100] Train NME: 0.12258
[Sun Apr 16 04:49:36 2023|main.py|INFO] EPOCH [62/100] Test NME: 0.12076
[Sun Apr 16 04:49:36 2023|main.py|INFO] EPOCH [62/100] Learning rate: 0.00000
[Sun Apr 16 04:49:45 2023|main.py|INFO] EPOCH [63/100] Train NME: 0.12275
[Sun Apr 16 04:49:46 2023|main.py|INFO] EPOCH [63/100] Test NME: 0.12079
[Sun Apr 16 04:49:46 2023|main.py|INFO] EPOCH [63/100] Learning rate: 0.00000
[Sun Apr 16 04:49:55 2023|main.py|INFO] EPOCH [64/100] Train NME: 0.12230
[Sun Apr 16 04:49:56 2023|main.py|INFO] EPOCH [64/100] Test NME: 0.12080
[Sun Apr 16 04:49:56 2023|main.py|INFO] EPOCH [64/100] Learning rate: 0.00000
[Sun Apr 16 04:50:04 2023|main.py|INFO] EPOCH [65/100] Train NME: 0.12269
[Sun Apr 16 04:50:05 2023|main.py|INFO] EPOCH [65/100] Test NME: 0.12059
[Sun Apr 16 04:50:05 2023|main.py|INFO] EPOCH [65/100] Learning rate: 0.00000
[Sun Apr 16 04:50:13 2023|main.py|INFO] EPOCH [66/100] Train NME: 0.12215
[Sun Apr 16 04:50:14 2023|main.py|INFO] EPOCH [66/100] Test NME: 0.12079
[Sun Apr 16 04:50:14 2023|main.py|INFO] EPOCH [66/100] Learning rate: 0.00000
[Sun Apr 16 04:50:23 2023|main.py|INFO] EPOCH [67/100] Train NME: 0.12253
[Sun Apr 16 04:50:24 2023|main.py|INFO] EPOCH [67/100] Test NME: 0.12091
[Sun Apr 16 04:50:24 2023|main.py|INFO] EPOCH [67/100] Learning rate: 0.00000
[Sun Apr 16 04:50:33 2023|main.py|INFO] EPOCH [68/100] Train NME: 0.12256
[Sun Apr 16 04:50:34 2023|main.py|INFO] EPOCH [68/100] Test NME: 0.12092
[Sun Apr 16 04:50:34 2023|main.py|INFO] EPOCH [68/100] Learning rate: 0.00000
[Sun Apr 16 04:50:42 2023|main.py|INFO] EPOCH [69/100] Train NME: 0.12237
[Sun Apr 16 04:50:43 2023|main.py|INFO] EPOCH [69/100] Test NME: 0.12102
[Sun Apr 16 04:50:43 2023|main.py|INFO] EPOCH [69/100] Learning rate: 0.00000
[Sun Apr 16 04:50:52 2023|main.py|INFO] EPOCH [70/100] Train NME: 0.12226
[Sun Apr 16 04:50:53 2023|main.py|INFO] EPOCH [70/100] Test NME: 0.12088
[Sun Apr 16 04:50:53 2023|main.py|INFO] EPOCH [70/100] Learning rate: 0.00000
[Sun Apr 16 04:51:01 2023|main.py|INFO] EPOCH [71/100] Train NME: 0.12290
[Sun Apr 16 04:51:02 2023|main.py|INFO] EPOCH [71/100] Test NME: 0.12090
[Sun Apr 16 04:51:02 2023|main.py|INFO] EPOCH [71/100] Learning rate: 0.00000
[Sun Apr 16 04:51:11 2023|main.py|INFO] EPOCH [72/100] Train NME: 0.12239
[Sun Apr 16 04:51:12 2023|main.py|INFO] EPOCH [72/100] Test NME: 0.12077
[Sun Apr 16 04:51:12 2023|main.py|INFO] EPOCH [72/100] Learning rate: 0.00000
[Sun Apr 16 04:51:21 2023|main.py|INFO] EPOCH [73/100] Train NME: 0.12252
[Sun Apr 16 04:51:21 2023|main.py|INFO] EPOCH [73/100] Test NME: 0.12085
[Sun Apr 16 04:51:21 2023|main.py|INFO] EPOCH [73/100] Learning rate: 0.00000
[Sun Apr 16 04:51:30 2023|main.py|INFO] EPOCH [74/100] Train NME: 0.12216
[Sun Apr 16 04:51:31 2023|main.py|INFO] EPOCH [74/100] Test NME: 0.12072
[Sun Apr 16 04:51:31 2023|main.py|INFO] EPOCH [74/100] Learning rate: 0.00000
[Sun Apr 16 04:51:40 2023|main.py|INFO] EPOCH [75/100] Train NME: 0.12243
[Sun Apr 16 04:51:41 2023|main.py|INFO] EPOCH [75/100] Test NME: 0.12057
[Sun Apr 16 04:51:41 2023|main.py|INFO] EPOCH [75/100] Learning rate: 0.00000
[Sun Apr 16 04:51:41 2023|main.py|INFO] EPOCH [75/100] NME improved from 0.12058 to 0.12057
[Sun Apr 16 04:51:41 2023|main.py|INFO] EPOCH [75/100] Saving model to: checkpoints/raw_CNN_noAug_MSE_lr0.3_B32/2023-04-16_04-51-41_epoch_75_NME_0.12057.pth.tar
[Sun Apr 16 04:51:50 2023|main.py|INFO] EPOCH [76/100] Train NME: 0.12270
[Sun Apr 16 04:51:51 2023|main.py|INFO] EPOCH [76/100] Test NME: 0.12087
[Sun Apr 16 04:51:51 2023|main.py|INFO] EPOCH [76/100] Learning rate: 0.00000
[Sun Apr 16 04:51:59 2023|main.py|INFO] EPOCH [77/100] Train NME: 0.12253
[Sun Apr 16 04:52:00 2023|main.py|INFO] EPOCH [77/100] Test NME: 0.12080
[Sun Apr 16 04:52:00 2023|main.py|INFO] EPOCH [77/100] Learning rate: 0.00000
[Sun Apr 16 04:52:09 2023|main.py|INFO] EPOCH [78/100] Train NME: 0.12266
[Sun Apr 16 04:52:10 2023|main.py|INFO] EPOCH [78/100] Test NME: 0.12071
[Sun Apr 16 04:52:10 2023|main.py|INFO] EPOCH [78/100] Learning rate: 0.00000
[Sun Apr 16 04:52:18 2023|main.py|INFO] EPOCH [79/100] Train NME: 0.12250
[Sun Apr 16 04:52:19 2023|main.py|INFO] EPOCH [79/100] Test NME: 0.12090
[Sun Apr 16 04:52:19 2023|main.py|INFO] EPOCH [79/100] Learning rate: 0.00000
[Sun Apr 16 04:52:28 2023|main.py|INFO] EPOCH [80/100] Train NME: 0.12226
[Sun Apr 16 04:52:29 2023|main.py|INFO] EPOCH [80/100] Test NME: 0.12052
[Sun Apr 16 04:52:29 2023|main.py|INFO] EPOCH [80/100] Learning rate: 0.00000
[Sun Apr 16 04:52:29 2023|main.py|INFO] EPOCH [80/100] NME improved from 0.12057 to 0.12052
[Sun Apr 16 04:52:29 2023|main.py|INFO] EPOCH [80/100] Saving model to: checkpoints/raw_CNN_noAug_MSE_lr0.3_B32/2023-04-16_04-52-29_epoch_80_NME_0.12052.pth.tar
[Sun Apr 16 04:52:38 2023|main.py|INFO] EPOCH [81/100] Train NME: 0.12236
[Sun Apr 16 04:52:39 2023|main.py|INFO] EPOCH [81/100] Test NME: 0.12088
[Sun Apr 16 04:52:39 2023|main.py|INFO] EPOCH [81/100] Learning rate: 0.00000
[Sun Apr 16 04:52:47 2023|main.py|INFO] EPOCH [82/100] Train NME: 0.12293
[Sun Apr 16 04:52:48 2023|main.py|INFO] EPOCH [82/100] Test NME: 0.12101
[Sun Apr 16 04:52:48 2023|main.py|INFO] EPOCH [82/100] Learning rate: 0.00000
[Sun Apr 16 04:52:57 2023|main.py|INFO] EPOCH [83/100] Train NME: 0.12287
[Sun Apr 16 04:52:58 2023|main.py|INFO] EPOCH [83/100] Test NME: 0.12108
[Sun Apr 16 04:52:58 2023|main.py|INFO] EPOCH [83/100] Learning rate: 0.00000
[Sun Apr 16 04:53:07 2023|main.py|INFO] EPOCH [84/100] Train NME: 0.12249
[Sun Apr 16 04:53:08 2023|main.py|INFO] EPOCH [84/100] Test NME: 0.12086
[Sun Apr 16 04:53:08 2023|main.py|INFO] EPOCH [84/100] Learning rate: 0.00000
[Sun Apr 16 04:53:16 2023|main.py|INFO] EPOCH [85/100] Train NME: 0.12236
[Sun Apr 16 04:53:17 2023|main.py|INFO] EPOCH [85/100] Test NME: 0.12106
[Sun Apr 16 04:53:17 2023|main.py|INFO] EPOCH [85/100] Learning rate: 0.00000
[Sun Apr 16 04:53:26 2023|main.py|INFO] EPOCH [86/100] Train NME: 0.12254
[Sun Apr 16 04:53:27 2023|main.py|INFO] EPOCH [86/100] Test NME: 0.12061
[Sun Apr 16 04:53:27 2023|main.py|INFO] EPOCH [86/100] Learning rate: 0.00000
[Sun Apr 16 04:53:35 2023|main.py|INFO] EPOCH [87/100] Train NME: 0.12222
[Sun Apr 16 04:53:36 2023|main.py|INFO] EPOCH [87/100] Test NME: 0.12080
[Sun Apr 16 04:53:36 2023|main.py|INFO] EPOCH [87/100] Learning rate: 0.00000
[Sun Apr 16 04:53:45 2023|main.py|INFO] EPOCH [88/100] Train NME: 0.12224
[Sun Apr 16 04:53:46 2023|main.py|INFO] EPOCH [88/100] Test NME: 0.12085
[Sun Apr 16 04:53:46 2023|main.py|INFO] EPOCH [88/100] Learning rate: 0.00000
[Sun Apr 16 04:53:54 2023|main.py|INFO] EPOCH [89/100] Train NME: 0.12273
[Sun Apr 16 04:53:55 2023|main.py|INFO] EPOCH [89/100] Test NME: 0.12097
[Sun Apr 16 04:53:55 2023|main.py|INFO] EPOCH [89/100] Learning rate: 0.00000
[Sun Apr 16 04:54:04 2023|main.py|INFO] EPOCH [90/100] Train NME: 0.12254
[Sun Apr 16 04:54:05 2023|main.py|INFO] EPOCH [90/100] Test NME: 0.12080
[Sun Apr 16 04:54:05 2023|main.py|INFO] EPOCH [90/100] Learning rate: 0.00000
[Sun Apr 16 04:54:14 2023|main.py|INFO] EPOCH [91/100] Train NME: 0.12254
[Sun Apr 16 04:54:15 2023|main.py|INFO] EPOCH [91/100] Test NME: 0.12078
[Sun Apr 16 04:54:15 2023|main.py|INFO] EPOCH [91/100] Learning rate: 0.00000
[Sun Apr 16 04:54:23 2023|main.py|INFO] EPOCH [92/100] Train NME: 0.12251
[Sun Apr 16 04:54:24 2023|main.py|INFO] EPOCH [92/100] Test NME: 0.12093
[Sun Apr 16 04:54:24 2023|main.py|INFO] EPOCH [92/100] Learning rate: 0.00000
[Sun Apr 16 04:54:33 2023|main.py|INFO] EPOCH [93/100] Train NME: 0.12266
[Sun Apr 16 04:54:34 2023|main.py|INFO] EPOCH [93/100] Test NME: 0.12102
[Sun Apr 16 04:54:34 2023|main.py|INFO] EPOCH [93/100] Learning rate: 0.00000
[Sun Apr 16 04:54:42 2023|main.py|INFO] EPOCH [94/100] Train NME: 0.12234
[Sun Apr 16 04:54:43 2023|main.py|INFO] EPOCH [94/100] Test NME: 0.12084
[Sun Apr 16 04:54:43 2023|main.py|INFO] EPOCH [94/100] Learning rate: 0.00000
[Sun Apr 16 04:54:52 2023|main.py|INFO] EPOCH [95/100] Train NME: 0.12258
[Sun Apr 16 04:54:53 2023|main.py|INFO] EPOCH [95/100] Test NME: 0.12092
[Sun Apr 16 04:54:53 2023|main.py|INFO] EPOCH [95/100] Learning rate: 0.00000
[Sun Apr 16 04:55:02 2023|main.py|INFO] EPOCH [96/100] Train NME: 0.12255
[Sun Apr 16 04:55:03 2023|main.py|INFO] EPOCH [96/100] Test NME: 0.12085
[Sun Apr 16 04:55:03 2023|main.py|INFO] EPOCH [96/100] Learning rate: 0.00000
[Sun Apr 16 04:55:11 2023|main.py|INFO] EPOCH [97/100] Train NME: 0.12256
[Sun Apr 16 04:55:12 2023|main.py|INFO] EPOCH [97/100] Test NME: 0.12072
[Sun Apr 16 04:55:12 2023|main.py|INFO] EPOCH [97/100] Learning rate: 0.00000
[Sun Apr 16 04:55:21 2023|main.py|INFO] EPOCH [98/100] Train NME: 0.12253
[Sun Apr 16 04:55:22 2023|main.py|INFO] EPOCH [98/100] Test NME: 0.12074
[Sun Apr 16 04:55:22 2023|main.py|INFO] EPOCH [98/100] Learning rate: 0.00000
[Sun Apr 16 04:55:30 2023|main.py|INFO] EPOCH [99/100] Train NME: 0.12265
[Sun Apr 16 04:55:31 2023|main.py|INFO] EPOCH [99/100] Test NME: 0.12072
[Sun Apr 16 04:55:31 2023|main.py|INFO] EPOCH [99/100] Learning rate: 0.00000
[Sun Apr 16 04:55:40 2023|main.py|INFO] EPOCH [100/100] Train NME: 0.12261
[Sun Apr 16 04:55:41 2023|main.py|INFO] EPOCH [100/100] Test NME: 0.12091
[Sun Apr 16 04:55:41 2023|main.py|INFO] EPOCH [100/100] Learning rate: 0.00000
