[Sun Apr 16 03:21:56 2023|main.py|INFO] Task: raw_CNN_noAug_MSE_lr0.3_B16
[Sun Apr 16 03:21:56 2023|main.py|INFO] Using device: cuda
[Sun Apr 16 03:21:56 2023|main.py|INFO] Using config: config\raw_CNN_noAug_MSE_lr0.3_B16.yaml
[Sun Apr 16 03:21:56 2023|main.py|INFO] Train path: data/training_images_full_train.npz
[Sun Apr 16 03:21:56 2023|main.py|INFO] Test path: data/training_images_full_test.npz
[Sun Apr 16 03:21:56 2023|main.py|INFO] Train augment: False
[Sun Apr 16 03:21:56 2023|main.py|INFO] Learning rate: 0.3
[Sun Apr 16 03:21:56 2023|main.py|INFO] Batch size: 16
[Sun Apr 16 03:21:56 2023|main.py|INFO] Num epochs: 100
[Sun Apr 16 03:21:56 2023|main.py|INFO] Save model: True
[Sun Apr 16 03:21:56 2023|main.py|INFO] Loss: MSE
[Sun Apr 16 03:21:56 2023|main.py|INFO] Log path: logs/raw_CNN_noAug_MSE_lr0.3_B16/2023-04-16_03-21-56.log
[Sun Apr 16 03:21:56 2023|main.py|INFO] Writer path: runs/raw_CNN_noAug_MSE_lr0.3_B16/2023-04-16_03-21-56
[Sun Apr 16 03:21:56 2023|main.py|INFO] Model name: resnet18
[Sun Apr 16 03:21:56 2023|main.py|INFO] Num outputs: 88
[Sun Apr 16 03:21:56 2023|main.py|INFO] Pretrained: True
[Sun Apr 16 03:21:56 2023|main.py|INFO] Load model: False
[Sun Apr 16 03:21:56 2023|main.py|INFO] Load path: None
[Sun Apr 16 03:21:56 2023|main.py|INFO] Loading data...
[Sun Apr 16 03:21:56 2023|main.py|INFO] Load dataset for raw_CNN_noAug_MSE_lr0.3_B16
[Sun Apr 16 03:21:58 2023|main.py|INFO] Initializing network resnet18 with 88 outputs...
[Sun Apr 16 03:21:59 2023|main.py|INFO] Network: ResNet(
  (conv1): Conv2d(3, 64, kernel_size=(7, 7), stride=(2, 2), padding=(3, 3), bias=False)
  (bn1): BatchNorm2d(64, eps=1e-05, momentum=0.1, affine=True, track_running_stats=True)
  (relu): ReLU(inplace=True)
  (maxpool): MaxPool2d(kernel_size=3, stride=2, padding=1, dilation=1, ceil_mode=False)
  (layer1): Sequential(
    (0): BasicBlock(
      (conv1): Conv2d(64, 64, kernel_size=(3, 3), stride=(1, 1), padding=(1, 1), bias=False)
      (bn1): BatchNorm2d(64, eps=1e-05, momentum=0.1, affine=True, track_running_stats=True)
      (relu): ReLU(inplace=True)
      (conv2): Conv2d(64, 64, kernel_size=(3, 3), stride=(1, 1), padding=(1, 1), bias=False)
      (bn2): BatchNorm2d(64, eps=1e-05, momentum=0.1, affine=True, track_running_stats=True)
    )
    (1): BasicBlock(
      (conv1): Conv2d(64, 64, kernel_size=(3, 3), stride=(1, 1), padding=(1, 1), bias=False)
      (bn1): BatchNorm2d(64, eps=1e-05, momentum=0.1, affine=True, track_running_stats=True)
      (relu): ReLU(inplace=True)
      (conv2): Conv2d(64, 64, kernel_size=(3, 3), stride=(1, 1), padding=(1, 1), bias=False)
      (bn2): BatchNorm2d(64, eps=1e-05, momentum=0.1, affine=True, track_running_stats=True)
    )
  )
  (layer2): Sequential(
    (0): BasicBlock(
      (conv1): Conv2d(64, 128, kernel_size=(3, 3), stride=(2, 2), padding=(1, 1), bias=False)
      (bn1): BatchNorm2d(128, eps=1e-05, momentum=0.1, affine=True, track_running_stats=True)
      (relu): ReLU(inplace=True)
      (conv2): Conv2d(128, 128, kernel_size=(3, 3), stride=(1, 1), padding=(1, 1), bias=False)
      (bn2): BatchNorm2d(128, eps=1e-05, momentum=0.1, affine=True, track_running_stats=True)
      (downsample): Sequential(
        (0): Conv2d(64, 128, kernel_size=(1, 1), stride=(2, 2), bias=False)
        (1): BatchNorm2d(128, eps=1e-05, momentum=0.1, affine=True, track_running_stats=True)
      )
    )
    (1): BasicBlock(
      (conv1): Conv2d(128, 128, kernel_size=(3, 3), stride=(1, 1), padding=(1, 1), bias=False)
      (bn1): BatchNorm2d(128, eps=1e-05, momentum=0.1, affine=True, track_running_stats=True)
      (relu): ReLU(inplace=True)
      (conv2): Conv2d(128, 128, kernel_size=(3, 3), stride=(1, 1), padding=(1, 1), bias=False)
      (bn2): BatchNorm2d(128, eps=1e-05, momentum=0.1, affine=True, track_running_stats=True)
    )
  )
  (layer3): Sequential(
    (0): BasicBlock(
      (conv1): Conv2d(128, 256, kernel_size=(3, 3), stride=(2, 2), padding=(1, 1), bias=False)
      (bn1): BatchNorm2d(256, eps=1e-05, momentum=0.1, affine=True, track_running_stats=True)
      (relu): ReLU(inplace=True)
      (conv2): Conv2d(256, 256, kernel_size=(3, 3), stride=(1, 1), padding=(1, 1), bias=False)
      (bn2): BatchNorm2d(256, eps=1e-05, momentum=0.1, affine=True, track_running_stats=True)
      (downsample): Sequential(
        (0): Conv2d(128, 256, kernel_size=(1, 1), stride=(2, 2), bias=False)
        (1): BatchNorm2d(256, eps=1e-05, momentum=0.1, affine=True, track_running_stats=True)
      )
    )
    (1): BasicBlock(
      (conv1): Conv2d(256, 256, kernel_size=(3, 3), stride=(1, 1), padding=(1, 1), bias=False)
      (bn1): BatchNorm2d(256, eps=1e-05, momentum=0.1, affine=True, track_running_stats=True)
      (relu): ReLU(inplace=True)
      (conv2): Conv2d(256, 256, kernel_size=(3, 3), stride=(1, 1), padding=(1, 1), bias=False)
      (bn2): BatchNorm2d(256, eps=1e-05, momentum=0.1, affine=True, track_running_stats=True)
    )
  )
  (layer4): Sequential(
    (0): BasicBlock(
      (conv1): Conv2d(256, 512, kernel_size=(3, 3), stride=(2, 2), padding=(1, 1), bias=False)
      (bn1): BatchNorm2d(512, eps=1e-05, momentum=0.1, affine=True, track_running_stats=True)
      (relu): ReLU(inplace=True)
      (conv2): Conv2d(512, 512, kernel_size=(3, 3), stride=(1, 1), padding=(1, 1), bias=False)
      (bn2): BatchNorm2d(512, eps=1e-05, momentum=0.1, affine=True, track_running_stats=True)
      (downsample): Sequential(
        (0): Conv2d(256, 512, kernel_size=(1, 1), stride=(2, 2), bias=False)
        (1): BatchNorm2d(512, eps=1e-05, momentum=0.1, affine=True, track_running_stats=True)
      )
    )
    (1): BasicBlock(
      (conv1): Conv2d(512, 512, kernel_size=(3, 3), stride=(1, 1), padding=(1, 1), bias=False)
      (bn1): BatchNorm2d(512, eps=1e-05, momentum=0.1, affine=True, track_running_stats=True)
      (relu): ReLU(inplace=True)
      (conv2): Conv2d(512, 512, kernel_size=(3, 3), stride=(1, 1), padding=(1, 1), bias=False)
      (bn2): BatchNorm2d(512, eps=1e-05, momentum=0.1, affine=True, track_running_stats=True)
    )
  )
  (avgpool): AdaptiveAvgPool2d(output_size=(1, 1))
  (fc): Linear(in_features=512, out_features=88, bias=True)
)
[Sun Apr 16 03:21:59 2023|main.py|INFO] Initializing loss and optimizer...
[Sun Apr 16 03:21:59 2023|main.py|INFO] Loss: MSE
[Sun Apr 16 03:21:59 2023|main.py|INFO] Optimizer: Adam
[Sun Apr 16 03:21:59 2023|main.py|INFO] Initializing tensorboard writer at: runs/raw_CNN_noAug_MSE_lr0.3_B16/2023-04-16_03-21-56
[Sun Apr 16 03:21:59 2023|main.py|INFO] Training network...
[Sun Apr 16 03:22:20 2023|main.py|INFO] EPOCH [1/100] Train NME: 0.32008
[Sun Apr 16 03:22:21 2023|main.py|INFO] EPOCH [1/100] Test NME: 0.18613
[Sun Apr 16 03:22:21 2023|main.py|INFO] EPOCH [1/100] Learning rate: 0.30000
[Sun Apr 16 03:22:21 2023|main.py|INFO] EPOCH [1/100] NME improved from 1000.00000 to 0.18613
[Sun Apr 16 03:22:21 2023|main.py|INFO] EPOCH [1/100] Saving model to: checkpoints/raw_CNN_noAug_MSE_lr0.3_B16/2023-04-16_03-22-21_epoch_1_NME_0.18613.pth.tar
[Sun Apr 16 03:22:33 2023|main.py|INFO] EPOCH [2/100] Train NME: 0.14267
[Sun Apr 16 03:22:34 2023|main.py|INFO] EPOCH [2/100] Test NME: 0.14054
[Sun Apr 16 03:22:34 2023|main.py|INFO] EPOCH [2/100] Learning rate: 0.24000
[Sun Apr 16 03:22:34 2023|main.py|INFO] EPOCH [2/100] NME improved from 0.18613 to 0.14054
[Sun Apr 16 03:22:34 2023|main.py|INFO] EPOCH [2/100] Saving model to: checkpoints/raw_CNN_noAug_MSE_lr0.3_B16/2023-04-16_03-22-34_epoch_2_NME_0.14054.pth.tar
[Sun Apr 16 03:22:45 2023|main.py|INFO] EPOCH [3/100] Train NME: 0.14052
[Sun Apr 16 03:22:46 2023|main.py|INFO] EPOCH [3/100] Test NME: 0.13959
[Sun Apr 16 03:22:46 2023|main.py|INFO] EPOCH [3/100] Learning rate: 0.19200
[Sun Apr 16 03:22:46 2023|main.py|INFO] EPOCH [3/100] NME improved from 0.14054 to 0.13959
[Sun Apr 16 03:22:46 2023|main.py|INFO] EPOCH [3/100] Saving model to: checkpoints/raw_CNN_noAug_MSE_lr0.3_B16/2023-04-16_03-22-46_epoch_3_NME_0.13959.pth.tar
[Sun Apr 16 03:22:57 2023|main.py|INFO] EPOCH [4/100] Train NME: 0.13787
[Sun Apr 16 03:22:58 2023|main.py|INFO] EPOCH [4/100] Test NME: 0.13574
[Sun Apr 16 03:22:58 2023|main.py|INFO] EPOCH [4/100] Learning rate: 0.15360
[Sun Apr 16 03:22:58 2023|main.py|INFO] EPOCH [4/100] NME improved from 0.13959 to 0.13574
[Sun Apr 16 03:22:58 2023|main.py|INFO] EPOCH [4/100] Saving model to: checkpoints/raw_CNN_noAug_MSE_lr0.3_B16/2023-04-16_03-22-58_epoch_4_NME_0.13574.pth.tar
[Sun Apr 16 03:23:10 2023|main.py|INFO] EPOCH [5/100] Train NME: 0.13705
[Sun Apr 16 03:23:11 2023|main.py|INFO] EPOCH [5/100] Test NME: 0.13525
[Sun Apr 16 03:23:11 2023|main.py|INFO] EPOCH [5/100] Learning rate: 0.12288
[Sun Apr 16 03:23:11 2023|main.py|INFO] EPOCH [5/100] NME improved from 0.13574 to 0.13525
[Sun Apr 16 03:23:11 2023|main.py|INFO] EPOCH [5/100] Saving model to: checkpoints/raw_CNN_noAug_MSE_lr0.3_B16/2023-04-16_03-23-11_epoch_5_NME_0.13525.pth.tar
[Sun Apr 16 03:23:22 2023|main.py|INFO] EPOCH [6/100] Train NME: 0.13334
[Sun Apr 16 03:23:23 2023|main.py|INFO] EPOCH [6/100] Test NME: 0.13782
[Sun Apr 16 03:23:23 2023|main.py|INFO] EPOCH [6/100] Learning rate: 0.09830
[Sun Apr 16 03:23:33 2023|main.py|INFO] EPOCH [7/100] Train NME: 0.13257
[Sun Apr 16 03:23:35 2023|main.py|INFO] EPOCH [7/100] Test NME: 0.13716
[Sun Apr 16 03:23:35 2023|main.py|INFO] EPOCH [7/100] Learning rate: 0.07864
[Sun Apr 16 03:23:45 2023|main.py|INFO] EPOCH [8/100] Train NME: 0.13130
[Sun Apr 16 03:23:47 2023|main.py|INFO] EPOCH [8/100] Test NME: 0.12801
[Sun Apr 16 03:23:47 2023|main.py|INFO] EPOCH [8/100] Learning rate: 0.06291
[Sun Apr 16 03:23:47 2023|main.py|INFO] EPOCH [8/100] NME improved from 0.13525 to 0.12801
[Sun Apr 16 03:23:47 2023|main.py|INFO] EPOCH [8/100] Saving model to: checkpoints/raw_CNN_noAug_MSE_lr0.3_B16/2023-04-16_03-23-47_epoch_8_NME_0.12801.pth.tar
[Sun Apr 16 03:23:58 2023|main.py|INFO] EPOCH [9/100] Train NME: 0.12800
[Sun Apr 16 03:23:59 2023|main.py|INFO] EPOCH [9/100] Test NME: 0.12527
[Sun Apr 16 03:23:59 2023|main.py|INFO] EPOCH [9/100] Learning rate: 0.05033
[Sun Apr 16 03:23:59 2023|main.py|INFO] EPOCH [9/100] NME improved from 0.12801 to 0.12527
[Sun Apr 16 03:23:59 2023|main.py|INFO] EPOCH [9/100] Saving model to: checkpoints/raw_CNN_noAug_MSE_lr0.3_B16/2023-04-16_03-23-59_epoch_9_NME_0.12527.pth.tar
[Sun Apr 16 03:24:10 2023|main.py|INFO] EPOCH [10/100] Train NME: 0.12659
[Sun Apr 16 03:24:11 2023|main.py|INFO] EPOCH [10/100] Test NME: 0.12462
[Sun Apr 16 03:24:11 2023|main.py|INFO] EPOCH [10/100] Learning rate: 0.04027
[Sun Apr 16 03:24:11 2023|main.py|INFO] EPOCH [10/100] NME improved from 0.12527 to 0.12462
[Sun Apr 16 03:24:11 2023|main.py|INFO] EPOCH [10/100] Saving model to: checkpoints/raw_CNN_noAug_MSE_lr0.3_B16/2023-04-16_03-24-11_epoch_10_NME_0.12462.pth.tar
[Sun Apr 16 03:24:22 2023|main.py|INFO] EPOCH [11/100] Train NME: 0.12363
[Sun Apr 16 03:24:23 2023|main.py|INFO] EPOCH [11/100] Test NME: 0.12104
[Sun Apr 16 03:24:23 2023|main.py|INFO] EPOCH [11/100] Learning rate: 0.03221
[Sun Apr 16 03:24:23 2023|main.py|INFO] EPOCH [11/100] NME improved from 0.12462 to 0.12104
[Sun Apr 16 03:24:23 2023|main.py|INFO] EPOCH [11/100] Saving model to: checkpoints/raw_CNN_noAug_MSE_lr0.3_B16/2023-04-16_03-24-23_epoch_11_NME_0.12104.pth.tar
[Sun Apr 16 03:24:34 2023|main.py|INFO] EPOCH [12/100] Train NME: 0.12233
[Sun Apr 16 03:24:35 2023|main.py|INFO] EPOCH [12/100] Test NME: 0.13031
[Sun Apr 16 03:24:35 2023|main.py|INFO] EPOCH [12/100] Learning rate: 0.02577
[Sun Apr 16 03:24:46 2023|main.py|INFO] EPOCH [13/100] Train NME: 0.11904
[Sun Apr 16 03:24:47 2023|main.py|INFO] EPOCH [13/100] Test NME: 0.11741
[Sun Apr 16 03:24:47 2023|main.py|INFO] EPOCH [13/100] Learning rate: 0.02062
[Sun Apr 16 03:24:47 2023|main.py|INFO] EPOCH [13/100] NME improved from 0.12104 to 0.11741
[Sun Apr 16 03:24:47 2023|main.py|INFO] EPOCH [13/100] Saving model to: checkpoints/raw_CNN_noAug_MSE_lr0.3_B16/2023-04-16_03-24-47_epoch_13_NME_0.11741.pth.tar
[Sun Apr 16 03:24:58 2023|main.py|INFO] EPOCH [14/100] Train NME: 0.11596
[Sun Apr 16 03:24:59 2023|main.py|INFO] EPOCH [14/100] Test NME: 0.11351
[Sun Apr 16 03:24:59 2023|main.py|INFO] EPOCH [14/100] Learning rate: 0.01649
[Sun Apr 16 03:24:59 2023|main.py|INFO] EPOCH [14/100] NME improved from 0.11741 to 0.11351
[Sun Apr 16 03:24:59 2023|main.py|INFO] EPOCH [14/100] Saving model to: checkpoints/raw_CNN_noAug_MSE_lr0.3_B16/2023-04-16_03-24-59_epoch_14_NME_0.11351.pth.tar
[Sun Apr 16 03:25:10 2023|main.py|INFO] EPOCH [15/100] Train NME: 0.11273
[Sun Apr 16 03:25:11 2023|main.py|INFO] EPOCH [15/100] Test NME: 0.11531
[Sun Apr 16 03:25:11 2023|main.py|INFO] EPOCH [15/100] Learning rate: 0.01319
[Sun Apr 16 03:25:22 2023|main.py|INFO] EPOCH [16/100] Train NME: 0.11228
[Sun Apr 16 03:25:23 2023|main.py|INFO] EPOCH [16/100] Test NME: 0.11387
[Sun Apr 16 03:25:23 2023|main.py|INFO] EPOCH [16/100] Learning rate: 0.01056
[Sun Apr 16 03:25:34 2023|main.py|INFO] EPOCH [17/100] Train NME: 0.11047
[Sun Apr 16 03:25:35 2023|main.py|INFO] EPOCH [17/100] Test NME: 0.11209
[Sun Apr 16 03:25:35 2023|main.py|INFO] EPOCH [17/100] Learning rate: 0.00844
[Sun Apr 16 03:25:35 2023|main.py|INFO] EPOCH [17/100] NME improved from 0.11351 to 0.11209
[Sun Apr 16 03:25:35 2023|main.py|INFO] EPOCH [17/100] Saving model to: checkpoints/raw_CNN_noAug_MSE_lr0.3_B16/2023-04-16_03-25-35_epoch_17_NME_0.11209.pth.tar
[Sun Apr 16 03:25:46 2023|main.py|INFO] EPOCH [18/100] Train NME: 0.10989
[Sun Apr 16 03:25:47 2023|main.py|INFO] EPOCH [18/100] Test NME: 0.11039
[Sun Apr 16 03:25:47 2023|main.py|INFO] EPOCH [18/100] Learning rate: 0.00676
[Sun Apr 16 03:25:47 2023|main.py|INFO] EPOCH [18/100] NME improved from 0.11209 to 0.11039
[Sun Apr 16 03:25:47 2023|main.py|INFO] EPOCH [18/100] Saving model to: checkpoints/raw_CNN_noAug_MSE_lr0.3_B16/2023-04-16_03-25-47_epoch_18_NME_0.11039.pth.tar
[Sun Apr 16 03:25:57 2023|main.py|INFO] EPOCH [19/100] Train NME: 0.10769
[Sun Apr 16 03:25:59 2023|main.py|INFO] EPOCH [19/100] Test NME: 0.11112
[Sun Apr 16 03:25:59 2023|main.py|INFO] EPOCH [19/100] Learning rate: 0.00540
[Sun Apr 16 03:26:09 2023|main.py|INFO] EPOCH [20/100] Train NME: 0.10651
[Sun Apr 16 03:26:11 2023|main.py|INFO] EPOCH [20/100] Test NME: 0.11151
[Sun Apr 16 03:26:11 2023|main.py|INFO] EPOCH [20/100] Learning rate: 0.00432
[Sun Apr 16 03:26:21 2023|main.py|INFO] EPOCH [21/100] Train NME: 0.10456
[Sun Apr 16 03:26:23 2023|main.py|INFO] EPOCH [21/100] Test NME: 0.11118
[Sun Apr 16 03:26:23 2023|main.py|INFO] EPOCH [21/100] Learning rate: 0.00346
[Sun Apr 16 03:26:33 2023|main.py|INFO] EPOCH [22/100] Train NME: 0.10596
[Sun Apr 16 03:26:35 2023|main.py|INFO] EPOCH [22/100] Test NME: 0.11317
[Sun Apr 16 03:26:35 2023|main.py|INFO] EPOCH [22/100] Learning rate: 0.00277
[Sun Apr 16 03:26:45 2023|main.py|INFO] EPOCH [23/100] Train NME: 0.10540
[Sun Apr 16 03:26:47 2023|main.py|INFO] EPOCH [23/100] Test NME: 0.10887
[Sun Apr 16 03:26:47 2023|main.py|INFO] EPOCH [23/100] Learning rate: 0.00221
[Sun Apr 16 03:26:47 2023|main.py|INFO] EPOCH [23/100] NME improved from 0.11039 to 0.10887
[Sun Apr 16 03:26:47 2023|main.py|INFO] EPOCH [23/100] Saving model to: checkpoints/raw_CNN_noAug_MSE_lr0.3_B16/2023-04-16_03-26-47_epoch_23_NME_0.10887.pth.tar
[Sun Apr 16 03:26:58 2023|main.py|INFO] EPOCH [24/100] Train NME: 0.10387
[Sun Apr 16 03:26:59 2023|main.py|INFO] EPOCH [24/100] Test NME: 0.10810
[Sun Apr 16 03:26:59 2023|main.py|INFO] EPOCH [24/100] Learning rate: 0.00177
[Sun Apr 16 03:26:59 2023|main.py|INFO] EPOCH [24/100] NME improved from 0.10887 to 0.10810
[Sun Apr 16 03:26:59 2023|main.py|INFO] EPOCH [24/100] Saving model to: checkpoints/raw_CNN_noAug_MSE_lr0.3_B16/2023-04-16_03-26-59_epoch_24_NME_0.10810.pth.tar
[Sun Apr 16 03:27:10 2023|main.py|INFO] EPOCH [25/100] Train NME: 0.10383
[Sun Apr 16 03:27:11 2023|main.py|INFO] EPOCH [25/100] Test NME: 0.10895
[Sun Apr 16 03:27:11 2023|main.py|INFO] EPOCH [25/100] Learning rate: 0.00142
[Sun Apr 16 03:27:22 2023|main.py|INFO] EPOCH [26/100] Train NME: 0.10330
[Sun Apr 16 03:27:23 2023|main.py|INFO] EPOCH [26/100] Test NME: 0.10811
[Sun Apr 16 03:27:23 2023|main.py|INFO] EPOCH [26/100] Learning rate: 0.00113
[Sun Apr 16 03:27:33 2023|main.py|INFO] EPOCH [27/100] Train NME: 0.10282
[Sun Apr 16 03:27:35 2023|main.py|INFO] EPOCH [27/100] Test NME: 0.10798
[Sun Apr 16 03:27:35 2023|main.py|INFO] EPOCH [27/100] Learning rate: 0.00091
[Sun Apr 16 03:27:35 2023|main.py|INFO] EPOCH [27/100] NME improved from 0.10810 to 0.10798
[Sun Apr 16 03:27:35 2023|main.py|INFO] EPOCH [27/100] Saving model to: checkpoints/raw_CNN_noAug_MSE_lr0.3_B16/2023-04-16_03-27-35_epoch_27_NME_0.10798.pth.tar
[Sun Apr 16 03:27:46 2023|main.py|INFO] EPOCH [28/100] Train NME: 0.10320
[Sun Apr 16 03:27:47 2023|main.py|INFO] EPOCH [28/100] Test NME: 0.10801
[Sun Apr 16 03:27:47 2023|main.py|INFO] EPOCH [28/100] Learning rate: 0.00073
[Sun Apr 16 03:27:58 2023|main.py|INFO] EPOCH [29/100] Train NME: 0.10356
[Sun Apr 16 03:27:59 2023|main.py|INFO] EPOCH [29/100] Test NME: 0.10790
[Sun Apr 16 03:27:59 2023|main.py|INFO] EPOCH [29/100] Learning rate: 0.00058
[Sun Apr 16 03:27:59 2023|main.py|INFO] EPOCH [29/100] NME improved from 0.10798 to 0.10790
[Sun Apr 16 03:27:59 2023|main.py|INFO] EPOCH [29/100] Saving model to: checkpoints/raw_CNN_noAug_MSE_lr0.3_B16/2023-04-16_03-27-59_epoch_29_NME_0.10790.pth.tar
[Sun Apr 16 03:28:10 2023|main.py|INFO] EPOCH [30/100] Train NME: 0.10224
[Sun Apr 16 03:28:12 2023|main.py|INFO] EPOCH [30/100] Test NME: 0.10783
[Sun Apr 16 03:28:12 2023|main.py|INFO] EPOCH [30/100] Learning rate: 0.00046
[Sun Apr 16 03:28:12 2023|main.py|INFO] EPOCH [30/100] NME improved from 0.10790 to 0.10783
[Sun Apr 16 03:28:12 2023|main.py|INFO] EPOCH [30/100] Saving model to: checkpoints/raw_CNN_noAug_MSE_lr0.3_B16/2023-04-16_03-28-12_epoch_30_NME_0.10783.pth.tar
[Sun Apr 16 03:28:22 2023|main.py|INFO] EPOCH [31/100] Train NME: 0.10410
[Sun Apr 16 03:28:23 2023|main.py|INFO] EPOCH [31/100] Test NME: 0.10765
[Sun Apr 16 03:28:23 2023|main.py|INFO] EPOCH [31/100] Learning rate: 0.00037
[Sun Apr 16 03:28:23 2023|main.py|INFO] EPOCH [31/100] NME improved from 0.10783 to 0.10765
[Sun Apr 16 03:28:24 2023|main.py|INFO] EPOCH [31/100] Saving model to: checkpoints/raw_CNN_noAug_MSE_lr0.3_B16/2023-04-16_03-28-23_epoch_31_NME_0.10765.pth.tar
[Sun Apr 16 03:28:35 2023|main.py|INFO] EPOCH [32/100] Train NME: 0.10262
[Sun Apr 16 03:28:36 2023|main.py|INFO] EPOCH [32/100] Test NME: 0.10728
[Sun Apr 16 03:28:36 2023|main.py|INFO] EPOCH [32/100] Learning rate: 0.00030
[Sun Apr 16 03:28:36 2023|main.py|INFO] EPOCH [32/100] NME improved from 0.10765 to 0.10728
[Sun Apr 16 03:28:36 2023|main.py|INFO] EPOCH [32/100] Saving model to: checkpoints/raw_CNN_noAug_MSE_lr0.3_B16/2023-04-16_03-28-36_epoch_32_NME_0.10728.pth.tar
[Sun Apr 16 03:28:47 2023|main.py|INFO] EPOCH [33/100] Train NME: 0.10182
[Sun Apr 16 03:28:48 2023|main.py|INFO] EPOCH [33/100] Test NME: 0.10717
[Sun Apr 16 03:28:48 2023|main.py|INFO] EPOCH [33/100] Learning rate: 0.00024
[Sun Apr 16 03:28:48 2023|main.py|INFO] EPOCH [33/100] NME improved from 0.10728 to 0.10717
[Sun Apr 16 03:28:48 2023|main.py|INFO] EPOCH [33/100] Saving model to: checkpoints/raw_CNN_noAug_MSE_lr0.3_B16/2023-04-16_03-28-48_epoch_33_NME_0.10717.pth.tar
[Sun Apr 16 03:28:59 2023|main.py|INFO] EPOCH [34/100] Train NME: 0.10235
[Sun Apr 16 03:29:00 2023|main.py|INFO] EPOCH [34/100] Test NME: 0.10771
[Sun Apr 16 03:29:00 2023|main.py|INFO] EPOCH [34/100] Learning rate: 0.00019
[Sun Apr 16 03:29:11 2023|main.py|INFO] EPOCH [35/100] Train NME: 0.10198
[Sun Apr 16 03:29:12 2023|main.py|INFO] EPOCH [35/100] Test NME: 0.10805
[Sun Apr 16 03:29:12 2023|main.py|INFO] EPOCH [35/100] Learning rate: 0.00015
[Sun Apr 16 03:29:23 2023|main.py|INFO] EPOCH [36/100] Train NME: 0.10229
[Sun Apr 16 03:29:24 2023|main.py|INFO] EPOCH [36/100] Test NME: 0.10773
[Sun Apr 16 03:29:24 2023|main.py|INFO] EPOCH [36/100] Learning rate: 0.00012
[Sun Apr 16 03:29:35 2023|main.py|INFO] EPOCH [37/100] Train NME: 0.10304
[Sun Apr 16 03:29:36 2023|main.py|INFO] EPOCH [37/100] Test NME: 0.10778
[Sun Apr 16 03:29:36 2023|main.py|INFO] EPOCH [37/100] Learning rate: 0.00010
[Sun Apr 16 03:29:47 2023|main.py|INFO] EPOCH [38/100] Train NME: 0.10206
[Sun Apr 16 03:29:48 2023|main.py|INFO] EPOCH [38/100] Test NME: 0.10733
[Sun Apr 16 03:29:48 2023|main.py|INFO] EPOCH [38/100] Learning rate: 0.00008
[Sun Apr 16 03:30:00 2023|main.py|INFO] EPOCH [39/100] Train NME: 0.10225
[Sun Apr 16 03:30:01 2023|main.py|INFO] EPOCH [39/100] Test NME: 0.10740
[Sun Apr 16 03:30:01 2023|main.py|INFO] EPOCH [39/100] Learning rate: 0.00006
[Sun Apr 16 03:30:12 2023|main.py|INFO] EPOCH [40/100] Train NME: 0.10190
[Sun Apr 16 03:30:13 2023|main.py|INFO] EPOCH [40/100] Test NME: 0.10790
[Sun Apr 16 03:30:13 2023|main.py|INFO] EPOCH [40/100] Learning rate: 0.00005
[Sun Apr 16 03:30:24 2023|main.py|INFO] EPOCH [41/100] Train NME: 0.10198
[Sun Apr 16 03:30:25 2023|main.py|INFO] EPOCH [41/100] Test NME: 0.10774
[Sun Apr 16 03:30:25 2023|main.py|INFO] EPOCH [41/100] Learning rate: 0.00004
[Sun Apr 16 03:30:36 2023|main.py|INFO] EPOCH [42/100] Train NME: 0.10217
[Sun Apr 16 03:30:37 2023|main.py|INFO] EPOCH [42/100] Test NME: 0.10734
[Sun Apr 16 03:30:37 2023|main.py|INFO] EPOCH [42/100] Learning rate: 0.00003
[Sun Apr 16 03:30:48 2023|main.py|INFO] EPOCH [43/100] Train NME: 0.10221
[Sun Apr 16 03:30:49 2023|main.py|INFO] EPOCH [43/100] Test NME: 0.10732
[Sun Apr 16 03:30:49 2023|main.py|INFO] EPOCH [43/100] Learning rate: 0.00003
[Sun Apr 16 03:31:00 2023|main.py|INFO] EPOCH [44/100] Train NME: 0.10205
[Sun Apr 16 03:31:02 2023|main.py|INFO] EPOCH [44/100] Test NME: 0.10738
[Sun Apr 16 03:31:02 2023|main.py|INFO] EPOCH [44/100] Learning rate: 0.00002
[Sun Apr 16 03:31:13 2023|main.py|INFO] EPOCH [45/100] Train NME: 0.10205
[Sun Apr 16 03:31:14 2023|main.py|INFO] EPOCH [45/100] Test NME: 0.10798
[Sun Apr 16 03:31:14 2023|main.py|INFO] EPOCH [45/100] Learning rate: 0.00002
[Sun Apr 16 03:31:26 2023|main.py|INFO] EPOCH [46/100] Train NME: 0.10232
[Sun Apr 16 03:31:28 2023|main.py|INFO] EPOCH [46/100] Test NME: 0.10764
[Sun Apr 16 03:31:28 2023|main.py|INFO] EPOCH [46/100] Learning rate: 0.00001
[Sun Apr 16 03:31:39 2023|main.py|INFO] EPOCH [47/100] Train NME: 0.10287
[Sun Apr 16 03:31:40 2023|main.py|INFO] EPOCH [47/100] Test NME: 0.10751
[Sun Apr 16 03:31:40 2023|main.py|INFO] EPOCH [47/100] Learning rate: 0.00001
[Sun Apr 16 03:31:51 2023|main.py|INFO] EPOCH [48/100] Train NME: 0.10216
[Sun Apr 16 03:31:53 2023|main.py|INFO] EPOCH [48/100] Test NME: 0.10749
[Sun Apr 16 03:31:53 2023|main.py|INFO] EPOCH [48/100] Learning rate: 0.00001
[Sun Apr 16 03:32:04 2023|main.py|INFO] EPOCH [49/100] Train NME: 0.10194
[Sun Apr 16 03:32:05 2023|main.py|INFO] EPOCH [49/100] Test NME: 0.10739
[Sun Apr 16 03:32:05 2023|main.py|INFO] EPOCH [49/100] Learning rate: 0.00001
[Sun Apr 16 03:32:17 2023|main.py|INFO] EPOCH [50/100] Train NME: 0.10317
[Sun Apr 16 03:32:18 2023|main.py|INFO] EPOCH [50/100] Test NME: 0.10732
[Sun Apr 16 03:32:18 2023|main.py|INFO] EPOCH [50/100] Learning rate: 0.00001
[Sun Apr 16 03:32:30 2023|main.py|INFO] EPOCH [51/100] Train NME: 0.10272
[Sun Apr 16 03:32:31 2023|main.py|INFO] EPOCH [51/100] Test NME: 0.10732
[Sun Apr 16 03:32:31 2023|main.py|INFO] EPOCH [51/100] Learning rate: 0.00000
[Sun Apr 16 03:32:44 2023|main.py|INFO] EPOCH [52/100] Train NME: 0.10247
[Sun Apr 16 03:32:45 2023|main.py|INFO] EPOCH [52/100] Test NME: 0.10737
[Sun Apr 16 03:32:45 2023|main.py|INFO] EPOCH [52/100] Learning rate: 0.00000
[Sun Apr 16 03:32:57 2023|main.py|INFO] EPOCH [53/100] Train NME: 0.10279
[Sun Apr 16 03:32:59 2023|main.py|INFO] EPOCH [53/100] Test NME: 0.10709
[Sun Apr 16 03:32:59 2023|main.py|INFO] EPOCH [53/100] Learning rate: 0.00000
[Sun Apr 16 03:32:59 2023|main.py|INFO] EPOCH [53/100] NME improved from 0.10717 to 0.10709
[Sun Apr 16 03:32:59 2023|main.py|INFO] EPOCH [53/100] Saving model to: checkpoints/raw_CNN_noAug_MSE_lr0.3_B16/2023-04-16_03-32-59_epoch_53_NME_0.10709.pth.tar
[Sun Apr 16 03:33:12 2023|main.py|INFO] EPOCH [54/100] Train NME: 0.10236
[Sun Apr 16 03:33:13 2023|main.py|INFO] EPOCH [54/100] Test NME: 0.10715
[Sun Apr 16 03:33:13 2023|main.py|INFO] EPOCH [54/100] Learning rate: 0.00000
[Sun Apr 16 03:33:26 2023|main.py|INFO] EPOCH [55/100] Train NME: 0.10259
[Sun Apr 16 03:33:27 2023|main.py|INFO] EPOCH [55/100] Test NME: 0.10752
[Sun Apr 16 03:33:27 2023|main.py|INFO] EPOCH [55/100] Learning rate: 0.00000
[Sun Apr 16 03:33:40 2023|main.py|INFO] EPOCH [56/100] Train NME: 0.10144
[Sun Apr 16 03:33:41 2023|main.py|INFO] EPOCH [56/100] Test NME: 0.10697
[Sun Apr 16 03:33:41 2023|main.py|INFO] EPOCH [56/100] Learning rate: 0.00000
[Sun Apr 16 03:33:41 2023|main.py|INFO] EPOCH [56/100] NME improved from 0.10709 to 0.10697
[Sun Apr 16 03:33:41 2023|main.py|INFO] EPOCH [56/100] Saving model to: checkpoints/raw_CNN_noAug_MSE_lr0.3_B16/2023-04-16_03-33-41_epoch_56_NME_0.10697.pth.tar
[Sun Apr 16 03:34:05 2023|main.py|INFO] EPOCH [57/100] Train NME: 0.10156
[Sun Apr 16 03:34:10 2023|main.py|INFO] EPOCH [57/100] Test NME: 0.10756
[Sun Apr 16 03:34:10 2023|main.py|INFO] EPOCH [57/100] Learning rate: 0.00000
[Sun Apr 16 03:35:11 2023|main.py|INFO] EPOCH [58/100] Train NME: 0.10148
[Sun Apr 16 03:35:18 2023|main.py|INFO] EPOCH [58/100] Test NME: 0.10713
[Sun Apr 16 03:35:18 2023|main.py|INFO] EPOCH [58/100] Learning rate: 0.00000
[Sun Apr 16 03:36:27 2023|main.py|INFO] EPOCH [59/100] Train NME: 0.10299
[Sun Apr 16 03:36:35 2023|main.py|INFO] EPOCH [59/100] Test NME: 0.10726
[Sun Apr 16 03:36:35 2023|main.py|INFO] EPOCH [59/100] Learning rate: 0.00000
[Sun Apr 16 03:37:59 2023|main.py|INFO] EPOCH [60/100] Train NME: 0.10286
[Sun Apr 16 03:38:03 2023|main.py|INFO] EPOCH [60/100] Test NME: 0.10722
[Sun Apr 16 03:38:03 2023|main.py|INFO] EPOCH [60/100] Learning rate: 0.00000
[Sun Apr 16 03:40:21 2023|main.py|INFO] EPOCH [61/100] Train NME: 0.10234
[Sun Apr 16 03:40:27 2023|main.py|INFO] EPOCH [61/100] Test NME: 0.10821
[Sun Apr 16 03:40:27 2023|main.py|INFO] EPOCH [61/100] Learning rate: 0.00000
[Sun Apr 16 03:44:42 2023|main.py|INFO] EPOCH [62/100] Train NME: 0.10323
[Sun Apr 16 03:44:56 2023|main.py|INFO] EPOCH [62/100] Test NME: 0.10808
[Sun Apr 16 03:44:56 2023|main.py|INFO] EPOCH [62/100] Learning rate: 0.00000
[Sun Apr 16 03:51:18 2023|main.py|INFO] EPOCH [63/100] Train NME: 0.10209
[Sun Apr 16 03:51:25 2023|main.py|INFO] EPOCH [63/100] Test NME: 0.10781
[Sun Apr 16 03:51:25 2023|main.py|INFO] EPOCH [63/100] Learning rate: 0.00000
[Sun Apr 16 03:53:33 2023|main.py|INFO] EPOCH [64/100] Train NME: 0.10277
[Sun Apr 16 03:53:40 2023|main.py|INFO] EPOCH [64/100] Test NME: 0.10757
[Sun Apr 16 03:53:40 2023|main.py|INFO] EPOCH [64/100] Learning rate: 0.00000
[Sun Apr 16 03:55:43 2023|main.py|INFO] EPOCH [65/100] Train NME: 0.10231
[Sun Apr 16 03:55:50 2023|main.py|INFO] EPOCH [65/100] Test NME: 0.10753
[Sun Apr 16 03:55:50 2023|main.py|INFO] EPOCH [65/100] Learning rate: 0.00000
[Sun Apr 16 03:57:53 2023|main.py|INFO] EPOCH [66/100] Train NME: 0.10178
[Sun Apr 16 03:58:00 2023|main.py|INFO] EPOCH [66/100] Test NME: 0.10831
[Sun Apr 16 03:58:00 2023|main.py|INFO] EPOCH [66/100] Learning rate: 0.00000
[Sun Apr 16 04:00:05 2023|main.py|INFO] EPOCH [67/100] Train NME: 0.10142
[Sun Apr 16 04:00:12 2023|main.py|INFO] EPOCH [67/100] Test NME: 0.10705
[Sun Apr 16 04:00:12 2023|main.py|INFO] EPOCH [67/100] Learning rate: 0.00000
[Sun Apr 16 04:02:13 2023|main.py|INFO] EPOCH [68/100] Train NME: 0.10205
[Sun Apr 16 04:02:20 2023|main.py|INFO] EPOCH [68/100] Test NME: 0.10744
[Sun Apr 16 04:02:20 2023|main.py|INFO] EPOCH [68/100] Learning rate: 0.00000
[Sun Apr 16 04:04:22 2023|main.py|INFO] EPOCH [69/100] Train NME: 0.10181
[Sun Apr 16 04:04:29 2023|main.py|INFO] EPOCH [69/100] Test NME: 0.10803
[Sun Apr 16 04:04:29 2023|main.py|INFO] EPOCH [69/100] Learning rate: 0.00000
[Sun Apr 16 04:06:31 2023|main.py|INFO] EPOCH [70/100] Train NME: 0.10255
[Sun Apr 16 04:06:38 2023|main.py|INFO] EPOCH [70/100] Test NME: 0.10754
[Sun Apr 16 04:06:38 2023|main.py|INFO] EPOCH [70/100] Learning rate: 0.00000
[Sun Apr 16 04:08:39 2023|main.py|INFO] EPOCH [71/100] Train NME: 0.10253
[Sun Apr 16 04:08:46 2023|main.py|INFO] EPOCH [71/100] Test NME: 0.10713
[Sun Apr 16 04:08:46 2023|main.py|INFO] EPOCH [71/100] Learning rate: 0.00000
[Sun Apr 16 04:10:56 2023|main.py|INFO] EPOCH [72/100] Train NME: 0.10132
[Sun Apr 16 04:11:03 2023|main.py|INFO] EPOCH [72/100] Test NME: 0.10747
[Sun Apr 16 04:11:03 2023|main.py|INFO] EPOCH [72/100] Learning rate: 0.00000
[Sun Apr 16 04:13:35 2023|main.py|INFO] EPOCH [73/100] Train NME: 0.10215
[Sun Apr 16 04:13:42 2023|main.py|INFO] EPOCH [73/100] Test NME: 0.10732
[Sun Apr 16 04:13:42 2023|main.py|INFO] EPOCH [73/100] Learning rate: 0.00000
[Sun Apr 16 04:21:20 2023|main.py|INFO] EPOCH [74/100] Train NME: 0.10230
[Sun Apr 16 04:21:41 2023|main.py|INFO] EPOCH [74/100] Test NME: 0.10725
[Sun Apr 16 04:21:41 2023|main.py|INFO] EPOCH [74/100] Learning rate: 0.00000
[Sun Apr 16 04:27:28 2023|main.py|INFO] EPOCH [75/100] Train NME: 0.10269
[Sun Apr 16 04:27:30 2023|main.py|INFO] EPOCH [75/100] Test NME: 0.10758
[Sun Apr 16 04:27:30 2023|main.py|INFO] EPOCH [75/100] Learning rate: 0.00000
[Sun Apr 16 04:27:42 2023|main.py|INFO] EPOCH [76/100] Train NME: 0.10157
[Sun Apr 16 04:27:43 2023|main.py|INFO] EPOCH [76/100] Test NME: 0.10764
[Sun Apr 16 04:27:43 2023|main.py|INFO] EPOCH [76/100] Learning rate: 0.00000
[Sun Apr 16 04:27:55 2023|main.py|INFO] EPOCH [77/100] Train NME: 0.10163
[Sun Apr 16 04:27:57 2023|main.py|INFO] EPOCH [77/100] Test NME: 0.10745
[Sun Apr 16 04:27:57 2023|main.py|INFO] EPOCH [77/100] Learning rate: 0.00000
[Sun Apr 16 04:28:09 2023|main.py|INFO] EPOCH [78/100] Train NME: 0.10224
[Sun Apr 16 04:28:10 2023|main.py|INFO] EPOCH [78/100] Test NME: 0.10710
[Sun Apr 16 04:28:10 2023|main.py|INFO] EPOCH [78/100] Learning rate: 0.00000
[Sun Apr 16 04:28:23 2023|main.py|INFO] EPOCH [79/100] Train NME: 0.10282
[Sun Apr 16 04:28:24 2023|main.py|INFO] EPOCH [79/100] Test NME: 0.10797
[Sun Apr 16 04:28:24 2023|main.py|INFO] EPOCH [79/100] Learning rate: 0.00000
[Sun Apr 16 04:28:37 2023|main.py|INFO] EPOCH [80/100] Train NME: 0.10125
[Sun Apr 16 04:28:38 2023|main.py|INFO] EPOCH [80/100] Test NME: 0.10757
[Sun Apr 16 04:28:38 2023|main.py|INFO] EPOCH [80/100] Learning rate: 0.00000
[Sun Apr 16 04:28:49 2023|main.py|INFO] EPOCH [81/100] Train NME: 0.10216
[Sun Apr 16 04:28:51 2023|main.py|INFO] EPOCH [81/100] Test NME: 0.10772
[Sun Apr 16 04:28:51 2023|main.py|INFO] EPOCH [81/100] Learning rate: 0.00000
[Sun Apr 16 04:29:01 2023|main.py|INFO] EPOCH [82/100] Train NME: 0.10371
[Sun Apr 16 04:29:03 2023|main.py|INFO] EPOCH [82/100] Test NME: 0.10857
[Sun Apr 16 04:29:03 2023|main.py|INFO] EPOCH [82/100] Learning rate: 0.00000
[Sun Apr 16 04:29:14 2023|main.py|INFO] EPOCH [83/100] Train NME: 0.10274
[Sun Apr 16 04:29:15 2023|main.py|INFO] EPOCH [83/100] Test NME: 0.10750
[Sun Apr 16 04:29:15 2023|main.py|INFO] EPOCH [83/100] Learning rate: 0.00000
[Sun Apr 16 04:29:26 2023|main.py|INFO] EPOCH [84/100] Train NME: 0.10183
[Sun Apr 16 04:29:28 2023|main.py|INFO] EPOCH [84/100] Test NME: 0.10774
[Sun Apr 16 04:29:28 2023|main.py|INFO] EPOCH [84/100] Learning rate: 0.00000
[Sun Apr 16 04:29:38 2023|main.py|INFO] EPOCH [85/100] Train NME: 0.10159
[Sun Apr 16 04:29:39 2023|main.py|INFO] EPOCH [85/100] Test NME: 0.10806
[Sun Apr 16 04:29:39 2023|main.py|INFO] EPOCH [85/100] Learning rate: 0.00000
[Sun Apr 16 04:29:51 2023|main.py|INFO] EPOCH [86/100] Train NME: 0.10234
[Sun Apr 16 04:29:52 2023|main.py|INFO] EPOCH [86/100] Test NME: 0.10772
[Sun Apr 16 04:29:52 2023|main.py|INFO] EPOCH [86/100] Learning rate: 0.00000
[Sun Apr 16 04:30:03 2023|main.py|INFO] EPOCH [87/100] Train NME: 0.10241
[Sun Apr 16 04:30:05 2023|main.py|INFO] EPOCH [87/100] Test NME: 0.10784
[Sun Apr 16 04:30:05 2023|main.py|INFO] EPOCH [87/100] Learning rate: 0.00000
[Sun Apr 16 04:30:15 2023|main.py|INFO] EPOCH [88/100] Train NME: 0.10254
[Sun Apr 16 04:30:17 2023|main.py|INFO] EPOCH [88/100] Test NME: 0.10769
[Sun Apr 16 04:30:17 2023|main.py|INFO] EPOCH [88/100] Learning rate: 0.00000
[Sun Apr 16 04:30:27 2023|main.py|INFO] EPOCH [89/100] Train NME: 0.10183
[Sun Apr 16 04:30:29 2023|main.py|INFO] EPOCH [89/100] Test NME: 0.10753
[Sun Apr 16 04:30:29 2023|main.py|INFO] EPOCH [89/100] Learning rate: 0.00000
[Sun Apr 16 04:30:40 2023|main.py|INFO] EPOCH [90/100] Train NME: 0.10193
[Sun Apr 16 04:30:41 2023|main.py|INFO] EPOCH [90/100] Test NME: 0.10765
[Sun Apr 16 04:30:41 2023|main.py|INFO] EPOCH [90/100] Learning rate: 0.00000
[Sun Apr 16 04:30:52 2023|main.py|INFO] EPOCH [91/100] Train NME: 0.10268
[Sun Apr 16 04:30:53 2023|main.py|INFO] EPOCH [91/100] Test NME: 0.10770
[Sun Apr 16 04:30:53 2023|main.py|INFO] EPOCH [91/100] Learning rate: 0.00000
[Sun Apr 16 04:31:03 2023|main.py|INFO] EPOCH [92/100] Train NME: 0.10188
[Sun Apr 16 04:31:04 2023|main.py|INFO] EPOCH [92/100] Test NME: 0.10739
[Sun Apr 16 04:31:04 2023|main.py|INFO] EPOCH [92/100] Learning rate: 0.00000
[Sun Apr 16 04:31:15 2023|main.py|INFO] EPOCH [93/100] Train NME: 0.10287
[Sun Apr 16 04:31:17 2023|main.py|INFO] EPOCH [93/100] Test NME: 0.10781
[Sun Apr 16 04:31:17 2023|main.py|INFO] EPOCH [93/100] Learning rate: 0.00000
[Sun Apr 16 04:31:28 2023|main.py|INFO] EPOCH [94/100] Train NME: 0.10181
[Sun Apr 16 04:31:29 2023|main.py|INFO] EPOCH [94/100] Test NME: 0.10764
[Sun Apr 16 04:31:29 2023|main.py|INFO] EPOCH [94/100] Learning rate: 0.00000
[Sun Apr 16 04:31:40 2023|main.py|INFO] EPOCH [95/100] Train NME: 0.10281
[Sun Apr 16 04:31:41 2023|main.py|INFO] EPOCH [95/100] Test NME: 0.10694
[Sun Apr 16 04:31:41 2023|main.py|INFO] EPOCH [95/100] Learning rate: 0.00000
[Sun Apr 16 04:31:41 2023|main.py|INFO] EPOCH [95/100] NME improved from 0.10697 to 0.10694
[Sun Apr 16 04:31:41 2023|main.py|INFO] EPOCH [95/100] Saving model to: checkpoints/raw_CNN_noAug_MSE_lr0.3_B16/2023-04-16_04-31-41_epoch_95_NME_0.10694.pth.tar
[Sun Apr 16 04:31:53 2023|main.py|INFO] EPOCH [96/100] Train NME: 0.10326
[Sun Apr 16 04:31:54 2023|main.py|INFO] EPOCH [96/100] Test NME: 0.10752
[Sun Apr 16 04:31:54 2023|main.py|INFO] EPOCH [96/100] Learning rate: 0.00000
[Sun Apr 16 04:32:05 2023|main.py|INFO] EPOCH [97/100] Train NME: 0.10160
[Sun Apr 16 04:32:06 2023|main.py|INFO] EPOCH [97/100] Test NME: 0.10722
[Sun Apr 16 04:32:06 2023|main.py|INFO] EPOCH [97/100] Learning rate: 0.00000
[Sun Apr 16 04:32:17 2023|main.py|INFO] EPOCH [98/100] Train NME: 0.10210
[Sun Apr 16 04:32:18 2023|main.py|INFO] EPOCH [98/100] Test NME: 0.10757
[Sun Apr 16 04:32:18 2023|main.py|INFO] EPOCH [98/100] Learning rate: 0.00000
[Sun Apr 16 04:32:30 2023|main.py|INFO] EPOCH [99/100] Train NME: 0.10178
[Sun Apr 16 04:32:31 2023|main.py|INFO] EPOCH [99/100] Test NME: 0.10766
[Sun Apr 16 04:32:31 2023|main.py|INFO] EPOCH [99/100] Learning rate: 0.00000
[Sun Apr 16 04:32:42 2023|main.py|INFO] EPOCH [100/100] Train NME: 0.10241
[Sun Apr 16 04:32:43 2023|main.py|INFO] EPOCH [100/100] Test NME: 0.10800
[Sun Apr 16 04:32:43 2023|main.py|INFO] EPOCH [100/100] Learning rate: 0.00000
