[Tue Apr 11 00:26:38 2023|main.py|INFO] Task: Cas_Stage1_Aug_Wing
[Tue Apr 11 00:26:38 2023|main.py|INFO] Training cascade stage 1
[Tue Apr 11 00:26:38 2023|main.py|INFO] Using device: cpu
[Tue Apr 11 00:26:38 2023|main.py|INFO] Using config: config/Cas_Stage1_Aug_Wing.yaml
[Tue Apr 11 00:26:38 2023|main.py|INFO] Data path: None
[Tue Apr 11 00:26:38 2023|main.py|INFO] Train path: data/training_images_full_train.npz
[Tue Apr 11 00:26:38 2023|main.py|INFO] Train path 2: data/training_images_subset.npz
[Tue Apr 11 00:26:38 2023|main.py|INFO] Test path: data/training_images_full_test.npz
[Tue Apr 11 00:26:38 2023|main.py|INFO] Train augment: True
[Tue Apr 11 00:26:38 2023|main.py|INFO] Learning rate: 0.3
[Tue Apr 11 00:26:38 2023|main.py|INFO] Batch size: 16
[Tue Apr 11 00:26:38 2023|main.py|INFO] Num epochs: 60
[Tue Apr 11 00:26:38 2023|main.py|INFO] Save model: True
[Tue Apr 11 00:26:38 2023|main.py|INFO] Loss: Wing
[Tue Apr 11 00:26:38 2023|main.py|INFO] Log path: logs/Cas_Stage1_Aug_Wing/2023-04-11_00-26-38.log
[Tue Apr 11 00:26:38 2023|main.py|INFO] Writer path: runs/Cas_Stage1_Aug_Wing/2023-04-11_00-26-38
[Tue Apr 11 00:26:38 2023|main.py|INFO] Model name: resnet18
[Tue Apr 11 00:26:38 2023|main.py|INFO] Num outputs: 10
[Tue Apr 11 00:26:38 2023|main.py|INFO] Pretrained: True
[Tue Apr 11 00:26:38 2023|main.py|INFO] Load model: False
[Tue Apr 11 00:26:38 2023|main.py|INFO] Load path: None
[Tue Apr 11 00:26:38 2023|main.py|INFO] Loading data...
[Tue Apr 11 00:26:38 2023|main.py|INFO] Load dataset for cascade stage 1
[Tue Apr 11 00:26:41 2023|main.py|INFO] Initializing network resnet18 with 10 outputs...
[Tue Apr 11 00:26:41 2023|main.py|INFO] Network: ResNet(
  (conv1): Conv2d(3, 64, kernel_size=(7, 7), stride=(2, 2), padding=(3, 3), bias=False)
  (bn1): BatchNorm2d(64, eps=1e-05, momentum=0.1, affine=True, track_running_stats=True)
  (relu): ReLU(inplace=True)
  (maxpool): MaxPool2d(kernel_size=3, stride=2, padding=1, dilation=1, ceil_mode=False)
  (layer1): Sequential(
    (0): BasicBlock(
      (conv1): Conv2d(64, 64, kernel_size=(3, 3), stride=(1, 1), padding=(1, 1), bias=False)
      (bn1): BatchNorm2d(64, eps=1e-05, momentum=0.1, affine=True, track_running_stats=True)
      (relu): ReLU(inplace=True)
      (conv2): Conv2d(64, 64, kernel_size=(3, 3), stride=(1, 1), padding=(1, 1), bias=False)
      (bn2): BatchNorm2d(64, eps=1e-05, momentum=0.1, affine=True, track_running_stats=True)
    )
    (1): BasicBlock(
      (conv1): Conv2d(64, 64, kernel_size=(3, 3), stride=(1, 1), padding=(1, 1), bias=False)
      (bn1): BatchNorm2d(64, eps=1e-05, momentum=0.1, affine=True, track_running_stats=True)
      (relu): ReLU(inplace=True)
      (conv2): Conv2d(64, 64, kernel_size=(3, 3), stride=(1, 1), padding=(1, 1), bias=False)
      (bn2): BatchNorm2d(64, eps=1e-05, momentum=0.1, affine=True, track_running_stats=True)
    )
  )
  (layer2): Sequential(
    (0): BasicBlock(
      (conv1): Conv2d(64, 128, kernel_size=(3, 3), stride=(2, 2), padding=(1, 1), bias=False)
      (bn1): BatchNorm2d(128, eps=1e-05, momentum=0.1, affine=True, track_running_stats=True)
      (relu): ReLU(inplace=True)
      (conv2): Conv2d(128, 128, kernel_size=(3, 3), stride=(1, 1), padding=(1, 1), bias=False)
      (bn2): BatchNorm2d(128, eps=1e-05, momentum=0.1, affine=True, track_running_stats=True)
      (downsample): Sequential(
        (0): Conv2d(64, 128, kernel_size=(1, 1), stride=(2, 2), bias=False)
        (1): BatchNorm2d(128, eps=1e-05, momentum=0.1, affine=True, track_running_stats=True)
      )
    )
    (1): BasicBlock(
      (conv1): Conv2d(128, 128, kernel_size=(3, 3), stride=(1, 1), padding=(1, 1), bias=False)
      (bn1): BatchNorm2d(128, eps=1e-05, momentum=0.1, affine=True, track_running_stats=True)
      (relu): ReLU(inplace=True)
      (conv2): Conv2d(128, 128, kernel_size=(3, 3), stride=(1, 1), padding=(1, 1), bias=False)
      (bn2): BatchNorm2d(128, eps=1e-05, momentum=0.1, affine=True, track_running_stats=True)
    )
  )
  (layer3): Sequential(
    (0): BasicBlock(
      (conv1): Conv2d(128, 256, kernel_size=(3, 3), stride=(2, 2), padding=(1, 1), bias=False)
      (bn1): BatchNorm2d(256, eps=1e-05, momentum=0.1, affine=True, track_running_stats=True)
      (relu): ReLU(inplace=True)
      (conv2): Conv2d(256, 256, kernel_size=(3, 3), stride=(1, 1), padding=(1, 1), bias=False)
      (bn2): BatchNorm2d(256, eps=1e-05, momentum=0.1, affine=True, track_running_stats=True)
      (downsample): Sequential(
        (0): Conv2d(128, 256, kernel_size=(1, 1), stride=(2, 2), bias=False)
        (1): BatchNorm2d(256, eps=1e-05, momentum=0.1, affine=True, track_running_stats=True)
      )
    )
    (1): BasicBlock(
      (conv1): Conv2d(256, 256, kernel_size=(3, 3), stride=(1, 1), padding=(1, 1), bias=False)
      (bn1): BatchNorm2d(256, eps=1e-05, momentum=0.1, affine=True, track_running_stats=True)
      (relu): ReLU(inplace=True)
      (conv2): Conv2d(256, 256, kernel_size=(3, 3), stride=(1, 1), padding=(1, 1), bias=False)
      (bn2): BatchNorm2d(256, eps=1e-05, momentum=0.1, affine=True, track_running_stats=True)
    )
  )
  (layer4): Sequential(
    (0): BasicBlock(
      (conv1): Conv2d(256, 512, kernel_size=(3, 3), stride=(2, 2), padding=(1, 1), bias=False)
      (bn1): BatchNorm2d(512, eps=1e-05, momentum=0.1, affine=True, track_running_stats=True)
      (relu): ReLU(inplace=True)
      (conv2): Conv2d(512, 512, kernel_size=(3, 3), stride=(1, 1), padding=(1, 1), bias=False)
      (bn2): BatchNorm2d(512, eps=1e-05, momentum=0.1, affine=True, track_running_stats=True)
      (downsample): Sequential(
        (0): Conv2d(256, 512, kernel_size=(1, 1), stride=(2, 2), bias=False)
        (1): BatchNorm2d(512, eps=1e-05, momentum=0.1, affine=True, track_running_stats=True)
      )
    )
    (1): BasicBlock(
      (conv1): Conv2d(512, 512, kernel_size=(3, 3), stride=(1, 1), padding=(1, 1), bias=False)
      (bn1): BatchNorm2d(512, eps=1e-05, momentum=0.1, affine=True, track_running_stats=True)
      (relu): ReLU(inplace=True)
      (conv2): Conv2d(512, 512, kernel_size=(3, 3), stride=(1, 1), padding=(1, 1), bias=False)
      (bn2): BatchNorm2d(512, eps=1e-05, momentum=0.1, affine=True, track_running_stats=True)
    )
  )
  (avgpool): AdaptiveAvgPool2d(output_size=(1, 1))
  (fc): Linear(in_features=512, out_features=10, bias=True)
)
[Tue Apr 11 00:26:41 2023|main.py|INFO] Initializing loss and optimizer...
[Tue Apr 11 00:26:41 2023|main.py|INFO] Loss: Wing
[Tue Apr 11 00:26:41 2023|main.py|INFO] Optimizer: Adam
[Tue Apr 11 00:26:41 2023|main.py|INFO] Initializing tensorboard writer at: runs/Cas_Stage1_Aug_Wing/2023-04-11_00-26-38
[Tue Apr 11 00:26:41 2023|main.py|INFO] Training network...
[Tue Apr 11 00:39:23 2023|main.py|INFO] EPOCH [1/60] Train NME: 4.77429
[Tue Apr 11 00:39:30 2023|main.py|INFO] EPOCH [1/60] Test NME: 3.05528
[Tue Apr 11 00:39:30 2023|main.py|INFO] EPOCH [1/60] Learning rate: 0.30000
[Tue Apr 11 00:39:30 2023|main.py|INFO] EPOCH [1/60] NME improved from 1000.00000 to 3.05528
[Tue Apr 11 00:39:30 2023|main.py|INFO] EPOCH [1/60] Saving model to: checkpoints/Cas_Stage1_Aug_Wing/2023-04-11_00-39-30_epoch_1_NME_3.05528.pth.tar
[Tue Apr 11 00:51:50 2023|main.py|INFO] EPOCH [2/60] Train NME: 3.10513
[Tue Apr 11 00:51:57 2023|main.py|INFO] EPOCH [2/60] Test NME: 3.14484
[Tue Apr 11 00:51:57 2023|main.py|INFO] EPOCH [2/60] Learning rate: 0.24000
[Tue Apr 11 01:04:01 2023|main.py|INFO] EPOCH [3/60] Train NME: 2.98108
[Tue Apr 11 01:04:08 2023|main.py|INFO] EPOCH [3/60] Test NME: 2.39762
[Tue Apr 11 01:04:08 2023|main.py|INFO] EPOCH [3/60] Learning rate: 0.19200
[Tue Apr 11 01:04:08 2023|main.py|INFO] EPOCH [3/60] NME improved from 3.05528 to 2.39762
[Tue Apr 11 01:04:08 2023|main.py|INFO] EPOCH [3/60] Saving model to: checkpoints/Cas_Stage1_Aug_Wing/2023-04-11_01-04-08_epoch_3_NME_2.39762.pth.tar
[Tue Apr 11 01:16:49 2023|main.py|INFO] EPOCH [4/60] Train NME: 2.69129
[Tue Apr 11 01:16:56 2023|main.py|INFO] EPOCH [4/60] Test NME: 2.41723
[Tue Apr 11 01:16:56 2023|main.py|INFO] EPOCH [4/60] Learning rate: 0.15360
[Tue Apr 11 01:34:22 2023|main.py|INFO] EPOCH [5/60] Train NME: 2.51718
[Tue Apr 11 01:34:32 2023|main.py|INFO] EPOCH [5/60] Test NME: 2.39033
[Tue Apr 11 01:34:32 2023|main.py|INFO] EPOCH [5/60] Learning rate: 0.12288
[Tue Apr 11 01:34:32 2023|main.py|INFO] EPOCH [5/60] NME improved from 2.39762 to 2.39033
[Tue Apr 11 01:34:32 2023|main.py|INFO] EPOCH [5/60] Saving model to: checkpoints/Cas_Stage1_Aug_Wing/2023-04-11_01-34-32_epoch_5_NME_2.39033.pth.tar
[Tue Apr 11 01:51:56 2023|main.py|INFO] EPOCH [6/60] Train NME: 2.46111
[Tue Apr 11 01:52:05 2023|main.py|INFO] EPOCH [6/60] Test NME: 2.48737
[Tue Apr 11 01:52:05 2023|main.py|INFO] EPOCH [6/60] Learning rate: 0.09830
[Tue Apr 11 02:09:07 2023|main.py|INFO] EPOCH [7/60] Train NME: 2.38096
[Tue Apr 11 02:09:17 2023|main.py|INFO] EPOCH [7/60] Test NME: 2.28966
[Tue Apr 11 02:09:17 2023|main.py|INFO] EPOCH [7/60] Learning rate: 0.07864
[Tue Apr 11 02:09:17 2023|main.py|INFO] EPOCH [7/60] NME improved from 2.39033 to 2.28966
[Tue Apr 11 02:09:17 2023|main.py|INFO] EPOCH [7/60] Saving model to: checkpoints/Cas_Stage1_Aug_Wing/2023-04-11_02-09-17_epoch_7_NME_2.28966.pth.tar
[Tue Apr 11 02:26:27 2023|main.py|INFO] EPOCH [8/60] Train NME: 2.31867
[Tue Apr 11 02:26:37 2023|main.py|INFO] EPOCH [8/60] Test NME: 2.31739
[Tue Apr 11 02:26:37 2023|main.py|INFO] EPOCH [8/60] Learning rate: 0.06291
[Tue Apr 11 02:43:44 2023|main.py|INFO] EPOCH [9/60] Train NME: 2.25908
[Tue Apr 11 02:43:53 2023|main.py|INFO] EPOCH [9/60] Test NME: 2.21141
[Tue Apr 11 02:43:53 2023|main.py|INFO] EPOCH [9/60] Learning rate: 0.05033
[Tue Apr 11 02:43:53 2023|main.py|INFO] EPOCH [9/60] NME improved from 2.28966 to 2.21141
[Tue Apr 11 02:43:53 2023|main.py|INFO] EPOCH [9/60] Saving model to: checkpoints/Cas_Stage1_Aug_Wing/2023-04-11_02-43-53_epoch_9_NME_2.21141.pth.tar
[Tue Apr 11 03:01:14 2023|main.py|INFO] EPOCH [10/60] Train NME: 2.20242
[Tue Apr 11 03:01:24 2023|main.py|INFO] EPOCH [10/60] Test NME: 2.32734
[Tue Apr 11 03:01:24 2023|main.py|INFO] EPOCH [10/60] Learning rate: 0.04027
[Tue Apr 11 03:18:33 2023|main.py|INFO] EPOCH [11/60] Train NME: 2.21724
[Tue Apr 11 03:18:43 2023|main.py|INFO] EPOCH [11/60] Test NME: 2.24735
[Tue Apr 11 03:18:43 2023|main.py|INFO] EPOCH [11/60] Learning rate: 0.03221
[Tue Apr 11 03:36:00 2023|main.py|INFO] EPOCH [12/60] Train NME: 2.16553
[Tue Apr 11 03:36:10 2023|main.py|INFO] EPOCH [12/60] Test NME: 2.31237
[Tue Apr 11 03:36:10 2023|main.py|INFO] EPOCH [12/60] Learning rate: 0.02577
[Tue Apr 11 03:53:35 2023|main.py|INFO] EPOCH [13/60] Train NME: 2.14791
[Tue Apr 11 03:53:45 2023|main.py|INFO] EPOCH [13/60] Test NME: 2.28327
[Tue Apr 11 03:53:45 2023|main.py|INFO] EPOCH [13/60] Learning rate: 0.02062
[Tue Apr 11 04:11:00 2023|main.py|INFO] EPOCH [14/60] Train NME: 2.11876
[Tue Apr 11 04:11:10 2023|main.py|INFO] EPOCH [14/60] Test NME: 2.22806
[Tue Apr 11 04:11:10 2023|main.py|INFO] EPOCH [14/60] Learning rate: 0.01649
[Tue Apr 11 04:28:34 2023|main.py|INFO] EPOCH [15/60] Train NME: 2.10349
[Tue Apr 11 04:28:44 2023|main.py|INFO] EPOCH [15/60] Test NME: 2.26557
[Tue Apr 11 04:28:44 2023|main.py|INFO] EPOCH [15/60] Learning rate: 0.01319
[Tue Apr 11 04:46:05 2023|main.py|INFO] EPOCH [16/60] Train NME: 2.10547
[Tue Apr 11 04:46:15 2023|main.py|INFO] EPOCH [16/60] Test NME: 2.24870
[Tue Apr 11 04:46:15 2023|main.py|INFO] EPOCH [16/60] Learning rate: 0.01056
[Tue Apr 11 05:03:27 2023|main.py|INFO] EPOCH [17/60] Train NME: 2.10093
[Tue Apr 11 05:03:36 2023|main.py|INFO] EPOCH [17/60] Test NME: 2.24629
[Tue Apr 11 05:03:36 2023|main.py|INFO] EPOCH [17/60] Learning rate: 0.00844
[Tue Apr 11 05:20:50 2023|main.py|INFO] EPOCH [18/60] Train NME: 2.09943
[Tue Apr 11 05:21:00 2023|main.py|INFO] EPOCH [18/60] Test NME: 2.25410
[Tue Apr 11 05:21:00 2023|main.py|INFO] EPOCH [18/60] Learning rate: 0.00676
[Tue Apr 11 05:38:16 2023|main.py|INFO] EPOCH [19/60] Train NME: 2.09757
[Tue Apr 11 05:38:26 2023|main.py|INFO] EPOCH [19/60] Test NME: 2.28674
[Tue Apr 11 05:38:26 2023|main.py|INFO] EPOCH [19/60] Learning rate: 0.00540
[Tue Apr 11 05:55:09 2023|main.py|INFO] EPOCH [20/60] Train NME: 2.08209
[Tue Apr 11 05:55:19 2023|main.py|INFO] EPOCH [20/60] Test NME: 2.25975
[Tue Apr 11 05:55:19 2023|main.py|INFO] EPOCH [20/60] Learning rate: 0.00432
[Tue Apr 11 06:12:24 2023|main.py|INFO] EPOCH [21/60] Train NME: 2.08061
[Tue Apr 11 06:12:33 2023|main.py|INFO] EPOCH [21/60] Test NME: 2.24676
[Tue Apr 11 06:12:33 2023|main.py|INFO] EPOCH [21/60] Learning rate: 0.00346
[Tue Apr 11 06:29:35 2023|main.py|INFO] EPOCH [22/60] Train NME: 2.07933
[Tue Apr 11 06:29:44 2023|main.py|INFO] EPOCH [22/60] Test NME: 2.25991
[Tue Apr 11 06:29:44 2023|main.py|INFO] EPOCH [22/60] Learning rate: 0.00277
[Tue Apr 11 06:46:51 2023|main.py|INFO] EPOCH [23/60] Train NME: 2.07408
[Tue Apr 11 06:47:00 2023|main.py|INFO] EPOCH [23/60] Test NME: 2.25953
[Tue Apr 11 06:47:00 2023|main.py|INFO] EPOCH [23/60] Learning rate: 0.00221
[Tue Apr 11 07:03:20 2023|main.py|INFO] EPOCH [24/60] Train NME: 2.07384
[Tue Apr 11 07:03:30 2023|main.py|INFO] EPOCH [24/60] Test NME: 2.23128
[Tue Apr 11 07:03:30 2023|main.py|INFO] EPOCH [24/60] Learning rate: 0.00177
[Tue Apr 11 07:20:24 2023|main.py|INFO] EPOCH [25/60] Train NME: 2.08060
[Tue Apr 11 07:20:34 2023|main.py|INFO] EPOCH [25/60] Test NME: 2.25835
[Tue Apr 11 07:20:34 2023|main.py|INFO] EPOCH [25/60] Learning rate: 0.00142
[Tue Apr 11 07:37:09 2023|main.py|INFO] EPOCH [26/60] Train NME: 2.07453
[Tue Apr 11 07:37:19 2023|main.py|INFO] EPOCH [26/60] Test NME: 2.26954
[Tue Apr 11 07:37:19 2023|main.py|INFO] EPOCH [26/60] Learning rate: 0.00113
[Tue Apr 11 07:54:38 2023|main.py|INFO] EPOCH [27/60] Train NME: 2.08048
[Tue Apr 11 07:54:47 2023|main.py|INFO] EPOCH [27/60] Test NME: 2.25312
[Tue Apr 11 07:54:47 2023|main.py|INFO] EPOCH [27/60] Learning rate: 0.00091
[Tue Apr 11 08:11:52 2023|main.py|INFO] EPOCH [28/60] Train NME: 2.07597
[Tue Apr 11 08:12:02 2023|main.py|INFO] EPOCH [28/60] Test NME: 2.26444
[Tue Apr 11 08:12:02 2023|main.py|INFO] EPOCH [28/60] Learning rate: 0.00073
[Tue Apr 11 08:29:04 2023|main.py|INFO] EPOCH [29/60] Train NME: 2.07003
[Tue Apr 11 08:29:13 2023|main.py|INFO] EPOCH [29/60] Test NME: 2.25012
[Tue Apr 11 08:29:13 2023|main.py|INFO] EPOCH [29/60] Learning rate: 0.00058
[Tue Apr 11 08:46:11 2023|main.py|INFO] EPOCH [30/60] Train NME: 2.06822
[Tue Apr 11 08:46:20 2023|main.py|INFO] EPOCH [30/60] Test NME: 2.27014
[Tue Apr 11 08:46:20 2023|main.py|INFO] EPOCH [30/60] Learning rate: 0.00046
[Tue Apr 11 09:03:09 2023|main.py|INFO] EPOCH [31/60] Train NME: 2.07018
[Tue Apr 11 09:03:18 2023|main.py|INFO] EPOCH [31/60] Test NME: 2.25376
[Tue Apr 11 09:03:18 2023|main.py|INFO] EPOCH [31/60] Learning rate: 0.00037
[Tue Apr 11 09:20:21 2023|main.py|INFO] EPOCH [32/60] Train NME: 2.07222
[Tue Apr 11 09:20:30 2023|main.py|INFO] EPOCH [32/60] Test NME: 2.24922
[Tue Apr 11 09:20:30 2023|main.py|INFO] EPOCH [32/60] Learning rate: 0.00030
[Tue Apr 11 09:38:01 2023|main.py|INFO] EPOCH [33/60] Train NME: 2.06870
[Tue Apr 11 09:38:11 2023|main.py|INFO] EPOCH [33/60] Test NME: 2.28231
[Tue Apr 11 09:38:11 2023|main.py|INFO] EPOCH [33/60] Learning rate: 0.00024
[Tue Apr 11 09:55:20 2023|main.py|INFO] EPOCH [34/60] Train NME: 2.06837
[Tue Apr 11 09:55:29 2023|main.py|INFO] EPOCH [34/60] Test NME: 2.25486
[Tue Apr 11 09:55:29 2023|main.py|INFO] EPOCH [34/60] Learning rate: 0.00019
[Tue Apr 11 10:12:36 2023|main.py|INFO] EPOCH [35/60] Train NME: 2.06943
[Tue Apr 11 10:12:45 2023|main.py|INFO] EPOCH [35/60] Test NME: 2.28431
[Tue Apr 11 10:12:45 2023|main.py|INFO] EPOCH [35/60] Learning rate: 0.00015
[Tue Apr 11 10:30:04 2023|main.py|INFO] EPOCH [36/60] Train NME: 2.06802
[Tue Apr 11 10:30:13 2023|main.py|INFO] EPOCH [36/60] Test NME: 2.26850
[Tue Apr 11 10:30:13 2023|main.py|INFO] EPOCH [36/60] Learning rate: 0.00012
[Tue Apr 11 10:45:32 2023|main.py|INFO] EPOCH [37/60] Train NME: 2.06027
[Tue Apr 11 10:45:39 2023|main.py|INFO] EPOCH [37/60] Test NME: 2.26027
[Tue Apr 11 10:45:39 2023|main.py|INFO] EPOCH [37/60] Learning rate: 0.00010
[Tue Apr 11 10:57:36 2023|main.py|INFO] EPOCH [38/60] Train NME: 2.07505
[Tue Apr 11 10:57:43 2023|main.py|INFO] EPOCH [38/60] Test NME: 2.26958
[Tue Apr 11 10:57:43 2023|main.py|INFO] EPOCH [38/60] Learning rate: 0.00008
[Tue Apr 11 11:09:45 2023|main.py|INFO] EPOCH [39/60] Train NME: 2.07745
[Tue Apr 11 11:09:52 2023|main.py|INFO] EPOCH [39/60] Test NME: 2.27024
[Tue Apr 11 11:09:52 2023|main.py|INFO] EPOCH [39/60] Learning rate: 0.00006
[Tue Apr 11 11:21:46 2023|main.py|INFO] EPOCH [40/60] Train NME: 2.07026
[Tue Apr 11 11:21:53 2023|main.py|INFO] EPOCH [40/60] Test NME: 2.27171
[Tue Apr 11 11:21:53 2023|main.py|INFO] EPOCH [40/60] Learning rate: 0.00005
[Tue Apr 11 11:34:00 2023|main.py|INFO] EPOCH [41/60] Train NME: 2.07630
[Tue Apr 11 11:34:07 2023|main.py|INFO] EPOCH [41/60] Test NME: 2.27290
[Tue Apr 11 11:34:07 2023|main.py|INFO] EPOCH [41/60] Learning rate: 0.00004
[Tue Apr 11 11:46:17 2023|main.py|INFO] EPOCH [42/60] Train NME: 2.06781
[Tue Apr 11 11:46:24 2023|main.py|INFO] EPOCH [42/60] Test NME: 2.28661
[Tue Apr 11 11:46:24 2023|main.py|INFO] EPOCH [42/60] Learning rate: 0.00003
[Tue Apr 11 11:58:21 2023|main.py|INFO] EPOCH [43/60] Train NME: 2.07421
[Tue Apr 11 11:58:28 2023|main.py|INFO] EPOCH [43/60] Test NME: 2.26441
[Tue Apr 11 11:58:28 2023|main.py|INFO] EPOCH [43/60] Learning rate: 0.00003
[Tue Apr 11 12:10:36 2023|main.py|INFO] EPOCH [44/60] Train NME: 2.06983
[Tue Apr 11 12:10:43 2023|main.py|INFO] EPOCH [44/60] Test NME: 2.26927
[Tue Apr 11 12:10:43 2023|main.py|INFO] EPOCH [44/60] Learning rate: 0.00002
[Tue Apr 11 12:22:51 2023|main.py|INFO] EPOCH [45/60] Train NME: 2.07580
[Tue Apr 11 12:22:58 2023|main.py|INFO] EPOCH [45/60] Test NME: 2.26349
[Tue Apr 11 12:22:58 2023|main.py|INFO] EPOCH [45/60] Learning rate: 0.00002
[Tue Apr 11 12:35:20 2023|main.py|INFO] EPOCH [46/60] Train NME: 2.06888
[Tue Apr 11 12:35:27 2023|main.py|INFO] EPOCH [46/60] Test NME: 2.26465
[Tue Apr 11 12:35:27 2023|main.py|INFO] EPOCH [46/60] Learning rate: 0.00001
[Tue Apr 11 12:46:51 2023|main.py|INFO] EPOCH [47/60] Train NME: 2.07529
[Tue Apr 11 12:46:58 2023|main.py|INFO] EPOCH [47/60] Test NME: 2.25678
[Tue Apr 11 12:46:58 2023|main.py|INFO] EPOCH [47/60] Learning rate: 0.00001
[Tue Apr 11 12:58:51 2023|main.py|INFO] EPOCH [48/60] Train NME: 2.07125
[Tue Apr 11 12:58:58 2023|main.py|INFO] EPOCH [48/60] Test NME: 2.28583
[Tue Apr 11 12:58:58 2023|main.py|INFO] EPOCH [48/60] Learning rate: 0.00001
[Tue Apr 11 13:10:58 2023|main.py|INFO] EPOCH [49/60] Train NME: 2.07256
[Tue Apr 11 13:11:05 2023|main.py|INFO] EPOCH [49/60] Test NME: 2.28451
[Tue Apr 11 13:11:05 2023|main.py|INFO] EPOCH [49/60] Learning rate: 0.00001
[Tue Apr 11 13:23:16 2023|main.py|INFO] EPOCH [50/60] Train NME: 2.07130
[Tue Apr 11 13:23:23 2023|main.py|INFO] EPOCH [50/60] Test NME: 2.28577
[Tue Apr 11 13:23:23 2023|main.py|INFO] EPOCH [50/60] Learning rate: 0.00001
[Tue Apr 11 14:10:04 2023|main.py|INFO] EPOCH [51/60] Train NME: 2.07060
[Tue Apr 11 14:10:14 2023|main.py|INFO] EPOCH [51/60] Test NME: 2.26854
[Tue Apr 11 14:10:14 2023|main.py|INFO] EPOCH [51/60] Learning rate: 0.00000
[Tue Apr 11 14:27:09 2023|main.py|INFO] EPOCH [52/60] Train NME: 2.06476
[Tue Apr 11 14:27:19 2023|main.py|INFO] EPOCH [52/60] Test NME: 2.27640
[Tue Apr 11 14:27:19 2023|main.py|INFO] EPOCH [52/60] Learning rate: 0.00000
[Tue Apr 11 14:45:44 2023|main.py|INFO] EPOCH [53/60] Train NME: 2.07369
[Tue Apr 11 14:45:54 2023|main.py|INFO] EPOCH [53/60] Test NME: 2.28719
[Tue Apr 11 14:45:54 2023|main.py|INFO] EPOCH [53/60] Learning rate: 0.00000
[Tue Apr 11 15:04:25 2023|main.py|INFO] EPOCH [54/60] Train NME: 2.06996
[Tue Apr 11 15:04:36 2023|main.py|INFO] EPOCH [54/60] Test NME: 2.31075
[Tue Apr 11 15:04:36 2023|main.py|INFO] EPOCH [54/60] Learning rate: 0.00000
[Tue Apr 11 15:22:32 2023|main.py|INFO] EPOCH [55/60] Train NME: 2.07159
[Tue Apr 11 15:22:42 2023|main.py|INFO] EPOCH [55/60] Test NME: 2.25397
[Tue Apr 11 15:22:42 2023|main.py|INFO] EPOCH [55/60] Learning rate: 0.00000
[Tue Apr 11 15:40:45 2023|main.py|INFO] EPOCH [56/60] Train NME: 2.06788
[Tue Apr 11 15:40:52 2023|main.py|INFO] EPOCH [56/60] Test NME: 2.26929
[Tue Apr 11 15:40:52 2023|main.py|INFO] EPOCH [56/60] Learning rate: 0.00000
[Tue Apr 11 15:56:19 2023|main.py|INFO] EPOCH [57/60] Train NME: 2.07067
[Tue Apr 11 15:56:27 2023|main.py|INFO] EPOCH [57/60] Test NME: 2.26362
[Tue Apr 11 15:56:27 2023|main.py|INFO] EPOCH [57/60] Learning rate: 0.00000
[Tue Apr 11 16:14:02 2023|main.py|INFO] EPOCH [58/60] Train NME: 2.06451
[Tue Apr 11 16:14:20 2023|main.py|INFO] EPOCH [58/60] Test NME: 2.26750
[Tue Apr 11 16:14:20 2023|main.py|INFO] EPOCH [58/60] Learning rate: 0.00000
[Tue Apr 11 16:32:37 2023|main.py|INFO] EPOCH [59/60] Train NME: 2.06670
[Tue Apr 11 16:32:44 2023|main.py|INFO] EPOCH [59/60] Test NME: 2.29485
[Tue Apr 11 16:32:44 2023|main.py|INFO] EPOCH [59/60] Learning rate: 0.00000
[Tue Apr 11 16:45:25 2023|main.py|INFO] EPOCH [60/60] Train NME: 2.06508
[Tue Apr 11 16:45:32 2023|main.py|INFO] EPOCH [60/60] Test NME: 2.29804
[Tue Apr 11 16:45:32 2023|main.py|INFO] EPOCH [60/60] Learning rate: 0.00000
